#
# There is insufficient memory for the Java Runtime Environment to continue.
# Native memory allocation (malloc) failed to allocate 1468384 bytes for Chunk::new
# Possible reasons:
#   The system is out of physical RAM or swap space
#   The process is running with CompressedOops enabled, and the Java Heap may be blocking the growth of the native heap
# Possible solutions:
#   Reduce memory load on the system
#   Increase physical memory or swap space
#   Check if swap backing store is full
#   Decrease Java heap size (-Xmx/-Xms)
#   Decrease number of Java threads
#   Decrease Java thread stack sizes (-Xss)
#   Set larger code cache with -XX:ReservedCodeCacheSize=
#   JVM is running with Unscaled Compressed Oops mode in which the Java heap is
#     placed in the first 4GB address space. The Java Heap base address is the
#     maximum limit for the native heap growth. Please use -XX:HeapBaseMinAddress
#     to set the Java Heap base and to place the Java Heap above 4GB virtual address.
# This output file may be truncated or incomplete.
#
#  Out of Memory Error (arena.cpp:184), pid=15028, tid=13564
#
# JRE version: Java(TM) SE Runtime Environment (18.0.1.1+2) (build 18.0.1.1+2-6)
# Java VM: Java HotSpot(TM) 64-Bit Server VM (18.0.1.1+2-6, mixed mode, sharing, tiered, compressed oops, compressed class ptrs, g1 gc, windows-amd64)
# No core dump will be written. Minidumps are not enabled by default on client versions of Windows
#

---------------  S U M M A R Y ------------

Command Line: --add-opens=java.base/java.util=ALL-UNNAMED --add-opens=java.base/java.lang=ALL-UNNAMED --add-opens=java.base/java.lang.invoke=ALL-UNNAMED --add-opens=java.base/java.util=ALL-UNNAMED --add-opens=java.prefs/java.util.prefs=ALL-UNNAMED --add-opens=java.prefs/java.util.prefs=ALL-UNNAMED --add-opens=java.base/java.nio.charset=ALL-UNNAMED --add-opens=java.base/java.net=ALL-UNNAMED --add-opens=java.base/java.util.concurrent.atomic=ALL-UNNAMED -Xmx2048m -Dfile.encoding=UTF-8 -Duser.country=IN -Duser.language=en -Duser.variant org.gradle.launcher.daemon.bootstrap.GradleDaemon 7.3.3

Host: 11th Gen Intel(R) Core(TM) i5-1135G7 @ 2.40GHz, 8 cores, 7G,  Windows 10 , 64 bit Build 19041 (10.0.19041.1741)
Time: Fri Jun 17 00:04:47 2022 India Standard Time elapsed time: 7.356390 seconds (0d 0h 0m 7s)

---------------  T H R E A D  ---------------

Current thread (0x0000016affbccfc0):  JavaThread "C2 CompilerThread2" daemon [_thread_in_native, id=13564, stack(0x0000005527a00000,0x0000005527b00000)]


Current CompileTask:
C2:   7356 7453 %     4       org.gradle.internal.instantiation.generator.AbstractClassGenerator::inspectType @ 207 (560 bytes)

Stack: [0x0000005527a00000,0x0000005527b00000]
Native frames: (J=compiled Java code, j=interpreted, Vv=VM code, C=native code)
V  [jvm.dll+0x69887a]
V  [jvm.dll+0x7f38bd]
V  [jvm.dll+0x7f51ce]
V  [jvm.dll+0x7f5883]
V  [jvm.dll+0x25ca3f]
V  [jvm.dll+0xb8c2f]
V  [jvm.dll+0xb8fa5]
V  [jvm.dll+0x385a6b]
V  [jvm.dll+0x34f811]
V  [jvm.dll+0x34ecaa]
V  [jvm.dll+0x22fc21]
V  [jvm.dll+0x22eff1]
V  [jvm.dll+0x1b9cfc]
V  [jvm.dll+0x23e8ca]
V  [jvm.dll+0x23cbb5]
V  [jvm.dll+0x7a5fb1]
V  [jvm.dll+0x7a03ea]
V  [jvm.dll+0x697725]
C  [ucrtbase.dll+0x21bb2]
C  [KERNEL32.DLL+0x17034]
C  [ntdll.dll+0x52651]


---------------  P R O C E S S  ---------------

Threads class SMR info:
_java_thread_list=0x0000016a9929ade0, length=127, elements={
0x0000016af4721d60, 0x0000016aff8f1b10, 0x0000016aff8f1fd0, 0x0000016aff90e610,
0x0000016aff90ead0, 0x0000016aff910fa0, 0x0000016aff9208a0, 0x0000016aff924590,
0x0000016aff924a90, 0x0000016aff92ef90, 0x0000016affb69960, 0x0000016affb6a040,
0x0000016affbc4020, 0x0000016affbccfc0, 0x0000016a9a243ff0, 0x0000016a9a18e480,
0x0000016a9a584080, 0x0000016a9a0a4c10, 0x0000016a9a3dfdb0, 0x0000016a9a0a40d0,
0x0000016a9a596420, 0x0000016a9a5a1ed0, 0x0000016a9a56c940, 0x0000016a9a56dc80,
0x0000016a9a56e150, 0x0000016a9a56fe30, 0x0000016a9a56d2e0, 0x0000016a9a56d7b0,
0x0000016a9a56efc0, 0x0000016a9a56f490, 0x0000016a9a56f960, 0x0000016a9a570300,
0x0000016a9b2e1ce0, 0x0000016a9b2dfb30, 0x0000016a9b2e1340, 0x0000016a9b2e09a0,
0x0000016a9b2df660, 0x0000016a9b2e2680, 0x0000016a9b2e21b0, 0x0000016a9b2e1810,
0x0000016a9b2e0e70, 0x0000016a9b2e0000, 0x0000016a9b2e2b50, 0x0000016a9b2e4360,
0x0000016a9b2e3020, 0x0000016a9b2dcb10, 0x0000016a9b2e04d0, 0x0000016a9b2dd980,
0x0000016a9b2dd4b0, 0x0000016a9b2e34f0, 0x0000016a9b2de320, 0x0000016a9b2de7f0,
0x0000016a9b2decc0, 0x0000016a9b2df190, 0x0000016a9e33ac50, 0x0000016a9e337290,
0x0000016a9e339de0, 0x0000016a9e337760, 0x0000016a9e33b120, 0x0000016a9e336dc0,
0x0000016a9e337c30, 0x0000016a9e33b5f0, 0x0000016a9e33a2b0, 0x0000016a9e338100,
0x0000016a9e33a780, 0x0000016a9e33bf90, 0x0000016a9e33bac0, 0x0000016a9e335f50,
0x0000016a9e33c460, 0x0000016a9e334c10, 0x0000016a9e335a80, 0x0000016a9e3368f0,
0x0000016a9e3350e0, 0x0000016a9e336420, 0x0000016a9e3355b0, 0x0000016a9e3385d0,
0x0000016a9e338aa0, 0x0000016a9e338f70, 0x0000016a9e339440, 0x0000016a9e339910,
0x0000016a9dec60a0, 0x0000016a9dec1d40, 0x0000016a9dec0530, 0x0000016a9dec2bb0,
0x0000016a9dec13a0, 0x0000016a9dec43c0, 0x0000016a9dec73e0, 0x0000016a9dec0ed0,
0x0000016a9dec5700, 0x0000016a9dec4890, 0x0000016a9dec1870, 0x0000016a9dec3ef0,
0x0000016a9dec5bd0, 0x0000016a9dec2210, 0x0000016a9dec26e0, 0x0000016a9dec4d60,
0x0000016a9dec3080, 0x0000016a9dec5230, 0x0000016a9debfb90, 0x0000016a9dec3550,
0x0000016a9dec3a20, 0x0000016a9dec6570, 0x0000016a9dec6a40, 0x0000016a9dec6f10,
0x0000016a9dec0060, 0x0000016a9dec0a00, 0x0000016a9afdace0, 0x0000016a9afd4300,
0x0000016a9afd9000, 0x0000016a9afdb680, 0x0000016a9afda810, 0x0000016a9afd47d0,
0x0000016a9afd94d0, 0x0000016a9afd5170, 0x0000016a9afd4ca0, 0x0000016a9afdb1b0,
0x0000016a9afd6980, 0x0000016a9afd7cc0, 0x0000016a9afd5b10, 0x0000016a9afd64b0,
0x0000016a9afd9e70, 0x0000016a9afdbb50, 0x0000016a9afd99a0, 0x0000016a9afd77f0,
0x0000016a9afd6e50, 0x0000016a9afd7320, 0x0000016a9a56ce10
}

Java Threads: ( => current thread )
  0x0000016af4721d60 JavaThread "main" [_thread_blocked, id=12928, stack(0x0000005526600000,0x0000005526700000)]
  0x0000016aff8f1b10 JavaThread "Reference Handler" daemon [_thread_blocked, id=12572, stack(0x0000005526d00000,0x0000005526e00000)]
  0x0000016aff8f1fd0 JavaThread "Finalizer" daemon [_thread_blocked, id=9476, stack(0x0000005526e00000,0x0000005526f00000)]
  0x0000016aff90e610 JavaThread "Signal Dispatcher" daemon [_thread_blocked, id=15056, stack(0x0000005526f00000,0x0000005527000000)]
  0x0000016aff90ead0 JavaThread "Attach Listener" daemon [_thread_blocked, id=12772, stack(0x0000005527000000,0x0000005527100000)]
  0x0000016aff910fa0 JavaThread "Service Thread" daemon [_thread_blocked, id=13616, stack(0x0000005527100000,0x0000005527200000)]
  0x0000016aff9208a0 JavaThread "Monitor Deflation Thread" daemon [_thread_blocked, id=11428, stack(0x0000005527200000,0x0000005527300000)]
  0x0000016aff924590 JavaThread "C2 CompilerThread0" daemon [_thread_in_native, id=1844, stack(0x0000005527300000,0x0000005527400000)]
  0x0000016aff924a90 JavaThread "C1 CompilerThread0" daemon [_thread_blocked, id=9288, stack(0x0000005527400000,0x0000005527500000)]
  0x0000016aff92ef90 JavaThread "Sweeper thread" daemon [_thread_in_vm, id=5408, stack(0x0000005527500000,0x0000005527600000)]
  0x0000016affb69960 JavaThread "Common-Cleaner" daemon [_thread_blocked, id=12420, stack(0x0000005527600000,0x0000005527700000)]
  0x0000016affb6a040 JavaThread "Notification Thread" daemon [_thread_blocked, id=2292, stack(0x0000005527700000,0x0000005527800000)]
  0x0000016affbc4020 JavaThread "C2 CompilerThread1" daemon [_thread_blocked, id=2644, stack(0x0000005527900000,0x0000005527a00000)]
=>0x0000016affbccfc0 JavaThread "C2 CompilerThread2" daemon [_thread_in_native, id=13564, stack(0x0000005527a00000,0x0000005527b00000)]
  0x0000016a9a243ff0 JavaThread "Daemon health stats" [_thread_blocked, id=14288, stack(0x0000005528100000,0x0000005528200000)]
  0x0000016a9a18e480 JavaThread "Incoming local TCP Connector on port 56003" [_thread_in_native, id=6212, stack(0x0000005528200000,0x0000005528300000)]
  0x0000016a9a584080 JavaThread "Daemon periodic checks" [_thread_blocked, id=4184, stack(0x0000005528300000,0x0000005528400000)]
  0x0000016a9a0a4c10 JavaThread "Daemon" [_thread_blocked, id=3256, stack(0x0000005528400000,0x0000005528500000)]
  0x0000016a9a3dfdb0 JavaThread "Handler for socket connection from /127.0.0.1:56003 to /127.0.0.1:56004" [_thread_in_native, id=9316, stack(0x0000005528500000,0x0000005528600000)]
  0x0000016a9a0a40d0 JavaThread "Cancel handler" [_thread_blocked, id=8168, stack(0x0000005528600000,0x0000005528700000)]
  0x0000016a9a596420 JavaThread "Daemon worker" [_thread_in_Java, id=9832, stack(0x0000005528700000,0x0000005528800000)]
  0x0000016a9a5a1ed0 JavaThread "Asynchronous log dispatcher for DefaultDaemonConnection: socket connection from /127.0.0.1:56003 to /127.0.0.1:56004" [_thread_blocked, id=10612, stack(0x0000005528800000,0x0000005528900000)]
  0x0000016a9a56c940 JavaThread "Stdin handler" [_thread_blocked, id=2004, stack(0x0000005528900000,0x0000005528a00000)]
  0x0000016a9a56dc80 JavaThread "Daemon client event forwarder" [_thread_blocked, id=15116, stack(0x0000005528a00000,0x0000005528b00000)]
  0x0000016a9a56e150 JavaThread "Cache worker for journal cache (C:\Program Files\Android\gradle-7.3.3\caches\journal-1)" [_thread_blocked, id=1304, stack(0x0000005528b00000,0x0000005528c00000)]
  0x0000016a9a56fe30 JavaThread "File lock request listener" [_thread_in_native, id=12656, stack(0x0000005528c00000,0x0000005528d00000)]
  0x0000016a9a56d2e0 JavaThread "Cache worker for file hash cache (C:\Program Files\Android\gradle-7.3.3\caches\7.3.3\fileHashes)" [_thread_blocked, id=1148, stack(0x0000005528d00000,0x0000005528e00000)]
  0x0000016a9a56d7b0 JavaThread "Cache worker for file hash cache (D:\EmailLogin\.gradle\7.3.3\fileHashes)" [_thread_blocked, id=7876, stack(0x0000005528e00000,0x0000005528f00000)]
  0x0000016a9a56efc0 JavaThread "File watcher server" daemon [_thread_in_native, id=3952, stack(0x0000005528f00000,0x0000005529000000)]
  0x0000016a9a56f490 JavaThread "File watcher consumer" daemon [_thread_blocked, id=14972, stack(0x0000005529000000,0x0000005529100000)]
  0x0000016a9a56f960 JavaThread "Cache worker for checksums cache (D:\EmailLogin\.gradle\7.3.3\checksums)" [_thread_blocked, id=1080, stack(0x0000005529200000,0x0000005529300000)]
  0x0000016a9a570300 JavaThread "Cache worker for cache directory md-supplier (C:\Program Files\Android\gradle-7.3.3\caches\7.3.3\md-supplier)" [_thread_blocked, id=7052, stack(0x0000005529300000,0x0000005529400000)]
  0x0000016a9b2e1ce0 JavaThread "Cache worker for cache directory md-rule (C:\Program Files\Android\gradle-7.3.3\caches\7.3.3\md-rule)" [_thread_blocked, id=15300, stack(0x0000005529500000,0x0000005529600000)]
  0x0000016a9b2dfb30 JavaThread "Cache worker for execution history cache (C:\Program Files\Android\gradle-7.3.3\caches\7.3.3\executionHistory)" [_thread_blocked, id=10340, stack(0x0000005529600000,0x0000005529700000)]
  0x0000016a9b2e1340 JavaThread "jar transforms" [_thread_blocked, id=3100, stack(0x0000005529700000,0x0000005529800000)]
  0x0000016a9b2e09a0 JavaThread "Cache worker for file content cache (C:\Program Files\Android\gradle-7.3.3\caches\7.3.3\fileContent)" [_thread_blocked, id=11044, stack(0x0000005529800000,0x0000005529900000)]
  0x0000016a9b2df660 JavaThread "jar transforms Thread 2" [_thread_blocked, id=1784, stack(0x0000005529900000,0x0000005529a00000)]
  0x0000016a9b2e2680 JavaThread "Cache worker for dependencies-accessors (D:\EmailLogin\.gradle\7.3.3\dependencies-accessors)" [_thread_blocked, id=12320, stack(0x0000005529a00000,0x0000005529b00000)]
  0x0000016a9b2e21b0 JavaThread "jar transforms Thread 3" [_thread_blocked, id=4140, stack(0x0000005529b00000,0x0000005529c00000)]
  0x0000016a9b2e1810 JavaThread "Cache worker for Build Output Cleanup Cache (D:\EmailLogin\.gradle\buildOutputCleanup)" [_thread_blocked, id=7472, stack(0x0000005529c00000,0x0000005529d00000)]
  0x0000016a9b2e0e70 JavaThread "Unconstrained build operations" [_thread_blocked, id=3376, stack(0x0000005529d00000,0x0000005529e00000)]
  0x0000016a9b2e0000 JavaThread "Unconstrained build operations Thread 2" [_thread_blocked, id=7708, stack(0x0000005529e00000,0x0000005529f00000)]
  0x0000016a9b2e2b50 JavaThread "Unconstrained build operations Thread 3" [_thread_blocked, id=14180, stack(0x0000005529f00000,0x000000552a000000)]
  0x0000016a9b2e4360 JavaThread "Unconstrained build operations Thread 4" [_thread_blocked, id=9148, stack(0x000000552a000000,0x000000552a100000)]
  0x0000016a9b2e3020 JavaThread "Unconstrained build operations Thread 5" [_thread_blocked, id=9336, stack(0x000000552a100000,0x000000552a200000)]
  0x0000016a9b2dcb10 JavaThread "Unconstrained build operations Thread 6" [_thread_blocked, id=9592, stack(0x000000552a200000,0x000000552a300000)]
  0x0000016a9b2e04d0 JavaThread "Unconstrained build operations Thread 7" [_thread_blocked, id=11736, stack(0x000000552a300000,0x000000552a400000)]
  0x0000016a9b2dd980 JavaThread "Unconstrained build operations Thread 8" [_thread_blocked, id=6520, stack(0x000000552a400000,0x000000552a500000)]
  0x0000016a9b2dd4b0 JavaThread "Unconstrained build operations Thread 9" [_thread_blocked, id=6860, stack(0x000000552a500000,0x000000552a600000)]
  0x0000016a9b2e34f0 JavaThread "Unconstrained build operations Thread 10" [_thread_blocked, id=8816, stack(0x000000552a600000,0x000000552a700000)]
  0x0000016a9b2de320 JavaThread "Unconstrained build operations Thread 11" [_thread_blocked, id=8424, stack(0x000000552a700000,0x000000552a800000)]
  0x0000016a9b2de7f0 JavaThread "Unconstrained build operations Thread 12" [_thread_blocked, id=12872, stack(0x000000552a800000,0x000000552a900000)]
  0x0000016a9b2decc0 JavaThread "Unconstrained build operations Thread 13" [_thread_blocked, id=13120, stack(0x000000552a900000,0x000000552aa00000)]
  0x0000016a9b2df190 JavaThread "Unconstrained build operations Thread 14" [_thread_blocked, id=11376, stack(0x000000552aa00000,0x000000552ab00000)]
  0x0000016a9e33ac50 JavaThread "Unconstrained build operations Thread 15" [_thread_blocked, id=1344, stack(0x000000552ab00000,0x000000552ac00000)]
  0x0000016a9e337290 JavaThread "Unconstrained build operations Thread 16" [_thread_blocked, id=5284, stack(0x000000552ac00000,0x000000552ad00000)]
  0x0000016a9e339de0 JavaThread "Unconstrained build operations Thread 17" [_thread_blocked, id=3324, stack(0x000000552ad00000,0x000000552ae00000)]
  0x0000016a9e337760 JavaThread "Unconstrained build operations Thread 18" [_thread_blocked, id=12708, stack(0x000000552ae00000,0x000000552af00000)]
  0x0000016a9e33b120 JavaThread "Unconstrained build operations Thread 19" [_thread_blocked, id=14652, stack(0x000000552af00000,0x000000552b000000)]
  0x0000016a9e336dc0 JavaThread "Unconstrained build operations Thread 20" [_thread_blocked, id=6580, stack(0x000000552b000000,0x000000552b100000)]
  0x0000016a9e337c30 JavaThread "Unconstrained build operations Thread 21" [_thread_blocked, id=7456, stack(0x000000552b100000,0x000000552b200000)]
  0x0000016a9e33b5f0 JavaThread "Unconstrained build operations Thread 22" [_thread_blocked, id=5836, stack(0x000000552b200000,0x000000552b300000)]
  0x0000016a9e33a2b0 JavaThread "Unconstrained build operations Thread 23" [_thread_blocked, id=14656, stack(0x000000552b300000,0x000000552b400000)]
  0x0000016a9e338100 JavaThread "Unconstrained build operations Thread 24" [_thread_blocked, id=12108, stack(0x000000552b400000,0x000000552b500000)]
  0x0000016a9e33a780 JavaThread "Unconstrained build operations Thread 25" [_thread_blocked, id=3536, stack(0x000000552b500000,0x000000552b600000)]
  0x0000016a9e33bf90 JavaThread "Unconstrained build operations Thread 26" [_thread_blocked, id=5760, stack(0x000000552b600000,0x000000552b700000)]
  0x0000016a9e33bac0 JavaThread "Unconstrained build operations Thread 27" [_thread_blocked, id=15304, stack(0x000000552b700000,0x000000552b800000)]
  0x0000016a9e335f50 JavaThread "Unconstrained build operations Thread 28" [_thread_blocked, id=5240, stack(0x000000552b800000,0x000000552b900000)]
  0x0000016a9e33c460 JavaThread "Unconstrained build operations Thread 29" [_thread_blocked, id=3396, stack(0x000000552b900000,0x000000552ba00000)]
  0x0000016a9e334c10 JavaThread "Unconstrained build operations Thread 30" [_thread_blocked, id=8280, stack(0x000000552ba00000,0x000000552bb00000)]
  0x0000016a9e335a80 JavaThread "Unconstrained build operations Thread 31" [_thread_blocked, id=8796, stack(0x000000552bb00000,0x000000552bc00000)]
  0x0000016a9e3368f0 JavaThread "Unconstrained build operations Thread 32" [_thread_blocked, id=10180, stack(0x000000552bc00000,0x000000552bd00000)]
  0x0000016a9e3350e0 JavaThread "Unconstrained build operations Thread 33" [_thread_blocked, id=10576, stack(0x000000552bd00000,0x000000552be00000)]
  0x0000016a9e336420 JavaThread "Unconstrained build operations Thread 34" [_thread_blocked, id=10408, stack(0x000000552be00000,0x000000552bf00000)]
  0x0000016a9e3355b0 JavaThread "Unconstrained build operations Thread 35" [_thread_blocked, id=12376, stack(0x000000552bf00000,0x000000552c000000)]
  0x0000016a9e3385d0 JavaThread "Unconstrained build operations Thread 36" [_thread_blocked, id=14872, stack(0x000000552c000000,0x000000552c100000)]
  0x0000016a9e338aa0 JavaThread "Unconstrained build operations Thread 37" [_thread_blocked, id=11456, stack(0x000000552c100000,0x000000552c200000)]
  0x0000016a9e338f70 JavaThread "Unconstrained build operations Thread 38" [_thread_blocked, id=14896, stack(0x000000552c200000,0x000000552c300000)]
  0x0000016a9e339440 JavaThread "Unconstrained build operations Thread 39" [_thread_blocked, id=6916, stack(0x000000552c300000,0x000000552c400000)]
  0x0000016a9e339910 JavaThread "Unconstrained build operations Thread 40" [_thread_blocked, id=8412, stack(0x000000552c400000,0x000000552c500000)]
  0x0000016a9dec60a0 JavaThread "Unconstrained build operations Thread 41" [_thread_blocked, id=7200, stack(0x000000552c500000,0x000000552c600000)]
  0x0000016a9dec1d40 JavaThread "Unconstrained build operations Thread 42" [_thread_blocked, id=5072, stack(0x000000552c600000,0x000000552c700000)]
  0x0000016a9dec0530 JavaThread "Unconstrained build operations Thread 43" [_thread_blocked, id=7632, stack(0x000000552c700000,0x000000552c800000)]
  0x0000016a9dec2bb0 JavaThread "Unconstrained build operations Thread 44" [_thread_blocked, id=6312, stack(0x000000552c800000,0x000000552c900000)]
  0x0000016a9dec13a0 JavaThread "Unconstrained build operations Thread 45" [_thread_blocked, id=2104, stack(0x000000552c900000,0x000000552ca00000)]
  0x0000016a9dec43c0 JavaThread "Unconstrained build operations Thread 46" [_thread_blocked, id=6712, stack(0x000000552ca00000,0x000000552cb00000)]
  0x0000016a9dec73e0 JavaThread "Unconstrained build operations Thread 47" [_thread_blocked, id=9696, stack(0x000000552cb00000,0x000000552cc00000)]
  0x0000016a9dec0ed0 JavaThread "Unconstrained build operations Thread 48" [_thread_blocked, id=14120, stack(0x000000552cc00000,0x000000552cd00000)]
  0x0000016a9dec5700 JavaThread "Unconstrained build operations Thread 49" [_thread_blocked, id=7156, stack(0x000000552cd00000,0x000000552ce00000)]
  0x0000016a9dec4890 JavaThread "Unconstrained build operations Thread 50" [_thread_blocked, id=9856, stack(0x000000552ce00000,0x000000552cf00000)]
  0x0000016a9dec1870 JavaThread "Unconstrained build operations Thread 51" [_thread_blocked, id=14152, stack(0x000000552cf00000,0x000000552d000000)]
  0x0000016a9dec3ef0 JavaThread "Unconstrained build operations Thread 52" [_thread_blocked, id=14268, stack(0x000000552d000000,0x000000552d100000)]
  0x0000016a9dec5bd0 JavaThread "Unconstrained build operations Thread 53" [_thread_blocked, id=14632, stack(0x000000552d100000,0x000000552d200000)]
  0x0000016a9dec2210 JavaThread "Unconstrained build operations Thread 54" [_thread_blocked, id=13108, stack(0x000000552d200000,0x000000552d300000)]
  0x0000016a9dec26e0 JavaThread "Unconstrained build operations Thread 55" [_thread_blocked, id=10608, stack(0x000000552d300000,0x000000552d400000)]
  0x0000016a9dec4d60 JavaThread "Unconstrained build operations Thread 56" [_thread_blocked, id=14532, stack(0x000000552d400000,0x000000552d500000)]
  0x0000016a9dec3080 JavaThread "Unconstrained build operations Thread 57" [_thread_blocked, id=9324, stack(0x000000552d500000,0x000000552d600000)]
  0x0000016a9dec5230 JavaThread "Unconstrained build operations Thread 58" [_thread_blocked, id=7740, stack(0x000000552d600000,0x000000552d700000)]
  0x0000016a9debfb90 JavaThread "Unconstrained build operations Thread 59" [_thread_blocked, id=14796, stack(0x000000552d700000,0x000000552d800000)]
  0x0000016a9dec3550 JavaThread "Unconstrained build operations Thread 60" [_thread_blocked, id=4956, stack(0x000000552d800000,0x000000552d900000)]
  0x0000016a9dec3a20 JavaThread "Unconstrained build operations Thread 61" [_thread_blocked, id=14952, stack(0x000000552d900000,0x000000552da00000)]
  0x0000016a9dec6570 JavaThread "Unconstrained build operations Thread 62" [_thread_blocked, id=12204, stack(0x000000552da00000,0x000000552db00000)]
  0x0000016a9dec6a40 JavaThread "Unconstrained build operations Thread 63" [_thread_blocked, id=5308, stack(0x000000552db00000,0x000000552dc00000)]
  0x0000016a9dec6f10 JavaThread "Unconstrained build operations Thread 64" [_thread_blocked, id=2648, stack(0x000000552dc00000,0x000000552dd00000)]
  0x0000016a9dec0060 JavaThread "Unconstrained build operations Thread 65" [_thread_blocked, id=11228, stack(0x000000552dd00000,0x000000552de00000)]
  0x0000016a9dec0a00 JavaThread "Unconstrained build operations Thread 66" [_thread_blocked, id=2612, stack(0x000000552de00000,0x000000552df00000)]
  0x0000016a9afdace0 JavaThread "Unconstrained build operations Thread 67" [_thread_blocked, id=5272, stack(0x000000552df00000,0x000000552e000000)]
  0x0000016a9afd4300 JavaThread "Unconstrained build operations Thread 68" [_thread_blocked, id=8316, stack(0x000000552e000000,0x000000552e100000)]
  0x0000016a9afd9000 JavaThread "Unconstrained build operations Thread 69" [_thread_blocked, id=8152, stack(0x000000552e100000,0x000000552e200000)]
  0x0000016a9afdb680 JavaThread "Unconstrained build operations Thread 70" [_thread_blocked, id=7028, stack(0x000000552e200000,0x000000552e300000)]
  0x0000016a9afda810 JavaThread "Unconstrained build operations Thread 71" [_thread_blocked, id=15316, stack(0x000000552e300000,0x000000552e400000)]
  0x0000016a9afd47d0 JavaThread "Unconstrained build operations Thread 72" [_thread_blocked, id=2464, stack(0x000000552e400000,0x000000552e500000)]
  0x0000016a9afd94d0 JavaThread "Unconstrained build operations Thread 73" [_thread_blocked, id=14084, stack(0x000000552e500000,0x000000552e600000)]
  0x0000016a9afd5170 JavaThread "Unconstrained build operations Thread 74" [_thread_blocked, id=6252, stack(0x000000552e600000,0x000000552e700000)]
  0x0000016a9afd4ca0 JavaThread "Unconstrained build operations Thread 75" [_thread_blocked, id=14924, stack(0x000000552e700000,0x000000552e800000)]
  0x0000016a9afdb1b0 JavaThread "Unconstrained build operations Thread 76" [_thread_blocked, id=8904, stack(0x000000552e800000,0x000000552e900000)]
  0x0000016a9afd6980 JavaThread "Unconstrained build operations Thread 77" [_thread_blocked, id=4496, stack(0x000000552e900000,0x000000552ea00000)]
  0x0000016a9afd7cc0 JavaThread "Unconstrained build operations Thread 78" [_thread_blocked, id=9628, stack(0x000000552ea00000,0x000000552eb00000)]
  0x0000016a9afd5b10 JavaThread "Unconstrained build operations Thread 79" [_thread_blocked, id=12584, stack(0x000000552eb00000,0x000000552ec00000)]
  0x0000016a9afd64b0 JavaThread "Unconstrained build operations Thread 80" [_thread_blocked, id=7452, stack(0x000000552ec00000,0x000000552ed00000)]
  0x0000016a9afd9e70 JavaThread "jar transforms Thread 4" [_thread_blocked, id=4396, stack(0x000000552ed00000,0x000000552ee00000)]
  0x0000016a9afdbb50 JavaThread "jar transforms Thread 5" [_thread_blocked, id=3456, stack(0x000000552ee00000,0x000000552ef00000)]
  0x0000016a9afd99a0 JavaThread "jar transforms Thread 6" [_thread_blocked, id=3168, stack(0x000000552ef00000,0x000000552f000000)]
  0x0000016a9afd77f0 JavaThread "jar transforms Thread 7" [_thread_blocked, id=5828, stack(0x000000552f000000,0x000000552f100000)]
  0x0000016a9afd6e50 JavaThread "jar transforms Thread 8" [_thread_blocked, id=9084, stack(0x000000552f100000,0x000000552f200000)]
  0x0000016a9afd7320 JavaThread "Memory manager" [_thread_blocked, id=2324, stack(0x000000552f200000,0x000000552f300000)]
  0x0000016a9a56ce10 JavaThread "build event listener" [_thread_blocked, id=13600, stack(0x000000552f300000,0x000000552f400000)]

Other Threads:
  0x0000016af47a6bb0 VMThread "VM Thread" [stack: 0x0000005526c00000,0x0000005526d00000] [id=14964]
  0x0000016affb6ed20 WatcherThread "VM Periodic Task Thread" [stack: 0x0000005527800000,0x0000005527900000] [id=8252]
  0x0000016af4782080 WorkerThread "GC Thread#0" [stack: 0x0000005526700000,0x0000005526800000] [id=3192]
  0x0000016affe09070 WorkerThread "GC Thread#1" [stack: 0x0000005527b00000,0x0000005527c00000] [id=2764]
  0x0000016a997e19f0 WorkerThread "GC Thread#2" [stack: 0x0000005527c00000,0x0000005527d00000] [id=2336]
  0x0000016a997e1c90 WorkerThread "GC Thread#3" [stack: 0x0000005527d00000,0x0000005527e00000] [id=11496]
  0x0000016a997c7080 WorkerThread "GC Thread#4" [stack: 0x0000005527e00000,0x0000005527f00000] [id=13684]
  0x0000016a9a478fe0 WorkerThread "GC Thread#5" [stack: 0x0000005527f00000,0x0000005528000000] [id=1524]
  0x0000016a9a5bbed0 WorkerThread "GC Thread#6" [stack: 0x0000005528000000,0x0000005528100000] [id=8324]
  0x0000016a9b2e8af0 WorkerThread "GC Thread#7" [stack: 0x0000005529100000,0x0000005529200000] [id=13660]
  0x0000016af4794ed0 ConcurrentGCThread "G1 Main Marker" [stack: 0x0000005526800000,0x0000005526900000] [id=13384]
  0x0000016af47967e0 WorkerThread "G1 Conc#0" [stack: 0x0000005526900000,0x0000005526a00000] [id=5420]
  0x0000016a9d2b0c00 WorkerThread "G1 Conc#1" [stack: 0x0000005529400000,0x0000005529500000] [id=9556]
  0x0000016af47ed0d0 ConcurrentGCThread "G1 Refine#0" [stack: 0x0000005526a00000,0x0000005526b00000] [id=13372]
  0x0000016af47ed500 ConcurrentGCThread "G1 Service" [stack: 0x0000005526b00000,0x0000005526c00000] [id=7980]

Threads with active compile tasks:
C2 CompilerThread0     7386 7658 %     4       sun.security.provider.SHA::implCompress0 @ 27 (506 bytes)
C2 CompilerThread2     7386 7453 %     4       org.gradle.internal.instantiation.generator.AbstractClassGenerator::inspectType @ 207 (560 bytes)

VM state: not at safepoint (normal execution)

VM Mutex/Monitor currently owned by a thread: None

Heap address: 0x0000000080000000, size: 2048 MB, Compressed Oops mode: 32-bit

CDS archive(s) mapped at: [0x0000000800000000-0x0000000800ba0000-0x0000000800ba0000), size 12189696, SharedBaseAddress: 0x0000000800000000, ArchiveRelocationMode: 0.
Compressed class space mapped at: 0x0000000800c00000-0x0000000840c00000, reserved size: 1073741824
Narrow klass base: 0x0000000800000000, Narrow klass shift: 0, Narrow klass range: 0x100000000

GC Precious Log:
 CardTable entry size: 512
 Card Set container configuration: InlinePtr #cards 5 size 8 Array Of Cards #cards 12 size 40 Howl #buckets 4 coarsen threshold 1843 Howl Bitmap #cards 512 size 80 coarsen threshold 460 Card regions per heap region 1 cards per card region 2048
 CPUs: 8 total, 8 available
 Memory: 7987M
 Large Page Support: Disabled
 NUMA Support: Disabled
 Compressed Oops: Enabled (32-bit)
 Heap Region Size: 1M
 Heap Min Capacity: 8M
 Heap Initial Capacity: 126M
 Heap Max Capacity: 2G
 Pre-touch: Disabled
 Parallel Workers: 8
 Concurrent Workers: 2
 Concurrent Refinement Workers: 8
 Periodic GC: Disabled

Heap:
 garbage-first heap   total 104448K, used 81886K [0x0000000080000000, 0x0000000100000000)
  region size 1024K, 24 young (24576K), 1 survivors (1024K)
 Metaspace       used 64970K, committed 66688K, reserved 1114112K
  class space    used 8854K, committed 9792K, reserved 1048576K

Heap Regions: E=young(eden), S=young(survivor), O=old, HS=humongous(starts), HC=humongous(continues), CS=collection set, F=free, OA=open archive, CA=closed archive, TAMS=top-at-mark-start (previous, next)
|   0|0x0000000080000000, 0x0000000080100000, 0x0000000080100000|100%| O|  |TAMS 0x0000000080100000, 0x0000000080000000| Untracked 
|   1|0x0000000080100000, 0x0000000080200000, 0x0000000080200000|100%| O|  |TAMS 0x0000000080200000, 0x0000000080100000| Untracked 
|   2|0x0000000080200000, 0x0000000080300000, 0x0000000080300000|100%| O|  |TAMS 0x0000000080300000, 0x0000000080200000| Untracked 
|   3|0x0000000080300000, 0x0000000080400000, 0x0000000080400000|100%|HS|  |TAMS 0x0000000080400000, 0x0000000080300000| Complete 
|   4|0x0000000080400000, 0x0000000080500000, 0x0000000080500000|100%|HC|  |TAMS 0x0000000080500000, 0x0000000080400000| Complete 
|   5|0x0000000080500000, 0x0000000080600000, 0x0000000080600000|100%|HC|  |TAMS 0x0000000080600000, 0x0000000080500000| Complete 
|   6|0x0000000080600000, 0x0000000080700000, 0x0000000080700000|100%| O|  |TAMS 0x0000000080700000, 0x0000000080600000| Untracked 
|   7|0x0000000080700000, 0x0000000080800000, 0x0000000080800000|100%| O|  |TAMS 0x0000000080800000, 0x0000000080700000| Untracked 
|   8|0x0000000080800000, 0x0000000080900000, 0x0000000080900000|100%| O|  |TAMS 0x0000000080900000, 0x0000000080800000| Untracked 
|   9|0x0000000080900000, 0x0000000080a00000, 0x0000000080a00000|100%| O|  |TAMS 0x0000000080a00000, 0x0000000080900000| Untracked 
|  10|0x0000000080a00000, 0x0000000080b00000, 0x0000000080b00000|100%| O|  |TAMS 0x0000000080b00000, 0x0000000080a00000| Untracked 
|  11|0x0000000080b00000, 0x0000000080c00000, 0x0000000080c00000|100%| O|  |TAMS 0x0000000080c00000, 0x0000000080b00000| Untracked 
|  12|0x0000000080c00000, 0x0000000080d00000, 0x0000000080d00000|100%| O|  |TAMS 0x0000000080d00000, 0x0000000080c00000| Untracked 
|  13|0x0000000080d00000, 0x0000000080e00000, 0x0000000080e00000|100%| O|  |TAMS 0x0000000080e00000, 0x0000000080d00000| Untracked 
|  14|0x0000000080e00000, 0x0000000080f00000, 0x0000000080f00000|100%| O|  |TAMS 0x0000000080f00000, 0x0000000080e00000| Untracked 
|  15|0x0000000080f00000, 0x0000000081000000, 0x0000000081000000|100%| O|  |TAMS 0x0000000081000000, 0x0000000080f00000| Untracked 
|  16|0x0000000081000000, 0x0000000081100000, 0x0000000081100000|100%| O|  |TAMS 0x0000000081100000, 0x0000000081000000| Untracked 
|  17|0x0000000081100000, 0x0000000081200000, 0x0000000081200000|100%| O|  |TAMS 0x0000000081200000, 0x0000000081100000| Untracked 
|  18|0x0000000081200000, 0x0000000081300000, 0x0000000081300000|100%| O|  |TAMS 0x0000000081300000, 0x0000000081200000| Untracked 
|  19|0x0000000081300000, 0x0000000081300000, 0x0000000081400000|  0%| F|  |TAMS 0x0000000081300000, 0x0000000081300000| Untracked 
|  20|0x0000000081400000, 0x0000000081500000, 0x0000000081500000|100%| O|  |TAMS 0x0000000081500000, 0x0000000081400000| Untracked 
|  21|0x0000000081500000, 0x0000000081600000, 0x0000000081600000|100%| O|  |TAMS 0x0000000081600000, 0x0000000081500000| Untracked 
|  22|0x0000000081600000, 0x0000000081700000, 0x0000000081700000|100%| O|  |TAMS 0x0000000081700000, 0x0000000081600000| Untracked 
|  23|0x0000000081700000, 0x0000000081800000, 0x0000000081800000|100%| O|  |TAMS 0x0000000081800000, 0x0000000081700000| Untracked 
|  24|0x0000000081800000, 0x0000000081900000, 0x0000000081900000|100%| O|  |TAMS 0x0000000081900000, 0x0000000081800000| Untracked 
|  25|0x0000000081900000, 0x0000000081a00000, 0x0000000081a00000|100%|HS|  |TAMS 0x0000000081a00000, 0x0000000081900000| Complete 
|  26|0x0000000081a00000, 0x0000000081b00000, 0x0000000081b00000|100%| O|  |TAMS 0x0000000081b00000, 0x0000000081a00000| Untracked 
|  27|0x0000000081b00000, 0x0000000081c00000, 0x0000000081c00000|100%| O|  |TAMS 0x0000000081c00000, 0x0000000081b00000| Untracked 
|  28|0x0000000081c00000, 0x0000000081d00000, 0x0000000081d00000|100%| O|  |TAMS 0x0000000081d00000, 0x0000000081c00000| Untracked 
|  29|0x0000000081d00000, 0x0000000081e00000, 0x0000000081e00000|100%|HS|  |TAMS 0x0000000081e00000, 0x0000000081d00000| Complete 
|  30|0x0000000081e00000, 0x0000000081f00000, 0x0000000081f00000|100%| O|  |TAMS 0x0000000081f00000, 0x0000000081e00000| Untracked 
|  31|0x0000000081f00000, 0x0000000082000000, 0x0000000082000000|100%| O|  |TAMS 0x0000000082000000, 0x0000000081f00000| Untracked 
|  32|0x0000000082000000, 0x0000000082100000, 0x0000000082100000|100%| O|  |TAMS 0x0000000082100000, 0x0000000082000000| Untracked 
|  33|0x0000000082100000, 0x0000000082200000, 0x0000000082200000|100%| O|  |TAMS 0x0000000082200000, 0x0000000082100000| Untracked 
|  34|0x0000000082200000, 0x0000000082300000, 0x0000000082300000|100%|HS|  |TAMS 0x0000000082300000, 0x0000000082200000| Complete 
|  35|0x0000000082300000, 0x0000000082400000, 0x0000000082400000|100%|HC|  |TAMS 0x0000000082400000, 0x0000000082300000| Complete 
|  36|0x0000000082400000, 0x0000000082500000, 0x0000000082500000|100%| O|  |TAMS 0x0000000082500000, 0x0000000082400000| Untracked 
|  37|0x0000000082500000, 0x0000000082600000, 0x0000000082600000|100%| O|  |TAMS 0x0000000082600000, 0x0000000082500000| Untracked 
|  38|0x0000000082600000, 0x0000000082700000, 0x0000000082700000|100%| O|  |TAMS 0x0000000082700000, 0x0000000082600000| Untracked 
|  39|0x0000000082700000, 0x0000000082800000, 0x0000000082800000|100%| O|  |TAMS 0x0000000082800000, 0x0000000082700000| Untracked 
|  40|0x0000000082800000, 0x0000000082900000, 0x0000000082900000|100%| O|  |TAMS 0x0000000082900000, 0x0000000082800000| Untracked 
|  41|0x0000000082900000, 0x0000000082a00000, 0x0000000082a00000|100%| O|  |TAMS 0x0000000082a00000, 0x0000000082900000| Untracked 
|  42|0x0000000082a00000, 0x0000000082b00000, 0x0000000082b00000|100%| O|  |TAMS 0x0000000082b00000, 0x0000000082a00000| Untracked 
|  43|0x0000000082b00000, 0x0000000082c00000, 0x0000000082c00000|100%| O|  |TAMS 0x0000000082c00000, 0x0000000082b00000| Untracked 
|  44|0x0000000082c00000, 0x0000000082d00000, 0x0000000082d00000|100%| O|  |TAMS 0x0000000082d00000, 0x0000000082c00000| Untracked 
|  45|0x0000000082d00000, 0x0000000082e00000, 0x0000000082e00000|100%| O|  |TAMS 0x0000000082e00000, 0x0000000082d00000| Untracked 
|  46|0x0000000082e00000, 0x0000000082f00000, 0x0000000082f00000|100%| O|  |TAMS 0x0000000082f00000, 0x0000000082e00000| Untracked 
|  47|0x0000000082f00000, 0x0000000083000000, 0x0000000083000000|100%| O|  |TAMS 0x0000000083000000, 0x0000000082f00000| Untracked 
|  48|0x0000000083000000, 0x0000000083100000, 0x0000000083100000|100%| O|  |TAMS 0x0000000083100000, 0x0000000083000000| Untracked 
|  49|0x0000000083100000, 0x0000000083200000, 0x0000000083200000|100%| O|  |TAMS 0x0000000083200000, 0x0000000083100000| Untracked 
|  50|0x0000000083200000, 0x0000000083300000, 0x0000000083300000|100%| O|  |TAMS 0x0000000083300000, 0x0000000083200000| Untracked 
|  51|0x0000000083300000, 0x0000000083400000, 0x0000000083400000|100%| O|  |TAMS 0x0000000083400000, 0x0000000083300000| Untracked 
|  52|0x0000000083400000, 0x0000000083500000, 0x0000000083500000|100%| O|  |TAMS 0x00000000834a0c00, 0x0000000083400000| Untracked 
|  53|0x0000000083500000, 0x0000000083600000, 0x0000000083600000|100%| O|  |TAMS 0x0000000083500000, 0x0000000083500000| Untracked 
|  54|0x0000000083600000, 0x0000000083700000, 0x0000000083700000|100%| O|  |TAMS 0x0000000083600000, 0x0000000083600000| Untracked 
|  55|0x0000000083700000, 0x0000000083800000, 0x0000000083800000|100%| O|  |TAMS 0x0000000083700000, 0x0000000083700000| Untracked 
|  56|0x0000000083800000, 0x0000000083900000, 0x0000000083900000|100%| O|  |TAMS 0x0000000083800000, 0x0000000083800000| Untracked 
|  57|0x0000000083900000, 0x0000000083a00000, 0x0000000083a00000|100%| O|  |TAMS 0x0000000083900000, 0x0000000083900000| Untracked 
|  58|0x0000000083a00000, 0x0000000083b00000, 0x0000000083b00000|100%| O|  |TAMS 0x0000000083a00000, 0x0000000083a00000| Untracked 
|  59|0x0000000083b00000, 0x0000000083b97600, 0x0000000083c00000| 59%| O|  |TAMS 0x0000000083b00000, 0x0000000083b00000| Untracked 
|  60|0x0000000083c00000, 0x0000000083c00000, 0x0000000083d00000|  0%| F|  |TAMS 0x0000000083c00000, 0x0000000083c00000| Untracked 
|  61|0x0000000083d00000, 0x0000000083d00000, 0x0000000083e00000|  0%| F|  |TAMS 0x0000000083d00000, 0x0000000083d00000| Untracked 
|  62|0x0000000083e00000, 0x0000000083e00000, 0x0000000083f00000|  0%| F|  |TAMS 0x0000000083e00000, 0x0000000083e00000| Untracked 
|  63|0x0000000083f00000, 0x0000000083f00000, 0x0000000084000000|  0%| F|  |TAMS 0x0000000083f00000, 0x0000000083f00000| Untracked 
|  64|0x0000000084000000, 0x0000000084000000, 0x0000000084100000|  0%| F|  |TAMS 0x0000000084000000, 0x0000000084000000| Untracked 
|  65|0x0000000084100000, 0x0000000084100000, 0x0000000084200000|  0%| F|  |TAMS 0x0000000084100000, 0x0000000084100000| Untracked 
|  66|0x0000000084200000, 0x0000000084200000, 0x0000000084300000|  0%| F|  |TAMS 0x0000000084200000, 0x0000000084200000| Untracked 
|  67|0x0000000084300000, 0x0000000084300000, 0x0000000084400000|  0%| F|  |TAMS 0x0000000084300000, 0x0000000084300000| Untracked 
|  68|0x0000000084400000, 0x0000000084400000, 0x0000000084500000|  0%| F|  |TAMS 0x0000000084400000, 0x0000000084400000| Untracked 
|  69|0x0000000084500000, 0x0000000084500000, 0x0000000084600000|  0%| F|  |TAMS 0x0000000084500000, 0x0000000084500000| Untracked 
|  70|0x0000000084600000, 0x0000000084600000, 0x0000000084700000|  0%| F|  |TAMS 0x0000000084600000, 0x0000000084600000| Untracked 
|  71|0x0000000084700000, 0x0000000084700000, 0x0000000084800000|  0%| F|  |TAMS 0x0000000084700000, 0x0000000084700000| Untracked 
|  72|0x0000000084800000, 0x0000000084800000, 0x0000000084900000|  0%| F|  |TAMS 0x0000000084800000, 0x0000000084800000| Untracked 
|  73|0x0000000084900000, 0x0000000084900000, 0x0000000084a00000|  0%| F|  |TAMS 0x0000000084900000, 0x0000000084900000| Untracked 
|  74|0x0000000084a00000, 0x0000000084a00000, 0x0000000084b00000|  0%| F|  |TAMS 0x0000000084a00000, 0x0000000084a00000| Untracked 
|  75|0x0000000084b00000, 0x0000000084b00000, 0x0000000084c00000|  0%| F|  |TAMS 0x0000000084b00000, 0x0000000084b00000| Untracked 
|  76|0x0000000084c00000, 0x0000000084c00000, 0x0000000084d00000|  0%| F|  |TAMS 0x0000000084c00000, 0x0000000084c00000| Untracked 
|  77|0x0000000084d00000, 0x0000000084d00000, 0x0000000084e00000|  0%| F|  |TAMS 0x0000000084d00000, 0x0000000084d00000| Untracked 
|  78|0x0000000084e00000, 0x0000000084f00000, 0x0000000084f00000|100%| E|CS|TAMS 0x0000000084e00000, 0x0000000084e00000| Complete 
|  79|0x0000000084f00000, 0x0000000085000000, 0x0000000085000000|100%| E|CS|TAMS 0x0000000084f00000, 0x0000000084f00000| Complete 
|  80|0x0000000085000000, 0x0000000085100000, 0x0000000085100000|100%| E|CS|TAMS 0x0000000085000000, 0x0000000085000000| Complete 
|  81|0x0000000085100000, 0x0000000085200000, 0x0000000085200000|100%| E|CS|TAMS 0x0000000085100000, 0x0000000085200000| Complete 
|  82|0x0000000085200000, 0x0000000085300000, 0x0000000085300000|100%| E|CS|TAMS 0x0000000085200000, 0x0000000085300000| Complete 
|  83|0x0000000085300000, 0x0000000085400000, 0x0000000085400000|100%| E|CS|TAMS 0x0000000085300000, 0x0000000085400000| Complete 
|  84|0x0000000085400000, 0x0000000085500000, 0x0000000085500000|100%| E|CS|TAMS 0x0000000085400000, 0x0000000085500000| Complete 
|  85|0x0000000085500000, 0x0000000085600000, 0x0000000085600000|100%| E|CS|TAMS 0x0000000085500000, 0x0000000085600000| Complete 
|  86|0x0000000085600000, 0x0000000085700000, 0x0000000085700000|100%| E|CS|TAMS 0x0000000085600000, 0x0000000085700000| Complete 
|  87|0x0000000085700000, 0x0000000085800000, 0x0000000085800000|100%| E|CS|TAMS 0x0000000085700000, 0x0000000085800000| Complete 
|  88|0x0000000085800000, 0x0000000085900000, 0x0000000085900000|100%| E|CS|TAMS 0x0000000085800000, 0x0000000085900000| Complete 
|  89|0x0000000085900000, 0x0000000085a00000, 0x0000000085a00000|100%| E|CS|TAMS 0x0000000085900000, 0x0000000085a00000| Complete 
|  90|0x0000000085a00000, 0x0000000085b00000, 0x0000000085b00000|100%| E|CS|TAMS 0x0000000085a00000, 0x0000000085b00000| Complete 
|  91|0x0000000085b00000, 0x0000000085c00000, 0x0000000085c00000|100%| E|CS|TAMS 0x0000000085b00000, 0x0000000085c00000| Complete 
|  92|0x0000000085c00000, 0x0000000085d00000, 0x0000000085d00000|100%| E|CS|TAMS 0x0000000085c00000, 0x0000000085d00000| Complete 
|  93|0x0000000085d00000, 0x0000000085e00000, 0x0000000085e00000|100%| E|CS|TAMS 0x0000000085d00000, 0x0000000085e00000| Complete 
|  94|0x0000000085e00000, 0x0000000085f00000, 0x0000000085f00000|100%| E|CS|TAMS 0x0000000085e00000, 0x0000000085f00000| Complete 
|  95|0x0000000085f00000, 0x0000000086000000, 0x0000000086000000|100%| E|CS|TAMS 0x0000000085f00000, 0x0000000086000000| Complete 
|  96|0x0000000086000000, 0x0000000086100000, 0x0000000086100000|100%| E|CS|TAMS 0x0000000086000000, 0x0000000086100000| Complete 
|  97|0x0000000086100000, 0x0000000086200000, 0x0000000086200000|100%| E|CS|TAMS 0x0000000086100000, 0x0000000086200000| Complete 
|  98|0x0000000086200000, 0x0000000086260400, 0x0000000086300000| 37%| E|CS|TAMS 0x0000000086200000, 0x0000000086260400| Complete 
| 110|0x0000000086e00000, 0x0000000086f00000, 0x0000000086f00000|100%| E|CS|TAMS 0x0000000086e00000, 0x0000000086f00000| Complete 
| 111|0x0000000086f00000, 0x0000000087000000, 0x0000000087000000|100%| E|CS|TAMS 0x0000000086f00000, 0x0000000087000000| Complete 
| 125|0x0000000087d00000, 0x0000000087e00000, 0x0000000087e00000|100%| E|CS|TAMS 0x0000000087d00000, 0x0000000087e00000| Complete 

Card table byte_map: [0x0000016afe6a0000,0x0000016afeaa0000] _byte_map_base: 0x0000016afe2a0000

Marking Bits (Prev, Next): (CMBitMap*) 0x0000016af4782590, (CMBitMap*) 0x0000016af47825d0
 Prev Bits: [0x0000016a8f000000, 0x0000016a91000000)
 Next Bits: [0x0000016a91000000, 0x0000016a93000000)

Polling page: 0x0000016af47f0000

Metaspace:

Usage:
  Non-class:     54.83 MB used.
      Class:      8.65 MB used.
       Both:     63.48 MB used.

Virtual space:
  Non-class space:       64.00 MB reserved,      55.56 MB ( 87%) committed,  1 nodes.
      Class space:        1.00 GB reserved,       9.56 MB ( <1%) committed,  1 nodes.
             Both:        1.06 GB reserved,      65.12 MB (  6%) committed. 

Chunk freelists:
   Non-Class:  3.77 MB
       Class:  2.43 MB
        Both:  6.20 MB

MaxMetaspaceSize: unlimited
CompressedClassSpaceSize: 1.00 GB
Initial GC threshold: 21.00 MB
Current GC threshold: 99.69 MB
CDS: on
MetaspaceReclaimPolicy: balanced
 - commit_granule_bytes: 65536.
 - commit_granule_words: 8192.
 - virtual_space_node_default_size: 8388608.
 - enlarge_chunks_in_place: 1.
 - new_chunks_are_fully_committed: 0.
 - uncommit_free_chunks: 1.
 - use_allocation_guard: 0.


Internal statistics:

num_allocs_failed_limit: 6.
num_arena_births: 3004.
num_arena_deaths: 0.
num_vsnodes_births: 2.
num_vsnodes_deaths: 0.
num_space_committed: 1042.
num_space_uncommitted: 0.
num_chunks_returned_to_freelist: 6.
num_chunks_taken_from_freelist: 5843.
num_chunk_merges: 6.
num_chunk_splits: 3876.
num_chunks_enlarged: 2484.
num_inconsistent_stats: 0.

CodeHeap 'non-profiled nmethods': size=120000Kb used=3913Kb max_used=3913Kb free=116086Kb
 bounds [0x0000016a87ad0000, 0x0000016a87eb0000, 0x0000016a8f000000]
CodeHeap 'profiled nmethods': size=120000Kb used=13179Kb max_used=13181Kb free=106820Kb
 bounds [0x0000016a805a0000, 0x0000016a81280000, 0x0000016a87ad0000]
CodeHeap 'non-nmethods': size=5760Kb used=2381Kb max_used=2461Kb free=3378Kb
 bounds [0x0000016a80000000, 0x0000016a80270000, 0x0000016a805a0000]
 total_blobs=7718 nmethods=6837 adapters=793
 compilation: enabled
              stopped_count=0, restarted_count=0
 full_count=0

Compilation events (20 events):
Event: 7.349 Thread 0x0000016aff924a90 nmethod 7634 0x0000016a87e9eb10 code [0x0000016a87e9eca0, 0x0000016a87e9ed58]
Event: 7.349 Thread 0x0000016aff924a90 7636       3       com.google.protobuf.DescriptorProtos$DescriptorProto::getOptions (18 bytes)
Event: 7.349 Thread 0x0000016aff924a90 nmethod 7636 0x0000016a81267110 code [0x0000016a812672a0, 0x0000016a81267458]
Event: 7.349 Thread 0x0000016aff924a90 7637       3       com.google.protobuf.Descriptors$FieldDescriptor::isRepeated (19 bytes)
Event: 7.349 Thread 0x0000016aff924a90 nmethod 7637 0x0000016a81267510 code [0x0000016a812676c0, 0x0000016a81267968]
Event: 7.349 Thread 0x0000016aff924a90 7638       3       com.google.protobuf.DescriptorProtos$FieldDescriptorProto::getLabel (20 bytes)
Event: 7.350 Thread 0x0000016aff924a90 nmethod 7638 0x0000016a81267a90 code [0x0000016a81267c40, 0x0000016a81267e28]
Event: 7.350 Thread 0x0000016aff924a90 7639       3       com.google.protobuf.Descriptors$FieldDescriptor::access$1000 (5 bytes)
Event: 7.350 Thread 0x0000016aff924a90 nmethod 7639 0x0000016a81267f10 code [0x0000016a812680a0, 0x0000016a812681c8]
Event: 7.350 Thread 0x0000016aff924a90 7642       3       com.google.protobuf.DescriptorProtos$FieldDescriptorProto::getOptions (18 bytes)
Event: 7.350 Thread 0x0000016aff924a90 nmethod 7642 0x0000016a81268290 code [0x0000016a81268420, 0x0000016a812685d8]
Event: 7.350 Thread 0x0000016aff924a90 7640   !   3       com.google.protobuf.Descriptors$FieldDescriptor::crossLink (1320 bytes)
Event: 7.351 Thread 0x0000016affbc4020 nmethod 7622 0x0000016a87e9ee10 code [0x0000016a87e9efa0, 0x0000016a87e9f338]
Event: 7.351 Thread 0x0000016affbc4020 7623       4       com.google.protobuf.DescriptorProtos$EnumDescriptorProto::getValueCount (10 bytes)
Event: 7.352 Thread 0x0000016affbc4020 nmethod 7623 0x0000016a87e9f510 code [0x0000016a87e9f6a0, 0x0000016a87e9f798]
Event: 7.352 Thread 0x0000016affbc4020 7650       4       java.util.Collections$UnmodifiableCollection::size (10 bytes)
Event: 7.352 Thread 0x0000016affbc4020 nmethod 7650 0x0000016a87e9f910 code [0x0000016a87e9faa0, 0x0000016a87e9fb78]
Event: 7.352 Thread 0x0000016affbc4020 7632       4       com.google.protobuf.DescriptorProtos$FieldDescriptorProto$Label::forNumber (42 bytes)
Event: 7.353 Thread 0x0000016affbc4020 nmethod 7632 0x0000016a87e9fc90 code [0x0000016a87e9fe00, 0x0000016a87e9fe98]
Event: 7.353 Thread 0x0000016affbc4020 7626       4       com.google.protobuf.DescriptorProtos$EnumValueDescriptorProto::getName (41 bytes)

GC Heap History (20 events):
Event: 4.899 GC heap before
{Heap before GC invocations=11 (full 0):
 garbage-first heap   total 78848K, used 63800K [0x0000000080000000, 0x0000000100000000)
  region size 1024K, 30 young (30720K), 4 survivors (4096K)
 Metaspace       used 42112K, committed 43584K, reserved 1114112K
  class space    used 5849K, committed 6656K, reserved 1048576K
}
Event: 4.903 GC heap after
{Heap after GC invocations=12 (full 0):
 garbage-first heap   total 78848K, used 45374K [0x0000000080000000, 0x0000000100000000)
  region size 1024K, 4 young (4096K), 4 survivors (4096K)
 Metaspace       used 42112K, committed 43584K, reserved 1114112K
  class space    used 5849K, committed 6656K, reserved 1048576K
}
Event: 5.076 GC heap before
{Heap before GC invocations=12 (full 0):
 garbage-first heap   total 78848K, used 59710K [0x0000000080000000, 0x0000000100000000)
  region size 1024K, 19 young (19456K), 4 survivors (4096K)
 Metaspace       used 44421K, committed 45888K, reserved 1114112K
  class space    used 6129K, committed 6912K, reserved 1048576K
}
Event: 5.078 GC heap after
{Heap after GC invocations=13 (full 0):
 garbage-first heap   total 95232K, used 46303K [0x0000000080000000, 0x0000000100000000)
  region size 1024K, 1 young (1024K), 1 survivors (1024K)
 Metaspace       used 44421K, committed 45888K, reserved 1114112K
  class space    used 6129K, committed 6912K, reserved 1048576K
}
Event: 5.466 GC heap before
{Heap before GC invocations=14 (full 0):
 garbage-first heap   total 95232K, used 71903K [0x0000000080000000, 0x0000000100000000)
  region size 1024K, 27 young (27648K), 1 survivors (1024K)
 Metaspace       used 49135K, committed 50560K, reserved 1114112K
  class space    used 6672K, committed 7424K, reserved 1048576K
}
Event: 5.468 GC heap after
{Heap after GC invocations=15 (full 0):
 garbage-first heap   total 95232K, used 47275K [0x0000000080000000, 0x0000000100000000)
  region size 1024K, 2 young (2048K), 2 survivors (2048K)
 Metaspace       used 49135K, committed 50560K, reserved 1114112K
  class space    used 6672K, committed 7424K, reserved 1048576K
}
Event: 5.864 GC heap before
{Heap before GC invocations=15 (full 0):
 garbage-first heap   total 95232K, used 72875K [0x0000000080000000, 0x0000000100000000)
  region size 1024K, 28 young (28672K), 2 survivors (2048K)
 Metaspace       used 53707K, committed 55296K, reserved 1114112K
  class space    used 7241K, committed 8064K, reserved 1048576K
}
Event: 5.869 GC heap after
{Heap after GC invocations=16 (full 0):
 garbage-first heap   total 95232K, used 51746K [0x0000000080000000, 0x0000000100000000)
  region size 1024K, 4 young (4096K), 4 survivors (4096K)
 Metaspace       used 53707K, committed 55296K, reserved 1114112K
  class space    used 7241K, committed 8064K, reserved 1048576K
}
Event: 6.145 GC heap before
{Heap before GC invocations=17 (full 0):
 garbage-first heap   total 95232K, used 72226K [0x0000000080000000, 0x0000000100000000)
  region size 1024K, 25 young (25600K), 4 survivors (4096K)
 Metaspace       used 55794K, committed 57408K, reserved 1114112K
  class space    used 7496K, committed 8320K, reserved 1048576K
}
Event: 6.148 GC heap after
{Heap after GC invocations=18 (full 0):
 garbage-first heap   total 95232K, used 53375K [0x0000000080000000, 0x0000000100000000)
  region size 1024K, 3 young (3072K), 3 survivors (3072K)
 Metaspace       used 55794K, committed 57408K, reserved 1114112K
  class space    used 7496K, committed 8320K, reserved 1048576K
}
Event: 6.321 GC heap before
{Heap before GC invocations=18 (full 0):
 garbage-first heap   total 95232K, used 66687K [0x0000000080000000, 0x0000000100000000)
  region size 1024K, 18 young (18432K), 3 survivors (3072K)
 Metaspace       used 57078K, committed 58624K, reserved 1114112K
  class space    used 7631K, committed 8448K, reserved 1048576K
}
Event: 6.324 GC heap after
{Heap after GC invocations=19 (full 0):
 garbage-first heap   total 95232K, used 54911K [0x0000000080000000, 0x0000000100000000)
  region size 1024K, 2 young (2048K), 2 survivors (2048K)
 Metaspace       used 57078K, committed 58624K, reserved 1114112K
  class space    used 7631K, committed 8448K, reserved 1048576K
}
Event: 6.522 GC heap before
{Heap before GC invocations=20 (full 0):
 garbage-first heap   total 101376K, used 76415K [0x0000000080000000, 0x0000000100000000)
  region size 1024K, 22 young (22528K), 2 survivors (2048K)
 Metaspace       used 57849K, committed 59456K, reserved 1114112K
  class space    used 7754K, committed 8576K, reserved 1048576K
}
Event: 6.524 GC heap after
{Heap after GC invocations=21 (full 0):
 garbage-first heap   total 101376K, used 56034K [0x0000000080000000, 0x0000000100000000)
  region size 1024K, 3 young (3072K), 3 survivors (3072K)
 Metaspace       used 57849K, committed 59456K, reserved 1114112K
  class space    used 7754K, committed 8576K, reserved 1048576K
}
Event: 6.724 GC heap before
{Heap before GC invocations=21 (full 0):
 garbage-first heap   total 101376K, used 80610K [0x0000000080000000, 0x0000000100000000)
  region size 1024K, 27 young (27648K), 3 survivors (3072K)
 Metaspace       used 59340K, committed 60928K, reserved 1114112K
  class space    used 7945K, committed 8768K, reserved 1048576K
}
Event: 6.727 GC heap after
{Heap after GC invocations=22 (full 0):
 garbage-first heap   total 101376K, used 58565K [0x0000000080000000, 0x0000000100000000)
  region size 1024K, 4 young (4096K), 4 survivors (4096K)
 Metaspace       used 59340K, committed 60928K, reserved 1114112K
  class space    used 7945K, committed 8768K, reserved 1048576K
}
Event: 7.063 GC heap before
{Heap before GC invocations=23 (full 0):
 garbage-first heap   total 104448K, used 82117K [0x0000000080000000, 0x0000000100000000)
  region size 1024K, 27 young (27648K), 4 survivors (4096K)
 Metaspace       used 62401K, committed 64000K, reserved 1114112K
  class space    used 8525K, committed 9344K, reserved 1048576K
}
Event: 7.067 GC heap after
{Heap after GC invocations=24 (full 0):
 garbage-first heap   total 104448K, used 60136K [0x0000000080000000, 0x0000000100000000)
  region size 1024K, 2 young (2048K), 2 survivors (2048K)
 Metaspace       used 62401K, committed 64000K, reserved 1114112K
  class space    used 8525K, committed 9344K, reserved 1048576K
}
Event: 7.101 GC heap before
{Heap before GC invocations=24 (full 0):
 garbage-first heap   total 104448K, used 63208K [0x0000000080000000, 0x0000000100000000)
  region size 1024K, 5 young (5120K), 2 survivors (2048K)
 Metaspace       used 62799K, committed 64384K, reserved 1114112K
  class space    used 8580K, committed 9408K, reserved 1048576K
}
Event: 7.104 GC heap after
{Heap after GC invocations=25 (full 0):
 garbage-first heap   total 104448K, used 60382K [0x0000000080000000, 0x0000000100000000)
  region size 1024K, 1 young (1024K), 1 survivors (1024K)
 Metaspace       used 62799K, committed 64384K, reserved 1114112K
  class space    used 8580K, committed 9408K, reserved 1048576K
}

Deoptimization events (20 events):
Event: 7.265 Thread 0x0000016a9a596420 Uncommon trap: trap_request=0xfffffff4 fr.pc=0x0000016a87d745d4 relative=0x00000000000005f4
Event: 7.265 Thread 0x0000016a9a596420 Uncommon trap: reason=null_check action=make_not_entrant pc=0x0000016a87d745d4 method=org.gradle.util.internal.SimpleMapInterner.intern(Ljava/lang/Object;)Ljava/lang/Object; @ 2 c2
Event: 7.265 Thread 0x0000016a9a596420 DEOPT PACKING pc=0x0000016a87d745d4 sp=0x00000055287f9360
Event: 7.265 Thread 0x0000016a9a596420 DEOPT UNPACKING pc=0x0000016a80055c23 sp=0x00000055287f9328 mode 2
Event: 7.350 Thread 0x0000016a9a596420 Uncommon trap: trap_request=0xffffffde fr.pc=0x0000016a87e9b4e4 relative=0x0000000000000064
Event: 7.350 Thread 0x0000016a9a596420 Uncommon trap: reason=class_check action=maybe_recompile pc=0x0000016a87e9b4e4 method=java.util.Collections$UnmodifiableCollection.size()I @ 4 c2
Event: 7.350 Thread 0x0000016a9a596420 DEOPT PACKING pc=0x0000016a87e9b4e4 sp=0x00000055287f88d0
Event: 7.350 Thread 0x0000016a9a596420 DEOPT UNPACKING pc=0x0000016a80055c23 sp=0x00000055287f8860 mode 2
Event: 7.351 Thread 0x0000016a9a596420 Uncommon trap: trap_request=0xffffffde fr.pc=0x0000016a87e9b4e4 relative=0x0000000000000064
Event: 7.351 Thread 0x0000016a9a596420 Uncommon trap: reason=class_check action=maybe_recompile pc=0x0000016a87e9b4e4 method=java.util.Collections$UnmodifiableCollection.size()I @ 4 c2
Event: 7.351 Thread 0x0000016a9a596420 DEOPT PACKING pc=0x0000016a87e9b4e4 sp=0x00000055287f88d0
Event: 7.351 Thread 0x0000016a9a596420 DEOPT UNPACKING pc=0x0000016a80055c23 sp=0x00000055287f8860 mode 2
Event: 7.351 Thread 0x0000016a9a596420 Uncommon trap: trap_request=0xffffffde fr.pc=0x0000016a87e9b4e4 relative=0x0000000000000064
Event: 7.351 Thread 0x0000016a9a596420 Uncommon trap: reason=class_check action=maybe_recompile pc=0x0000016a87e9b4e4 method=java.util.Collections$UnmodifiableCollection.size()I @ 4 c2
Event: 7.351 Thread 0x0000016a9a596420 DEOPT PACKING pc=0x0000016a87e9b4e4 sp=0x00000055287f88d0
Event: 7.351 Thread 0x0000016a9a596420 DEOPT UNPACKING pc=0x0000016a80055c23 sp=0x00000055287f8860 mode 2
Event: 7.351 Thread 0x0000016a9a596420 Uncommon trap: trap_request=0xffffffde fr.pc=0x0000016a87e9b4e4 relative=0x0000000000000064
Event: 7.351 Thread 0x0000016a9a596420 Uncommon trap: reason=class_check action=maybe_recompile pc=0x0000016a87e9b4e4 method=java.util.Collections$UnmodifiableCollection.size()I @ 4 c2
Event: 7.351 Thread 0x0000016a9a596420 DEOPT PACKING pc=0x0000016a87e9b4e4 sp=0x00000055287f88d0
Event: 7.351 Thread 0x0000016a9a596420 DEOPT UNPACKING pc=0x0000016a80055c23 sp=0x00000055287f8860 mode 2

Classes loaded (20 events):
Event: 6.166 Loading class java/security/KeyStore
Event: 6.166 Loading class java/security/KeyStore done
Event: 6.166 Loading class java/security/KeyStore$1
Event: 6.167 Loading class java/security/KeyStore$1 done
Event: 6.271 Loading class sun/reflect/annotation/AnnotationInvocationHandler$1
Event: 6.271 Loading class sun/reflect/annotation/AnnotationInvocationHandler$1 done
Event: 6.334 Loading class jdk/internal/vm/annotation/ForceInline
Event: 6.335 Loading class jdk/internal/vm/annotation/ForceInline done
Event: 6.391 Loading class java/util/regex/Pattern$Caret
Event: 6.391 Loading class java/util/regex/Pattern$Caret done
Event: 6.533 Loading class java/beans/IntrospectionException
Event: 6.533 Loading class java/beans/IntrospectionException done
Event: 7.284 Loading class java/util/TreeMap$DescendingSubMap
Event: 7.285 Loading class java/util/TreeMap$NavigableSubMap
Event: 7.285 Loading class java/util/TreeMap$NavigableSubMap done
Event: 7.285 Loading class java/util/TreeMap$DescendingSubMap done
Event: 7.286 Loading class java/util/TreeMap$NavigableSubMap$DescendingSubMapKeyIterator
Event: 7.286 Loading class java/util/TreeMap$NavigableSubMap$SubMapIterator
Event: 7.287 Loading class java/util/TreeMap$NavigableSubMap$SubMapIterator done
Event: 7.287 Loading class java/util/TreeMap$NavigableSubMap$DescendingSubMapKeyIterator done

Classes unloaded (0 events):
No events

Classes redefined (0 events):
No events

Internal exceptions (20 events):
Event: 6.595 Thread 0x0000016a9a596420 Exception <a 'java/lang/ClassNotFoundException'{0x0000000085692e80}: org/gradle/api/JavaVersionBeanInfo> (0x0000000085692e80) 
thrown [s\open\src\hotspot\share\classfile\systemDictionary.cpp, line 255]
Event: 6.595 Thread 0x0000016a9a596420 Exception <a 'java/lang/ClassNotFoundException'{0x00000000856a42a8}: org/gradle/api/JavaVersionCustomizer> (0x00000000856a42a8) 
thrown [s\open\src\hotspot\share\classfile\systemDictionary.cpp, line 255]
Event: 6.597 Thread 0x0000016a9a596420 Exception <a 'java/lang/ClassNotFoundException'{0x00000000856efa38}: com/android/build/gradle/internal/CompileOptions$AgpDecorated_DecoratedBeanInfo> (0x00000000856efa38) 
thrown [s\open\src\hotspot\share\classfile\systemDictionary.cpp, line 255]
Event: 6.598 Thread 0x0000016a9a596420 Exception <a 'java/lang/ClassNotFoundException'{0x00000000856f9cc0}: com/android/build/gradle/internal/CompileOptions$AgpDecoratedBeanInfo> (0x00000000856f9cc0) 
thrown [s\open\src\hotspot\share\classfile\systemDictionary.cpp, line 255]
Event: 6.598 Thread 0x0000016a9a596420 Exception <a 'java/lang/ClassNotFoundException'{0x00000000855045e8}: com/android/build/gradle/internal/CompileOptionsBeanInfo> (0x00000000855045e8) 
thrown [s\open\src\hotspot\share\classfile\systemDictionary.cpp, line 255]
Event: 6.598 Thread 0x0000016a9a596420 Exception <a 'java/lang/ClassNotFoundException'{0x000000008550e760}: com/android/build/gradle/internal/CompileOptionsCustomizer> (0x000000008550e760) 
thrown [s\open\src\hotspot\share\classfile\systemDictionary.cpp, line 255]
Event: 6.599 Thread 0x0000016a9a596420 Exception <a 'java/lang/ClassNotFoundException'{0x0000000085524f68}: com/android/build/gradle/internal/CompileOptions$AgpDecoratedCustomizer> (0x0000000085524f68) 
thrown [s\open\src\hotspot\share\classfile\systemDictionary.cpp, line 255]
Event: 6.599 Thread 0x0000016a9a596420 Exception <a 'java/lang/ClassNotFoundException'{0x000000008553e440}: com/android/build/gradle/internal/CompileOptions$AgpDecorated_DecoratedCustomizer> (0x000000008553e440) 
thrown [s\open\src\hotspot\share\classfile\systemDictionary.cpp, line 255]
Event: 6.602 Thread 0x0000016a9a596420 Exception <a 'java/lang/ClassNotFoundException'{0x00000000855b5000}: org/gradle/api/internal/artifacts/dsl/dependencies/DefaultDependencyHandler_DecoratedBeanInfo> (0x00000000855b5000) 
thrown [s\open\src\hotspot\share\classfile\systemDictionary.cpp, line 255]
Event: 6.603 Thread 0x0000016a9a596420 Exception <a 'java/lang/ClassNotFoundException'{0x00000000855c7b38}: org/gradle/api/internal/artifacts/dsl/dependencies/DefaultDependencyHandlerBeanInfo> (0x00000000855c7b38) 
thrown [s\open\src\hotspot\share\classfile\systemDictionary.cpp, line 255]
Event: 6.603 Thread 0x0000016a9a596420 Exception <a 'java/lang/ClassNotFoundException'{0x00000000855d9e28}: org/gradle/api/internal/artifacts/dsl/dependencies/DefaultDependencyHandlerCustomizer> (0x00000000855d9e28) 
thrown [s\open\src\hotspot\share\classfile\systemDictionary.cpp, line 255]
Event: 6.604 Thread 0x0000016a9a596420 Exception <a 'java/lang/ClassNotFoundException'{0x0000000085410970}: org/gradle/api/internal/artifacts/dsl/dependencies/DefaultDependencyHandler_DecoratedCustomizer> (0x0000000085410970) 
thrown [s\open\src\hotspot\share\classfile\systemDictionary.cpp, line 255]
Event: 7.208 Thread 0x0000016a9a596420 Exception <a 'java/lang/ClassNotFoundException'{0x0000000085b63f88}: com/android/build/gradle/internal/api/ApkVariantOutputImpl_DecoratedBeanInfo> (0x0000000085b63f88) 
thrown [s\open\src\hotspot\share\classfile\systemDictionary.cpp, line 255]
Event: 7.208 Thread 0x0000016a9a596420 Exception <a 'java/lang/ClassNotFoundException'{0x0000000085b6e5b8}: com/android/build/gradle/internal/api/ApkVariantOutputImplBeanInfo> (0x0000000085b6e5b8) 
thrown [s\open\src\hotspot\share\classfile\systemDictionary.cpp, line 255]
Event: 7.208 Thread 0x0000016a9a596420 Exception <a 'java/lang/ClassNotFoundException'{0x0000000085b78978}: com/android/build/gradle/internal/api/BaseVariantOutputImplBeanInfo> (0x0000000085b78978) 
thrown [s\open\src\hotspot\share\classfile\systemDictionary.cpp, line 255]
Event: 7.209 Thread 0x0000016a9a596420 Exception <a 'java/lang/ClassNotFoundException'{0x0000000085b82f70}: com/android/build/gradle/internal/api/BaseVariantOutputImplCustomizer> (0x0000000085b82f70) 
thrown [s\open\src\hotspot\share\classfile\systemDictionary.cpp, line 255]
Event: 7.210 Thread 0x0000016a9a596420 Exception <a 'java/lang/ClassNotFoundException'{0x0000000085ba04a0}: com/android/build/gradle/internal/api/ApkVariantOutputImplCustomizer> (0x0000000085ba04a0) 
thrown [s\open\src\hotspot\share\classfile\systemDictionary.cpp, line 255]
Event: 7.210 Thread 0x0000016a9a596420 Exception <a 'java/lang/ClassNotFoundException'{0x0000000085bb8900}: com/android/build/gradle/internal/api/ApkVariantOutputImpl_DecoratedCustomizer> (0x0000000085bb8900) 
thrown [s\open\src\hotspot\share\classfile\systemDictionary.cpp, line 255]
Event: 7.220 Thread 0x0000016a9a596420 Exception <a 'java/lang/NoClassDefFoundError'{0x0000000085abbd28}: org/jetbrains/kotlin/gradle/plugin/KotlinBasePluginWrapper> (0x0000000085abbd28) 
thrown [s\open\src\hotspot\share\classfile\systemDictionary.cpp, line 244]
Event: 7.265 Thread 0x0000016a9a596420 Implicit null exception at 0x0000016a87d7400f to 0x0000016a87d745c4

VM Operations (20 events):
Event: 6.365 Executing VM operation: G1Concurrent
Event: 6.368 Executing VM operation: G1Concurrent done
Event: 6.391 Executing VM operation: G1Concurrent
Event: 6.391 Executing VM operation: G1Concurrent done
Event: 6.522 Executing VM operation: G1CollectForAllocation
Event: 6.524 Executing VM operation: G1CollectForAllocation done
Event: 6.630 Executing VM operation: HandshakeAllThreads
Event: 6.630 Executing VM operation: HandshakeAllThreads done
Event: 6.723 Executing VM operation: G1CollectForAllocation
Event: 6.728 Executing VM operation: G1CollectForAllocation done
Event: 6.764 Executing VM operation: G1Concurrent
Event: 6.767 Executing VM operation: G1Concurrent done
Event: 6.791 Executing VM operation: G1Concurrent
Event: 6.791 Executing VM operation: G1Concurrent done
Event: 7.045 Executing VM operation: HandshakeAllThreads
Event: 7.045 Executing VM operation: HandshakeAllThreads done
Event: 7.063 Executing VM operation: G1CollectForAllocation
Event: 7.067 Executing VM operation: G1CollectForAllocation done
Event: 7.101 Executing VM operation: G1CollectForAllocation
Event: 7.104 Executing VM operation: G1CollectForAllocation done

Events (20 events):
Event: 4.497 Thread 0x0000016aff92ef90 flushing nmethod 0x0000016a80e7a410
Event: 4.497 Thread 0x0000016aff92ef90 flushing nmethod 0x0000016a80e7aa90
Event: 4.497 Thread 0x0000016aff92ef90 flushing nmethod 0x0000016a80e7b590
Event: 4.497 Thread 0x0000016aff92ef90 flushing nmethod 0x0000016a80e7fd90
Event: 4.497 Thread 0x0000016aff92ef90 flushing nmethod 0x0000016a80e80210
Event: 4.497 Thread 0x0000016aff92ef90 flushing nmethod 0x0000016a80e80a10
Event: 4.497 Thread 0x0000016aff92ef90 flushing nmethod 0x0000016a80e81810
Event: 4.497 Thread 0x0000016aff92ef90 flushing nmethod 0x0000016a80e82f10
Event: 4.497 Thread 0x0000016aff92ef90 flushing nmethod 0x0000016a80e93d90
Event: 4.497 Thread 0x0000016aff92ef90 flushing nmethod 0x0000016a80e98f10
Event: 4.497 Thread 0x0000016aff92ef90 flushing nmethod 0x0000016a80ec3d90
Event: 4.497 Thread 0x0000016aff92ef90 flushing nmethod 0x0000016a80f58390
Event: 4.497 Thread 0x0000016aff92ef90 flushing nmethod 0x0000016a80f58890
Event: 4.546 Thread 0x0000016a9afd9e70 Thread added: 0x0000016a9afd9e70
Event: 4.546 Thread 0x0000016a9afdbb50 Thread added: 0x0000016a9afdbb50
Event: 4.546 Thread 0x0000016a9afd99a0 Thread added: 0x0000016a9afd99a0
Event: 4.546 Thread 0x0000016a9afd77f0 Thread added: 0x0000016a9afd77f0
Event: 4.546 Thread 0x0000016a9afd6e50 Thread added: 0x0000016a9afd6e50
Event: 5.707 Thread 0x0000016a9afd7320 Thread added: 0x0000016a9afd7320
Event: 7.299 Thread 0x0000016a9a56ce10 Thread added: 0x0000016a9a56ce10


Dynamic libraries:
0x00007ff68b720000 - 0x00007ff68b730000 	C:\Program Files\Java\jdk-18.0.1.1\bin\java.exe
0x00007ff877ed0000 - 0x00007ff8780c7000 	C:\Windows\SYSTEM32\ntdll.dll
0x00007ff876a30000 - 0x00007ff876aed000 	C:\Windows\System32\KERNEL32.DLL
0x00007ff875b90000 - 0x00007ff875e5d000 	C:\Windows\System32\KERNELBASE.dll
0x00007ff875a90000 - 0x00007ff875b90000 	C:\Windows\System32\ucrtbase.dll
0x00007ff85b640000 - 0x00007ff85b658000 	C:\Program Files\Java\jdk-18.0.1.1\bin\jli.dll
0x00007ff85b510000 - 0x00007ff85b52a000 	C:\Program Files\Java\jdk-18.0.1.1\bin\VCRUNTIME140.dll
0x00007ff877d80000 - 0x00007ff877e2e000 	C:\Windows\System32\ADVAPI32.dll
0x00007ff876e90000 - 0x00007ff876f2e000 	C:\Windows\System32\msvcrt.dll
0x00007ff876b60000 - 0x00007ff876bfc000 	C:\Windows\System32\sechost.dll
0x00007ff876840000 - 0x00007ff876965000 	C:\Windows\System32\RPCRT4.dll
0x00007ff875f30000 - 0x00007ff8760d0000 	C:\Windows\System32\USER32.dll
0x00007ff875e60000 - 0x00007ff875e82000 	C:\Windows\System32\win32u.dll
0x00007ff85be90000 - 0x00007ff85c12a000 	C:\Windows\WinSxS\amd64_microsoft.windows.common-controls_6595b64144ccf1df_6.0.19041.1110_none_60b5254171f9507e\COMCTL32.dll
0x00007ff8760d0000 - 0x00007ff8760fa000 	C:\Windows\System32\GDI32.dll
0x00007ff875730000 - 0x00007ff87583b000 	C:\Windows\System32\gdi32full.dll
0x00007ff875890000 - 0x00007ff87592d000 	C:\Windows\System32\msvcp_win.dll
0x00007ff8690d0000 - 0x00007ff8690da000 	C:\Windows\SYSTEM32\VERSION.dll
0x00007ff876100000 - 0x00007ff876130000 	C:\Windows\System32\IMM32.DLL
0x00007ff86c180000 - 0x00007ff86c18c000 	C:\Program Files\Java\jdk-18.0.1.1\bin\vcruntime140_1.dll
0x00007ff84ae70000 - 0x00007ff84aefd000 	C:\Program Files\Java\jdk-18.0.1.1\bin\msvcp140.dll
0x00007ff811860000 - 0x00007ff812470000 	C:\Program Files\Java\jdk-18.0.1.1\bin\server\jvm.dll
0x00007ff877bf0000 - 0x00007ff877bf8000 	C:\Windows\System32\PSAPI.DLL
0x00007ff85cb40000 - 0x00007ff85cb67000 	C:\Windows\SYSTEM32\WINMM.dll
0x00007ff853da0000 - 0x00007ff853da9000 	C:\Windows\SYSTEM32\WSOCK32.dll
0x00007ff876af0000 - 0x00007ff876b5b000 	C:\Windows\System32\WS2_32.dll
0x00007ff873e40000 - 0x00007ff873e52000 	C:\Windows\SYSTEM32\kernel.appcore.dll
0x00007ff86a9d0000 - 0x00007ff86a9da000 	C:\Program Files\Java\jdk-18.0.1.1\bin\jimage.dll
0x00007ff8739a0000 - 0x00007ff873b84000 	C:\Windows\SYSTEM32\DBGHELP.DLL
0x00007ff8604c0000 - 0x00007ff8604ec000 	C:\Windows\SYSTEM32\dbgcore.DLL
0x00007ff8755f0000 - 0x00007ff875672000 	C:\Windows\System32\bcryptPrimitives.dll
0x00007ff85b450000 - 0x00007ff85b475000 	C:\Program Files\Java\jdk-18.0.1.1\bin\java.dll
0x00007ff83ae30000 - 0x00007ff83af06000 	C:\Program Files\Java\jdk-18.0.1.1\bin\jsvml.dll
0x00007ff876f30000 - 0x00007ff877674000 	C:\Windows\System32\SHELL32.dll
0x00007ff873130000 - 0x00007ff8738c4000 	C:\Windows\SYSTEM32\windows.storage.dll
0x00007ff8764e0000 - 0x00007ff876834000 	C:\Windows\System32\combase.dll
0x00007ff875050000 - 0x00007ff87507c000 	C:\Windows\SYSTEM32\Wldp.dll
0x00007ff876970000 - 0x00007ff876a1d000 	C:\Windows\System32\SHCORE.dll
0x00007ff876cd0000 - 0x00007ff876d25000 	C:\Windows\System32\shlwapi.dll
0x00007ff875530000 - 0x00007ff87554f000 	C:\Windows\SYSTEM32\profapi.dll
0x00007ff85b4f0000 - 0x00007ff85b503000 	C:\Program Files\Java\jdk-18.0.1.1\bin\net.dll
0x00007ff86cb80000 - 0x00007ff86cc8a000 	C:\Windows\SYSTEM32\WINHTTP.dll
0x00007ff874db0000 - 0x00007ff874e1a000 	C:\Windows\system32\mswsock.dll
0x00007ff85a8a0000 - 0x00007ff85a8b6000 	C:\Program Files\Java\jdk-18.0.1.1\bin\nio.dll
0x00007ff84d4e0000 - 0x00007ff84d4f8000 	C:\Program Files\Java\jdk-18.0.1.1\bin\zip.dll
0x00007ff863010000 - 0x00007ff863020000 	C:\Program Files\Java\jdk-18.0.1.1\bin\verify.dll
0x00007ff85a8c0000 - 0x00007ff85a8e7000 	C:\Program Files\Android\gradle-7.3.3\native\e1d6ef7f7dcc3fd88c89a11ec53ec762bb8ba0a96d01ffa2cd45eb1d1d8dd5c5\windows-amd64\native-platform.dll
0x00007ff82e2f0000 - 0x00007ff82e434000 	C:\Program Files\Android\gradle-7.3.3\native\5664cfc778a61ccfe75a443a1ab52a65af34e5dc3c78e0209fed803814484fcb\windows-amd64\native-platform-file-events.dll
0x00007ff85bda0000 - 0x00007ff85bda9000 	C:\Program Files\Java\jdk-18.0.1.1\bin\management.dll
0x00007ff85a7d0000 - 0x00007ff85a7db000 	C:\Program Files\Java\jdk-18.0.1.1\bin\management_ext.dll
0x00007ff874fa0000 - 0x00007ff874fb8000 	C:\Windows\SYSTEM32\CRYPTSP.dll
0x00007ff874690000 - 0x00007ff8746c4000 	C:\Windows\system32\rsaenh.dll
0x00007ff875e90000 - 0x00007ff875eb7000 	C:\Windows\System32\bcrypt.dll
0x00007ff8754b0000 - 0x00007ff8754de000 	C:\Windows\SYSTEM32\USERENV.dll
0x00007ff874fc0000 - 0x00007ff874fcc000 	C:\Windows\SYSTEM32\CRYPTBASE.dll
0x00007ff874a50000 - 0x00007ff874a8b000 	C:\Windows\SYSTEM32\IPHLPAPI.DLL
0x00007ff877710000 - 0x00007ff877718000 	C:\Windows\System32\NSI.dll
0x00007ff869830000 - 0x00007ff869847000 	C:\Windows\SYSTEM32\dhcpcsvc6.DLL
0x00007ff869d30000 - 0x00007ff869d4d000 	C:\Windows\SYSTEM32\dhcpcsvc.DLL
0x00007ff874aa0000 - 0x00007ff874b6b000 	C:\Windows\SYSTEM32\DNSAPI.dll

dbghelp: loaded successfully - version: 4.0.5 - missing functions: none
symbol engine: initialized successfully - sym options: 0x614 - pdb path: .;C:\Program Files\Java\jdk-18.0.1.1\bin;C:\Windows\SYSTEM32;C:\Windows\WinSxS\amd64_microsoft.windows.common-controls_6595b64144ccf1df_6.0.19041.1110_none_60b5254171f9507e;C:\Program Files\Java\jdk-18.0.1.1\bin\server;C:\Program Files\Android\gradle-7.3.3\native\e1d6ef7f7dcc3fd88c89a11ec53ec762bb8ba0a96d01ffa2cd45eb1d1d8dd5c5\windows-amd64;C:\Program Files\Android\gradle-7.3.3\native\5664cfc778a61ccfe75a443a1ab52a65af34e5dc3c78e0209fed803814484fcb\windows-amd64

VM Arguments:
jvm_args: --add-opens=java.base/java.util=ALL-UNNAMED --add-opens=java.base/java.lang=ALL-UNNAMED --add-opens=java.base/java.lang.invoke=ALL-UNNAMED --add-opens=java.base/java.util=ALL-UNNAMED --add-opens=java.prefs/java.util.prefs=ALL-UNNAMED --add-opens=java.prefs/java.util.prefs=ALL-UNNAMED --add-opens=java.base/java.nio.charset=ALL-UNNAMED --add-opens=java.base/java.net=ALL-UNNAMED --add-opens=java.base/java.util.concurrent.atomic=ALL-UNNAMED -Xmx2048m -Dfile.encoding=UTF-8 -Duser.country=IN -Duser.language=en -Duser.variant 
java_command: org.gradle.launcher.daemon.bootstrap.GradleDaemon 7.3.3
java_class_path (initial): C:\Program Files\Android\gradle-7.3.3\lib\gradle-launcher-7.3.3.jar
Launcher Type: SUN_STANDARD

[Global flags]
     intx CICompilerCount                          = 4                                         {product} {ergonomic}
     uint ConcGCThreads                            = 2                                         {product} {ergonomic}
     uint G1ConcRefinementThreads                  = 8                                         {product} {ergonomic}
   size_t G1HeapRegionSize                         = 1048576                                   {product} {ergonomic}
    uintx GCDrainStackTargetSize                   = 64                                        {product} {ergonomic}
   size_t InitialHeapSize                          = 132120576                                 {product} {ergonomic}
   size_t MarkStackSize                            = 4194304                                   {product} {ergonomic}
   size_t MaxHeapSize                              = 2147483648                                {product} {command line}
   size_t MaxNewSize                               = 1287651328                                {product} {ergonomic}
   size_t MinHeapDeltaBytes                        = 1048576                                   {product} {ergonomic}
   size_t MinHeapSize                              = 8388608                                   {product} {ergonomic}
    uintx NonNMethodCodeHeapSize                   = 5839372                                {pd product} {ergonomic}
    uintx NonProfiledCodeHeapSize                  = 122909434                              {pd product} {ergonomic}
    uintx ProfiledCodeHeapSize                     = 122909434                              {pd product} {ergonomic}
    uintx ReservedCodeCacheSize                    = 251658240                              {pd product} {ergonomic}
     bool SegmentedCodeCache                       = true                                      {product} {ergonomic}
   size_t SoftMaxHeapSize                          = 2147483648                             {manageable} {ergonomic}
     bool UseCompressedClassPointers               = true                           {product lp64_product} {ergonomic}
     bool UseCompressedOops                        = true                           {product lp64_product} {ergonomic}
     bool UseG1GC                                  = true                                      {product} {ergonomic}
     bool UseLargePagesIndividualAllocation        = false                                  {pd product} {ergonomic}

Logging:
Log output configuration:
 #0: stdout all=warning uptime,level,tags foldmultilines=false
 #1: stderr all=off uptime,level,tags foldmultilines=false

Environment Variables:
JAVA_HOME=C:\Program Files\Java\jdk-18.0.1.1
PATH=C:\Program Files\Common Files\Oracle\Java\javapath;C:\Windows\system32;C:\Windows;C:\Windows\System32\Wbem;C:\Windows\System32\WindowsPowerShell\v1.0\;C:\Windows\System32\OpenSSH\;C:\Program Files\Git\cmd;C:\Users\suraj\AppData\Local\Microsoft\WindowsApps
USERNAME=suraj
OS=Windows_NT
PROCESSOR_IDENTIFIER=Intel64 Family 6 Model 140 Stepping 1, GenuineIntel



---------------  S Y S T E M  ---------------

OS:
 Windows 10 , 64 bit Build 19041 (10.0.19041.1741)
OS uptime: 0 days 2:04 hours
Hyper-V role detected

CPU: total 8 (initial active 8) (4 cores per cpu, 2 threads per core) family 6 model 140 stepping 1 microcode 0x86, cx8, cmov, fxsr, ht, mmx, 3dnowpref, sse, sse2, sse3, ssse3, sse4.1, sse4.2, popcnt, lzcnt, tsc, tscinvbit, avx, avx2, aes, erms, clmul, bmi1, bmi2, adx, avx512f, avx512dq, avx512cd, avx512bw, avx512vl, sha, fma, vzeroupper, avx512_vpopcntdq, avx512_vpclmulqdq, avx512_vaes, avx512_vnni, clflush, clflushopt, clwb, avx512_vbmi2, avx512_vbmi, hv

Memory: 4k page, system-wide physical 7987M (430M free)
TotalPageFile size 7987M (AvailPageFile size 5M)
current process WorkingSet (physical memory assigned to process): 306M, peak: 306M
current process commit charge ("private bytes"): 351M, peak: 362M

vm_info: Java HotSpot(TM) 64-Bit Server VM (18.0.1.1+2-6) for windows-amd64 JRE (18.0.1.1+2-6), built on Apr 25 2022 21:53:15 by "mach5one" with MS VC++ 16.8 / 16.9 (VS2019)

END.
