#
# There is insufficient memory for the Java Runtime Environment to continue.
# Native memory allocation (malloc) failed to allocate 956656 bytes for Chunk::new
# Possible reasons:
#   The system is out of physical RAM or swap space
#   The process is running with CompressedOops enabled, and the Java Heap may be blocking the growth of the native heap
# Possible solutions:
#   Reduce memory load on the system
#   Increase physical memory or swap space
#   Check if swap backing store is full
#   Decrease Java heap size (-Xmx/-Xms)
#   Decrease number of Java threads
#   Decrease Java thread stack sizes (-Xss)
#   Set larger code cache with -XX:ReservedCodeCacheSize=
#   JVM is running with Unscaled Compressed Oops mode in which the Java heap is
#     placed in the first 4GB address space. The Java Heap base address is the
#     maximum limit for the native heap growth. Please use -XX:HeapBaseMinAddress
#     to set the Java Heap base and to place the Java Heap above 4GB virtual address.
# This output file may be truncated or incomplete.
#
#  Out of Memory Error (arena.cpp:184), pid=6732, tid=4452
#
# JRE version: Java(TM) SE Runtime Environment (18.0.1.1+2) (build 18.0.1.1+2-6)
# Java VM: Java HotSpot(TM) 64-Bit Server VM (18.0.1.1+2-6, mixed mode, sharing, tiered, compressed oops, compressed class ptrs, g1 gc, windows-amd64)
# No core dump will be written. Minidumps are not enabled by default on client versions of Windows
#

---------------  S U M M A R Y ------------

Command Line: --add-opens=java.base/java.util=ALL-UNNAMED --add-opens=java.base/java.lang=ALL-UNNAMED --add-opens=java.base/java.lang.invoke=ALL-UNNAMED --add-opens=java.base/java.util=ALL-UNNAMED --add-opens=java.prefs/java.util.prefs=ALL-UNNAMED --add-opens=java.prefs/java.util.prefs=ALL-UNNAMED --add-opens=java.base/java.nio.charset=ALL-UNNAMED --add-opens=java.base/java.net=ALL-UNNAMED --add-opens=java.base/java.util.concurrent.atomic=ALL-UNNAMED -Xmx2048m -Dfile.encoding=UTF-8 -Duser.country=IN -Duser.language=en -Duser.variant org.gradle.launcher.daemon.bootstrap.GradleDaemon 7.3.3

Host: 11th Gen Intel(R) Core(TM) i5-1135G7 @ 2.40GHz, 8 cores, 7G,  Windows 10 , 64 bit Build 19041 (10.0.19041.1806)
Time: Thu Jun 30 22:25:43 2022 India Standard Time elapsed time: 1.385018 seconds (0d 0h 0m 1s)

---------------  T H R E A D  ---------------

Current thread (0x00000212bae943a0):  JavaThread "C2 CompilerThread0" daemon [_thread_in_native, id=4452, stack(0x000000ea94000000,0x000000ea94100000)]


Current CompileTask:
C2:   1385 2194   !   4       java.lang.ClassLoader::loadClass (121 bytes)

Stack: [0x000000ea94000000,0x000000ea94100000]
Native frames: (J=compiled Java code, j=interpreted, Vv=VM code, C=native code)
V  [jvm.dll+0x69887a]
V  [jvm.dll+0x7f38bd]
V  [jvm.dll+0x7f51ce]
V  [jvm.dll+0x7f5883]
V  [jvm.dll+0x25ca3f]
V  [jvm.dll+0xb8c2f]
V  [jvm.dll+0xb8fa5]
V  [jvm.dll+0x2c794f]
V  [jvm.dll+0x5a05b0]
V  [jvm.dll+0x238398]
V  [jvm.dll+0x2319c5]
V  [jvm.dll+0x22eeeb]
V  [jvm.dll+0x1b9cfc]
V  [jvm.dll+0x23e8ca]
V  [jvm.dll+0x23cbb5]
V  [jvm.dll+0x7a5fb1]
V  [jvm.dll+0x7a03ea]
V  [jvm.dll+0x697725]
C  [ucrtbase.dll+0x21bb2]
C  [KERNEL32.DLL+0x17034]
C  [ntdll.dll+0x52651]


---------------  P R O C E S S  ---------------

Threads class SMR info:
_java_thread_list=0x00000212c0b27080, length=26, elements={
0x000002129ac822c0, 0x00000212bae4e6e0, 0x00000212bae4ef90, 0x00000212bae70d90,
0x00000212bae91650, 0x00000212bae91f00, 0x00000212bae927b0, 0x00000212bae943a0,
0x00000212bae94dd0, 0x00000212bae9ce60, 0x00000212bf1c2e90, 0x00000212bf1d4180,
0x00000212bf322cb0, 0x00000212c07832e0, 0x00000212c07f6320, 0x00000212c04eb1b0,
0x00000212c051edc0, 0x00000212c04e2040, 0x00000212c0a2d860, 0x00000212c0811cb0,
0x00000212c0c03ef0, 0x00000212c0c03550, 0x00000212c0c03a20, 0x00000212c0c060a0,
0x00000212c0c06570, 0x00000212c0c043c0
}

Java Threads: ( => current thread )
  0x000002129ac822c0 JavaThread "main" [_thread_blocked, id=8572, stack(0x000000ea93300000,0x000000ea93400000)]
  0x00000212bae4e6e0 JavaThread "Reference Handler" daemon [_thread_blocked, id=11904, stack(0x000000ea93a00000,0x000000ea93b00000)]
  0x00000212bae4ef90 JavaThread "Finalizer" daemon [_thread_blocked, id=8008, stack(0x000000ea93b00000,0x000000ea93c00000)]
  0x00000212bae70d90 JavaThread "Signal Dispatcher" daemon [_thread_blocked, id=1412, stack(0x000000ea93c00000,0x000000ea93d00000)]
  0x00000212bae91650 JavaThread "Attach Listener" daemon [_thread_blocked, id=10908, stack(0x000000ea93d00000,0x000000ea93e00000)]
  0x00000212bae91f00 JavaThread "Service Thread" daemon [_thread_blocked, id=6628, stack(0x000000ea93e00000,0x000000ea93f00000)]
  0x00000212bae927b0 JavaThread "Monitor Deflation Thread" daemon [_thread_blocked, id=5924, stack(0x000000ea93f00000,0x000000ea94000000)]
=>0x00000212bae943a0 JavaThread "C2 CompilerThread0" daemon [_thread_in_native, id=4452, stack(0x000000ea94000000,0x000000ea94100000)]
  0x00000212bae94dd0 JavaThread "C1 CompilerThread0" daemon [_thread_blocked, id=14096, stack(0x000000ea94100000,0x000000ea94200000)]
  0x00000212bae9ce60 JavaThread "Sweeper thread" daemon [_thread_blocked, id=3496, stack(0x000000ea94200000,0x000000ea94300000)]
  0x00000212bf1c2e90 JavaThread "Common-Cleaner" daemon [_thread_blocked, id=12164, stack(0x000000ea94300000,0x000000ea94400000)]
  0x00000212bf1d4180 JavaThread "Notification Thread" daemon [_thread_blocked, id=11044, stack(0x000000ea94400000,0x000000ea94500000)]
  0x00000212bf322cb0 JavaThread "C2 CompilerThread1" daemon [_thread_in_native, id=6368, stack(0x000000ea94600000,0x000000ea94700000)]
  0x00000212c07832e0 JavaThread "Daemon health stats" [_thread_blocked, id=14952, stack(0x000000ea94d00000,0x000000ea94e00000)]
  0x00000212c07f6320 JavaThread "Incoming local TCP Connector on port 50131" [_thread_in_native, id=15376, stack(0x000000ea94e00000,0x000000ea94f00000)]
  0x00000212c04eb1b0 JavaThread "Daemon periodic checks" [_thread_blocked, id=7512, stack(0x000000ea94f00000,0x000000ea95000000)]
  0x00000212c051edc0 JavaThread "Daemon" [_thread_blocked, id=16364, stack(0x000000ea95000000,0x000000ea95100000)]
  0x00000212c04e2040 JavaThread "Handler for socket connection from /127.0.0.1:50131 to /127.0.0.1:50132" [_thread_in_native, id=10752, stack(0x000000ea95100000,0x000000ea95200000)]
  0x00000212c0a2d860 JavaThread "Cancel handler" [_thread_blocked, id=11636, stack(0x000000ea95200000,0x000000ea95300000)]
  0x00000212c0811cb0 JavaThread "Daemon worker" [_thread_in_Java, id=7508, stack(0x000000ea95300000,0x000000ea95400000)]
  0x00000212c0c03ef0 JavaThread "Asynchronous log dispatcher for DefaultDaemonConnection: socket connection from /127.0.0.1:50131 to /127.0.0.1:50132" [_thread_blocked, id=12732, stack(0x000000ea95400000,0x000000ea95500000)]
  0x00000212c0c03550 JavaThread "Stdin handler" [_thread_blocked, id=13376, stack(0x000000ea95500000,0x000000ea95600000)]
  0x00000212c0c03a20 JavaThread "Daemon client event forwarder" [_thread_blocked, id=10144, stack(0x000000ea95600000,0x000000ea95700000)]
  0x00000212c0c060a0 JavaThread "Cache worker for journal cache (C:\Program Files\Android\gradle-7.3.3\caches\journal-1)" [_thread_blocked, id=3916, stack(0x000000ea95700000,0x000000ea95800000)]
  0x00000212c0c06570 JavaThread "File lock request listener" [_thread_in_native, id=6168, stack(0x000000ea95800000,0x000000ea95900000)]
  0x00000212c0c043c0 JavaThread "Cache worker for file hash cache (C:\Program Files\Android\gradle-7.3.3\caches\7.3.3\fileHashes)" [_thread_blocked, id=10316, stack(0x000000ea95900000,0x000000ea95a00000)]

Other Threads:
  0x00000212bae4b3d0 VMThread "VM Thread" [stack: 0x000000ea93900000,0x000000ea93a00000] [id=8204]
  0x00000212bf1d4e60 WatcherThread "VM Periodic Task Thread" [stack: 0x000000ea94500000,0x000000ea94600000] [id=4528]
  0x000002129ace4a40 WorkerThread "GC Thread#0" [stack: 0x000000ea93400000,0x000000ea93500000] [id=2176]
  0x00000212bfd6d760 WorkerThread "GC Thread#1" [stack: 0x000000ea94700000,0x000000ea94800000] [id=8212]
  0x00000212bfd6da00 WorkerThread "GC Thread#2" [stack: 0x000000ea94800000,0x000000ea94900000] [id=2280]
  0x00000212bfd26c30 WorkerThread "GC Thread#3" [stack: 0x000000ea94900000,0x000000ea94a00000] [id=9844]
  0x00000212bfd6dca0 WorkerThread "GC Thread#4" [stack: 0x000000ea94a00000,0x000000ea94b00000] [id=476]
  0x00000212c04eea60 WorkerThread "GC Thread#5" [stack: 0x000000ea94b00000,0x000000ea94c00000] [id=8668]
  0x00000212c08834f0 WorkerThread "GC Thread#6" [stack: 0x000000ea94c00000,0x000000ea94d00000] [id=5692]
  0x000002129acf5720 ConcurrentGCThread "G1 Main Marker" [stack: 0x000000ea93500000,0x000000ea93600000] [id=10840]
  0x000002129acf5ec0 WorkerThread "G1 Conc#0" [stack: 0x000000ea93600000,0x000000ea93700000] [id=10748]
  0x000002129ad46f30 ConcurrentGCThread "G1 Refine#0" [stack: 0x000000ea93700000,0x000000ea93800000] [id=3172]
  0x000002129ad475f0 ConcurrentGCThread "G1 Service" [stack: 0x000000ea93800000,0x000000ea93900000] [id=9848]

Threads with active compile tasks:
C2 CompilerThread0     1396 2194   !   4       java.lang.ClassLoader::loadClass (121 bytes)
C1 CompilerThread0     1396 2289       3       java.lang.invoke.InvokerBytecodeGenerator::emitConst (333 bytes)
C2 CompilerThread1     1396 2288       4       jdk.internal.org.objectweb.asm.Frame::push (59 bytes)

VM state: not at safepoint (normal execution)

VM Mutex/Monitor currently owned by a thread: None

Heap address: 0x0000000080000000, size: 2048 MB, Compressed Oops mode: 32-bit

CDS archive(s) mapped at: [0x0000000800000000-0x0000000800ba0000-0x0000000800ba0000), size 12189696, SharedBaseAddress: 0x0000000800000000, ArchiveRelocationMode: 0.
Compressed class space mapped at: 0x0000000800c00000-0x0000000840c00000, reserved size: 1073741824
Narrow klass base: 0x0000000800000000, Narrow klass shift: 0, Narrow klass range: 0x100000000

GC Precious Log:
 CardTable entry size: 512
 Card Set container configuration: InlinePtr #cards 5 size 8 Array Of Cards #cards 12 size 40 Howl #buckets 4 coarsen threshold 1843 Howl Bitmap #cards 512 size 80 coarsen threshold 460 Card regions per heap region 1 cards per card region 2048
 CPUs: 8 total, 8 available
 Memory: 7987M
 Large Page Support: Disabled
 NUMA Support: Disabled
 Compressed Oops: Enabled (32-bit)
 Heap Region Size: 1M
 Heap Min Capacity: 8M
 Heap Initial Capacity: 126M
 Heap Max Capacity: 2G
 Pre-touch: Disabled
 Parallel Workers: 8
 Concurrent Workers: 2
 Concurrent Refinement Workers: 8
 Periodic GC: Disabled

Heap:
 garbage-first heap   total 129024K, used 58979K [0x0000000080000000, 0x0000000100000000)
  region size 1024K, 48 young (49152K), 4 survivors (4096K)
 Metaspace       used 14514K, committed 14976K, reserved 1114112K
  class space    used 2029K, committed 2240K, reserved 1048576K

Heap Regions: E=young(eden), S=young(survivor), O=old, HS=humongous(starts), HC=humongous(continues), CS=collection set, F=free, OA=open archive, CA=closed archive, TAMS=top-at-mark-start (previous, next)
|   0|0x0000000080000000, 0x0000000080000000, 0x0000000080100000|  0%| F|  |TAMS 0x0000000080000000, 0x0000000080000000| Untracked 
|   1|0x0000000080100000, 0x0000000080200000, 0x0000000080200000|100%| O|  |TAMS 0x0000000080100000, 0x0000000080100000| Untracked 
|   2|0x0000000080200000, 0x0000000080300000, 0x0000000080300000|100%| O|  |TAMS 0x0000000080200000, 0x0000000080200000| Untracked 
|   3|0x0000000080300000, 0x0000000080400000, 0x0000000080400000|100%|HS|  |TAMS 0x0000000080300000, 0x0000000080300000| Complete 
|   4|0x0000000080400000, 0x0000000080500000, 0x0000000080500000|100%|HC|  |TAMS 0x0000000080400000, 0x0000000080400000| Complete 
|   5|0x0000000080500000, 0x0000000080600000, 0x0000000080600000|100%|HC|  |TAMS 0x0000000080500000, 0x0000000080500000| Complete 
|   6|0x0000000080600000, 0x0000000080700000, 0x0000000080700000|100%| O|  |TAMS 0x0000000080600000, 0x0000000080600000| Untracked 
|   7|0x0000000080700000, 0x0000000080800000, 0x0000000080800000|100%| O|  |TAMS 0x0000000080700000, 0x0000000080700000| Untracked 
|   8|0x0000000080800000, 0x0000000080900000, 0x0000000080900000|100%| O|  |TAMS 0x0000000080800000, 0x0000000080800000| Untracked 
|   9|0x0000000080900000, 0x0000000080a00000, 0x0000000080a00000|100%| O|  |TAMS 0x0000000080900000, 0x0000000080900000| Untracked 
|  10|0x0000000080a00000, 0x0000000080b00000, 0x0000000080b00000|100%| O|  |TAMS 0x0000000080a00000, 0x0000000080a00000| Untracked 
|  11|0x0000000080b00000, 0x0000000080b98c00, 0x0000000080c00000| 59%| O|  |TAMS 0x0000000080b00000, 0x0000000080b00000| Untracked 
|  12|0x0000000080c00000, 0x0000000080c00000, 0x0000000080d00000|  0%| F|  |TAMS 0x0000000080c00000, 0x0000000080c00000| Untracked 
|  13|0x0000000080d00000, 0x0000000080d00000, 0x0000000080e00000|  0%| F|  |TAMS 0x0000000080d00000, 0x0000000080d00000| Untracked 
|  14|0x0000000080e00000, 0x0000000080e00000, 0x0000000080f00000|  0%| F|  |TAMS 0x0000000080e00000, 0x0000000080e00000| Untracked 
|  15|0x0000000080f00000, 0x0000000080f00000, 0x0000000081000000|  0%| F|  |TAMS 0x0000000080f00000, 0x0000000080f00000| Untracked 
|  16|0x0000000081000000, 0x0000000081000000, 0x0000000081100000|  0%| F|  |TAMS 0x0000000081000000, 0x0000000081000000| Untracked 
|  17|0x0000000081100000, 0x0000000081100000, 0x0000000081200000|  0%| F|  |TAMS 0x0000000081100000, 0x0000000081100000| Untracked 
|  18|0x0000000081200000, 0x0000000081200000, 0x0000000081300000|  0%| F|  |TAMS 0x0000000081200000, 0x0000000081200000| Untracked 
|  19|0x0000000081300000, 0x0000000081300000, 0x0000000081400000|  0%| F|  |TAMS 0x0000000081300000, 0x0000000081300000| Untracked 
|  20|0x0000000081400000, 0x0000000081400000, 0x0000000081500000|  0%| F|  |TAMS 0x0000000081400000, 0x0000000081400000| Untracked 
|  21|0x0000000081500000, 0x0000000081500000, 0x0000000081600000|  0%| F|  |TAMS 0x0000000081500000, 0x0000000081500000| Untracked 
|  22|0x0000000081600000, 0x0000000081600000, 0x0000000081700000|  0%| F|  |TAMS 0x0000000081600000, 0x0000000081600000| Untracked 
|  23|0x0000000081700000, 0x0000000081700000, 0x0000000081800000|  0%| F|  |TAMS 0x0000000081700000, 0x0000000081700000| Untracked 
|  24|0x0000000081800000, 0x0000000081800000, 0x0000000081900000|  0%| F|  |TAMS 0x0000000081800000, 0x0000000081800000| Untracked 
|  25|0x0000000081900000, 0x0000000081900000, 0x0000000081a00000|  0%| F|  |TAMS 0x0000000081900000, 0x0000000081900000| Untracked 
|  26|0x0000000081a00000, 0x0000000081a00000, 0x0000000081b00000|  0%| F|  |TAMS 0x0000000081a00000, 0x0000000081a00000| Untracked 
|  27|0x0000000081b00000, 0x0000000081b00000, 0x0000000081c00000|  0%| F|  |TAMS 0x0000000081b00000, 0x0000000081b00000| Untracked 
|  28|0x0000000081c00000, 0x0000000081c00000, 0x0000000081d00000|  0%| F|  |TAMS 0x0000000081c00000, 0x0000000081c00000| Untracked 
|  29|0x0000000081d00000, 0x0000000081d00000, 0x0000000081e00000|  0%| F|  |TAMS 0x0000000081d00000, 0x0000000081d00000| Untracked 
|  30|0x0000000081e00000, 0x0000000081e00000, 0x0000000081f00000|  0%| F|  |TAMS 0x0000000081e00000, 0x0000000081e00000| Untracked 
|  31|0x0000000081f00000, 0x0000000081f00000, 0x0000000082000000|  0%| F|  |TAMS 0x0000000081f00000, 0x0000000081f00000| Untracked 
|  32|0x0000000082000000, 0x0000000082000000, 0x0000000082100000|  0%| F|  |TAMS 0x0000000082000000, 0x0000000082000000| Untracked 
|  33|0x0000000082100000, 0x0000000082100000, 0x0000000082200000|  0%| F|  |TAMS 0x0000000082100000, 0x0000000082100000| Untracked 
|  34|0x0000000082200000, 0x0000000082200000, 0x0000000082300000|  0%| F|  |TAMS 0x0000000082200000, 0x0000000082200000| Untracked 
|  35|0x0000000082300000, 0x0000000082300000, 0x0000000082400000|  0%| F|  |TAMS 0x0000000082300000, 0x0000000082300000| Untracked 
|  36|0x0000000082400000, 0x0000000082400000, 0x0000000082500000|  0%| F|  |TAMS 0x0000000082400000, 0x0000000082400000| Untracked 
|  37|0x0000000082500000, 0x0000000082500000, 0x0000000082600000|  0%| F|  |TAMS 0x0000000082500000, 0x0000000082500000| Untracked 
|  38|0x0000000082600000, 0x0000000082600000, 0x0000000082700000|  0%| F|  |TAMS 0x0000000082600000, 0x0000000082600000| Untracked 
|  39|0x0000000082700000, 0x0000000082700000, 0x0000000082800000|  0%| F|  |TAMS 0x0000000082700000, 0x0000000082700000| Untracked 
|  40|0x0000000082800000, 0x0000000082800000, 0x0000000082900000|  0%| F|  |TAMS 0x0000000082800000, 0x0000000082800000| Untracked 
|  41|0x0000000082900000, 0x0000000082900000, 0x0000000082a00000|  0%| F|  |TAMS 0x0000000082900000, 0x0000000082900000| Untracked 
|  42|0x0000000082a00000, 0x0000000082a00000, 0x0000000082b00000|  0%| F|  |TAMS 0x0000000082a00000, 0x0000000082a00000| Untracked 
|  43|0x0000000082b00000, 0x0000000082b00000, 0x0000000082c00000|  0%| F|  |TAMS 0x0000000082b00000, 0x0000000082b00000| Untracked 
|  44|0x0000000082c00000, 0x0000000082c00000, 0x0000000082d00000|  0%| F|  |TAMS 0x0000000082c00000, 0x0000000082c00000| Untracked 
|  45|0x0000000082d00000, 0x0000000082d00000, 0x0000000082e00000|  0%| F|  |TAMS 0x0000000082d00000, 0x0000000082d00000| Untracked 
|  46|0x0000000082e00000, 0x0000000082e00000, 0x0000000082f00000|  0%| F|  |TAMS 0x0000000082e00000, 0x0000000082e00000| Untracked 
|  47|0x0000000082f00000, 0x0000000082f00000, 0x0000000083000000|  0%| F|  |TAMS 0x0000000082f00000, 0x0000000082f00000| Untracked 
|  48|0x0000000083000000, 0x0000000083000000, 0x0000000083100000|  0%| F|  |TAMS 0x0000000083000000, 0x0000000083000000| Untracked 
|  49|0x0000000083100000, 0x0000000083100000, 0x0000000083200000|  0%| F|  |TAMS 0x0000000083100000, 0x0000000083100000| Untracked 
|  50|0x0000000083200000, 0x0000000083200000, 0x0000000083300000|  0%| F|  |TAMS 0x0000000083200000, 0x0000000083200000| Untracked 
|  51|0x0000000083300000, 0x0000000083300000, 0x0000000083400000|  0%| F|  |TAMS 0x0000000083300000, 0x0000000083300000| Untracked 
|  52|0x0000000083400000, 0x0000000083400000, 0x0000000083500000|  0%| F|  |TAMS 0x0000000083400000, 0x0000000083400000| Untracked 
|  53|0x0000000083500000, 0x0000000083500000, 0x0000000083600000|  0%| F|  |TAMS 0x0000000083500000, 0x0000000083500000| Untracked 
|  54|0x0000000083600000, 0x0000000083600000, 0x0000000083700000|  0%| F|  |TAMS 0x0000000083600000, 0x0000000083600000| Untracked 
|  55|0x0000000083700000, 0x0000000083700000, 0x0000000083800000|  0%| F|  |TAMS 0x0000000083700000, 0x0000000083700000| Untracked 
|  56|0x0000000083800000, 0x0000000083800000, 0x0000000083900000|  0%| F|  |TAMS 0x0000000083800000, 0x0000000083800000| Untracked 
|  57|0x0000000083900000, 0x0000000083900000, 0x0000000083a00000|  0%| F|  |TAMS 0x0000000083900000, 0x0000000083900000| Untracked 
|  58|0x0000000083a00000, 0x0000000083a00000, 0x0000000083b00000|  0%| F|  |TAMS 0x0000000083a00000, 0x0000000083a00000| Untracked 
|  59|0x0000000083b00000, 0x0000000083b00000, 0x0000000083c00000|  0%| F|  |TAMS 0x0000000083b00000, 0x0000000083b00000| Untracked 
|  60|0x0000000083c00000, 0x0000000083c00000, 0x0000000083d00000|  0%| F|  |TAMS 0x0000000083c00000, 0x0000000083c00000| Untracked 
|  61|0x0000000083d00000, 0x0000000083d00000, 0x0000000083e00000|  0%| F|  |TAMS 0x0000000083d00000, 0x0000000083d00000| Untracked 
|  62|0x0000000083e00000, 0x0000000083e00000, 0x0000000083f00000|  0%| F|  |TAMS 0x0000000083e00000, 0x0000000083e00000| Untracked 
|  63|0x0000000083f00000, 0x0000000083f00000, 0x0000000084000000|  0%| F|  |TAMS 0x0000000083f00000, 0x0000000083f00000| Untracked 
|  64|0x0000000084000000, 0x0000000084000000, 0x0000000084100000|  0%| F|  |TAMS 0x0000000084000000, 0x0000000084000000| Untracked 
|  65|0x0000000084100000, 0x0000000084100000, 0x0000000084200000|  0%| F|  |TAMS 0x0000000084100000, 0x0000000084100000| Untracked 
|  66|0x0000000084200000, 0x0000000084200000, 0x0000000084300000|  0%| F|  |TAMS 0x0000000084200000, 0x0000000084200000| Untracked 
|  67|0x0000000084300000, 0x0000000084300000, 0x0000000084400000|  0%| F|  |TAMS 0x0000000084300000, 0x0000000084300000| Untracked 
|  68|0x0000000084400000, 0x0000000084400000, 0x0000000084500000|  0%| F|  |TAMS 0x0000000084400000, 0x0000000084400000| Untracked 
|  69|0x0000000084500000, 0x0000000084500000, 0x0000000084600000|  0%| F|  |TAMS 0x0000000084500000, 0x0000000084500000| Untracked 
|  70|0x0000000084600000, 0x0000000084600000, 0x0000000084700000|  0%| F|  |TAMS 0x0000000084600000, 0x0000000084600000| Untracked 
|  71|0x0000000084700000, 0x0000000084700000, 0x0000000084800000|  0%| F|  |TAMS 0x0000000084700000, 0x0000000084700000| Untracked 
|  72|0x0000000084800000, 0x0000000084800000, 0x0000000084900000|  0%| F|  |TAMS 0x0000000084800000, 0x0000000084800000| Untracked 
|  73|0x0000000084900000, 0x0000000084900000, 0x0000000084a00000|  0%| F|  |TAMS 0x0000000084900000, 0x0000000084900000| Untracked 
|  74|0x0000000084a00000, 0x0000000084a00000, 0x0000000084b00000|  0%| F|  |TAMS 0x0000000084a00000, 0x0000000084a00000| Untracked 
|  75|0x0000000084b00000, 0x0000000084b00000, 0x0000000084c00000|  0%| F|  |TAMS 0x0000000084b00000, 0x0000000084b00000| Untracked 
|  76|0x0000000084c00000, 0x0000000084c00000, 0x0000000084d00000|  0%| F|  |TAMS 0x0000000084c00000, 0x0000000084c00000| Untracked 
|  77|0x0000000084d00000, 0x0000000084d00000, 0x0000000084e00000|  0%| F|  |TAMS 0x0000000084d00000, 0x0000000084d00000| Untracked 
|  78|0x0000000084e00000, 0x0000000084e80c50, 0x0000000084f00000| 50%| E|  |TAMS 0x0000000084e00000, 0x0000000084e00000| Complete 
|  79|0x0000000084f00000, 0x0000000085000000, 0x0000000085000000|100%| E|CS|TAMS 0x0000000084f00000, 0x0000000084f00000| Complete 
|  80|0x0000000085000000, 0x0000000085100000, 0x0000000085100000|100%| E|CS|TAMS 0x0000000085000000, 0x0000000085000000| Complete 
|  81|0x0000000085100000, 0x0000000085200000, 0x0000000085200000|100%| E|CS|TAMS 0x0000000085100000, 0x0000000085100000| Complete 
|  82|0x0000000085200000, 0x0000000085300000, 0x0000000085300000|100%| E|CS|TAMS 0x0000000085200000, 0x0000000085200000| Complete 
|  83|0x0000000085300000, 0x0000000085400000, 0x0000000085400000|100%| E|CS|TAMS 0x0000000085300000, 0x0000000085300000| Complete 
|  84|0x0000000085400000, 0x0000000085500000, 0x0000000085500000|100%| E|CS|TAMS 0x0000000085400000, 0x0000000085400000| Complete 
|  85|0x0000000085500000, 0x0000000085600000, 0x0000000085600000|100%| E|CS|TAMS 0x0000000085500000, 0x0000000085500000| Complete 
|  86|0x0000000085600000, 0x0000000085700000, 0x0000000085700000|100%| E|CS|TAMS 0x0000000085600000, 0x0000000085600000| Complete 
|  87|0x0000000085700000, 0x0000000085800000, 0x0000000085800000|100%| E|CS|TAMS 0x0000000085700000, 0x0000000085700000| Complete 
|  88|0x0000000085800000, 0x0000000085900000, 0x0000000085900000|100%| E|CS|TAMS 0x0000000085800000, 0x0000000085800000| Complete 
|  89|0x0000000085900000, 0x0000000085a00000, 0x0000000085a00000|100%| E|CS|TAMS 0x0000000085900000, 0x0000000085900000| Complete 
|  90|0x0000000085a00000, 0x0000000085b00000, 0x0000000085b00000|100%| S|CS|TAMS 0x0000000085a00000, 0x0000000085a00000| Complete 
|  91|0x0000000085b00000, 0x0000000085c00000, 0x0000000085c00000|100%| S|CS|TAMS 0x0000000085b00000, 0x0000000085b00000| Complete 
|  92|0x0000000085c00000, 0x0000000085d00000, 0x0000000085d00000|100%| S|CS|TAMS 0x0000000085c00000, 0x0000000085c00000| Complete 
|  93|0x0000000085d00000, 0x0000000085e00000, 0x0000000085e00000|100%| S|CS|TAMS 0x0000000085d00000, 0x0000000085d00000| Complete 
|  94|0x0000000085e00000, 0x0000000085f00000, 0x0000000085f00000|100%| E|CS|TAMS 0x0000000085e00000, 0x0000000085e00000| Complete 
|  95|0x0000000085f00000, 0x0000000086000000, 0x0000000086000000|100%| E|CS|TAMS 0x0000000085f00000, 0x0000000085f00000| Complete 
|  96|0x0000000086000000, 0x0000000086100000, 0x0000000086100000|100%| E|CS|TAMS 0x0000000086000000, 0x0000000086000000| Complete 
|  97|0x0000000086100000, 0x0000000086200000, 0x0000000086200000|100%| E|CS|TAMS 0x0000000086100000, 0x0000000086100000| Complete 
|  98|0x0000000086200000, 0x0000000086300000, 0x0000000086300000|100%| E|CS|TAMS 0x0000000086200000, 0x0000000086200000| Complete 
|  99|0x0000000086300000, 0x0000000086400000, 0x0000000086400000|100%| E|CS|TAMS 0x0000000086300000, 0x0000000086300000| Complete 
| 100|0x0000000086400000, 0x0000000086500000, 0x0000000086500000|100%| E|CS|TAMS 0x0000000086400000, 0x0000000086400000| Complete 
| 101|0x0000000086500000, 0x0000000086600000, 0x0000000086600000|100%| E|CS|TAMS 0x0000000086500000, 0x0000000086500000| Complete 
| 102|0x0000000086600000, 0x0000000086700000, 0x0000000086700000|100%| E|CS|TAMS 0x0000000086600000, 0x0000000086600000| Complete 
| 103|0x0000000086700000, 0x0000000086800000, 0x0000000086800000|100%| E|CS|TAMS 0x0000000086700000, 0x0000000086700000| Complete 
| 104|0x0000000086800000, 0x0000000086900000, 0x0000000086900000|100%| E|CS|TAMS 0x0000000086800000, 0x0000000086800000| Complete 
| 105|0x0000000086900000, 0x0000000086a00000, 0x0000000086a00000|100%| E|CS|TAMS 0x0000000086900000, 0x0000000086900000| Complete 
| 106|0x0000000086a00000, 0x0000000086b00000, 0x0000000086b00000|100%| E|CS|TAMS 0x0000000086a00000, 0x0000000086a00000| Complete 
| 107|0x0000000086b00000, 0x0000000086c00000, 0x0000000086c00000|100%| E|CS|TAMS 0x0000000086b00000, 0x0000000086b00000| Complete 
| 108|0x0000000086c00000, 0x0000000086d00000, 0x0000000086d00000|100%| E|CS|TAMS 0x0000000086c00000, 0x0000000086c00000| Complete 
| 109|0x0000000086d00000, 0x0000000086e00000, 0x0000000086e00000|100%| E|CS|TAMS 0x0000000086d00000, 0x0000000086d00000| Complete 
| 110|0x0000000086e00000, 0x0000000086f00000, 0x0000000086f00000|100%| E|CS|TAMS 0x0000000086e00000, 0x0000000086e00000| Complete 
| 111|0x0000000086f00000, 0x0000000087000000, 0x0000000087000000|100%| E|CS|TAMS 0x0000000086f00000, 0x0000000086f00000| Complete 
| 112|0x0000000087000000, 0x0000000087100000, 0x0000000087100000|100%| E|CS|TAMS 0x0000000087000000, 0x0000000087000000| Complete 
| 113|0x0000000087100000, 0x0000000087200000, 0x0000000087200000|100%| E|CS|TAMS 0x0000000087100000, 0x0000000087100000| Complete 
| 114|0x0000000087200000, 0x0000000087300000, 0x0000000087300000|100%| E|CS|TAMS 0x0000000087200000, 0x0000000087200000| Complete 
| 115|0x0000000087300000, 0x0000000087400000, 0x0000000087400000|100%| E|CS|TAMS 0x0000000087300000, 0x0000000087300000| Complete 
| 116|0x0000000087400000, 0x0000000087500000, 0x0000000087500000|100%| E|CS|TAMS 0x0000000087400000, 0x0000000087400000| Complete 
| 117|0x0000000087500000, 0x0000000087600000, 0x0000000087600000|100%| E|CS|TAMS 0x0000000087500000, 0x0000000087500000| Complete 
| 118|0x0000000087600000, 0x0000000087700000, 0x0000000087700000|100%| E|CS|TAMS 0x0000000087600000, 0x0000000087600000| Complete 
| 119|0x0000000087700000, 0x0000000087800000, 0x0000000087800000|100%| E|CS|TAMS 0x0000000087700000, 0x0000000087700000| Complete 
| 120|0x0000000087800000, 0x0000000087900000, 0x0000000087900000|100%| E|CS|TAMS 0x0000000087800000, 0x0000000087800000| Complete 
| 121|0x0000000087900000, 0x0000000087a00000, 0x0000000087a00000|100%| E|CS|TAMS 0x0000000087900000, 0x0000000087900000| Complete 
| 122|0x0000000087a00000, 0x0000000087b00000, 0x0000000087b00000|100%| E|CS|TAMS 0x0000000087a00000, 0x0000000087a00000| Complete 
| 123|0x0000000087b00000, 0x0000000087c00000, 0x0000000087c00000|100%| E|CS|TAMS 0x0000000087b00000, 0x0000000087b00000| Complete 
| 124|0x0000000087c00000, 0x0000000087d00000, 0x0000000087d00000|100%| E|CS|TAMS 0x0000000087c00000, 0x0000000087c00000| Complete 
| 125|0x0000000087d00000, 0x0000000087e00000, 0x0000000087e00000|100%| E|CS|TAMS 0x0000000087d00000, 0x0000000087d00000| Complete 

Card table byte_map: [0x00000212b3c00000,0x00000212b4000000] _byte_map_base: 0x00000212b3800000

Marking Bits (Prev, Next): (CMBitMap*) 0x000002129ace4df0, (CMBitMap*) 0x000002129ace4e30
 Prev Bits: [0x00000212b4400000, 0x00000212b6400000)
 Next Bits: [0x00000212b6400000, 0x00000212b8400000)

Polling page: 0x000002129ad50000

Metaspace:

Usage:
  Non-class:     12.23 MB used.
      Class:      1.99 MB used.
       Both:     14.22 MB used.

Virtual space:
  Non-class space:       64.00 MB reserved,      12.44 MB ( 19%) committed,  1 nodes.
      Class space:        1.00 GB reserved,       2.19 MB ( <1%) committed,  1 nodes.
             Both:        1.06 GB reserved,      14.62 MB (  1%) committed. 

Chunk freelists:
   Non-Class:  3.45 MB
       Class:  1.70 MB
        Both:  5.15 MB

MaxMetaspaceSize: unlimited
CompressedClassSpaceSize: 1.00 GB
Initial GC threshold: 21.00 MB
Current GC threshold: 21.00 MB
CDS: on
MetaspaceReclaimPolicy: balanced
 - commit_granule_bytes: 65536.
 - commit_granule_words: 8192.
 - virtual_space_node_default_size: 8388608.
 - enlarge_chunks_in_place: 1.
 - new_chunks_are_fully_committed: 0.
 - uncommit_free_chunks: 1.
 - use_allocation_guard: 0.


Internal statistics:

num_allocs_failed_limit: 0.
num_arena_births: 660.
num_arena_deaths: 0.
num_vsnodes_births: 2.
num_vsnodes_deaths: 0.
num_space_committed: 234.
num_space_uncommitted: 0.
num_chunks_returned_to_freelist: 0.
num_chunks_taken_from_freelist: 1222.
num_chunk_merges: 0.
num_chunk_splits: 777.
num_chunks_enlarged: 495.
num_inconsistent_stats: 0.

CodeHeap 'non-profiled nmethods': size=120000Kb used=990Kb max_used=990Kb free=119009Kb
 bounds [0x00000212ab870000, 0x00000212abae0000, 0x00000212b2da0000]
CodeHeap 'profiled nmethods': size=120000Kb used=4699Kb max_used=4699Kb free=115300Kb
 bounds [0x00000212a4340000, 0x00000212a47e0000, 0x00000212ab870000]
CodeHeap 'non-nmethods': size=5760Kb used=1243Kb max_used=1261Kb free=4516Kb
 bounds [0x00000212a3da0000, 0x00000212a4010000, 0x00000212a4340000]
 total_blobs=2817 nmethods=2292 adapters=437
 compilation: enabled
              stopped_count=0, restarted_count=0
 full_count=0

Compilation events (20 events):
Event: 1.367 Thread 0x00000212bae94dd0 2263       3       java.lang.System$2::defineClass (21 bytes)
Event: 1.367 Thread 0x00000212bae94dd0 nmethod 2263 0x00000212a47c3710 code [0x00000212a47c38c0, 0x00000212a47c3a48]
Event: 1.371 Thread 0x00000212bae94dd0 2264       3       java.util.LinkedHashMap$LinkedValueIterator::next (8 bytes)
Event: 1.371 Thread 0x00000212bae94dd0 nmethod 2264 0x00000212a47c3b10 code [0x00000212a47c3cc0, 0x00000212a47c3e08]
Event: 1.371 Thread 0x00000212bae94dd0 2265       3       jdk.internal.org.objectweb.asm.Edge::<init> (20 bytes)
Event: 1.371 Thread 0x00000212bae94dd0 nmethod 2265 0x00000212a47c3f10 code [0x00000212a47c40c0, 0x00000212a47c42f8]
Event: 1.371 Thread 0x00000212bae94dd0 2266       3       java.lang.invoke.MethodType::genericMethodType (6 bytes)
Event: 1.371 Thread 0x00000212bae94dd0 nmethod 2266 0x00000212a47c4390 code [0x00000212a47c4520, 0x00000212a47c4648]
Event: 1.371 Thread 0x00000212bae94dd0 2267       3       java.lang.invoke.LambdaFormEditor::bindArgumentL (59 bytes)
Event: 1.372 Thread 0x00000212bae94dd0 nmethod 2267 0x00000212a47c4710 code [0x00000212a47c48e0, 0x00000212a47c4b88]
Event: 1.372 Thread 0x00000212bae94dd0 2268       1       java.lang.reflect.AccessibleObject::isAccessible (5 bytes)
Event: 1.372 Thread 0x00000212bae94dd0 nmethod 2268 0x00000212ab963890 code [0x00000212ab963a20, 0x00000212ab963af8]
Event: 1.373 Thread 0x00000212bae94dd0 2269   !   3       org.gradle.internal.classloader.TransformingClassLoader::findClass (203 bytes)
Event: 1.375 Thread 0x00000212bae94dd0 nmethod 2269 0x00000212a47c4c90 code [0x00000212a47c5160, 0x00000212a47c7558]
Event: 1.375 Thread 0x00000212bae94dd0 2271   !   3       java.lang.invoke.LambdaFormEditor::putInCache (523 bytes)
Event: 1.377 Thread 0x00000212bae94dd0 nmethod 2271 0x00000212a47c8510 code [0x00000212a47c8980, 0x00000212a47cb548]
Event: 1.377 Thread 0x00000212bae94dd0 2270       3       org.gradle.initialization.MixInLegacyTypesClassLoader::shouldTransform (42 bytes)
Event: 1.377 Thread 0x00000212bae94dd0 nmethod 2270 0x00000212a47cc710 code [0x00000212a47cc8e0, 0x00000212a47cccd8]
Event: 1.377 Thread 0x00000212bae94dd0 2272       3       java.lang.Package::<init> (47 bytes)
Event: 1.378 Thread 0x00000212bae94dd0 nmethod 2272 0x00000212a47cce90 code [0x00000212a47cd080, 0x00000212a47cd4e8]

GC Heap History (4 events):
Event: 0.444 GC heap before
{Heap before GC invocations=0 (full 0):
 garbage-first heap   total 129024K, used 28672K [0x0000000080000000, 0x0000000100000000)
  region size 1024K, 23 young (23552K), 0 survivors (0K)
 Metaspace       used 3727K, committed 3904K, reserved 1114112K
  class space    used 467K, committed 576K, reserved 1048576K
}
Event: 0.448 GC heap after
{Heap after GC invocations=1 (full 0):
 garbage-first heap   total 129024K, used 9348K [0x0000000080000000, 0x0000000100000000)
  region size 1024K, 3 young (3072K), 3 survivors (3072K)
 Metaspace       used 3727K, committed 3904K, reserved 1114112K
  class space    used 467K, committed 576K, reserved 1048576K
}
Event: 0.744 GC heap before
{Heap before GC invocations=1 (full 0):
 garbage-first heap   total 129024K, used 39044K [0x0000000080000000, 0x0000000100000000)
  region size 1024K, 32 young (32768K), 3 survivors (3072K)
 Metaspace       used 4827K, committed 4992K, reserved 1114112K
  class space    used 634K, committed 704K, reserved 1048576K
}
Event: 0.749 GC heap after
{Heap after GC invocations=2 (full 0):
 garbage-first heap   total 129024K, used 14947K [0x0000000080000000, 0x0000000100000000)
  region size 1024K, 4 young (4096K), 4 survivors (4096K)
 Metaspace       used 4827K, committed 4992K, reserved 1114112K
  class space    used 634K, committed 704K, reserved 1048576K
}

Deoptimization events (20 events):
Event: 1.251 Thread 0x00000212c0811cb0 Uncommon trap: trap_request=0xffffff45 fr.pc=0x00000212ab884ba4 relative=0x0000000000000104
Event: 1.251 Thread 0x00000212c0811cb0 Uncommon trap: reason=unstable_if action=reinterpret pc=0x00000212ab884ba4 method=java.util.regex.Matcher.reset()Ljava/util/regex/Matcher; @ 47 c2
Event: 1.251 Thread 0x00000212c0811cb0 DEOPT PACKING pc=0x00000212ab884ba4 sp=0x000000ea953f8e70
Event: 1.251 Thread 0x00000212c0811cb0 DEOPT UNPACKING pc=0x00000212a3df5c23 sp=0x000000ea953f8e18 mode 2
Event: 1.251 Thread 0x00000212c0811cb0 Uncommon trap: trap_request=0xffffff45 fr.pc=0x00000212ab8865b0 relative=0x00000000000003d0
Event: 1.251 Thread 0x00000212c0811cb0 Uncommon trap: reason=unstable_if action=reinterpret pc=0x00000212ab8865b0 method=java.util.regex.Matcher.match(II)Z @ 76 c2
Event: 1.251 Thread 0x00000212c0811cb0 DEOPT PACKING pc=0x00000212ab8865b0 sp=0x000000ea953f8ea0
Event: 1.251 Thread 0x00000212c0811cb0 DEOPT UNPACKING pc=0x00000212a3df5c23 sp=0x000000ea953f8e90 mode 2
Event: 1.288 Thread 0x00000212c0811cb0 Uncommon trap: trap_request=0xffffff45 fr.pc=0x00000212ab889298 relative=0x0000000000000c98
Event: 1.288 Thread 0x00000212c0811cb0 Uncommon trap: reason=unstable_if action=reinterpret pc=0x00000212ab889298 method=java.io.WinNTFileSystem.resolve(Ljava/lang/String;Ljava/lang/String;)Ljava/lang/String; @ 19 c2
Event: 1.288 Thread 0x00000212c0811cb0 DEOPT PACKING pc=0x00000212ab889298 sp=0x000000ea953fb6b0
Event: 1.288 Thread 0x00000212c0811cb0 DEOPT UNPACKING pc=0x00000212a3df5c23 sp=0x000000ea953fb648 mode 2
Event: 1.289 Thread 0x00000212c0811cb0 Uncommon trap: trap_request=0xffffffc6 fr.pc=0x00000212ab8d7e28 relative=0x0000000000000088
Event: 1.289 Thread 0x00000212c0811cb0 Uncommon trap: reason=bimorphic_or_optimized_type_check action=maybe_recompile pc=0x00000212ab8d7e28 method=java.util.AbstractList$Itr.hasNext()Z @ 8 c2
Event: 1.289 Thread 0x00000212c0811cb0 DEOPT PACKING pc=0x00000212ab8d7e28 sp=0x000000ea953faac0
Event: 1.289 Thread 0x00000212c0811cb0 DEOPT UNPACKING pc=0x00000212a3df5c23 sp=0x000000ea953faa58 mode 2
Event: 1.289 Thread 0x00000212c0811cb0 Uncommon trap: trap_request=0xffffffc6 fr.pc=0x00000212ab8da6b8 relative=0x0000000000000118
Event: 1.289 Thread 0x00000212c0811cb0 Uncommon trap: reason=bimorphic_or_optimized_type_check action=maybe_recompile pc=0x00000212ab8da6b8 method=java.util.AbstractList$Itr.next()Ljava/lang/Object; @ 14 c2
Event: 1.289 Thread 0x00000212c0811cb0 DEOPT PACKING pc=0x00000212ab8da6b8 sp=0x000000ea953faab0
Event: 1.289 Thread 0x00000212c0811cb0 DEOPT UNPACKING pc=0x00000212a3df5c23 sp=0x000000ea953faa48 mode 2

Classes loaded (20 events):
Event: 1.313 Loading class java/util/concurrent/locks/ReadWriteLock
Event: 1.313 Loading class java/util/concurrent/locks/ReadWriteLock done
Event: 1.314 Loading class java/nio/file/FileVisitor
Event: 1.314 Loading class java/nio/file/FileVisitor done
Event: 1.314 Loading class java/nio/file/FileVisitOption
Event: 1.314 Loading class java/nio/file/FileVisitOption done
Event: 1.317 Loading class java/util/stream/ReduceOps$1
Event: 1.317 Loading class java/util/stream/ReduceOps$1 done
Event: 1.317 Loading class java/util/stream/ReduceOps$1ReducingSink
Event: 1.317 Loading class java/util/stream/ReduceOps$1ReducingSink done
Event: 1.324 Loading class java/io/ObjectOutputStream
Event: 1.324 Loading class java/io/ObjectOutput
Event: 1.324 Loading class java/io/ObjectOutput done
Event: 1.324 Loading class java/io/ObjectStreamConstants
Event: 1.325 Loading class java/io/ObjectStreamConstants done
Event: 1.325 Loading class java/io/ObjectOutputStream done
Event: 1.325 Loading class java/io/ObjectInputStream
Event: 1.325 Loading class java/io/ObjectInput
Event: 1.325 Loading class java/io/ObjectInput done
Event: 1.325 Loading class java/io/ObjectInputStream done

Classes unloaded (0 events):
No events

Classes redefined (0 events):
No events

Internal exceptions (20 events):
Event: 1.162 Thread 0x00000212c0811cb0 Exception <a 'java/lang/NoSuchMethodError'{0x000000008667fb38}: 'java.lang.Object java.lang.invoke.DirectMethodHandle$Holder.invokeStatic(java.lang.Object, java.lang.Object, java.lang.Object, java.lang.Object, java.lang.Object, java.lang.Object, java.lang.Object, java.lang.Object, java.lang.Object, java.lang.Object, java.lang.Object, java.lang.Object, java.lang.Object, java.lang.Object, java.lang.Object, java.lang.Object, java.lang.Object, java.lang.Object, java.lang.Object)'> (0x000000008667fb38) 
thrown 
Event: 1.163 Thread 0x00000212c0811cb0 Exception <a 'java/lang/NoSuchMethodError'{0x00000000866a9028}: 'java.lang.Object java.lang.invoke.DirectMethodHandle$Holder.invokeStatic(java.lang.Object, java.lang.Object, java.lang.Object, java.lang.Object, java.lang.Object, java.lang.Object, java.lang.Object, java.lang.Object, java.lang.Object, java.lang.Object, java.lang.Object, java.lang.Object, java.lang.Object, java.lang.Object, java.lang.Object, java.lang.Object, java.lang.Object, java.lang.Object, java.lang.Object, java.lang.Object)'> (0x00000000
Event: 1.164 Thread 0x00000212c0811cb0 Exception <a 'java/lang/NoSuchMethodError'{0x00000000866d32a8}: 'java.lang.Object java.lang.invoke.DirectMethodHandle$Holder.invokeStatic(java.lang.Object, java.lang.Object, java.lang.Object, java.lang.Object, java.lang.Object, java.lang.Object, java.lang.Object, java.lang.Object, java.lang.Object, java.lang.Object, java.lang.Object, java.lang.Object, java.lang.Object, java.lang.Object, java.lang.Object, java.lang.Object, java.lang.Object, java.lang.Object, java.lang.Object, java.lang.Object, java.lang.Obj
Event: 1.165 Thread 0x00000212c0811cb0 Exception <a 'java/lang/NoSuchMethodError'{0x00000000866fde68}: 'java.lang.Object java.lang.invoke.DirectMethodHandle$Holder.invokeStatic(java.lang.Object, java.lang.Object, java.lang.Object, java.lang.Object, java.lang.Object, java.lang.Object, java.lang.Object, java.lang.Object, java.lang.Object, java.lang.Object, java.lang.Object, java.lang.Object, java.lang.Object, java.lang.Object, java.lang.Object, java.lang.Object, java.lang.Object, java.lang.Object, java.lang.Object, java.lang.Object, java.lang.Obj
Event: 1.166 Thread 0x00000212c0811cb0 Exception <a 'java/lang/NoSuchMethodError'{0x000000008652aae8}: 'java.lang.Object java.lang.invoke.DirectMethodHandle$Holder.invokeStatic(java.lang.Object, java.lang.Object, java.lang.Object, java.lang.Object, java.lang.Object, java.lang.Object, java.lang.Object, java.lang.Object, java.lang.Object, java.lang.Object, java.lang.Object, java.lang.Object, java.lang.Object, java.lang.Object, java.lang.Object, java.lang.Object, java.lang.Object, java.lang.Object, java.lang.Object, java.lang.Object, java.lang.Obj
Event: 1.224 Thread 0x00000212c0811cb0 Exception <a 'java/lang/NoSuchMethodError'{0x00000000860fa6c0}: 'void java.lang.invoke.DirectMethodHandle$Holder.invokeInterface(java.lang.Object, java.lang.Object)'> (0x00000000860fa6c0) 
thrown [s\open\src\hotspot\share\interpreter\linkResolver.cpp, line 766]
Event: 1.224 Thread 0x00000212c0811cb0 Exception <a 'java/lang/IncompatibleClassChangeError'{0x00000000860fe0f0}: Found class java.lang.Object, but interface was expected> (0x00000000860fe0f0) 
thrown [s\open\src\hotspot\share\interpreter\linkResolver.cpp, line 833]
Event: 1.224 Thread 0x00000212c0811cb0 Exception <a 'java/lang/NoSuchMethodError'{0x00000000860ff038}: 'void java.lang.invoke.DirectMethodHandle$Holder.invokeSpecial(java.lang.Object, java.lang.Object, java.lang.Object)'> (0x00000000860ff038) 
thrown [s\open\src\hotspot\share\interpreter\linkResolver.cpp, line 766]
Event: 1.229 Thread 0x00000212c0811cb0 Exception <a 'java/lang/NoSuchMethodError'{0x0000000085f778e0}: 'void java.lang.invoke.DirectMethodHandle$Holder.invokeStaticInit(java.lang.Object)'> (0x0000000085f778e0) 
thrown [s\open\src\hotspot\share\interpreter\linkResolver.cpp, line 766]
Event: 1.235 Thread 0x00000212c0811cb0 Exception <a 'java/lang/NoSuchMethodError'{0x0000000085e11678}: 'java.lang.Object java.lang.invoke.DirectMethodHandle$Holder.newInvokeSpecial(java.lang.Object, java.lang.Object, java.lang.Object, int)'> (0x0000000085e11678) 
thrown [s\open\src\hotspot\share\interpreter\linkResolver.cpp, line 766]
Event: 1.236 Thread 0x00000212c0811cb0 Exception <a 'java/lang/NoSuchMethodError'{0x0000000085e16500}: 'java.lang.Object java.lang.invoke.DirectMethodHandle$Holder.invokeSpecial(java.lang.Object, java.lang.Object, java.lang.Object, java.lang.Object, int)'> (0x0000000085e16500) 
thrown [s\open\src\hotspot\share\interpreter\linkResolver.cpp, line 766]
Event: 1.236 Thread 0x00000212c0811cb0 Exception <a 'java/lang/NoSuchMethodError'{0x0000000085e1ab68}: 'java.lang.Object java.lang.invoke.Invokers$Holder.linkToTargetMethod(java.lang.Object, java.lang.Object, int, java.lang.Object)'> (0x0000000085e1ab68) 
thrown [s\open\src\hotspot\share\interpreter\linkResolver.cpp, line 766]
Event: 1.304 Thread 0x00000212c0811cb0 Exception <a 'java/lang/NoSuchMethodError'{0x000000008550b548}: 'java.lang.Object java.lang.invoke.DirectMethodHandle$Holder.invokeVirtual(java.lang.Object, java.lang.Object, java.lang.Object, java.lang.Object, java.lang.Object, java.lang.Object, java.lang.Object, java.lang.Object, java.lang.Object, java.lang.Object)'> (0x000000008550b548) 
thrown [s\open\src\hotspot\share\interpreter\linkResolver.cpp, line 766]
Event: 1.304 Thread 0x00000212c0811cb0 Exception <a 'java/lang/NoSuchMethodError'{0x00000000855100d0}: 'java.lang.Object java.lang.invoke.DirectMethodHandle$Holder.invokeSpecial(java.lang.Object, java.lang.Object, java.lang.Object, java.lang.Object, java.lang.Object, java.lang.Object, java.lang.Object, java.lang.Object, java.lang.Object, java.lang.Object, java.lang.Object)'> (0x00000000855100d0) 
thrown [s\open\src\hotspot\share\interpreter\linkResolver.cpp, line 766]
Event: 1.315 Thread 0x00000212c0811cb0 Exception <a 'java/lang/NoSuchMethodError'{0x00000000855f3738}: 'int java.lang.invoke.DirectMethodHandle$Holder.invokeSpecialIFC(java.lang.Object, java.lang.Object, java.lang.Object, java.lang.Object)'> (0x00000000855f3738) 
thrown [s\open\src\hotspot\share\interpreter\linkResolver.cpp, line 766]
Event: 1.316 Thread 0x00000212c0811cb0 Exception <a 'java/lang/NoSuchMethodError'{0x0000000085403188}: 'java.lang.Object java.lang.invoke.DirectMethodHandle$Holder.invokeInterface(java.lang.Object, java.lang.Object, java.lang.Object)'> (0x0000000085403188) 
thrown [s\open\src\hotspot\share\interpreter\linkResolver.cpp, line 766]
Event: 1.317 Thread 0x00000212c0811cb0 Exception <a 'java/lang/IncompatibleClassChangeError'{0x0000000085406d98}: Found class java.lang.Object, but interface was expected> (0x0000000085406d98) 
thrown [s\open\src\hotspot\share\interpreter\linkResolver.cpp, line 833]
Event: 1.318 Thread 0x00000212c0811cb0 Exception <a 'java/lang/NoSuchMethodError'{0x0000000085418da8}: 'java.lang.Object java.lang.invoke.DirectMethodHandle$Holder.newInvokeSpecial(java.lang.Object, java.lang.Object, java.lang.Object, java.lang.Object, java.lang.Object, java.lang.Object, java.lang.Object, java.lang.Object, java.lang.Object, java.lang.Object)'> (0x0000000085418da8) 
thrown [s\open\src\hotspot\share\interpreter\linkResolver.cpp, line 766]
Event: 1.360 Thread 0x00000212c0811cb0 Exception <a 'java/lang/NoSuchMethodError'{0x00000000852fa4e8}: 'int java.lang.invoke.DirectMethodHandle$Holder.invokeStatic(java.lang.Object, java.lang.Object, java.lang.Object, java.lang.Object)'> (0x00000000852fa4e8) 
thrown [s\open\src\hotspot\share\interpreter\linkResolver.cpp, line 766]
Event: 1.362 Thread 0x00000212c0811cb0 Exception <a 'java/lang/NoSuchMethodError'{0x0000000085113be8}: 'java.lang.Object java.lang.invoke.DirectMethodHandle$Holder.newInvokeSpecial(java.lang.Object, java.lang.Object, java.lang.Object, java.lang.Object, java.lang.Object, java.lang.Object, java.lang.Object, java.lang.Object)'> (0x0000000085113be8) 
thrown [s\open\src\hotspot\share\interpreter\linkResolver.cpp, line 766]

VM Operations (20 events):
Event: 0.753 Executing VM operation: HandshakeAllThreads
Event: 0.753 Executing VM operation: HandshakeAllThreads done
Event: 0.772 Executing VM operation: HandshakeAllThreads
Event: 0.772 Executing VM operation: HandshakeAllThreads done
Event: 0.829 Executing VM operation: HandshakeAllThreads
Event: 0.829 Executing VM operation: HandshakeAllThreads done
Event: 0.838 Executing VM operation: HandshakeAllThreads
Event: 0.838 Executing VM operation: HandshakeAllThreads done
Event: 0.855 Executing VM operation: HandshakeAllThreads
Event: 0.855 Executing VM operation: HandshakeAllThreads done
Event: 0.875 Executing VM operation: HandshakeAllThreads
Event: 0.875 Executing VM operation: HandshakeAllThreads done
Event: 0.964 Executing VM operation: HandshakeAllThreads
Event: 0.964 Executing VM operation: HandshakeAllThreads done
Event: 1.174 Executing VM operation: HandshakeAllThreads
Event: 1.174 Executing VM operation: HandshakeAllThreads done
Event: 1.175 Executing VM operation: HandshakeAllThreads
Event: 1.175 Executing VM operation: HandshakeAllThreads done
Event: 1.316 Executing VM operation: ICBufferFull
Event: 1.316 Executing VM operation: ICBufferFull done

Events (20 events):
Event: 0.160 Thread 0x00000212bf322cb0 Thread added: 0x00000212bf322cb0
Event: 0.169 Loaded shared library C:\Program Files\Java\jdk-18.0.1.1\bin\jimage.dll
Event: 0.206 Loaded shared library C:\Program Files\Java\jdk-18.0.1.1\bin\verify.dll
Event: 0.307 Loaded shared library C:\Program Files\Android\gradle-7.3.3\native\e1d6ef7f7dcc3fd88c89a11ec53ec762bb8ba0a96d01ffa2cd45eb1d1d8dd5c5\windows-amd64\native-platform.dll
Event: 0.311 Loaded shared library C:\Program Files\Android\gradle-7.3.3\native\5664cfc778a61ccfe75a443a1ab52a65af34e5dc3c78e0209fed803814484fcb\windows-amd64\native-platform-file-events.dll
Event: 0.760 Loaded shared library C:\Program Files\Java\jdk-18.0.1.1\bin\management.dll
Event: 0.762 Loaded shared library C:\Program Files\Java\jdk-18.0.1.1\bin\management_ext.dll
Event: 0.782 Thread 0x00000212c07832e0 Thread added: 0x00000212c07832e0
Event: 0.950 Thread 0x00000212c07f6320 Thread added: 0x00000212c07f6320
Event: 0.995 Thread 0x00000212c04eb1b0 Thread added: 0x00000212c04eb1b0
Event: 1.003 Thread 0x00000212c051edc0 Thread added: 0x00000212c051edc0
Event: 1.005 Thread 0x00000212c04e2040 Thread added: 0x00000212c04e2040
Event: 1.019 Thread 0x00000212c0a2d860 Thread added: 0x00000212c0a2d860
Event: 1.026 Thread 0x00000212c0811cb0 Thread added: 0x00000212c0811cb0
Event: 1.039 Thread 0x00000212c0c03ef0 Thread added: 0x00000212c0c03ef0
Event: 1.041 Thread 0x00000212c0c03550 Thread added: 0x00000212c0c03550
Event: 1.046 Thread 0x00000212c0c03a20 Thread added: 0x00000212c0c03a20
Event: 1.234 Thread 0x00000212c0c060a0 Thread added: 0x00000212c0c060a0
Event: 1.241 Thread 0x00000212c0c06570 Thread added: 0x00000212c0c06570
Event: 1.278 Thread 0x00000212c0c043c0 Thread added: 0x00000212c0c043c0


Dynamic libraries:
0x00007ff75f920000 - 0x00007ff75f930000 	C:\Program Files\Java\jdk-18.0.1.1\bin\java.exe
0x00007ffd3cbd0000 - 0x00007ffd3cdc8000 	C:\Windows\SYSTEM32\ntdll.dll
0x00007ffd3b910000 - 0x00007ffd3b9cd000 	C:\Windows\System32\KERNEL32.DLL
0x00007ffd3a690000 - 0x00007ffd3a95e000 	C:\Windows\System32\KERNELBASE.dll
0x00007ffd3a400000 - 0x00007ffd3a500000 	C:\Windows\System32\ucrtbase.dll
0x00007ffd224b0000 - 0x00007ffd224c8000 	C:\Program Files\Java\jdk-18.0.1.1\bin\jli.dll
0x00007ffd224d0000 - 0x00007ffd224ea000 	C:\Program Files\Java\jdk-18.0.1.1\bin\VCRUNTIME140.dll
0x00007ffd3c6f0000 - 0x00007ffd3c79e000 	C:\Windows\System32\ADVAPI32.dll
0x00007ffd3ba50000 - 0x00007ffd3baee000 	C:\Windows\System32\msvcrt.dll
0x00007ffd3ac60000 - 0x00007ffd3acfc000 	C:\Windows\System32\sechost.dll
0x00007ffd3ae80000 - 0x00007ffd3afa5000 	C:\Windows\System32\RPCRT4.dll
0x00007ffd3c870000 - 0x00007ffd3ca10000 	C:\Windows\System32\USER32.dll
0x00007ffd3ab50000 - 0x00007ffd3ab72000 	C:\Windows\System32\win32u.dll
0x00007ffd1ba40000 - 0x00007ffd1bcda000 	C:\Windows\WinSxS\amd64_microsoft.windows.common-controls_6595b64144ccf1df_6.0.19041.1110_none_60b5254171f9507e\COMCTL32.dll
0x00007ffd3b9f0000 - 0x00007ffd3ba1a000 	C:\Windows\System32\GDI32.dll
0x00007ffd3a2f0000 - 0x00007ffd3a3fb000 	C:\Windows\System32\gdi32full.dll
0x00007ffd3aa20000 - 0x00007ffd3aabd000 	C:\Windows\System32\msvcp_win.dll
0x00007ffd2e5e0000 - 0x00007ffd2e5ea000 	C:\Windows\SYSTEM32\VERSION.dll
0x00007ffd3ba20000 - 0x00007ffd3ba50000 	C:\Windows\System32\IMM32.DLL
0x00007ffd2efb0000 - 0x00007ffd2efbc000 	C:\Program Files\Java\jdk-18.0.1.1\bin\vcruntime140_1.dll
0x00007ffd17cb0000 - 0x00007ffd17d3d000 	C:\Program Files\Java\jdk-18.0.1.1\bin\msvcp140.dll
0x00007ffcd66f0000 - 0x00007ffcd7300000 	C:\Program Files\Java\jdk-18.0.1.1\bin\server\jvm.dll
0x00007ffd3b9d0000 - 0x00007ffd3b9d8000 	C:\Windows\System32\PSAPI.DLL
0x00007ffd1aed0000 - 0x00007ffd1aed9000 	C:\Windows\SYSTEM32\WSOCK32.dll
0x00007ffd23100000 - 0x00007ffd23127000 	C:\Windows\SYSTEM32\WINMM.dll
0x00007ffd3c800000 - 0x00007ffd3c86b000 	C:\Windows\System32\WS2_32.dll
0x00007ffd38b40000 - 0x00007ffd38b52000 	C:\Windows\SYSTEM32\kernel.appcore.dll
0x00007ffd23d60000 - 0x00007ffd23d6a000 	C:\Program Files\Java\jdk-18.0.1.1\bin\jimage.dll
0x00007ffd386a0000 - 0x00007ffd38884000 	C:\Windows\SYSTEM32\DBGHELP.DLL
0x00007ffd2ea70000 - 0x00007ffd2ea9c000 	C:\Windows\SYSTEM32\dbgcore.DLL
0x00007ffd3aac0000 - 0x00007ffd3ab42000 	C:\Windows\System32\bcryptPrimitives.dll
0x00007ffd22480000 - 0x00007ffd224a5000 	C:\Program Files\Java\jdk-18.0.1.1\bin\java.dll
0x00007ffd0d290000 - 0x00007ffd0d366000 	C:\Program Files\Java\jdk-18.0.1.1\bin\jsvml.dll
0x00007ffd3bf20000 - 0x00007ffd3c664000 	C:\Windows\System32\SHELL32.dll
0x00007ffd37e30000 - 0x00007ffd385c4000 	C:\Windows\SYSTEM32\windows.storage.dll
0x00007ffd3b5b0000 - 0x00007ffd3b904000 	C:\Windows\System32\combase.dll
0x00007ffd39d50000 - 0x00007ffd39d80000 	C:\Windows\SYSTEM32\Wldp.dll
0x00007ffd3afb0000 - 0x00007ffd3b05d000 	C:\Windows\System32\SHCORE.dll
0x00007ffd3cb30000 - 0x00007ffd3cb85000 	C:\Windows\System32\shlwapi.dll
0x00007ffd3a230000 - 0x00007ffd3a24f000 	C:\Windows\SYSTEM32\profapi.dll
0x00007ffd19b20000 - 0x00007ffd19b33000 	C:\Program Files\Java\jdk-18.0.1.1\bin\net.dll
0x00007ffd31c20000 - 0x00007ffd31d2a000 	C:\Windows\SYSTEM32\WINHTTP.dll
0x00007ffd39ab0000 - 0x00007ffd39b1a000 	C:\Windows\system32\mswsock.dll
0x00007ffd17c90000 - 0x00007ffd17ca6000 	C:\Program Files\Java\jdk-18.0.1.1\bin\nio.dll
0x00007ffd17c70000 - 0x00007ffd17c88000 	C:\Program Files\Java\jdk-18.0.1.1\bin\zip.dll
0x00007ffd23a80000 - 0x00007ffd23a90000 	C:\Program Files\Java\jdk-18.0.1.1\bin\verify.dll
0x00007ffd224f0000 - 0x00007ffd22517000 	C:\Program Files\Android\gradle-7.3.3\native\e1d6ef7f7dcc3fd88c89a11ec53ec762bb8ba0a96d01ffa2cd45eb1d1d8dd5c5\windows-amd64\native-platform.dll
0x00007ffd0adb0000 - 0x00007ffd0aef4000 	C:\Program Files\Android\gradle-7.3.3\native\5664cfc778a61ccfe75a443a1ab52a65af34e5dc3c78e0209fed803814484fcb\windows-amd64\native-platform-file-events.dll
0x00007ffd23050000 - 0x00007ffd23059000 	C:\Program Files\Java\jdk-18.0.1.1\bin\management.dll
0x00007ffd22d90000 - 0x00007ffd22d9b000 	C:\Program Files\Java\jdk-18.0.1.1\bin\management_ext.dll
0x00007ffd39ca0000 - 0x00007ffd39cb8000 	C:\Windows\SYSTEM32\CRYPTSP.dll
0x00007ffd39380000 - 0x00007ffd393b4000 	C:\Windows\system32\rsaenh.dll
0x00007ffd3a660000 - 0x00007ffd3a687000 	C:\Windows\System32\bcrypt.dll
0x00007ffd3a1b0000 - 0x00007ffd3a1de000 	C:\Windows\SYSTEM32\USERENV.dll
0x00007ffd39cc0000 - 0x00007ffd39ccc000 	C:\Windows\SYSTEM32\CRYPTBASE.dll
0x00007ffd39730000 - 0x00007ffd3976b000 	C:\Windows\SYSTEM32\IPHLPAPI.DLL
0x00007ffd3ac30000 - 0x00007ffd3ac38000 	C:\Windows\System32\NSI.dll
0x00007ffd2fcc0000 - 0x00007ffd2fcd7000 	C:\Windows\SYSTEM32\dhcpcsvc6.DLL
0x00007ffd30390000 - 0x00007ffd303ad000 	C:\Windows\SYSTEM32\dhcpcsvc.DLL
0x00007ffd397c0000 - 0x00007ffd3988b000 	C:\Windows\SYSTEM32\DNSAPI.dll

dbghelp: loaded successfully - version: 4.0.5 - missing functions: none
symbol engine: initialized successfully - sym options: 0x614 - pdb path: .;C:\Program Files\Java\jdk-18.0.1.1\bin;C:\Windows\SYSTEM32;C:\Windows\WinSxS\amd64_microsoft.windows.common-controls_6595b64144ccf1df_6.0.19041.1110_none_60b5254171f9507e;C:\Program Files\Java\jdk-18.0.1.1\bin\server;C:\Program Files\Android\gradle-7.3.3\native\e1d6ef7f7dcc3fd88c89a11ec53ec762bb8ba0a96d01ffa2cd45eb1d1d8dd5c5\windows-amd64;C:\Program Files\Android\gradle-7.3.3\native\5664cfc778a61ccfe75a443a1ab52a65af34e5dc3c78e0209fed803814484fcb\windows-amd64

VM Arguments:
jvm_args: --add-opens=java.base/java.util=ALL-UNNAMED --add-opens=java.base/java.lang=ALL-UNNAMED --add-opens=java.base/java.lang.invoke=ALL-UNNAMED --add-opens=java.base/java.util=ALL-UNNAMED --add-opens=java.prefs/java.util.prefs=ALL-UNNAMED --add-opens=java.prefs/java.util.prefs=ALL-UNNAMED --add-opens=java.base/java.nio.charset=ALL-UNNAMED --add-opens=java.base/java.net=ALL-UNNAMED --add-opens=java.base/java.util.concurrent.atomic=ALL-UNNAMED -Xmx2048m -Dfile.encoding=UTF-8 -Duser.country=IN -Duser.language=en -Duser.variant 
java_command: org.gradle.launcher.daemon.bootstrap.GradleDaemon 7.3.3
java_class_path (initial): C:\Program Files\Android\gradle-7.3.3\lib\gradle-launcher-7.3.3.jar
Launcher Type: SUN_STANDARD

[Global flags]
     intx CICompilerCount                          = 4                                         {product} {ergonomic}
     uint ConcGCThreads                            = 2                                         {product} {ergonomic}
     uint G1ConcRefinementThreads                  = 8                                         {product} {ergonomic}
   size_t G1HeapRegionSize                         = 1048576                                   {product} {ergonomic}
    uintx GCDrainStackTargetSize                   = 64                                        {product} {ergonomic}
   size_t InitialHeapSize                          = 132120576                                 {product} {ergonomic}
   size_t MarkStackSize                            = 4194304                                   {product} {ergonomic}
   size_t MaxHeapSize                              = 2147483648                                {product} {command line}
   size_t MaxNewSize                               = 1287651328                                {product} {ergonomic}
   size_t MinHeapDeltaBytes                        = 1048576                                   {product} {ergonomic}
   size_t MinHeapSize                              = 8388608                                   {product} {ergonomic}
    uintx NonNMethodCodeHeapSize                   = 5839372                                {pd product} {ergonomic}
    uintx NonProfiledCodeHeapSize                  = 122909434                              {pd product} {ergonomic}
    uintx ProfiledCodeHeapSize                     = 122909434                              {pd product} {ergonomic}
    uintx ReservedCodeCacheSize                    = 251658240                              {pd product} {ergonomic}
     bool SegmentedCodeCache                       = true                                      {product} {ergonomic}
   size_t SoftMaxHeapSize                          = 2147483648                             {manageable} {ergonomic}
     bool UseCompressedClassPointers               = true                           {product lp64_product} {ergonomic}
     bool UseCompressedOops                        = true                           {product lp64_product} {ergonomic}
     bool UseG1GC                                  = true                                      {product} {ergonomic}
     bool UseLargePagesIndividualAllocation        = false                                  {pd product} {ergonomic}

Logging:
Log output configuration:
 #0: stdout all=warning uptime,level,tags foldmultilines=false
 #1: stderr all=off uptime,level,tags foldmultilines=false

Environment Variables:
JAVA_HOME=C:\Program Files\Java\jdk-18.0.1.1
PATH=C:\Program Files\Common Files\Oracle\Java\javapath;C:\Windows\system32;C:\Windows;C:\Windows\System32\Wbem;C:\Windows\System32\WindowsPowerShell\v1.0\;C:\Windows\System32\OpenSSH\;C:\Program Files\Git\cmd;C:\Users\suraj\AppData\Local\Microsoft\WindowsApps
USERNAME=suraj
OS=Windows_NT
PROCESSOR_IDENTIFIER=Intel64 Family 6 Model 140 Stepping 1, GenuineIntel



---------------  S Y S T E M  ---------------

OS:
 Windows 10 , 64 bit Build 19041 (10.0.19041.1806)
OS uptime: 0 days 0:41 hours
Hyper-V role detected

CPU: total 8 (initial active 8) (4 cores per cpu, 2 threads per core) family 6 model 140 stepping 1 microcode 0x86, cx8, cmov, fxsr, ht, mmx, 3dnowpref, sse, sse2, sse3, ssse3, sse4.1, sse4.2, popcnt, lzcnt, tsc, tscinvbit, avx, avx2, aes, erms, clmul, bmi1, bmi2, adx, avx512f, avx512dq, avx512cd, avx512bw, avx512vl, sha, fma, vzeroupper, avx512_vpopcntdq, avx512_vpclmulqdq, avx512_vaes, avx512_vnni, clflush, clflushopt, clwb, avx512_vbmi2, avx512_vbmi, hv

Memory: 4k page, system-wide physical 7987M (473M free)
TotalPageFile size 7987M (AvailPageFile size 5M)
current process WorkingSet (physical memory assigned to process): 146M, peak: 146M
current process commit charge ("private bytes"): 261M, peak: 261M

vm_info: Java HotSpot(TM) 64-Bit Server VM (18.0.1.1+2-6) for windows-amd64 JRE (18.0.1.1+2-6), built on Apr 25 2022 21:53:15 by "mach5one" with MS VC++ 16.8 / 16.9 (VS2019)

END.
