#
# There is insufficient memory for the Java Runtime Environment to continue.
# Native memory allocation (malloc) failed to allocate 32744 bytes for Chunk::new
# Possible reasons:
#   The system is out of physical RAM or swap space
#   The process is running with CompressedOops enabled, and the Java Heap may be blocking the growth of the native heap
# Possible solutions:
#   Reduce memory load on the system
#   Increase physical memory or swap space
#   Check if swap backing store is full
#   Decrease Java heap size (-Xmx/-Xms)
#   Decrease number of Java threads
#   Decrease Java thread stack sizes (-Xss)
#   Set larger code cache with -XX:ReservedCodeCacheSize=
#   JVM is running with Unscaled Compressed Oops mode in which the Java heap is
#     placed in the first 4GB address space. The Java Heap base address is the
#     maximum limit for the native heap growth. Please use -XX:HeapBaseMinAddress
#     to set the Java Heap base and to place the Java Heap above 4GB virtual address.
# This output file may be truncated or incomplete.
#
#  Out of Memory Error (arena.cpp:184), pid=16728, tid=16212
#
# JRE version: Java(TM) SE Runtime Environment (18.0.1.1+2) (build 18.0.1.1+2-6)
# Java VM: Java HotSpot(TM) 64-Bit Server VM (18.0.1.1+2-6, mixed mode, sharing, tiered, compressed oops, compressed class ptrs, g1 gc, windows-amd64)
# No core dump will be written. Minidumps are not enabled by default on client versions of Windows
#

---------------  S U M M A R Y ------------

Command Line: --add-opens=java.base/java.util=ALL-UNNAMED --add-opens=java.base/java.lang=ALL-UNNAMED --add-opens=java.base/java.lang.invoke=ALL-UNNAMED --add-opens=java.base/java.util=ALL-UNNAMED --add-opens=java.prefs/java.util.prefs=ALL-UNNAMED --add-opens=java.prefs/java.util.prefs=ALL-UNNAMED --add-opens=java.base/java.nio.charset=ALL-UNNAMED --add-opens=java.base/java.net=ALL-UNNAMED --add-opens=java.base/java.util.concurrent.atomic=ALL-UNNAMED -Xmx2048m -Dfile.encoding=UTF-8 -Duser.country=IN -Duser.language=en -Duser.variant org.gradle.launcher.daemon.bootstrap.GradleDaemon 7.3.3

Host: 11th Gen Intel(R) Core(TM) i5-1135G7 @ 2.40GHz, 8 cores, 7G,  Windows 10 , 64 bit Build 19041 (10.0.19041.1806)
Time: Tue Jul  5 21:13:24 2022 India Standard Time elapsed time: 2.348585 seconds (0d 0h 0m 2s)

---------------  T H R E A D  ---------------

Current thread (0x000001e1fddb0550):  JavaThread "C2 CompilerThread1" daemon [_thread_in_native, id=16212, stack(0x00000089fe000000,0x00000089fe100000)]


Current CompileTask:
C2:   2348 2514       4       java.net.URLClassLoader$1::run (5 bytes)

Stack: [0x00000089fe000000,0x00000089fe100000]
Native frames: (J=compiled Java code, j=interpreted, Vv=VM code, C=native code)
V  [jvm.dll+0x69887a]
V  [jvm.dll+0x7f38bd]
V  [jvm.dll+0x7f51ce]
V  [jvm.dll+0x7f5883]
V  [jvm.dll+0x25ca3f]
V  [jvm.dll+0xb8c2f]
V  [jvm.dll+0xb8fa5]
V  [jvm.dll+0x625770]
V  [jvm.dll+0x62b707]
V  [jvm.dll+0x62c662]
V  [jvm.dll+0x62aae4]
V  [jvm.dll+0x22fa98]
V  [jvm.dll+0x22eff1]
V  [jvm.dll+0x1b9cfc]
V  [jvm.dll+0x23e8ca]
V  [jvm.dll+0x23cbb5]
V  [jvm.dll+0x7a5fb1]
V  [jvm.dll+0x7a03ea]
V  [jvm.dll+0x697725]
C  [ucrtbase.dll+0x21bb2]
C  [KERNEL32.DLL+0x17034]
C  [ntdll.dll+0x52651]


---------------  P R O C E S S  ---------------

Threads class SMR info:
_java_thread_list=0x000001e180d34810, length=27, elements={
0x000001e1d96f2890, 0x000001e1f9900780, 0x000001e1f9901030, 0x000001e1f991cfc0,
0x000001e1f991d870, 0x000001e1f991e120, 0x000001e1f991eb10, 0x000001e1f9923fe0,
0x000001e1f992e8f0, 0x000001e1f99649e0, 0x000001e1fdcc0c40, 0x000001e1fdccadd0,
0x000001e1fddb0550, 0x000001e1ff5d6310, 0x000001e1ff6749b0, 0x000001e1ff4c5020,
0x000001e1ff670c20, 0x000001e1ff507020, 0x000001e1ff657780, 0x000001e1ff65f1c0,
0x000001e1ff65f680, 0x000001e1ff538210, 0x000001e1ff536530, 0x000001e1ff5386e0,
0x000001e1ff536a00, 0x000001e1ff536ed0, 0x000001e1ff537870
}

Java Threads: ( => current thread )
  0x000001e1d96f2890 JavaThread "main" [_thread_blocked, id=14428, stack(0x00000089fcd00000,0x00000089fce00000)]
  0x000001e1f9900780 JavaThread "Reference Handler" daemon [_thread_blocked, id=6784, stack(0x00000089fd400000,0x00000089fd500000)]
  0x000001e1f9901030 JavaThread "Finalizer" daemon [_thread_blocked, id=2492, stack(0x00000089fd500000,0x00000089fd600000)]
  0x000001e1f991cfc0 JavaThread "Signal Dispatcher" daemon [_thread_blocked, id=7952, stack(0x00000089fd600000,0x00000089fd700000)]
  0x000001e1f991d870 JavaThread "Attach Listener" daemon [_thread_blocked, id=9936, stack(0x00000089fd700000,0x00000089fd800000)]
  0x000001e1f991e120 JavaThread "Service Thread" daemon [_thread_blocked, id=6072, stack(0x00000089fd800000,0x00000089fd900000)]
  0x000001e1f991eb10 JavaThread "Monitor Deflation Thread" daemon [_thread_blocked, id=2264, stack(0x00000089fd900000,0x00000089fda00000)]
  0x000001e1f9923fe0 JavaThread "C2 CompilerThread0" daemon [_thread_in_native, id=9248, stack(0x00000089fda00000,0x00000089fdb00000)]
  0x000001e1f992e8f0 JavaThread "C1 CompilerThread0" daemon [_thread_blocked, id=6276, stack(0x00000089fdb00000,0x00000089fdc00000)]
  0x000001e1f99649e0 JavaThread "Sweeper thread" daemon [_thread_blocked, id=17220, stack(0x00000089fdc00000,0x00000089fdd00000)]
  0x000001e1fdcc0c40 JavaThread "Common-Cleaner" daemon [_thread_blocked, id=4824, stack(0x00000089fdd00000,0x00000089fde00000)]
  0x000001e1fdccadd0 JavaThread "Notification Thread" daemon [_thread_blocked, id=6800, stack(0x00000089fde00000,0x00000089fdf00000)]
=>0x000001e1fddb0550 JavaThread "C2 CompilerThread1" daemon [_thread_in_native, id=16212, stack(0x00000089fe000000,0x00000089fe100000)]
  0x000001e1ff5d6310 JavaThread "Daemon health stats" [_thread_blocked, id=16776, stack(0x00000089fe700000,0x00000089fe800000)]
  0x000001e1ff6749b0 JavaThread "Incoming local TCP Connector on port 62248" [_thread_in_native, id=2324, stack(0x00000089fe800000,0x00000089fe900000)]
  0x000001e1ff4c5020 JavaThread "Daemon periodic checks" [_thread_blocked, id=14360, stack(0x00000089fe900000,0x00000089fea00000)]
  0x000001e1ff670c20 JavaThread "Daemon" [_thread_blocked, id=15780, stack(0x00000089fea00000,0x00000089feb00000)]
  0x000001e1ff507020 JavaThread "Handler for socket connection from /127.0.0.1:62248 to /127.0.0.1:62250" [_thread_in_native, id=15788, stack(0x00000089feb00000,0x00000089fec00000)]
  0x000001e1ff657780 JavaThread "Cancel handler" [_thread_blocked, id=492, stack(0x00000089fec00000,0x00000089fed00000)]
  0x000001e1ff65f1c0 JavaThread "Daemon worker" [_thread_in_vm, id=13468, stack(0x00000089fed00000,0x00000089fee00000)]
  0x000001e1ff65f680 JavaThread "Asynchronous log dispatcher for DefaultDaemonConnection: socket connection from /127.0.0.1:62248 to /127.0.0.1:62250" [_thread_blocked, id=15944, stack(0x00000089fee00000,0x00000089fef00000)]
  0x000001e1ff538210 JavaThread "Stdin handler" [_thread_blocked, id=6176, stack(0x00000089fef00000,0x00000089ff000000)]
  0x000001e1ff536530 JavaThread "Daemon client event forwarder" [_thread_blocked, id=17076, stack(0x00000089ff000000,0x00000089ff100000)]
  0x000001e1ff5386e0 JavaThread "Cache worker for journal cache (C:\Users\suraj\.gradle\caches\journal-1)" [_thread_blocked, id=7288, stack(0x00000089ff100000,0x00000089ff200000)]
  0x000001e1ff536a00 JavaThread "File lock request listener" [_thread_in_native, id=15280, stack(0x00000089ff200000,0x00000089ff300000)]
  0x000001e1ff536ed0 JavaThread "Cache worker for file hash cache (C:\Users\suraj\.gradle\caches\7.3.3\fileHashes)" [_thread_blocked, id=13508, stack(0x00000089ff300000,0x00000089ff400000)]
  0x000001e1ff537870 JavaThread "Cache worker for file hash cache (D:\AndroidApp\EmailLogin\.gradle\7.3.3\fileHashes)" [_thread_blocked, id=17008, stack(0x00000089ff400000,0x00000089ff500000)]

Other Threads:
  0x000001e1d9778470 VMThread "VM Thread" [stack: 0x00000089fd300000,0x00000089fd400000] [id=1748]
  0x000001e1fdccc2d0 WatcherThread "VM Periodic Task Thread" [stack: 0x00000089fdf00000,0x00000089fe000000] [id=12364]
  0x000001e1d9752620 WorkerThread "GC Thread#0" [stack: 0x00000089fce00000,0x00000089fcf00000] [id=15688]
  0x000001e1fe0aa810 WorkerThread "GC Thread#1" [stack: 0x00000089fe100000,0x00000089fe200000] [id=15872]
  0x000001e1fe0aaab0 WorkerThread "GC Thread#2" [stack: 0x00000089fe200000,0x00000089fe300000] [id=1652]
  0x000001e1fe936c60 WorkerThread "GC Thread#3" [stack: 0x00000089fe300000,0x00000089fe400000] [id=13148]
  0x000001e1fe8d8780 WorkerThread "GC Thread#4" [stack: 0x00000089fe400000,0x00000089fe500000] [id=11228]
  0x000001e1ff591fd0 WorkerThread "GC Thread#5" [stack: 0x00000089fe500000,0x00000089fe600000] [id=10232]
  0x000001e1ff053160 WorkerThread "GC Thread#6" [stack: 0x00000089fe600000,0x00000089fe700000] [id=17404]
  0x000001e1d9763300 ConcurrentGCThread "G1 Main Marker" [stack: 0x00000089fcf00000,0x00000089fd000000] [id=248]
  0x000001e1d9764240 WorkerThread "G1 Conc#0" [stack: 0x00000089fd000000,0x00000089fd100000] [id=16224]
  0x000001e1d97b6100 ConcurrentGCThread "G1 Refine#0" [stack: 0x00000089fd100000,0x00000089fd200000] [id=16252]
  0x000001e1d97b67c0 ConcurrentGCThread "G1 Service" [stack: 0x00000089fd200000,0x00000089fd300000] [id=16472]

Threads with active compile tasks:
C2 CompilerThread0     2368 2370   !   4       java.lang.ClassLoader::loadClass (121 bytes)
C2 CompilerThread1     2368 2514       4       java.net.URLClassLoader$1::run (5 bytes)

VM state: not at safepoint (normal execution)

VM Mutex/Monitor currently owned by a thread: None

Heap address: 0x0000000080000000, size: 2048 MB, Compressed Oops mode: 32-bit

CDS archive(s) mapped at: [0x0000000800000000-0x0000000800ba0000-0x0000000800ba0000), size 12189696, SharedBaseAddress: 0x0000000800000000, ArchiveRelocationMode: 0.
Compressed class space mapped at: 0x0000000800c00000-0x0000000840c00000, reserved size: 1073741824
Narrow klass base: 0x0000000800000000, Narrow klass shift: 0, Narrow klass range: 0x100000000

GC Precious Log:
 CardTable entry size: 512
 Card Set container configuration: InlinePtr #cards 5 size 8 Array Of Cards #cards 12 size 40 Howl #buckets 4 coarsen threshold 1843 Howl Bitmap #cards 512 size 80 coarsen threshold 460 Card regions per heap region 1 cards per card region 2048
 CPUs: 8 total, 8 available
 Memory: 7987M
 Large Page Support: Disabled
 NUMA Support: Disabled
 Compressed Oops: Enabled (32-bit)
 Heap Region Size: 1M
 Heap Min Capacity: 8M
 Heap Initial Capacity: 126M
 Heap Max Capacity: 2G
 Pre-touch: Disabled
 Parallel Workers: 8
 Concurrent Workers: 2
 Concurrent Refinement Workers: 8
 Periodic GC: Disabled

Heap:
 garbage-first heap   total 129024K, used 80232K [0x0000000080000000, 0x0000000100000000)
  region size 1024K, 69 young (70656K), 4 survivors (4096K)
 Metaspace       used 18618K, committed 19264K, reserved 1114112K
  class space    used 2682K, committed 3008K, reserved 1048576K

Heap Regions: E=young(eden), S=young(survivor), O=old, HS=humongous(starts), HC=humongous(continues), CS=collection set, F=free, OA=open archive, CA=closed archive, TAMS=top-at-mark-start (previous, next)
|   0|0x0000000080000000, 0x0000000080000000, 0x0000000080100000|  0%| F|  |TAMS 0x0000000080000000, 0x0000000080000000| Untracked 
|   1|0x0000000080100000, 0x0000000080200000, 0x0000000080200000|100%| O|  |TAMS 0x0000000080100000, 0x0000000080100000| Untracked 
|   2|0x0000000080200000, 0x0000000080300000, 0x0000000080300000|100%| O|  |TAMS 0x0000000080200000, 0x0000000080200000| Untracked 
|   3|0x0000000080300000, 0x0000000080400000, 0x0000000080400000|100%|HS|  |TAMS 0x0000000080300000, 0x0000000080300000| Complete 
|   4|0x0000000080400000, 0x0000000080500000, 0x0000000080500000|100%|HC|  |TAMS 0x0000000080400000, 0x0000000080400000| Complete 
|   5|0x0000000080500000, 0x0000000080600000, 0x0000000080600000|100%|HC|  |TAMS 0x0000000080500000, 0x0000000080500000| Complete 
|   6|0x0000000080600000, 0x0000000080700000, 0x0000000080700000|100%| O|  |TAMS 0x0000000080600000, 0x0000000080600000| Untracked 
|   7|0x0000000080700000, 0x0000000080800000, 0x0000000080800000|100%| O|  |TAMS 0x0000000080700000, 0x0000000080700000| Untracked 
|   8|0x0000000080800000, 0x0000000080900000, 0x0000000080900000|100%| O|  |TAMS 0x0000000080800000, 0x0000000080800000| Untracked 
|   9|0x0000000080900000, 0x0000000080a00000, 0x0000000080a00000|100%| O|  |TAMS 0x0000000080900000, 0x0000000080900000| Untracked 
|  10|0x0000000080a00000, 0x0000000080b00000, 0x0000000080b00000|100%| O|  |TAMS 0x0000000080a00000, 0x0000000080a00000| Untracked 
|  11|0x0000000080b00000, 0x0000000080b5a200, 0x0000000080c00000| 35%| O|  |TAMS 0x0000000080b00000, 0x0000000080b00000| Untracked 
|  12|0x0000000080c00000, 0x0000000080c00000, 0x0000000080d00000|  0%| F|  |TAMS 0x0000000080c00000, 0x0000000080c00000| Untracked 
|  13|0x0000000080d00000, 0x0000000080d00000, 0x0000000080e00000|  0%| F|  |TAMS 0x0000000080d00000, 0x0000000080d00000| Untracked 
|  14|0x0000000080e00000, 0x0000000080e00000, 0x0000000080f00000|  0%| F|  |TAMS 0x0000000080e00000, 0x0000000080e00000| Untracked 
|  15|0x0000000080f00000, 0x0000000080f00000, 0x0000000081000000|  0%| F|  |TAMS 0x0000000080f00000, 0x0000000080f00000| Untracked 
|  16|0x0000000081000000, 0x0000000081000000, 0x0000000081100000|  0%| F|  |TAMS 0x0000000081000000, 0x0000000081000000| Untracked 
|  17|0x0000000081100000, 0x0000000081100000, 0x0000000081200000|  0%| F|  |TAMS 0x0000000081100000, 0x0000000081100000| Untracked 
|  18|0x0000000081200000, 0x0000000081200000, 0x0000000081300000|  0%| F|  |TAMS 0x0000000081200000, 0x0000000081200000| Untracked 
|  19|0x0000000081300000, 0x0000000081300000, 0x0000000081400000|  0%| F|  |TAMS 0x0000000081300000, 0x0000000081300000| Untracked 
|  20|0x0000000081400000, 0x0000000081400000, 0x0000000081500000|  0%| F|  |TAMS 0x0000000081400000, 0x0000000081400000| Untracked 
|  21|0x0000000081500000, 0x0000000081500000, 0x0000000081600000|  0%| F|  |TAMS 0x0000000081500000, 0x0000000081500000| Untracked 
|  22|0x0000000081600000, 0x0000000081600000, 0x0000000081700000|  0%| F|  |TAMS 0x0000000081600000, 0x0000000081600000| Untracked 
|  23|0x0000000081700000, 0x0000000081700000, 0x0000000081800000|  0%| F|  |TAMS 0x0000000081700000, 0x0000000081700000| Untracked 
|  24|0x0000000081800000, 0x0000000081800000, 0x0000000081900000|  0%| F|  |TAMS 0x0000000081800000, 0x0000000081800000| Untracked 
|  25|0x0000000081900000, 0x0000000081900000, 0x0000000081a00000|  0%| F|  |TAMS 0x0000000081900000, 0x0000000081900000| Untracked 
|  26|0x0000000081a00000, 0x0000000081a00000, 0x0000000081b00000|  0%| F|  |TAMS 0x0000000081a00000, 0x0000000081a00000| Untracked 
|  27|0x0000000081b00000, 0x0000000081b00000, 0x0000000081c00000|  0%| F|  |TAMS 0x0000000081b00000, 0x0000000081b00000| Untracked 
|  28|0x0000000081c00000, 0x0000000081c00000, 0x0000000081d00000|  0%| F|  |TAMS 0x0000000081c00000, 0x0000000081c00000| Untracked 
|  29|0x0000000081d00000, 0x0000000081d00000, 0x0000000081e00000|  0%| F|  |TAMS 0x0000000081d00000, 0x0000000081d00000| Untracked 
|  30|0x0000000081e00000, 0x0000000081e00000, 0x0000000081f00000|  0%| F|  |TAMS 0x0000000081e00000, 0x0000000081e00000| Untracked 
|  31|0x0000000081f00000, 0x0000000081f00000, 0x0000000082000000|  0%| F|  |TAMS 0x0000000081f00000, 0x0000000081f00000| Untracked 
|  32|0x0000000082000000, 0x0000000082000000, 0x0000000082100000|  0%| F|  |TAMS 0x0000000082000000, 0x0000000082000000| Untracked 
|  33|0x0000000082100000, 0x0000000082100000, 0x0000000082200000|  0%| F|  |TAMS 0x0000000082100000, 0x0000000082100000| Untracked 
|  34|0x0000000082200000, 0x0000000082200000, 0x0000000082300000|  0%| F|  |TAMS 0x0000000082200000, 0x0000000082200000| Untracked 
|  35|0x0000000082300000, 0x0000000082300000, 0x0000000082400000|  0%| F|  |TAMS 0x0000000082300000, 0x0000000082300000| Untracked 
|  36|0x0000000082400000, 0x0000000082400000, 0x0000000082500000|  0%| F|  |TAMS 0x0000000082400000, 0x0000000082400000| Untracked 
|  37|0x0000000082500000, 0x0000000082500000, 0x0000000082600000|  0%| F|  |TAMS 0x0000000082500000, 0x0000000082500000| Untracked 
|  38|0x0000000082600000, 0x0000000082600000, 0x0000000082700000|  0%| F|  |TAMS 0x0000000082600000, 0x0000000082600000| Untracked 
|  39|0x0000000082700000, 0x0000000082700000, 0x0000000082800000|  0%| F|  |TAMS 0x0000000082700000, 0x0000000082700000| Untracked 
|  40|0x0000000082800000, 0x0000000082800000, 0x0000000082900000|  0%| F|  |TAMS 0x0000000082800000, 0x0000000082800000| Untracked 
|  41|0x0000000082900000, 0x0000000082900000, 0x0000000082a00000|  0%| F|  |TAMS 0x0000000082900000, 0x0000000082900000| Untracked 
|  42|0x0000000082a00000, 0x0000000082a00000, 0x0000000082b00000|  0%| F|  |TAMS 0x0000000082a00000, 0x0000000082a00000| Untracked 
|  43|0x0000000082b00000, 0x0000000082b00000, 0x0000000082c00000|  0%| F|  |TAMS 0x0000000082b00000, 0x0000000082b00000| Untracked 
|  44|0x0000000082c00000, 0x0000000082c00000, 0x0000000082d00000|  0%| F|  |TAMS 0x0000000082c00000, 0x0000000082c00000| Untracked 
|  45|0x0000000082d00000, 0x0000000082d00000, 0x0000000082e00000|  0%| F|  |TAMS 0x0000000082d00000, 0x0000000082d00000| Untracked 
|  46|0x0000000082e00000, 0x0000000082e00000, 0x0000000082f00000|  0%| F|  |TAMS 0x0000000082e00000, 0x0000000082e00000| Untracked 
|  47|0x0000000082f00000, 0x0000000082f00000, 0x0000000083000000|  0%| F|  |TAMS 0x0000000082f00000, 0x0000000082f00000| Untracked 
|  48|0x0000000083000000, 0x0000000083000000, 0x0000000083100000|  0%| F|  |TAMS 0x0000000083000000, 0x0000000083000000| Untracked 
|  49|0x0000000083100000, 0x0000000083100000, 0x0000000083200000|  0%| F|  |TAMS 0x0000000083100000, 0x0000000083100000| Untracked 
|  50|0x0000000083200000, 0x0000000083200000, 0x0000000083300000|  0%| F|  |TAMS 0x0000000083200000, 0x0000000083200000| Untracked 
|  51|0x0000000083300000, 0x0000000083300000, 0x0000000083400000|  0%| F|  |TAMS 0x0000000083300000, 0x0000000083300000| Untracked 
|  52|0x0000000083400000, 0x0000000083400000, 0x0000000083500000|  0%| F|  |TAMS 0x0000000083400000, 0x0000000083400000| Untracked 
|  53|0x0000000083500000, 0x0000000083500000, 0x0000000083600000|  0%| F|  |TAMS 0x0000000083500000, 0x0000000083500000| Untracked 
|  54|0x0000000083600000, 0x0000000083600000, 0x0000000083700000|  0%| F|  |TAMS 0x0000000083600000, 0x0000000083600000| Untracked 
|  55|0x0000000083700000, 0x0000000083700000, 0x0000000083800000|  0%| F|  |TAMS 0x0000000083700000, 0x0000000083700000| Untracked 
|  56|0x0000000083800000, 0x0000000083880800, 0x0000000083900000| 50%| E|  |TAMS 0x0000000083800000, 0x0000000083800000| Complete 
|  57|0x0000000083900000, 0x0000000083a00000, 0x0000000083a00000|100%| E|CS|TAMS 0x0000000083900000, 0x0000000083900000| Complete 
|  58|0x0000000083a00000, 0x0000000083b00000, 0x0000000083b00000|100%| E|CS|TAMS 0x0000000083a00000, 0x0000000083a00000| Complete 
|  59|0x0000000083b00000, 0x0000000083c00000, 0x0000000083c00000|100%| E|CS|TAMS 0x0000000083b00000, 0x0000000083b00000| Complete 
|  60|0x0000000083c00000, 0x0000000083d00000, 0x0000000083d00000|100%| E|CS|TAMS 0x0000000083c00000, 0x0000000083c00000| Complete 
|  61|0x0000000083d00000, 0x0000000083e00000, 0x0000000083e00000|100%| E|CS|TAMS 0x0000000083d00000, 0x0000000083d00000| Complete 
|  62|0x0000000083e00000, 0x0000000083f00000, 0x0000000083f00000|100%| E|CS|TAMS 0x0000000083e00000, 0x0000000083e00000| Complete 
|  63|0x0000000083f00000, 0x0000000084000000, 0x0000000084000000|100%| E|CS|TAMS 0x0000000083f00000, 0x0000000083f00000| Complete 
|  64|0x0000000084000000, 0x0000000084100000, 0x0000000084100000|100%| E|CS|TAMS 0x0000000084000000, 0x0000000084000000| Complete 
|  65|0x0000000084100000, 0x0000000084200000, 0x0000000084200000|100%| E|CS|TAMS 0x0000000084100000, 0x0000000084100000| Complete 
|  66|0x0000000084200000, 0x0000000084300000, 0x0000000084300000|100%| E|CS|TAMS 0x0000000084200000, 0x0000000084200000| Complete 
|  67|0x0000000084300000, 0x0000000084400000, 0x0000000084400000|100%| E|CS|TAMS 0x0000000084300000, 0x0000000084300000| Complete 
|  68|0x0000000084400000, 0x0000000084500000, 0x0000000084500000|100%| E|CS|TAMS 0x0000000084400000, 0x0000000084400000| Complete 
|  69|0x0000000084500000, 0x0000000084600000, 0x0000000084600000|100%| E|CS|TAMS 0x0000000084500000, 0x0000000084500000| Complete 
|  70|0x0000000084600000, 0x0000000084700000, 0x0000000084700000|100%| E|CS|TAMS 0x0000000084600000, 0x0000000084600000| Complete 
|  71|0x0000000084700000, 0x0000000084800000, 0x0000000084800000|100%| E|CS|TAMS 0x0000000084700000, 0x0000000084700000| Complete 
|  72|0x0000000084800000, 0x0000000084900000, 0x0000000084900000|100%| E|CS|TAMS 0x0000000084800000, 0x0000000084800000| Complete 
|  73|0x0000000084900000, 0x0000000084a00000, 0x0000000084a00000|100%| E|CS|TAMS 0x0000000084900000, 0x0000000084900000| Complete 
|  74|0x0000000084a00000, 0x0000000084b00000, 0x0000000084b00000|100%| E|CS|TAMS 0x0000000084a00000, 0x0000000084a00000| Complete 
|  75|0x0000000084b00000, 0x0000000084c00000, 0x0000000084c00000|100%| E|CS|TAMS 0x0000000084b00000, 0x0000000084b00000| Complete 
|  76|0x0000000084c00000, 0x0000000084d00000, 0x0000000084d00000|100%| E|CS|TAMS 0x0000000084c00000, 0x0000000084c00000| Complete 
|  77|0x0000000084d00000, 0x0000000084e00000, 0x0000000084e00000|100%| E|CS|TAMS 0x0000000084d00000, 0x0000000084d00000| Complete 
|  78|0x0000000084e00000, 0x0000000084f00000, 0x0000000084f00000|100%| E|CS|TAMS 0x0000000084e00000, 0x0000000084e00000| Complete 
|  79|0x0000000084f00000, 0x0000000085000000, 0x0000000085000000|100%| E|CS|TAMS 0x0000000084f00000, 0x0000000084f00000| Complete 
|  80|0x0000000085000000, 0x0000000085100000, 0x0000000085100000|100%| E|CS|TAMS 0x0000000085000000, 0x0000000085000000| Complete 
|  81|0x0000000085100000, 0x0000000085200000, 0x0000000085200000|100%| E|CS|TAMS 0x0000000085100000, 0x0000000085100000| Complete 
|  82|0x0000000085200000, 0x0000000085300000, 0x0000000085300000|100%| E|CS|TAMS 0x0000000085200000, 0x0000000085200000| Complete 
|  83|0x0000000085300000, 0x0000000085400000, 0x0000000085400000|100%| E|CS|TAMS 0x0000000085300000, 0x0000000085300000| Complete 
|  84|0x0000000085400000, 0x0000000085500000, 0x0000000085500000|100%| E|CS|TAMS 0x0000000085400000, 0x0000000085400000| Complete 
|  85|0x0000000085500000, 0x0000000085600000, 0x0000000085600000|100%| E|CS|TAMS 0x0000000085500000, 0x0000000085500000| Complete 
|  86|0x0000000085600000, 0x0000000085700000, 0x0000000085700000|100%| E|CS|TAMS 0x0000000085600000, 0x0000000085600000| Complete 
|  87|0x0000000085700000, 0x0000000085800000, 0x0000000085800000|100%| E|CS|TAMS 0x0000000085700000, 0x0000000085700000| Complete 
|  88|0x0000000085800000, 0x0000000085900000, 0x0000000085900000|100%| E|CS|TAMS 0x0000000085800000, 0x0000000085800000| Complete 
|  89|0x0000000085900000, 0x0000000085a00000, 0x0000000085a00000|100%| E|CS|TAMS 0x0000000085900000, 0x0000000085900000| Complete 
|  90|0x0000000085a00000, 0x0000000085b00000, 0x0000000085b00000|100%| S|CS|TAMS 0x0000000085a00000, 0x0000000085a00000| Complete 
|  91|0x0000000085b00000, 0x0000000085c00000, 0x0000000085c00000|100%| S|CS|TAMS 0x0000000085b00000, 0x0000000085b00000| Complete 
|  92|0x0000000085c00000, 0x0000000085d00000, 0x0000000085d00000|100%| S|CS|TAMS 0x0000000085c00000, 0x0000000085c00000| Complete 
|  93|0x0000000085d00000, 0x0000000085e00000, 0x0000000085e00000|100%| S|CS|TAMS 0x0000000085d00000, 0x0000000085d00000| Complete 
|  94|0x0000000085e00000, 0x0000000085f00000, 0x0000000085f00000|100%| E|CS|TAMS 0x0000000085e00000, 0x0000000085e00000| Complete 
|  95|0x0000000085f00000, 0x0000000086000000, 0x0000000086000000|100%| E|CS|TAMS 0x0000000085f00000, 0x0000000085f00000| Complete 
|  96|0x0000000086000000, 0x0000000086100000, 0x0000000086100000|100%| E|CS|TAMS 0x0000000086000000, 0x0000000086000000| Complete 
|  97|0x0000000086100000, 0x0000000086200000, 0x0000000086200000|100%| E|CS|TAMS 0x0000000086100000, 0x0000000086100000| Complete 
|  98|0x0000000086200000, 0x0000000086300000, 0x0000000086300000|100%| E|CS|TAMS 0x0000000086200000, 0x0000000086200000| Complete 
|  99|0x0000000086300000, 0x0000000086400000, 0x0000000086400000|100%| E|CS|TAMS 0x0000000086300000, 0x0000000086300000| Complete 
| 100|0x0000000086400000, 0x0000000086500000, 0x0000000086500000|100%| E|CS|TAMS 0x0000000086400000, 0x0000000086400000| Complete 
| 101|0x0000000086500000, 0x0000000086600000, 0x0000000086600000|100%| E|CS|TAMS 0x0000000086500000, 0x0000000086500000| Complete 
| 102|0x0000000086600000, 0x0000000086700000, 0x0000000086700000|100%| E|CS|TAMS 0x0000000086600000, 0x0000000086600000| Complete 
| 103|0x0000000086700000, 0x0000000086800000, 0x0000000086800000|100%| E|CS|TAMS 0x0000000086700000, 0x0000000086700000| Complete 
| 104|0x0000000086800000, 0x0000000086900000, 0x0000000086900000|100%| E|CS|TAMS 0x0000000086800000, 0x0000000086800000| Complete 
| 105|0x0000000086900000, 0x0000000086a00000, 0x0000000086a00000|100%| E|CS|TAMS 0x0000000086900000, 0x0000000086900000| Complete 
| 106|0x0000000086a00000, 0x0000000086b00000, 0x0000000086b00000|100%| E|CS|TAMS 0x0000000086a00000, 0x0000000086a00000| Complete 
| 107|0x0000000086b00000, 0x0000000086c00000, 0x0000000086c00000|100%| E|CS|TAMS 0x0000000086b00000, 0x0000000086b00000| Complete 
| 108|0x0000000086c00000, 0x0000000086d00000, 0x0000000086d00000|100%| E|CS|TAMS 0x0000000086c00000, 0x0000000086c00000| Complete 
| 109|0x0000000086d00000, 0x0000000086e00000, 0x0000000086e00000|100%| E|CS|TAMS 0x0000000086d00000, 0x0000000086d00000| Complete 
| 110|0x0000000086e00000, 0x0000000086f00000, 0x0000000086f00000|100%| E|CS|TAMS 0x0000000086e00000, 0x0000000086e00000| Complete 
| 111|0x0000000086f00000, 0x0000000087000000, 0x0000000087000000|100%| E|CS|TAMS 0x0000000086f00000, 0x0000000086f00000| Complete 
| 112|0x0000000087000000, 0x0000000087100000, 0x0000000087100000|100%| E|CS|TAMS 0x0000000087000000, 0x0000000087000000| Complete 
| 113|0x0000000087100000, 0x0000000087200000, 0x0000000087200000|100%| E|CS|TAMS 0x0000000087100000, 0x0000000087100000| Complete 
| 114|0x0000000087200000, 0x0000000087300000, 0x0000000087300000|100%| E|CS|TAMS 0x0000000087200000, 0x0000000087200000| Complete 
| 115|0x0000000087300000, 0x0000000087400000, 0x0000000087400000|100%| E|CS|TAMS 0x0000000087300000, 0x0000000087300000| Complete 
| 116|0x0000000087400000, 0x0000000087500000, 0x0000000087500000|100%| E|CS|TAMS 0x0000000087400000, 0x0000000087400000| Complete 
| 117|0x0000000087500000, 0x0000000087600000, 0x0000000087600000|100%| E|CS|TAMS 0x0000000087500000, 0x0000000087500000| Complete 
| 118|0x0000000087600000, 0x0000000087700000, 0x0000000087700000|100%| E|CS|TAMS 0x0000000087600000, 0x0000000087600000| Complete 
| 119|0x0000000087700000, 0x0000000087800000, 0x0000000087800000|100%| E|CS|TAMS 0x0000000087700000, 0x0000000087700000| Complete 
| 120|0x0000000087800000, 0x0000000087900000, 0x0000000087900000|100%| E|CS|TAMS 0x0000000087800000, 0x0000000087800000| Complete 
| 121|0x0000000087900000, 0x0000000087a00000, 0x0000000087a00000|100%| E|CS|TAMS 0x0000000087900000, 0x0000000087900000| Complete 
| 122|0x0000000087a00000, 0x0000000087b00000, 0x0000000087b00000|100%| E|CS|TAMS 0x0000000087a00000, 0x0000000087a00000| Complete 
| 123|0x0000000087b00000, 0x0000000087c00000, 0x0000000087c00000|100%| E|CS|TAMS 0x0000000087b00000, 0x0000000087b00000| Complete 
| 124|0x0000000087c00000, 0x0000000087d00000, 0x0000000087d00000|100%| E|CS|TAMS 0x0000000087c00000, 0x0000000087c00000| Complete 
| 125|0x0000000087d00000, 0x0000000087e00000, 0x0000000087e00000|100%| E|CS|TAMS 0x0000000087d00000, 0x0000000087d00000| Complete 

Card table byte_map: [0x000001e1f26a0000,0x000001e1f2aa0000] _byte_map_base: 0x000001e1f22a0000

Marking Bits (Prev, Next): (CMBitMap*) 0x000001e1d97529d0, (CMBitMap*) 0x000001e1d9752a10
 Prev Bits: [0x000001e1f2ea0000, 0x000001e1f4ea0000)
 Next Bits: [0x000001e1f4ea0000, 0x000001e1f6ea0000)

Polling page: 0x000001e1d9570000

Metaspace:

Usage:
  Non-class:     15.60 MB used.
      Class:      2.63 MB used.
       Both:     18.23 MB used.

Virtual space:
  Non-class space:       64.00 MB reserved,      15.94 MB ( 25%) committed,  1 nodes.
      Class space:        1.00 GB reserved,       2.94 MB ( <1%) committed,  1 nodes.
             Both:        1.06 GB reserved,      18.88 MB (  2%) committed. 

Chunk freelists:
   Non-Class:  3.77 MB
       Class:  1.03 MB
        Both:  4.80 MB

MaxMetaspaceSize: unlimited
CompressedClassSpaceSize: 1.00 GB
Initial GC threshold: 21.00 MB
Current GC threshold: 21.00 MB
CDS: on
MetaspaceReclaimPolicy: balanced
 - commit_granule_bytes: 65536.
 - commit_granule_words: 8192.
 - virtual_space_node_default_size: 8388608.
 - enlarge_chunks_in_place: 1.
 - new_chunks_are_fully_committed: 0.
 - uncommit_free_chunks: 1.
 - use_allocation_guard: 0.


Internal statistics:

num_allocs_failed_limit: 0.
num_arena_births: 1008.
num_arena_deaths: 0.
num_vsnodes_births: 2.
num_vsnodes_deaths: 0.
num_space_committed: 302.
num_space_uncommitted: 0.
num_chunks_returned_to_freelist: 0.
num_chunks_taken_from_freelist: 1755.
num_chunk_merges: 0.
num_chunk_splits: 1132.
num_chunks_enlarged: 724.
num_inconsistent_stats: 0.

CodeHeap 'non-profiled nmethods': size=120000Kb used=1132Kb max_used=1132Kb free=118867Kb
 bounds [0x000001e1ea310000, 0x000001e1ea580000, 0x000001e1f1840000]
CodeHeap 'profiled nmethods': size=120000Kb used=5362Kb max_used=5362Kb free=114637Kb
 bounds [0x000001e1e2de0000, 0x000001e1e3320000, 0x000001e1ea310000]
CodeHeap 'non-nmethods': size=5760Kb used=1251Kb max_used=1268Kb free=4508Kb
 bounds [0x000001e1e2840000, 0x000001e1e2ab0000, 0x000001e1e2de0000]
 total_blobs=3164 nmethods=2628 adapters=448
 compilation: enabled
              stopped_count=0, restarted_count=0
 full_count=0

Compilation events (20 events):
Event: 2.333 Thread 0x000001e1f992e8f0 nmethod 2604 0x000001e1e3308a90 code [0x000001e1e3308d40, 0x000001e1e33096c8]
Event: 2.334 Thread 0x000001e1f992e8f0 2605       3       sun.invoke.util.Wrapper::findWrapperType (25 bytes)
Event: 2.334 Thread 0x000001e1f992e8f0 nmethod 2605 0x000001e1e3309a10 code [0x000001e1e3309bc0, 0x000001e1e3309dc8]
Event: 2.337 Thread 0x000001e1f992e8f0 2606       3       java.lang.invoke.MethodHandles$Lookup::getDirectMethod (18 bytes)
Event: 2.337 Thread 0x000001e1f992e8f0 nmethod 2606 0x000001e1e3309f10 code [0x000001e1e330a0a0, 0x000001e1e330a1e8]
Event: 2.340 Thread 0x000001e1f992e8f0 2607       3       java.lang.invoke.BoundMethodHandle::speciesDataFor (32 bytes)
Event: 2.340 Thread 0x000001e1f992e8f0 nmethod 2607 0x000001e1e330a290 code [0x000001e1e330a440, 0x000001e1e330a7d8]
Event: 2.341 Thread 0x000001e1f992e8f0 2608   !   3       jdk.internal.reflect.ReflectionFactory::checkInitted (186 bytes)
Event: 2.342 Thread 0x000001e1f992e8f0 nmethod 2608 0x000001e1e330a910 code [0x000001e1e330ac20, 0x000001e1e330bb48]
Event: 2.342 Thread 0x000001e1f992e8f0 2609       3       java.lang.reflect.ReflectAccess::getRoot (5 bytes)
Event: 2.342 Thread 0x000001e1f992e8f0 nmethod 2609 0x000001e1e330bf10 code [0x000001e1e330c0c0, 0x000001e1e330c288]
Event: 2.343 Thread 0x000001e1f992e8f0 2610       3       org.gradle.internal.instantiation.generator.AbstractClassGenerator$ClassGenerationHandler::visitInstanceMethod (1 bytes)
Event: 2.343 Thread 0x000001e1f992e8f0 nmethod 2610 0x000001e1e330c390 code [0x000001e1e330c520, 0x000001e1e330c638]
Event: 2.344 Thread 0x000001e1f992e8f0 2611       3       org.objectweb.asm.Label::resolve (219 bytes)
Event: 2.344 Thread 0x000001e1f992e8f0 nmethod 2611 0x000001e1e330c710 code [0x000001e1e330c8e0, 0x000001e1e330ce18]
Event: 2.344 Thread 0x000001e1f992e8f0 2612       3       org.objectweb.asm.SymbolTable$Entry::<init> (17 bytes)
Event: 2.344 Thread 0x000001e1f992e8f0 nmethod 2612 0x000001e1e330d110 code [0x000001e1e330d2c0, 0x000001e1e330d448]
Event: 2.344 Thread 0x000001e1f992e8f0 2613       3       org.objectweb.asm.Frame::merge (322 bytes)
Event: 2.345 Thread 0x000001e1f992e8f0 nmethod 2613 0x000001e1e330d510 code [0x000001e1e330d740, 0x000001e1e330e0c8]
Event: 2.345 Thread 0x000001e1f992e8f0 2614       3       org.objectweb.asm.Frame::getAbstractTypeFromDescriptor (415 bytes)

GC Heap History (4 events):
Event: 0.623 GC heap before
{Heap before GC invocations=0 (full 0):
 garbage-first heap   total 129024K, used 28672K [0x0000000080000000, 0x0000000100000000)
  region size 1024K, 23 young (23552K), 0 survivors (0K)
 Metaspace       used 3742K, committed 3904K, reserved 1114112K
  class space    used 466K, committed 576K, reserved 1048576K
}
Event: 0.628 GC heap after
{Heap after GC invocations=1 (full 0):
 garbage-first heap   total 129024K, used 9237K [0x0000000080000000, 0x0000000100000000)
  region size 1024K, 3 young (3072K), 3 survivors (3072K)
 Metaspace       used 3742K, committed 3904K, reserved 1114112K
  class space    used 466K, committed 576K, reserved 1048576K
}
Event: 1.046 GC heap before
{Heap before GC invocations=1 (full 0):
 garbage-first heap   total 129024K, used 38933K [0x0000000080000000, 0x0000000100000000)
  region size 1024K, 32 young (32768K), 3 survivors (3072K)
 Metaspace       used 4842K, committed 4992K, reserved 1114112K
  class space    used 634K, committed 704K, reserved 1048576K
}
Event: 1.052 GC heap after
{Heap after GC invocations=2 (full 0):
 garbage-first heap   total 129024K, used 14696K [0x0000000080000000, 0x0000000100000000)
  region size 1024K, 4 young (4096K), 4 survivors (4096K)
 Metaspace       used 4842K, committed 4992K, reserved 1114112K
  class space    used 634K, committed 704K, reserved 1048576K
}

Deoptimization events (20 events):
Event: 2.098 Thread 0x000001e1ff65f1c0 Uncommon trap: trap_request=0xffffff45 fr.pc=0x000001e1ea3fe74c relative=0x000000000000028c
Event: 2.098 Thread 0x000001e1ff65f1c0 Uncommon trap: reason=unstable_if action=reinterpret pc=0x000001e1ea3fe74c method=java.util.HashMap.getNode(Ljava/lang/Object;)Ljava/util/HashMap$Node; @ 66 c2
Event: 2.098 Thread 0x000001e1ff65f1c0 DEOPT PACKING pc=0x000001e1ea3fe74c sp=0x00000089fedfc350
Event: 2.098 Thread 0x000001e1ff65f1c0 DEOPT UNPACKING pc=0x000001e1e2895c23 sp=0x00000089fedfc270 mode 2
Event: 2.098 Thread 0x000001e1ff65f1c0 Uncommon trap: trap_request=0xffffffc6 fr.pc=0x000001e1ea3da6a4 relative=0x0000000000001624
Event: 2.098 Thread 0x000001e1ff65f1c0 Uncommon trap: reason=bimorphic_or_optimized_type_check action=maybe_recompile pc=0x000001e1ea3da6a4 method=java.util.HashMap.putVal(ILjava/lang/Object;Ljava/lang/Object;ZZ)Ljava/lang/Object; @ 91 c2
Event: 2.098 Thread 0x000001e1ff65f1c0 DEOPT PACKING pc=0x000001e1ea3da6a4 sp=0x00000089fedfc2f0
Event: 2.098 Thread 0x000001e1ff65f1c0 DEOPT UNPACKING pc=0x000001e1e2895c23 sp=0x00000089fedfc238 mode 2
Event: 2.098 Thread 0x000001e1ff65f1c0 Uncommon trap: trap_request=0xffffff45 fr.pc=0x000001e1ea41eafc relative=0x000000000000023c
Event: 2.098 Thread 0x000001e1ff65f1c0 Uncommon trap: reason=unstable_if action=reinterpret pc=0x000001e1ea41eafc method=java.util.HashMap.getNode(Ljava/lang/Object;)Ljava/util/HashMap$Node; @ 66 c2
Event: 2.098 Thread 0x000001e1ff65f1c0 DEOPT PACKING pc=0x000001e1ea41eafc sp=0x00000089fedfc2f0
Event: 2.098 Thread 0x000001e1ff65f1c0 DEOPT UNPACKING pc=0x000001e1e2895c23 sp=0x00000089fedfc270 mode 2
Event: 2.098 Thread 0x000001e1ff65f1c0 Uncommon trap: trap_request=0xffffffc6 fr.pc=0x000001e1ea3da6a4 relative=0x0000000000001624
Event: 2.098 Thread 0x000001e1ff65f1c0 Uncommon trap: reason=bimorphic_or_optimized_type_check action=maybe_recompile pc=0x000001e1ea3da6a4 method=java.util.HashMap.putVal(ILjava/lang/Object;Ljava/lang/Object;ZZ)Ljava/lang/Object; @ 91 c2
Event: 2.098 Thread 0x000001e1ff65f1c0 DEOPT PACKING pc=0x000001e1ea3da6a4 sp=0x00000089fedfc2f0
Event: 2.098 Thread 0x000001e1ff65f1c0 DEOPT UNPACKING pc=0x000001e1e2895c23 sp=0x00000089fedfc238 mode 2
Event: 2.109 Thread 0x000001e1ff65f1c0 Uncommon trap: trap_request=0xffffff45 fr.pc=0x000001e1ea3d1168 relative=0x0000000000000248
Event: 2.109 Thread 0x000001e1ff65f1c0 Uncommon trap: reason=unstable_if action=reinterpret pc=0x000001e1ea3d1168 method=java.util.concurrent.ConcurrentHashMap.get(Ljava/lang/Object;)Ljava/lang/Object; @ 76 c2
Event: 2.109 Thread 0x000001e1ff65f1c0 DEOPT PACKING pc=0x000001e1ea3d1168 sp=0x00000089fedfb840
Event: 2.109 Thread 0x000001e1ff65f1c0 DEOPT UNPACKING pc=0x000001e1e2895c23 sp=0x00000089fedfb7b8 mode 2

Classes loaded (20 events):
Event: 2.106 Loading class java/lang/management/MemoryType
Event: 2.106 Loading class java/lang/management/MemoryType done
Event: 2.106 Loading class java/lang/management/MemoryUsage
Event: 2.106 Loading class java/lang/management/MemoryUsage done
Event: 2.106 Loading class java/util/concurrent/LinkedBlockingDeque$Node
Event: 2.107 Loading class java/util/concurrent/LinkedBlockingDeque$Node done
Event: 2.107 Loading class java/lang/Deprecated
Event: 2.108 Loading class java/lang/Deprecated done
Event: 2.109 Loading class jdk/internal/vm/annotation/IntrinsicCandidate
Event: 2.109 Loading class jdk/internal/vm/annotation/IntrinsicCandidate done
Event: 2.141 Loading class java/util/ConcurrentModificationException
Event: 2.141 Loading class java/util/ConcurrentModificationException done
Event: 2.246 Loading class java/util/concurrent/atomic/AtomicReferenceFieldUpdater
Event: 2.246 Loading class java/util/concurrent/atomic/AtomicReferenceFieldUpdater done
Event: 2.246 Loading class java/util/concurrent/atomic/AtomicReferenceFieldUpdater$AtomicReferenceFieldUpdaterImpl
Event: 2.246 Loading class java/util/concurrent/atomic/AtomicReferenceFieldUpdater$AtomicReferenceFieldUpdaterImpl done
Event: 2.246 Loading class java/util/concurrent/atomic/AtomicReferenceFieldUpdater$AtomicReferenceFieldUpdaterImpl$1
Event: 2.246 Loading class java/util/concurrent/atomic/AtomicReferenceFieldUpdater$AtomicReferenceFieldUpdaterImpl$1 done
Event: 2.311 Loading class java/util/DualPivotQuicksort
Event: 2.312 Loading class java/util/DualPivotQuicksort done

Classes unloaded (0 events):
No events

Classes redefined (0 events):
No events

Internal exceptions (20 events):
Event: 1.848 Thread 0x000001e1ff65f1c0 Exception <a 'java/lang/NoSuchMethodError'{0x0000000085613dd0}: 'java.lang.Object java.lang.invoke.DirectMethodHandle$Holder.invokeVirtual(java.lang.Object, java.lang.Object, java.lang.Object, java.lang.Object, java.lang.Object, java.lang.Object, java.lang.Object, java.lang.Object, java.lang.Object, java.lang.Object)'> (0x0000000085613dd0) 
thrown [s\open\src\hotspot\share\interpreter\linkResolver.cpp, line 766]
Event: 1.848 Thread 0x000001e1ff65f1c0 Exception <a 'java/lang/NoSuchMethodError'{0x0000000085618958}: 'java.lang.Object java.lang.invoke.DirectMethodHandle$Holder.invokeSpecial(java.lang.Object, java.lang.Object, java.lang.Object, java.lang.Object, java.lang.Object, java.lang.Object, java.lang.Object, java.lang.Object, java.lang.Object, java.lang.Object, java.lang.Object)'> (0x0000000085618958) 
thrown [s\open\src\hotspot\share\interpreter\linkResolver.cpp, line 766]
Event: 1.868 Thread 0x000001e1ff65f1c0 Exception <a 'java/lang/NoSuchMethodError'{0x00000000856fd778}: 'int java.lang.invoke.DirectMethodHandle$Holder.invokeSpecialIFC(java.lang.Object, java.lang.Object, java.lang.Object, java.lang.Object)'> (0x00000000856fd778) 
thrown [s\open\src\hotspot\share\interpreter\linkResolver.cpp, line 766]
Event: 1.869 Thread 0x000001e1ff65f1c0 Exception <a 'java/lang/NoSuchMethodError'{0x000000008550d3f8}: 'java.lang.Object java.lang.invoke.DirectMethodHandle$Holder.invokeInterface(java.lang.Object, java.lang.Object, java.lang.Object)'> (0x000000008550d3f8) 
thrown [s\open\src\hotspot\share\interpreter\linkResolver.cpp, line 766]
Event: 1.869 Thread 0x000001e1ff65f1c0 Exception <a 'java/lang/IncompatibleClassChangeError'{0x0000000085511008}: Found class java.lang.Object, but interface was expected> (0x0000000085511008) 
thrown [s\open\src\hotspot\share\interpreter\linkResolver.cpp, line 833]
Event: 1.871 Thread 0x000001e1ff65f1c0 Exception <a 'java/lang/NoSuchMethodError'{0x0000000085523018}: 'java.lang.Object java.lang.invoke.DirectMethodHandle$Holder.newInvokeSpecial(java.lang.Object, java.lang.Object, java.lang.Object, java.lang.Object, java.lang.Object, java.lang.Object, java.lang.Object, java.lang.Object, java.lang.Object, java.lang.Object)'> (0x0000000085523018) 
thrown [s\open\src\hotspot\share\interpreter\linkResolver.cpp, line 766]
Event: 1.923 Thread 0x000001e1ff65f1c0 Exception <a 'java/lang/NoSuchMethodError'{0x0000000085203218}: 'int java.lang.invoke.DirectMethodHandle$Holder.invokeStatic(java.lang.Object, java.lang.Object, java.lang.Object, java.lang.Object)'> (0x0000000085203218) 
thrown [s\open\src\hotspot\share\interpreter\linkResolver.cpp, line 766]
Event: 1.925 Thread 0x000001e1ff65f1c0 Exception <a 'java/lang/NoSuchMethodError'{0x000000008521c058}: 'java.lang.Object java.lang.invoke.DirectMethodHandle$Holder.newInvokeSpecial(java.lang.Object, java.lang.Object, java.lang.Object, java.lang.Object, java.lang.Object, java.lang.Object, java.lang.Object, java.lang.Object)'> (0x000000008521c058) 
thrown [s\open\src\hotspot\share\interpreter\linkResolver.cpp, line 766]
Event: 1.966 Thread 0x000001e1ff65f1c0 Exception <a 'java/lang/NoSuchMethodError'{0x0000000085076c50}: 'java.lang.Object java.lang.invoke.DirectMethodHandle$Holder.invokeVirtual(java.lang.Object, java.lang.Object, java.lang.Object, java.lang.Object, java.lang.Object, java.lang.Object, java.lang.Object, java.lang.Object, java.lang.Object, java.lang.Object, java.lang.Object, java.lang.Object, java.lang.Object, java.lang.Object, java.lang.Object, java.lang.Object, java.lang.Object, java.lang.Object, java.lang.Object, java.lang.Object)'> (0x0000000
Event: 1.966 Thread 0x000001e1ff65f1c0 Exception <a 'java/lang/NoSuchMethodError'{0x000000008507c868}: 'java.lang.Object java.lang.invoke.DirectMethodHandle$Holder.invokeSpecial(java.lang.Object, java.lang.Object, java.lang.Object, java.lang.Object, java.lang.Object, java.lang.Object, java.lang.Object, java.lang.Object, java.lang.Object, java.lang.Object, java.lang.Object, java.lang.Object, java.lang.Object, java.lang.Object, java.lang.Object, java.lang.Object, java.lang.Object, java.lang.Object, java.lang.Object, java.lang.Object, java.lang.Ob
Event: 1.966 Thread 0x000001e1ff65f1c0 Exception <a 'java/lang/NoSuchMethodError'{0x0000000085081d18}: 'java.lang.Object java.lang.invoke.DelegatingMethodHandle$Holder.reinvoke_L(java.lang.Object, java.lang.Object, java.lang.Object, java.lang.Object, java.lang.Object, java.lang.Object, java.lang.Object, java.lang.Object, java.lang.Object, java.lang.Object, java.lang.Object, java.lang.Object, java.lang.Object, java.lang.Object, java.lang.Object, java.lang.Object, java.lang.Object, java.lang.Object, java.lang.Object, java.lang.Object)'> (0x000000
Event: 1.971 Thread 0x000001e1ff65f1c0 Exception <a 'java/lang/NoSuchMethodError'{0x0000000084f247e8}: 'java.lang.Object java.lang.invoke.DirectMethodHandle$Holder.invokeInterface(java.lang.Object, java.lang.Object)'> (0x0000000084f247e8) 
thrown [s\open\src\hotspot\share\interpreter\linkResolver.cpp, line 766]
Event: 2.059 Thread 0x000001e1ff65f1c0 Exception <a 'java/lang/NoSuchMethodError'{0x0000000084a94168}: 'void java.lang.invoke.DirectMethodHandle$Holder.invokeStatic(java.lang.Object, java.lang.Object)'> (0x0000000084a94168) 
thrown [s\open\src\hotspot\share\interpreter\linkResolver.cpp, line 766]
Event: 2.144 Thread 0x000001e1ff65f1c0 Exception <a 'java/lang/NoSuchMethodError'{0x0000000084502848}: 'void java.lang.invoke.DirectMethodHandle$Holder.invokeSpecial(java.lang.Object, java.lang.Object, java.lang.Object, java.lang.Object, java.lang.Object, java.lang.Object, java.lang.Object)'> (0x0000000084502848) 
thrown [s\open\src\hotspot\share\interpreter\linkResolver.cpp, line 766]
Event: 2.144 Thread 0x000001e1ff65f1c0 Exception <a 'java/lang/NoSuchMethodError'{0x000000008450afd0}: 'java.lang.Object java.lang.invoke.DirectMethodHandle$Holder.newInvokeSpecial(java.lang.Object, java.lang.Object, java.lang.Object, java.lang.Object, java.lang.Object, java.lang.Object)'> (0x000000008450afd0) 
thrown [s\open\src\hotspot\share\interpreter\linkResolver.cpp, line 766]
Event: 2.210 Thread 0x000001e1ff65f1c0 Exception <a 'java/lang/NoSuchMethodError'{0x0000000084227f98}: 'java.lang.Object java.lang.invoke.DirectMethodHandle$Holder.newInvokeSpecial(java.lang.Object, java.lang.Object, java.lang.Object, java.lang.Object, java.lang.Object, java.lang.Object, java.lang.Object, java.lang.Object, java.lang.Object, java.lang.Object, java.lang.Object)'> (0x0000000084227f98) 
thrown [s\open\src\hotspot\share\interpreter\linkResolver.cpp, line 766]
Event: 2.214 Thread 0x000001e1ff65f1c0 Exception <a 'java/lang/NoSuchMethodError'{0x0000000084272fe8}: 'java.lang.Object java.lang.invoke.Invokers$Holder.invoker(java.lang.Object, java.lang.Object, java.lang.Object, java.lang.Object, java.lang.Object, java.lang.Object)'> (0x0000000084272fe8) 
thrown [s\open\src\hotspot\share\interpreter\linkResolver.cpp, line 766]
Event: 2.249 Thread 0x000001e1ff65f1c0 Exception <a 'java/lang/NoSuchMethodError'{0x00000000840fdf90}: 'int java.lang.invoke.DirectMethodHandle$Holder.invokeStaticInit(java.lang.Object, java.lang.Object, java.lang.Object)'> (0x00000000840fdf90) 
thrown [s\open\src\hotspot\share\interpreter\linkResolver.cpp, line 766]
Event: 2.331 Thread 0x000001e1ff65f1c0 Exception <a 'java/lang/NoSuchMethodError'{0x0000000083b69a28}: 'java.lang.Object java.lang.invoke.DirectMethodHandle$Holder.invokeVirtual(java.lang.Object, java.lang.Object, java.lang.Object, java.lang.Object, java.lang.Object, java.lang.Object)'> (0x0000000083b69a28) 
thrown [s\open\src\hotspot\share\interpreter\linkResolver.cpp, line 766]
Event: 2.334 Thread 0x000001e1ff65f1c0 Exception <a 'java/lang/NoSuchMethodError'{0x0000000083bb2008}: 'void java.lang.invoke.DirectMethodHandle$Holder.invokeStaticInit(java.lang.Object, java.lang.Object)'> (0x0000000083bb2008) 
thrown [s\open\src\hotspot\share\interpreter\linkResolver.cpp, line 766]

VM Operations (20 events):
Event: 1.086 Executing VM operation: HandshakeAllThreads
Event: 1.086 Executing VM operation: HandshakeAllThreads done
Event: 1.164 Executing VM operation: HandshakeAllThreads
Event: 1.164 Executing VM operation: HandshakeAllThreads done
Event: 1.176 Executing VM operation: HandshakeAllThreads
Event: 1.176 Executing VM operation: HandshakeAllThreads done
Event: 1.203 Executing VM operation: HandshakeAllThreads
Event: 1.203 Executing VM operation: HandshakeAllThreads done
Event: 1.228 Executing VM operation: HandshakeAllThreads
Event: 1.228 Executing VM operation: HandshakeAllThreads done
Event: 1.361 Executing VM operation: HandshakeAllThreads
Event: 1.361 Executing VM operation: HandshakeAllThreads done
Event: 1.657 Executing VM operation: HandshakeAllThreads
Event: 1.657 Executing VM operation: HandshakeAllThreads done
Event: 1.658 Executing VM operation: HandshakeAllThreads
Event: 1.658 Executing VM operation: HandshakeAllThreads done
Event: 1.749 Executing VM operation: ICBufferFull
Event: 1.749 Executing VM operation: ICBufferFull done
Event: 2.296 Executing VM operation: ICBufferFull
Event: 2.296 Executing VM operation: ICBufferFull done

Events (20 events):
Event: 0.253 Loaded shared library C:\Program Files\Java\jdk-18.0.1.1\bin\jimage.dll
Event: 0.302 Loaded shared library C:\Program Files\Java\jdk-18.0.1.1\bin\verify.dll
Event: 0.437 Loaded shared library C:\Users\suraj\.gradle\native\e1d6ef7f7dcc3fd88c89a11ec53ec762bb8ba0a96d01ffa2cd45eb1d1d8dd5c5\windows-amd64\native-platform.dll
Event: 0.451 Loaded shared library C:\Users\suraj\.gradle\native\5664cfc778a61ccfe75a443a1ab52a65af34e5dc3c78e0209fed803814484fcb\windows-amd64\native-platform-file-events.dll
Event: 1.067 Loaded shared library C:\Program Files\Java\jdk-18.0.1.1\bin\management.dll
Event: 1.071 Loaded shared library C:\Program Files\Java\jdk-18.0.1.1\bin\management_ext.dll
Event: 1.101 Thread 0x000001e1ff5d6310 Thread added: 0x000001e1ff5d6310
Event: 1.338 Thread 0x000001e1ff6749b0 Thread added: 0x000001e1ff6749b0
Event: 1.387 Thread 0x000001e1ff4c5020 Thread added: 0x000001e1ff4c5020
Event: 1.403 Thread 0x000001e1ff670c20 Thread added: 0x000001e1ff670c20
Event: 1.405 Thread 0x000001e1ff507020 Thread added: 0x000001e1ff507020
Event: 1.461 Thread 0x000001e1ff657780 Thread added: 0x000001e1ff657780
Event: 1.467 Thread 0x000001e1ff65f1c0 Thread added: 0x000001e1ff65f1c0
Event: 1.476 Thread 0x000001e1ff65f680 Thread added: 0x000001e1ff65f680
Event: 1.478 Thread 0x000001e1ff538210 Thread added: 0x000001e1ff538210
Event: 1.483 Thread 0x000001e1ff536530 Thread added: 0x000001e1ff536530
Event: 1.762 Thread 0x000001e1ff5386e0 Thread added: 0x000001e1ff5386e0
Event: 1.770 Thread 0x000001e1ff536a00 Thread added: 0x000001e1ff536a00
Event: 1.810 Thread 0x000001e1ff536ed0 Thread added: 0x000001e1ff536ed0
Event: 2.200 Thread 0x000001e1ff537870 Thread added: 0x000001e1ff537870


Dynamic libraries:
0x00007ff6c6460000 - 0x00007ff6c6470000 	C:\Program Files\Java\jdk-18.0.1.1\bin\java.exe
0x00007ffda3090000 - 0x00007ffda3288000 	C:\Windows\SYSTEM32\ntdll.dll
0x00007ffda2070000 - 0x00007ffda212d000 	C:\Windows\System32\KERNEL32.DLL
0x00007ffda0b50000 - 0x00007ffda0e1e000 	C:\Windows\System32\KERNELBASE.dll
0x00007ffda0830000 - 0x00007ffda0930000 	C:\Windows\System32\ucrtbase.dll
0x00007ffd80b70000 - 0x00007ffd80b8a000 	C:\Program Files\Java\jdk-18.0.1.1\bin\VCRUNTIME140.dll
0x00007ffd80b90000 - 0x00007ffd80ba8000 	C:\Program Files\Java\jdk-18.0.1.1\bin\jli.dll
0x00007ffda10f0000 - 0x00007ffda119e000 	C:\Windows\System32\ADVAPI32.dll
0x00007ffda1b60000 - 0x00007ffda1bfe000 	C:\Windows\System32\msvcrt.dll
0x00007ffda13a0000 - 0x00007ffda143c000 	C:\Windows\System32\sechost.dll
0x00007ffda2c90000 - 0x00007ffda2db5000 	C:\Windows\System32\RPCRT4.dll
0x00007ffda2890000 - 0x00007ffda2a30000 	C:\Windows\System32\USER32.dll
0x00007ffda10c0000 - 0x00007ffda10e2000 	C:\Windows\System32\win32u.dll
0x00007ffd8b4c0000 - 0x00007ffd8b75a000 	C:\Windows\WinSxS\amd64_microsoft.windows.common-controls_6595b64144ccf1df_6.0.19041.1110_none_60b5254171f9507e\COMCTL32.dll
0x00007ffda1aa0000 - 0x00007ffda1aca000 	C:\Windows\System32\GDI32.dll
0x00007ffda0a40000 - 0x00007ffda0b4b000 	C:\Windows\System32\gdi32full.dll
0x00007ffda0930000 - 0x00007ffda09cd000 	C:\Windows\System32\msvcp_win.dll
0x00007ffd94aa0000 - 0x00007ffd94aaa000 	C:\Windows\SYSTEM32\VERSION.dll
0x00007ffda1510000 - 0x00007ffda1540000 	C:\Windows\System32\IMM32.DLL
0x00007ffd8b760000 - 0x00007ffd8b76c000 	C:\Program Files\Java\jdk-18.0.1.1\bin\vcruntime140_1.dll
0x00007ffd720b0000 - 0x00007ffd7213d000 	C:\Program Files\Java\jdk-18.0.1.1\bin\msvcp140.dll
0x00007ffd3ba10000 - 0x00007ffd3c620000 	C:\Program Files\Java\jdk-18.0.1.1\bin\server\jvm.dll
0x00007ffda1440000 - 0x00007ffda1448000 	C:\Windows\System32\PSAPI.DLL
0x00007ffd89ea0000 - 0x00007ffd89ec7000 	C:\Windows\SYSTEM32\WINMM.dll
0x00007ffd816e0000 - 0x00007ffd816e9000 	C:\Windows\SYSTEM32\WSOCK32.dll
0x00007ffda2ef0000 - 0x00007ffda2f5b000 	C:\Windows\System32\WS2_32.dll
0x00007ffd9eff0000 - 0x00007ffd9f002000 	C:\Windows\SYSTEM32\kernel.appcore.dll
0x00007ffd8ab70000 - 0x00007ffd8ab7a000 	C:\Program Files\Java\jdk-18.0.1.1\bin\jimage.dll
0x00007ffd9e240000 - 0x00007ffd9e424000 	C:\Windows\SYSTEM32\DBGHELP.DLL
0x00007ffd82f90000 - 0x00007ffd82fbc000 	C:\Windows\SYSTEM32\dbgcore.DLL
0x00007ffda0f80000 - 0x00007ffda1002000 	C:\Windows\System32\bcryptPrimitives.dll
0x00007ffd80b40000 - 0x00007ffd80b65000 	C:\Program Files\Java\jdk-18.0.1.1\bin\java.dll
0x00007ffd71fd0000 - 0x00007ffd720a6000 	C:\Program Files\Java\jdk-18.0.1.1\bin\jsvml.dll
0x00007ffda2130000 - 0x00007ffda2874000 	C:\Windows\System32\SHELL32.dll
0x00007ffd9e850000 - 0x00007ffd9efe4000 	C:\Windows\SYSTEM32\windows.storage.dll
0x00007ffda1670000 - 0x00007ffda19c4000 	C:\Windows\System32\combase.dll
0x00007ffda0210000 - 0x00007ffda0240000 	C:\Windows\SYSTEM32\Wldp.dll
0x00007ffda2de0000 - 0x00007ffda2e8d000 	C:\Windows\System32\SHCORE.dll
0x00007ffda1450000 - 0x00007ffda14a5000 	C:\Windows\System32\shlwapi.dll
0x00007ffda06f0000 - 0x00007ffda070f000 	C:\Windows\SYSTEM32\profapi.dll
0x00007ffd80b20000 - 0x00007ffd80b33000 	C:\Program Files\Java\jdk-18.0.1.1\bin\net.dll
0x00007ffd9b500000 - 0x00007ffd9b60a000 	C:\Windows\SYSTEM32\WINHTTP.dll
0x00007ffd9ff70000 - 0x00007ffd9ffda000 	C:\Windows\system32\mswsock.dll
0x00007ffd71fb0000 - 0x00007ffd71fc6000 	C:\Program Files\Java\jdk-18.0.1.1\bin\nio.dll
0x00007ffd71f90000 - 0x00007ffd71fa8000 	C:\Program Files\Java\jdk-18.0.1.1\bin\zip.dll
0x00007ffd89a30000 - 0x00007ffd89a40000 	C:\Program Files\Java\jdk-18.0.1.1\bin\verify.dll
0x00007ffd80bf0000 - 0x00007ffd80c17000 	C:\Users\suraj\.gradle\native\e1d6ef7f7dcc3fd88c89a11ec53ec762bb8ba0a96d01ffa2cd45eb1d1d8dd5c5\windows-amd64\native-platform.dll
0x00007ffd49d20000 - 0x00007ffd49e64000 	C:\Users\suraj\.gradle\native\5664cfc778a61ccfe75a443a1ab52a65af34e5dc3c78e0209fed803814484fcb\windows-amd64\native-platform-file-events.dll
0x00007ffd88970000 - 0x00007ffd88979000 	C:\Program Files\Java\jdk-18.0.1.1\bin\management.dll
0x00007ffd88280000 - 0x00007ffd8828b000 	C:\Program Files\Java\jdk-18.0.1.1\bin\management_ext.dll
0x00007ffda0160000 - 0x00007ffda0178000 	C:\Windows\SYSTEM32\CRYPTSP.dll
0x00007ffd9f850000 - 0x00007ffd9f884000 	C:\Windows\system32\rsaenh.dll
0x00007ffda0800000 - 0x00007ffda0827000 	C:\Windows\System32\bcrypt.dll
0x00007ffda06b0000 - 0x00007ffda06de000 	C:\Windows\SYSTEM32\USERENV.dll
0x00007ffda0180000 - 0x00007ffda018c000 	C:\Windows\SYSTEM32\CRYPTBASE.dll
0x00007ffd9fc10000 - 0x00007ffd9fc4b000 	C:\Windows\SYSTEM32\IPHLPAPI.DLL
0x00007ffda2880000 - 0x00007ffda2888000 	C:\Windows\System32\NSI.dll
0x00007ffd94ab0000 - 0x00007ffd94ac7000 	C:\Windows\SYSTEM32\dhcpcsvc6.DLL
0x00007ffd95000000 - 0x00007ffd9501d000 	C:\Windows\SYSTEM32\dhcpcsvc.DLL
0x00007ffd9fc60000 - 0x00007ffd9fd2b000 	C:\Windows\SYSTEM32\DNSAPI.dll

dbghelp: loaded successfully - version: 4.0.5 - missing functions: none
symbol engine: initialized successfully - sym options: 0x614 - pdb path: .;C:\Program Files\Java\jdk-18.0.1.1\bin;C:\Windows\SYSTEM32;C:\Windows\WinSxS\amd64_microsoft.windows.common-controls_6595b64144ccf1df_6.0.19041.1110_none_60b5254171f9507e;C:\Program Files\Java\jdk-18.0.1.1\bin\server;C:\Users\suraj\.gradle\native\e1d6ef7f7dcc3fd88c89a11ec53ec762bb8ba0a96d01ffa2cd45eb1d1d8dd5c5\windows-amd64;C:\Users\suraj\.gradle\native\5664cfc778a61ccfe75a443a1ab52a65af34e5dc3c78e0209fed803814484fcb\windows-amd64

VM Arguments:
jvm_args: --add-opens=java.base/java.util=ALL-UNNAMED --add-opens=java.base/java.lang=ALL-UNNAMED --add-opens=java.base/java.lang.invoke=ALL-UNNAMED --add-opens=java.base/java.util=ALL-UNNAMED --add-opens=java.prefs/java.util.prefs=ALL-UNNAMED --add-opens=java.prefs/java.util.prefs=ALL-UNNAMED --add-opens=java.base/java.nio.charset=ALL-UNNAMED --add-opens=java.base/java.net=ALL-UNNAMED --add-opens=java.base/java.util.concurrent.atomic=ALL-UNNAMED -Xmx2048m -Dfile.encoding=UTF-8 -Duser.country=IN -Duser.language=en -Duser.variant 
java_command: org.gradle.launcher.daemon.bootstrap.GradleDaemon 7.3.3
java_class_path (initial): C:\Program Files\Android\gradle-7.3.3\lib\gradle-launcher-7.3.3.jar
Launcher Type: SUN_STANDARD

[Global flags]
     intx CICompilerCount                          = 4                                         {product} {ergonomic}
     uint ConcGCThreads                            = 2                                         {product} {ergonomic}
     uint G1ConcRefinementThreads                  = 8                                         {product} {ergonomic}
   size_t G1HeapRegionSize                         = 1048576                                   {product} {ergonomic}
    uintx GCDrainStackTargetSize                   = 64                                        {product} {ergonomic}
   size_t InitialHeapSize                          = 132120576                                 {product} {ergonomic}
   size_t MarkStackSize                            = 4194304                                   {product} {ergonomic}
   size_t MaxHeapSize                              = 2147483648                                {product} {command line}
   size_t MaxNewSize                               = 1287651328                                {product} {ergonomic}
   size_t MinHeapDeltaBytes                        = 1048576                                   {product} {ergonomic}
   size_t MinHeapSize                              = 8388608                                   {product} {ergonomic}
    uintx NonNMethodCodeHeapSize                   = 5839372                                {pd product} {ergonomic}
    uintx NonProfiledCodeHeapSize                  = 122909434                              {pd product} {ergonomic}
    uintx ProfiledCodeHeapSize                     = 122909434                              {pd product} {ergonomic}
    uintx ReservedCodeCacheSize                    = 251658240                              {pd product} {ergonomic}
     bool SegmentedCodeCache                       = true                                      {product} {ergonomic}
   size_t SoftMaxHeapSize                          = 2147483648                             {manageable} {ergonomic}
     bool UseCompressedClassPointers               = true                           {product lp64_product} {ergonomic}
     bool UseCompressedOops                        = true                           {product lp64_product} {ergonomic}
     bool UseG1GC                                  = true                                      {product} {ergonomic}
     bool UseLargePagesIndividualAllocation        = false                                  {pd product} {ergonomic}

Logging:
Log output configuration:
 #0: stdout all=warning uptime,level,tags foldmultilines=false
 #1: stderr all=off uptime,level,tags foldmultilines=false

Environment Variables:
JAVA_HOME=C:\Program Files\Java\jdk-18.0.1.1
PATH=C:\Program Files\Common Files\Oracle\Java\javapath;C:\Windows\system32;C:\Windows;C:\Windows\System32\Wbem;C:\Windows\System32\WindowsPowerShell\v1.0\;C:\Windows\System32\OpenSSH\;C:\Program Files\Git\cmd;C:\Users\suraj\AppData\Local\Microsoft\WindowsApps
USERNAME=suraj
OS=Windows_NT
PROCESSOR_IDENTIFIER=Intel64 Family 6 Model 140 Stepping 1, GenuineIntel



---------------  S Y S T E M  ---------------

OS:
 Windows 10 , 64 bit Build 19041 (10.0.19041.1806)
OS uptime: 0 days 4:55 hours
Hyper-V role detected

CPU: total 8 (initial active 8) (4 cores per cpu, 2 threads per core) family 6 model 140 stepping 1 microcode 0x86, cx8, cmov, fxsr, ht, mmx, 3dnowpref, sse, sse2, sse3, ssse3, sse4.1, sse4.2, popcnt, lzcnt, tsc, tscinvbit, avx, avx2, aes, erms, clmul, bmi1, bmi2, adx, avx512f, avx512dq, avx512cd, avx512bw, avx512vl, sha, fma, vzeroupper, avx512_vpopcntdq, avx512_vpclmulqdq, avx512_vaes, avx512_vnni, clflush, clflushopt, clwb, avx512_vbmi2, avx512_vbmi, hv

Memory: 4k page, system-wide physical 7987M (350M free)
TotalPageFile size 7987M (AvailPageFile size 5M)
current process WorkingSet (physical memory assigned to process): 194M, peak: 195M
current process commit charge ("private bytes"): 289M, peak: 291M

vm_info: Java HotSpot(TM) 64-Bit Server VM (18.0.1.1+2-6) for windows-amd64 JRE (18.0.1.1+2-6), built on Apr 25 2022 21:53:15 by "mach5one" with MS VC++ 16.8 / 16.9 (VS2019)

END.
