#
# There is insufficient memory for the Java Runtime Environment to continue.
# Native memory allocation (mmap) failed to map 179306496 bytes for G1 virtual space
# Possible reasons:
#   The system is out of physical RAM or swap space
#   The process is running with CompressedOops enabled, and the Java Heap may be blocking the growth of the native heap
# Possible solutions:
#   Reduce memory load on the system
#   Increase physical memory or swap space
#   Check if swap backing store is full
#   Decrease Java heap size (-Xmx/-Xms)
#   Decrease number of Java threads
#   Decrease Java thread stack sizes (-Xss)
#   Set larger code cache with -XX:ReservedCodeCacheSize=
#   JVM is running with Unscaled Compressed Oops mode in which the Java heap is
#     placed in the first 4GB address space. The Java Heap base address is the
#     maximum limit for the native heap growth. Please use -XX:HeapBaseMinAddress
#     to set the Java Heap base and to place the Java Heap above 4GB virtual address.
# This output file may be truncated or incomplete.
#
#  Out of Memory Error (os_windows.cpp:3530), pid=14508, tid=9668
#
# JRE version: Java(TM) SE Runtime Environment (18.0.1.1+2) (build 18.0.1.1+2-6)
# Java VM: Java HotSpot(TM) 64-Bit Server VM (18.0.1.1+2-6, mixed mode, sharing, tiered, compressed oops, compressed class ptrs, g1 gc, windows-amd64)
# No core dump will be written. Minidumps are not enabled by default on client versions of Windows
#

---------------  S U M M A R Y ------------

Command Line: --add-opens=java.base/java.util=ALL-UNNAMED --add-opens=java.base/java.lang=ALL-UNNAMED --add-opens=java.base/java.lang.invoke=ALL-UNNAMED --add-opens=java.base/java.util=ALL-UNNAMED --add-opens=java.prefs/java.util.prefs=ALL-UNNAMED --add-opens=java.prefs/java.util.prefs=ALL-UNNAMED --add-opens=java.base/java.nio.charset=ALL-UNNAMED --add-opens=java.base/java.net=ALL-UNNAMED --add-opens=java.base/java.util.concurrent.atomic=ALL-UNNAMED -Xmx2048m -Dfile.encoding=UTF-8 -Duser.country=IN -Duser.language=en -Duser.variant org.gradle.launcher.daemon.bootstrap.GradleDaemon 7.3.3

Host: 11th Gen Intel(R) Core(TM) i5-1135G7 @ 2.40GHz, 8 cores, 7G,  Windows 10 , 64 bit Build 19041 (10.0.19041.1741)
Time: Thu Jun 30 00:00:36 2022 India Standard Time elapsed time: 9.592408 seconds (0d 0h 0m 9s)

---------------  T H R E A D  ---------------

Current thread (0x0000026d28cec9d0):  VMThread "VM Thread" [stack: 0x000000bef5200000,0x000000bef5300000] [id=9668]

Stack: [0x000000bef5200000,0x000000bef5300000]
Native frames: (J=compiled Java code, j=interpreted, Vv=VM code, C=native code)
V  [jvm.dll+0x69887a]
V  [jvm.dll+0x7f38bd]
V  [jvm.dll+0x7f51ce]
V  [jvm.dll+0x7f5883]
V  [jvm.dll+0x25ca3f]
V  [jvm.dll+0x6957c9]
V  [jvm.dll+0x68a2fa]
V  [jvm.dll+0x321efb]
V  [jvm.dll+0x3298d6]
V  [jvm.dll+0x37e47e]
V  [jvm.dll+0x37e6af]
V  [jvm.dll+0x2f9c7a]
V  [jvm.dll+0x2f9d27]
V  [jvm.dll+0x33e262]
V  [jvm.dll+0x33c804]
V  [jvm.dll+0x2f9450]
V  [jvm.dll+0x33bddb]
V  [jvm.dll+0x7fa66b]
V  [jvm.dll+0x7fb404]
V  [jvm.dll+0x7fb93c]
V  [jvm.dll+0x7fbd94]
V  [jvm.dll+0x7fbe57]
V  [jvm.dll+0x7a03ea]
V  [jvm.dll+0x697725]
C  [ucrtbase.dll+0x21bb2]
C  [KERNEL32.DLL+0x17034]
C  [ntdll.dll+0x52651]

VM_Operation (0x000000befe4fc340): G1CollectForAllocation, mode: safepoint, requested by thread 0x0000026d2f284bf0


---------------  P R O C E S S  ---------------

Threads class SMR info:
_java_thread_list=0x0000026d31af0f90, length=138, elements={
0x0000026d0aac1600, 0x0000026d28cf0ac0, 0x0000026d28cf1370, 0x0000026d28d0d320,
0x0000026d28d0dbd0, 0x0000026d28d124a0, 0x0000026d28d12e90, 0x0000026d28d14a80,
0x0000026d28d154b0, 0x0000026d28d28b10, 0x0000026d2d0aa530, 0x0000026d2d0ac210,
0x0000026d2d1ccd60, 0x0000026d2d3a46b0, 0x0000026d2d0aaa00, 0x0000026d2d0abd40,
0x0000026d2d0a9b90, 0x0000026d2d0aaed0, 0x0000026d2d0ac6e0, 0x0000026d2d0ab3a0,
0x0000026d2d0ab870, 0x0000026d2d0acbb0, 0x0000026d2d0ad080, 0x0000026d2d0a96c0,
0x0000026d2ed93d50, 0x0000026d2ed97710, 0x0000026d2ed98f20, 0x0000026d2ed97be0,
0x0000026d2ed980b0, 0x0000026d2ed96d70, 0x0000026d2ed993f0, 0x0000026d2ed946f0,
0x0000026d2ed998c0, 0x0000026d2ed963d0, 0x0000026d2ed95a30, 0x0000026d2ed95f00,
0x0000026d2ed933b0, 0x0000026d2ed94bc0, 0x0000026d2ed95560, 0x0000026d2ed93880,
0x0000026d2ed968a0, 0x0000026d2ed97240, 0x0000026d2f38db80, 0x0000026d2f393bc0,
0x0000026d2f38e050, 0x0000026d2f3906d0, 0x0000026d2f390200, 0x0000026d2f390ba0,
0x0000026d2f394090, 0x0000026d2f38f860, 0x0000026d2f38e520, 0x0000026d2f391a10,
0x0000026d2f38eec0, 0x0000026d2f391070, 0x0000026d2f38f390, 0x0000026d2f394560,
0x0000026d2f391ee0, 0x0000026d2f3923b0, 0x0000026d2f392880, 0x0000026d2f38fd30,
0x0000026d2f394a30, 0x0000026d2f38d1e0, 0x0000026d2f38e9f0, 0x0000026d2f38d6b0,
0x0000026d2f393220, 0x0000026d2f391540, 0x0000026d2f392d50, 0x0000026d2f3936f0,
0x0000026d33098890, 0x0000026d3309aa40, 0x0000026d33095d40, 0x0000026d33094ed0,
0x0000026d330953a0, 0x0000026d33098d60, 0x0000026d33095870, 0x0000026d33096210,
0x0000026d3309a570, 0x0000026d330966e0, 0x0000026d33096bb0, 0x0000026d33099230,
0x0000026d3309b8b0, 0x0000026d33094060, 0x0000026d3309a0a0, 0x0000026d33097080,
0x0000026d33097550, 0x0000026d33097a20, 0x0000026d33099700, 0x0000026d3309af10,
0x0000026d33099bd0, 0x0000026d3309b3e0, 0x0000026d33094530, 0x0000026d33094a00,
0x0000026d33097ef0, 0x0000026d330983c0, 0x0000026d330db2b0, 0x0000026d330dcac0,
0x0000026d330d8c30, 0x0000026d330de2d0, 0x0000026d330dd930, 0x0000026d330d7dc0,
0x0000026d330dec70, 0x0000026d330dde00, 0x0000026d330d78f0, 0x0000026d330dc120,
0x0000026d330dade0, 0x0000026d330de7a0, 0x0000026d330df140, 0x0000026d330d8290,
0x0000026d330dcf90, 0x0000026d330d8760, 0x0000026d330d9100, 0x0000026d330d95d0,
0x0000026d330da440, 0x0000026d330d9aa0, 0x0000026d330d9f70, 0x0000026d330da910,
0x0000026d330db780, 0x0000026d330dbc50, 0x0000026d330dc5f0, 0x0000026d330dd460,
0x0000026d2f286da0, 0x0000026d2f287c10, 0x0000026d2f2880e0, 0x0000026d2f2898f0,
0x0000026d2f285a60, 0x0000026d2f288a80, 0x0000026d2f2885b0, 0x0000026d2f2838b0,
0x0000026d2f2820a0, 0x0000026d2f285590, 0x0000026d2f282570, 0x0000026d2f282a40,
0x0000026d2f286400, 0x0000026d2f282f10, 0x0000026d2f2833e0, 0x0000026d2f283d80,
0x0000026d2f284720, 0x0000026d2f284bf0
}

Java Threads: ( => current thread )
  0x0000026d0aac1600 JavaThread "main" [_thread_blocked, id=15100, stack(0x000000bef4c00000,0x000000bef4d00000)]
  0x0000026d28cf0ac0 JavaThread "Reference Handler" daemon [_thread_blocked, id=12412, stack(0x000000bef5300000,0x000000bef5400000)]
  0x0000026d28cf1370 JavaThread "Finalizer" daemon [_thread_blocked, id=10908, stack(0x000000bef5400000,0x000000bef5500000)]
  0x0000026d28d0d320 JavaThread "Signal Dispatcher" daemon [_thread_blocked, id=1200, stack(0x000000bef5500000,0x000000bef5600000)]
  0x0000026d28d0dbd0 JavaThread "Attach Listener" daemon [_thread_blocked, id=2816, stack(0x000000bef5600000,0x000000bef5700000)]
  0x0000026d28d124a0 JavaThread "Service Thread" daemon [_thread_blocked, id=8812, stack(0x000000bef5700000,0x000000bef5800000)]
  0x0000026d28d12e90 JavaThread "Monitor Deflation Thread" daemon [_thread_blocked, id=8100, stack(0x000000bef5800000,0x000000bef5900000)]
  0x0000026d28d14a80 JavaThread "C2 CompilerThread0" daemon [_thread_blocked, id=6960, stack(0x000000bef5900000,0x000000bef5a00000)]
  0x0000026d28d154b0 JavaThread "C1 CompilerThread0" daemon [_thread_blocked, id=5588, stack(0x000000bef5a00000,0x000000bef5b00000)]
  0x0000026d28d28b10 JavaThread "Sweeper thread" daemon [_thread_blocked, id=13120, stack(0x000000bef5b00000,0x000000bef5c00000)]
  0x0000026d2d0aa530 JavaThread "Common-Cleaner" daemon [_thread_blocked, id=14116, stack(0x000000bef5c00000,0x000000bef5d00000)]
  0x0000026d2d0ac210 JavaThread "Notification Thread" daemon [_thread_blocked, id=9892, stack(0x000000bef5d00000,0x000000bef5e00000)]
  0x0000026d2d1ccd60 JavaThread "C2 CompilerThread1" daemon [_thread_in_native, id=1308, stack(0x000000bef5f00000,0x000000bef6000000)]
  0x0000026d2d3a46b0 JavaThread "C2 CompilerThread2" daemon [_thread_blocked, id=4620, stack(0x000000bef6000000,0x000000bef6100000)]
  0x0000026d2d0aaa00 JavaThread "Daemon health stats" [_thread_blocked, id=14892, stack(0x000000bef6700000,0x000000bef6800000)]
  0x0000026d2d0abd40 JavaThread "Incoming local TCP Connector on port 51341" [_thread_in_native, id=11636, stack(0x000000bef6800000,0x000000bef6900000)]
  0x0000026d2d0a9b90 JavaThread "Daemon periodic checks" [_thread_blocked, id=7152, stack(0x000000bef6900000,0x000000bef6a00000)]
  0x0000026d2d0aaed0 JavaThread "Daemon" [_thread_blocked, id=8068, stack(0x000000bef6a00000,0x000000bef6b00000)]
  0x0000026d2d0ac6e0 JavaThread "Handler for socket connection from /127.0.0.1:51341 to /127.0.0.1:51342" [_thread_in_native, id=8868, stack(0x000000bef6b00000,0x000000bef6c00000)]
  0x0000026d2d0ab3a0 JavaThread "Cancel handler" [_thread_blocked, id=7164, stack(0x000000bef6c00000,0x000000bef6d00000)]
  0x0000026d2d0ab870 JavaThread "Daemon worker" [_thread_blocked, id=13916, stack(0x000000bef6d00000,0x000000bef6e00000)]
  0x0000026d2d0acbb0 JavaThread "Asynchronous log dispatcher for DefaultDaemonConnection: socket connection from /127.0.0.1:51341 to /127.0.0.1:51342" [_thread_blocked, id=12128, stack(0x000000bef6e00000,0x000000bef6f00000)]
  0x0000026d2d0ad080 JavaThread "Stdin handler" [_thread_blocked, id=13332, stack(0x000000bef6f00000,0x000000bef7000000)]
  0x0000026d2d0a96c0 JavaThread "Daemon client event forwarder" [_thread_blocked, id=3456, stack(0x000000bef7000000,0x000000bef7100000)]
  0x0000026d2ed93d50 JavaThread "Cache worker for journal cache (C:\Program Files\Android\gradle-7.3.3\caches\journal-1)" [_thread_blocked, id=13208, stack(0x000000bef7100000,0x000000bef7200000)]
  0x0000026d2ed97710 JavaThread "File lock request listener" [_thread_in_native, id=7836, stack(0x000000bef7200000,0x000000bef7300000)]
  0x0000026d2ed98f20 JavaThread "Cache worker for file hash cache (C:\Program Files\Android\gradle-7.3.3\caches\7.3.3\fileHashes)" [_thread_blocked, id=10860, stack(0x000000bef7300000,0x000000bef7400000)]
  0x0000026d2ed97be0 JavaThread "Cache worker for file hash cache (D:\EmailLogin\.gradle\7.3.3\fileHashes)" [_thread_blocked, id=4804, stack(0x000000bef7400000,0x000000bef7500000)]
  0x0000026d2ed980b0 JavaThread "File watcher server" daemon [_thread_blocked, id=12312, stack(0x000000bef7500000,0x000000bef7600000)]
  0x0000026d2ed96d70 JavaThread "File watcher consumer" daemon [_thread_blocked, id=6008, stack(0x000000bef7600000,0x000000bef7700000)]
  0x0000026d2ed993f0 JavaThread "Cache worker for checksums cache (D:\EmailLogin\.gradle\7.3.3\checksums)" [_thread_blocked, id=13860, stack(0x000000bef7800000,0x000000bef7900000)]
  0x0000026d2ed946f0 JavaThread "Cache worker for cache directory md-supplier (C:\Program Files\Android\gradle-7.3.3\caches\7.3.3\md-supplier)" [_thread_blocked, id=7504, stack(0x000000bef7900000,0x000000bef7a00000)]
  0x0000026d2ed998c0 JavaThread "Cache worker for cache directory md-rule (C:\Program Files\Android\gradle-7.3.3\caches\7.3.3\md-rule)" [_thread_blocked, id=9728, stack(0x000000bef7b00000,0x000000bef7c00000)]
  0x0000026d2ed963d0 JavaThread "Cache worker for execution history cache (C:\Program Files\Android\gradle-7.3.3\caches\7.3.3\executionHistory)" [_thread_blocked, id=1664, stack(0x000000bef7c00000,0x000000bef7d00000)]
  0x0000026d2ed95a30 JavaThread "jar transforms" [_thread_blocked, id=14992, stack(0x000000bef7d00000,0x000000bef7e00000)]
  0x0000026d2ed95f00 JavaThread "Cache worker for file content cache (C:\Program Files\Android\gradle-7.3.3\caches\7.3.3\fileContent)" [_thread_blocked, id=10996, stack(0x000000bef7e00000,0x000000bef7f00000)]
  0x0000026d2ed933b0 JavaThread "jar transforms Thread 2" [_thread_blocked, id=2212, stack(0x000000bef7f00000,0x000000bef8000000)]
  0x0000026d2ed94bc0 JavaThread "Cache worker for dependencies-accessors (D:\EmailLogin\.gradle\7.3.3\dependencies-accessors)" [_thread_blocked, id=11788, stack(0x000000bef8000000,0x000000bef8100000)]
  0x0000026d2ed95560 JavaThread "jar transforms Thread 3" [_thread_blocked, id=12416, stack(0x000000bef8100000,0x000000bef8200000)]
  0x0000026d2ed93880 JavaThread "Cache worker for Build Output Cleanup Cache (D:\EmailLogin\.gradle\buildOutputCleanup)" [_thread_blocked, id=6872, stack(0x000000bef8200000,0x000000bef8300000)]
  0x0000026d2ed968a0 JavaThread "Unconstrained build operations" [_thread_blocked, id=3344, stack(0x000000bef8300000,0x000000bef8400000)]
  0x0000026d2ed97240 JavaThread "Unconstrained build operations Thread 2" [_thread_blocked, id=8856, stack(0x000000bef8400000,0x000000bef8500000)]
  0x0000026d2f38db80 JavaThread "Unconstrained build operations Thread 3" [_thread_blocked, id=10260, stack(0x000000bef8500000,0x000000bef8600000)]
  0x0000026d2f393bc0 JavaThread "Unconstrained build operations Thread 4" [_thread_blocked, id=8364, stack(0x000000bef8600000,0x000000bef8700000)]
  0x0000026d2f38e050 JavaThread "Unconstrained build operations Thread 5" [_thread_blocked, id=8260, stack(0x000000bef8700000,0x000000bef8800000)]
  0x0000026d2f3906d0 JavaThread "Unconstrained build operations Thread 6" [_thread_blocked, id=4448, stack(0x000000bef8800000,0x000000bef8900000)]
  0x0000026d2f390200 JavaThread "Unconstrained build operations Thread 7" [_thread_blocked, id=11440, stack(0x000000bef8900000,0x000000bef8a00000)]
  0x0000026d2f390ba0 JavaThread "Unconstrained build operations Thread 8" [_thread_blocked, id=15224, stack(0x000000bef8a00000,0x000000bef8b00000)]
  0x0000026d2f394090 JavaThread "Unconstrained build operations Thread 9" [_thread_blocked, id=5516, stack(0x000000bef8b00000,0x000000bef8c00000)]
  0x0000026d2f38f860 JavaThread "Unconstrained build operations Thread 10" [_thread_blocked, id=12168, stack(0x000000bef8c00000,0x000000bef8d00000)]
  0x0000026d2f38e520 JavaThread "Unconstrained build operations Thread 11" [_thread_blocked, id=10756, stack(0x000000bef8d00000,0x000000bef8e00000)]
  0x0000026d2f391a10 JavaThread "Unconstrained build operations Thread 12" [_thread_blocked, id=8932, stack(0x000000bef8e00000,0x000000bef8f00000)]
  0x0000026d2f38eec0 JavaThread "Unconstrained build operations Thread 13" [_thread_blocked, id=14212, stack(0x000000bef8f00000,0x000000bef9000000)]
  0x0000026d2f391070 JavaThread "Unconstrained build operations Thread 14" [_thread_blocked, id=7904, stack(0x000000bef9000000,0x000000bef9100000)]
  0x0000026d2f38f390 JavaThread "Unconstrained build operations Thread 15" [_thread_blocked, id=10408, stack(0x000000bef9100000,0x000000bef9200000)]
  0x0000026d2f394560 JavaThread "Unconstrained build operations Thread 16" [_thread_blocked, id=3860, stack(0x000000bef9200000,0x000000bef9300000)]
  0x0000026d2f391ee0 JavaThread "Unconstrained build operations Thread 17" [_thread_blocked, id=6756, stack(0x000000bef9300000,0x000000bef9400000)]
  0x0000026d2f3923b0 JavaThread "Unconstrained build operations Thread 18" [_thread_blocked, id=2064, stack(0x000000bef9400000,0x000000bef9500000)]
  0x0000026d2f392880 JavaThread "Unconstrained build operations Thread 19" [_thread_blocked, id=7728, stack(0x000000bef9500000,0x000000bef9600000)]
  0x0000026d2f38fd30 JavaThread "Unconstrained build operations Thread 20" [_thread_blocked, id=14864, stack(0x000000bef9600000,0x000000bef9700000)]
  0x0000026d2f394a30 JavaThread "Unconstrained build operations Thread 21" [_thread_blocked, id=8552, stack(0x000000bef9700000,0x000000bef9800000)]
  0x0000026d2f38d1e0 JavaThread "Unconstrained build operations Thread 22" [_thread_blocked, id=14628, stack(0x000000bef9800000,0x000000bef9900000)]
  0x0000026d2f38e9f0 JavaThread "Unconstrained build operations Thread 23" [_thread_blocked, id=14940, stack(0x000000bef9900000,0x000000bef9a00000)]
  0x0000026d2f38d6b0 JavaThread "Unconstrained build operations Thread 24" [_thread_blocked, id=10364, stack(0x000000bef9a00000,0x000000bef9b00000)]
  0x0000026d2f393220 JavaThread "Unconstrained build operations Thread 25" [_thread_blocked, id=8384, stack(0x000000bef9b00000,0x000000bef9c00000)]
  0x0000026d2f391540 JavaThread "Unconstrained build operations Thread 26" [_thread_blocked, id=11408, stack(0x000000bef9c00000,0x000000bef9d00000)]
  0x0000026d2f392d50 JavaThread "Unconstrained build operations Thread 27" [_thread_blocked, id=13624, stack(0x000000bef9d00000,0x000000bef9e00000)]
  0x0000026d2f3936f0 JavaThread "Unconstrained build operations Thread 28" [_thread_blocked, id=8216, stack(0x000000bef9e00000,0x000000bef9f00000)]
  0x0000026d33098890 JavaThread "Unconstrained build operations Thread 29" [_thread_blocked, id=1300, stack(0x000000bef9f00000,0x000000befa000000)]
  0x0000026d3309aa40 JavaThread "Unconstrained build operations Thread 30" [_thread_blocked, id=4508, stack(0x000000befa000000,0x000000befa100000)]
  0x0000026d33095d40 JavaThread "Unconstrained build operations Thread 31" [_thread_blocked, id=2828, stack(0x000000befa100000,0x000000befa200000)]
  0x0000026d33094ed0 JavaThread "Unconstrained build operations Thread 32" [_thread_blocked, id=6892, stack(0x000000befa200000,0x000000befa300000)]
  0x0000026d330953a0 JavaThread "Unconstrained build operations Thread 33" [_thread_blocked, id=1808, stack(0x000000befa300000,0x000000befa400000)]
  0x0000026d33098d60 JavaThread "Unconstrained build operations Thread 34" [_thread_blocked, id=9396, stack(0x000000befa400000,0x000000befa500000)]
  0x0000026d33095870 JavaThread "Unconstrained build operations Thread 35" [_thread_blocked, id=11328, stack(0x000000befa500000,0x000000befa600000)]
  0x0000026d33096210 JavaThread "Unconstrained build operations Thread 36" [_thread_blocked, id=6904, stack(0x000000befa600000,0x000000befa700000)]
  0x0000026d3309a570 JavaThread "Unconstrained build operations Thread 37" [_thread_blocked, id=14564, stack(0x000000befa700000,0x000000befa800000)]
  0x0000026d330966e0 JavaThread "Unconstrained build operations Thread 38" [_thread_blocked, id=5960, stack(0x000000befa800000,0x000000befa900000)]
  0x0000026d33096bb0 JavaThread "Unconstrained build operations Thread 39" [_thread_blocked, id=3644, stack(0x000000befa900000,0x000000befaa00000)]
  0x0000026d33099230 JavaThread "Unconstrained build operations Thread 40" [_thread_blocked, id=13716, stack(0x000000befaa00000,0x000000befab00000)]
  0x0000026d3309b8b0 JavaThread "Unconstrained build operations Thread 41" [_thread_blocked, id=5236, stack(0x000000befab00000,0x000000befac00000)]
  0x0000026d33094060 JavaThread "Unconstrained build operations Thread 42" [_thread_blocked, id=11064, stack(0x000000befac00000,0x000000befad00000)]
  0x0000026d3309a0a0 JavaThread "Unconstrained build operations Thread 43" [_thread_blocked, id=1764, stack(0x000000befad00000,0x000000befae00000)]
  0x0000026d33097080 JavaThread "Unconstrained build operations Thread 44" [_thread_blocked, id=10148, stack(0x000000befae00000,0x000000befaf00000)]
  0x0000026d33097550 JavaThread "Unconstrained build operations Thread 45" [_thread_blocked, id=8416, stack(0x000000befaf00000,0x000000befb000000)]
  0x0000026d33097a20 JavaThread "Unconstrained build operations Thread 46" [_thread_blocked, id=4472, stack(0x000000befb000000,0x000000befb100000)]
  0x0000026d33099700 JavaThread "Unconstrained build operations Thread 47" [_thread_blocked, id=7564, stack(0x000000befb100000,0x000000befb200000)]
  0x0000026d3309af10 JavaThread "Unconstrained build operations Thread 48" [_thread_blocked, id=1900, stack(0x000000befb200000,0x000000befb300000)]
  0x0000026d33099bd0 JavaThread "Unconstrained build operations Thread 49" [_thread_blocked, id=14444, stack(0x000000befb300000,0x000000befb400000)]
  0x0000026d3309b3e0 JavaThread "Unconstrained build operations Thread 50" [_thread_blocked, id=14384, stack(0x000000befb400000,0x000000befb500000)]
  0x0000026d33094530 JavaThread "Unconstrained build operations Thread 51" [_thread_blocked, id=2724, stack(0x000000befb500000,0x000000befb600000)]
  0x0000026d33094a00 JavaThread "Unconstrained build operations Thread 52" [_thread_blocked, id=13368, stack(0x000000befb600000,0x000000befb700000)]
  0x0000026d33097ef0 JavaThread "Unconstrained build operations Thread 53" [_thread_blocked, id=14352, stack(0x000000befb700000,0x000000befb800000)]
  0x0000026d330983c0 JavaThread "Unconstrained build operations Thread 54" [_thread_blocked, id=15036, stack(0x000000befb800000,0x000000befb900000)]
  0x0000026d330db2b0 JavaThread "Unconstrained build operations Thread 55" [_thread_blocked, id=9496, stack(0x000000befb900000,0x000000befba00000)]
  0x0000026d330dcac0 JavaThread "Unconstrained build operations Thread 56" [_thread_blocked, id=5996, stack(0x000000befba00000,0x000000befbb00000)]
  0x0000026d330d8c30 JavaThread "Unconstrained build operations Thread 57" [_thread_blocked, id=13844, stack(0x000000befbb00000,0x000000befbc00000)]
  0x0000026d330de2d0 JavaThread "Unconstrained build operations Thread 58" [_thread_blocked, id=6972, stack(0x000000befbc00000,0x000000befbd00000)]
  0x0000026d330dd930 JavaThread "Unconstrained build operations Thread 59" [_thread_blocked, id=2612, stack(0x000000befbd00000,0x000000befbe00000)]
  0x0000026d330d7dc0 JavaThread "Unconstrained build operations Thread 60" [_thread_blocked, id=5724, stack(0x000000befbe00000,0x000000befbf00000)]
  0x0000026d330dec70 JavaThread "Unconstrained build operations Thread 61" [_thread_blocked, id=1840, stack(0x000000befbf00000,0x000000befc000000)]
  0x0000026d330dde00 JavaThread "Unconstrained build operations Thread 62" [_thread_blocked, id=8252, stack(0x000000befc000000,0x000000befc100000)]
  0x0000026d330d78f0 JavaThread "Unconstrained build operations Thread 63" [_thread_blocked, id=5572, stack(0x000000befc100000,0x000000befc200000)]
  0x0000026d330dc120 JavaThread "Unconstrained build operations Thread 64" [_thread_blocked, id=3124, stack(0x000000befc200000,0x000000befc300000)]
  0x0000026d330dade0 JavaThread "Unconstrained build operations Thread 65" [_thread_blocked, id=7640, stack(0x000000befc300000,0x000000befc400000)]
  0x0000026d330de7a0 JavaThread "Unconstrained build operations Thread 66" [_thread_blocked, id=14840, stack(0x000000befc400000,0x000000befc500000)]
  0x0000026d330df140 JavaThread "Unconstrained build operations Thread 67" [_thread_blocked, id=8420, stack(0x000000befc500000,0x000000befc600000)]
  0x0000026d330d8290 JavaThread "Unconstrained build operations Thread 68" [_thread_blocked, id=14880, stack(0x000000befc600000,0x000000befc700000)]
  0x0000026d330dcf90 JavaThread "Unconstrained build operations Thread 69" [_thread_blocked, id=14572, stack(0x000000befc700000,0x000000befc800000)]
  0x0000026d330d8760 JavaThread "Unconstrained build operations Thread 70" [_thread_blocked, id=14364, stack(0x000000befc800000,0x000000befc900000)]
  0x0000026d330d9100 JavaThread "Unconstrained build operations Thread 71" [_thread_blocked, id=10744, stack(0x000000befc900000,0x000000befca00000)]
  0x0000026d330d95d0 JavaThread "Unconstrained build operations Thread 72" [_thread_blocked, id=14972, stack(0x000000befca00000,0x000000befcb00000)]
  0x0000026d330da440 JavaThread "Unconstrained build operations Thread 73" [_thread_blocked, id=11952, stack(0x000000befcb00000,0x000000befcc00000)]
  0x0000026d330d9aa0 JavaThread "Unconstrained build operations Thread 74" [_thread_blocked, id=11116, stack(0x000000befcc00000,0x000000befcd00000)]
  0x0000026d330d9f70 JavaThread "Unconstrained build operations Thread 75" [_thread_blocked, id=9968, stack(0x000000befcd00000,0x000000befce00000)]
  0x0000026d330da910 JavaThread "Unconstrained build operations Thread 76" [_thread_blocked, id=1204, stack(0x000000befce00000,0x000000befcf00000)]
  0x0000026d330db780 JavaThread "Unconstrained build operations Thread 77" [_thread_blocked, id=14944, stack(0x000000befcf00000,0x000000befd000000)]
  0x0000026d330dbc50 JavaThread "Unconstrained build operations Thread 78" [_thread_blocked, id=1056, stack(0x000000befd000000,0x000000befd100000)]
  0x0000026d330dc5f0 JavaThread "Unconstrained build operations Thread 79" [_thread_blocked, id=3620, stack(0x000000befd100000,0x000000befd200000)]
  0x0000026d330dd460 JavaThread "Unconstrained build operations Thread 80" [_thread_blocked, id=6652, stack(0x000000befd200000,0x000000befd300000)]
  0x0000026d2f286da0 JavaThread "jar transforms Thread 4" [_thread_blocked, id=8452, stack(0x000000befd300000,0x000000befd400000)]
  0x0000026d2f287c10 JavaThread "jar transforms Thread 5" [_thread_blocked, id=6916, stack(0x000000befd400000,0x000000befd500000)]
  0x0000026d2f2880e0 JavaThread "jar transforms Thread 6" [_thread_blocked, id=14476, stack(0x000000befd500000,0x000000befd600000)]
  0x0000026d2f2898f0 JavaThread "jar transforms Thread 7" [_thread_blocked, id=11816, stack(0x000000befd600000,0x000000befd700000)]
  0x0000026d2f285a60 JavaThread "jar transforms Thread 8" [_thread_blocked, id=2956, stack(0x000000befd700000,0x000000befd800000)]
  0x0000026d2f288a80 JavaThread "Memory manager" [_thread_blocked, id=7072, stack(0x000000befd800000,0x000000befd900000)]
  0x0000026d2f2885b0 JavaThread "build event listener" [_thread_blocked, id=3348, stack(0x000000befd900000,0x000000befda00000)]
  0x0000026d2f2838b0 JavaThread "pool-3-thread-1" [_thread_blocked, id=3580, stack(0x000000befda00000,0x000000befdb00000)]
  0x0000026d2f2820a0 JavaThread "build event listener" [_thread_blocked, id=11152, stack(0x000000befdb00000,0x000000befdc00000)]
  0x0000026d2f285590 JavaThread "Execution worker for ':'" [_thread_blocked, id=9820, stack(0x000000befdc00000,0x000000befdd00000)]
  0x0000026d2f282570 JavaThread "Execution worker for ':' Thread 2" [_thread_blocked, id=12124, stack(0x000000befdd00000,0x000000befde00000)]
  0x0000026d2f282a40 JavaThread "Execution worker for ':' Thread 3" [_thread_blocked, id=10764, stack(0x000000befde00000,0x000000befdf00000)]
  0x0000026d2f286400 JavaThread "Execution worker for ':' Thread 4" [_thread_blocked, id=9936, stack(0x000000befdf00000,0x000000befe000000)]
  0x0000026d2f282f10 JavaThread "Execution worker for ':' Thread 5" [_thread_blocked, id=13432, stack(0x000000befe000000,0x000000befe100000)]
  0x0000026d2f2833e0 JavaThread "Execution worker for ':' Thread 6" [_thread_blocked, id=6888, stack(0x000000befe100000,0x000000befe200000)]
  0x0000026d2f283d80 JavaThread "Execution worker for ':' Thread 7" [_thread_blocked, id=11680, stack(0x000000befe200000,0x000000befe300000)]
  0x0000026d2f284720 JavaThread "Cache worker for execution history cache (D:\EmailLogin\.gradle\7.3.3\executionHistory)" [_thread_blocked, id=15248, stack(0x000000befe300000,0x000000befe400000)]
  0x0000026d2f284bf0 JavaThread "WorkerExecutor Queue" [_thread_blocked, id=14452, stack(0x000000befe400000,0x000000befe500000)]

Other Threads:
=>0x0000026d28cec9d0 VMThread "VM Thread" [stack: 0x000000bef5200000,0x000000bef5300000] [id=9668]
  0x0000026d2d0ae0b0 WatcherThread "VM Periodic Task Thread" [stack: 0x000000bef5e00000,0x000000bef5f00000] [id=8232]
  0x0000026d0ab21a60 WorkerThread "GC Thread#0" [stack: 0x000000bef4d00000,0x000000bef4e00000] [id=10884]
  0x0000026d2d0ff480 WorkerThread "GC Thread#1" [stack: 0x000000bef6100000,0x000000bef6200000] [id=11820]
  0x0000026d2dbc2f50 WorkerThread "GC Thread#2" [stack: 0x000000bef6200000,0x000000bef6300000] [id=3708]
  0x0000026d2dc14990 WorkerThread "GC Thread#3" [stack: 0x000000bef6300000,0x000000bef6400000] [id=5888]
  0x0000026d2dc24c40 WorkerThread "GC Thread#4" [stack: 0x000000bef6400000,0x000000bef6500000] [id=15172]
  0x0000026d2e329d50 WorkerThread "GC Thread#5" [stack: 0x000000bef6500000,0x000000bef6600000] [id=14316]
  0x0000026d2e6861d0 WorkerThread "GC Thread#6" [stack: 0x000000bef6600000,0x000000bef6700000] [id=12420]
  0x0000026d2ef5f590 WorkerThread "GC Thread#7" [stack: 0x000000bef7700000,0x000000bef7800000] [id=7472]
  0x0000026d0ab338b0 ConcurrentGCThread "G1 Main Marker" [stack: 0x000000bef4e00000,0x000000bef4f00000] [id=13184]
  0x0000026d0ab341b0 WorkerThread "G1 Conc#0" [stack: 0x000000bef4f00000,0x000000bef5000000] [id=3728]
  0x0000026d2ef60d30 WorkerThread "G1 Conc#1" [stack: 0x000000bef7a00000,0x000000bef7b00000] [id=1916]
  0x0000026d0ab87d70 ConcurrentGCThread "G1 Refine#0" [stack: 0x000000bef5000000,0x000000bef5100000] [id=2380]
  0x0000026d0ab88590 ConcurrentGCThread "G1 Service" [stack: 0x000000bef5100000,0x000000bef5200000] [id=12208]

Threads with active compile tasks:
C2 CompilerThread0     9611 11204       4       java.util.regex.Pattern::split (288 bytes)
C2 CompilerThread1     9612 11112       4       org.gradle.api.internal.artifacts.transform.ConsumerProvidedVariantFinder::matchAttributes (68 bytes)
C2 CompilerThread2     9612 11225       4       java.lang.reflect.Method::invoke (108 bytes)

VM state: at safepoint (normal execution)

VM Mutex/Monitor currently owned by a thread:  ([mutex/lock_event])
[0x0000026d0aabc5f0] Threads_lock - owner thread: 0x0000026d28cec9d0
[0x0000026d0aabccb0] Heap_lock - owner thread: 0x0000026d2f284bf0

Heap address: 0x0000000080000000, size: 2048 MB, Compressed Oops mode: 32-bit

CDS archive(s) mapped at: [0x0000000800000000-0x0000000800ba0000-0x0000000800ba0000), size 12189696, SharedBaseAddress: 0x0000000800000000, ArchiveRelocationMode: 0.
Compressed class space mapped at: 0x0000000800c00000-0x0000000840c00000, reserved size: 1073741824
Narrow klass base: 0x0000000800000000, Narrow klass shift: 0, Narrow klass range: 0x100000000

GC Precious Log:
 CardTable entry size: 512
 Card Set container configuration: InlinePtr #cards 5 size 8 Array Of Cards #cards 12 size 40 Howl #buckets 4 coarsen threshold 1843 Howl Bitmap #cards 512 size 80 coarsen threshold 460 Card regions per heap region 1 cards per card region 2048
 CPUs: 8 total, 8 available
 Memory: 7987M
 Large Page Support: Disabled
 NUMA Support: Disabled
 Compressed Oops: Enabled (32-bit)
 Heap Region Size: 1M
 Heap Min Capacity: 8M
 Heap Initial Capacity: 126M
 Heap Max Capacity: 2G
 Pre-touch: Disabled
 Parallel Workers: 8
 Concurrent Workers: 2
 Concurrent Refinement Workers: 8
 Periodic GC: Disabled

Heap:
 garbage-first heap   total 175104K, used 90714K [0x0000000080000000, 0x0000000100000000)
  region size 1024K, 8 young (8192K), 8 survivors (8192K)
 Metaspace       used 80789K, committed 82688K, reserved 1179648K
  class space    used 10999K, committed 11968K, reserved 1048576K

Heap Regions: E=young(eden), S=young(survivor), O=old, HS=humongous(starts), HC=humongous(continues), CS=collection set, F=free, OA=open archive, CA=closed archive, TAMS=top-at-mark-start (previous, next)
|   0|0x0000000080000000, 0x0000000080100000, 0x0000000080100000|100%| O|  |TAMS 0x0000000080100000, 0x0000000080100000| Untracked 
|   1|0x0000000080100000, 0x0000000080200000, 0x0000000080200000|100%| O|  |TAMS 0x0000000080200000, 0x0000000080200000| Untracked 
|   2|0x0000000080200000, 0x0000000080300000, 0x0000000080300000|100%| O|  |TAMS 0x0000000080300000, 0x0000000080300000| Untracked 
|   3|0x0000000080300000, 0x0000000080400000, 0x0000000080400000|100%|HS|  |TAMS 0x0000000080400000, 0x0000000080400000| Complete 
|   4|0x0000000080400000, 0x0000000080500000, 0x0000000080500000|100%|HC|  |TAMS 0x0000000080500000, 0x0000000080500000| Complete 
|   5|0x0000000080500000, 0x0000000080600000, 0x0000000080600000|100%|HC|  |TAMS 0x0000000080600000, 0x0000000080600000| Complete 
|   6|0x0000000080600000, 0x0000000080700000, 0x0000000080700000|100%| O|  |TAMS 0x0000000080700000, 0x0000000080700000| Untracked 
|   7|0x0000000080700000, 0x0000000080800000, 0x0000000080800000|100%| O|  |TAMS 0x0000000080800000, 0x0000000080800000| Untracked 
|   8|0x0000000080800000, 0x0000000080900000, 0x0000000080900000|100%| O|  |TAMS 0x0000000080900000, 0x0000000080900000| Untracked 
|   9|0x0000000080900000, 0x0000000080a00000, 0x0000000080a00000|100%| O|  |TAMS 0x0000000080a00000, 0x0000000080a00000| Untracked 
|  10|0x0000000080a00000, 0x0000000080b00000, 0x0000000080b00000|100%| O|  |TAMS 0x0000000080b00000, 0x0000000080b00000| Untracked 
|  11|0x0000000080b00000, 0x0000000080c00000, 0x0000000080c00000|100%| O|  |TAMS 0x0000000080c00000, 0x0000000080c00000| Untracked 
|  12|0x0000000080c00000, 0x0000000080d00000, 0x0000000080d00000|100%|HS|  |TAMS 0x0000000080d00000, 0x0000000080d00000| Complete 
|  13|0x0000000080d00000, 0x0000000080e00000, 0x0000000080e00000|100%| O|  |TAMS 0x0000000080e00000, 0x0000000080e00000| Untracked 
|  14|0x0000000080e00000, 0x0000000080f00000, 0x0000000080f00000|100%| O|  |TAMS 0x0000000080f00000, 0x0000000080f00000| Untracked 
|  15|0x0000000080f00000, 0x0000000081000000, 0x0000000081000000|100%| O|  |TAMS 0x0000000081000000, 0x0000000081000000| Untracked 
|  16|0x0000000081000000, 0x0000000081100000, 0x0000000081100000|100%| O|  |TAMS 0x0000000081100000, 0x0000000081100000| Untracked 
|  17|0x0000000081100000, 0x0000000081200000, 0x0000000081200000|100%| O|  |TAMS 0x0000000081200000, 0x0000000081200000| Untracked 
|  18|0x0000000081200000, 0x0000000081300000, 0x0000000081300000|100%| O|  |TAMS 0x0000000081300000, 0x0000000081300000| Untracked 
|  19|0x0000000081300000, 0x0000000081400000, 0x0000000081400000|100%| O|  |TAMS 0x0000000081400000, 0x0000000081400000| Untracked 
|  20|0x0000000081400000, 0x0000000081500000, 0x0000000081500000|100%| O|  |TAMS 0x0000000081500000, 0x0000000081500000| Untracked 
|  21|0x0000000081500000, 0x0000000081600000, 0x0000000081600000|100%| O|  |TAMS 0x0000000081600000, 0x0000000081600000| Untracked 
|  22|0x0000000081600000, 0x0000000081700000, 0x0000000081700000|100%| O|  |TAMS 0x0000000081700000, 0x0000000081700000| Untracked 
|  23|0x0000000081700000, 0x0000000081800000, 0x0000000081800000|100%| O|  |TAMS 0x0000000081800000, 0x0000000081800000| Untracked 
|  24|0x0000000081800000, 0x0000000081900000, 0x0000000081900000|100%| O|  |TAMS 0x0000000081900000, 0x0000000081900000| Untracked 
|  25|0x0000000081900000, 0x0000000081a00000, 0x0000000081a00000|100%| O|  |TAMS 0x0000000081a00000, 0x0000000081a00000| Untracked 
|  26|0x0000000081a00000, 0x0000000081b00000, 0x0000000081b00000|100%| O|  |TAMS 0x0000000081b00000, 0x0000000081b00000| Untracked 
|  27|0x0000000081b00000, 0x0000000081c00000, 0x0000000081c00000|100%| O|  |TAMS 0x0000000081c00000, 0x0000000081c00000| Untracked 
|  28|0x0000000081c00000, 0x0000000081d00000, 0x0000000081d00000|100%| O|  |TAMS 0x0000000081d00000, 0x0000000081d00000| Untracked 
|  29|0x0000000081d00000, 0x0000000081e00000, 0x0000000081e00000|100%| O|  |TAMS 0x0000000081e00000, 0x0000000081e00000| Untracked 
|  30|0x0000000081e00000, 0x0000000081f00000, 0x0000000081f00000|100%| O|  |TAMS 0x0000000081f00000, 0x0000000081f00000| Untracked 
|  31|0x0000000081f00000, 0x0000000082000000, 0x0000000082000000|100%| O|  |TAMS 0x0000000082000000, 0x0000000082000000| Untracked 
|  32|0x0000000082000000, 0x0000000082100000, 0x0000000082100000|100%| O|  |TAMS 0x0000000082100000, 0x0000000082100000| Untracked 
|  33|0x0000000082100000, 0x0000000082200000, 0x0000000082200000|100%|HS|  |TAMS 0x0000000082200000, 0x0000000082200000| Complete 
|  34|0x0000000082200000, 0x0000000082300000, 0x0000000082300000|100%|HS|  |TAMS 0x0000000082300000, 0x0000000082300000| Complete 
|  35|0x0000000082300000, 0x0000000082400000, 0x0000000082400000|100%|HC|  |TAMS 0x0000000082400000, 0x0000000082400000| Complete 
|  36|0x0000000082400000, 0x0000000082500000, 0x0000000082500000|100%| O|  |TAMS 0x0000000082500000, 0x0000000082500000| Untracked 
|  37|0x0000000082500000, 0x0000000082600000, 0x0000000082600000|100%| O|  |TAMS 0x0000000082600000, 0x0000000082600000| Untracked 
|  38|0x0000000082600000, 0x0000000082700000, 0x0000000082700000|100%| O|  |TAMS 0x0000000082700000, 0x0000000082700000| Untracked 
|  39|0x0000000082700000, 0x0000000082800000, 0x0000000082800000|100%| O|  |TAMS 0x0000000082800000, 0x0000000082800000| Untracked 
|  40|0x0000000082800000, 0x0000000082900000, 0x0000000082900000|100%| O|  |TAMS 0x0000000082900000, 0x0000000082900000| Untracked 
|  41|0x0000000082900000, 0x0000000082a00000, 0x0000000082a00000|100%| O|  |TAMS 0x0000000082a00000, 0x0000000082a00000| Untracked 
|  42|0x0000000082a00000, 0x0000000082b00000, 0x0000000082b00000|100%| O|  |TAMS 0x0000000082b00000, 0x0000000082b00000| Untracked 
|  43|0x0000000082b00000, 0x0000000082c00000, 0x0000000082c00000|100%| O|  |TAMS 0x0000000082c00000, 0x0000000082c00000| Untracked 
|  44|0x0000000082c00000, 0x0000000082d00000, 0x0000000082d00000|100%| O|  |TAMS 0x0000000082d00000, 0x0000000082d00000| Untracked 
|  45|0x0000000082d00000, 0x0000000082e00000, 0x0000000082e00000|100%| O|  |TAMS 0x0000000082dc9800, 0x0000000082e00000| Untracked 
|  46|0x0000000082e00000, 0x0000000082f00000, 0x0000000082f00000|100%| O|  |TAMS 0x0000000082e00000, 0x0000000082f00000| Untracked 
|  47|0x0000000082f00000, 0x0000000083000000, 0x0000000083000000|100%| O|  |TAMS 0x0000000082f00000, 0x0000000083000000| Untracked 
|  48|0x0000000083000000, 0x0000000083100000, 0x0000000083100000|100%| O|  |TAMS 0x0000000083000000, 0x0000000083100000| Untracked 
|  49|0x0000000083100000, 0x0000000083200000, 0x0000000083200000|100%| O|  |TAMS 0x0000000083100000, 0x0000000083200000| Untracked 
|  50|0x0000000083200000, 0x0000000083300000, 0x0000000083300000|100%| O|  |TAMS 0x0000000083200000, 0x0000000083300000| Untracked 
|  51|0x0000000083300000, 0x0000000083400000, 0x0000000083400000|100%| O|  |TAMS 0x0000000083300000, 0x0000000083400000| Untracked 
|  52|0x0000000083400000, 0x0000000083500000, 0x0000000083500000|100%| O|  |TAMS 0x0000000083400000, 0x0000000083500000| Untracked 
|  53|0x0000000083500000, 0x0000000083600000, 0x0000000083600000|100%| O|  |TAMS 0x0000000083500000, 0x0000000083600000| Untracked 
|  54|0x0000000083600000, 0x0000000083700000, 0x0000000083700000|100%| O|  |TAMS 0x0000000083600000, 0x0000000083700000| Untracked 
|  55|0x0000000083700000, 0x0000000083800000, 0x0000000083800000|100%| O|  |TAMS 0x0000000083700000, 0x0000000083800000| Untracked 
|  56|0x0000000083800000, 0x0000000083900000, 0x0000000083900000|100%| O|  |TAMS 0x0000000083800000, 0x0000000083900000| Untracked 
|  57|0x0000000083900000, 0x0000000083a00000, 0x0000000083a00000|100%| O|  |TAMS 0x0000000083900000, 0x0000000083a00000| Untracked 
|  58|0x0000000083a00000, 0x0000000083b00000, 0x0000000083b00000|100%| O|  |TAMS 0x0000000083a00000, 0x0000000083b00000| Untracked 
|  59|0x0000000083b00000, 0x0000000083c00000, 0x0000000083c00000|100%| O|  |TAMS 0x0000000083b00000, 0x0000000083c00000| Untracked 
|  60|0x0000000083c00000, 0x0000000083d00000, 0x0000000083d00000|100%| O|  |TAMS 0x0000000083c00000, 0x0000000083d00000| Untracked 
|  61|0x0000000083d00000, 0x0000000083e00000, 0x0000000083e00000|100%| O|  |TAMS 0x0000000083d00000, 0x0000000083e00000| Untracked 
|  62|0x0000000083e00000, 0x0000000083f00000, 0x0000000083f00000|100%| O|  |TAMS 0x0000000083e00000, 0x0000000083f00000| Untracked 
|  63|0x0000000083f00000, 0x0000000084000000, 0x0000000084000000|100%| O|  |TAMS 0x0000000083f00000, 0x0000000084000000| Untracked 
|  64|0x0000000084000000, 0x0000000084100000, 0x0000000084100000|100%| O|  |TAMS 0x0000000084000000, 0x0000000084100000| Untracked 
|  65|0x0000000084100000, 0x0000000084200000, 0x0000000084200000|100%| O|  |TAMS 0x0000000084100000, 0x0000000084200000| Untracked 
|  66|0x0000000084200000, 0x0000000084300000, 0x0000000084300000|100%| O|  |TAMS 0x0000000084200000, 0x0000000084300000| Untracked 
|  67|0x0000000084300000, 0x0000000084400000, 0x0000000084400000|100%| O|  |TAMS 0x0000000084300000, 0x0000000084400000| Untracked 
|  68|0x0000000084400000, 0x0000000084500000, 0x0000000084500000|100%| O|  |TAMS 0x0000000084400000, 0x0000000084500000| Untracked 
|  69|0x0000000084500000, 0x0000000084600000, 0x0000000084600000|100%| O|  |TAMS 0x0000000084500000, 0x0000000084600000| Untracked 
|  70|0x0000000084600000, 0x0000000084700000, 0x0000000084700000|100%| O|  |TAMS 0x0000000084600000, 0x0000000084700000| Untracked 
|  71|0x0000000084700000, 0x0000000084800000, 0x0000000084800000|100%| O|  |TAMS 0x0000000084700000, 0x0000000084800000| Untracked 
|  72|0x0000000084800000, 0x0000000084900000, 0x0000000084900000|100%| O|  |TAMS 0x0000000084800000, 0x0000000084900000| Untracked 
|  73|0x0000000084900000, 0x0000000084a00000, 0x0000000084a00000|100%| O|  |TAMS 0x0000000084900000, 0x0000000084a00000| Untracked 
|  74|0x0000000084a00000, 0x0000000084b00000, 0x0000000084b00000|100%| O|  |TAMS 0x0000000084a00000, 0x0000000084b00000| Untracked 
|  75|0x0000000084b00000, 0x0000000084c00000, 0x0000000084c00000|100%| O|  |TAMS 0x0000000084b00000, 0x0000000084c00000| Untracked 
|  76|0x0000000084c00000, 0x0000000084d00000, 0x0000000084d00000|100%| O|  |TAMS 0x0000000084c00000, 0x0000000084d00000| Untracked 
|  77|0x0000000084d00000, 0x0000000084e00000, 0x0000000084e00000|100%| O|  |TAMS 0x0000000084d00000, 0x0000000084e00000| Untracked 
|  78|0x0000000084e00000, 0x0000000084f00000, 0x0000000084f00000|100%| O|  |TAMS 0x0000000084e00000, 0x0000000084f00000| Untracked 
|  79|0x0000000084f00000, 0x0000000085000000, 0x0000000085000000|100%| O|  |TAMS 0x0000000084f00000, 0x0000000085000000| Untracked 
|  80|0x0000000085000000, 0x0000000085096a00, 0x0000000085100000| 58%| O|  |TAMS 0x0000000085000000, 0x000000008505d000| Untracked 
|  81|0x0000000085100000, 0x0000000085100000, 0x0000000085200000|  0%| F|  |TAMS 0x0000000085100000, 0x0000000085100000| Untracked 
|  82|0x0000000085200000, 0x0000000085200000, 0x0000000085300000|  0%| F|  |TAMS 0x0000000085200000, 0x0000000085200000| Untracked 
|  83|0x0000000085300000, 0x0000000085300000, 0x0000000085400000|  0%| F|  |TAMS 0x0000000085300000, 0x0000000085300000| Untracked 
|  84|0x0000000085400000, 0x0000000085400000, 0x0000000085500000|  0%| F|  |TAMS 0x0000000085400000, 0x0000000085400000| Untracked 
|  85|0x0000000085500000, 0x0000000085500000, 0x0000000085600000|  0%| F|  |TAMS 0x0000000085500000, 0x0000000085500000| Untracked 
|  86|0x0000000085600000, 0x0000000085600000, 0x0000000085700000|  0%| F|  |TAMS 0x0000000085600000, 0x0000000085600000| Untracked 
|  87|0x0000000085700000, 0x0000000085700000, 0x0000000085800000|  0%| F|  |TAMS 0x0000000085700000, 0x0000000085700000| Untracked 
|  88|0x0000000085800000, 0x0000000085800000, 0x0000000085900000|  0%| F|  |TAMS 0x0000000085800000, 0x0000000085800000| Untracked 
|  89|0x0000000085900000, 0x0000000085900000, 0x0000000085a00000|  0%| F|  |TAMS 0x0000000085900000, 0x0000000085900000| Untracked 
|  90|0x0000000085a00000, 0x0000000085a00000, 0x0000000085b00000|  0%| F|  |TAMS 0x0000000085a00000, 0x0000000085a00000| Untracked 
|  91|0x0000000085b00000, 0x0000000085b00000, 0x0000000085c00000|  0%| F|  |TAMS 0x0000000085b00000, 0x0000000085b00000| Untracked 
|  92|0x0000000085c00000, 0x0000000085c00000, 0x0000000085d00000|  0%| F|  |TAMS 0x0000000085c00000, 0x0000000085c00000| Untracked 
|  93|0x0000000085d00000, 0x0000000085d00000, 0x0000000085e00000|  0%| F|  |TAMS 0x0000000085d00000, 0x0000000085d00000| Untracked 
|  94|0x0000000085e00000, 0x0000000085e00000, 0x0000000085f00000|  0%| F|  |TAMS 0x0000000085e00000, 0x0000000085e00000| Untracked 
|  95|0x0000000085f00000, 0x0000000085f00000, 0x0000000086000000|  0%| F|  |TAMS 0x0000000085f00000, 0x0000000085f00000| Untracked 
|  96|0x0000000086000000, 0x0000000086000000, 0x0000000086100000|  0%| F|  |TAMS 0x0000000086000000, 0x0000000086000000| Untracked 
|  97|0x0000000086100000, 0x0000000086100000, 0x0000000086200000|  0%| F|  |TAMS 0x0000000086100000, 0x0000000086100000| Untracked 
|  98|0x0000000086200000, 0x0000000086200000, 0x0000000086300000|  0%| F|  |TAMS 0x0000000086200000, 0x0000000086200000| Untracked 
|  99|0x0000000086300000, 0x0000000086300000, 0x0000000086400000|  0%| F|  |TAMS 0x0000000086300000, 0x0000000086300000| Untracked 
| 100|0x0000000086400000, 0x0000000086400000, 0x0000000086500000|  0%| F|  |TAMS 0x0000000086400000, 0x0000000086400000| Untracked 
| 101|0x0000000086500000, 0x0000000086500000, 0x0000000086600000|  0%| F|  |TAMS 0x0000000086500000, 0x0000000086500000| Untracked 
| 102|0x0000000086600000, 0x0000000086600000, 0x0000000086700000|  0%| F|  |TAMS 0x0000000086600000, 0x0000000086600000| Untracked 
| 103|0x0000000086700000, 0x0000000086700000, 0x0000000086800000|  0%| F|  |TAMS 0x0000000086700000, 0x0000000086700000| Untracked 
| 104|0x0000000086800000, 0x0000000086800000, 0x0000000086900000|  0%| F|  |TAMS 0x0000000086800000, 0x0000000086800000| Untracked 
| 105|0x0000000086900000, 0x0000000086a00000, 0x0000000086a00000|100%| S|CS|TAMS 0x0000000086900000, 0x0000000086900000| Complete 
| 106|0x0000000086a00000, 0x0000000086b00000, 0x0000000086b00000|100%| S|CS|TAMS 0x0000000086a00000, 0x0000000086a00000| Complete 
| 107|0x0000000086b00000, 0x0000000086c00000, 0x0000000086c00000|100%| S|CS|TAMS 0x0000000086b00000, 0x0000000086b00000| Complete 
| 108|0x0000000086c00000, 0x0000000086d00000, 0x0000000086d00000|100%| S|CS|TAMS 0x0000000086c00000, 0x0000000086c00000| Complete 
| 109|0x0000000086d00000, 0x0000000086d00000, 0x0000000086e00000|  0%| F|  |TAMS 0x0000000086d00000, 0x0000000086d00000| Untracked 
| 110|0x0000000086e00000, 0x0000000086f00000, 0x0000000086f00000|100%| S|CS|TAMS 0x0000000086e00000, 0x0000000086e00000| Complete 
| 111|0x0000000086f00000, 0x0000000087000000, 0x0000000087000000|100%| S|CS|TAMS 0x0000000086f00000, 0x0000000086f00000| Complete 
| 112|0x0000000087000000, 0x0000000087000000, 0x0000000087100000|  0%| F|  |TAMS 0x0000000087000000, 0x0000000087000000| Untracked 
| 113|0x0000000087100000, 0x0000000087100000, 0x0000000087200000|  0%| F|  |TAMS 0x0000000087100000, 0x0000000087100000| Untracked 
| 114|0x0000000087200000, 0x0000000087200000, 0x0000000087300000|  0%| F|  |TAMS 0x0000000087200000, 0x0000000087200000| Untracked 
| 115|0x0000000087300000, 0x0000000087400000, 0x0000000087400000|100%| S|CS|TAMS 0x0000000087300000, 0x0000000087300000| Complete 
| 116|0x0000000087400000, 0x0000000087500000, 0x0000000087500000|100%| S|CS|TAMS 0x0000000087400000, 0x0000000087400000| Complete 
| 117|0x0000000087500000, 0x0000000087500000, 0x0000000087600000|  0%| F|  |TAMS 0x0000000087500000, 0x0000000087500000| Untracked 
| 118|0x0000000087600000, 0x0000000087600000, 0x0000000087700000|  0%| F|  |TAMS 0x0000000087600000, 0x0000000087600000| Untracked 
| 119|0x0000000087700000, 0x0000000087700000, 0x0000000087800000|  0%| F|  |TAMS 0x0000000087700000, 0x0000000087700000| Untracked 
| 120|0x0000000087800000, 0x0000000087800000, 0x0000000087900000|  0%| F|  |TAMS 0x0000000087800000, 0x0000000087800000| Untracked 
| 121|0x0000000087900000, 0x0000000087900000, 0x0000000087a00000|  0%| F|  |TAMS 0x0000000087900000, 0x0000000087900000| Untracked 
| 122|0x0000000087a00000, 0x0000000087a00000, 0x0000000087b00000|  0%| F|  |TAMS 0x0000000087a00000, 0x0000000087a00000| Untracked 
| 123|0x0000000087b00000, 0x0000000087b00000, 0x0000000087c00000|  0%| F|  |TAMS 0x0000000087b00000, 0x0000000087b00000| Untracked 
| 124|0x0000000087c00000, 0x0000000087c00000, 0x0000000087d00000|  0%| F|  |TAMS 0x0000000087c00000, 0x0000000087c00000| Untracked 
| 125|0x0000000087d00000, 0x0000000087d00000, 0x0000000087e00000|  0%| F|  |TAMS 0x0000000087d00000, 0x0000000087d00000| Untracked 
| 126|0x0000000087e00000, 0x0000000087e00000, 0x0000000087f00000|  0%| F|  |TAMS 0x0000000087e00000, 0x0000000087e00000| Untracked 
| 127|0x0000000087f00000, 0x0000000087f00000, 0x0000000088000000|  0%| F|  |TAMS 0x0000000087f00000, 0x0000000087f00000| Untracked 
| 128|0x0000000088000000, 0x0000000088000000, 0x0000000088100000|  0%| F|  |TAMS 0x0000000088000000, 0x0000000088000000| Untracked 
| 129|0x0000000088100000, 0x0000000088100000, 0x0000000088200000|  0%| F|  |TAMS 0x0000000088100000, 0x0000000088100000| Untracked 
| 130|0x0000000088200000, 0x0000000088200000, 0x0000000088300000|  0%| F|  |TAMS 0x0000000088200000, 0x0000000088200000| Untracked 
| 131|0x0000000088300000, 0x0000000088300000, 0x0000000088400000|  0%| F|  |TAMS 0x0000000088300000, 0x0000000088300000| Untracked 
| 132|0x0000000088400000, 0x0000000088400000, 0x0000000088500000|  0%| F|  |TAMS 0x0000000088400000, 0x0000000088400000| Untracked 
| 133|0x0000000088500000, 0x0000000088500000, 0x0000000088600000|  0%| F|  |TAMS 0x0000000088500000, 0x0000000088500000| Untracked 
| 134|0x0000000088600000, 0x0000000088600000, 0x0000000088700000|  0%| F|  |TAMS 0x0000000088600000, 0x0000000088600000| Untracked 
| 135|0x0000000088700000, 0x0000000088700000, 0x0000000088800000|  0%| F|  |TAMS 0x0000000088700000, 0x0000000088700000| Untracked 
| 136|0x0000000088800000, 0x0000000088800000, 0x0000000088900000|  0%| F|  |TAMS 0x0000000088800000, 0x0000000088800000| Untracked 
| 137|0x0000000088900000, 0x0000000088900000, 0x0000000088a00000|  0%| F|  |TAMS 0x0000000088900000, 0x0000000088900000| Untracked 
| 138|0x0000000088a00000, 0x0000000088a00000, 0x0000000088b00000|  0%| F|  |TAMS 0x0000000088a00000, 0x0000000088a00000| Untracked 
| 139|0x0000000088b00000, 0x0000000088b00000, 0x0000000088c00000|  0%| F|  |TAMS 0x0000000088b00000, 0x0000000088b00000| Untracked 
| 140|0x0000000088c00000, 0x0000000088c00000, 0x0000000088d00000|  0%| F|  |TAMS 0x0000000088c00000, 0x0000000088c00000| Untracked 
| 141|0x0000000088d00000, 0x0000000088d00000, 0x0000000088e00000|  0%| F|  |TAMS 0x0000000088d00000, 0x0000000088d00000| Untracked 
| 142|0x0000000088e00000, 0x0000000088e00000, 0x0000000088f00000|  0%| F|  |TAMS 0x0000000088e00000, 0x0000000088e00000| Untracked 
| 143|0x0000000088f00000, 0x0000000088f00000, 0x0000000089000000|  0%| F|  |TAMS 0x0000000088f00000, 0x0000000088f00000| Untracked 
| 144|0x0000000089000000, 0x0000000089000000, 0x0000000089100000|  0%| F|  |TAMS 0x0000000089000000, 0x0000000089000000| Untracked 
| 145|0x0000000089100000, 0x0000000089100000, 0x0000000089200000|  0%| F|  |TAMS 0x0000000089100000, 0x0000000089100000| Untracked 
| 146|0x0000000089200000, 0x0000000089200000, 0x0000000089300000|  0%| F|  |TAMS 0x0000000089200000, 0x0000000089200000| Untracked 
| 147|0x0000000089300000, 0x0000000089300000, 0x0000000089400000|  0%| F|  |TAMS 0x0000000089300000, 0x0000000089300000| Untracked 
| 148|0x0000000089400000, 0x0000000089400000, 0x0000000089500000|  0%| F|  |TAMS 0x0000000089400000, 0x0000000089400000| Untracked 
| 149|0x0000000089500000, 0x0000000089500000, 0x0000000089600000|  0%| F|  |TAMS 0x0000000089500000, 0x0000000089500000| Untracked 
| 150|0x0000000089600000, 0x0000000089600000, 0x0000000089700000|  0%| F|  |TAMS 0x0000000089600000, 0x0000000089600000| Untracked 
| 151|0x0000000089700000, 0x0000000089700000, 0x0000000089800000|  0%| F|  |TAMS 0x0000000089700000, 0x0000000089700000| Untracked 
| 152|0x0000000089800000, 0x0000000089800000, 0x0000000089900000|  0%| F|  |TAMS 0x0000000089800000, 0x0000000089800000| Untracked 
| 153|0x0000000089900000, 0x0000000089900000, 0x0000000089a00000|  0%| F|  |TAMS 0x0000000089900000, 0x0000000089900000| Untracked 
| 154|0x0000000089a00000, 0x0000000089a00000, 0x0000000089b00000|  0%| F|  |TAMS 0x0000000089a00000, 0x0000000089a00000| Untracked 
| 155|0x0000000089b00000, 0x0000000089b00000, 0x0000000089c00000|  0%| F|  |TAMS 0x0000000089b00000, 0x0000000089b00000| Untracked 
| 156|0x0000000089c00000, 0x0000000089c00000, 0x0000000089d00000|  0%| F|  |TAMS 0x0000000089c00000, 0x0000000089c00000| Untracked 
| 157|0x0000000089d00000, 0x0000000089d00000, 0x0000000089e00000|  0%| F|  |TAMS 0x0000000089d00000, 0x0000000089d00000| Untracked 
| 158|0x0000000089e00000, 0x0000000089e00000, 0x0000000089f00000|  0%| F|  |TAMS 0x0000000089e00000, 0x0000000089e00000| Untracked 
| 159|0x0000000089f00000, 0x0000000089f00000, 0x000000008a000000|  0%| F|  |TAMS 0x0000000089f00000, 0x0000000089f00000| Untracked 
| 160|0x000000008a000000, 0x000000008a000000, 0x000000008a100000|  0%| F|  |TAMS 0x000000008a000000, 0x000000008a000000| Untracked 
| 161|0x000000008a100000, 0x000000008a100000, 0x000000008a200000|  0%| F|  |TAMS 0x000000008a100000, 0x000000008a100000| Untracked 
| 162|0x000000008a200000, 0x000000008a200000, 0x000000008a300000|  0%| F|  |TAMS 0x000000008a200000, 0x000000008a200000| Untracked 
| 163|0x000000008a300000, 0x000000008a300000, 0x000000008a400000|  0%| F|  |TAMS 0x000000008a300000, 0x000000008a300000| Untracked 
| 164|0x000000008a400000, 0x000000008a400000, 0x000000008a500000|  0%| F|  |TAMS 0x000000008a400000, 0x000000008a400000| Untracked 
| 165|0x000000008a500000, 0x000000008a500000, 0x000000008a600000|  0%| F|  |TAMS 0x000000008a500000, 0x000000008a500000| Untracked 
| 166|0x000000008a600000, 0x000000008a600000, 0x000000008a700000|  0%| F|  |TAMS 0x000000008a600000, 0x000000008a600000| Untracked 
| 167|0x000000008a700000, 0x000000008a700000, 0x000000008a800000|  0%| F|  |TAMS 0x000000008a700000, 0x000000008a700000| Untracked 
| 168|0x000000008a800000, 0x000000008a800000, 0x000000008a900000|  0%| F|  |TAMS 0x000000008a800000, 0x000000008a800000| Untracked 
| 169|0x000000008a900000, 0x000000008a900000, 0x000000008aa00000|  0%| F|  |TAMS 0x000000008a900000, 0x000000008a900000| Untracked 
| 170|0x000000008aa00000, 0x000000008aa00000, 0x000000008ab00000|  0%| F|  |TAMS 0x000000008aa00000, 0x000000008aa00000| Untracked 

Card table byte_map: [0x0000026d21b30000,0x0000026d21f30000] _byte_map_base: 0x0000026d21730000

Marking Bits (Prev, Next): (CMBitMap*) 0x0000026d0ab21fb0, (CMBitMap*) 0x0000026d0ab21f70
 Prev Bits: [0x0000026d24330000, 0x0000026d26330000)
 Next Bits: [0x0000026d22330000, 0x0000026d24330000)

Polling page: 0x0000026d08a00000

Metaspace:

Usage:
  Non-class:     68.15 MB used.
      Class:     10.74 MB used.
       Both:     78.90 MB used.

Virtual space:
  Non-class space:      128.00 MB reserved,      69.06 MB ( 54%) committed,  2 nodes.
      Class space:        1.00 GB reserved,      11.69 MB (  1%) committed,  1 nodes.
             Both:        1.12 GB reserved,      80.75 MB (  7%) committed. 

Chunk freelists:
   Non-Class:  2.03 MB
       Class:  176.00 KB
        Both:  2.20 MB

MaxMetaspaceSize: unlimited
CompressedClassSpaceSize: 1.00 GB
Initial GC threshold: 21.00 MB
Current GC threshold: 99.19 MB
CDS: on
MetaspaceReclaimPolicy: balanced
 - commit_granule_bytes: 65536.
 - commit_granule_words: 8192.
 - virtual_space_node_default_size: 8388608.
 - enlarge_chunks_in_place: 1.
 - new_chunks_are_fully_committed: 0.
 - uncommit_free_chunks: 1.
 - use_allocation_guard: 0.


Internal statistics:

num_allocs_failed_limit: 9.
num_arena_births: 3262.
num_arena_deaths: 0.
num_vsnodes_births: 3.
num_vsnodes_deaths: 0.
num_space_committed: 1292.
num_space_uncommitted: 0.
num_chunks_returned_to_freelist: 9.
num_chunks_taken_from_freelist: 6853.
num_chunk_merges: 9.
num_chunk_splits: 4521.
num_chunks_enlarged: 2875.
num_inconsistent_stats: 0.

CodeHeap 'non-profiled nmethods': size=120000Kb used=5475Kb max_used=5475Kb free=114524Kb
 bounds [0x0000026d19ed0000, 0x0000026d1a430000, 0x0000026d21400000]
CodeHeap 'profiled nmethods': size=120000Kb used=18803Kb max_used=19013Kb free=101196Kb
 bounds [0x0000026d129a0000, 0x0000026d13c40000, 0x0000026d19ed0000]
CodeHeap 'non-nmethods': size=5760Kb used=2426Kb max_used=2463Kb free=3333Kb
 bounds [0x0000026d12400000, 0x0000026d12670000, 0x0000026d129a0000]
 total_blobs=10652 nmethods=9741 adapters=821
 compilation: enabled
              stopped_count=0, restarted_count=0
 full_count=0

Compilation events (20 events):
Event: 9.578 Thread 0x0000026d28d154b0 11431       3       kotlin.reflect.jvm.internal.impl.serialization.deserialization.descriptors.DeserializedMemberScope::getClassNames$deserialization (17 bytes)
Event: 9.579 Thread 0x0000026d28d154b0 nmethod 11431 0x0000026d130fc790 code [0x0000026d130fca40, 0x0000026d130fd6e8]
Event: 9.579 Thread 0x0000026d28d154b0 11432       3       kotlin.reflect.jvm.internal.impl.serialization.deserialization.DeserializationComponents::deserializeClass (18 bytes)
Event: 9.579 Thread 0x0000026d28d154b0 nmethod 11432 0x0000026d130fbc10 code [0x0000026d130fbe40, 0x0000026d130fc4c8]
Event: 9.580 Thread 0x0000026d28d154b0 11433       3       kotlin.reflect.jvm.internal.impl.serialization.deserialization.ClassDeserializer$ClassKey::equals (30 bytes)
Event: 9.580 Thread 0x0000026d28d154b0 nmethod 11433 0x0000026d130fb410 code [0x0000026d130fb5e0, 0x0000026d130fbac8]
Event: 9.580 Thread 0x0000026d28d154b0 11434       3       kotlin.reflect.jvm.internal.ReflectProperties$LazyVal::invoke (36 bytes)
Event: 9.580 Thread 0x0000026d28d154b0 nmethod 11434 0x0000026d130fab90 code [0x0000026d130fad60, 0x0000026d130fb288]
Event: 9.580 Thread 0x0000026d28d154b0 11435       3       kotlin.reflect.jvm.internal.ReflectProperties$LazySoftVal::invoke (52 bytes)
Event: 9.581 Thread 0x0000026d28d154b0 nmethod 11435 0x0000026d130f9e10 code [0x0000026d130fa020, 0x0000026d130fa938]
Event: 9.581 Thread 0x0000026d28d154b0 11436       3       java.util.ArrayList$SubList$1::hasNext (20 bytes)
Event: 9.581 Thread 0x0000026d28d154b0 nmethod 11436 0x0000026d130f9a10 code [0x0000026d130f9ba0, 0x0000026d130f9d18]
Event: 9.581 Thread 0x0000026d28d154b0 11437       3       kotlin.reflect.jvm.internal.impl.name.FqNameUnsafe$1::invoke (9 bytes)
Event: 9.581 Thread 0x0000026d28d154b0 nmethod 11437 0x0000026d13397a10 code [0x0000026d13397c40, 0x0000026d133983a8]
Event: 9.581 Thread 0x0000026d28d154b0 11438       3       kotlin.reflect.jvm.internal.impl.name.FqNameUnsafe$1::invoke (5 bytes)
Event: 9.581 Thread 0x0000026d28d154b0 nmethod 11438 0x0000026d13397010 code [0x0000026d13397220, 0x0000026d13397808]
Event: 9.582 Thread 0x0000026d28d154b0 11439   !   3       jdk.internal.reflect.MethodHandleAccessorFactory::newFieldAccessor (240 bytes)
Event: 9.582 Thread 0x0000026d28d154b0 nmethod 11439 0x0000026d13395910 code [0x0000026d13395c60, 0x0000026d13396ab8]
Event: 9.582 Thread 0x0000026d28d154b0 11440       3       java.lang.reflect.Field::get (39 bytes)
Event: 9.583 Thread 0x0000026d28d154b0 nmethod 11440 0x0000026d13395010 code [0x0000026d13395220, 0x0000026d13395778]

GC Heap History (20 events):
Event: 3.884 GC heap after
{Heap after GC invocations=11 (full 0):
 garbage-first heap   total 81920K, used 32601K [0x0000000080000000, 0x0000000100000000)
  region size 1024K, 4 young (4096K), 4 survivors (4096K)
 Metaspace       used 39075K, committed 40448K, reserved 1114112K
  class space    used 5444K, committed 6144K, reserved 1048576K
}
Event: 3.890 GC heap before
{Heap before GC invocations=11 (full 0):
 garbage-first heap   total 81920K, used 33625K [0x0000000080000000, 0x0000000100000000)
  region size 1024K, 5 young (5120K), 4 survivors (4096K)
 Metaspace       used 39126K, committed 40448K, reserved 1114112K
  class space    used 5452K, committed 6144K, reserved 1048576K
}
Event: 3.894 GC heap after
{Heap after GC invocations=12 (full 0):
 garbage-first heap   total 175104K, used 32806K [0x0000000080000000, 0x0000000100000000)
  region size 1024K, 1 young (1024K), 1 survivors (1024K)
 Metaspace       used 39126K, committed 40448K, reserved 1114112K
  class space    used 5452K, committed 6144K, reserved 1048576K
}
Event: 4.836 GC heap before
{Heap before GC invocations=12 (full 0):
 garbage-first heap   total 175104K, used 128038K [0x0000000080000000, 0x0000000100000000)
  region size 1024K, 91 young (93184K), 1 survivors (1024K)
 Metaspace       used 45426K, committed 46912K, reserved 1114112K
  class space    used 6237K, committed 6976K, reserved 1048576K
}
Event: 4.841 GC heap after
{Heap after GC invocations=13 (full 0):
 garbage-first heap   total 175104K, used 46844K [0x0000000080000000, 0x0000000100000000)
  region size 1024K, 11 young (11264K), 11 survivors (11264K)
 Metaspace       used 45426K, committed 46912K, reserved 1114112K
  class space    used 6237K, committed 6976K, reserved 1048576K
}
Event: 5.830 GC heap before
{Heap before GC invocations=13 (full 0):
 garbage-first heap   total 175104K, used 125692K [0x0000000080000000, 0x0000000100000000)
  region size 1024K, 89 young (91136K), 11 survivors (11264K)
 Metaspace       used 56904K, committed 58496K, reserved 1114112K
  class space    used 7612K, committed 8448K, reserved 1048576K
}
Event: 5.836 GC heap after
{Heap after GC invocations=14 (full 0):
 garbage-first heap   total 175104K, used 53512K [0x0000000080000000, 0x0000000100000000)
  region size 1024K, 7 young (7168K), 7 survivors (7168K)
 Metaspace       used 56904K, committed 58496K, reserved 1114112K
  class space    used 7612K, committed 8448K, reserved 1048576K
}
Event: 6.250 GC heap before
{Heap before GC invocations=14 (full 0):
 garbage-first heap   total 175104K, used 104712K [0x0000000080000000, 0x0000000100000000)
  region size 1024K, 57 young (58368K), 7 survivors (7168K)
 Metaspace       used 58952K, committed 60608K, reserved 1114112K
  class space    used 7871K, committed 8768K, reserved 1048576K
}
Event: 6.257 GC heap after
{Heap after GC invocations=15 (full 0):
 garbage-first heap   total 175104K, used 58059K [0x0000000080000000, 0x0000000100000000)
  region size 1024K, 5 young (5120K), 5 survivors (5120K)
 Metaspace       used 58952K, committed 60608K, reserved 1114112K
  class space    used 7871K, committed 8768K, reserved 1048576K
}
Event: 7.011 GC heap before
{Heap before GC invocations=16 (full 0):
 garbage-first heap   total 175104K, used 132811K [0x0000000080000000, 0x0000000100000000)
  region size 1024K, 78 young (79872K), 5 survivors (5120K)
 Metaspace       used 65276K, committed 67008K, reserved 1114112K
  class space    used 8948K, committed 9856K, reserved 1048576K
}
Event: 7.018 GC heap after
{Heap after GC invocations=17 (full 0):
 garbage-first heap   total 175104K, used 64046K [0x0000000080000000, 0x0000000100000000)
  region size 1024K, 10 young (10240K), 10 survivors (10240K)
 Metaspace       used 65276K, committed 67008K, reserved 1114112K
  class space    used 8948K, committed 9856K, reserved 1048576K
}
Event: 7.864 GC heap before
{Heap before GC invocations=17 (full 0):
 garbage-first heap   total 175104K, used 135726K [0x0000000080000000, 0x0000000100000000)
  region size 1024K, 80 young (81920K), 10 survivors (10240K)
 Metaspace       used 72329K, committed 74112K, reserved 1114112K
  class space    used 9889K, committed 10816K, reserved 1048576K
}
Event: 7.874 GC heap after
{Heap after GC invocations=18 (full 0):
 garbage-first heap   total 175104K, used 72383K [0x0000000080000000, 0x0000000100000000)
  region size 1024K, 9 young (9216K), 9 survivors (9216K)
 Metaspace       used 72329K, committed 74112K, reserved 1114112K
  class space    used 9889K, committed 10816K, reserved 1048576K
}
Event: 8.429 GC heap before
{Heap before GC invocations=18 (full 0):
 garbage-first heap   total 175104K, used 133823K [0x0000000080000000, 0x0000000100000000)
  region size 1024K, 70 young (71680K), 9 survivors (9216K)
 Metaspace       used 75675K, committed 77504K, reserved 1179648K
  class space    used 10389K, committed 11328K, reserved 1048576K
}
Event: 8.437 GC heap after
{Heap after GC invocations=19 (full 0):
 garbage-first heap   total 175104K, used 77530K [0x0000000080000000, 0x0000000100000000)
  region size 1024K, 5 young (5120K), 5 survivors (5120K)
 Metaspace       used 75675K, committed 77504K, reserved 1179648K
  class space    used 10389K, committed 11328K, reserved 1048576K
}
Event: 8.802 GC heap before
{Heap before GC invocations=19 (full 0):
 garbage-first heap   total 175104K, used 136922K [0x0000000080000000, 0x0000000100000000)
  region size 1024K, 64 young (65536K), 5 survivors (5120K)
 Metaspace       used 76303K, committed 78208K, reserved 1179648K
  class space    used 10436K, committed 11392K, reserved 1048576K
}
Event: 8.808 GC heap after
{Heap after GC invocations=20 (full 0):
 garbage-first heap   total 175104K, used 82479K [0x0000000080000000, 0x0000000100000000)
  region size 1024K, 5 young (5120K), 5 survivors (5120K)
 Metaspace       used 76303K, committed 78208K, reserved 1179648K
  class space    used 10436K, committed 11392K, reserved 1048576K
}
Event: 9.176 GC heap before
{Heap before GC invocations=20 (full 0):
 garbage-first heap   total 175104K, used 138799K [0x0000000080000000, 0x0000000100000000)
  region size 1024K, 61 young (62464K), 5 survivors (5120K)
 Metaspace       used 78042K, committed 79872K, reserved 1179648K
  class space    used 10660K, committed 11584K, reserved 1048576K
}
Event: 9.183 GC heap after
{Heap after GC invocations=21 (full 0):
 garbage-first heap   total 175104K, used 86311K [0x0000000080000000, 0x0000000100000000)
  region size 1024K, 4 young (4096K), 4 survivors (4096K)
 Metaspace       used 78042K, committed 79872K, reserved 1179648K
  class space    used 10660K, committed 11584K, reserved 1048576K
}
Event: 9.583 GC heap before
{Heap before GC invocations=21 (full 0):
 garbage-first heap   total 175104K, used 140583K [0x0000000080000000, 0x0000000100000000)
  region size 1024K, 58 young (59392K), 4 survivors (4096K)
 Metaspace       used 80789K, committed 82688K, reserved 1179648K
  class space    used 10999K, committed 11968K, reserved 1048576K
}

Deoptimization events (20 events):
Event: 9.054 Thread 0x0000026d330de2d0 DEOPT PACKING pc=0x0000026d1a391230 sp=0x000000befbcfd390
Event: 9.054 Thread 0x0000026d330de2d0 DEOPT UNPACKING pc=0x0000026d12455c23 sp=0x000000befbcfd298 mode 2
Event: 9.082 Thread 0x0000026d33099230 DEOPT PACKING pc=0x0000026d137218b9 sp=0x000000befaafe260
Event: 9.082 Thread 0x0000026d33099230 DEOPT UNPACKING pc=0x0000026d12456763 sp=0x000000befaafd760 mode 0
Event: 9.103 Thread 0x0000026d2f282570 Uncommon trap: trap_request=0xffffff45 fr.pc=0x0000026d19f9ef7c relative=0x00000000000005bc
Event: 9.103 Thread 0x0000026d2f282570 Uncommon trap: reason=unstable_if action=reinterpret pc=0x0000026d19f9ef7c method=java.lang.String.regionMatches(ZILjava/lang/String;II)Z @ 1 c2
Event: 9.103 Thread 0x0000026d2f282570 DEOPT PACKING pc=0x0000026d19f9ef7c sp=0x000000befddfab80
Event: 9.103 Thread 0x0000026d2f282570 DEOPT UNPACKING pc=0x0000026d12455c23 sp=0x000000befddfab28 mode 2
Event: 9.225 Thread 0x0000026d2f282570 Uncommon trap: trap_request=0xffffff76 fr.pc=0x0000026d19f37224 relative=0x0000000000000aa4
Event: 9.225 Thread 0x0000026d2f282570 Uncommon trap: reason=predicate action=maybe_recompile pc=0x0000026d19f37224 method=com.google.common.collect.RegularImmutableMap.fromEntryArray(I[Ljava/util/Map$Entry;)Lcom/google/common/collect/ImmutableMap; @ 59 c2
Event: 9.225 Thread 0x0000026d2f282570 DEOPT PACKING pc=0x0000026d19f37224 sp=0x000000befddf9eb0
Event: 9.225 Thread 0x0000026d2f282570 DEOPT UNPACKING pc=0x0000026d12455c23 sp=0x000000befddf9e48 mode 2
Event: 9.226 Thread 0x0000026d2f282570 Uncommon trap: trap_request=0xffffffde fr.pc=0x0000026d1a12b328 relative=0x0000000000001648
Event: 9.226 Thread 0x0000026d2f282570 Uncommon trap: reason=class_check action=maybe_recompile pc=0x0000026d1a12b328 method=org.gradle.internal.snapshot.impl.DefaultValueSnapshotter.processValue(Ljava/lang/Object;Lorg/gradle/internal/snapshot/impl/DefaultValueSnapshotter$ValueVisitor;)Ljava/l
Event: 9.226 Thread 0x0000026d2f282570 DEOPT PACKING pc=0x0000026d1a12b328 sp=0x000000befddfa480
Event: 9.226 Thread 0x0000026d2f282570 DEOPT UNPACKING pc=0x0000026d12455c23 sp=0x000000befddfa450 mode 2
Event: 9.382 Thread 0x0000026d2f282570 Uncommon trap: trap_request=0xffffffd6 fr.pc=0x0000026d1a20ff64 relative=0x0000000000000a44
Event: 9.382 Thread 0x0000026d2f282570 Uncommon trap: reason=array_check action=maybe_recompile pc=0x0000026d1a20ff64 method=com.google.common.collect.RegularImmutableMap.fromEntryArray(I[Ljava/util/Map$Entry;)Lcom/google/common/collect/ImmutableMap; @ 157 c2
Event: 9.382 Thread 0x0000026d2f282570 DEOPT PACKING pc=0x0000026d1a20ff64 sp=0x000000befddfb9d0
Event: 9.382 Thread 0x0000026d2f282570 DEOPT UNPACKING pc=0x0000026d12455c23 sp=0x000000befddfb970 mode 2

Classes loaded (20 events):
Event: 8.002 Loading class java/time/Instant$1
Event: 8.002 Loading class java/time/Instant$1 done
Event: 8.036 Loading class java/util/stream/ReduceOps$6
Event: 8.036 Loading class java/util/stream/ReduceOps$6 done
Event: 8.036 Loading class java/util/stream/ReduceOps$5ReducingSink
Event: 8.036 Loading class java/util/stream/ReduceOps$5ReducingSink done
Event: 8.052 Loading class com/sun/org/apache/xerces/internal/util/URI
Event: 8.052 Loading class com/sun/org/apache/xerces/internal/util/URI done
Event: 8.052 Loading class java/net/HttpURLConnection
Event: 8.053 Loading class java/net/HttpURLConnection done
Event: 8.053 Loading class sun/net/ProgressMonitor
Event: 8.053 Loading class sun/net/ProgressMonitor done
Event: 8.053 Loading class sun/net/DefaultProgressMeteringPolicy
Event: 8.053 Loading class sun/net/ProgressMeteringPolicy
Event: 8.053 Loading class sun/net/ProgressMeteringPolicy done
Event: 8.053 Loading class sun/net/DefaultProgressMeteringPolicy done
Event: 8.562 Loading class java/util/stream/SortedOps$SizedRefSortingSink
Event: 8.562 Loading class java/util/stream/SortedOps$SizedRefSortingSink done
Event: 8.986 Loading class java/nio/file/FileTreeWalker$1
Event: 8.987 Loading class java/nio/file/FileTreeWalker$1 done

Classes unloaded (0 events):
No events

Classes redefined (0 events):
No events

Internal exceptions (20 events):
Event: 8.746 Thread 0x0000026d2d0ab870 Exception <a 'java/lang/NoSuchMethodError'{0x0000000087d2c6c0}: static Lcom/android/build/gradle/internal/scope/InternalArtifactType;.<clinit>()V> (0x0000000087d2c6c0) 
thrown [s\open\src\hotspot\share\prims\jni.cpp, line 1104]
Event: 8.746 Thread 0x0000026d2d0ab870 Exception <a 'java/lang/NoSuchMethodError'{0x0000000087d2fcd8}: static Lcom/android/build/api/artifact/Artifact$Single;.<clinit>()V> (0x0000000087d2fcd8) 
thrown [s\open\src\hotspot\share\prims\jni.cpp, line 1104]
Event: 8.746 Thread 0x0000026d2d0ab870 Exception <a 'java/lang/NoSuchMethodError'{0x0000000087d32cd0}: static Ljava/lang/Object;.<clinit>()V> (0x0000000087d32cd0) 
thrown [s\open\src\hotspot\share\prims\jni.cpp, line 1104]
Event: 8.748 Thread 0x0000026d2d0ab870 Exception <a 'java/lang/NoSuchMethodError'{0x0000000087d56c60}: static Lcom/android/build/api/artifact/ArtifactKind;.<clinit>()V> (0x0000000087d56c60) 
thrown [s\open\src\hotspot\share\prims\jni.cpp, line 1104]
Event: 8.748 Thread 0x0000026d2d0ab870 Exception <a 'java/lang/NoSuchMethodError'{0x0000000087d588c0}: static Lcom/android/build/api/artifact/ArtifactKind;.<clinit>()V> (0x0000000087d588c0) 
thrown [s\open\src\hotspot\share\prims\jni.cpp, line 1104]
Event: 8.833 Thread 0x0000026d330d8760 Implicit null exception at 0x0000026d1a40dabe to 0x0000026d1a40ddd4
Event: 8.950 Thread 0x0000026d2d0ab870 Exception <a 'sun/nio/fs/WindowsException'{0x00000000898fca70}> (0x00000000898fca70) 
thrown [s\open\src\hotspot\share\prims\jni.cpp, line 516]
Event: 8.950 Thread 0x0000026d2d0ab870 Exception <a 'sun/nio/fs/WindowsException'{0x00000000898fe0e0}> (0x00000000898fe0e0) 
thrown [s\open\src\hotspot\share\prims\jni.cpp, line 516]
Event: 8.950 Thread 0x0000026d2d0ab870 Exception <a 'sun/nio/fs/WindowsException'{0x00000000898fe4a0}> (0x00000000898fe4a0) 
thrown [s\open\src\hotspot\share\prims\jni.cpp, line 516]
Event: 8.950 Thread 0x0000026d2d0ab870 Exception <a 'sun/nio/fs/WindowsException'{0x00000000898ffaf8}> (0x00000000898ffaf8) 
thrown [s\open\src\hotspot\share\prims\jni.cpp, line 516]
Event: 8.950 Thread 0x0000026d2d0ab870 Exception <a 'sun/nio/fs/WindowsException'{0x0000000089700800}> (0x0000000089700800) 
thrown [s\open\src\hotspot\share\prims\jni.cpp, line 516]
Event: 8.950 Thread 0x0000026d2d0ab870 Exception <a 'sun/nio/fs/WindowsException'{0x0000000089701e70}> (0x0000000089701e70) 
thrown [s\open\src\hotspot\share\prims\jni.cpp, line 516]
Event: 8.950 Thread 0x0000026d2d0ab870 Exception <a 'sun/nio/fs/WindowsException'{0x00000000897020d8}> (0x00000000897020d8) 
thrown [s\open\src\hotspot\share\prims\jni.cpp, line 516]
Event: 8.950 Thread 0x0000026d2d0ab870 Exception <a 'sun/nio/fs/WindowsException'{0x0000000089703718}> (0x0000000089703718) 
thrown [s\open\src\hotspot\share\prims\jni.cpp, line 516]
Event: 8.962 Thread 0x0000026d2d0ab870 Exception <a 'java/lang/NoSuchMethodError'{0x0000000089661560}: static Lcom/android/builder/internal/aapt/AaptOptions;.<clinit>()V> (0x0000000089661560) 
thrown [s\open\src\hotspot\share\prims\jni.cpp, line 1104]
Event: 8.965 Thread 0x0000026d2d0ab870 Exception <a 'java/lang/NoSuchMethodError'{0x00000000896ab270}: static [Ljava/lang/Object;.<clinit>()V> (0x00000000896ab270) 
thrown [s\open\src\hotspot\share\prims\jni.cpp, line 1104]
Event: 8.965 Thread 0x0000026d2d0ab870 Exception <a 'java/lang/NoSuchMethodError'{0x00000000896c2658}: static Ljava/lang/Object;.<clinit>()V> (0x00000000896c2658) 
thrown [s\open\src\hotspot\share\prims\jni.cpp, line 1104]
Event: 8.967 Thread 0x0000026d2d0ab870 Exception <a 'java/lang/NoSuchMethodError'{0x00000000896ebfd8}: static Lcom/android/build/api/variant/impl/VariantOutputImpl$SerializedForm;.<clinit>()V> (0x00000000896ebfd8) 
thrown [s\open\src\hotspot\share\prims\jni.cpp, line 1104]
Event: 8.968 Thread 0x0000026d2d0ab870 Exception <a 'java/lang/NoSuchMethodError'{0x00000000895053f8}: static Lcom/android/build/api/variant/impl/VariantOutputConfigurationImpl;.<clinit>()V> (0x00000000895053f8) 
thrown [s\open\src\hotspot\share\prims\jni.cpp, line 1104]
Event: 9.098 Thread 0x0000026d2f282570 Exception <a 'java/lang/NoSuchMethodError'{0x0000000087ef5300}: 'int java.lang.invoke.DirectMethodHandle$Holder.invokeSpecial(java.lang.Object, java.lang.Object, java.lang.Object, java.lang.Object, java.lang.Object)'> (0x0000000087ef5300) 
thrown [s\open\src\hotspot\share\interpreter\linkResolver.cpp, line 766]

VM Operations (20 events):
Event: 8.973 Executing VM operation: HandshakeAllThreads done
Event: 8.977 Executing VM operation: ICBufferFull
Event: 8.977 Executing VM operation: ICBufferFull done
Event: 8.980 Executing VM operation: HandshakeAllThreads
Event: 8.980 Executing VM operation: HandshakeAllThreads done
Event: 8.981 Executing VM operation: HandshakeAllThreads
Event: 8.982 Executing VM operation: HandshakeAllThreads done
Event: 9.096 Executing VM operation: HandshakeAllThreads
Event: 9.096 Executing VM operation: HandshakeAllThreads done
Event: 9.135 Executing VM operation: ICBufferFull
Event: 9.135 Executing VM operation: ICBufferFull done
Event: 9.135 Executing VM operation: ICBufferFull
Event: 9.136 Executing VM operation: ICBufferFull done
Event: 9.137 Executing VM operation: ICBufferFull
Event: 9.137 Executing VM operation: ICBufferFull done
Event: 9.176 Executing VM operation: G1CollectForAllocation
Event: 9.183 Executing VM operation: G1CollectForAllocation done
Event: 9.570 Executing VM operation: ICBufferFull
Event: 9.570 Executing VM operation: ICBufferFull done
Event: 9.583 Executing VM operation: G1CollectForAllocation

Events (20 events):
Event: 8.945 Thread 0x0000026d28d28b10 flushing nmethod 0x0000026d139ed310
Event: 8.945 Thread 0x0000026d28d28b10 flushing nmethod 0x0000026d139eec90
Event: 8.945 Thread 0x0000026d28d28b10 flushing nmethod 0x0000026d139ef210
Event: 8.945 Thread 0x0000026d28d28b10 flushing nmethod 0x0000026d139f6d10
Event: 8.945 Thread 0x0000026d28d28b10 flushing nmethod 0x0000026d13a32510
Event: 8.945 Thread 0x0000026d28d28b10 flushing nmethod 0x0000026d13a34e90
Event: 8.945 Thread 0x0000026d28d28b10 flushing nmethod 0x0000026d13a37910
Event: 8.945 Thread 0x0000026d28d28b10 flushing nmethod 0x0000026d13a39290
Event: 8.945 Thread 0x0000026d28d28b10 flushing nmethod 0x0000026d13a3a090
Event: 8.945 Thread 0x0000026d28d28b10 flushing nmethod 0x0000026d13a3a710
Event: 8.945 Thread 0x0000026d28d28b10 flushing nmethod 0x0000026d13a3b610
Event: 8.945 Thread 0x0000026d28d28b10 flushing nmethod 0x0000026d13a61910
Event: 8.945 Thread 0x0000026d28d28b10 flushing nmethod 0x0000026d13aa0a90
Event: 8.945 Thread 0x0000026d28d28b10 flushing nmethod 0x0000026d13ae7c10
Event: 8.945 Thread 0x0000026d28d28b10 flushing nmethod 0x0000026d13ae8e10
Event: 8.945 Thread 0x0000026d28d28b10 flushing nmethod 0x0000026d13b13910
Event: 8.945 Thread 0x0000026d28d28b10 flushing nmethod 0x0000026d13b1da10
Event: 8.946 Thread 0x0000026d28d28b10 flushing nmethod 0x0000026d13b79490
Event: 8.946 Thread 0x0000026d28d28b10 flushing nmethod 0x0000026d13b7c810
Event: 8.974 Thread 0x0000026d2f284bf0 Thread added: 0x0000026d2f284bf0


Dynamic libraries:
0x00007ff789880000 - 0x00007ff789890000 	C:\Program Files\Java\jdk-18.0.1.1\bin\java.exe
0x00007fff42a90000 - 0x00007fff42c87000 	C:\Windows\SYSTEM32\ntdll.dll
0x00007fff41590000 - 0x00007fff4164d000 	C:\Windows\System32\KERNEL32.DLL
0x00007fff40380000 - 0x00007fff4064d000 	C:\Windows\System32\KERNELBASE.dll
0x00007fff40250000 - 0x00007fff40350000 	C:\Windows\System32\ucrtbase.dll
0x00007fff36500000 - 0x00007fff36518000 	C:\Program Files\Java\jdk-18.0.1.1\bin\jli.dll
0x00007fff35550000 - 0x00007fff3556a000 	C:\Program Files\Java\jdk-18.0.1.1\bin\VCRUNTIME140.dll
0x00007fff42080000 - 0x00007fff4212e000 	C:\Windows\System32\ADVAPI32.dll
0x00007fff41780000 - 0x00007fff4181e000 	C:\Windows\System32\msvcrt.dll
0x00007fff416b0000 - 0x00007fff4174c000 	C:\Windows\System32\sechost.dll
0x00007fff41e70000 - 0x00007fff41f95000 	C:\Windows\System32\RPCRT4.dll
0x00007fff413f0000 - 0x00007fff41590000 	C:\Windows\System32\USER32.dll
0x00007fff40220000 - 0x00007fff40242000 	C:\Windows\System32\win32u.dll
0x00007fff261b0000 - 0x00007fff2644a000 	C:\Windows\WinSxS\amd64_microsoft.windows.common-controls_6595b64144ccf1df_6.0.19041.1110_none_60b5254171f9507e\COMCTL32.dll
0x00007fff42130000 - 0x00007fff4215a000 	C:\Windows\System32\GDI32.dll
0x00007fff40930000 - 0x00007fff40a3b000 	C:\Windows\System32\gdi32full.dll
0x00007fff40890000 - 0x00007fff4092d000 	C:\Windows\System32\msvcp_win.dll
0x00007fff2e5c0000 - 0x00007fff2e5ca000 	C:\Windows\SYSTEM32\VERSION.dll
0x00007fff41750000 - 0x00007fff41780000 	C:\Windows\System32\IMM32.DLL
0x00007fff37e80000 - 0x00007fff37e8c000 	C:\Program Files\Java\jdk-18.0.1.1\bin\vcruntime140_1.dll
0x00007fff23f30000 - 0x00007fff23fbd000 	C:\Program Files\Java\jdk-18.0.1.1\bin\msvcp140.dll
0x00007ffee8db0000 - 0x00007ffee99c0000 	C:\Program Files\Java\jdk-18.0.1.1\bin\server\jvm.dll
0x00007fff427a0000 - 0x00007fff427a8000 	C:\Windows\System32\PSAPI.DLL
0x00007fff254f0000 - 0x00007fff25517000 	C:\Windows\SYSTEM32\WINMM.dll
0x00007fff13c30000 - 0x00007fff13c39000 	C:\Windows\SYSTEM32\WSOCK32.dll
0x00007fff42810000 - 0x00007fff4287b000 	C:\Windows\System32\WS2_32.dll
0x00007fff3e9f0000 - 0x00007fff3ea02000 	C:\Windows\SYSTEM32\kernel.appcore.dll
0x00007fff33560000 - 0x00007fff3356a000 	C:\Program Files\Java\jdk-18.0.1.1\bin\jimage.dll
0x00007fff3e550000 - 0x00007fff3e734000 	C:\Windows\SYSTEM32\DBGHELP.DLL
0x00007fff2ed80000 - 0x00007fff2edac000 	C:\Windows\SYSTEM32\dbgcore.DLL
0x00007fff40650000 - 0x00007fff406d2000 	C:\Windows\System32\bcryptPrimitives.dll
0x00007fff331f0000 - 0x00007fff33215000 	C:\Program Files\Java\jdk-18.0.1.1\bin\java.dll
0x00007fff23e50000 - 0x00007fff23f26000 	C:\Program Files\Java\jdk-18.0.1.1\bin\jsvml.dll
0x00007fff40ca0000 - 0x00007fff413e4000 	C:\Windows\System32\SHELL32.dll
0x00007fff3dcf0000 - 0x00007fff3e484000 	C:\Windows\SYSTEM32\windows.storage.dll
0x00007fff42310000 - 0x00007fff42664000 	C:\Windows\System32\combase.dll
0x00007fff3fc10000 - 0x00007fff3fc3c000 	C:\Windows\SYSTEM32\Wldp.dll
0x00007fff42200000 - 0x00007fff422ad000 	C:\Windows\System32\SHCORE.dll
0x00007fff422b0000 - 0x00007fff42305000 	C:\Windows\System32\shlwapi.dll
0x00007fff400f0000 - 0x00007fff4010f000 	C:\Windows\SYSTEM32\profapi.dll
0x00007fff33540000 - 0x00007fff33553000 	C:\Program Files\Java\jdk-18.0.1.1\bin\net.dll
0x00007fff36860000 - 0x00007fff3696a000 	C:\Windows\SYSTEM32\WINHTTP.dll
0x00007fff3f950000 - 0x00007fff3f9ba000 	C:\Windows\system32\mswsock.dll
0x00007fff331d0000 - 0x00007fff331e6000 	C:\Program Files\Java\jdk-18.0.1.1\bin\nio.dll
0x00007fff331b0000 - 0x00007fff331c8000 	C:\Program Files\Java\jdk-18.0.1.1\bin\zip.dll
0x00007fff331a0000 - 0x00007fff331b0000 	C:\Program Files\Java\jdk-18.0.1.1\bin\verify.dll
0x00007fff23b40000 - 0x00007fff23b67000 	C:\Program Files\Android\gradle-7.3.3\native\e1d6ef7f7dcc3fd88c89a11ec53ec762bb8ba0a96d01ffa2cd45eb1d1d8dd5c5\windows-amd64\native-platform.dll
0x00007fff0c500000 - 0x00007fff0c644000 	C:\Program Files\Android\gradle-7.3.3\native\5664cfc778a61ccfe75a443a1ab52a65af34e5dc3c78e0209fed803814484fcb\windows-amd64\native-platform-file-events.dll
0x00007fff32f90000 - 0x00007fff32f99000 	C:\Program Files\Java\jdk-18.0.1.1\bin\management.dll
0x00007fff32f80000 - 0x00007fff32f8b000 	C:\Program Files\Java\jdk-18.0.1.1\bin\management_ext.dll
0x00007fff3fb60000 - 0x00007fff3fb78000 	C:\Windows\SYSTEM32\CRYPTSP.dll
0x00007fff3f240000 - 0x00007fff3f274000 	C:\Windows\system32\rsaenh.dll
0x00007fff40350000 - 0x00007fff40377000 	C:\Windows\System32\bcrypt.dll
0x00007fff40070000 - 0x00007fff4009e000 	C:\Windows\SYSTEM32\USERENV.dll
0x00007fff3fb80000 - 0x00007fff3fb8c000 	C:\Windows\SYSTEM32\CRYPTBASE.dll
0x00007fff3f5e0000 - 0x00007fff3f61b000 	C:\Windows\SYSTEM32\IPHLPAPI.DLL
0x00007fff41970000 - 0x00007fff41978000 	C:\Windows\System32\NSI.dll
0x00007fff317a0000 - 0x00007fff317b7000 	C:\Windows\SYSTEM32\dhcpcsvc6.DLL
0x00007fff338a0000 - 0x00007fff338bd000 	C:\Windows\SYSTEM32\dhcpcsvc.DLL
0x00007fff3f640000 - 0x00007fff3f70b000 	C:\Windows\SYSTEM32\DNSAPI.dll

dbghelp: loaded successfully - version: 4.0.5 - missing functions: none
symbol engine: initialized successfully - sym options: 0x614 - pdb path: .;C:\Program Files\Java\jdk-18.0.1.1\bin;C:\Windows\SYSTEM32;C:\Windows\WinSxS\amd64_microsoft.windows.common-controls_6595b64144ccf1df_6.0.19041.1110_none_60b5254171f9507e;C:\Program Files\Java\jdk-18.0.1.1\bin\server;C:\Program Files\Android\gradle-7.3.3\native\e1d6ef7f7dcc3fd88c89a11ec53ec762bb8ba0a96d01ffa2cd45eb1d1d8dd5c5\windows-amd64;C:\Program Files\Android\gradle-7.3.3\native\5664cfc778a61ccfe75a443a1ab52a65af34e5dc3c78e0209fed803814484fcb\windows-amd64

VM Arguments:
jvm_args: --add-opens=java.base/java.util=ALL-UNNAMED --add-opens=java.base/java.lang=ALL-UNNAMED --add-opens=java.base/java.lang.invoke=ALL-UNNAMED --add-opens=java.base/java.util=ALL-UNNAMED --add-opens=java.prefs/java.util.prefs=ALL-UNNAMED --add-opens=java.prefs/java.util.prefs=ALL-UNNAMED --add-opens=java.base/java.nio.charset=ALL-UNNAMED --add-opens=java.base/java.net=ALL-UNNAMED --add-opens=java.base/java.util.concurrent.atomic=ALL-UNNAMED -Xmx2048m -Dfile.encoding=UTF-8 -Duser.country=IN -Duser.language=en -Duser.variant 
java_command: org.gradle.launcher.daemon.bootstrap.GradleDaemon 7.3.3
java_class_path (initial): C:\Program Files\Android\gradle-7.3.3\lib\gradle-launcher-7.3.3.jar
Launcher Type: SUN_STANDARD

[Global flags]
     intx CICompilerCount                          = 4                                         {product} {ergonomic}
     uint ConcGCThreads                            = 2                                         {product} {ergonomic}
     uint G1ConcRefinementThreads                  = 8                                         {product} {ergonomic}
   size_t G1HeapRegionSize                         = 1048576                                   {product} {ergonomic}
    uintx GCDrainStackTargetSize                   = 64                                        {product} {ergonomic}
   size_t InitialHeapSize                          = 132120576                                 {product} {ergonomic}
   size_t MarkStackSize                            = 4194304                                   {product} {ergonomic}
   size_t MaxHeapSize                              = 2147483648                                {product} {command line}
   size_t MaxNewSize                               = 1287651328                                {product} {ergonomic}
   size_t MinHeapDeltaBytes                        = 1048576                                   {product} {ergonomic}
   size_t MinHeapSize                              = 8388608                                   {product} {ergonomic}
    uintx NonNMethodCodeHeapSize                   = 5839372                                {pd product} {ergonomic}
    uintx NonProfiledCodeHeapSize                  = 122909434                              {pd product} {ergonomic}
    uintx ProfiledCodeHeapSize                     = 122909434                              {pd product} {ergonomic}
    uintx ReservedCodeCacheSize                    = 251658240                              {pd product} {ergonomic}
     bool SegmentedCodeCache                       = true                                      {product} {ergonomic}
   size_t SoftMaxHeapSize                          = 2147483648                             {manageable} {ergonomic}
     bool UseCompressedClassPointers               = true                           {product lp64_product} {ergonomic}
     bool UseCompressedOops                        = true                           {product lp64_product} {ergonomic}
     bool UseG1GC                                  = true                                      {product} {ergonomic}
     bool UseLargePagesIndividualAllocation        = false                                  {pd product} {ergonomic}

Logging:
Log output configuration:
 #0: stdout all=warning uptime,level,tags foldmultilines=false
 #1: stderr all=off uptime,level,tags foldmultilines=false

Environment Variables:
JAVA_HOME=C:\Program Files\Java\jdk-18.0.1.1
PATH=C:\Program Files\Common Files\Oracle\Java\javapath;C:\Windows\system32;C:\Windows;C:\Windows\System32\Wbem;C:\Windows\System32\WindowsPowerShell\v1.0\;C:\Windows\System32\OpenSSH\;C:\Program Files\Git\cmd;C:\Users\suraj\AppData\Local\Microsoft\WindowsApps
USERNAME=suraj
OS=Windows_NT
PROCESSOR_IDENTIFIER=Intel64 Family 6 Model 140 Stepping 1, GenuineIntel



---------------  S Y S T E M  ---------------

OS:
 Windows 10 , 64 bit Build 19041 (10.0.19041.1741)
OS uptime: 0 days 2:54 hours
Hyper-V role detected

CPU: total 8 (initial active 8) (4 cores per cpu, 2 threads per core) family 6 model 140 stepping 1 microcode 0x86, cx8, cmov, fxsr, ht, mmx, 3dnowpref, sse, sse2, sse3, ssse3, sse4.1, sse4.2, popcnt, lzcnt, tsc, tscinvbit, avx, avx2, aes, erms, clmul, bmi1, bmi2, adx, avx512f, avx512dq, avx512cd, avx512bw, avx512vl, sha, fma, vzeroupper, avx512_vpopcntdq, avx512_vpclmulqdq, avx512_vaes, avx512_vnni, clflush, clflushopt, clwb, avx512_vbmi2, avx512_vbmi, hv

Memory: 4k page, system-wide physical 7987M (484M free)
TotalPageFile size 7987M (AvailPageFile size 77M)
current process WorkingSet (physical memory assigned to process): 432M, peak: 432M
current process commit charge ("private bytes"): 477M, peak: 646M

vm_info: Java HotSpot(TM) 64-Bit Server VM (18.0.1.1+2-6) for windows-amd64 JRE (18.0.1.1+2-6), built on Apr 25 2022 21:53:15 by "mach5one" with MS VC++ 16.8 / 16.9 (VS2019)

END.
