#
# There is insufficient memory for the Java Runtime Environment to continue.
# Native memory allocation (malloc) failed to allocate 1816336 bytes for Chunk::new
# Possible reasons:
#   The system is out of physical RAM or swap space
#   The process is running with CompressedOops enabled, and the Java Heap may be blocking the growth of the native heap
# Possible solutions:
#   Reduce memory load on the system
#   Increase physical memory or swap space
#   Check if swap backing store is full
#   Decrease Java heap size (-Xmx/-Xms)
#   Decrease number of Java threads
#   Decrease Java thread stack sizes (-Xss)
#   Set larger code cache with -XX:ReservedCodeCacheSize=
#   JVM is running with Unscaled Compressed Oops mode in which the Java heap is
#     placed in the first 4GB address space. The Java Heap base address is the
#     maximum limit for the native heap growth. Please use -XX:HeapBaseMinAddress
#     to set the Java Heap base and to place the Java Heap above 4GB virtual address.
# This output file may be truncated or incomplete.
#
#  Out of Memory Error (arena.cpp:184), pid=10804, tid=3240
#
# JRE version: Java(TM) SE Runtime Environment (18.0.1.1+2) (build 18.0.1.1+2-6)
# Java VM: Java HotSpot(TM) 64-Bit Server VM (18.0.1.1+2-6, mixed mode, sharing, tiered, compressed oops, compressed class ptrs, g1 gc, windows-amd64)
# No core dump will be written. Minidumps are not enabled by default on client versions of Windows
#

---------------  S U M M A R Y ------------

Command Line: --add-opens=java.base/java.util=ALL-UNNAMED --add-opens=java.base/java.lang=ALL-UNNAMED --add-opens=java.base/java.lang.invoke=ALL-UNNAMED --add-opens=java.base/java.util=ALL-UNNAMED --add-opens=java.prefs/java.util.prefs=ALL-UNNAMED --add-opens=java.prefs/java.util.prefs=ALL-UNNAMED --add-opens=java.base/java.nio.charset=ALL-UNNAMED --add-opens=java.base/java.net=ALL-UNNAMED --add-opens=java.base/java.util.concurrent.atomic=ALL-UNNAMED -Xmx2048m -Dfile.encoding=UTF-8 -Duser.country=IN -Duser.language=en -Duser.variant org.gradle.launcher.daemon.bootstrap.GradleDaemon 7.3.3

Host: 11th Gen Intel(R) Core(TM) i5-1135G7 @ 2.40GHz, 8 cores, 7G,  Windows 10 , 64 bit Build 19041 (10.0.19041.1806)
Time: Thu Jun 30 22:25:26 2022 India Standard Time elapsed time: 1.499713 seconds (0d 0h 0m 1s)

---------------  T H R E A D  ---------------

Current thread (0x00000173e4d6dc90):  JavaThread "C2 CompilerThread0" daemon [_thread_in_native, id=3240, stack(0x0000000f12700000,0x0000000f12800000)]


Current CompileTask:
C2:   1499 2210   !   4       java.lang.ClassLoader::loadClass (121 bytes)

Stack: [0x0000000f12700000,0x0000000f12800000]
Native frames: (J=compiled Java code, j=interpreted, Vv=VM code, C=native code)
V  [jvm.dll+0x69887a]
V  [jvm.dll+0x7f38bd]
V  [jvm.dll+0x7f51ce]
V  [jvm.dll+0x7f5883]
V  [jvm.dll+0x25ca3f]
V  [jvm.dll+0xb8c2f]
V  [jvm.dll+0xb8fa5]
V  [jvm.dll+0x385a6b]
V  [jvm.dll+0x1d27c2]
V  [jvm.dll+0x22fd79]
V  [jvm.dll+0x22eff1]
V  [jvm.dll+0x1b9cfc]
V  [jvm.dll+0x23e8ca]
V  [jvm.dll+0x23cbb5]
V  [jvm.dll+0x7a5fb1]
V  [jvm.dll+0x7a03ea]
V  [jvm.dll+0x697725]
C  [ucrtbase.dll+0x21bb2]
C  [KERNEL32.DLL+0x17034]
C  [ntdll.dll+0x52651]


---------------  P R O C E S S  ---------------

Threads class SMR info:
_java_thread_list=0x00000173eada8820, length=27, elements={
0x00000173c4b736a0, 0x00000173e4d4e900, 0x00000173e4d4f1b0, 0x00000173e4d6a880,
0x00000173e4d6b130, 0x00000173e4d6b9e0, 0x00000173e4d6c290, 0x00000173e4d6dc90,
0x00000173e4d73440, 0x00000173e4d7bb20, 0x00000173e90a6570, 0x00000173e90aac60,
0x00000173e4d761d0, 0x00000173e4d73e60, 0x00000173eab8cae0, 0x00000173ea2fac70,
0x00000173e9d01040, 0x00000173ea568e40, 0x00000173ea4635f0, 0x00000173e9cfe9c0,
0x00000173e9cfe4f0, 0x00000173e9cfee90, 0x00000173e9cff360, 0x00000173e9cff830,
0x00000173e9cfe020, 0x00000173eac04650, 0x00000173eac04b20
}

Java Threads: ( => current thread )
  0x00000173c4b736a0 JavaThread "main" [_thread_blocked, id=10328, stack(0x0000000f11a00000,0x0000000f11b00000)]
  0x00000173e4d4e900 JavaThread "Reference Handler" daemon [_thread_blocked, id=2540, stack(0x0000000f12100000,0x0000000f12200000)]
  0x00000173e4d4f1b0 JavaThread "Finalizer" daemon [_thread_blocked, id=16076, stack(0x0000000f12200000,0x0000000f12300000)]
  0x00000173e4d6a880 JavaThread "Signal Dispatcher" daemon [_thread_blocked, id=12560, stack(0x0000000f12300000,0x0000000f12400000)]
  0x00000173e4d6b130 JavaThread "Attach Listener" daemon [_thread_blocked, id=3804, stack(0x0000000f12400000,0x0000000f12500000)]
  0x00000173e4d6b9e0 JavaThread "Service Thread" daemon [_thread_blocked, id=15548, stack(0x0000000f12500000,0x0000000f12600000)]
  0x00000173e4d6c290 JavaThread "Monitor Deflation Thread" daemon [_thread_blocked, id=13544, stack(0x0000000f12600000,0x0000000f12700000)]
=>0x00000173e4d6dc90 JavaThread "C2 CompilerThread0" daemon [_thread_in_native, id=3240, stack(0x0000000f12700000,0x0000000f12800000)]
  0x00000173e4d73440 JavaThread "C1 CompilerThread0" daemon [_thread_blocked, id=11148, stack(0x0000000f12800000,0x0000000f12900000)]
  0x00000173e4d7bb20 JavaThread "Sweeper thread" daemon [_thread_blocked, id=7008, stack(0x0000000f12900000,0x0000000f12a00000)]
  0x00000173e90a6570 JavaThread "Common-Cleaner" daemon [_thread_blocked, id=6600, stack(0x0000000f12a00000,0x0000000f12b00000)]
  0x00000173e90aac60 JavaThread "Notification Thread" daemon [_thread_blocked, id=14012, stack(0x0000000f12b00000,0x0000000f12c00000)]
  0x00000173e4d761d0 JavaThread "C2 CompilerThread1" daemon [_thread_in_native, id=11640, stack(0x0000000f12d00000,0x0000000f12e00000)]
  0x00000173e4d73e60 JavaThread "C2 CompilerThread2" daemon [_thread_blocked, id=15636, stack(0x0000000f12e00000,0x0000000f12f00000)]
  0x00000173eab8cae0 JavaThread "Daemon health stats" [_thread_blocked, id=13956, stack(0x0000000f13500000,0x0000000f13600000)]
  0x00000173ea2fac70 JavaThread "Incoming local TCP Connector on port 50113" [_thread_in_native, id=7496, stack(0x0000000f13600000,0x0000000f13700000)]
  0x00000173e9d01040 JavaThread "Daemon periodic checks" [_thread_blocked, id=11240, stack(0x0000000f13700000,0x0000000f13800000)]
  0x00000173ea568e40 JavaThread "Daemon" [_thread_blocked, id=14084, stack(0x0000000f13800000,0x0000000f13900000)]
  0x00000173ea4635f0 JavaThread "Handler for socket connection from /127.0.0.1:50113 to /127.0.0.1:50114" [_thread_in_native, id=9548, stack(0x0000000f13900000,0x0000000f13a00000)]
  0x00000173e9cfe9c0 JavaThread "Cancel handler" [_thread_blocked, id=9092, stack(0x0000000f13a00000,0x0000000f13b00000)]
  0x00000173e9cfe4f0 JavaThread "Daemon worker" [_thread_in_native, id=3312, stack(0x0000000f13b00000,0x0000000f13c00000)]
  0x00000173e9cfee90 JavaThread "Asynchronous log dispatcher for DefaultDaemonConnection: socket connection from /127.0.0.1:50113 to /127.0.0.1:50114" [_thread_blocked, id=2992, stack(0x0000000f13c00000,0x0000000f13d00000)]
  0x00000173e9cff360 JavaThread "Stdin handler" [_thread_blocked, id=8424, stack(0x0000000f13d00000,0x0000000f13e00000)]
  0x00000173e9cff830 JavaThread "Daemon client event forwarder" [_thread_blocked, id=6440, stack(0x0000000f13e00000,0x0000000f13f00000)]
  0x00000173e9cfe020 JavaThread "Cache worker for journal cache (C:\Program Files\Android\gradle-7.3.3\caches\journal-1)" [_thread_blocked, id=2484, stack(0x0000000f13f00000,0x0000000f14000000)]
  0x00000173eac04650 JavaThread "File lock request listener" [_thread_in_native, id=3308, stack(0x0000000f14000000,0x0000000f14100000)]
  0x00000173eac04b20 JavaThread "Cache worker for file hash cache (C:\Program Files\Android\gradle-7.3.3\caches\7.3.3\fileHashes)" [_thread_blocked, id=14172, stack(0x0000000f14100000,0x0000000f14200000)]

Other Threads:
  0x00000173c4beb120 VMThread "VM Thread" [stack: 0x0000000f12000000,0x0000000f12100000] [id=4920]
  0x00000173e90b4190 WatcherThread "VM Periodic Task Thread" [stack: 0x0000000f12c00000,0x0000000f12d00000] [id=5624]
  0x00000173c4bd3350 WorkerThread "GC Thread#0" [stack: 0x0000000f11b00000,0x0000000f11c00000] [id=10332]
  0x00000173e9eb4fe0 WorkerThread "GC Thread#1" [stack: 0x0000000f12f00000,0x0000000f13000000] [id=4912]
  0x00000173e9c97350 WorkerThread "GC Thread#2" [stack: 0x0000000f13000000,0x0000000f13100000] [id=13908]
  0x00000173e9eb7140 WorkerThread "GC Thread#3" [stack: 0x0000000f13100000,0x0000000f13200000] [id=12176]
  0x00000173e9aa7db0 WorkerThread "GC Thread#4" [stack: 0x0000000f13200000,0x0000000f13300000] [id=2600]
  0x00000173eaa14d80 WorkerThread "GC Thread#5" [stack: 0x0000000f13300000,0x0000000f13400000] [id=9676]
  0x00000173ea96c030 WorkerThread "GC Thread#6" [stack: 0x0000000f13400000,0x0000000f13500000] [id=9904]
  0x00000173c4be4030 ConcurrentGCThread "G1 Main Marker" [stack: 0x0000000f11c00000,0x0000000f11d00000] [id=10064]
  0x00000173c4be47d0 WorkerThread "G1 Conc#0" [stack: 0x0000000f11d00000,0x0000000f11e00000] [id=3720]
  0x00000173c4c35e80 ConcurrentGCThread "G1 Refine#0" [stack: 0x0000000f11e00000,0x0000000f11f00000] [id=2236]
  0x00000173c4c36540 ConcurrentGCThread "G1 Service" [stack: 0x0000000f11f00000,0x0000000f12000000] [id=12112]

Threads with active compile tasks:
C2 CompilerThread0     1516 2210   !   4       java.lang.ClassLoader::loadClass (121 bytes)
C2 CompilerThread1     1516 2324   !   4       java.net.URLClassLoader::findClass (47 bytes)

VM state: not at safepoint (normal execution)

VM Mutex/Monitor currently owned by a thread: None

Heap address: 0x0000000080000000, size: 2048 MB, Compressed Oops mode: 32-bit

CDS archive(s) mapped at: [0x0000000800000000-0x0000000800ba0000-0x0000000800ba0000), size 12189696, SharedBaseAddress: 0x0000000800000000, ArchiveRelocationMode: 0.
Compressed class space mapped at: 0x0000000800c00000-0x0000000840c00000, reserved size: 1073741824
Narrow klass base: 0x0000000800000000, Narrow klass shift: 0, Narrow klass range: 0x100000000

GC Precious Log:
 CardTable entry size: 512
 Card Set container configuration: InlinePtr #cards 5 size 8 Array Of Cards #cards 12 size 40 Howl #buckets 4 coarsen threshold 1843 Howl Bitmap #cards 512 size 80 coarsen threshold 460 Card regions per heap region 1 cards per card region 2048
 CPUs: 8 total, 8 available
 Memory: 7987M
 Large Page Support: Disabled
 NUMA Support: Disabled
 Compressed Oops: Enabled (32-bit)
 Heap Region Size: 1M
 Heap Min Capacity: 8M
 Heap Initial Capacity: 126M
 Heap Max Capacity: 2G
 Pre-touch: Disabled
 Parallel Workers: 8
 Concurrent Workers: 2
 Concurrent Refinement Workers: 8
 Periodic GC: Disabled

Heap:
 garbage-first heap   total 129024K, used 60982K [0x0000000080000000, 0x0000000100000000)
  region size 1024K, 50 young (51200K), 4 survivors (4096K)
 Metaspace       used 15075K, committed 15552K, reserved 1114112K
  class space    used 2127K, committed 2304K, reserved 1048576K

Heap Regions: E=young(eden), S=young(survivor), O=old, HS=humongous(starts), HC=humongous(continues), CS=collection set, F=free, OA=open archive, CA=closed archive, TAMS=top-at-mark-start (previous, next)
|   0|0x0000000080000000, 0x0000000080000000, 0x0000000080100000|  0%| F|  |TAMS 0x0000000080000000, 0x0000000080000000| Untracked 
|   1|0x0000000080100000, 0x0000000080200000, 0x0000000080200000|100%| O|  |TAMS 0x0000000080100000, 0x0000000080100000| Untracked 
|   2|0x0000000080200000, 0x0000000080300000, 0x0000000080300000|100%| O|  |TAMS 0x0000000080200000, 0x0000000080200000| Untracked 
|   3|0x0000000080300000, 0x0000000080400000, 0x0000000080400000|100%|HS|  |TAMS 0x0000000080300000, 0x0000000080300000| Complete 
|   4|0x0000000080400000, 0x0000000080500000, 0x0000000080500000|100%|HC|  |TAMS 0x0000000080400000, 0x0000000080400000| Complete 
|   5|0x0000000080500000, 0x0000000080600000, 0x0000000080600000|100%|HC|  |TAMS 0x0000000080500000, 0x0000000080500000| Complete 
|   6|0x0000000080600000, 0x0000000080700000, 0x0000000080700000|100%| O|  |TAMS 0x0000000080600000, 0x0000000080600000| Untracked 
|   7|0x0000000080700000, 0x0000000080800000, 0x0000000080800000|100%| O|  |TAMS 0x0000000080700000, 0x0000000080700000| Untracked 
|   8|0x0000000080800000, 0x0000000080900000, 0x0000000080900000|100%| O|  |TAMS 0x0000000080800000, 0x0000000080800000| Untracked 
|   9|0x0000000080900000, 0x0000000080a00000, 0x0000000080a00000|100%| O|  |TAMS 0x0000000080900000, 0x0000000080900000| Untracked 
|  10|0x0000000080a00000, 0x0000000080b00000, 0x0000000080b00000|100%| O|  |TAMS 0x0000000080a00000, 0x0000000080a00000| Untracked 
|  11|0x0000000080b00000, 0x0000000080b8d800, 0x0000000080c00000| 55%| O|  |TAMS 0x0000000080b00000, 0x0000000080b00000| Untracked 
|  12|0x0000000080c00000, 0x0000000080c00000, 0x0000000080d00000|  0%| F|  |TAMS 0x0000000080c00000, 0x0000000080c00000| Untracked 
|  13|0x0000000080d00000, 0x0000000080d00000, 0x0000000080e00000|  0%| F|  |TAMS 0x0000000080d00000, 0x0000000080d00000| Untracked 
|  14|0x0000000080e00000, 0x0000000080e00000, 0x0000000080f00000|  0%| F|  |TAMS 0x0000000080e00000, 0x0000000080e00000| Untracked 
|  15|0x0000000080f00000, 0x0000000080f00000, 0x0000000081000000|  0%| F|  |TAMS 0x0000000080f00000, 0x0000000080f00000| Untracked 
|  16|0x0000000081000000, 0x0000000081000000, 0x0000000081100000|  0%| F|  |TAMS 0x0000000081000000, 0x0000000081000000| Untracked 
|  17|0x0000000081100000, 0x0000000081100000, 0x0000000081200000|  0%| F|  |TAMS 0x0000000081100000, 0x0000000081100000| Untracked 
|  18|0x0000000081200000, 0x0000000081200000, 0x0000000081300000|  0%| F|  |TAMS 0x0000000081200000, 0x0000000081200000| Untracked 
|  19|0x0000000081300000, 0x0000000081300000, 0x0000000081400000|  0%| F|  |TAMS 0x0000000081300000, 0x0000000081300000| Untracked 
|  20|0x0000000081400000, 0x0000000081400000, 0x0000000081500000|  0%| F|  |TAMS 0x0000000081400000, 0x0000000081400000| Untracked 
|  21|0x0000000081500000, 0x0000000081500000, 0x0000000081600000|  0%| F|  |TAMS 0x0000000081500000, 0x0000000081500000| Untracked 
|  22|0x0000000081600000, 0x0000000081600000, 0x0000000081700000|  0%| F|  |TAMS 0x0000000081600000, 0x0000000081600000| Untracked 
|  23|0x0000000081700000, 0x0000000081700000, 0x0000000081800000|  0%| F|  |TAMS 0x0000000081700000, 0x0000000081700000| Untracked 
|  24|0x0000000081800000, 0x0000000081800000, 0x0000000081900000|  0%| F|  |TAMS 0x0000000081800000, 0x0000000081800000| Untracked 
|  25|0x0000000081900000, 0x0000000081900000, 0x0000000081a00000|  0%| F|  |TAMS 0x0000000081900000, 0x0000000081900000| Untracked 
|  26|0x0000000081a00000, 0x0000000081a00000, 0x0000000081b00000|  0%| F|  |TAMS 0x0000000081a00000, 0x0000000081a00000| Untracked 
|  27|0x0000000081b00000, 0x0000000081b00000, 0x0000000081c00000|  0%| F|  |TAMS 0x0000000081b00000, 0x0000000081b00000| Untracked 
|  28|0x0000000081c00000, 0x0000000081c00000, 0x0000000081d00000|  0%| F|  |TAMS 0x0000000081c00000, 0x0000000081c00000| Untracked 
|  29|0x0000000081d00000, 0x0000000081d00000, 0x0000000081e00000|  0%| F|  |TAMS 0x0000000081d00000, 0x0000000081d00000| Untracked 
|  30|0x0000000081e00000, 0x0000000081e00000, 0x0000000081f00000|  0%| F|  |TAMS 0x0000000081e00000, 0x0000000081e00000| Untracked 
|  31|0x0000000081f00000, 0x0000000081f00000, 0x0000000082000000|  0%| F|  |TAMS 0x0000000081f00000, 0x0000000081f00000| Untracked 
|  32|0x0000000082000000, 0x0000000082000000, 0x0000000082100000|  0%| F|  |TAMS 0x0000000082000000, 0x0000000082000000| Untracked 
|  33|0x0000000082100000, 0x0000000082100000, 0x0000000082200000|  0%| F|  |TAMS 0x0000000082100000, 0x0000000082100000| Untracked 
|  34|0x0000000082200000, 0x0000000082200000, 0x0000000082300000|  0%| F|  |TAMS 0x0000000082200000, 0x0000000082200000| Untracked 
|  35|0x0000000082300000, 0x0000000082300000, 0x0000000082400000|  0%| F|  |TAMS 0x0000000082300000, 0x0000000082300000| Untracked 
|  36|0x0000000082400000, 0x0000000082400000, 0x0000000082500000|  0%| F|  |TAMS 0x0000000082400000, 0x0000000082400000| Untracked 
|  37|0x0000000082500000, 0x0000000082500000, 0x0000000082600000|  0%| F|  |TAMS 0x0000000082500000, 0x0000000082500000| Untracked 
|  38|0x0000000082600000, 0x0000000082600000, 0x0000000082700000|  0%| F|  |TAMS 0x0000000082600000, 0x0000000082600000| Untracked 
|  39|0x0000000082700000, 0x0000000082700000, 0x0000000082800000|  0%| F|  |TAMS 0x0000000082700000, 0x0000000082700000| Untracked 
|  40|0x0000000082800000, 0x0000000082800000, 0x0000000082900000|  0%| F|  |TAMS 0x0000000082800000, 0x0000000082800000| Untracked 
|  41|0x0000000082900000, 0x0000000082900000, 0x0000000082a00000|  0%| F|  |TAMS 0x0000000082900000, 0x0000000082900000| Untracked 
|  42|0x0000000082a00000, 0x0000000082a00000, 0x0000000082b00000|  0%| F|  |TAMS 0x0000000082a00000, 0x0000000082a00000| Untracked 
|  43|0x0000000082b00000, 0x0000000082b00000, 0x0000000082c00000|  0%| F|  |TAMS 0x0000000082b00000, 0x0000000082b00000| Untracked 
|  44|0x0000000082c00000, 0x0000000082c00000, 0x0000000082d00000|  0%| F|  |TAMS 0x0000000082c00000, 0x0000000082c00000| Untracked 
|  45|0x0000000082d00000, 0x0000000082d00000, 0x0000000082e00000|  0%| F|  |TAMS 0x0000000082d00000, 0x0000000082d00000| Untracked 
|  46|0x0000000082e00000, 0x0000000082e00000, 0x0000000082f00000|  0%| F|  |TAMS 0x0000000082e00000, 0x0000000082e00000| Untracked 
|  47|0x0000000082f00000, 0x0000000082f00000, 0x0000000083000000|  0%| F|  |TAMS 0x0000000082f00000, 0x0000000082f00000| Untracked 
|  48|0x0000000083000000, 0x0000000083000000, 0x0000000083100000|  0%| F|  |TAMS 0x0000000083000000, 0x0000000083000000| Untracked 
|  49|0x0000000083100000, 0x0000000083100000, 0x0000000083200000|  0%| F|  |TAMS 0x0000000083100000, 0x0000000083100000| Untracked 
|  50|0x0000000083200000, 0x0000000083200000, 0x0000000083300000|  0%| F|  |TAMS 0x0000000083200000, 0x0000000083200000| Untracked 
|  51|0x0000000083300000, 0x0000000083300000, 0x0000000083400000|  0%| F|  |TAMS 0x0000000083300000, 0x0000000083300000| Untracked 
|  52|0x0000000083400000, 0x0000000083400000, 0x0000000083500000|  0%| F|  |TAMS 0x0000000083400000, 0x0000000083400000| Untracked 
|  53|0x0000000083500000, 0x0000000083500000, 0x0000000083600000|  0%| F|  |TAMS 0x0000000083500000, 0x0000000083500000| Untracked 
|  54|0x0000000083600000, 0x0000000083600000, 0x0000000083700000|  0%| F|  |TAMS 0x0000000083600000, 0x0000000083600000| Untracked 
|  55|0x0000000083700000, 0x0000000083700000, 0x0000000083800000|  0%| F|  |TAMS 0x0000000083700000, 0x0000000083700000| Untracked 
|  56|0x0000000083800000, 0x0000000083800000, 0x0000000083900000|  0%| F|  |TAMS 0x0000000083800000, 0x0000000083800000| Untracked 
|  57|0x0000000083900000, 0x0000000083900000, 0x0000000083a00000|  0%| F|  |TAMS 0x0000000083900000, 0x0000000083900000| Untracked 
|  58|0x0000000083a00000, 0x0000000083a00000, 0x0000000083b00000|  0%| F|  |TAMS 0x0000000083a00000, 0x0000000083a00000| Untracked 
|  59|0x0000000083b00000, 0x0000000083b00000, 0x0000000083c00000|  0%| F|  |TAMS 0x0000000083b00000, 0x0000000083b00000| Untracked 
|  60|0x0000000083c00000, 0x0000000083c00000, 0x0000000083d00000|  0%| F|  |TAMS 0x0000000083c00000, 0x0000000083c00000| Untracked 
|  61|0x0000000083d00000, 0x0000000083d00000, 0x0000000083e00000|  0%| F|  |TAMS 0x0000000083d00000, 0x0000000083d00000| Untracked 
|  62|0x0000000083e00000, 0x0000000083e00000, 0x0000000083f00000|  0%| F|  |TAMS 0x0000000083e00000, 0x0000000083e00000| Untracked 
|  63|0x0000000083f00000, 0x0000000083f00000, 0x0000000084000000|  0%| F|  |TAMS 0x0000000083f00000, 0x0000000083f00000| Untracked 
|  64|0x0000000084000000, 0x0000000084000000, 0x0000000084100000|  0%| F|  |TAMS 0x0000000084000000, 0x0000000084000000| Untracked 
|  65|0x0000000084100000, 0x0000000084100000, 0x0000000084200000|  0%| F|  |TAMS 0x0000000084100000, 0x0000000084100000| Untracked 
|  66|0x0000000084200000, 0x0000000084200000, 0x0000000084300000|  0%| F|  |TAMS 0x0000000084200000, 0x0000000084200000| Untracked 
|  67|0x0000000084300000, 0x0000000084300000, 0x0000000084400000|  0%| F|  |TAMS 0x0000000084300000, 0x0000000084300000| Untracked 
|  68|0x0000000084400000, 0x0000000084400000, 0x0000000084500000|  0%| F|  |TAMS 0x0000000084400000, 0x0000000084400000| Untracked 
|  69|0x0000000084500000, 0x0000000084500000, 0x0000000084600000|  0%| F|  |TAMS 0x0000000084500000, 0x0000000084500000| Untracked 
|  70|0x0000000084600000, 0x0000000084600000, 0x0000000084700000|  0%| F|  |TAMS 0x0000000084600000, 0x0000000084600000| Untracked 
|  71|0x0000000084700000, 0x0000000084700000, 0x0000000084800000|  0%| F|  |TAMS 0x0000000084700000, 0x0000000084700000| Untracked 
|  72|0x0000000084800000, 0x0000000084800000, 0x0000000084900000|  0%| F|  |TAMS 0x0000000084800000, 0x0000000084800000| Untracked 
|  73|0x0000000084900000, 0x0000000084900000, 0x0000000084a00000|  0%| F|  |TAMS 0x0000000084900000, 0x0000000084900000| Untracked 
|  74|0x0000000084a00000, 0x0000000084a00000, 0x0000000084b00000|  0%| F|  |TAMS 0x0000000084a00000, 0x0000000084a00000| Untracked 
|  75|0x0000000084b00000, 0x0000000084b00000, 0x0000000084c00000|  0%| F|  |TAMS 0x0000000084b00000, 0x0000000084b00000| Untracked 
|  76|0x0000000084c00000, 0x0000000084c823f8, 0x0000000084d00000| 50%| E|  |TAMS 0x0000000084c00000, 0x0000000084c00000| Complete 
|  77|0x0000000084d00000, 0x0000000084e00000, 0x0000000084e00000|100%| E|CS|TAMS 0x0000000084d00000, 0x0000000084d00000| Complete 
|  78|0x0000000084e00000, 0x0000000084f00000, 0x0000000084f00000|100%| E|CS|TAMS 0x0000000084e00000, 0x0000000084e00000| Complete 
|  79|0x0000000084f00000, 0x0000000085000000, 0x0000000085000000|100%| E|CS|TAMS 0x0000000084f00000, 0x0000000084f00000| Complete 
|  80|0x0000000085000000, 0x0000000085100000, 0x0000000085100000|100%| E|CS|TAMS 0x0000000085000000, 0x0000000085000000| Complete 
|  81|0x0000000085100000, 0x0000000085200000, 0x0000000085200000|100%| E|CS|TAMS 0x0000000085100000, 0x0000000085100000| Complete 
|  82|0x0000000085200000, 0x0000000085300000, 0x0000000085300000|100%| E|CS|TAMS 0x0000000085200000, 0x0000000085200000| Complete 
|  83|0x0000000085300000, 0x0000000085400000, 0x0000000085400000|100%| E|CS|TAMS 0x0000000085300000, 0x0000000085300000| Complete 
|  84|0x0000000085400000, 0x0000000085500000, 0x0000000085500000|100%| E|CS|TAMS 0x0000000085400000, 0x0000000085400000| Complete 
|  85|0x0000000085500000, 0x0000000085600000, 0x0000000085600000|100%| E|CS|TAMS 0x0000000085500000, 0x0000000085500000| Complete 
|  86|0x0000000085600000, 0x0000000085700000, 0x0000000085700000|100%| E|CS|TAMS 0x0000000085600000, 0x0000000085600000| Complete 
|  87|0x0000000085700000, 0x0000000085800000, 0x0000000085800000|100%| E|CS|TAMS 0x0000000085700000, 0x0000000085700000| Complete 
|  88|0x0000000085800000, 0x0000000085900000, 0x0000000085900000|100%| E|CS|TAMS 0x0000000085800000, 0x0000000085800000| Complete 
|  89|0x0000000085900000, 0x0000000085a00000, 0x0000000085a00000|100%| E|CS|TAMS 0x0000000085900000, 0x0000000085900000| Complete 
|  90|0x0000000085a00000, 0x0000000085b00000, 0x0000000085b00000|100%| S|CS|TAMS 0x0000000085a00000, 0x0000000085a00000| Complete 
|  91|0x0000000085b00000, 0x0000000085c00000, 0x0000000085c00000|100%| S|CS|TAMS 0x0000000085b00000, 0x0000000085b00000| Complete 
|  92|0x0000000085c00000, 0x0000000085d00000, 0x0000000085d00000|100%| S|CS|TAMS 0x0000000085c00000, 0x0000000085c00000| Complete 
|  93|0x0000000085d00000, 0x0000000085e00000, 0x0000000085e00000|100%| S|CS|TAMS 0x0000000085d00000, 0x0000000085d00000| Complete 
|  94|0x0000000085e00000, 0x0000000085f00000, 0x0000000085f00000|100%| E|CS|TAMS 0x0000000085e00000, 0x0000000085e00000| Complete 
|  95|0x0000000085f00000, 0x0000000086000000, 0x0000000086000000|100%| E|CS|TAMS 0x0000000085f00000, 0x0000000085f00000| Complete 
|  96|0x0000000086000000, 0x0000000086100000, 0x0000000086100000|100%| E|CS|TAMS 0x0000000086000000, 0x0000000086000000| Complete 
|  97|0x0000000086100000, 0x0000000086200000, 0x0000000086200000|100%| E|CS|TAMS 0x0000000086100000, 0x0000000086100000| Complete 
|  98|0x0000000086200000, 0x0000000086300000, 0x0000000086300000|100%| E|CS|TAMS 0x0000000086200000, 0x0000000086200000| Complete 
|  99|0x0000000086300000, 0x0000000086400000, 0x0000000086400000|100%| E|CS|TAMS 0x0000000086300000, 0x0000000086300000| Complete 
| 100|0x0000000086400000, 0x0000000086500000, 0x0000000086500000|100%| E|CS|TAMS 0x0000000086400000, 0x0000000086400000| Complete 
| 101|0x0000000086500000, 0x0000000086600000, 0x0000000086600000|100%| E|CS|TAMS 0x0000000086500000, 0x0000000086500000| Complete 
| 102|0x0000000086600000, 0x0000000086700000, 0x0000000086700000|100%| E|CS|TAMS 0x0000000086600000, 0x0000000086600000| Complete 
| 103|0x0000000086700000, 0x0000000086800000, 0x0000000086800000|100%| E|CS|TAMS 0x0000000086700000, 0x0000000086700000| Complete 
| 104|0x0000000086800000, 0x0000000086900000, 0x0000000086900000|100%| E|CS|TAMS 0x0000000086800000, 0x0000000086800000| Complete 
| 105|0x0000000086900000, 0x0000000086a00000, 0x0000000086a00000|100%| E|CS|TAMS 0x0000000086900000, 0x0000000086900000| Complete 
| 106|0x0000000086a00000, 0x0000000086b00000, 0x0000000086b00000|100%| E|CS|TAMS 0x0000000086a00000, 0x0000000086a00000| Complete 
| 107|0x0000000086b00000, 0x0000000086c00000, 0x0000000086c00000|100%| E|CS|TAMS 0x0000000086b00000, 0x0000000086b00000| Complete 
| 108|0x0000000086c00000, 0x0000000086d00000, 0x0000000086d00000|100%| E|CS|TAMS 0x0000000086c00000, 0x0000000086c00000| Complete 
| 109|0x0000000086d00000, 0x0000000086e00000, 0x0000000086e00000|100%| E|CS|TAMS 0x0000000086d00000, 0x0000000086d00000| Complete 
| 110|0x0000000086e00000, 0x0000000086f00000, 0x0000000086f00000|100%| E|CS|TAMS 0x0000000086e00000, 0x0000000086e00000| Complete 
| 111|0x0000000086f00000, 0x0000000087000000, 0x0000000087000000|100%| E|CS|TAMS 0x0000000086f00000, 0x0000000086f00000| Complete 
| 112|0x0000000087000000, 0x0000000087100000, 0x0000000087100000|100%| E|CS|TAMS 0x0000000087000000, 0x0000000087000000| Complete 
| 113|0x0000000087100000, 0x0000000087200000, 0x0000000087200000|100%| E|CS|TAMS 0x0000000087100000, 0x0000000087100000| Complete 
| 114|0x0000000087200000, 0x0000000087300000, 0x0000000087300000|100%| E|CS|TAMS 0x0000000087200000, 0x0000000087200000| Complete 
| 115|0x0000000087300000, 0x0000000087400000, 0x0000000087400000|100%| E|CS|TAMS 0x0000000087300000, 0x0000000087300000| Complete 
| 116|0x0000000087400000, 0x0000000087500000, 0x0000000087500000|100%| E|CS|TAMS 0x0000000087400000, 0x0000000087400000| Complete 
| 117|0x0000000087500000, 0x0000000087600000, 0x0000000087600000|100%| E|CS|TAMS 0x0000000087500000, 0x0000000087500000| Complete 
| 118|0x0000000087600000, 0x0000000087700000, 0x0000000087700000|100%| E|CS|TAMS 0x0000000087600000, 0x0000000087600000| Complete 
| 119|0x0000000087700000, 0x0000000087800000, 0x0000000087800000|100%| E|CS|TAMS 0x0000000087700000, 0x0000000087700000| Complete 
| 120|0x0000000087800000, 0x0000000087900000, 0x0000000087900000|100%| E|CS|TAMS 0x0000000087800000, 0x0000000087800000| Complete 
| 121|0x0000000087900000, 0x0000000087a00000, 0x0000000087a00000|100%| E|CS|TAMS 0x0000000087900000, 0x0000000087900000| Complete 
| 122|0x0000000087a00000, 0x0000000087b00000, 0x0000000087b00000|100%| E|CS|TAMS 0x0000000087a00000, 0x0000000087a00000| Complete 
| 123|0x0000000087b00000, 0x0000000087c00000, 0x0000000087c00000|100%| E|CS|TAMS 0x0000000087b00000, 0x0000000087b00000| Complete 
| 124|0x0000000087c00000, 0x0000000087d00000, 0x0000000087d00000|100%| E|CS|TAMS 0x0000000087c00000, 0x0000000087c00000| Complete 
| 125|0x0000000087d00000, 0x0000000087e00000, 0x0000000087e00000|100%| E|CS|TAMS 0x0000000087d00000, 0x0000000087d00000| Complete 

Card table byte_map: [0x00000173ddb00000,0x00000173ddf00000] _byte_map_base: 0x00000173dd700000

Marking Bits (Prev, Next): (CMBitMap*) 0x00000173c4bd3700, (CMBitMap*) 0x00000173c4bd3740
 Prev Bits: [0x00000173de300000, 0x00000173e0300000)
 Next Bits: [0x00000173e0300000, 0x00000173e2300000)

Polling page: 0x00000173c4c40000

Metaspace:

Usage:
  Non-class:     12.68 MB used.
      Class:      2.09 MB used.
       Both:     14.77 MB used.

Virtual space:
  Non-class space:       64.00 MB reserved,      12.94 MB ( 20%) committed,  1 nodes.
      Class space:        1.00 GB reserved,       2.31 MB ( <1%) committed,  1 nodes.
             Both:        1.06 GB reserved,      15.25 MB (  1%) committed. 

Chunk freelists:
   Non-Class:  3.00 MB
       Class:  1.59 MB
        Both:  4.59 MB

MaxMetaspaceSize: unlimited
CompressedClassSpaceSize: 1.00 GB
Initial GC threshold: 21.00 MB
Current GC threshold: 21.00 MB
CDS: on
MetaspaceReclaimPolicy: balanced
 - commit_granule_bytes: 65536.
 - commit_granule_words: 8192.
 - virtual_space_node_default_size: 8388608.
 - enlarge_chunks_in_place: 1.
 - new_chunks_are_fully_committed: 0.
 - uncommit_free_chunks: 1.
 - use_allocation_guard: 0.


Internal statistics:

num_allocs_failed_limit: 0.
num_arena_births: 652.
num_arena_deaths: 0.
num_vsnodes_births: 2.
num_vsnodes_deaths: 0.
num_space_committed: 244.
num_space_uncommitted: 0.
num_chunks_returned_to_freelist: 0.
num_chunks_taken_from_freelist: 1220.
num_chunk_merges: 0.
num_chunk_splits: 786.
num_chunks_enlarged: 512.
num_inconsistent_stats: 0.

CodeHeap 'non-profiled nmethods': size=120000Kb used=1079Kb max_used=1079Kb free=118921Kb
 bounds [0x00000173d5750000, 0x00000173d59c0000, 0x00000173dcc80000]
CodeHeap 'profiled nmethods': size=120000Kb used=4737Kb max_used=4737Kb free=115263Kb
 bounds [0x00000173ce220000, 0x00000173ce6d0000, 0x00000173d5750000]
CodeHeap 'non-nmethods': size=5760Kb used=1241Kb max_used=1265Kb free=4518Kb
 bounds [0x00000173cdc80000, 0x00000173cdef0000, 0x00000173ce220000]
 total_blobs=2849 nmethods=2324 adapters=437
 compilation: enabled
              stopped_count=0, restarted_count=0
 full_count=0

Compilation events (20 events):
Event: 1.472 Thread 0x00000173e4d73440 nmethod 2306 0x00000173ce6bc790 code [0x00000173ce6bc940, 0x00000173ce6bca88]
Event: 1.472 Thread 0x00000173e4d73440 2307       3       java.lang.invoke.LambdaFormBuffer::nameArray (15 bytes)
Event: 1.472 Thread 0x00000173e4d73440 nmethod 2307 0x00000173ce6bcb10 code [0x00000173ce6bccc0, 0x00000173ce6bcf88]
Event: 1.472 Thread 0x00000173e4d73440 2308       3       java.lang.invoke.LambdaFormBuffer::resultIndex (41 bytes)
Event: 1.472 Thread 0x00000173e4d73440 nmethod 2308 0x00000173ce6bd090 code [0x00000173ce6bd240, 0x00000173ce6bd518]
Event: 1.472 Thread 0x00000173e4d73440 2309       3       java.lang.invoke.LambdaFormEditor$TransformKey::withResult (17 bytes)
Event: 1.473 Thread 0x00000173e4d73440 nmethod 2309 0x00000173ce6bd610 code [0x00000173ce6bd7e0, 0x00000173ce6bdb68]
Event: 1.475 Thread 0x00000173e4d73440 2311       1       java.lang.invoke.MethodHandleNatives::isPullModeBSM (2 bytes)
Event: 1.475 Thread 0x00000173e4d73440 nmethod 2311 0x00000173d5856110 code [0x00000173d58562a0, 0x00000173d5856358]
Event: 1.475 Thread 0x00000173e4d73440 2312       3       java.lang.invoke.ConstantCallSite::getTarget (20 bytes)
Event: 1.475 Thread 0x00000173e4d73440 nmethod 2312 0x00000173ce6bdd10 code [0x00000173ce6bdec0, 0x00000173ce6be0e8]
Event: 1.478 Thread 0x00000173e4d73e60 2313       4       jdk.internal.perf.PerfCounter::addElapsedTimeFrom (10 bytes)
Event: 1.480 Thread 0x00000173e4d73e60 nmethod 2313 0x00000173d5856410 code [0x00000173d58565a0, 0x00000173d58567f8]
Event: 1.487 Thread 0x00000173e4d73440 2314       1       sun.reflect.generics.repository.AbstractRepository::getFactory (5 bytes)
Event: 1.487 Thread 0x00000173e4d73440 nmethod 2314 0x00000173d5856a10 code [0x00000173d5856ba0, 0x00000173d5856c78]
Event: 1.492 Thread 0x00000173e4d73e60 2315       4       java.util.HashMap$HashIterator::nextNode (100 bytes)
Event: 1.493 Thread 0x00000173e4d73440 2316       3       org.gradle.internal.service.DefaultServiceRegistry$SingletonService::getAll (23 bytes)
Event: 1.493 Thread 0x00000173e4d73440 nmethod 2316 0x00000173ce6be210 code [0x00000173ce6be3e0, 0x00000173ce6be688]
Event: 1.495 Thread 0x00000173e4d761d0 nmethod 2278 0x00000173d5856d10 code [0x00000173d5856fc0, 0x00000173d5859ae8]
Event: 1.497 Thread 0x00000173e4d73e60 nmethod 2315 0x00000173d585b210 code [0x00000173d585b3a0, 0x00000173d585b778]

GC Heap History (4 events):
Event: 0.453 GC heap before
{Heap before GC invocations=0 (full 0):
 garbage-first heap   total 129024K, used 28672K [0x0000000080000000, 0x0000000100000000)
  region size 1024K, 23 young (23552K), 0 survivors (0K)
 Metaspace       used 3736K, committed 3904K, reserved 1114112K
  class space    used 465K, committed 576K, reserved 1048576K
}
Event: 0.456 GC heap after
{Heap after GC invocations=1 (full 0):
 garbage-first heap   total 129024K, used 9303K [0x0000000080000000, 0x0000000100000000)
  region size 1024K, 3 young (3072K), 3 survivors (3072K)
 Metaspace       used 3736K, committed 3904K, reserved 1114112K
  class space    used 465K, committed 576K, reserved 1048576K
}
Event: 0.752 GC heap before
{Heap before GC invocations=1 (full 0):
 garbage-first heap   total 129024K, used 40023K [0x0000000080000000, 0x0000000100000000)
  region size 1024K, 32 young (32768K), 3 survivors (3072K)
 Metaspace       used 4835K, committed 4992K, reserved 1114112K
  class space    used 634K, committed 704K, reserved 1048576K
}
Event: 0.757 GC heap after
{Heap after GC invocations=2 (full 0):
 garbage-first heap   total 129024K, used 14902K [0x0000000080000000, 0x0000000100000000)
  region size 1024K, 4 young (4096K), 4 survivors (4096K)
 Metaspace       used 4835K, committed 4992K, reserved 1114112K
  class space    used 634K, committed 704K, reserved 1048576K
}

Deoptimization events (20 events):
Event: 1.307 Thread 0x00000173e9cfe4f0 Uncommon trap: trap_request=0xffffff45 fr.pc=0x00000173d57661b4 relative=0x00000000000003d4
Event: 1.307 Thread 0x00000173e9cfe4f0 Uncommon trap: reason=unstable_if action=reinterpret pc=0x00000173d57661b4 method=java.util.regex.Matcher.match(II)Z @ 76 c2
Event: 1.307 Thread 0x00000173e9cfe4f0 DEOPT PACKING pc=0x00000173d57661b4 sp=0x0000000f13bf9350
Event: 1.307 Thread 0x00000173e9cfe4f0 DEOPT UNPACKING pc=0x00000173cdcd5c23 sp=0x0000000f13bf9340 mode 2
Event: 1.349 Thread 0x00000173e9cfe4f0 Uncommon trap: trap_request=0xffffff45 fr.pc=0x00000173d5768c18 relative=0x0000000000000c98
Event: 1.349 Thread 0x00000173e9cfe4f0 Uncommon trap: reason=unstable_if action=reinterpret pc=0x00000173d5768c18 method=java.io.WinNTFileSystem.resolve(Ljava/lang/String;Ljava/lang/String;)Ljava/lang/String; @ 19 c2
Event: 1.349 Thread 0x00000173e9cfe4f0 DEOPT PACKING pc=0x00000173d5768c18 sp=0x0000000f13bfbb60
Event: 1.349 Thread 0x00000173e9cfe4f0 DEOPT UNPACKING pc=0x00000173cdcd5c23 sp=0x0000000f13bfbaf8 mode 2
Event: 1.349 Thread 0x00000173e9cfe4f0 Uncommon trap: trap_request=0xffffffc6 fr.pc=0x00000173d57bc228 relative=0x0000000000000088
Event: 1.349 Thread 0x00000173e9cfe4f0 Uncommon trap: reason=bimorphic_or_optimized_type_check action=maybe_recompile pc=0x00000173d57bc228 method=java.util.AbstractList$Itr.hasNext()Z @ 8 c2
Event: 1.349 Thread 0x00000173e9cfe4f0 DEOPT PACKING pc=0x00000173d57bc228 sp=0x0000000f13bfaf70
Event: 1.349 Thread 0x00000173e9cfe4f0 DEOPT UNPACKING pc=0x00000173cdcd5c23 sp=0x0000000f13bfaf08 mode 2
Event: 1.349 Thread 0x00000173e9cfe4f0 Uncommon trap: trap_request=0xffffffc6 fr.pc=0x00000173d57bc964 relative=0x0000000000000144
Event: 1.349 Thread 0x00000173e9cfe4f0 Uncommon trap: reason=bimorphic_or_optimized_type_check action=maybe_recompile pc=0x00000173d57bc964 method=java.util.AbstractList$Itr.next()Ljava/lang/Object; @ 14 c2
Event: 1.349 Thread 0x00000173e9cfe4f0 DEOPT PACKING pc=0x00000173d57bc964 sp=0x0000000f13bfaf60
Event: 1.349 Thread 0x00000173e9cfe4f0 DEOPT UNPACKING pc=0x00000173cdcd5c23 sp=0x0000000f13bfaef8 mode 2
Event: 1.445 Thread 0x00000173e9cfe4f0 Uncommon trap: trap_request=0xffffffcc fr.pc=0x00000173d5853670 relative=0x0000000000000350
Event: 1.445 Thread 0x00000173e9cfe4f0 Uncommon trap: reason=intrinsic_or_type_checked_inlining action=make_not_entrant pc=0x00000173d5853670 method=java.util.Arrays.copyOf([Ljava/lang/Object;ILjava/lang/Class;)[Ljava/lang/Object; @ 35 c2
Event: 1.445 Thread 0x00000173e9cfe4f0 DEOPT PACKING pc=0x00000173d5853670 sp=0x0000000f13bfc0c0
Event: 1.445 Thread 0x00000173e9cfe4f0 DEOPT UNPACKING pc=0x00000173cdcd5c23 sp=0x0000000f13bfc050 mode 2

Classes loaded (20 events):
Event: 1.376 Loading class java/util/concurrent/locks/ReadWriteLock
Event: 1.376 Loading class java/util/concurrent/locks/ReadWriteLock done
Event: 1.377 Loading class java/nio/file/FileVisitor
Event: 1.377 Loading class java/nio/file/FileVisitor done
Event: 1.377 Loading class java/nio/file/FileVisitOption
Event: 1.377 Loading class java/nio/file/FileVisitOption done
Event: 1.380 Loading class java/util/stream/ReduceOps$1
Event: 1.380 Loading class java/util/stream/ReduceOps$1 done
Event: 1.380 Loading class java/util/stream/ReduceOps$1ReducingSink
Event: 1.380 Loading class java/util/stream/ReduceOps$1ReducingSink done
Event: 1.392 Loading class java/io/ObjectOutputStream
Event: 1.393 Loading class java/io/ObjectOutput
Event: 1.393 Loading class java/io/ObjectOutput done
Event: 1.393 Loading class java/io/ObjectStreamConstants
Event: 1.393 Loading class java/io/ObjectStreamConstants done
Event: 1.393 Loading class java/io/ObjectOutputStream done
Event: 1.393 Loading class java/io/ObjectInputStream
Event: 1.393 Loading class java/io/ObjectInput
Event: 1.394 Loading class java/io/ObjectInput done
Event: 1.394 Loading class java/io/ObjectInputStream done

Classes unloaded (0 events):
No events

Classes redefined (0 events):
No events

Internal exceptions (20 events):
Event: 1.221 Thread 0x00000173e9cfe4f0 Exception <a 'java/lang/NoSuchMethodError'{0x0000000086611fd8}: 'java.lang.Object java.lang.invoke.DirectMethodHandle$Holder.invokeStatic(java.lang.Object, java.lang.Object, java.lang.Object, java.lang.Object, java.lang.Object, java.lang.Object, java.lang.Object, java.lang.Object, java.lang.Object, java.lang.Object, java.lang.Object, java.lang.Object, java.lang.Object, java.lang.Object, java.lang.Object, java.lang.Object, java.lang.Object, java.lang.Object, java.lang.Object, java.lang.Object, java.lang.Obj
Event: 1.284 Thread 0x00000173e9cfe4f0 Exception <a 'java/lang/NoSuchMethodError'{0x00000000861d2248}: 'void java.lang.invoke.DirectMethodHandle$Holder.invokeInterface(java.lang.Object, java.lang.Object)'> (0x00000000861d2248) 
thrown [s\open\src\hotspot\share\interpreter\linkResolver.cpp, line 766]
Event: 1.284 Thread 0x00000173e9cfe4f0 Exception <a 'java/lang/IncompatibleClassChangeError'{0x00000000861d5c78}: Found class java.lang.Object, but interface was expected> (0x00000000861d5c78) 
thrown [s\open\src\hotspot\share\interpreter\linkResolver.cpp, line 833]
Event: 1.284 Thread 0x00000173e9cfe4f0 Exception <a 'java/lang/NoSuchMethodError'{0x00000000861d6bc0}: 'void java.lang.invoke.DirectMethodHandle$Holder.invokeSpecial(java.lang.Object, java.lang.Object, java.lang.Object)'> (0x00000000861d6bc0) 
thrown [s\open\src\hotspot\share\interpreter\linkResolver.cpp, line 766]
Event: 1.289 Thread 0x00000173e9cfe4f0 Exception <a 'java/lang/NoSuchMethodError'{0x0000000086050ba0}: 'void java.lang.invoke.DirectMethodHandle$Holder.invokeStaticInit(java.lang.Object)'> (0x0000000086050ba0) 
thrown [s\open\src\hotspot\share\interpreter\linkResolver.cpp, line 766]
Event: 1.296 Thread 0x00000173e9cfe4f0 Exception <a 'java/lang/NoSuchMethodError'{0x00000000860eb138}: 'java.lang.Object java.lang.invoke.DirectMethodHandle$Holder.newInvokeSpecial(java.lang.Object, java.lang.Object, java.lang.Object, int)'> (0x00000000860eb138) 
thrown [s\open\src\hotspot\share\interpreter\linkResolver.cpp, line 766]
Event: 1.296 Thread 0x00000173e9cfe4f0 Exception <a 'java/lang/NoSuchMethodError'{0x00000000860effc0}: 'java.lang.Object java.lang.invoke.DirectMethodHandle$Holder.invokeSpecial(java.lang.Object, java.lang.Object, java.lang.Object, java.lang.Object, int)'> (0x00000000860effc0) 
thrown [s\open\src\hotspot\share\interpreter\linkResolver.cpp, line 766]
Event: 1.296 Thread 0x00000173e9cfe4f0 Exception <a 'java/lang/NoSuchMethodError'{0x00000000860f4628}: 'java.lang.Object java.lang.invoke.Invokers$Holder.linkToTargetMethod(java.lang.Object, java.lang.Object, int, java.lang.Object)'> (0x00000000860f4628) 
thrown [s\open\src\hotspot\share\interpreter\linkResolver.cpp, line 766]
Event: 1.366 Thread 0x00000173e9cfe4f0 Exception <a 'java/lang/NoSuchMethodError'{0x000000008576b5c0}: 'java.lang.Object java.lang.invoke.DirectMethodHandle$Holder.invokeVirtual(java.lang.Object, java.lang.Object, java.lang.Object, java.lang.Object, java.lang.Object, java.lang.Object, java.lang.Object, java.lang.Object, java.lang.Object, java.lang.Object)'> (0x000000008576b5c0) 
thrown [s\open\src\hotspot\share\interpreter\linkResolver.cpp, line 766]
Event: 1.366 Thread 0x00000173e9cfe4f0 Exception <a 'java/lang/NoSuchMethodError'{0x0000000085770148}: 'java.lang.Object java.lang.invoke.DirectMethodHandle$Holder.invokeSpecial(java.lang.Object, java.lang.Object, java.lang.Object, java.lang.Object, java.lang.Object, java.lang.Object, java.lang.Object, java.lang.Object, java.lang.Object, java.lang.Object, java.lang.Object)'> (0x0000000085770148) 
thrown [s\open\src\hotspot\share\interpreter\linkResolver.cpp, line 766]
Event: 1.378 Thread 0x00000173e9cfe4f0 Exception <a 'java/lang/NoSuchMethodError'{0x00000000856547a8}: 'int java.lang.invoke.DirectMethodHandle$Holder.invokeSpecialIFC(java.lang.Object, java.lang.Object, java.lang.Object, java.lang.Object)'> (0x00000000856547a8) 
thrown [s\open\src\hotspot\share\interpreter\linkResolver.cpp, line 766]
Event: 1.379 Thread 0x00000173e9cfe4f0 Exception <a 'java/lang/NoSuchMethodError'{0x0000000085663bb8}: 'java.lang.Object java.lang.invoke.DirectMethodHandle$Holder.invokeInterface(java.lang.Object, java.lang.Object, java.lang.Object)'> (0x0000000085663bb8) 
thrown [s\open\src\hotspot\share\interpreter\linkResolver.cpp, line 766]
Event: 1.379 Thread 0x00000173e9cfe4f0 Exception <a 'java/lang/IncompatibleClassChangeError'{0x00000000856677c8}: Found class java.lang.Object, but interface was expected> (0x00000000856677c8) 
thrown [s\open\src\hotspot\share\interpreter\linkResolver.cpp, line 833]
Event: 1.381 Thread 0x00000173e9cfe4f0 Exception <a 'java/lang/NoSuchMethodError'{0x00000000856797d8}: 'java.lang.Object java.lang.invoke.DirectMethodHandle$Holder.newInvokeSpecial(java.lang.Object, java.lang.Object, java.lang.Object, java.lang.Object, java.lang.Object, java.lang.Object, java.lang.Object, java.lang.Object, java.lang.Object, java.lang.Object)'> (0x00000000856797d8) 
thrown [s\open\src\hotspot\share\interpreter\linkResolver.cpp, line 766]
Event: 1.432 Thread 0x00000173e9cfe4f0 Exception <a 'java/lang/NoSuchMethodError'{0x00000000853554f0}: 'int java.lang.invoke.DirectMethodHandle$Holder.invokeStatic(java.lang.Object, java.lang.Object, java.lang.Object, java.lang.Object)'> (0x00000000853554f0) 
thrown [s\open\src\hotspot\share\interpreter\linkResolver.cpp, line 766]
Event: 1.434 Thread 0x00000173e9cfe4f0 Exception <a 'java/lang/NoSuchMethodError'{0x000000008536e370}: 'java.lang.Object java.lang.invoke.DirectMethodHandle$Holder.newInvokeSpecial(java.lang.Object, java.lang.Object, java.lang.Object, java.lang.Object, java.lang.Object, java.lang.Object, java.lang.Object, java.lang.Object)'> (0x000000008536e370) 
thrown [s\open\src\hotspot\share\interpreter\linkResolver.cpp, line 766]
Event: 1.468 Thread 0x00000173e9cfe4f0 Exception <a 'java/lang/NoSuchMethodError'{0x00000000851d8080}: 'java.lang.Object java.lang.invoke.DirectMethodHandle$Holder.invokeVirtual(java.lang.Object, java.lang.Object, java.lang.Object, java.lang.Object, java.lang.Object, java.lang.Object, java.lang.Object, java.lang.Object, java.lang.Object, java.lang.Object, java.lang.Object, java.lang.Object, java.lang.Object, java.lang.Object, java.lang.Object, java.lang.Object, java.lang.Object, java.lang.Object, java.lang.Object, java.lang.Object)'> (0x0000000
Event: 1.469 Thread 0x00000173e9cfe4f0 Exception <a 'java/lang/NoSuchMethodError'{0x00000000851ddc98}: 'java.lang.Object java.lang.invoke.DirectMethodHandle$Holder.invokeSpecial(java.lang.Object, java.lang.Object, java.lang.Object, java.lang.Object, java.lang.Object, java.lang.Object, java.lang.Object, java.lang.Object, java.lang.Object, java.lang.Object, java.lang.Object, java.lang.Object, java.lang.Object, java.lang.Object, java.lang.Object, java.lang.Object, java.lang.Object, java.lang.Object, java.lang.Object, java.lang.Object, java.lang.Ob
Event: 1.469 Thread 0x00000173e9cfe4f0 Exception <a 'java/lang/NoSuchMethodError'{0x00000000851e3148}: 'java.lang.Object java.lang.invoke.DelegatingMethodHandle$Holder.reinvoke_L(java.lang.Object, java.lang.Object, java.lang.Object, java.lang.Object, java.lang.Object, java.lang.Object, java.lang.Object, java.lang.Object, java.lang.Object, java.lang.Object, java.lang.Object, java.lang.Object, java.lang.Object, java.lang.Object, java.lang.Object, java.lang.Object, java.lang.Object, java.lang.Object, java.lang.Object, java.lang.Object)'> (0x000000
Event: 1.474 Thread 0x00000173e9cfe4f0 Exception <a 'java/lang/NoSuchMethodError'{0x0000000085086120}: 'java.lang.Object java.lang.invoke.DirectMethodHandle$Holder.invokeInterface(java.lang.Object, java.lang.Object)'> (0x0000000085086120) 
thrown [s\open\src\hotspot\share\interpreter\linkResolver.cpp, line 766]

VM Operations (20 events):
Event: 0.762 Executing VM operation: HandshakeAllThreads
Event: 0.762 Executing VM operation: HandshakeAllThreads done
Event: 0.779 Executing VM operation: HandshakeAllThreads
Event: 0.779 Executing VM operation: HandshakeAllThreads done
Event: 0.838 Executing VM operation: HandshakeAllThreads
Event: 0.838 Executing VM operation: HandshakeAllThreads done
Event: 0.850 Executing VM operation: HandshakeAllThreads
Event: 0.850 Executing VM operation: HandshakeAllThreads done
Event: 0.870 Executing VM operation: HandshakeAllThreads
Event: 0.870 Executing VM operation: HandshakeAllThreads done
Event: 0.891 Executing VM operation: HandshakeAllThreads
Event: 0.891 Executing VM operation: HandshakeAllThreads done
Event: 0.990 Executing VM operation: HandshakeAllThreads
Event: 0.990 Executing VM operation: HandshakeAllThreads done
Event: 1.228 Executing VM operation: HandshakeAllThreads
Event: 1.228 Executing VM operation: HandshakeAllThreads done
Event: 1.228 Executing VM operation: HandshakeAllThreads
Event: 1.229 Executing VM operation: HandshakeAllThreads done
Event: 1.345 Executing VM operation: ICBufferFull
Event: 1.346 Executing VM operation: ICBufferFull done

Events (20 events):
Event: 0.157 Thread 0x00000173e4d73e60 Thread added: 0x00000173e4d73e60
Event: 0.166 Loaded shared library C:\Program Files\Java\jdk-18.0.1.1\bin\jimage.dll
Event: 0.206 Loaded shared library C:\Program Files\Java\jdk-18.0.1.1\bin\verify.dll
Event: 0.318 Loaded shared library C:\Program Files\Android\gradle-7.3.3\native\e1d6ef7f7dcc3fd88c89a11ec53ec762bb8ba0a96d01ffa2cd45eb1d1d8dd5c5\windows-amd64\native-platform.dll
Event: 0.322 Loaded shared library C:\Program Files\Android\gradle-7.3.3\native\5664cfc778a61ccfe75a443a1ab52a65af34e5dc3c78e0209fed803814484fcb\windows-amd64\native-platform-file-events.dll
Event: 0.767 Loaded shared library C:\Program Files\Java\jdk-18.0.1.1\bin\management.dll
Event: 0.769 Loaded shared library C:\Program Files\Java\jdk-18.0.1.1\bin\management_ext.dll
Event: 0.791 Thread 0x00000173eab8cae0 Thread added: 0x00000173eab8cae0
Event: 0.976 Thread 0x00000173ea2fac70 Thread added: 0x00000173ea2fac70
Event: 1.019 Thread 0x00000173e9d01040 Thread added: 0x00000173e9d01040
Event: 1.033 Thread 0x00000173ea568e40 Thread added: 0x00000173ea568e40
Event: 1.035 Thread 0x00000173ea4635f0 Thread added: 0x00000173ea4635f0
Event: 1.054 Thread 0x00000173e9cfe9c0 Thread added: 0x00000173e9cfe9c0
Event: 1.062 Thread 0x00000173e9cfe4f0 Thread added: 0x00000173e9cfe4f0
Event: 1.072 Thread 0x00000173e9cfee90 Thread added: 0x00000173e9cfee90
Event: 1.074 Thread 0x00000173e9cff360 Thread added: 0x00000173e9cff360
Event: 1.079 Thread 0x00000173e9cff830 Thread added: 0x00000173e9cff830
Event: 1.295 Thread 0x00000173e9cfe020 Thread added: 0x00000173e9cfe020
Event: 1.301 Thread 0x00000173eac04650 Thread added: 0x00000173eac04650
Event: 1.341 Thread 0x00000173eac04b20 Thread added: 0x00000173eac04b20


Dynamic libraries:
0x00007ff75f920000 - 0x00007ff75f930000 	C:\Program Files\Java\jdk-18.0.1.1\bin\java.exe
0x00007ffd3cbd0000 - 0x00007ffd3cdc8000 	C:\Windows\SYSTEM32\ntdll.dll
0x00007ffd3b910000 - 0x00007ffd3b9cd000 	C:\Windows\System32\KERNEL32.DLL
0x00007ffd3a690000 - 0x00007ffd3a95e000 	C:\Windows\System32\KERNELBASE.dll
0x00007ffd3a400000 - 0x00007ffd3a500000 	C:\Windows\System32\ucrtbase.dll
0x00007ffd224d0000 - 0x00007ffd224ea000 	C:\Program Files\Java\jdk-18.0.1.1\bin\VCRUNTIME140.dll
0x00007ffd224b0000 - 0x00007ffd224c8000 	C:\Program Files\Java\jdk-18.0.1.1\bin\jli.dll
0x00007ffd3c6f0000 - 0x00007ffd3c79e000 	C:\Windows\System32\ADVAPI32.dll
0x00007ffd3ba50000 - 0x00007ffd3baee000 	C:\Windows\System32\msvcrt.dll
0x00007ffd3ac60000 - 0x00007ffd3acfc000 	C:\Windows\System32\sechost.dll
0x00007ffd3ae80000 - 0x00007ffd3afa5000 	C:\Windows\System32\RPCRT4.dll
0x00007ffd3c870000 - 0x00007ffd3ca10000 	C:\Windows\System32\USER32.dll
0x00007ffd1ba40000 - 0x00007ffd1bcda000 	C:\Windows\WinSxS\amd64_microsoft.windows.common-controls_6595b64144ccf1df_6.0.19041.1110_none_60b5254171f9507e\COMCTL32.dll
0x00007ffd3ab50000 - 0x00007ffd3ab72000 	C:\Windows\System32\win32u.dll
0x00007ffd3b9f0000 - 0x00007ffd3ba1a000 	C:\Windows\System32\GDI32.dll
0x00007ffd3a2f0000 - 0x00007ffd3a3fb000 	C:\Windows\System32\gdi32full.dll
0x00007ffd3aa20000 - 0x00007ffd3aabd000 	C:\Windows\System32\msvcp_win.dll
0x00007ffd2e5e0000 - 0x00007ffd2e5ea000 	C:\Windows\SYSTEM32\VERSION.dll
0x00007ffd3ba20000 - 0x00007ffd3ba50000 	C:\Windows\System32\IMM32.DLL
0x00007ffd2efb0000 - 0x00007ffd2efbc000 	C:\Program Files\Java\jdk-18.0.1.1\bin\vcruntime140_1.dll
0x00007ffd17cb0000 - 0x00007ffd17d3d000 	C:\Program Files\Java\jdk-18.0.1.1\bin\msvcp140.dll
0x00007ffcd66f0000 - 0x00007ffcd7300000 	C:\Program Files\Java\jdk-18.0.1.1\bin\server\jvm.dll
0x00007ffd3b9d0000 - 0x00007ffd3b9d8000 	C:\Windows\System32\PSAPI.DLL
0x00007ffd23100000 - 0x00007ffd23127000 	C:\Windows\SYSTEM32\WINMM.dll
0x00007ffd1aed0000 - 0x00007ffd1aed9000 	C:\Windows\SYSTEM32\WSOCK32.dll
0x00007ffd3c800000 - 0x00007ffd3c86b000 	C:\Windows\System32\WS2_32.dll
0x00007ffd38b40000 - 0x00007ffd38b52000 	C:\Windows\SYSTEM32\kernel.appcore.dll
0x00007ffd23d60000 - 0x00007ffd23d6a000 	C:\Program Files\Java\jdk-18.0.1.1\bin\jimage.dll
0x00007ffd386a0000 - 0x00007ffd38884000 	C:\Windows\SYSTEM32\DBGHELP.DLL
0x00007ffd2ea70000 - 0x00007ffd2ea9c000 	C:\Windows\SYSTEM32\dbgcore.DLL
0x00007ffd3aac0000 - 0x00007ffd3ab42000 	C:\Windows\System32\bcryptPrimitives.dll
0x00007ffd22480000 - 0x00007ffd224a5000 	C:\Program Files\Java\jdk-18.0.1.1\bin\java.dll
0x00007ffd0d290000 - 0x00007ffd0d366000 	C:\Program Files\Java\jdk-18.0.1.1\bin\jsvml.dll
0x00007ffd3bf20000 - 0x00007ffd3c664000 	C:\Windows\System32\SHELL32.dll
0x00007ffd37e30000 - 0x00007ffd385c4000 	C:\Windows\SYSTEM32\windows.storage.dll
0x00007ffd3b5b0000 - 0x00007ffd3b904000 	C:\Windows\System32\combase.dll
0x00007ffd39d50000 - 0x00007ffd39d80000 	C:\Windows\SYSTEM32\Wldp.dll
0x00007ffd3afb0000 - 0x00007ffd3b05d000 	C:\Windows\System32\SHCORE.dll
0x00007ffd3cb30000 - 0x00007ffd3cb85000 	C:\Windows\System32\shlwapi.dll
0x00007ffd3a230000 - 0x00007ffd3a24f000 	C:\Windows\SYSTEM32\profapi.dll
0x00007ffd19b20000 - 0x00007ffd19b33000 	C:\Program Files\Java\jdk-18.0.1.1\bin\net.dll
0x00007ffd31c20000 - 0x00007ffd31d2a000 	C:\Windows\SYSTEM32\WINHTTP.dll
0x00007ffd39ab0000 - 0x00007ffd39b1a000 	C:\Windows\system32\mswsock.dll
0x00007ffd17c90000 - 0x00007ffd17ca6000 	C:\Program Files\Java\jdk-18.0.1.1\bin\nio.dll
0x00007ffd17c70000 - 0x00007ffd17c88000 	C:\Program Files\Java\jdk-18.0.1.1\bin\zip.dll
0x00007ffd23a80000 - 0x00007ffd23a90000 	C:\Program Files\Java\jdk-18.0.1.1\bin\verify.dll
0x00007ffd224f0000 - 0x00007ffd22517000 	C:\Program Files\Android\gradle-7.3.3\native\e1d6ef7f7dcc3fd88c89a11ec53ec762bb8ba0a96d01ffa2cd45eb1d1d8dd5c5\windows-amd64\native-platform.dll
0x00007ffd0adb0000 - 0x00007ffd0aef4000 	C:\Program Files\Android\gradle-7.3.3\native\5664cfc778a61ccfe75a443a1ab52a65af34e5dc3c78e0209fed803814484fcb\windows-amd64\native-platform-file-events.dll
0x00007ffd23050000 - 0x00007ffd23059000 	C:\Program Files\Java\jdk-18.0.1.1\bin\management.dll
0x00007ffd22d90000 - 0x00007ffd22d9b000 	C:\Program Files\Java\jdk-18.0.1.1\bin\management_ext.dll
0x00007ffd39ca0000 - 0x00007ffd39cb8000 	C:\Windows\SYSTEM32\CRYPTSP.dll
0x00007ffd39380000 - 0x00007ffd393b4000 	C:\Windows\system32\rsaenh.dll
0x00007ffd3a660000 - 0x00007ffd3a687000 	C:\Windows\System32\bcrypt.dll
0x00007ffd3a1b0000 - 0x00007ffd3a1de000 	C:\Windows\SYSTEM32\USERENV.dll
0x00007ffd39cc0000 - 0x00007ffd39ccc000 	C:\Windows\SYSTEM32\CRYPTBASE.dll
0x00007ffd39730000 - 0x00007ffd3976b000 	C:\Windows\SYSTEM32\IPHLPAPI.DLL
0x00007ffd3ac30000 - 0x00007ffd3ac38000 	C:\Windows\System32\NSI.dll
0x00007ffd2fcc0000 - 0x00007ffd2fcd7000 	C:\Windows\SYSTEM32\dhcpcsvc6.DLL
0x00007ffd30390000 - 0x00007ffd303ad000 	C:\Windows\SYSTEM32\dhcpcsvc.DLL
0x00007ffd397c0000 - 0x00007ffd3988b000 	C:\Windows\SYSTEM32\DNSAPI.dll

dbghelp: loaded successfully - version: 4.0.5 - missing functions: none
symbol engine: initialized successfully - sym options: 0x614 - pdb path: .;C:\Program Files\Java\jdk-18.0.1.1\bin;C:\Windows\SYSTEM32;C:\Windows\WinSxS\amd64_microsoft.windows.common-controls_6595b64144ccf1df_6.0.19041.1110_none_60b5254171f9507e;C:\Program Files\Java\jdk-18.0.1.1\bin\server;C:\Program Files\Android\gradle-7.3.3\native\e1d6ef7f7dcc3fd88c89a11ec53ec762bb8ba0a96d01ffa2cd45eb1d1d8dd5c5\windows-amd64;C:\Program Files\Android\gradle-7.3.3\native\5664cfc778a61ccfe75a443a1ab52a65af34e5dc3c78e0209fed803814484fcb\windows-amd64

VM Arguments:
jvm_args: --add-opens=java.base/java.util=ALL-UNNAMED --add-opens=java.base/java.lang=ALL-UNNAMED --add-opens=java.base/java.lang.invoke=ALL-UNNAMED --add-opens=java.base/java.util=ALL-UNNAMED --add-opens=java.prefs/java.util.prefs=ALL-UNNAMED --add-opens=java.prefs/java.util.prefs=ALL-UNNAMED --add-opens=java.base/java.nio.charset=ALL-UNNAMED --add-opens=java.base/java.net=ALL-UNNAMED --add-opens=java.base/java.util.concurrent.atomic=ALL-UNNAMED -Xmx2048m -Dfile.encoding=UTF-8 -Duser.country=IN -Duser.language=en -Duser.variant 
java_command: org.gradle.launcher.daemon.bootstrap.GradleDaemon 7.3.3
java_class_path (initial): C:\Program Files\Android\gradle-7.3.3\lib\gradle-launcher-7.3.3.jar
Launcher Type: SUN_STANDARD

[Global flags]
     intx CICompilerCount                          = 4                                         {product} {ergonomic}
     uint ConcGCThreads                            = 2                                         {product} {ergonomic}
     uint G1ConcRefinementThreads                  = 8                                         {product} {ergonomic}
   size_t G1HeapRegionSize                         = 1048576                                   {product} {ergonomic}
    uintx GCDrainStackTargetSize                   = 64                                        {product} {ergonomic}
   size_t InitialHeapSize                          = 132120576                                 {product} {ergonomic}
   size_t MarkStackSize                            = 4194304                                   {product} {ergonomic}
   size_t MaxHeapSize                              = 2147483648                                {product} {command line}
   size_t MaxNewSize                               = 1287651328                                {product} {ergonomic}
   size_t MinHeapDeltaBytes                        = 1048576                                   {product} {ergonomic}
   size_t MinHeapSize                              = 8388608                                   {product} {ergonomic}
    uintx NonNMethodCodeHeapSize                   = 5839372                                {pd product} {ergonomic}
    uintx NonProfiledCodeHeapSize                  = 122909434                              {pd product} {ergonomic}
    uintx ProfiledCodeHeapSize                     = 122909434                              {pd product} {ergonomic}
    uintx ReservedCodeCacheSize                    = 251658240                              {pd product} {ergonomic}
     bool SegmentedCodeCache                       = true                                      {product} {ergonomic}
   size_t SoftMaxHeapSize                          = 2147483648                             {manageable} {ergonomic}
     bool UseCompressedClassPointers               = true                           {product lp64_product} {ergonomic}
     bool UseCompressedOops                        = true                           {product lp64_product} {ergonomic}
     bool UseG1GC                                  = true                                      {product} {ergonomic}
     bool UseLargePagesIndividualAllocation        = false                                  {pd product} {ergonomic}

Logging:
Log output configuration:
 #0: stdout all=warning uptime,level,tags foldmultilines=false
 #1: stderr all=off uptime,level,tags foldmultilines=false

Environment Variables:
JAVA_HOME=C:\Program Files\Java\jdk-18.0.1.1
PATH=C:\Program Files\Common Files\Oracle\Java\javapath;C:\Windows\system32;C:\Windows;C:\Windows\System32\Wbem;C:\Windows\System32\WindowsPowerShell\v1.0\;C:\Windows\System32\OpenSSH\;C:\Program Files\Git\cmd;C:\Users\suraj\AppData\Local\Microsoft\WindowsApps
USERNAME=suraj
OS=Windows_NT
PROCESSOR_IDENTIFIER=Intel64 Family 6 Model 140 Stepping 1, GenuineIntel



---------------  S Y S T E M  ---------------

OS:
 Windows 10 , 64 bit Build 19041 (10.0.19041.1806)
OS uptime: 0 days 0:41 hours
Hyper-V role detected

CPU: total 8 (initial active 8) (4 cores per cpu, 2 threads per core) family 6 model 140 stepping 1 microcode 0x86, cx8, cmov, fxsr, ht, mmx, 3dnowpref, sse, sse2, sse3, ssse3, sse4.1, sse4.2, popcnt, lzcnt, tsc, tscinvbit, avx, avx2, aes, erms, clmul, bmi1, bmi2, adx, avx512f, avx512dq, avx512cd, avx512bw, avx512vl, sha, fma, vzeroupper, avx512_vpopcntdq, avx512_vpclmulqdq, avx512_vaes, avx512_vnni, clflush, clflushopt, clwb, avx512_vbmi2, avx512_vbmi, hv

Memory: 4k page, system-wide physical 7987M (495M free)
TotalPageFile size 7987M (AvailPageFile size 6M)
current process WorkingSet (physical memory assigned to process): 158M, peak: 158M
current process commit charge ("private bytes"): 272M, peak: 274M

vm_info: Java HotSpot(TM) 64-Bit Server VM (18.0.1.1+2-6) for windows-amd64 JRE (18.0.1.1+2-6), built on Apr 25 2022 21:53:15 by "mach5one" with MS VC++ 16.8 / 16.9 (VS2019)

END.
