#
# There is insufficient memory for the Java Runtime Environment to continue.
# Native memory allocation (malloc) failed to allocate 40496 bytes for Chunk::new
# Possible reasons:
#   The system is out of physical RAM or swap space
#   The process is running with CompressedOops enabled, and the Java Heap may be blocking the growth of the native heap
# Possible solutions:
#   Reduce memory load on the system
#   Increase physical memory or swap space
#   Check if swap backing store is full
#   Decrease Java heap size (-Xmx/-Xms)
#   Decrease number of Java threads
#   Decrease Java thread stack sizes (-Xss)
#   Set larger code cache with -XX:ReservedCodeCacheSize=
#   JVM is running with Unscaled Compressed Oops mode in which the Java heap is
#     placed in the first 4GB address space. The Java Heap base address is the
#     maximum limit for the native heap growth. Please use -XX:HeapBaseMinAddress
#     to set the Java Heap base and to place the Java Heap above 4GB virtual address.
# This output file may be truncated or incomplete.
#
#  Out of Memory Error (arena.cpp:184), pid=3324, tid=16336
#
# JRE version: Java(TM) SE Runtime Environment (18.0.1.1+2) (build 18.0.1.1+2-6)
# Java VM: Java HotSpot(TM) 64-Bit Server VM (18.0.1.1+2-6, mixed mode, sharing, tiered, compressed oops, compressed class ptrs, g1 gc, windows-amd64)
# No core dump will be written. Minidumps are not enabled by default on client versions of Windows
#

---------------  S U M M A R Y ------------

Command Line: --add-opens=java.base/java.util=ALL-UNNAMED --add-opens=java.base/java.lang=ALL-UNNAMED --add-opens=java.base/java.lang.invoke=ALL-UNNAMED --add-opens=java.base/java.util=ALL-UNNAMED --add-opens=java.prefs/java.util.prefs=ALL-UNNAMED --add-opens=java.prefs/java.util.prefs=ALL-UNNAMED --add-opens=java.base/java.nio.charset=ALL-UNNAMED --add-opens=java.base/java.net=ALL-UNNAMED --add-opens=java.base/java.util.concurrent.atomic=ALL-UNNAMED -Xmx2048m -Dfile.encoding=UTF-8 -Duser.country=IN -Duser.language=en -Duser.variant org.gradle.launcher.daemon.bootstrap.GradleDaemon 7.3.3

Host: 11th Gen Intel(R) Core(TM) i5-1135G7 @ 2.40GHz, 8 cores, 7G,  Windows 10 , 64 bit Build 19041 (10.0.19041.1741)
Time: Thu Jun 23 00:30:32 2022 India Standard Time elapsed time: 6.914252 seconds (0d 0h 0m 6s)

---------------  T H R E A D  ---------------

Current thread (0x000002287eac8520):  JavaThread "C2 CompilerThread0" daemon [_thread_in_native, id=16336, stack(0x000000b926700000,0x000000b926800000)]


Current CompileTask:
C2:   6914 8700       4       org.objectweb.asm.MethodWriter::visitLabel (328 bytes)

Stack: [0x000000b926700000,0x000000b926800000]
Native frames: (J=compiled Java code, j=interpreted, Vv=VM code, C=native code)
V  [jvm.dll+0x69887a]
V  [jvm.dll+0x7f38bd]
V  [jvm.dll+0x7f51ce]
V  [jvm.dll+0x7f5883]
V  [jvm.dll+0x25ca3f]
V  [jvm.dll+0xb8c2f]
V  [jvm.dll+0xb8fa5]
V  [jvm.dll+0x581719]
V  [jvm.dll+0x1d29bd]
V  [jvm.dll+0x22fd79]
V  [jvm.dll+0x22eff1]
V  [jvm.dll+0x1b9cfc]
V  [jvm.dll+0x23e8ca]
V  [jvm.dll+0x23cbb5]
V  [jvm.dll+0x7a5fb1]
V  [jvm.dll+0x7a03ea]
V  [jvm.dll+0x697725]
C  [ucrtbase.dll+0x21bb2]
C  [KERNEL32.DLL+0x17034]
C  [ntdll.dll+0x52651]


---------------  P R O C E S S  ---------------

Threads class SMR info:
_java_thread_list=0x000002281a495900, length=128, elements={
0x00000228738b1100, 0x000002287eaa2cb0, 0x000002287eaa3170, 0x000002287eac0ed0,
0x000002287eac1390, 0x000002287eac1850, 0x000002287eac3d20, 0x000002287eac8520,
0x000002287eac9a30, 0x000002287eacc080, 0x000002287ed09820, 0x000002287ed09f00,
0x000002287ed5cad0, 0x0000022819a91900, 0x000002281957aa90, 0x0000022819c97060,
0x0000022819c92d00, 0x0000022819c93590, 0x00000228197a19e0, 0x00000228197a2c40,
0x00000228197a3100, 0x00000228197a7270, 0x0000022819f49a40, 0x0000022819f4c0c0,
0x0000022819f4c590, 0x0000022819f4a3e0, 0x0000022819f4a8b0, 0x000002281afaa3b0,
0x0000022819f4ad80, 0x0000022819f4ca60, 0x0000022819f4b720, 0x0000022819f490a0,
0x0000022819f4b250, 0x0000022819f49570, 0x000002281a6dd670, 0x000002281a6e2d10,
0x000002281a6dc800, 0x000002281a6ddb40, 0x000002281a6de4e0, 0x000002281a6e19d0,
0x000002281a6df350, 0x000002281a6dccd0, 0x000002281a6e36b0, 0x000002281a6e1ea0,
0x000002281a6e01c0, 0x000002281a6e2840, 0x000002281a6dc330, 0x0000022819f4bbf0,
0x000002281ddcc9d0, 0x000002281ddcc030, 0x000002281ddce1e0, 0x000002281ddcf9f0,
0x000002281ddcfec0, 0x000002281ddd2540, 0x000002281ddccea0, 0x000002281ddd2ee0,
0x000002281ddcf520, 0x000002281ddd0860, 0x000002281ddce6b0, 0x000002281ddceb80,
0x000002281ddd0390, 0x000002281ddd3880, 0x000002281ddcd370, 0x000002281ddd0d30,
0x000002281ddd1200, 0x000002281ddd1ba0, 0x000002281ddd16d0, 0x000002281ddd2070,
0x000002281ddd2a10, 0x000002281ddcd840, 0x000002281ddd33b0, 0x000002281ddcc500,
0x000002281ddcdd10, 0x000002281e0f87b0, 0x000002281e0f9af0, 0x000002281e0fae30,
0x000002281e0f9150, 0x000002281e0fb7d0, 0x000002281e0f8c80, 0x000002281e0f9fc0,
0x000002281e0f9620, 0x000002281e0fa490, 0x000002281e0fb300, 0x000002281e0fa960,
0x000002281e0f7e10, 0x000002281e0f82e0, 0x000002281c567d30, 0x000002281c56cf00,
0x000002281c56d8a0, 0x000002281c56dd70, 0x000002281c569a10, 0x000002281c568200,
0x000002281c56c090, 0x000002281c569ee0, 0x000002281c56a3b0, 0x000002281c56e240,
0x000002281c56ad50, 0x000002281c56ca30, 0x000002281c568ba0, 0x000002281c5686d0,
0x000002281c56e710, 0x000002281c569070, 0x000002281c569540, 0x000002281c56b220,
0x000002281c567390, 0x000002281c56bbc0, 0x000002281c567860, 0x000002281c56a880,
0x000002281c56d3d0, 0x000002281c56c560, 0x000002281c56b6f0, 0x000002281c566ec0,
0x000002281c5eb8a0, 0x000002281c5ee8c0, 0x000002281c5f1410, 0x000002281c5f00d0,
0x000002281c5efc00, 0x000002281c5ee3f0, 0x000002281c5f05a0, 0x000002281c5f1db0,
0x000002281c5f2280, 0x000002281c5f2750, 0x000002281c5f2c20, 0x000002281c5ef730,
0x000002281c5f30f0, 0x000002281c5edf20, 0x000002281c5ef260, 0x000002281b890570
}

Java Threads: ( => current thread )
  0x00000228738b1100 JavaThread "main" [_thread_blocked, id=5832, stack(0x000000b925a00000,0x000000b925b00000)]
  0x000002287eaa2cb0 JavaThread "Reference Handler" daemon [_thread_blocked, id=8752, stack(0x000000b926100000,0x000000b926200000)]
  0x000002287eaa3170 JavaThread "Finalizer" daemon [_thread_blocked, id=14652, stack(0x000000b926200000,0x000000b926300000)]
  0x000002287eac0ed0 JavaThread "Signal Dispatcher" daemon [_thread_blocked, id=15312, stack(0x000000b926300000,0x000000b926400000)]
  0x000002287eac1390 JavaThread "Attach Listener" daemon [_thread_blocked, id=15220, stack(0x000000b926400000,0x000000b926500000)]
  0x000002287eac1850 JavaThread "Service Thread" daemon [_thread_blocked, id=3396, stack(0x000000b926500000,0x000000b926600000)]
  0x000002287eac3d20 JavaThread "Monitor Deflation Thread" daemon [_thread_blocked, id=3672, stack(0x000000b926600000,0x000000b926700000)]
=>0x000002287eac8520 JavaThread "C2 CompilerThread0" daemon [_thread_in_native, id=16336, stack(0x000000b926700000,0x000000b926800000)]
  0x000002287eac9a30 JavaThread "C1 CompilerThread0" daemon [_thread_blocked, id=4820, stack(0x000000b926800000,0x000000b926900000)]
  0x000002287eacc080 JavaThread "Sweeper thread" daemon [_thread_blocked, id=14576, stack(0x000000b926900000,0x000000b926a00000)]
  0x000002287ed09820 JavaThread "Common-Cleaner" daemon [_thread_blocked, id=13376, stack(0x000000b926a00000,0x000000b926b00000)]
  0x000002287ed09f00 JavaThread "Notification Thread" daemon [_thread_blocked, id=6440, stack(0x000000b926b00000,0x000000b926c00000)]
  0x000002287ed5cad0 JavaThread "C2 CompilerThread1" daemon [_thread_in_native, id=14268, stack(0x000000b926d00000,0x000000b926e00000)]
  0x0000022819a91900 JavaThread "Daemon health stats" [_thread_blocked, id=4396, stack(0x000000b927400000,0x000000b927500000)]
  0x000002281957aa90 JavaThread "Incoming local TCP Connector on port 62835" [_thread_in_native, id=7160, stack(0x000000b927500000,0x000000b927600000)]
  0x0000022819c97060 JavaThread "Daemon periodic checks" [_thread_blocked, id=16416, stack(0x000000b927600000,0x000000b927700000)]
  0x0000022819c92d00 JavaThread "Daemon" [_thread_blocked, id=11788, stack(0x000000b927700000,0x000000b927800000)]
  0x0000022819c93590 JavaThread "Handler for socket connection from /127.0.0.1:62835 to /127.0.0.1:62836" [_thread_in_native, id=15772, stack(0x000000b927800000,0x000000b927900000)]
  0x00000228197a19e0 JavaThread "Cancel handler" [_thread_blocked, id=9920, stack(0x000000b927900000,0x000000b927a00000)]
  0x00000228197a2c40 JavaThread "Daemon worker" [_thread_in_vm, id=11504, stack(0x000000b927a00000,0x000000b927b00000)]
  0x00000228197a3100 JavaThread "Asynchronous log dispatcher for DefaultDaemonConnection: socket connection from /127.0.0.1:62835 to /127.0.0.1:62836" [_thread_blocked, id=8184, stack(0x000000b927b00000,0x000000b927c00000)]
  0x00000228197a7270 JavaThread "Stdin handler" [_thread_blocked, id=11556, stack(0x000000b927c00000,0x000000b927d00000)]
  0x0000022819f49a40 JavaThread "Daemon client event forwarder" [_thread_blocked, id=9176, stack(0x000000b927d00000,0x000000b927e00000)]
  0x0000022819f4c0c0 JavaThread "Cache worker for journal cache (C:\Program Files\Android\gradle-7.3.3\caches\journal-1)" [_thread_blocked, id=16088, stack(0x000000b927e00000,0x000000b927f00000)]
  0x0000022819f4c590 JavaThread "File lock request listener" [_thread_in_native, id=8548, stack(0x000000b927f00000,0x000000b928000000)]
  0x0000022819f4a3e0 JavaThread "Cache worker for file hash cache (C:\Program Files\Android\gradle-7.3.3\caches\7.3.3\fileHashes)" [_thread_blocked, id=16712, stack(0x000000b928000000,0x000000b928100000)]
  0x0000022819f4a8b0 JavaThread "Cache worker for file hash cache (D:\EmailLogin\.gradle\7.3.3\fileHashes)" [_thread_blocked, id=15688, stack(0x000000b928100000,0x000000b928200000)]
  0x000002281afaa3b0 JavaThread "C2 CompilerThread2" daemon [_thread_in_native, id=6876, stack(0x000000b928200000,0x000000b928300000)]
  0x0000022819f4ad80 JavaThread "File watcher server" daemon [_thread_in_native, id=3028, stack(0x000000b928300000,0x000000b928400000)]
  0x0000022819f4ca60 JavaThread "File watcher consumer" daemon [_thread_blocked, id=1244, stack(0x000000b928400000,0x000000b928500000)]
  0x0000022819f4b720 JavaThread "jar transforms" [_thread_blocked, id=8792, stack(0x000000b928600000,0x000000b928700000)]
  0x0000022819f490a0 JavaThread "jar transforms Thread 2" [_thread_blocked, id=14232, stack(0x000000b928700000,0x000000b928800000)]
  0x0000022819f4b250 JavaThread "jar transforms Thread 3" [_thread_blocked, id=15900, stack(0x000000b928800000,0x000000b928900000)]
  0x0000022819f49570 JavaThread "jar transforms Thread 4" [_thread_blocked, id=512, stack(0x000000b928900000,0x000000b928a00000)]
  0x000002281a6dd670 JavaThread "jar transforms Thread 5" [_thread_blocked, id=4252, stack(0x000000b928a00000,0x000000b928b00000)]
  0x000002281a6e2d10 JavaThread "jar transforms Thread 6" [_thread_blocked, id=6460, stack(0x000000b928b00000,0x000000b928c00000)]
  0x000002281a6dc800 JavaThread "jar transforms Thread 7" [_thread_blocked, id=11056, stack(0x000000b928c00000,0x000000b928d00000)]
  0x000002281a6ddb40 JavaThread "jar transforms Thread 8" [_thread_blocked, id=8724, stack(0x000000b928d00000,0x000000b928e00000)]
  0x000002281a6de4e0 JavaThread "Cache worker for checksums cache (D:\EmailLogin\.gradle\7.3.3\checksums)" [_thread_blocked, id=6712, stack(0x000000b928f00000,0x000000b929000000)]
  0x000002281a6e19d0 JavaThread "Cache worker for cache directory md-supplier (C:\Program Files\Android\gradle-7.3.3\caches\7.3.3\md-supplier)" [_thread_blocked, id=6884, stack(0x000000b929000000,0x000000b929100000)]
  0x000002281a6df350 JavaThread "Cache worker for cache directory md-rule (C:\Program Files\Android\gradle-7.3.3\caches\7.3.3\md-rule)" [_thread_blocked, id=14180, stack(0x000000b929100000,0x000000b929200000)]
  0x000002281a6dccd0 JavaThread "Cache worker for execution history cache (C:\Program Files\Android\gradle-7.3.3\caches\7.3.3\executionHistory)" [_thread_blocked, id=17248, stack(0x000000b929200000,0x000000b929300000)]
  0x000002281a6e36b0 JavaThread "Cache worker for file content cache (C:\Program Files\Android\gradle-7.3.3\caches\7.3.3\fileContent)" [_thread_blocked, id=17944, stack(0x000000b929400000,0x000000b929500000)]
  0x000002281a6e1ea0 JavaThread "Cache worker for dependencies-accessors (D:\EmailLogin\.gradle\7.3.3\dependencies-accessors)" [_thread_blocked, id=10856, stack(0x000000b929500000,0x000000b929600000)]
  0x000002281a6e01c0 JavaThread "Cache worker for Build Output Cleanup Cache (D:\EmailLogin\.gradle\buildOutputCleanup)" [_thread_blocked, id=7904, stack(0x000000b929600000,0x000000b929700000)]
  0x000002281a6e2840 JavaThread "Unconstrained build operations" [_thread_blocked, id=8404, stack(0x000000b929700000,0x000000b929800000)]
  0x000002281a6dc330 JavaThread "Unconstrained build operations Thread 2" [_thread_blocked, id=8420, stack(0x000000b929800000,0x000000b929900000)]
  0x0000022819f4bbf0 JavaThread "Unconstrained build operations Thread 3" [_thread_blocked, id=8372, stack(0x000000b929900000,0x000000b929a00000)]
  0x000002281ddcc9d0 JavaThread "Unconstrained build operations Thread 4" [_thread_blocked, id=14212, stack(0x000000b929a00000,0x000000b929b00000)]
  0x000002281ddcc030 JavaThread "Unconstrained build operations Thread 5" [_thread_blocked, id=16988, stack(0x000000b929b00000,0x000000b929c00000)]
  0x000002281ddce1e0 JavaThread "Unconstrained build operations Thread 6" [_thread_blocked, id=17932, stack(0x000000b929c00000,0x000000b929d00000)]
  0x000002281ddcf9f0 JavaThread "Unconstrained build operations Thread 7" [_thread_blocked, id=16816, stack(0x000000b929d00000,0x000000b929e00000)]
  0x000002281ddcfec0 JavaThread "Unconstrained build operations Thread 8" [_thread_blocked, id=11388, stack(0x000000b929e00000,0x000000b929f00000)]
  0x000002281ddd2540 JavaThread "Unconstrained build operations Thread 9" [_thread_blocked, id=16188, stack(0x000000b929f00000,0x000000b92a000000)]
  0x000002281ddccea0 JavaThread "Unconstrained build operations Thread 10" [_thread_blocked, id=5972, stack(0x000000b92a000000,0x000000b92a100000)]
  0x000002281ddd2ee0 JavaThread "Unconstrained build operations Thread 11" [_thread_blocked, id=7584, stack(0x000000b92a100000,0x000000b92a200000)]
  0x000002281ddcf520 JavaThread "Unconstrained build operations Thread 12" [_thread_blocked, id=14908, stack(0x000000b92a200000,0x000000b92a300000)]
  0x000002281ddd0860 JavaThread "Unconstrained build operations Thread 13" [_thread_blocked, id=11420, stack(0x000000b92a300000,0x000000b92a400000)]
  0x000002281ddce6b0 JavaThread "Unconstrained build operations Thread 14" [_thread_blocked, id=10328, stack(0x000000b92a400000,0x000000b92a500000)]
  0x000002281ddceb80 JavaThread "Unconstrained build operations Thread 15" [_thread_blocked, id=5184, stack(0x000000b92a500000,0x000000b92a600000)]
  0x000002281ddd0390 JavaThread "Unconstrained build operations Thread 16" [_thread_blocked, id=16812, stack(0x000000b92a600000,0x000000b92a700000)]
  0x000002281ddd3880 JavaThread "Unconstrained build operations Thread 17" [_thread_blocked, id=16928, stack(0x000000b92a700000,0x000000b92a800000)]
  0x000002281ddcd370 JavaThread "Unconstrained build operations Thread 18" [_thread_blocked, id=3992, stack(0x000000b92a800000,0x000000b92a900000)]
  0x000002281ddd0d30 JavaThread "Unconstrained build operations Thread 19" [_thread_blocked, id=1104, stack(0x000000b92a900000,0x000000b92aa00000)]
  0x000002281ddd1200 JavaThread "Unconstrained build operations Thread 20" [_thread_blocked, id=4328, stack(0x000000b92aa00000,0x000000b92ab00000)]
  0x000002281ddd1ba0 JavaThread "Unconstrained build operations Thread 21" [_thread_blocked, id=4908, stack(0x000000b92ab00000,0x000000b92ac00000)]
  0x000002281ddd16d0 JavaThread "Unconstrained build operations Thread 22" [_thread_blocked, id=17912, stack(0x000000b92ac00000,0x000000b92ad00000)]
  0x000002281ddd2070 JavaThread "Unconstrained build operations Thread 23" [_thread_blocked, id=6204, stack(0x000000b92ad00000,0x000000b92ae00000)]
  0x000002281ddd2a10 JavaThread "Unconstrained build operations Thread 24" [_thread_blocked, id=4892, stack(0x000000b92ae00000,0x000000b92af00000)]
  0x000002281ddcd840 JavaThread "Unconstrained build operations Thread 25" [_thread_blocked, id=4104, stack(0x000000b92af00000,0x000000b92b000000)]
  0x000002281ddd33b0 JavaThread "Unconstrained build operations Thread 26" [_thread_blocked, id=7572, stack(0x000000b92b000000,0x000000b92b100000)]
  0x000002281ddcc500 JavaThread "Unconstrained build operations Thread 27" [_thread_blocked, id=16152, stack(0x000000b92b100000,0x000000b92b200000)]
  0x000002281ddcdd10 JavaThread "Unconstrained build operations Thread 28" [_thread_blocked, id=2532, stack(0x000000b92b200000,0x000000b92b300000)]
  0x000002281e0f87b0 JavaThread "Unconstrained build operations Thread 29" [_thread_blocked, id=16584, stack(0x000000b92b300000,0x000000b92b400000)]
  0x000002281e0f9af0 JavaThread "Unconstrained build operations Thread 30" [_thread_blocked, id=17704, stack(0x000000b92b400000,0x000000b92b500000)]
  0x000002281e0fae30 JavaThread "Unconstrained build operations Thread 31" [_thread_blocked, id=7888, stack(0x000000b92b500000,0x000000b92b600000)]
  0x000002281e0f9150 JavaThread "Unconstrained build operations Thread 32" [_thread_blocked, id=7592, stack(0x000000b92b600000,0x000000b92b700000)]
  0x000002281e0fb7d0 JavaThread "Unconstrained build operations Thread 33" [_thread_blocked, id=16160, stack(0x000000b92b700000,0x000000b92b800000)]
  0x000002281e0f8c80 JavaThread "Unconstrained build operations Thread 34" [_thread_blocked, id=12688, stack(0x000000b92b800000,0x000000b92b900000)]
  0x000002281e0f9fc0 JavaThread "Unconstrained build operations Thread 35" [_thread_blocked, id=18188, stack(0x000000b92b900000,0x000000b92ba00000)]
  0x000002281e0f9620 JavaThread "Unconstrained build operations Thread 36" [_thread_blocked, id=18232, stack(0x000000b92ba00000,0x000000b92bb00000)]
  0x000002281e0fa490 JavaThread "Unconstrained build operations Thread 37" [_thread_blocked, id=2404, stack(0x000000b92bb00000,0x000000b92bc00000)]
  0x000002281e0fb300 JavaThread "Unconstrained build operations Thread 38" [_thread_blocked, id=5408, stack(0x000000b92bc00000,0x000000b92bd00000)]
  0x000002281e0fa960 JavaThread "Unconstrained build operations Thread 39" [_thread_blocked, id=15240, stack(0x000000b92bd00000,0x000000b92be00000)]
  0x000002281e0f7e10 JavaThread "Unconstrained build operations Thread 40" [_thread_blocked, id=16996, stack(0x000000b92be00000,0x000000b92bf00000)]
  0x000002281e0f82e0 JavaThread "Unconstrained build operations Thread 41" [_thread_blocked, id=16292, stack(0x000000b92bf00000,0x000000b92c000000)]
  0x000002281c567d30 JavaThread "Unconstrained build operations Thread 42" [_thread_blocked, id=14344, stack(0x000000b92c000000,0x000000b92c100000)]
  0x000002281c56cf00 JavaThread "Unconstrained build operations Thread 43" [_thread_blocked, id=2184, stack(0x000000b92c100000,0x000000b92c200000)]
  0x000002281c56d8a0 JavaThread "Unconstrained build operations Thread 44" [_thread_blocked, id=9532, stack(0x000000b92c200000,0x000000b92c300000)]
  0x000002281c56dd70 JavaThread "Unconstrained build operations Thread 45" [_thread_blocked, id=1392, stack(0x000000b92c300000,0x000000b92c400000)]
  0x000002281c569a10 JavaThread "Unconstrained build operations Thread 46" [_thread_blocked, id=15048, stack(0x000000b92c400000,0x000000b92c500000)]
  0x000002281c568200 JavaThread "Unconstrained build operations Thread 47" [_thread_blocked, id=5984, stack(0x000000b92c500000,0x000000b92c600000)]
  0x000002281c56c090 JavaThread "Unconstrained build operations Thread 48" [_thread_blocked, id=4164, stack(0x000000b92c600000,0x000000b92c700000)]
  0x000002281c569ee0 JavaThread "Unconstrained build operations Thread 49" [_thread_blocked, id=17820, stack(0x000000b92c700000,0x000000b92c800000)]
  0x000002281c56a3b0 JavaThread "Unconstrained build operations Thread 50" [_thread_blocked, id=8452, stack(0x000000b92c800000,0x000000b92c900000)]
  0x000002281c56e240 JavaThread "Unconstrained build operations Thread 51" [_thread_blocked, id=14792, stack(0x000000b92c900000,0x000000b92ca00000)]
  0x000002281c56ad50 JavaThread "Unconstrained build operations Thread 52" [_thread_blocked, id=13560, stack(0x000000b92ca00000,0x000000b92cb00000)]
  0x000002281c56ca30 JavaThread "Unconstrained build operations Thread 53" [_thread_blocked, id=4004, stack(0x000000b92cb00000,0x000000b92cc00000)]
  0x000002281c568ba0 JavaThread "Unconstrained build operations Thread 54" [_thread_blocked, id=16380, stack(0x000000b92cc00000,0x000000b92cd00000)]
  0x000002281c5686d0 JavaThread "Unconstrained build operations Thread 55" [_thread_blocked, id=3208, stack(0x000000b92cd00000,0x000000b92ce00000)]
  0x000002281c56e710 JavaThread "Unconstrained build operations Thread 56" [_thread_blocked, id=8648, stack(0x000000b92ce00000,0x000000b92cf00000)]
  0x000002281c569070 JavaThread "Unconstrained build operations Thread 57" [_thread_blocked, id=7580, stack(0x000000b92cf00000,0x000000b92d000000)]
  0x000002281c569540 JavaThread "Unconstrained build operations Thread 58" [_thread_blocked, id=14876, stack(0x000000b92d000000,0x000000b92d100000)]
  0x000002281c56b220 JavaThread "Unconstrained build operations Thread 59" [_thread_blocked, id=12336, stack(0x000000b92d100000,0x000000b92d200000)]
  0x000002281c567390 JavaThread "Unconstrained build operations Thread 60" [_thread_blocked, id=13592, stack(0x000000b92d200000,0x000000b92d300000)]
  0x000002281c56bbc0 JavaThread "Unconstrained build operations Thread 61" [_thread_blocked, id=13392, stack(0x000000b92d300000,0x000000b92d400000)]
  0x000002281c567860 JavaThread "Unconstrained build operations Thread 62" [_thread_blocked, id=7768, stack(0x000000b92d400000,0x000000b92d500000)]
  0x000002281c56a880 JavaThread "Unconstrained build operations Thread 63" [_thread_blocked, id=8820, stack(0x000000b92d500000,0x000000b92d600000)]
  0x000002281c56d3d0 JavaThread "Unconstrained build operations Thread 64" [_thread_blocked, id=17384, stack(0x000000b92d600000,0x000000b92d700000)]
  0x000002281c56c560 JavaThread "Unconstrained build operations Thread 65" [_thread_blocked, id=4136, stack(0x000000b92d700000,0x000000b92d800000)]
  0x000002281c56b6f0 JavaThread "Unconstrained build operations Thread 66" [_thread_blocked, id=32, stack(0x000000b92d800000,0x000000b92d900000)]
  0x000002281c566ec0 JavaThread "Unconstrained build operations Thread 67" [_thread_blocked, id=5928, stack(0x000000b92d900000,0x000000b92da00000)]
  0x000002281c5eb8a0 JavaThread "Unconstrained build operations Thread 68" [_thread_blocked, id=4944, stack(0x000000b92da00000,0x000000b92db00000)]
  0x000002281c5ee8c0 JavaThread "Unconstrained build operations Thread 69" [_thread_blocked, id=6836, stack(0x000000b92db00000,0x000000b92dc00000)]
  0x000002281c5f1410 JavaThread "Unconstrained build operations Thread 70" [_thread_blocked, id=4808, stack(0x000000b92dc00000,0x000000b92dd00000)]
  0x000002281c5f00d0 JavaThread "Unconstrained build operations Thread 71" [_thread_blocked, id=15216, stack(0x000000b92dd00000,0x000000b92de00000)]
  0x000002281c5efc00 JavaThread "Unconstrained build operations Thread 72" [_thread_blocked, id=9108, stack(0x000000b92de00000,0x000000b92df00000)]
  0x000002281c5ee3f0 JavaThread "Unconstrained build operations Thread 73" [_thread_blocked, id=8768, stack(0x000000b92df00000,0x000000b92e000000)]
  0x000002281c5f05a0 JavaThread "Unconstrained build operations Thread 74" [_thread_blocked, id=8424, stack(0x000000b92e000000,0x000000b92e100000)]
  0x000002281c5f1db0 JavaThread "Unconstrained build operations Thread 75" [_thread_blocked, id=10732, stack(0x000000b92e100000,0x000000b92e200000)]
  0x000002281c5f2280 JavaThread "Unconstrained build operations Thread 76" [_thread_blocked, id=14960, stack(0x000000b92e200000,0x000000b92e300000)]
  0x000002281c5f2750 JavaThread "Unconstrained build operations Thread 77" [_thread_blocked, id=6908, stack(0x000000b92e300000,0x000000b92e400000)]
  0x000002281c5f2c20 JavaThread "Unconstrained build operations Thread 78" [_thread_blocked, id=6224, stack(0x000000b92e400000,0x000000b92e500000)]
  0x000002281c5ef730 JavaThread "Unconstrained build operations Thread 79" [_thread_blocked, id=13152, stack(0x000000b92e500000,0x000000b92e600000)]
  0x000002281c5f30f0 JavaThread "Unconstrained build operations Thread 80" [_thread_blocked, id=4232, stack(0x000000b92e600000,0x000000b92e700000)]
  0x000002281c5edf20 JavaThread "Memory manager" [_thread_blocked, id=18204, stack(0x000000b92e700000,0x000000b92e800000)]
  0x000002281c5ef260 JavaThread "pool-3-thread-1" [_thread_blocked, id=17548, stack(0x000000b92e800000,0x000000b92e900000)]
  0x000002281b890570 JavaThread "Cache worker for execution history cache (D:\EmailLogin\.gradle\7.3.3\executionHistory)" [_thread_blocked, id=14664, stack(0x000000b92f100000,0x000000b92f200000)]

Other Threads:
  0x000002287eaa0140 VMThread "VM Thread" [stack: 0x000000b926000000,0x000000b926100000] [id=11620]
  0x000002287ed0abd0 WatcherThread "VM Periodic Task Thread" [stack: 0x000000b926c00000,0x000000b926d00000] [id=6688]
  0x00000228739115a0 WorkerThread "GC Thread#0" [stack: 0x000000b925b00000,0x000000b925c00000] [id=14812]
  0x000002287ee6cb10 WorkerThread "GC Thread#1" [stack: 0x000000b926e00000,0x000000b926f00000] [id=15116]
  0x000002287f67b2c0 WorkerThread "GC Thread#2" [stack: 0x000000b926f00000,0x000000b927000000] [id=17588]
  0x00000228190a18d0 WorkerThread "GC Thread#3" [stack: 0x000000b927000000,0x000000b927100000] [id=14384]
  0x00000228190a1b70 WorkerThread "GC Thread#4" [stack: 0x000000b927100000,0x000000b927200000] [id=2080]
  0x0000022819554b70 WorkerThread "GC Thread#5" [stack: 0x000000b927200000,0x000000b927300000] [id=4948]
  0x0000022819c60380 WorkerThread "GC Thread#6" [stack: 0x000000b927300000,0x000000b927400000] [id=2960]
  0x00000228190a57b0 WorkerThread "GC Thread#7" [stack: 0x000000b928500000,0x000000b928600000] [id=6296]
  0x00000228739243f0 ConcurrentGCThread "G1 Main Marker" [stack: 0x000000b925c00000,0x000000b925d00000] [id=18136]
  0x0000022873924cf0 WorkerThread "G1 Conc#0" [stack: 0x000000b925d00000,0x000000b925e00000] [id=11352]
  0x000002281b071100 WorkerThread "G1 Conc#1" [stack: 0x000000b928e00000,0x000000b928f00000] [id=3784]
  0x0000022873976720 ConcurrentGCThread "G1 Refine#0" [stack: 0x000000b925e00000,0x000000b925f00000] [id=7932]
  0x0000022819a08340 ConcurrentGCThread "G1 Refine#1" [stack: 0x000000b929300000,0x000000b929400000] [id=10452]
  0x0000022819a06cc0 ConcurrentGCThread "G1 Refine#2" [stack: 0x000000b92e900000,0x000000b92ea00000] [id=16796]
  0x0000022873978b60 ConcurrentGCThread "G1 Service" [stack: 0x000000b925f00000,0x000000b926000000] [id=14632]

Threads with active compile tasks:
C2 CompilerThread0     6936 8700       4       org.objectweb.asm.MethodWriter::visitLabel (328 bytes)
C2 CompilerThread2     6936 8721       4       java.lang.reflect.Method::getGenericReturnType (20 bytes)

VM state: not at safepoint (normal execution)

VM Mutex/Monitor currently owned by a thread:  ([mutex/lock_event])
[0x00000228738abd90] CodeCache_lock - owner thread: 0x0000000000000000

Heap address: 0x0000000080000000, size: 2048 MB, Compressed Oops mode: 32-bit

CDS archive(s) mapped at: [0x0000000800000000-0x0000000800ba0000-0x0000000800ba0000), size 12189696, SharedBaseAddress: 0x0000000800000000, ArchiveRelocationMode: 0.
Compressed class space mapped at: 0x0000000800c00000-0x0000000840c00000, reserved size: 1073741824
Narrow klass base: 0x0000000800000000, Narrow klass shift: 0, Narrow klass range: 0x100000000

GC Precious Log:
 CardTable entry size: 512
 Card Set container configuration: InlinePtr #cards 5 size 8 Array Of Cards #cards 12 size 40 Howl #buckets 4 coarsen threshold 1843 Howl Bitmap #cards 512 size 80 coarsen threshold 460 Card regions per heap region 1 cards per card region 2048
 CPUs: 8 total, 8 available
 Memory: 7987M
 Large Page Support: Disabled
 NUMA Support: Disabled
 Compressed Oops: Enabled (32-bit)
 Heap Region Size: 1M
 Heap Min Capacity: 8M
 Heap Initial Capacity: 126M
 Heap Max Capacity: 2G
 Pre-touch: Disabled
 Parallel Workers: 8
 Concurrent Workers: 2
 Concurrent Refinement Workers: 8
 Periodic GC: Disabled

Heap:
 garbage-first heap   total 222208K, used 116290K [0x0000000080000000, 0x0000000100000000)
  region size 1024K, 9 young (9216K), 2 survivors (2048K)
 Metaspace       used 73472K, committed 75328K, reserved 1114112K
  class space    used 9861K, committed 10816K, reserved 1048576K

Heap Regions: E=young(eden), S=young(survivor), O=old, HS=humongous(starts), HC=humongous(continues), CS=collection set, F=free, OA=open archive, CA=closed archive, TAMS=top-at-mark-start (previous, next)
|   0|0x0000000080000000, 0x0000000080100000, 0x0000000080100000|100%|HS|  |TAMS 0x0000000080100000, 0x0000000080000000| Complete 
|   1|0x0000000080100000, 0x0000000080200000, 0x0000000080200000|100%| O|  |TAMS 0x0000000080200000, 0x0000000080100000| Untracked 
|   2|0x0000000080200000, 0x0000000080300000, 0x0000000080300000|100%| O|  |TAMS 0x0000000080300000, 0x0000000080200000| Untracked 
|   3|0x0000000080300000, 0x0000000080400000, 0x0000000080400000|100%|HS|  |TAMS 0x0000000080400000, 0x0000000080300000| Complete 
|   4|0x0000000080400000, 0x0000000080500000, 0x0000000080500000|100%|HC|  |TAMS 0x0000000080500000, 0x0000000080400000| Complete 
|   5|0x0000000080500000, 0x0000000080600000, 0x0000000080600000|100%|HC|  |TAMS 0x0000000080600000, 0x0000000080500000| Complete 
|   6|0x0000000080600000, 0x0000000080700000, 0x0000000080700000|100%| O|  |TAMS 0x0000000080700000, 0x0000000080600000| Untracked 
|   7|0x0000000080700000, 0x0000000080800000, 0x0000000080800000|100%|HS|  |TAMS 0x0000000080800000, 0x0000000080700000| Complete 
|   8|0x0000000080800000, 0x0000000080900000, 0x0000000080900000|100%| O|  |TAMS 0x0000000080900000, 0x0000000080800000| Untracked 
|   9|0x0000000080900000, 0x0000000080a00000, 0x0000000080a00000|100%| O|  |TAMS 0x0000000080a00000, 0x0000000080900000| Untracked 
|  10|0x0000000080a00000, 0x0000000080b00000, 0x0000000080b00000|100%| O|  |TAMS 0x0000000080b00000, 0x0000000080a00000| Untracked 
|  11|0x0000000080b00000, 0x0000000080c00000, 0x0000000080c00000|100%| O|  |TAMS 0x0000000080c00000, 0x0000000080b00000| Untracked 
|  12|0x0000000080c00000, 0x0000000080d00000, 0x0000000080d00000|100%|HS|  |TAMS 0x0000000080d00000, 0x0000000080c00000| Complete 
|  13|0x0000000080d00000, 0x0000000080e00000, 0x0000000080e00000|100%|HC|  |TAMS 0x0000000080e00000, 0x0000000080d00000| Complete 
|  14|0x0000000080e00000, 0x0000000080f00000, 0x0000000080f00000|100%|HS|  |TAMS 0x0000000080f00000, 0x0000000080e00000| Complete 
|  15|0x0000000080f00000, 0x0000000081000000, 0x0000000081000000|100%|HC|  |TAMS 0x0000000081000000, 0x0000000080f00000| Complete 
|  16|0x0000000081000000, 0x0000000081100000, 0x0000000081100000|100%|HC|  |TAMS 0x0000000081100000, 0x0000000081000000| Complete 
|  17|0x0000000081100000, 0x0000000081200000, 0x0000000081200000|100%|HS|  |TAMS 0x0000000081200000, 0x0000000081100000| Complete 
|  18|0x0000000081200000, 0x0000000081300000, 0x0000000081300000|100%|HC|  |TAMS 0x0000000081300000, 0x0000000081200000| Complete 
|  19|0x0000000081300000, 0x0000000081400000, 0x0000000081400000|100%|HC|  |TAMS 0x0000000081400000, 0x0000000081300000| Complete 
|  20|0x0000000081400000, 0x0000000081500000, 0x0000000081500000|100%|HC|  |TAMS 0x0000000081500000, 0x0000000081400000| Complete 
|  21|0x0000000081500000, 0x0000000081600000, 0x0000000081600000|100%| O|  |TAMS 0x0000000081600000, 0x0000000081500000| Untracked 
|  22|0x0000000081600000, 0x0000000081700000, 0x0000000081700000|100%| O|  |TAMS 0x0000000081700000, 0x0000000081600000| Untracked 
|  23|0x0000000081700000, 0x0000000081800000, 0x0000000081800000|100%| O|  |TAMS 0x0000000081800000, 0x0000000081700000| Untracked 
|  24|0x0000000081800000, 0x0000000081900000, 0x0000000081900000|100%| O|  |TAMS 0x0000000081900000, 0x0000000081800000| Untracked 
|  25|0x0000000081900000, 0x0000000081a00000, 0x0000000081a00000|100%| O|  |TAMS 0x0000000081a00000, 0x0000000081900000| Untracked 
|  26|0x0000000081a00000, 0x0000000081b00000, 0x0000000081b00000|100%| O|  |TAMS 0x0000000081b00000, 0x0000000081a00000| Untracked 
|  27|0x0000000081b00000, 0x0000000081c00000, 0x0000000081c00000|100%| O|  |TAMS 0x0000000081c00000, 0x0000000081b00000| Untracked 
|  28|0x0000000081c00000, 0x0000000081d00000, 0x0000000081d00000|100%| O|  |TAMS 0x0000000081d00000, 0x0000000081c00000| Untracked 
|  29|0x0000000081d00000, 0x0000000081deea00, 0x0000000081e00000| 93%| O|  |TAMS 0x0000000081deea00, 0x0000000081d00000| Untracked 
|  30|0x0000000081e00000, 0x0000000081f00000, 0x0000000081f00000|100%|HS|  |TAMS 0x0000000081e00000, 0x0000000081e00000| Complete 
|  31|0x0000000081f00000, 0x0000000082000000, 0x0000000082000000|100%| O|  |TAMS 0x0000000082000000, 0x0000000081f00000| Untracked 
|  32|0x0000000082000000, 0x0000000082100000, 0x0000000082100000|100%| O|  |TAMS 0x0000000082100000, 0x0000000082000000| Untracked 
|  33|0x0000000082100000, 0x0000000082200000, 0x0000000082200000|100%| O|  |TAMS 0x0000000082200000, 0x0000000082100000| Untracked 
|  34|0x0000000082200000, 0x0000000082300000, 0x0000000082300000|100%| O|  |TAMS 0x0000000082300000, 0x0000000082200000| Untracked 
|  35|0x0000000082300000, 0x0000000082400000, 0x0000000082400000|100%| O|  |TAMS 0x0000000082400000, 0x0000000082300000| Untracked 
|  36|0x0000000082400000, 0x0000000082500000, 0x0000000082500000|100%| O|  |TAMS 0x0000000082500000, 0x0000000082400000| Untracked 
|  37|0x0000000082500000, 0x0000000082600000, 0x0000000082600000|100%| O|  |TAMS 0x0000000082600000, 0x0000000082500000| Untracked 
|  38|0x0000000082600000, 0x0000000082700000, 0x0000000082700000|100%| O|  |TAMS 0x0000000082700000, 0x0000000082600000| Untracked 
|  39|0x0000000082700000, 0x0000000082800000, 0x0000000082800000|100%| O|  |TAMS 0x0000000082800000, 0x0000000082700000| Untracked 
|  40|0x0000000082800000, 0x0000000082900000, 0x0000000082900000|100%|HS|  |TAMS 0x0000000082900000, 0x0000000082800000| Complete 
|  41|0x0000000082900000, 0x0000000082a00000, 0x0000000082a00000|100%|HC|  |TAMS 0x0000000082a00000, 0x0000000082900000| Complete 
|  42|0x0000000082a00000, 0x0000000082b00000, 0x0000000082b00000|100%|HC|  |TAMS 0x0000000082b00000, 0x0000000082a00000| Complete 
|  43|0x0000000082b00000, 0x0000000082c00000, 0x0000000082c00000|100%| O|  |TAMS 0x0000000082c00000, 0x0000000082b00000| Untracked 
|  44|0x0000000082c00000, 0x0000000082d00000, 0x0000000082d00000|100%| O|  |TAMS 0x0000000082d00000, 0x0000000082c00000| Untracked 
|  45|0x0000000082d00000, 0x0000000082e00000, 0x0000000082e00000|100%| O|  |TAMS 0x0000000082e00000, 0x0000000082d00000| Untracked 
|  46|0x0000000082e00000, 0x0000000082f00000, 0x0000000082f00000|100%| O|  |TAMS 0x0000000082f00000, 0x0000000082e00000| Untracked 
|  47|0x0000000082f00000, 0x0000000083000000, 0x0000000083000000|100%| O|  |TAMS 0x0000000083000000, 0x0000000082f00000| Untracked 
|  48|0x0000000083000000, 0x0000000083100000, 0x0000000083100000|100%|HS|  |TAMS 0x0000000083100000, 0x0000000083000000| Complete 
|  49|0x0000000083100000, 0x0000000083200000, 0x0000000083200000|100%|HC|  |TAMS 0x0000000083200000, 0x0000000083100000| Complete 
|  50|0x0000000083200000, 0x0000000083300000, 0x0000000083300000|100%|HC|  |TAMS 0x0000000083300000, 0x0000000083200000| Complete 
|  51|0x0000000083300000, 0x0000000083400000, 0x0000000083400000|100%|HC|  |TAMS 0x0000000083400000, 0x0000000083300000| Complete 
|  52|0x0000000083400000, 0x0000000083500000, 0x0000000083500000|100%| O|  |TAMS 0x0000000083500000, 0x0000000083400000| Untracked 
|  53|0x0000000083500000, 0x0000000083600000, 0x0000000083600000|100%| O|  |TAMS 0x0000000083600000, 0x0000000083500000| Untracked 
|  54|0x0000000083600000, 0x0000000083700000, 0x0000000083700000|100%| O|  |TAMS 0x0000000083700000, 0x0000000083600000| Untracked 
|  55|0x0000000083700000, 0x0000000083800000, 0x0000000083800000|100%| O|  |TAMS 0x0000000083800000, 0x0000000083700000| Untracked 
|  56|0x0000000083800000, 0x0000000083900000, 0x0000000083900000|100%| O|  |TAMS 0x0000000083900000, 0x0000000083800000| Untracked 
|  57|0x0000000083900000, 0x0000000083a00000, 0x0000000083a00000|100%| O|  |TAMS 0x0000000083a00000, 0x0000000083900000| Untracked 
|  58|0x0000000083a00000, 0x0000000083b00000, 0x0000000083b00000|100%| O|  |TAMS 0x0000000083b00000, 0x0000000083a00000| Untracked 
|  59|0x0000000083b00000, 0x0000000083c00000, 0x0000000083c00000|100%| O|  |TAMS 0x0000000083c00000, 0x0000000083b00000| Complete 
|  60|0x0000000083c00000, 0x0000000083d00000, 0x0000000083d00000|100%|HS|  |TAMS 0x0000000083d00000, 0x0000000083c00000| Complete 
|  61|0x0000000083d00000, 0x0000000083e00000, 0x0000000083e00000|100%|HS|  |TAMS 0x0000000083e00000, 0x0000000083d00000| Complete 
|  62|0x0000000083e00000, 0x0000000083f00000, 0x0000000083f00000|100%| O|  |TAMS 0x0000000083f00000, 0x0000000083e00000| Untracked 
|  63|0x0000000083f00000, 0x0000000084000000, 0x0000000084000000|100%|HS|  |TAMS 0x0000000084000000, 0x0000000083f00000| Complete 
|  64|0x0000000084000000, 0x0000000084100000, 0x0000000084100000|100%|HC|  |TAMS 0x0000000084100000, 0x0000000084000000| Complete 
|  65|0x0000000084100000, 0x0000000084200000, 0x0000000084200000|100%| O|  |TAMS 0x0000000084200000, 0x0000000084100000| Untracked 
|  66|0x0000000084200000, 0x0000000084300000, 0x0000000084300000|100%| O|  |TAMS 0x0000000084300000, 0x0000000084200000| Untracked 
|  67|0x0000000084300000, 0x0000000084400000, 0x0000000084400000|100%| O|  |TAMS 0x0000000084400000, 0x0000000084300000| Untracked 
|  68|0x0000000084400000, 0x0000000084500000, 0x0000000084500000|100%| O|  |TAMS 0x0000000084500000, 0x0000000084400000| Untracked 
|  69|0x0000000084500000, 0x0000000084600000, 0x0000000084600000|100%| O|  |TAMS 0x0000000084600000, 0x0000000084500000| Untracked 
|  70|0x0000000084600000, 0x0000000084700000, 0x0000000084700000|100%| O|  |TAMS 0x0000000084700000, 0x0000000084600000| Untracked 
|  71|0x0000000084700000, 0x0000000084800000, 0x0000000084800000|100%| O|  |TAMS 0x0000000084800000, 0x0000000084700000| Untracked 
|  72|0x0000000084800000, 0x0000000084900000, 0x0000000084900000|100%| O|  |TAMS 0x0000000084900000, 0x0000000084800000| Untracked 
|  73|0x0000000084900000, 0x0000000084a00000, 0x0000000084a00000|100%| O|  |TAMS 0x0000000084a00000, 0x0000000084900000| Untracked 
|  74|0x0000000084a00000, 0x0000000084b00000, 0x0000000084b00000|100%| O|  |TAMS 0x0000000084b00000, 0x0000000084a00000| Untracked 
|  75|0x0000000084b00000, 0x0000000084c00000, 0x0000000084c00000|100%| O|  |TAMS 0x0000000084c00000, 0x0000000084b00000| Untracked 
|  76|0x0000000084c00000, 0x0000000084d00000, 0x0000000084d00000|100%| O|  |TAMS 0x0000000084d00000, 0x0000000084c00000| Untracked 
|  77|0x0000000084d00000, 0x0000000084e00000, 0x0000000084e00000|100%| O|  |TAMS 0x0000000084e00000, 0x0000000084d00000| Untracked 
|  78|0x0000000084e00000, 0x0000000084f00000, 0x0000000084f00000|100%| O|  |TAMS 0x0000000084f00000, 0x0000000084e00000| Untracked 
|  79|0x0000000084f00000, 0x0000000085000000, 0x0000000085000000|100%| O|  |TAMS 0x0000000085000000, 0x0000000084f00000| Untracked 
|  80|0x0000000085000000, 0x0000000085100000, 0x0000000085100000|100%| O|  |TAMS 0x0000000085100000, 0x0000000085000000| Untracked 
|  81|0x0000000085100000, 0x0000000085200000, 0x0000000085200000|100%| O|  |TAMS 0x0000000085200000, 0x0000000085100000| Untracked 
|  82|0x0000000085200000, 0x0000000085300000, 0x0000000085300000|100%| O|  |TAMS 0x0000000085300000, 0x0000000085200000| Untracked 
|  83|0x0000000085300000, 0x0000000085400000, 0x0000000085400000|100%| O|  |TAMS 0x0000000085400000, 0x0000000085300000| Untracked 
|  84|0x0000000085400000, 0x0000000085500000, 0x0000000085500000|100%| O|  |TAMS 0x0000000085500000, 0x0000000085400000| Untracked 
|  85|0x0000000085500000, 0x0000000085600000, 0x0000000085600000|100%| O|  |TAMS 0x0000000085600000, 0x0000000085500000| Untracked 
|  86|0x0000000085600000, 0x0000000085700000, 0x0000000085700000|100%|HS|  |TAMS 0x0000000085700000, 0x0000000085600000| Complete 
|  87|0x0000000085700000, 0x0000000085800000, 0x0000000085800000|100%|HC|  |TAMS 0x0000000085800000, 0x0000000085700000| Complete 
|  88|0x0000000085800000, 0x0000000085900000, 0x0000000085900000|100%|HS|  |TAMS 0x0000000085900000, 0x0000000085800000| Complete 
|  89|0x0000000085900000, 0x0000000085a00000, 0x0000000085a00000|100%|HC|  |TAMS 0x0000000085a00000, 0x0000000085900000| Complete 
|  90|0x0000000085a00000, 0x0000000085b00000, 0x0000000085b00000|100%|HC|  |TAMS 0x0000000085b00000, 0x0000000085a00000| Complete 
|  91|0x0000000085b00000, 0x0000000085c00000, 0x0000000085c00000|100%|HS|  |TAMS 0x0000000085c00000, 0x0000000085b00000| Complete 
|  92|0x0000000085c00000, 0x0000000085d00000, 0x0000000085d00000|100%|HS|  |TAMS 0x0000000085d00000, 0x0000000085c00000| Complete 
|  93|0x0000000085d00000, 0x0000000085e00000, 0x0000000085e00000|100%|HC|  |TAMS 0x0000000085e00000, 0x0000000085d00000| Complete 
|  94|0x0000000085e00000, 0x0000000085f00000, 0x0000000085f00000|100%|HC|  |TAMS 0x0000000085f00000, 0x0000000085e00000| Complete 
|  95|0x0000000085f00000, 0x0000000086000000, 0x0000000086000000|100%|HC|  |TAMS 0x0000000086000000, 0x0000000085f00000| Complete 
|  96|0x0000000086000000, 0x0000000086100000, 0x0000000086100000|100%| O|  |TAMS 0x0000000086100000, 0x0000000086000000| Untracked 
|  97|0x0000000086100000, 0x0000000086200000, 0x0000000086200000|100%| O|  |TAMS 0x0000000086200000, 0x0000000086100000| Untracked 
|  98|0x0000000086200000, 0x0000000086300000, 0x0000000086300000|100%| O|  |TAMS 0x0000000086300000, 0x0000000086200000| Untracked 
|  99|0x0000000086300000, 0x0000000086400000, 0x0000000086400000|100%| O|  |TAMS 0x0000000086400000, 0x0000000086300000| Untracked 
| 100|0x0000000086400000, 0x0000000086500000, 0x0000000086500000|100%| O|  |TAMS 0x0000000086500000, 0x0000000086400000| Untracked 
| 101|0x0000000086500000, 0x0000000086600000, 0x0000000086600000|100%| O|  |TAMS 0x0000000086600000, 0x0000000086500000| Untracked 
| 102|0x0000000086600000, 0x0000000086700000, 0x0000000086700000|100%| O|  |TAMS 0x0000000086700000, 0x0000000086600000| Untracked 
| 103|0x0000000086700000, 0x0000000086800000, 0x0000000086800000|100%| O|  |TAMS 0x0000000086800000, 0x0000000086700000| Untracked 
| 104|0x0000000086800000, 0x0000000086900000, 0x0000000086900000|100%| O|  |TAMS 0x0000000086900000, 0x0000000086800000| Untracked 
| 105|0x0000000086900000, 0x0000000086a00000, 0x0000000086a00000|100%| O|  |TAMS 0x0000000086a00000, 0x0000000086900000| Untracked 
| 106|0x0000000086a00000, 0x0000000086a89e00, 0x0000000086b00000| 53%| O|  |TAMS 0x0000000086a89e00, 0x0000000086a00000| Untracked 
| 107|0x0000000086b00000, 0x0000000086b00000, 0x0000000086c00000|  0%| F|  |TAMS 0x0000000086b00000, 0x0000000086b00000| Untracked 
| 108|0x0000000086c00000, 0x0000000086c00000, 0x0000000086d00000|  0%| F|  |TAMS 0x0000000086c00000, 0x0000000086c00000| Untracked 
| 109|0x0000000086d00000, 0x0000000086d00000, 0x0000000086e00000|  0%| F|  |TAMS 0x0000000086d00000, 0x0000000086d00000| Untracked 
| 110|0x0000000086e00000, 0x0000000086e00000, 0x0000000086f00000|  0%| F|  |TAMS 0x0000000086e00000, 0x0000000086e00000| Untracked 
| 111|0x0000000086f00000, 0x0000000086f00000, 0x0000000087000000|  0%| F|  |TAMS 0x0000000086f00000, 0x0000000086f00000| Untracked 
| 112|0x0000000087000000, 0x0000000087000000, 0x0000000087100000|  0%| F|  |TAMS 0x0000000087000000, 0x0000000087000000| Untracked 
| 113|0x0000000087100000, 0x0000000087100000, 0x0000000087200000|  0%| F|  |TAMS 0x0000000087100000, 0x0000000087100000| Untracked 
| 114|0x0000000087200000, 0x0000000087200000, 0x0000000087300000|  0%| F|  |TAMS 0x0000000087200000, 0x0000000087200000| Untracked 
| 115|0x0000000087300000, 0x0000000087300000, 0x0000000087400000|  0%| F|  |TAMS 0x0000000087300000, 0x0000000087300000| Untracked 
| 116|0x0000000087400000, 0x0000000087400000, 0x0000000087500000|  0%| F|  |TAMS 0x0000000087400000, 0x0000000087400000| Untracked 
| 117|0x0000000087500000, 0x0000000087500000, 0x0000000087600000|  0%| F|  |TAMS 0x0000000087500000, 0x0000000087500000| Untracked 
| 118|0x0000000087600000, 0x0000000087600000, 0x0000000087700000|  0%| F|  |TAMS 0x0000000087600000, 0x0000000087600000| Untracked 
| 119|0x0000000087700000, 0x0000000087700000, 0x0000000087800000|  0%| F|  |TAMS 0x0000000087700000, 0x0000000087700000| Untracked 
| 120|0x0000000087800000, 0x0000000087800000, 0x0000000087900000|  0%| F|  |TAMS 0x0000000087800000, 0x0000000087800000| Untracked 
| 121|0x0000000087900000, 0x0000000087900000, 0x0000000087a00000|  0%| F|  |TAMS 0x0000000087900000, 0x0000000087900000| Untracked 
| 122|0x0000000087a00000, 0x0000000087a00000, 0x0000000087b00000|  0%| F|  |TAMS 0x0000000087a00000, 0x0000000087a00000| Untracked 
| 123|0x0000000087b00000, 0x0000000087b00000, 0x0000000087c00000|  0%| F|  |TAMS 0x0000000087b00000, 0x0000000087b00000| Untracked 
| 124|0x0000000087c00000, 0x0000000087c00000, 0x0000000087d00000|  0%| F|  |TAMS 0x0000000087c00000, 0x0000000087c00000| Untracked 
| 125|0x0000000087d00000, 0x0000000087d00000, 0x0000000087e00000|  0%| F|  |TAMS 0x0000000087d00000, 0x0000000087d00000| Untracked 
| 126|0x0000000087e00000, 0x0000000087e00000, 0x0000000087f00000|  0%| F|  |TAMS 0x0000000087e00000, 0x0000000087e00000| Untracked 
| 127|0x0000000087f00000, 0x0000000087f00000, 0x0000000088000000|  0%| F|  |TAMS 0x0000000087f00000, 0x0000000087f00000| Untracked 
| 128|0x0000000088000000, 0x0000000088000000, 0x0000000088100000|  0%| F|  |TAMS 0x0000000088000000, 0x0000000088000000| Untracked 
| 129|0x0000000088100000, 0x0000000088100000, 0x0000000088200000|  0%| F|  |TAMS 0x0000000088100000, 0x0000000088100000| Untracked 
| 130|0x0000000088200000, 0x0000000088200000, 0x0000000088300000|  0%| F|  |TAMS 0x0000000088200000, 0x0000000088200000| Untracked 
| 131|0x0000000088300000, 0x0000000088300000, 0x0000000088400000|  0%| F|  |TAMS 0x0000000088300000, 0x0000000088300000| Untracked 
| 132|0x0000000088400000, 0x0000000088400000, 0x0000000088500000|  0%| F|  |TAMS 0x0000000088400000, 0x0000000088400000| Untracked 
| 133|0x0000000088500000, 0x0000000088500000, 0x0000000088600000|  0%| F|  |TAMS 0x0000000088500000, 0x0000000088500000| Untracked 
| 134|0x0000000088600000, 0x0000000088600000, 0x0000000088700000|  0%| F|  |TAMS 0x0000000088600000, 0x0000000088600000| Untracked 
| 135|0x0000000088700000, 0x0000000088700000, 0x0000000088800000|  0%| F|  |TAMS 0x0000000088700000, 0x0000000088700000| Untracked 
| 136|0x0000000088800000, 0x0000000088800000, 0x0000000088900000|  0%| F|  |TAMS 0x0000000088800000, 0x0000000088800000| Untracked 
| 137|0x0000000088900000, 0x0000000088900000, 0x0000000088a00000|  0%| F|  |TAMS 0x0000000088900000, 0x0000000088900000| Untracked 
| 138|0x0000000088a00000, 0x0000000088a00000, 0x0000000088b00000|  0%| F|  |TAMS 0x0000000088a00000, 0x0000000088a00000| Untracked 
| 139|0x0000000088b00000, 0x0000000088b00000, 0x0000000088c00000|  0%| F|  |TAMS 0x0000000088b00000, 0x0000000088b00000| Untracked 
| 140|0x0000000088c00000, 0x0000000088c00000, 0x0000000088d00000|  0%| F|  |TAMS 0x0000000088c00000, 0x0000000088c00000| Untracked 
| 141|0x0000000088d00000, 0x0000000088d00000, 0x0000000088e00000|  0%| F|  |TAMS 0x0000000088d00000, 0x0000000088d00000| Untracked 
| 142|0x0000000088e00000, 0x0000000088e00000, 0x0000000088f00000|  0%| F|  |TAMS 0x0000000088e00000, 0x0000000088e00000| Untracked 
| 143|0x0000000088f00000, 0x0000000088f00000, 0x0000000089000000|  0%| F|  |TAMS 0x0000000088f00000, 0x0000000088f00000| Untracked 
| 144|0x0000000089000000, 0x0000000089000000, 0x0000000089100000|  0%| F|  |TAMS 0x0000000089000000, 0x0000000089000000| Untracked 
| 145|0x0000000089100000, 0x0000000089100000, 0x0000000089200000|  0%| F|  |TAMS 0x0000000089100000, 0x0000000089100000| Untracked 
| 146|0x0000000089200000, 0x0000000089200000, 0x0000000089300000|  0%| F|  |TAMS 0x0000000089200000, 0x0000000089200000| Untracked 
| 147|0x0000000089300000, 0x0000000089300000, 0x0000000089400000|  0%| F|  |TAMS 0x0000000089300000, 0x0000000089300000| Untracked 
| 148|0x0000000089400000, 0x0000000089400000, 0x0000000089500000|  0%| F|  |TAMS 0x0000000089400000, 0x0000000089400000| Untracked 
| 149|0x0000000089500000, 0x0000000089500000, 0x0000000089600000|  0%| F|  |TAMS 0x0000000089500000, 0x0000000089500000| Untracked 
| 150|0x0000000089600000, 0x0000000089600000, 0x0000000089700000|  0%| F|  |TAMS 0x0000000089600000, 0x0000000089600000| Untracked 
| 151|0x0000000089700000, 0x0000000089700000, 0x0000000089800000|  0%| F|  |TAMS 0x0000000089700000, 0x0000000089700000| Untracked 
| 152|0x0000000089800000, 0x0000000089800000, 0x0000000089900000|  0%| F|  |TAMS 0x0000000089800000, 0x0000000089800000| Untracked 
| 153|0x0000000089900000, 0x0000000089900000, 0x0000000089a00000|  0%| F|  |TAMS 0x0000000089900000, 0x0000000089900000| Untracked 
| 154|0x0000000089a00000, 0x0000000089a00000, 0x0000000089b00000|  0%| F|  |TAMS 0x0000000089a00000, 0x0000000089a00000| Untracked 
| 155|0x0000000089b00000, 0x0000000089b00000, 0x0000000089c00000|  0%| F|  |TAMS 0x0000000089b00000, 0x0000000089b00000| Untracked 
| 156|0x0000000089c00000, 0x0000000089c00000, 0x0000000089d00000|  0%| F|  |TAMS 0x0000000089c00000, 0x0000000089c00000| Untracked 
| 157|0x0000000089d00000, 0x0000000089d00000, 0x0000000089e00000|  0%| F|  |TAMS 0x0000000089d00000, 0x0000000089d00000| Untracked 
| 158|0x0000000089e00000, 0x0000000089e00000, 0x0000000089f00000|  0%| F|  |TAMS 0x0000000089e00000, 0x0000000089e00000| Untracked 
| 159|0x0000000089f00000, 0x0000000089f00000, 0x000000008a000000|  0%| F|  |TAMS 0x0000000089f00000, 0x0000000089f00000| Untracked 
| 160|0x000000008a000000, 0x000000008a000000, 0x000000008a100000|  0%| F|  |TAMS 0x000000008a000000, 0x000000008a000000| Untracked 
| 161|0x000000008a100000, 0x000000008a100000, 0x000000008a200000|  0%| F|  |TAMS 0x000000008a100000, 0x000000008a100000| Untracked 
| 162|0x000000008a200000, 0x000000008a200000, 0x000000008a300000|  0%| F|  |TAMS 0x000000008a200000, 0x000000008a200000| Untracked 
| 163|0x000000008a300000, 0x000000008a318010, 0x000000008a400000|  9%| S|CS|TAMS 0x000000008a300000, 0x000000008a300000| Complete 
| 164|0x000000008a400000, 0x000000008a500000, 0x000000008a500000|100%| S|CS|TAMS 0x000000008a400000, 0x000000008a400000| Complete 
| 165|0x000000008a500000, 0x000000008a500000, 0x000000008a600000|  0%| F|  |TAMS 0x000000008a500000, 0x000000008a500000| Untracked 
| 166|0x000000008a600000, 0x000000008a600000, 0x000000008a700000|  0%| F|  |TAMS 0x000000008a600000, 0x000000008a600000| Untracked 
| 167|0x000000008a700000, 0x000000008a700000, 0x000000008a800000|  0%| F|  |TAMS 0x000000008a700000, 0x000000008a700000| Untracked 
| 168|0x000000008a800000, 0x000000008a800000, 0x000000008a900000|  0%| F|  |TAMS 0x000000008a800000, 0x000000008a800000| Untracked 
| 169|0x000000008a900000, 0x000000008a900000, 0x000000008aa00000|  0%| F|  |TAMS 0x000000008a900000, 0x000000008a900000| Untracked 
| 170|0x000000008aa00000, 0x000000008aa00000, 0x000000008ab00000|  0%| F|  |TAMS 0x000000008aa00000, 0x000000008aa00000| Untracked 
| 171|0x000000008ab00000, 0x000000008ab00000, 0x000000008ac00000|  0%| F|  |TAMS 0x000000008ab00000, 0x000000008ab00000| Untracked 
| 172|0x000000008ac00000, 0x000000008ac00000, 0x000000008ad00000|  0%| F|  |TAMS 0x000000008ac00000, 0x000000008ac00000| Untracked 
| 173|0x000000008ad00000, 0x000000008ad00000, 0x000000008ae00000|  0%| F|  |TAMS 0x000000008ad00000, 0x000000008ad00000| Untracked 
| 174|0x000000008ae00000, 0x000000008ae00000, 0x000000008af00000|  0%| F|  |TAMS 0x000000008ae00000, 0x000000008ae00000| Untracked 
| 175|0x000000008af00000, 0x000000008af00000, 0x000000008b000000|  0%| F|  |TAMS 0x000000008af00000, 0x000000008af00000| Untracked 
| 176|0x000000008b000000, 0x000000008b000000, 0x000000008b100000|  0%| F|  |TAMS 0x000000008b000000, 0x000000008b000000| Untracked 
| 177|0x000000008b100000, 0x000000008b100000, 0x000000008b200000|  0%| F|  |TAMS 0x000000008b100000, 0x000000008b100000| Untracked 
| 178|0x000000008b200000, 0x000000008b200000, 0x000000008b300000|  0%| F|  |TAMS 0x000000008b200000, 0x000000008b200000| Untracked 
| 179|0x000000008b300000, 0x000000008b300000, 0x000000008b400000|  0%| F|  |TAMS 0x000000008b300000, 0x000000008b300000| Untracked 
| 180|0x000000008b400000, 0x000000008b400000, 0x000000008b500000|  0%| F|  |TAMS 0x000000008b400000, 0x000000008b400000| Untracked 
| 181|0x000000008b500000, 0x000000008b500000, 0x000000008b600000|  0%| F|  |TAMS 0x000000008b500000, 0x000000008b500000| Untracked 
| 182|0x000000008b600000, 0x000000008b600000, 0x000000008b700000|  0%| F|  |TAMS 0x000000008b600000, 0x000000008b600000| Untracked 
| 183|0x000000008b700000, 0x000000008b700000, 0x000000008b800000|  0%| F|  |TAMS 0x000000008b700000, 0x000000008b700000| Untracked 
| 184|0x000000008b800000, 0x000000008b800000, 0x000000008b900000|  0%| F|  |TAMS 0x000000008b800000, 0x000000008b800000| Untracked 
| 185|0x000000008b900000, 0x000000008b900000, 0x000000008ba00000|  0%| F|  |TAMS 0x000000008b900000, 0x000000008b900000| Untracked 
| 186|0x000000008ba00000, 0x000000008ba00000, 0x000000008bb00000|  0%| F|  |TAMS 0x000000008ba00000, 0x000000008ba00000| Untracked 
| 187|0x000000008bb00000, 0x000000008bb00000, 0x000000008bc00000|  0%| F|  |TAMS 0x000000008bb00000, 0x000000008bb00000| Untracked 
| 188|0x000000008bc00000, 0x000000008bc00000, 0x000000008bd00000|  0%| F|  |TAMS 0x000000008bc00000, 0x000000008bc00000| Untracked 
| 189|0x000000008bd00000, 0x000000008bd00000, 0x000000008be00000|  0%| F|  |TAMS 0x000000008bd00000, 0x000000008bd00000| Untracked 
| 190|0x000000008be00000, 0x000000008be00000, 0x000000008bf00000|  0%| F|  |TAMS 0x000000008be00000, 0x000000008be00000| Untracked 
| 191|0x000000008bf00000, 0x000000008bf00000, 0x000000008c000000|  0%| F|  |TAMS 0x000000008bf00000, 0x000000008bf00000| Untracked 
| 192|0x000000008c000000, 0x000000008c000000, 0x000000008c100000|  0%| F|  |TAMS 0x000000008c000000, 0x000000008c000000| Untracked 
| 193|0x000000008c100000, 0x000000008c100000, 0x000000008c200000|  0%| F|  |TAMS 0x000000008c100000, 0x000000008c100000| Untracked 
| 194|0x000000008c200000, 0x000000008c200000, 0x000000008c300000|  0%| F|  |TAMS 0x000000008c200000, 0x000000008c200000| Untracked 
| 195|0x000000008c300000, 0x000000008c300000, 0x000000008c400000|  0%| F|  |TAMS 0x000000008c300000, 0x000000008c300000| Untracked 
| 196|0x000000008c400000, 0x000000008c400000, 0x000000008c500000|  0%| F|  |TAMS 0x000000008c400000, 0x000000008c400000| Untracked 
| 197|0x000000008c500000, 0x000000008c500000, 0x000000008c600000|  0%| F|  |TAMS 0x000000008c500000, 0x000000008c500000| Untracked 
| 198|0x000000008c600000, 0x000000008c600000, 0x000000008c700000|  0%| F|  |TAMS 0x000000008c600000, 0x000000008c600000| Untracked 
| 199|0x000000008c700000, 0x000000008c700000, 0x000000008c800000|  0%| F|  |TAMS 0x000000008c700000, 0x000000008c700000| Untracked 
| 200|0x000000008c800000, 0x000000008c800000, 0x000000008c900000|  0%| F|  |TAMS 0x000000008c800000, 0x000000008c800000| Untracked 
| 201|0x000000008c900000, 0x000000008c900000, 0x000000008ca00000|  0%| F|  |TAMS 0x000000008c900000, 0x000000008c900000| Untracked 
| 202|0x000000008ca00000, 0x000000008ca00000, 0x000000008cb00000|  0%| F|  |TAMS 0x000000008ca00000, 0x000000008ca00000| Untracked 
| 203|0x000000008cb00000, 0x000000008cb00000, 0x000000008cc00000|  0%| F|  |TAMS 0x000000008cb00000, 0x000000008cb00000| Untracked 
| 204|0x000000008cc00000, 0x000000008cc00000, 0x000000008cd00000|  0%| F|  |TAMS 0x000000008cc00000, 0x000000008cc00000| Untracked 
| 205|0x000000008cd00000, 0x000000008cd00000, 0x000000008ce00000|  0%| F|  |TAMS 0x000000008cd00000, 0x000000008cd00000| Untracked 
| 206|0x000000008ce00000, 0x000000008ce00000, 0x000000008cf00000|  0%| F|  |TAMS 0x000000008ce00000, 0x000000008ce00000| Untracked 
| 207|0x000000008cf00000, 0x000000008cf00000, 0x000000008d000000|  0%| F|  |TAMS 0x000000008cf00000, 0x000000008cf00000| Untracked 
| 208|0x000000008d000000, 0x000000008d000000, 0x000000008d100000|  0%| F|  |TAMS 0x000000008d000000, 0x000000008d000000| Untracked 
| 209|0x000000008d100000, 0x000000008d100000, 0x000000008d200000|  0%| F|  |TAMS 0x000000008d100000, 0x000000008d100000| Untracked 
| 210|0x000000008d200000, 0x000000008d300000, 0x000000008d300000|100%| E|  |TAMS 0x000000008d200000, 0x000000008d200000| Complete 
| 211|0x000000008d300000, 0x000000008d400000, 0x000000008d400000|100%| E|CS|TAMS 0x000000008d300000, 0x000000008d300000| Complete 
| 212|0x000000008d400000, 0x000000008d500000, 0x000000008d500000|100%| E|CS|TAMS 0x000000008d400000, 0x000000008d400000| Complete 
| 213|0x000000008d500000, 0x000000008d600000, 0x000000008d600000|100%| E|CS|TAMS 0x000000008d500000, 0x000000008d500000| Complete 
| 214|0x000000008d600000, 0x000000008d700000, 0x000000008d700000|100%| E|CS|TAMS 0x000000008d600000, 0x000000008d600000| Complete 
| 215|0x000000008d700000, 0x000000008d800000, 0x000000008d800000|100%| E|CS|TAMS 0x000000008d700000, 0x000000008d700000| Complete 
| 216|0x000000008d800000, 0x000000008d900000, 0x000000008d900000|100%| E|CS|TAMS 0x000000008d800000, 0x000000008d800000| Complete 

Card table byte_map: [0x000002287d840000,0x000002287dc40000] _byte_map_base: 0x000002287d440000

Marking Bits (Prev, Next): (CMBitMap*) 0x0000022873911ab0, (CMBitMap*) 0x0000022873911af0
 Prev Bits: [0x000002280f000000, 0x0000022811000000)
 Next Bits: [0x0000022811000000, 0x0000022813000000)

Polling page: 0x0000022873980000

Metaspace:

Usage:
  Non-class:     62.17 MB used.
      Class:      9.64 MB used.
       Both:     71.80 MB used.

Virtual space:
  Non-class space:       64.00 MB reserved,      63.06 MB ( 99%) committed,  1 nodes.
      Class space:        1.00 GB reserved,      10.56 MB (  1%) committed,  1 nodes.
             Both:        1.06 GB reserved,      73.62 MB (  7%) committed. 

Chunk freelists:
   Non-Class:  400.00 KB
       Class:  1.27 MB
        Both:  1.66 MB

MaxMetaspaceSize: unlimited
CompressedClassSpaceSize: 1.00 GB
Initial GC threshold: 21.00 MB
Current GC threshold: 122.00 MB
CDS: on
MetaspaceReclaimPolicy: balanced
 - commit_granule_bytes: 65536.
 - commit_granule_words: 8192.
 - virtual_space_node_default_size: 8388608.
 - enlarge_chunks_in_place: 1.
 - new_chunks_are_fully_committed: 0.
 - uncommit_free_chunks: 1.
 - use_allocation_guard: 0.


Internal statistics:

num_allocs_failed_limit: 6.
num_arena_births: 3228.
num_arena_deaths: 0.
num_vsnodes_births: 2.
num_vsnodes_deaths: 0.
num_space_committed: 1178.
num_space_uncommitted: 0.
num_chunks_returned_to_freelist: 6.
num_chunks_taken_from_freelist: 6555.
num_chunk_merges: 6.
num_chunk_splits: 4307.
num_chunks_enlarged: 2697.
num_inconsistent_stats: 0.

CodeHeap 'non-profiled nmethods': size=120000Kb used=4581Kb max_used=4581Kb free=115418Kb
 bounds [0x0000022807ad0000, 0x0000022807f50000, 0x000002280f000000]
CodeHeap 'profiled nmethods': size=120000Kb used=15912Kb max_used=15912Kb free=104087Kb
 bounds [0x00000228005a0000, 0x0000022801530000, 0x0000022807ad0000]
CodeHeap 'non-nmethods': size=5760Kb used=2392Kb max_used=2467Kb free=3367Kb
 bounds [0x0000022800000000, 0x0000022800280000, 0x00000228005a0000]
 total_blobs=8810 nmethods=7914 adapters=808
 compilation: enabled
              stopped_count=0, restarted_count=0
 full_count=0

Compilation events (20 events):
Event: 6.892 Thread 0x000002287eac9a30 8696       3       sun.net.www.protocol.jar.JarURLConnection::getUseCaches (8 bytes)
Event: 6.893 Thread 0x000002287eac9a30 nmethod 8696 0x0000022801517e10 code [0x0000022801517fc0, 0x0000022801518188]
Event: 6.894 Thread 0x000002287eac9a30 8697       3       org.apache.commons.io.FilenameUtils::failIfNullBytePresent (37 bytes)
Event: 6.894 Thread 0x000002287eac9a30 nmethod 8697 0x0000022801518290 code [0x00000228015184c0, 0x0000022801518d08]
Event: 6.896 Thread 0x000002281afaa3b0 8698       4       org.objectweb.asm.Type::appendDescriptor (185 bytes)
Event: 6.897 Thread 0x000002287ed5cad0 8699       4       org.objectweb.asm.Type::getDescriptor (18 bytes)
Event: 6.898 Thread 0x000002287eac8520 nmethod 8690 0x0000022807f41410 code [0x0000022807f415c0, 0x0000022807f424d8]
Event: 6.898 Thread 0x000002287eac8520 8700       4       org.objectweb.asm.MethodWriter::visitLabel (328 bytes)
Event: 6.899 Thread 0x000002287eac9a30 8701       3       org.objectweb.asm.MethodWriter::putFrameType (83 bytes)
Event: 6.902 Thread 0x000002287eac9a30 nmethod 8701 0x0000022801519090 code [0x00000228015192e0, 0x0000022801519c18]
Event: 6.905 Thread 0x000002287eac9a30 8703       3       java.net.URLConnection::setUseCaches (10 bytes)
Event: 6.905 Thread 0x000002287eac9a30 nmethod 8703 0x0000022801519f10 code [0x000002280151a0c0, 0x000002280151a368]
Event: 6.905 Thread 0x000002287eac9a30 8704       3       java.net.URLConnection::checkConnected (19 bytes)
Event: 6.905 Thread 0x000002287eac9a30 nmethod 8704 0x000002280151a490 code [0x000002280151a640, 0x000002280151a868]
Event: 6.905 Thread 0x000002287eac9a30 8706       3       org.objectweb.asm.AnnotationWriter::create (34 bytes)
Event: 6.906 Thread 0x000002287eac9a30 nmethod 8706 0x000002280151a990 code [0x000002280151ab80, 0x000002280151b038]
Event: 6.906 Thread 0x000002287eac9a30 8705       1       java.net.JarURLConnection::getEntryName (5 bytes)
Event: 6.906 Thread 0x000002287eac9a30 nmethod 8705 0x0000022807f42910 code [0x0000022807f42aa0, 0x0000022807f42b78]
Event: 6.909 Thread 0x000002287eac9a30 8707       3       com.google.common.collect.Maps::newLinkedHashMapWithExpectedSize (12 bytes)
Event: 6.910 Thread 0x000002287eac9a30 nmethod 8707 0x000002280151b210 code [0x000002280151b400, 0x000002280151b7b8]

GC Heap History (20 events):
Event: 5.029 GC heap before
{Heap before GC invocations=18 (full 0):
 garbage-first heap   total 150528K, used 105075K [0x0000000080000000, 0x0000000100000000)
  region size 1024K, 32 young (32768K), 2 survivors (2048K)
 Metaspace       used 54690K, committed 56384K, reserved 1114112K
  class space    used 7428K, committed 8320K, reserved 1048576K
}
Event: 5.031 GC heap after
{Heap after GC invocations=19 (full 0):
 garbage-first heap   total 150528K, used 76156K [0x0000000080000000, 0x0000000100000000)
  region size 1024K, 3 young (3072K), 3 survivors (3072K)
 Metaspace       used 54690K, committed 56384K, reserved 1114112K
  class space    used 7428K, committed 8320K, reserved 1048576K
}
Event: 5.308 GC heap before
{Heap before GC invocations=19 (full 0):
 garbage-first heap   total 150528K, used 107900K [0x0000000080000000, 0x0000000100000000)
  region size 1024K, 35 young (35840K), 3 survivors (3072K)
 Metaspace       used 58339K, committed 59968K, reserved 1114112K
  class space    used 7841K, committed 8704K, reserved 1048576K
}
Event: 5.312 GC heap after
{Heap after GC invocations=20 (full 0):
 garbage-first heap   total 150528K, used 79348K [0x0000000080000000, 0x0000000100000000)
  region size 1024K, 5 young (5120K), 5 survivors (5120K)
 Metaspace       used 58339K, committed 59968K, reserved 1114112K
  class space    used 7841K, committed 8704K, reserved 1048576K
}
Event: 5.404 GC heap before
{Heap before GC invocations=21 (full 0):
 garbage-first heap   total 150528K, used 89588K [0x0000000080000000, 0x0000000100000000)
  region size 1024K, 16 young (16384K), 5 survivors (5120K)
 Metaspace       used 59330K, committed 60992K, reserved 1114112K
  class space    used 7949K, committed 8832K, reserved 1048576K
}
Event: 5.407 GC heap after
{Heap after GC invocations=22 (full 0):
 garbage-first heap   total 150528K, used 80840K [0x0000000080000000, 0x0000000100000000)
  region size 1024K, 2 young (2048K), 2 survivors (2048K)
 Metaspace       used 59330K, committed 60992K, reserved 1114112K
  class space    used 7949K, committed 8832K, reserved 1048576K
}
Event: 5.606 GC heap before
{Heap before GC invocations=23 (full 0):
 garbage-first heap   total 150528K, used 114632K [0x0000000080000000, 0x0000000100000000)
  region size 1024K, 34 young (34816K), 2 survivors (2048K)
 Metaspace       used 60231K, committed 61888K, reserved 1114112K
  class space    used 8091K, committed 8960K, reserved 1048576K
}
Event: 5.609 GC heap after
{Heap after GC invocations=24 (full 0):
 garbage-first heap   total 150528K, used 83202K [0x0000000080000000, 0x0000000100000000)
  region size 1024K, 4 young (4096K), 4 survivors (4096K)
 Metaspace       used 60231K, committed 61888K, reserved 1114112K
  class space    used 8091K, committed 8960K, reserved 1048576K
}
Event: 5.873 GC heap before
{Heap before GC invocations=24 (full 0):
 garbage-first heap   total 150528K, used 116994K [0x0000000080000000, 0x0000000100000000)
  region size 1024K, 37 young (37888K), 4 survivors (4096K)
 Metaspace       used 63375K, committed 65152K, reserved 1114112K
  class space    used 8576K, committed 9472K, reserved 1048576K
}
Event: 5.876 GC heap after
{Heap after GC invocations=25 (full 0):
 garbage-first heap   total 150528K, used 85585K [0x0000000080000000, 0x0000000100000000)
  region size 1024K, 3 young (3072K), 3 survivors (3072K)
 Metaspace       used 63375K, committed 65152K, reserved 1114112K
  class space    used 8576K, committed 9472K, reserved 1048576K
}
Event: 6.130 GC heap before
{Heap before GC invocations=26 (full 0):
 garbage-first heap   total 150528K, used 118353K [0x0000000080000000, 0x0000000100000000)
  region size 1024K, 35 young (35840K), 3 survivors (3072K)
 Metaspace       used 66109K, committed 67904K, reserved 1114112K
  class space    used 9038K, committed 9984K, reserved 1048576K
}
Event: 6.132 GC heap after
{Heap after GC invocations=27 (full 0):
 garbage-first heap   total 150528K, used 88068K [0x0000000080000000, 0x0000000100000000)
  region size 1024K, 5 young (5120K), 5 survivors (5120K)
 Metaspace       used 66109K, committed 67904K, reserved 1114112K
  class space    used 9038K, committed 9984K, reserved 1048576K
}
Event: 6.384 GC heap before
{Heap before GC invocations=27 (full 0):
 garbage-first heap   total 150528K, used 115716K [0x0000000080000000, 0x0000000100000000)
  region size 1024K, 34 young (34816K), 5 survivors (5120K)
 Metaspace       used 68791K, committed 70592K, reserved 1114112K
  class space    used 9312K, committed 10240K, reserved 1048576K
}
Event: 6.388 GC heap after
{Heap after GC invocations=28 (full 0):
 garbage-first heap   total 150528K, used 92274K [0x0000000080000000, 0x0000000100000000)
  region size 1024K, 5 young (5120K), 5 survivors (5120K)
 Metaspace       used 68791K, committed 70592K, reserved 1114112K
  class space    used 9312K, committed 10240K, reserved 1048576K
}
Event: 6.742 GC heap before
{Heap before GC invocations=29 (full 0):
 garbage-first heap   total 179200K, used 129138K [0x0000000080000000, 0x0000000100000000)
  region size 1024K, 31 young (31744K), 5 survivors (5120K)
 Metaspace       used 70523K, committed 72384K, reserved 1114112K
  class space    used 9583K, committed 10560K, reserved 1048576K
}
Event: 6.747 GC heap after
{Heap after GC invocations=30 (full 0):
 garbage-first heap   total 179200K, used 107898K [0x0000000080000000, 0x0000000100000000)
  region size 1024K, 4 young (4096K), 4 survivors (4096K)
 Metaspace       used 70523K, committed 72384K, reserved 1114112K
  class space    used 9583K, committed 10560K, reserved 1048576K
}
Event: 6.780 GC heap before
{Heap before GC invocations=30 (full 0):
 garbage-first heap   total 179200K, used 111994K [0x0000000080000000, 0x0000000100000000)
  region size 1024K, 8 young (8192K), 4 survivors (4096K)
 Metaspace       used 70739K, committed 72576K, reserved 1114112K
  class space    used 9610K, committed 10560K, reserved 1048576K
}
Event: 6.782 GC heap after
{Heap after GC invocations=31 (full 0):
 garbage-first heap   total 179200K, used 108598K [0x0000000080000000, 0x0000000100000000)
  region size 1024K, 1 young (1024K), 1 survivors (1024K)
 Metaspace       used 70739K, committed 72576K, reserved 1114112K
  class space    used 9610K, committed 10560K, reserved 1048576K
}
Event: 6.848 GC heap before
{Heap before GC invocations=31 (full 0):
 garbage-first heap   total 179200K, used 115766K [0x0000000080000000, 0x0000000100000000)
  region size 1024K, 10 young (10240K), 1 survivors (1024K)
 Metaspace       used 72102K, committed 73920K, reserved 1114112K
  class space    used 9766K, committed 10688K, reserved 1048576K
}
Event: 6.850 GC heap after
{Heap after GC invocations=32 (full 0):
 garbage-first heap   total 222208K, used 109122K [0x0000000080000000, 0x0000000100000000)
  region size 1024K, 2 young (2048K), 2 survivors (2048K)
 Metaspace       used 72102K, committed 73920K, reserved 1114112K
  class space    used 9766K, committed 10688K, reserved 1048576K
}

Deoptimization events (20 events):
Event: 6.522 Thread 0x000002281c5f0f40 DEOPT UNPACKING pc=0x0000022800055c23 sp=0x000000b92eaff0c0 mode 2
Event: 6.522 Thread 0x000002281b892720 DEOPT UNPACKING pc=0x0000022800055c23 sp=0x000000b92ecff150 mode 2
Event: 6.724 Thread 0x00000228197a2c40 Uncommon trap: trap_request=0xffffff45 fr.pc=0x0000022807d648a0 relative=0x00000000000013c0
Event: 6.724 Thread 0x00000228197a2c40 Uncommon trap: reason=unstable_if action=reinterpret pc=0x0000022807d648a0 method=groovy.lang.MetaClassImpl.checkIfStdMethod(Lgroovy/lang/MetaMethod;)V @ 167 c2
Event: 6.724 Thread 0x00000228197a2c40 DEOPT PACKING pc=0x0000022807d648a0 sp=0x000000b927afa6d0
Event: 6.724 Thread 0x00000228197a2c40 DEOPT UNPACKING pc=0x0000022800055c23 sp=0x000000b927afa640 mode 2
Event: 6.731 Thread 0x00000228197a2c40 Uncommon trap: trap_request=0xffffffde fr.pc=0x0000022807e462dc relative=0x000000000000005c
Event: 6.731 Thread 0x00000228197a2c40 Uncommon trap: reason=class_check action=maybe_recompile pc=0x0000022807e462dc method=groovy.lang.MetaMethod.isStatic()Z @ 1 c2
Event: 6.731 Thread 0x00000228197a2c40 DEOPT PACKING pc=0x0000022807e462dc sp=0x000000b927afa6c0
Event: 6.731 Thread 0x00000228197a2c40 DEOPT UNPACKING pc=0x0000022800055c23 sp=0x000000b927afa648 mode 2
Event: 6.732 Thread 0x00000228197a2c40 Uncommon trap: trap_request=0xffffffde fr.pc=0x0000022807e462dc relative=0x000000000000005c
Event: 6.732 Thread 0x00000228197a2c40 Uncommon trap: reason=class_check action=maybe_recompile pc=0x0000022807e462dc method=groovy.lang.MetaMethod.isStatic()Z @ 1 c2
Event: 6.732 Thread 0x00000228197a2c40 DEOPT PACKING pc=0x0000022807e462dc sp=0x000000b927afa6c0
Event: 6.732 Thread 0x00000228197a2c40 DEOPT UNPACKING pc=0x0000022800055c23 sp=0x000000b927afa648 mode 2
Event: 6.771 Thread 0x00000228197a2c40 DEOPT PACKING pc=0x00000228012c19ee sp=0x000000b927afafd0
Event: 6.771 Thread 0x00000228197a2c40 DEOPT UNPACKING pc=0x0000022800056763 sp=0x000000b927afa480 mode 0
Event: 6.785 Thread 0x00000228197a2c40 Uncommon trap: trap_request=0xffffff45 fr.pc=0x0000022807c1ecb8 relative=0x00000000000004f8
Event: 6.785 Thread 0x00000228197a2c40 Uncommon trap: reason=unstable_if action=reinterpret pc=0x0000022807c1ecb8 method=java.lang.Integer.stringSize(I)I @ 3 c2
Event: 6.785 Thread 0x00000228197a2c40 DEOPT PACKING pc=0x0000022807c1ecb8 sp=0x000000b927afc720
Event: 6.785 Thread 0x00000228197a2c40 DEOPT UNPACKING pc=0x0000022800055c23 sp=0x000000b927afc660 mode 2

Classes loaded (20 events):
Event: 6.734 Loading class java/lang/IntegerBeanInfo
Event: 6.734 Loading class java/lang/IntegerBeanInfo done
Event: 6.734 Loading class java/lang/IntegerBeanInfo
Event: 6.734 Loading class java/lang/IntegerBeanInfo done
Event: 6.734 Loading class java/lang/NumberBeanInfo
Event: 6.734 Loading class java/lang/NumberBeanInfo done
Event: 6.734 Loading class java/lang/NumberBeanInfo
Event: 6.734 Loading class java/lang/NumberBeanInfo done
Event: 6.734 Loading class java/lang/NumberCustomizer
Event: 6.734 Loading class java/lang/NumberCustomizer done
Event: 6.734 Loading class java/lang/NumberCustomizer
Event: 6.734 Loading class java/lang/NumberCustomizer done
Event: 6.734 Loading class java/lang/IntegerCustomizer
Event: 6.734 Loading class java/lang/IntegerCustomizer done
Event: 6.734 Loading class java/lang/IntegerCustomizer
Event: 6.734 Loading class java/lang/IntegerCustomizer done
Event: 6.734 Loading class jdk/internal/ValueBased
Event: 6.734 Loading class jdk/internal/ValueBased done
Event: 6.798 Loading class java/io/PushbackInputStream
Event: 6.799 Loading class java/io/PushbackInputStream done

Classes unloaded (0 events):
No events

Classes redefined (0 events):
No events

Internal exceptions (20 events):
Event: 6.560 Thread 0x00000228197a2c40 Exception <a 'java/lang/ClassNotFoundException'{0x000000008a78b430}: org/jetbrains/plugins/gradle/tooling/util/SourceSetCachedFinder$ArtifactsMapCustomizer> (0x000000008a78b430) 
thrown [s\open\src\hotspot\share\classfile\systemDictionary.cpp, line 255]
Event: 6.734 Thread 0x00000228197a2c40 Exception <a 'java/lang/ClassNotFoundException'{0x000000008994e4b0}: java/lang/IntegerBeanInfo> (0x000000008994e4b0) 
thrown [s\open\src\hotspot\share\classfile\systemDictionary.cpp, line 255]
Event: 6.734 Thread 0x00000228197a2c40 Exception <a 'java/lang/ClassNotFoundException'{0x0000000089952a00}: java/lang/NumberBeanInfo> (0x0000000089952a00) 
thrown [s\open\src\hotspot\share\classfile\systemDictionary.cpp, line 255]
Event: 6.734 Thread 0x00000228197a2c40 Exception <a 'java/lang/ClassNotFoundException'{0x0000000089956f48}: java/lang/NumberCustomizer> (0x0000000089956f48) 
thrown [s\open\src\hotspot\share\classfile\systemDictionary.cpp, line 255]
Event: 6.734 Thread 0x00000228197a2c40 Exception <a 'java/lang/ClassNotFoundException'{0x000000008995dfb0}: java/lang/IntegerCustomizer> (0x000000008995dfb0) 
thrown [s\open\src\hotspot\share\classfile\systemDictionary.cpp, line 255]
Event: 6.740 Thread 0x00000228197a2c40 Exception <a 'java/lang/ClassNotFoundException'{0x00000000899df900}: org/gradle/internal/extensibility/DefaultExtensionsSchemaBeanInfo> (0x00000000899df900) 
thrown [s\open\src\hotspot\share\classfile\systemDictionary.cpp, line 255]
Event: 6.741 Thread 0x00000228197a2c40 Exception <a 'java/lang/ClassNotFoundException'{0x00000000899e62f8}: org/gradle/internal/extensibility/DefaultExtensionsSchemaCustomizer> (0x00000000899e62f8) 
thrown [s\open\src\hotspot\share\classfile\systemDictionary.cpp, line 255]
Event: 6.747 Thread 0x00000228197a2c40 Exception <a 'java/lang/ClassNotFoundException'{0x000000008ae03af8}: org/gradle/internal/extensibility/ExtensionsStorage$ExtensionHolderBeanInfo> (0x000000008ae03af8) 
thrown [s\open\src\hotspot\share\classfile\systemDictionary.cpp, line 255]
Event: 6.748 Thread 0x00000228197a2c40 Exception <a 'java/lang/ClassNotFoundException'{0x000000008ae0a5a0}: org/gradle/internal/extensibility/ExtensionsStorage$ExtensionHolderCustomizer> (0x000000008ae0a5a0) 
thrown [s\open\src\hotspot\share\classfile\systemDictionary.cpp, line 255]
Event: 6.752 Thread 0x00000228197a2c40 Exception <a 'java/lang/ClassNotFoundException'{0x000000008ae63820}: org/codehaus/groovy/runtime/NullObjectBeanInfo> (0x000000008ae63820) 
thrown [s\open\src\hotspot\share\classfile\systemDictionary.cpp, line 255]
Event: 6.752 Thread 0x00000228197a2c40 Exception <a 'java/lang/ClassNotFoundException'{0x000000008ae6a060}: org/codehaus/groovy/runtime/NullObjectCustomizer> (0x000000008ae6a060) 
thrown [s\open\src\hotspot\share\classfile\systemDictionary.cpp, line 255]
Event: 6.772 Thread 0x00000228197a2c40 Exception <a 'java/lang/ClassNotFoundException'{0x000000008ab5dcf8}: org/gradle/api/internal/tasks/DefaultSourceSetContainer_DecoratedBeanInfo> (0x000000008ab5dcf8) 
thrown [s\open\src\hotspot\share\classfile\systemDictionary.cpp, line 255]
Event: 6.772 Thread 0x00000228197a2c40 Exception <a 'java/lang/ClassNotFoundException'{0x000000008ab65c38}: org/gradle/api/internal/tasks/DefaultSourceSetContainerBeanInfo> (0x000000008ab65c38) 
thrown [s\open\src\hotspot\share\classfile\systemDictionary.cpp, line 255]
Event: 6.772 Thread 0x00000228197a2c40 Exception <a 'java/lang/ClassNotFoundException'{0x000000008ab6db88}: org/gradle/api/internal/tasks/DefaultSourceSetContainerCustomizer> (0x000000008ab6db88) 
thrown [s\open\src\hotspot\share\classfile\systemDictionary.cpp, line 255]
Event: 6.773 Thread 0x00000228197a2c40 Exception <a 'java/lang/ClassNotFoundException'{0x000000008ab81428}: org/gradle/api/internal/tasks/DefaultSourceSetContainer_DecoratedCustomizer> (0x000000008ab81428) 
thrown [s\open\src\hotspot\share\classfile\systemDictionary.cpp, line 255]
Event: 6.785 Thread 0x00000228197a2c40 Exception <a 'java/lang/NoSuchMethodError'{0x000000008ae175a8}: static Lorg/jetbrains/kotlin/noarg/ide/NoArgModelImpl;.<clinit>()V> (0x000000008ae175a8) 
thrown [s\open\src\hotspot\share\prims\jni.cpp, line 1104]
Event: 6.786 Thread 0x00000228197a2c40 Exception <a 'java/lang/NoSuchMethodError'{0x000000008ae35e60}: static Lorg/jetbrains/kotlin/android/synthetic/idea/AndroidExtensionsGradleModelImpl;.<clinit>()V> (0x000000008ae35e60) 
thrown [s\open\src\hotspot\share\prims\jni.cpp, line 1104]
Event: 6.820 Thread 0x00000228197a2c40 Exception <a 'java/lang/NoSuchMethodError'{0x000000008abe24b8}: static Lorg/jetbrains/kotlin/samWithReceiver/ide/SamWithReceiverModelImpl;.<clinit>()V> (0x000000008abe24b8) 
thrown [s\open\src\hotspot\share\prims\jni.cpp, line 1104]
Event: 6.827 Thread 0x00000228197a2c40 Exception <a 'java/lang/NoSuchMethodError'{0x000000008a812108}: static Lorg/jetbrains/kotlin/parcelize/ide/ParcelizeGradleModelImpl;.<clinit>()V> (0x000000008a812108) 
thrown [s\open\src\hotspot\share\prims\jni.cpp, line 1104]
Event: 6.827 Thread 0x00000228197a2c40 Exception <a 'java/lang/NoSuchMethodError'{0x000000008a81ed30}: static Lorg/jetbrains/kotlin/allopen/ide/AllOpenModelImpl;.<clinit>()V> (0x000000008a81ed30) 
thrown [s\open\src\hotspot\share\prims\jni.cpp, line 1104]

VM Operations (20 events):
Event: 6.434 Executing VM operation: G1Concurrent
Event: 6.437 Executing VM operation: G1Concurrent done
Event: 6.458 Executing VM operation: G1Concurrent
Event: 6.459 Executing VM operation: G1Concurrent done
Event: 6.517 Executing VM operation: HandshakeAllThreads
Event: 6.517 Executing VM operation: HandshakeAllThreads done
Event: 6.520 Executing VM operation: HandshakeAllThreads
Event: 6.520 Executing VM operation: HandshakeAllThreads done
Event: 6.576 Executing VM operation: HandshakeAllThreads
Event: 6.576 Executing VM operation: HandshakeAllThreads done
Event: 6.577 Executing VM operation: HandshakeAllThreads
Event: 6.577 Executing VM operation: HandshakeAllThreads done
Event: 6.742 Executing VM operation: G1CollectForAllocation
Event: 6.747 Executing VM operation: G1CollectForAllocation done
Event: 6.780 Executing VM operation: G1CollectForAllocation
Event: 6.782 Executing VM operation: G1CollectForAllocation done
Event: 6.848 Executing VM operation: G1TryInitiateConcMark
Event: 6.850 Executing VM operation: G1TryInitiateConcMark done
Event: 6.899 Executing VM operation: G1Concurrent
Event: 6.902 Executing VM operation: G1Concurrent done

Events (20 events):
Event: 4.053 Thread 0x000002281c5f30f0 Thread added: 0x000002281c5f30f0
Event: 4.987 Thread 0x000002281c5edf20 Thread added: 0x000002281c5edf20
Event: 5.630 Thread 0x000002287eacc080 flushing nmethod 0x0000022800c54990
Event: 5.631 Thread 0x000002287eacc080 flushing nmethod 0x0000022800fad910
Event: 6.286 Thread 0x000002281c5ef260 Thread added: 0x000002281c5ef260
Event: 6.483 Thread 0x000002281c5f0f40 Thread added: 0x000002281c5f0f40
Event: 6.483 Thread 0x000002281b893a60 Thread added: 0x000002281b893a60
Event: 6.484 Thread 0x000002281b892720 Thread added: 0x000002281b892720
Event: 6.484 Thread 0x000002281b8918b0 Thread added: 0x000002281b8918b0
Event: 6.484 Thread 0x000002281b892bf0 Thread added: 0x000002281b892bf0
Event: 6.484 Thread 0x000002281b890a40 Thread added: 0x000002281b890a40
Event: 6.484 Thread 0x000002281b893590 Thread added: 0x000002281b893590
Event: 6.495 Thread 0x000002281b890570 Thread added: 0x000002281b890570
Event: 6.523 Thread 0x000002281b8918b0 Thread exited: 0x000002281b8918b0
Event: 6.523 Thread 0x000002281b890a40 Thread exited: 0x000002281b890a40
Event: 6.523 Thread 0x000002281b892bf0 Thread exited: 0x000002281b892bf0
Event: 6.523 Thread 0x000002281b892720 Thread exited: 0x000002281b892720
Event: 6.523 Thread 0x000002281c5f0f40 Thread exited: 0x000002281c5f0f40
Event: 6.523 Thread 0x000002281b893a60 Thread exited: 0x000002281b893a60
Event: 6.523 Thread 0x000002281b893590 Thread exited: 0x000002281b893590


Dynamic libraries:
0x00007ff6f54c0000 - 0x00007ff6f54d0000 	C:\Program Files\Java\jdk-18.0.1.1\bin\java.exe
0x00007ff9dd570000 - 0x00007ff9dd767000 	C:\Windows\SYSTEM32\ntdll.dll
0x00007ff9dcd60000 - 0x00007ff9dce1d000 	C:\Windows\System32\KERNEL32.DLL
0x00007ff9db140000 - 0x00007ff9db40d000 	C:\Windows\System32\KERNELBASE.dll
0x00007ff9db410000 - 0x00007ff9db510000 	C:\Windows\System32\ucrtbase.dll
0x00007ff9c2ee0000 - 0x00007ff9c2efa000 	C:\Program Files\Java\jdk-18.0.1.1\bin\VCRUNTIME140.dll
0x00007ff9c2ce0000 - 0x00007ff9c2cf8000 	C:\Program Files\Java\jdk-18.0.1.1\bin\jli.dll
0x00007ff9dc5c0000 - 0x00007ff9dc66e000 	C:\Windows\System32\ADVAPI32.dll
0x00007ff9dd3e0000 - 0x00007ff9dd47e000 	C:\Windows\System32\msvcrt.dll
0x00007ff9dd490000 - 0x00007ff9dd52c000 	C:\Windows\System32\sechost.dll
0x00007ff9dc670000 - 0x00007ff9dc795000 	C:\Windows\System32\RPCRT4.dll
0x00007ff9db730000 - 0x00007ff9db8d0000 	C:\Windows\System32\USER32.dll
0x00007ff9dac90000 - 0x00007ff9dacb2000 	C:\Windows\System32\win32u.dll
0x00007ff9c4760000 - 0x00007ff9c49fa000 	C:\Windows\WinSxS\amd64_microsoft.windows.common-controls_6595b64144ccf1df_6.0.19041.1110_none_60b5254171f9507e\COMCTL32.dll
0x00007ff9dc590000 - 0x00007ff9dc5ba000 	C:\Windows\System32\GDI32.dll
0x00007ff9dada0000 - 0x00007ff9daeab000 	C:\Windows\System32\gdi32full.dll
0x00007ff9daeb0000 - 0x00007ff9daf4d000 	C:\Windows\System32\msvcp_win.dll
0x00007ff9c9950000 - 0x00007ff9c995a000 	C:\Windows\SYSTEM32\VERSION.dll
0x00007ff9db5d0000 - 0x00007ff9db600000 	C:\Windows\System32\IMM32.DLL
0x00007ff9d1070000 - 0x00007ff9d107c000 	C:\Program Files\Java\jdk-18.0.1.1\bin\vcruntime140_1.dll
0x00007ff9b6650000 - 0x00007ff9b66dd000 	C:\Program Files\Java\jdk-18.0.1.1\bin\msvcp140.dll
0x00007ff977170000 - 0x00007ff977d80000 	C:\Program Files\Java\jdk-18.0.1.1\bin\server\jvm.dll
0x00007ff9dc310000 - 0x00007ff9dc318000 	C:\Windows\System32\PSAPI.DLL
0x00007ff9c1cb0000 - 0x00007ff9c1cd7000 	C:\Windows\SYSTEM32\WINMM.dll
0x00007ff9d1060000 - 0x00007ff9d1069000 	C:\Windows\SYSTEM32\WSOCK32.dll
0x00007ff9dd310000 - 0x00007ff9dd37b000 	C:\Windows\System32\WS2_32.dll
0x00007ff9d94e0000 - 0x00007ff9d94f2000 	C:\Windows\SYSTEM32\kernel.appcore.dll
0x00007ff9d1050000 - 0x00007ff9d105a000 	C:\Program Files\Java\jdk-18.0.1.1\bin\jimage.dll
0x00007ff9d9040000 - 0x00007ff9d9224000 	C:\Windows\SYSTEM32\DBGHELP.DLL
0x00007ff9c3810000 - 0x00007ff9c383c000 	C:\Windows\SYSTEM32\dbgcore.DLL
0x00007ff9daf50000 - 0x00007ff9dafd2000 	C:\Windows\System32\bcryptPrimitives.dll
0x00007ff9c22a0000 - 0x00007ff9c22c5000 	C:\Program Files\Java\jdk-18.0.1.1\bin\java.dll
0x00007ff9aa9e0000 - 0x00007ff9aaab6000 	C:\Program Files\Java\jdk-18.0.1.1\bin\jsvml.dll
0x00007ff9db9f0000 - 0x00007ff9dc134000 	C:\Windows\System32\SHELL32.dll
0x00007ff9d86f0000 - 0x00007ff9d8e84000 	C:\Windows\SYSTEM32\windows.storage.dll
0x00007ff9dc7a0000 - 0x00007ff9dcaf4000 	C:\Windows\System32\combase.dll
0x00007ff9da6f0000 - 0x00007ff9da71c000 	C:\Windows\SYSTEM32\Wldp.dll
0x00007ff9dc320000 - 0x00007ff9dc3cd000 	C:\Windows\System32\SHCORE.dll
0x00007ff9dce40000 - 0x00007ff9dce95000 	C:\Windows\System32\shlwapi.dll
0x00007ff9dabd0000 - 0x00007ff9dabef000 	C:\Windows\SYSTEM32\profapi.dll
0x00007ff9c21b0000 - 0x00007ff9c21c3000 	C:\Program Files\Java\jdk-18.0.1.1\bin\net.dll
0x00007ff9d0f30000 - 0x00007ff9d103a000 	C:\Windows\SYSTEM32\WINHTTP.dll
0x00007ff9da450000 - 0x00007ff9da4ba000 	C:\Windows\system32\mswsock.dll
0x00007ff9c2190000 - 0x00007ff9c21a6000 	C:\Program Files\Java\jdk-18.0.1.1\bin\nio.dll
0x00007ff9c1220000 - 0x00007ff9c1238000 	C:\Program Files\Java\jdk-18.0.1.1\bin\zip.dll
0x00007ff9c4a60000 - 0x00007ff9c4a70000 	C:\Program Files\Java\jdk-18.0.1.1\bin\verify.dll
0x00007ff9c3b40000 - 0x00007ff9c3b67000 	C:\Program Files\Android\gradle-7.3.3\native\e1d6ef7f7dcc3fd88c89a11ec53ec762bb8ba0a96d01ffa2cd45eb1d1d8dd5c5\windows-amd64\native-platform.dll
0x00007ff991960000 - 0x00007ff991aa4000 	C:\Program Files\Android\gradle-7.3.3\native\5664cfc778a61ccfe75a443a1ab52a65af34e5dc3c78e0209fed803814484fcb\windows-amd64\native-platform-file-events.dll
0x00007ff9c3710000 - 0x00007ff9c3719000 	C:\Program Files\Java\jdk-18.0.1.1\bin\management.dll
0x00007ff9c35e0000 - 0x00007ff9c35eb000 	C:\Program Files\Java\jdk-18.0.1.1\bin\management_ext.dll
0x00007ff9da640000 - 0x00007ff9da658000 	C:\Windows\SYSTEM32\CRYPTSP.dll
0x00007ff9d9d30000 - 0x00007ff9d9d64000 	C:\Windows\system32\rsaenh.dll
0x00007ff9dacc0000 - 0x00007ff9dace7000 	C:\Windows\System32\bcrypt.dll
0x00007ff9dab50000 - 0x00007ff9dab7e000 	C:\Windows\SYSTEM32\USERENV.dll
0x00007ff9da660000 - 0x00007ff9da66c000 	C:\Windows\SYSTEM32\CRYPTBASE.dll
0x00007ff9da0f0000 - 0x00007ff9da12b000 	C:\Windows\SYSTEM32\IPHLPAPI.DLL
0x00007ff9dd480000 - 0x00007ff9dd488000 	C:\Windows\System32\NSI.dll
0x00007ff9c8f70000 - 0x00007ff9c8f87000 	C:\Windows\SYSTEM32\dhcpcsvc6.DLL
0x00007ff9c9060000 - 0x00007ff9c907d000 	C:\Windows\SYSTEM32\dhcpcsvc.DLL
0x00007ff9da140000 - 0x00007ff9da20b000 	C:\Windows\SYSTEM32\DNSAPI.dll

dbghelp: loaded successfully - version: 4.0.5 - missing functions: none
symbol engine: initialized successfully - sym options: 0x614 - pdb path: .;C:\Program Files\Java\jdk-18.0.1.1\bin;C:\Windows\SYSTEM32;C:\Windows\WinSxS\amd64_microsoft.windows.common-controls_6595b64144ccf1df_6.0.19041.1110_none_60b5254171f9507e;C:\Program Files\Java\jdk-18.0.1.1\bin\server;C:\Program Files\Android\gradle-7.3.3\native\e1d6ef7f7dcc3fd88c89a11ec53ec762bb8ba0a96d01ffa2cd45eb1d1d8dd5c5\windows-amd64;C:\Program Files\Android\gradle-7.3.3\native\5664cfc778a61ccfe75a443a1ab52a65af34e5dc3c78e0209fed803814484fcb\windows-amd64

VM Arguments:
jvm_args: --add-opens=java.base/java.util=ALL-UNNAMED --add-opens=java.base/java.lang=ALL-UNNAMED --add-opens=java.base/java.lang.invoke=ALL-UNNAMED --add-opens=java.base/java.util=ALL-UNNAMED --add-opens=java.prefs/java.util.prefs=ALL-UNNAMED --add-opens=java.prefs/java.util.prefs=ALL-UNNAMED --add-opens=java.base/java.nio.charset=ALL-UNNAMED --add-opens=java.base/java.net=ALL-UNNAMED --add-opens=java.base/java.util.concurrent.atomic=ALL-UNNAMED -Xmx2048m -Dfile.encoding=UTF-8 -Duser.country=IN -Duser.language=en -Duser.variant 
java_command: org.gradle.launcher.daemon.bootstrap.GradleDaemon 7.3.3
java_class_path (initial): C:\Program Files\Android\gradle-7.3.3\lib\gradle-launcher-7.3.3.jar
Launcher Type: SUN_STANDARD

[Global flags]
     intx CICompilerCount                          = 4                                         {product} {ergonomic}
     uint ConcGCThreads                            = 2                                         {product} {ergonomic}
     uint G1ConcRefinementThreads                  = 8                                         {product} {ergonomic}
   size_t G1HeapRegionSize                         = 1048576                                   {product} {ergonomic}
    uintx GCDrainStackTargetSize                   = 64                                        {product} {ergonomic}
   size_t InitialHeapSize                          = 132120576                                 {product} {ergonomic}
   size_t MarkStackSize                            = 4194304                                   {product} {ergonomic}
   size_t MaxHeapSize                              = 2147483648                                {product} {command line}
   size_t MaxNewSize                               = 1287651328                                {product} {ergonomic}
   size_t MinHeapDeltaBytes                        = 1048576                                   {product} {ergonomic}
   size_t MinHeapSize                              = 8388608                                   {product} {ergonomic}
    uintx NonNMethodCodeHeapSize                   = 5839372                                {pd product} {ergonomic}
    uintx NonProfiledCodeHeapSize                  = 122909434                              {pd product} {ergonomic}
    uintx ProfiledCodeHeapSize                     = 122909434                              {pd product} {ergonomic}
    uintx ReservedCodeCacheSize                    = 251658240                              {pd product} {ergonomic}
     bool SegmentedCodeCache                       = true                                      {product} {ergonomic}
   size_t SoftMaxHeapSize                          = 2147483648                             {manageable} {ergonomic}
     bool UseCompressedClassPointers               = true                           {product lp64_product} {ergonomic}
     bool UseCompressedOops                        = true                           {product lp64_product} {ergonomic}
     bool UseG1GC                                  = true                                      {product} {ergonomic}
     bool UseLargePagesIndividualAllocation        = false                                  {pd product} {ergonomic}

Logging:
Log output configuration:
 #0: stdout all=warning uptime,level,tags foldmultilines=false
 #1: stderr all=off uptime,level,tags foldmultilines=false

Environment Variables:
JAVA_HOME=C:\Program Files\Java\jdk-18.0.1.1
PATH=C:\Program Files\Common Files\Oracle\Java\javapath;C:\Windows\system32;C:\Windows;C:\Windows\System32\Wbem;C:\Windows\System32\WindowsPowerShell\v1.0\;C:\Windows\System32\OpenSSH\;C:\Program Files\Git\cmd;C:\Users\suraj\AppData\Local\Microsoft\WindowsApps
USERNAME=suraj
OS=Windows_NT
PROCESSOR_IDENTIFIER=Intel64 Family 6 Model 140 Stepping 1, GenuineIntel



---------------  S Y S T E M  ---------------

OS:
 Windows 10 , 64 bit Build 19041 (10.0.19041.1741)
OS uptime: 0 days 3:15 hours
Hyper-V role detected

CPU: total 8 (initial active 8) (4 cores per cpu, 2 threads per core) family 6 model 140 stepping 1 microcode 0x86, cx8, cmov, fxsr, ht, mmx, 3dnowpref, sse, sse2, sse3, ssse3, sse4.1, sse4.2, popcnt, lzcnt, tsc, tscinvbit, avx, avx2, aes, erms, clmul, bmi1, bmi2, adx, avx512f, avx512dq, avx512cd, avx512bw, avx512vl, sha, fma, vzeroupper, avx512_vpopcntdq, avx512_vpclmulqdq, avx512_vaes, avx512_vnni, clflush, clflushopt, clwb, avx512_vbmi2, avx512_vbmi, hv

Memory: 4k page, system-wide physical 7987M (422M free)
TotalPageFile size 7987M (AvailPageFile size 4M)
current process WorkingSet (physical memory assigned to process): 432M, peak: 432M
current process commit charge ("private bytes"): 515M, peak: 515M

vm_info: Java HotSpot(TM) 64-Bit Server VM (18.0.1.1+2-6) for windows-amd64 JRE (18.0.1.1+2-6), built on Apr 25 2022 21:53:15 by "mach5one" with MS VC++ 16.8 / 16.9 (VS2019)

END.
