#
# There is insufficient memory for the Java Runtime Environment to continue.
# Native memory allocation (mmap) failed to map 183500800 bytes for G1 virtual space
# Possible reasons:
#   The system is out of physical RAM or swap space
#   The process is running with CompressedOops enabled, and the Java Heap may be blocking the growth of the native heap
# Possible solutions:
#   Reduce memory load on the system
#   Increase physical memory or swap space
#   Check if swap backing store is full
#   Decrease Java heap size (-Xmx/-Xms)
#   Decrease number of Java threads
#   Decrease Java thread stack sizes (-Xss)
#   Set larger code cache with -XX:ReservedCodeCacheSize=
#   JVM is running with Unscaled Compressed Oops mode in which the Java heap is
#     placed in the first 4GB address space. The Java Heap base address is the
#     maximum limit for the native heap growth. Please use -XX:HeapBaseMinAddress
#     to set the Java Heap base and to place the Java Heap above 4GB virtual address.
# This output file may be truncated or incomplete.
#
#  Out of Memory Error (os_windows.cpp:3530), pid=16204, tid=7220
#
# JRE version: Java(TM) SE Runtime Environment (18.0.1.1+2) (build 18.0.1.1+2-6)
# Java VM: Java HotSpot(TM) 64-Bit Server VM (18.0.1.1+2-6, mixed mode, sharing, tiered, compressed oops, compressed class ptrs, g1 gc, windows-amd64)
# No core dump will be written. Minidumps are not enabled by default on client versions of Windows
#

---------------  S U M M A R Y ------------

Command Line: --add-opens=java.base/java.util=ALL-UNNAMED --add-opens=java.base/java.lang=ALL-UNNAMED --add-opens=java.base/java.lang.invoke=ALL-UNNAMED --add-opens=java.base/java.util=ALL-UNNAMED --add-opens=java.prefs/java.util.prefs=ALL-UNNAMED --add-opens=java.prefs/java.util.prefs=ALL-UNNAMED --add-opens=java.base/java.nio.charset=ALL-UNNAMED --add-opens=java.base/java.net=ALL-UNNAMED --add-opens=java.base/java.util.concurrent.atomic=ALL-UNNAMED -Xmx2048m -Dfile.encoding=UTF-8 -Duser.country=IN -Duser.language=en -Duser.variant org.gradle.launcher.daemon.bootstrap.GradleDaemon 7.3.3

Host: 11th Gen Intel(R) Core(TM) i5-1135G7 @ 2.40GHz, 8 cores, 7G,  Windows 10 , 64 bit Build 19041 (10.0.19041.1741)
Time: Thu Jun 23 00:31:47 2022 India Standard Time elapsed time: 5.475672 seconds (0d 0h 0m 5s)

---------------  T H R E A D  ---------------

Current thread (0x00000286d8c5b4f0):  VMThread "VM Thread" [stack: 0x00000097f0000000,0x00000097f0100000] [id=7220]

Stack: [0x00000097f0000000,0x00000097f0100000]
Native frames: (J=compiled Java code, j=interpreted, Vv=VM code, C=native code)
V  [jvm.dll+0x69887a]
V  [jvm.dll+0x7f38bd]
V  [jvm.dll+0x7f51ce]
V  [jvm.dll+0x7f5883]
V  [jvm.dll+0x25ca3f]
V  [jvm.dll+0x6957c9]
V  [jvm.dll+0x68a2fa]
V  [jvm.dll+0x321efb]
V  [jvm.dll+0x3298d6]
V  [jvm.dll+0x37e47e]
V  [jvm.dll+0x37e6af]
V  [jvm.dll+0x2f9c7a]
V  [jvm.dll+0x2f9d27]
V  [jvm.dll+0x33e262]
V  [jvm.dll+0x33c804]
V  [jvm.dll+0x2f9450]
V  [jvm.dll+0x33bddb]
V  [jvm.dll+0x7fa66b]
V  [jvm.dll+0x7fb404]
V  [jvm.dll+0x7fb93c]
V  [jvm.dll+0x7fbd94]
V  [jvm.dll+0x7fbe57]
V  [jvm.dll+0x7a03ea]
V  [jvm.dll+0x697725]
C  [ucrtbase.dll+0x21bb2]
C  [KERNEL32.DLL+0x17034]
C  [ntdll.dll+0x52651]

VM_Operation (0x00000097f1af6f10): G1CollectForAllocation, mode: safepoint, requested by thread 0x00000286de849a20


---------------  P R O C E S S  ---------------

Threads class SMR info:
_java_thread_list=0x00000286e36db630, length=126, elements={
0x00000286b8a70f30, 0x00000286d8c5e060, 0x00000286d8c5e910, 0x00000286d8c7b020,
0x00000286d8c7b8d0, 0x00000286d8c7c180, 0x00000286d8c7ea40, 0x00000286d8c7f760,
0x00000286d8c8a070, 0x00000286d8c8cab0, 0x00000286dd0a2b00, 0x00000286dd0a35f0,
0x00000286dd1ebb10, 0x00000286de634250, 0x00000286de9035f0, 0x00000286de454e40,
0x00000286dea5bda0, 0x00000286dea7ba20, 0x00000286dea7b320, 0x00000286de849a20,
0x00000286de84c0d0, 0x00000286de3dacd0, 0x00000286de3db670, 0x00000286de3d9990,
0x00000286de3d8ff0, 0x00000286de3db1a0, 0x00000286de3d8650, 0x00000286dd1ea1c0,
0x00000286de3d8b20, 0x00000286de3d94c0, 0x00000286de3d9e60, 0x00000286de3da330,
0x00000286de3da800, 0x00000286dfcf48b0, 0x00000286dfcf0080, 0x00000286dfcf60c0,
0x00000286dfcf5250, 0x00000286dfcf2230, 0x00000286dfcf1890, 0x00000286dfcf0a20,
0x00000286dfcf6590, 0x00000286dfcf7400, 0x00000286dfcf2bd0, 0x00000286dfcf78d0,
0x00000286dfcf0550, 0x00000286dfcf3f10, 0x00000286dfcf43e0, 0x00000286dfcf4d80,
0x00000286de3dbb40, 0x00000286e24810d0, 0x00000286e2481a70, 0x00000286e24840f0,
0x00000286e24815a0, 0x00000286e2481f40, 0x00000286e2482db0, 0x00000286e2486770,
0x00000286e24828e0, 0x00000286e2482410, 0x00000286e2483750, 0x00000286e2483280,
0x00000286e24875e0, 0x00000286e2488920, 0x00000286e2487ab0, 0x00000286e2487f80,
0x00000286e2484a90, 0x00000286e2483c20, 0x00000286e2487110, 0x00000286e24845c0,
0x00000286e2488450, 0x00000286e24862a0, 0x00000286e2484f60, 0x00000286e2485430,
0x00000286e2485900, 0x00000286e2485dd0, 0x00000286e2486c40, 0x00000286e1f85f20,
0x00000286e1f85580, 0x00000286e1f898e0, 0x00000286e1f85a50, 0x00000286e1f885a0,
0x00000286e1f87730, 0x00000286e1f88f40, 0x00000286e1f863f0, 0x00000286e1f87260,
0x00000286e1f87c00, 0x00000286e1f880d0, 0x00000286e1f868c0, 0x00000286e1f86d90,
0x00000286e1f838a0, 0x00000286e1f82560, 0x00000286e1f88a70, 0x00000286e1f89410,
0x00000286e1f82090, 0x00000286e1f82a30, 0x00000286e1f82f00, 0x00000286e1f83d70,
0x00000286e1f84240, 0x00000286e1f84710, 0x00000286e1f833d0, 0x00000286e1f84be0,
0x00000286e1f850b0, 0x00000286e2d0a8f0, 0x00000286e2d0c5d0, 0x00000286e2d08c10,
0x00000286e2d09a80, 0x00000286e2d078d0, 0x00000286e2d09f50, 0x00000286e2d08270,
0x00000286e2d090e0, 0x00000286e2d07da0, 0x00000286e2d060c0, 0x00000286e2d06590,
0x00000286e2d06a60, 0x00000286e2d07400, 0x00000286e2d0c100, 0x00000286e2d05250,
0x00000286e2d04d80, 0x00000286e2d0adc0, 0x00000286e2d06f30, 0x00000286e2d0bc30,
0x00000286e2d08740, 0x00000286e2d095b0, 0x00000286e2d0b290, 0x00000286e2d0b760,
0x00000286e2d05720, 0x00000286e3eaea20
}

Java Threads: ( => current thread )
  0x00000286b8a70f30 JavaThread "main" [_thread_blocked, id=18300, stack(0x00000097efa00000,0x00000097efb00000)]
  0x00000286d8c5e060 JavaThread "Reference Handler" daemon [_thread_blocked, id=18176, stack(0x00000097f0100000,0x00000097f0200000)]
  0x00000286d8c5e910 JavaThread "Finalizer" daemon [_thread_blocked, id=17092, stack(0x00000097f0200000,0x00000097f0300000)]
  0x00000286d8c7b020 JavaThread "Signal Dispatcher" daemon [_thread_blocked, id=2980, stack(0x00000097f0300000,0x00000097f0400000)]
  0x00000286d8c7b8d0 JavaThread "Attach Listener" daemon [_thread_blocked, id=3112, stack(0x00000097f0400000,0x00000097f0500000)]
  0x00000286d8c7c180 JavaThread "Service Thread" daemon [_thread_blocked, id=6300, stack(0x00000097f0500000,0x00000097f0600000)]
  0x00000286d8c7ea40 JavaThread "Monitor Deflation Thread" daemon [_thread_blocked, id=3776, stack(0x00000097f0600000,0x00000097f0700000)]
  0x00000286d8c7f760 JavaThread "C2 CompilerThread0" daemon [_thread_blocked, id=6704, stack(0x00000097f0700000,0x00000097f0800000)]
  0x00000286d8c8a070 JavaThread "C1 CompilerThread0" daemon [_thread_blocked, id=11696, stack(0x00000097f0800000,0x00000097f0900000)]
  0x00000286d8c8cab0 JavaThread "Sweeper thread" daemon [_thread_blocked, id=5904, stack(0x00000097f0900000,0x00000097f0a00000)]
  0x00000286dd0a2b00 JavaThread "Common-Cleaner" daemon [_thread_blocked, id=11648, stack(0x00000097f0a00000,0x00000097f0b00000)]
  0x00000286dd0a35f0 JavaThread "Notification Thread" daemon [_thread_blocked, id=9964, stack(0x00000097f0b00000,0x00000097f0c00000)]
  0x00000286dd1ebb10 JavaThread "C2 CompilerThread1" daemon [_thread_blocked, id=14684, stack(0x00000097f0d00000,0x00000097f0e00000)]
  0x00000286de634250 JavaThread "Daemon health stats" [_thread_blocked, id=4120, stack(0x00000097f1400000,0x00000097f1500000)]
  0x00000286de9035f0 JavaThread "Incoming local TCP Connector on port 62868" [_thread_in_native, id=4028, stack(0x00000097f1500000,0x00000097f1600000)]
  0x00000286de454e40 JavaThread "Daemon periodic checks" [_thread_blocked, id=14184, stack(0x00000097f1600000,0x00000097f1700000)]
  0x00000286dea5bda0 JavaThread "Daemon" [_thread_blocked, id=11304, stack(0x00000097f1700000,0x00000097f1800000)]
  0x00000286dea7ba20 JavaThread "Handler for socket connection from /127.0.0.1:62868 to /127.0.0.1:62869" [_thread_in_native, id=18252, stack(0x00000097f1800000,0x00000097f1900000)]
  0x00000286dea7b320 JavaThread "Cancel handler" [_thread_blocked, id=18344, stack(0x00000097f1900000,0x00000097f1a00000)]
  0x00000286de849a20 JavaThread "Daemon worker" [_thread_blocked, id=8180, stack(0x00000097f1a00000,0x00000097f1b00000)]
  0x00000286de84c0d0 JavaThread "Asynchronous log dispatcher for DefaultDaemonConnection: socket connection from /127.0.0.1:62868 to /127.0.0.1:62869" [_thread_blocked, id=12248, stack(0x00000097f1b00000,0x00000097f1c00000)]
  0x00000286de3dacd0 JavaThread "Stdin handler" [_thread_blocked, id=16284, stack(0x00000097f1c00000,0x00000097f1d00000)]
  0x00000286de3db670 JavaThread "Daemon client event forwarder" [_thread_blocked, id=12788, stack(0x00000097f1d00000,0x00000097f1e00000)]
  0x00000286de3d9990 JavaThread "Cache worker for journal cache (C:\Program Files\Android\gradle-7.3.3\caches\journal-1)" [_thread_blocked, id=15684, stack(0x00000097f1e00000,0x00000097f1f00000)]
  0x00000286de3d8ff0 JavaThread "File lock request listener" [_thread_in_native, id=3964, stack(0x00000097f1f00000,0x00000097f2000000)]
  0x00000286de3db1a0 JavaThread "Cache worker for file hash cache (C:\Program Files\Android\gradle-7.3.3\caches\7.3.3\fileHashes)" [_thread_blocked, id=11324, stack(0x00000097f2000000,0x00000097f2100000)]
  0x00000286de3d8650 JavaThread "Cache worker for file hash cache (D:\EmailLogin\.gradle\7.3.3\fileHashes)" [_thread_blocked, id=6904, stack(0x00000097f2100000,0x00000097f2200000)]
  0x00000286dd1ea1c0 JavaThread "C2 CompilerThread2" daemon [_thread_in_native, id=3444, stack(0x00000097f2200000,0x00000097f2300000)]
  0x00000286de3d8b20 JavaThread "File watcher server" daemon [_thread_in_native, id=15136, stack(0x00000097f2300000,0x00000097f2400000)]
  0x00000286de3d94c0 JavaThread "File watcher consumer" daemon [_thread_blocked, id=16256, stack(0x00000097f2400000,0x00000097f2500000)]
  0x00000286de3d9e60 JavaThread "jar transforms" [_thread_blocked, id=9844, stack(0x00000097f2600000,0x00000097f2700000)]
  0x00000286de3da330 JavaThread "jar transforms Thread 2" [_thread_blocked, id=18256, stack(0x00000097f2700000,0x00000097f2800000)]
  0x00000286de3da800 JavaThread "jar transforms Thread 3" [_thread_blocked, id=11628, stack(0x00000097f2800000,0x00000097f2900000)]
  0x00000286dfcf48b0 JavaThread "jar transforms Thread 4" [_thread_blocked, id=8840, stack(0x00000097f2900000,0x00000097f2a00000)]
  0x00000286dfcf0080 JavaThread "jar transforms Thread 5" [_thread_blocked, id=17988, stack(0x00000097f2a00000,0x00000097f2b00000)]
  0x00000286dfcf60c0 JavaThread "jar transforms Thread 6" [_thread_blocked, id=16288, stack(0x00000097f2b00000,0x00000097f2c00000)]
  0x00000286dfcf5250 JavaThread "jar transforms Thread 7" [_thread_blocked, id=10992, stack(0x00000097f2c00000,0x00000097f2d00000)]
  0x00000286dfcf2230 JavaThread "jar transforms Thread 8" [_thread_blocked, id=16076, stack(0x00000097f2d00000,0x00000097f2e00000)]
  0x00000286dfcf1890 JavaThread "Cache worker for checksums cache (D:\EmailLogin\.gradle\7.3.3\checksums)" [_thread_blocked, id=5484, stack(0x00000097f2f00000,0x00000097f3000000)]
  0x00000286dfcf0a20 JavaThread "Cache worker for cache directory md-supplier (C:\Program Files\Android\gradle-7.3.3\caches\7.3.3\md-supplier)" [_thread_blocked, id=14724, stack(0x00000097f3000000,0x00000097f3100000)]
  0x00000286dfcf6590 JavaThread "Cache worker for cache directory md-rule (C:\Program Files\Android\gradle-7.3.3\caches\7.3.3\md-rule)" [_thread_blocked, id=17496, stack(0x00000097f3100000,0x00000097f3200000)]
  0x00000286dfcf7400 JavaThread "Cache worker for execution history cache (C:\Program Files\Android\gradle-7.3.3\caches\7.3.3\executionHistory)" [_thread_blocked, id=2304, stack(0x00000097f3200000,0x00000097f3300000)]
  0x00000286dfcf2bd0 JavaThread "Cache worker for file content cache (C:\Program Files\Android\gradle-7.3.3\caches\7.3.3\fileContent)" [_thread_blocked, id=15628, stack(0x00000097f3500000,0x00000097f3600000)]
  0x00000286dfcf78d0 JavaThread "Cache worker for dependencies-accessors (D:\EmailLogin\.gradle\7.3.3\dependencies-accessors)" [_thread_blocked, id=7984, stack(0x00000097f3600000,0x00000097f3700000)]
  0x00000286dfcf0550 JavaThread "Cache worker for Build Output Cleanup Cache (D:\EmailLogin\.gradle\buildOutputCleanup)" [_thread_blocked, id=15340, stack(0x00000097f3700000,0x00000097f3800000)]
  0x00000286dfcf3f10 JavaThread "Unconstrained build operations" [_thread_blocked, id=12620, stack(0x00000097f3800000,0x00000097f3900000)]
  0x00000286dfcf43e0 JavaThread "Unconstrained build operations Thread 2" [_thread_blocked, id=4068, stack(0x00000097f3900000,0x00000097f3a00000)]
  0x00000286dfcf4d80 JavaThread "Unconstrained build operations Thread 3" [_thread_blocked, id=15924, stack(0x00000097f3a00000,0x00000097f3b00000)]
  0x00000286de3dbb40 JavaThread "Unconstrained build operations Thread 4" [_thread_blocked, id=11820, stack(0x00000097f3b00000,0x00000097f3c00000)]
  0x00000286e24810d0 JavaThread "Unconstrained build operations Thread 5" [_thread_blocked, id=6732, stack(0x00000097f3c00000,0x00000097f3d00000)]
  0x00000286e2481a70 JavaThread "Unconstrained build operations Thread 6" [_thread_blocked, id=11112, stack(0x00000097f3d00000,0x00000097f3e00000)]
  0x00000286e24840f0 JavaThread "Unconstrained build operations Thread 7" [_thread_blocked, id=8588, stack(0x00000097f3e00000,0x00000097f3f00000)]
  0x00000286e24815a0 JavaThread "Unconstrained build operations Thread 8" [_thread_blocked, id=9804, stack(0x00000097f3f00000,0x00000097f4000000)]
  0x00000286e2481f40 JavaThread "Unconstrained build operations Thread 9" [_thread_blocked, id=11440, stack(0x00000097f4000000,0x00000097f4100000)]
  0x00000286e2482db0 JavaThread "Unconstrained build operations Thread 10" [_thread_blocked, id=16912, stack(0x00000097f4100000,0x00000097f4200000)]
  0x00000286e2486770 JavaThread "Unconstrained build operations Thread 11" [_thread_blocked, id=17204, stack(0x00000097f4200000,0x00000097f4300000)]
  0x00000286e24828e0 JavaThread "Unconstrained build operations Thread 12" [_thread_blocked, id=16740, stack(0x00000097f4300000,0x00000097f4400000)]
  0x00000286e2482410 JavaThread "Unconstrained build operations Thread 13" [_thread_blocked, id=1324, stack(0x00000097f4400000,0x00000097f4500000)]
  0x00000286e2483750 JavaThread "Unconstrained build operations Thread 14" [_thread_blocked, id=6820, stack(0x00000097f4500000,0x00000097f4600000)]
  0x00000286e2483280 JavaThread "Unconstrained build operations Thread 15" [_thread_blocked, id=10724, stack(0x00000097f4600000,0x00000097f4700000)]
  0x00000286e24875e0 JavaThread "Unconstrained build operations Thread 16" [_thread_blocked, id=16036, stack(0x00000097f4700000,0x00000097f4800000)]
  0x00000286e2488920 JavaThread "Unconstrained build operations Thread 17" [_thread_blocked, id=17660, stack(0x00000097f4800000,0x00000097f4900000)]
  0x00000286e2487ab0 JavaThread "Unconstrained build operations Thread 18" [_thread_blocked, id=8540, stack(0x00000097f4900000,0x00000097f4a00000)]
  0x00000286e2487f80 JavaThread "Unconstrained build operations Thread 19" [_thread_blocked, id=7112, stack(0x00000097f4a00000,0x00000097f4b00000)]
  0x00000286e2484a90 JavaThread "Unconstrained build operations Thread 20" [_thread_blocked, id=16056, stack(0x00000097f4b00000,0x00000097f4c00000)]
  0x00000286e2483c20 JavaThread "Unconstrained build operations Thread 21" [_thread_blocked, id=17556, stack(0x00000097f4c00000,0x00000097f4d00000)]
  0x00000286e2487110 JavaThread "Unconstrained build operations Thread 22" [_thread_blocked, id=12600, stack(0x00000097f4d00000,0x00000097f4e00000)]
  0x00000286e24845c0 JavaThread "Unconstrained build operations Thread 23" [_thread_blocked, id=9100, stack(0x00000097f4e00000,0x00000097f4f00000)]
  0x00000286e2488450 JavaThread "Unconstrained build operations Thread 24" [_thread_blocked, id=17292, stack(0x00000097f4f00000,0x00000097f5000000)]
  0x00000286e24862a0 JavaThread "Unconstrained build operations Thread 25" [_thread_blocked, id=14588, stack(0x00000097f5000000,0x00000097f5100000)]
  0x00000286e2484f60 JavaThread "Unconstrained build operations Thread 26" [_thread_blocked, id=2516, stack(0x00000097f5100000,0x00000097f5200000)]
  0x00000286e2485430 JavaThread "Unconstrained build operations Thread 27" [_thread_blocked, id=16940, stack(0x00000097f5200000,0x00000097f5300000)]
  0x00000286e2485900 JavaThread "Unconstrained build operations Thread 28" [_thread_blocked, id=11408, stack(0x00000097f5300000,0x00000097f5400000)]
  0x00000286e2485dd0 JavaThread "Unconstrained build operations Thread 29" [_thread_blocked, id=1476, stack(0x00000097f5400000,0x00000097f5500000)]
  0x00000286e2486c40 JavaThread "Unconstrained build operations Thread 30" [_thread_blocked, id=13484, stack(0x00000097f5500000,0x00000097f5600000)]
  0x00000286e1f85f20 JavaThread "Unconstrained build operations Thread 31" [_thread_blocked, id=6076, stack(0x00000097f5600000,0x00000097f5700000)]
  0x00000286e1f85580 JavaThread "Unconstrained build operations Thread 32" [_thread_blocked, id=10248, stack(0x00000097f5700000,0x00000097f5800000)]
  0x00000286e1f898e0 JavaThread "Unconstrained build operations Thread 33" [_thread_blocked, id=7124, stack(0x00000097f5800000,0x00000097f5900000)]
  0x00000286e1f85a50 JavaThread "Unconstrained build operations Thread 34" [_thread_blocked, id=15828, stack(0x00000097f5900000,0x00000097f5a00000)]
  0x00000286e1f885a0 JavaThread "Unconstrained build operations Thread 35" [_thread_blocked, id=15036, stack(0x00000097f5a00000,0x00000097f5b00000)]
  0x00000286e1f87730 JavaThread "Unconstrained build operations Thread 36" [_thread_blocked, id=8280, stack(0x00000097f5b00000,0x00000097f5c00000)]
  0x00000286e1f88f40 JavaThread "Unconstrained build operations Thread 37" [_thread_blocked, id=10292, stack(0x00000097f5c00000,0x00000097f5d00000)]
  0x00000286e1f863f0 JavaThread "Unconstrained build operations Thread 38" [_thread_blocked, id=3816, stack(0x00000097f5d00000,0x00000097f5e00000)]
  0x00000286e1f87260 JavaThread "Unconstrained build operations Thread 39" [_thread_blocked, id=8652, stack(0x00000097f5e00000,0x00000097f5f00000)]
  0x00000286e1f87c00 JavaThread "Unconstrained build operations Thread 40" [_thread_blocked, id=12388, stack(0x00000097f5f00000,0x00000097f6000000)]
  0x00000286e1f880d0 JavaThread "Unconstrained build operations Thread 41" [_thread_blocked, id=8916, stack(0x00000097f6000000,0x00000097f6100000)]
  0x00000286e1f868c0 JavaThread "Unconstrained build operations Thread 42" [_thread_blocked, id=17488, stack(0x00000097f6100000,0x00000097f6200000)]
  0x00000286e1f86d90 JavaThread "Unconstrained build operations Thread 43" [_thread_blocked, id=10472, stack(0x00000097f6200000,0x00000097f6300000)]
  0x00000286e1f838a0 JavaThread "Unconstrained build operations Thread 44" [_thread_blocked, id=1964, stack(0x00000097f6300000,0x00000097f6400000)]
  0x00000286e1f82560 JavaThread "Unconstrained build operations Thread 45" [_thread_blocked, id=7396, stack(0x00000097f6400000,0x00000097f6500000)]
  0x00000286e1f88a70 JavaThread "Unconstrained build operations Thread 46" [_thread_blocked, id=4348, stack(0x00000097f6500000,0x00000097f6600000)]
  0x00000286e1f89410 JavaThread "Unconstrained build operations Thread 47" [_thread_blocked, id=11616, stack(0x00000097f6600000,0x00000097f6700000)]
  0x00000286e1f82090 JavaThread "Unconstrained build operations Thread 48" [_thread_blocked, id=5564, stack(0x00000097f6700000,0x00000097f6800000)]
  0x00000286e1f82a30 JavaThread "Unconstrained build operations Thread 49" [_thread_blocked, id=13900, stack(0x00000097f6800000,0x00000097f6900000)]
  0x00000286e1f82f00 JavaThread "Unconstrained build operations Thread 50" [_thread_blocked, id=8760, stack(0x00000097f6900000,0x00000097f6a00000)]
  0x00000286e1f83d70 JavaThread "Unconstrained build operations Thread 51" [_thread_blocked, id=18144, stack(0x00000097f6a00000,0x00000097f6b00000)]
  0x00000286e1f84240 JavaThread "Unconstrained build operations Thread 52" [_thread_blocked, id=15088, stack(0x00000097f6b00000,0x00000097f6c00000)]
  0x00000286e1f84710 JavaThread "Unconstrained build operations Thread 53" [_thread_blocked, id=2384, stack(0x00000097f6c00000,0x00000097f6d00000)]
  0x00000286e1f833d0 JavaThread "Unconstrained build operations Thread 54" [_thread_blocked, id=4532, stack(0x00000097f6d00000,0x00000097f6e00000)]
  0x00000286e1f84be0 JavaThread "Unconstrained build operations Thread 55" [_thread_blocked, id=9408, stack(0x00000097f6e00000,0x00000097f6f00000)]
  0x00000286e1f850b0 JavaThread "Unconstrained build operations Thread 56" [_thread_blocked, id=13188, stack(0x00000097f6f00000,0x00000097f7000000)]
  0x00000286e2d0a8f0 JavaThread "Unconstrained build operations Thread 57" [_thread_blocked, id=10800, stack(0x00000097f7000000,0x00000097f7100000)]
  0x00000286e2d0c5d0 JavaThread "Unconstrained build operations Thread 58" [_thread_blocked, id=15460, stack(0x00000097f7100000,0x00000097f7200000)]
  0x00000286e2d08c10 JavaThread "Unconstrained build operations Thread 59" [_thread_blocked, id=1756, stack(0x00000097f7200000,0x00000097f7300000)]
  0x00000286e2d09a80 JavaThread "Unconstrained build operations Thread 60" [_thread_blocked, id=15748, stack(0x00000097f7300000,0x00000097f7400000)]
  0x00000286e2d078d0 JavaThread "Unconstrained build operations Thread 61" [_thread_blocked, id=15380, stack(0x00000097f7400000,0x00000097f7500000)]
  0x00000286e2d09f50 JavaThread "Unconstrained build operations Thread 62" [_thread_blocked, id=5748, stack(0x00000097f7500000,0x00000097f7600000)]
  0x00000286e2d08270 JavaThread "Unconstrained build operations Thread 63" [_thread_blocked, id=12708, stack(0x00000097f7600000,0x00000097f7700000)]
  0x00000286e2d090e0 JavaThread "Unconstrained build operations Thread 64" [_thread_blocked, id=11160, stack(0x00000097f7700000,0x00000097f7800000)]
  0x00000286e2d07da0 JavaThread "Unconstrained build operations Thread 65" [_thread_blocked, id=10496, stack(0x00000097f7800000,0x00000097f7900000)]
  0x00000286e2d060c0 JavaThread "Unconstrained build operations Thread 66" [_thread_blocked, id=18248, stack(0x00000097f7900000,0x00000097f7a00000)]
  0x00000286e2d06590 JavaThread "Unconstrained build operations Thread 67" [_thread_blocked, id=3900, stack(0x00000097f7a00000,0x00000097f7b00000)]
  0x00000286e2d06a60 JavaThread "Unconstrained build operations Thread 68" [_thread_blocked, id=10984, stack(0x00000097f7b00000,0x00000097f7c00000)]
  0x00000286e2d07400 JavaThread "Unconstrained build operations Thread 69" [_thread_blocked, id=11340, stack(0x00000097f7c00000,0x00000097f7d00000)]
  0x00000286e2d0c100 JavaThread "Unconstrained build operations Thread 70" [_thread_blocked, id=10704, stack(0x00000097f7d00000,0x00000097f7e00000)]
  0x00000286e2d05250 JavaThread "Unconstrained build operations Thread 71" [_thread_blocked, id=5820, stack(0x00000097f7e00000,0x00000097f7f00000)]
  0x00000286e2d04d80 JavaThread "Unconstrained build operations Thread 72" [_thread_blocked, id=12648, stack(0x00000097f7f00000,0x00000097f8000000)]
  0x00000286e2d0adc0 JavaThread "Unconstrained build operations Thread 73" [_thread_blocked, id=14340, stack(0x00000097f8000000,0x00000097f8100000)]
  0x00000286e2d06f30 JavaThread "Unconstrained build operations Thread 74" [_thread_blocked, id=7848, stack(0x00000097f8100000,0x00000097f8200000)]
  0x00000286e2d0bc30 JavaThread "Unconstrained build operations Thread 75" [_thread_blocked, id=14756, stack(0x00000097f8200000,0x00000097f8300000)]
  0x00000286e2d08740 JavaThread "Unconstrained build operations Thread 76" [_thread_blocked, id=18192, stack(0x00000097f8300000,0x00000097f8400000)]
  0x00000286e2d095b0 JavaThread "Unconstrained build operations Thread 77" [_thread_blocked, id=18148, stack(0x00000097f8400000,0x00000097f8500000)]
  0x00000286e2d0b290 JavaThread "Unconstrained build operations Thread 78" [_thread_blocked, id=5492, stack(0x00000097f8500000,0x00000097f8600000)]
  0x00000286e2d0b760 JavaThread "Unconstrained build operations Thread 79" [_thread_blocked, id=11448, stack(0x00000097f8600000,0x00000097f8700000)]
  0x00000286e2d05720 JavaThread "Unconstrained build operations Thread 80" [_thread_blocked, id=428, stack(0x00000097f8700000,0x00000097f8800000)]
  0x00000286e3eaea20 JavaThread "Memory manager" [_thread_blocked, id=18212, stack(0x00000097f8800000,0x00000097f8900000)]

Other Threads:
=>0x00000286d8c5b4f0 VMThread "VM Thread" [stack: 0x00000097f0000000,0x00000097f0100000] [id=7220]
  0x00000286dd0a4ed0 WatcherThread "VM Periodic Task Thread" [stack: 0x00000097f0c00000,0x00000097f0d00000] [id=16516]
  0x00000286b8ad2410 WorkerThread "GC Thread#0" [stack: 0x00000097efb00000,0x00000097efc00000] [id=5792]
  0x00000286dda60a60 WorkerThread "GC Thread#1" [stack: 0x00000097f0e00000,0x00000097f0f00000] [id=16508]
  0x00000286dda61cc0 WorkerThread "GC Thread#2" [stack: 0x00000097f0f00000,0x00000097f1000000] [id=2800]
  0x00000286dda607c0 WorkerThread "GC Thread#3" [stack: 0x00000097f1000000,0x00000097f1100000] [id=10192]
  0x00000286dda62200 WorkerThread "GC Thread#4" [stack: 0x00000097f1100000,0x00000097f1200000] [id=12916]
  0x00000286dda61f60 WorkerThread "GC Thread#5" [stack: 0x00000097f1200000,0x00000097f1300000] [id=7732]
  0x00000286dda614e0 WorkerThread "GC Thread#6" [stack: 0x00000097f1300000,0x00000097f1400000] [id=16572]
  0x00000286dda624a0 WorkerThread "GC Thread#7" [stack: 0x00000097f2500000,0x00000097f2600000] [id=11028]
  0x00000286b8ae3250 ConcurrentGCThread "G1 Main Marker" [stack: 0x00000097efc00000,0x00000097efd00000] [id=14372]
  0x00000286b8ae3b50 WorkerThread "G1 Conc#0" [stack: 0x00000097efd00000,0x00000097efe00000] [id=8408]
  0x00000286e03ec270 WorkerThread "G1 Conc#1" [stack: 0x00000097f2e00000,0x00000097f2f00000] [id=6828]
  0x00000286b8b37bb0 ConcurrentGCThread "G1 Refine#0" [stack: 0x00000097efe00000,0x00000097eff00000] [id=13340]
  0x00000286df3afcb0 ConcurrentGCThread "G1 Refine#1" [stack: 0x00000097f3300000,0x00000097f3400000] [id=8456]
  0x00000286df3b07f0 ConcurrentGCThread "G1 Refine#2" [stack: 0x00000097f3400000,0x00000097f3500000] [id=18284]
  0x00000286b8b383d0 ConcurrentGCThread "G1 Service" [stack: 0x00000097eff00000,0x00000097f0000000] [id=3328]

Threads with active compile tasks:
C2 CompilerThread0     5493 7561   !   4       java.util.concurrent.ConcurrentHashMap::computeIfAbsent (576 bytes)
C1 CompilerThread0     5493 7571       3       com.android.utils.StringHelper::appendCapitalized (309 bytes)
C2 CompilerThread1     5493 7572       4       java.lang.Enum::compareTo (44 bytes)
C2 CompilerThread2     5493 7504 %     4       org.gradle.internal.instantiation.generator.AbstractClassGenerator::inspectType @ 107 (560 bytes)

VM state: at safepoint (normal execution)

VM Mutex/Monitor currently owned by a thread:  ([mutex/lock_event])
[0x00000286b8a6abb0] Threads_lock - owner thread: 0x00000286d8c5b4f0
[0x00000286b8a6c3e0] Heap_lock - owner thread: 0x00000286de849a20

Heap address: 0x0000000080000000, size: 2048 MB, Compressed Oops mode: 32-bit

CDS archive(s) mapped at: [0x0000000800000000-0x0000000800ba0000-0x0000000800ba0000), size 12189696, SharedBaseAddress: 0x0000000800000000, ArchiveRelocationMode: 0.
Compressed class space mapped at: 0x0000000800c00000-0x0000000840c00000, reserved size: 1073741824
Narrow klass base: 0x0000000800000000, Narrow klass shift: 0, Narrow klass range: 0x100000000

GC Precious Log:
 CardTable entry size: 512
 Card Set container configuration: InlinePtr #cards 5 size 8 Array Of Cards #cards 12 size 40 Howl #buckets 4 coarsen threshold 1843 Howl Bitmap #cards 512 size 80 coarsen threshold 460 Card regions per heap region 1 cards per card region 2048
 CPUs: 8 total, 8 available
 Memory: 7987M
 Large Page Support: Disabled
 NUMA Support: Disabled
 Compressed Oops: Enabled (32-bit)
 Heap Region Size: 1M
 Heap Min Capacity: 8M
 Heap Initial Capacity: 126M
 Heap Max Capacity: 2G
 Pre-touch: Disabled
 Parallel Workers: 8
 Concurrent Workers: 2
 Concurrent Refinement Workers: 8
 Periodic GC: Disabled

Heap:
 garbage-first heap   total 156672K, used 85879K [0x0000000080000000, 0x0000000100000000)
  region size 1024K, 3 young (3072K), 3 survivors (3072K)
 Metaspace       used 63784K, committed 65600K, reserved 1114112K
  class space    used 8672K, committed 9600K, reserved 1048576K

Heap Regions: E=young(eden), S=young(survivor), O=old, HS=humongous(starts), HC=humongous(continues), CS=collection set, F=free, OA=open archive, CA=closed archive, TAMS=top-at-mark-start (previous, next)
|   0|0x0000000080000000, 0x0000000080100000, 0x0000000080100000|100%|HS|  |TAMS 0x0000000080100000, 0x0000000080100000| Complete 
|   1|0x0000000080100000, 0x0000000080200000, 0x0000000080200000|100%| O|  |TAMS 0x0000000080200000, 0x0000000080200000| Untracked 
|   2|0x0000000080200000, 0x0000000080300000, 0x0000000080300000|100%| O|  |TAMS 0x0000000080300000, 0x0000000080300000| Untracked 
|   3|0x0000000080300000, 0x0000000080400000, 0x0000000080400000|100%|HS|  |TAMS 0x0000000080400000, 0x0000000080400000| Complete 
|   4|0x0000000080400000, 0x0000000080500000, 0x0000000080500000|100%|HC|  |TAMS 0x0000000080500000, 0x0000000080500000| Complete 
|   5|0x0000000080500000, 0x0000000080600000, 0x0000000080600000|100%|HC|  |TAMS 0x0000000080600000, 0x0000000080600000| Complete 
|   6|0x0000000080600000, 0x0000000080700000, 0x0000000080700000|100%| O|  |TAMS 0x0000000080700000, 0x0000000080700000| Untracked 
|   7|0x0000000080700000, 0x0000000080800000, 0x0000000080800000|100%| O|  |TAMS 0x0000000080800000, 0x0000000080800000| Untracked 
|   8|0x0000000080800000, 0x0000000080900000, 0x0000000080900000|100%| O|  |TAMS 0x0000000080900000, 0x0000000080900000| Untracked 
|   9|0x0000000080900000, 0x0000000080a00000, 0x0000000080a00000|100%| O|  |TAMS 0x0000000080a00000, 0x0000000080a00000| Untracked 
|  10|0x0000000080a00000, 0x0000000080b00000, 0x0000000080b00000|100%| O|  |TAMS 0x0000000080b00000, 0x0000000080b00000| Untracked 
|  11|0x0000000080b00000, 0x0000000080c00000, 0x0000000080c00000|100%| O|  |TAMS 0x0000000080c00000, 0x0000000080c00000| Untracked 
|  12|0x0000000080c00000, 0x0000000080d00000, 0x0000000080d00000|100%|HS|  |TAMS 0x0000000080d00000, 0x0000000080d00000| Complete 
|  13|0x0000000080d00000, 0x0000000080e00000, 0x0000000080e00000|100%|HC|  |TAMS 0x0000000080e00000, 0x0000000080e00000| Complete 
|  14|0x0000000080e00000, 0x0000000080f00000, 0x0000000080f00000|100%|HS|  |TAMS 0x0000000080f00000, 0x0000000080f00000| Complete 
|  15|0x0000000080f00000, 0x0000000081000000, 0x0000000081000000|100%|HC|  |TAMS 0x0000000081000000, 0x0000000081000000| Complete 
|  16|0x0000000081000000, 0x0000000081100000, 0x0000000081100000|100%|HC|  |TAMS 0x0000000081100000, 0x0000000081100000| Complete 
|  17|0x0000000081100000, 0x0000000081200000, 0x0000000081200000|100%|HS|  |TAMS 0x0000000081200000, 0x0000000081200000| Complete 
|  18|0x0000000081200000, 0x0000000081300000, 0x0000000081300000|100%|HC|  |TAMS 0x0000000081300000, 0x0000000081300000| Complete 
|  19|0x0000000081300000, 0x0000000081400000, 0x0000000081400000|100%|HC|  |TAMS 0x0000000081400000, 0x0000000081400000| Complete 
|  20|0x0000000081400000, 0x0000000081500000, 0x0000000081500000|100%|HC|  |TAMS 0x0000000081500000, 0x0000000081500000| Complete 
|  21|0x0000000081500000, 0x0000000081600000, 0x0000000081600000|100%| O|  |TAMS 0x0000000081600000, 0x0000000081600000| Untracked 
|  22|0x0000000081600000, 0x0000000081700000, 0x0000000081700000|100%| O|  |TAMS 0x0000000081700000, 0x0000000081700000| Untracked 
|  23|0x0000000081700000, 0x0000000081800000, 0x0000000081800000|100%| O|  |TAMS 0x0000000081800000, 0x0000000081800000| Untracked 
|  24|0x0000000081800000, 0x0000000081900000, 0x0000000081900000|100%| O|  |TAMS 0x0000000081900000, 0x0000000081900000| Untracked 
|  25|0x0000000081900000, 0x0000000081a00000, 0x0000000081a00000|100%| O|  |TAMS 0x0000000081a00000, 0x0000000081a00000| Untracked 
|  26|0x0000000081a00000, 0x0000000081b00000, 0x0000000081b00000|100%| O|  |TAMS 0x0000000081b00000, 0x0000000081b00000| Untracked 
|  27|0x0000000081b00000, 0x0000000081c00000, 0x0000000081c00000|100%| O|  |TAMS 0x0000000081c00000, 0x0000000081c00000| Untracked 
|  28|0x0000000081c00000, 0x0000000081d00000, 0x0000000081d00000|100%| O|  |TAMS 0x0000000081d00000, 0x0000000081d00000| Untracked 
|  29|0x0000000081d00000, 0x0000000081dc9000, 0x0000000081e00000| 78%| O|  |TAMS 0x0000000081dc9000, 0x0000000081dc9000| Untracked 
|  30|0x0000000081e00000, 0x0000000081f00000, 0x0000000081f00000|100%| O|  |TAMS 0x0000000081f00000, 0x0000000081f00000| Untracked 
|  31|0x0000000081f00000, 0x0000000082000000, 0x0000000082000000|100%| O|  |TAMS 0x0000000082000000, 0x0000000082000000| Untracked 
|  32|0x0000000082000000, 0x0000000082100000, 0x0000000082100000|100%| O|  |TAMS 0x0000000082100000, 0x0000000082100000| Untracked 
|  33|0x0000000082100000, 0x0000000082200000, 0x0000000082200000|100%|HS|  |TAMS 0x0000000082200000, 0x0000000082200000| Complete 
|  34|0x0000000082200000, 0x0000000082300000, 0x0000000082300000|100%| O|  |TAMS 0x0000000082300000, 0x0000000082300000| Untracked 
|  35|0x0000000082300000, 0x0000000082400000, 0x0000000082400000|100%| O|  |TAMS 0x0000000082400000, 0x0000000082400000| Untracked 
|  36|0x0000000082400000, 0x0000000082500000, 0x0000000082500000|100%| O|  |TAMS 0x0000000082500000, 0x0000000082500000| Untracked 
|  37|0x0000000082500000, 0x0000000082600000, 0x0000000082600000|100%| O|  |TAMS 0x0000000082600000, 0x0000000082600000| Untracked 
|  38|0x0000000082600000, 0x0000000082700000, 0x0000000082700000|100%| O|  |TAMS 0x0000000082700000, 0x0000000082700000| Untracked 
|  39|0x0000000082700000, 0x0000000082800000, 0x0000000082800000|100%| O|  |TAMS 0x0000000082800000, 0x0000000082800000| Untracked 
|  40|0x0000000082800000, 0x0000000082900000, 0x0000000082900000|100%| O|  |TAMS 0x0000000082900000, 0x0000000082900000| Untracked 
|  41|0x0000000082900000, 0x0000000082a00000, 0x0000000082a00000|100%| O|  |TAMS 0x0000000082a00000, 0x0000000082a00000| Untracked 
|  42|0x0000000082a00000, 0x0000000082b00000, 0x0000000082b00000|100%| O|  |TAMS 0x0000000082a00000, 0x0000000082b00000| Untracked 
|  43|0x0000000082b00000, 0x0000000082c00000, 0x0000000082c00000|100%| O|  |TAMS 0x0000000082c00000, 0x0000000082c00000| Untracked 
|  44|0x0000000082c00000, 0x0000000082d00000, 0x0000000082d00000|100%|HS|  |TAMS 0x0000000082d00000, 0x0000000082d00000| Complete 
|  45|0x0000000082d00000, 0x0000000082e00000, 0x0000000082e00000|100%|HC|  |TAMS 0x0000000082e00000, 0x0000000082e00000| Complete 
|  46|0x0000000082e00000, 0x0000000082f00000, 0x0000000082f00000|100%|HC|  |TAMS 0x0000000082f00000, 0x0000000082f00000| Complete 
|  47|0x0000000082f00000, 0x0000000083000000, 0x0000000083000000|100%|HS|  |TAMS 0x0000000083000000, 0x0000000083000000| Complete 
|  48|0x0000000083000000, 0x0000000083100000, 0x0000000083100000|100%|HC|  |TAMS 0x0000000083100000, 0x0000000083100000| Complete 
|  49|0x0000000083100000, 0x0000000083200000, 0x0000000083200000|100%|HC|  |TAMS 0x0000000083200000, 0x0000000083200000| Complete 
|  50|0x0000000083200000, 0x0000000083300000, 0x0000000083300000|100%|HC|  |TAMS 0x0000000083300000, 0x0000000083300000| Complete 
|  51|0x0000000083300000, 0x0000000083400000, 0x0000000083400000|100%| O|  |TAMS 0x0000000083400000, 0x0000000083400000| Untracked 
|  52|0x0000000083400000, 0x0000000083500000, 0x0000000083500000|100%| O|  |TAMS 0x0000000083500000, 0x0000000083500000| Untracked 
|  53|0x0000000083500000, 0x0000000083600000, 0x0000000083600000|100%| O|  |TAMS 0x0000000083600000, 0x0000000083600000| Untracked 
|  54|0x0000000083600000, 0x0000000083700000, 0x0000000083700000|100%| O|  |TAMS 0x0000000083700000, 0x0000000083700000| Untracked 
|  55|0x0000000083700000, 0x0000000083800000, 0x0000000083800000|100%| O|  |TAMS 0x0000000083800000, 0x0000000083800000| Untracked 
|  56|0x0000000083800000, 0x0000000083900000, 0x0000000083900000|100%| O|  |TAMS 0x0000000083900000, 0x0000000083900000| Untracked 
|  57|0x0000000083900000, 0x0000000083a00000, 0x0000000083a00000|100%| O|  |TAMS 0x0000000083a00000, 0x0000000083a00000| Untracked 
|  58|0x0000000083a00000, 0x0000000083b00000, 0x0000000083b00000|100%| O|  |TAMS 0x0000000083b00000, 0x0000000083b00000| Untracked 
|  59|0x0000000083b00000, 0x0000000083c00000, 0x0000000083c00000|100%| O|  |TAMS 0x0000000083c00000, 0x0000000083c00000| Untracked 
|  60|0x0000000083c00000, 0x0000000083d00000, 0x0000000083d00000|100%| O|  |TAMS 0x0000000083d00000, 0x0000000083d00000| Untracked 
|  61|0x0000000083d00000, 0x0000000083d00000, 0x0000000083e00000|  0%| F|  |TAMS 0x0000000083d00000, 0x0000000083d00000| Untracked 
|  62|0x0000000083e00000, 0x0000000083f00000, 0x0000000083f00000|100%|HS|  |TAMS 0x0000000083f00000, 0x0000000083f00000| Complete 
|  63|0x0000000083f00000, 0x0000000084000000, 0x0000000084000000|100%|HS|  |TAMS 0x0000000084000000, 0x0000000084000000| Complete 
|  64|0x0000000084000000, 0x0000000084100000, 0x0000000084100000|100%| O|  |TAMS 0x0000000084100000, 0x0000000084100000| Untracked 
|  65|0x0000000084100000, 0x0000000084200000, 0x0000000084200000|100%|HS|  |TAMS 0x0000000084200000, 0x0000000084200000| Complete 
|  66|0x0000000084200000, 0x0000000084300000, 0x0000000084300000|100%|HC|  |TAMS 0x0000000084300000, 0x0000000084300000| Complete 
|  67|0x0000000084300000, 0x0000000084400000, 0x0000000084400000|100%| O|  |TAMS 0x0000000084400000, 0x0000000084400000| Untracked 
|  68|0x0000000084400000, 0x0000000084500000, 0x0000000084500000|100%| O|  |TAMS 0x0000000084500000, 0x0000000084500000| Untracked 
|  69|0x0000000084500000, 0x0000000084600000, 0x0000000084600000|100%| O|  |TAMS 0x0000000084600000, 0x0000000084600000| Untracked 
|  70|0x0000000084600000, 0x0000000084700000, 0x0000000084700000|100%| O|  |TAMS 0x0000000084700000, 0x0000000084700000| Untracked 
|  71|0x0000000084700000, 0x0000000084800000, 0x0000000084800000|100%| O|  |TAMS 0x0000000084800000, 0x0000000084800000| Untracked 
|  72|0x0000000084800000, 0x0000000084900000, 0x0000000084900000|100%| O|  |TAMS 0x0000000084900000, 0x0000000084900000| Untracked 
|  73|0x0000000084900000, 0x0000000084a00000, 0x0000000084a00000|100%| O|  |TAMS 0x0000000084a00000, 0x0000000084a00000| Untracked 
|  74|0x0000000084a00000, 0x0000000084b00000, 0x0000000084b00000|100%| O|  |TAMS 0x0000000084b00000, 0x0000000084b00000| Untracked 
|  75|0x0000000084b00000, 0x0000000084c00000, 0x0000000084c00000|100%| O|  |TAMS 0x0000000084c00000, 0x0000000084c00000| Untracked 
|  76|0x0000000084c00000, 0x0000000084d00000, 0x0000000084d00000|100%| O|  |TAMS 0x0000000084d00000, 0x0000000084d00000| Untracked 
|  77|0x0000000084d00000, 0x0000000084e00000, 0x0000000084e00000|100%| O|  |TAMS 0x0000000084e00000, 0x0000000084e00000| Untracked 
|  78|0x0000000084e00000, 0x0000000084f00000, 0x0000000084f00000|100%| O|  |TAMS 0x0000000084e66600, 0x0000000084f00000| Untracked 
|  79|0x0000000084f00000, 0x0000000085000000, 0x0000000085000000|100%| O|  |TAMS 0x0000000084f00000, 0x0000000085000000| Untracked 
|  80|0x0000000085000000, 0x0000000085100000, 0x0000000085100000|100%| O|  |TAMS 0x0000000085000000, 0x0000000085100000| Untracked 
|  81|0x0000000085100000, 0x0000000085200000, 0x0000000085200000|100%| O|  |TAMS 0x0000000085100000, 0x0000000085200000| Untracked 
|  82|0x0000000085200000, 0x00000000852b4c00, 0x0000000085300000| 70%| O|  |TAMS 0x0000000085200000, 0x00000000852b4c00| Untracked 
|  83|0x0000000085300000, 0x0000000085300000, 0x0000000085400000|  0%| F|  |TAMS 0x0000000085300000, 0x0000000085300000| Untracked 
|  84|0x0000000085400000, 0x0000000085400000, 0x0000000085500000|  0%| F|  |TAMS 0x0000000085400000, 0x0000000085400000| Untracked 
|  85|0x0000000085500000, 0x0000000085500000, 0x0000000085600000|  0%| F|  |TAMS 0x0000000085500000, 0x0000000085500000| Untracked 
|  86|0x0000000085600000, 0x0000000085600000, 0x0000000085700000|  0%| F|  |TAMS 0x0000000085600000, 0x0000000085600000| Untracked 
|  87|0x0000000085700000, 0x0000000085700000, 0x0000000085800000|  0%| F|  |TAMS 0x0000000085700000, 0x0000000085700000| Untracked 
|  88|0x0000000085800000, 0x0000000085800000, 0x0000000085900000|  0%| F|  |TAMS 0x0000000085800000, 0x0000000085800000| Untracked 
|  89|0x0000000085900000, 0x0000000085900000, 0x0000000085a00000|  0%| F|  |TAMS 0x0000000085900000, 0x0000000085900000| Untracked 
|  90|0x0000000085a00000, 0x0000000085a00000, 0x0000000085b00000|  0%| F|  |TAMS 0x0000000085a00000, 0x0000000085a00000| Untracked 
|  91|0x0000000085b00000, 0x0000000085b00000, 0x0000000085c00000|  0%| F|  |TAMS 0x0000000085b00000, 0x0000000085b00000| Untracked 
|  92|0x0000000085c00000, 0x0000000085c00000, 0x0000000085d00000|  0%| F|  |TAMS 0x0000000085c00000, 0x0000000085c00000| Untracked 
|  93|0x0000000085d00000, 0x0000000085d00000, 0x0000000085e00000|  0%| F|  |TAMS 0x0000000085d00000, 0x0000000085d00000| Untracked 
|  94|0x0000000085e00000, 0x0000000085e00000, 0x0000000085f00000|  0%| F|  |TAMS 0x0000000085e00000, 0x0000000085e00000| Untracked 
|  95|0x0000000085f00000, 0x0000000085f00000, 0x0000000086000000|  0%| F|  |TAMS 0x0000000085f00000, 0x0000000085f00000| Untracked 
|  96|0x0000000086000000, 0x0000000086000000, 0x0000000086100000|  0%| F|  |TAMS 0x0000000086000000, 0x0000000086000000| Untracked 
|  97|0x0000000086100000, 0x0000000086100000, 0x0000000086200000|  0%| F|  |TAMS 0x0000000086100000, 0x0000000086100000| Untracked 
|  98|0x0000000086200000, 0x0000000086200000, 0x0000000086300000|  0%| F|  |TAMS 0x0000000086200000, 0x0000000086200000| Untracked 
|  99|0x0000000086300000, 0x0000000086300000, 0x0000000086400000|  0%| F|  |TAMS 0x0000000086300000, 0x0000000086300000| Untracked 
| 100|0x0000000086400000, 0x0000000086400000, 0x0000000086500000|  0%| F|  |TAMS 0x0000000086400000, 0x0000000086400000| Untracked 
| 101|0x0000000086500000, 0x0000000086500000, 0x0000000086600000|  0%| F|  |TAMS 0x0000000086500000, 0x0000000086500000| Untracked 
| 102|0x0000000086600000, 0x0000000086600000, 0x0000000086700000|  0%| F|  |TAMS 0x0000000086600000, 0x0000000086600000| Untracked 
| 103|0x0000000086700000, 0x0000000086700000, 0x0000000086800000|  0%| F|  |TAMS 0x0000000086700000, 0x0000000086700000| Untracked 
| 104|0x0000000086800000, 0x0000000086800000, 0x0000000086900000|  0%| F|  |TAMS 0x0000000086800000, 0x0000000086800000| Untracked 
| 105|0x0000000086900000, 0x0000000086900000, 0x0000000086a00000|  0%| F|  |TAMS 0x0000000086900000, 0x0000000086900000| Untracked 
| 106|0x0000000086a00000, 0x0000000086a00000, 0x0000000086b00000|  0%| F|  |TAMS 0x0000000086a00000, 0x0000000086a00000| Untracked 
| 107|0x0000000086b00000, 0x0000000086b00000, 0x0000000086c00000|  0%| F|  |TAMS 0x0000000086b00000, 0x0000000086b00000| Untracked 
| 108|0x0000000086c00000, 0x0000000086c00000, 0x0000000086d00000|  0%| F|  |TAMS 0x0000000086c00000, 0x0000000086c00000| Untracked 
| 109|0x0000000086d00000, 0x0000000086d00000, 0x0000000086e00000|  0%| F|  |TAMS 0x0000000086d00000, 0x0000000086d00000| Untracked 
| 110|0x0000000086e00000, 0x0000000086e00000, 0x0000000086f00000|  0%| F|  |TAMS 0x0000000086e00000, 0x0000000086e00000| Untracked 
| 111|0x0000000086f00000, 0x0000000086f00000, 0x0000000087000000|  0%| F|  |TAMS 0x0000000086f00000, 0x0000000086f00000| Untracked 
| 112|0x0000000087000000, 0x0000000087000000, 0x0000000087100000|  0%| F|  |TAMS 0x0000000087000000, 0x0000000087000000| Untracked 
| 113|0x0000000087100000, 0x0000000087100000, 0x0000000087200000|  0%| F|  |TAMS 0x0000000087100000, 0x0000000087100000| Untracked 
| 114|0x0000000087200000, 0x0000000087200000, 0x0000000087300000|  0%| F|  |TAMS 0x0000000087200000, 0x0000000087200000| Untracked 
| 115|0x0000000087300000, 0x00000000873601a8, 0x0000000087400000| 37%| S|CS|TAMS 0x0000000087300000, 0x0000000087300000| Complete 
| 116|0x0000000087400000, 0x0000000087500000, 0x0000000087500000|100%| S|CS|TAMS 0x0000000087400000, 0x0000000087400000| Complete 
| 117|0x0000000087500000, 0x0000000087600000, 0x0000000087600000|100%| S|CS|TAMS 0x0000000087500000, 0x0000000087500000| Complete 
| 118|0x0000000087600000, 0x0000000087600000, 0x0000000087700000|  0%| F|  |TAMS 0x0000000087600000, 0x0000000087600000| Untracked 
| 119|0x0000000087700000, 0x0000000087700000, 0x0000000087800000|  0%| F|  |TAMS 0x0000000087700000, 0x0000000087700000| Untracked 
| 120|0x0000000087800000, 0x0000000087800000, 0x0000000087900000|  0%| F|  |TAMS 0x0000000087800000, 0x0000000087800000| Untracked 
| 121|0x0000000087900000, 0x0000000087900000, 0x0000000087a00000|  0%| F|  |TAMS 0x0000000087900000, 0x0000000087900000| Untracked 
| 122|0x0000000087a00000, 0x0000000087a00000, 0x0000000087b00000|  0%| F|  |TAMS 0x0000000087a00000, 0x0000000087a00000| Untracked 
| 123|0x0000000087b00000, 0x0000000087b00000, 0x0000000087c00000|  0%| F|  |TAMS 0x0000000087b00000, 0x0000000087b00000| Untracked 
| 124|0x0000000087c00000, 0x0000000087c00000, 0x0000000087d00000|  0%| F|  |TAMS 0x0000000087c00000, 0x0000000087c00000| Untracked 
| 125|0x0000000087d00000, 0x0000000087d00000, 0x0000000087e00000|  0%| F|  |TAMS 0x0000000087d00000, 0x0000000087d00000| Untracked 
| 126|0x0000000087e00000, 0x0000000087e00000, 0x0000000087f00000|  0%| F|  |TAMS 0x0000000087e00000, 0x0000000087e00000| Untracked 
| 127|0x0000000087f00000, 0x0000000087f00000, 0x0000000088000000|  0%| F|  |TAMS 0x0000000087f00000, 0x0000000087f00000| Untracked 
| 128|0x0000000088000000, 0x0000000088000000, 0x0000000088100000|  0%| F|  |TAMS 0x0000000088000000, 0x0000000088000000| Untracked 
| 129|0x0000000088100000, 0x0000000088100000, 0x0000000088200000|  0%| F|  |TAMS 0x0000000088100000, 0x0000000088100000| Untracked 
| 130|0x0000000088200000, 0x0000000088200000, 0x0000000088300000|  0%| F|  |TAMS 0x0000000088200000, 0x0000000088200000| Untracked 
| 131|0x0000000088300000, 0x0000000088300000, 0x0000000088400000|  0%| F|  |TAMS 0x0000000088300000, 0x0000000088300000| Untracked 
| 132|0x0000000088400000, 0x0000000088400000, 0x0000000088500000|  0%| F|  |TAMS 0x0000000088400000, 0x0000000088400000| Untracked 
| 133|0x0000000088500000, 0x0000000088500000, 0x0000000088600000|  0%| F|  |TAMS 0x0000000088500000, 0x0000000088500000| Untracked 
| 134|0x0000000088600000, 0x0000000088600000, 0x0000000088700000|  0%| F|  |TAMS 0x0000000088600000, 0x0000000088600000| Untracked 
| 135|0x0000000088700000, 0x0000000088700000, 0x0000000088800000|  0%| F|  |TAMS 0x0000000088700000, 0x0000000088700000| Untracked 
| 136|0x0000000088800000, 0x0000000088800000, 0x0000000088900000|  0%| F|  |TAMS 0x0000000088800000, 0x0000000088800000| Untracked 
| 137|0x0000000088900000, 0x0000000088900000, 0x0000000088a00000|  0%| F|  |TAMS 0x0000000088900000, 0x0000000088900000| Untracked 
| 138|0x0000000088a00000, 0x0000000088a00000, 0x0000000088b00000|  0%| F|  |TAMS 0x0000000088a00000, 0x0000000088a00000| Untracked 
| 139|0x0000000088b00000, 0x0000000088b00000, 0x0000000088c00000|  0%| F|  |TAMS 0x0000000088b00000, 0x0000000088b00000| Untracked 
| 140|0x0000000088c00000, 0x0000000088c00000, 0x0000000088d00000|  0%| F|  |TAMS 0x0000000088c00000, 0x0000000088c00000| Untracked 
| 141|0x0000000088d00000, 0x0000000088d00000, 0x0000000088e00000|  0%| F|  |TAMS 0x0000000088d00000, 0x0000000088d00000| Untracked 
| 142|0x0000000088e00000, 0x0000000088e00000, 0x0000000088f00000|  0%| F|  |TAMS 0x0000000088e00000, 0x0000000088e00000| Untracked 
| 143|0x0000000088f00000, 0x0000000088f00000, 0x0000000089000000|  0%| F|  |TAMS 0x0000000088f00000, 0x0000000088f00000| Untracked 
| 144|0x0000000089000000, 0x0000000089000000, 0x0000000089100000|  0%| F|  |TAMS 0x0000000089000000, 0x0000000089000000| Untracked 
| 145|0x0000000089100000, 0x0000000089100000, 0x0000000089200000|  0%| F|  |TAMS 0x0000000089100000, 0x0000000089100000| Untracked 
| 146|0x0000000089200000, 0x0000000089200000, 0x0000000089300000|  0%| F|  |TAMS 0x0000000089200000, 0x0000000089200000| Untracked 
| 147|0x0000000089300000, 0x0000000089300000, 0x0000000089400000|  0%| F|  |TAMS 0x0000000089300000, 0x0000000089300000| Untracked 
| 148|0x0000000089400000, 0x0000000089400000, 0x0000000089500000|  0%| F|  |TAMS 0x0000000089400000, 0x0000000089400000| Untracked 
| 149|0x0000000089500000, 0x0000000089500000, 0x0000000089600000|  0%| F|  |TAMS 0x0000000089500000, 0x0000000089500000| Untracked 
| 150|0x0000000089600000, 0x0000000089600000, 0x0000000089700000|  0%| F|  |TAMS 0x0000000089600000, 0x0000000089600000| Untracked 
| 151|0x0000000089700000, 0x0000000089700000, 0x0000000089800000|  0%| F|  |TAMS 0x0000000089700000, 0x0000000089700000| Untracked 
| 152|0x0000000089800000, 0x0000000089800000, 0x0000000089900000|  0%| F|  |TAMS 0x0000000089800000, 0x0000000089800000| Untracked 

Card table byte_map: [0x00000286d19f0000,0x00000286d1df0000] _byte_map_base: 0x00000286d15f0000

Marking Bits (Prev, Next): (CMBitMap*) 0x00000286b8ad2920, (CMBitMap*) 0x00000286b8ad2960
 Prev Bits: [0x00000286d21f0000, 0x00000286d41f0000)
 Next Bits: [0x00000286d41f0000, 0x00000286d61f0000)

Polling page: 0x00000286b8b40000

Metaspace:

Usage:
  Non-class:     53.82 MB used.
      Class:      8.47 MB used.
       Both:     62.29 MB used.

Virtual space:
  Non-class space:       64.00 MB reserved,      54.69 MB ( 85%) committed,  1 nodes.
      Class space:        1.00 GB reserved,       9.38 MB ( <1%) committed,  1 nodes.
             Both:        1.06 GB reserved,      64.06 MB (  6%) committed. 

Chunk freelists:
   Non-Class:  480.00 KB
       Class:  2.47 MB
        Both:  2.94 MB

MaxMetaspaceSize: unlimited
CompressedClassSpaceSize: 1.00 GB
Initial GC threshold: 21.00 MB
Current GC threshold: 99.69 MB
CDS: on
MetaspaceReclaimPolicy: balanced
 - commit_granule_bytes: 65536.
 - commit_granule_words: 8192.
 - virtual_space_node_default_size: 8388608.
 - enlarge_chunks_in_place: 1.
 - new_chunks_are_fully_committed: 0.
 - uncommit_free_chunks: 1.
 - use_allocation_guard: 0.


Internal statistics:

num_allocs_failed_limit: 6.
num_arena_births: 3012.
num_arena_deaths: 0.
num_vsnodes_births: 2.
num_vsnodes_deaths: 0.
num_space_committed: 1025.
num_space_uncommitted: 0.
num_chunks_returned_to_freelist: 6.
num_chunks_taken_from_freelist: 5860.
num_chunk_merges: 6.
num_chunk_splits: 3876.
num_chunks_enlarged: 2424.
num_inconsistent_stats: 0.

CodeHeap 'non-profiled nmethods': size=120000Kb used=3938Kb max_used=3938Kb free=116061Kb
 bounds [0x00000286c9660000, 0x00000286c9a40000, 0x00000286d0b90000]
CodeHeap 'profiled nmethods': size=120000Kb used=13416Kb max_used=13416Kb free=106583Kb
 bounds [0x00000286c2130000, 0x00000286c2e50000, 0x00000286c9660000]
CodeHeap 'non-nmethods': size=5760Kb used=2380Kb max_used=2440Kb free=3380Kb
 bounds [0x00000286c1b90000, 0x00000286c1e00000, 0x00000286c2130000]
 total_blobs=7653 nmethods=6771 adapters=794
 compilation: enabled
              stopped_count=0, restarted_count=0
 full_count=0

Compilation events (20 events):
Event: 5.452 Thread 0x00000286d8c8a070 nmethod 7563 0x00000286c2e48c10 code [0x00000286c2e48e00, 0x00000286c2e492e8]
Event: 5.458 Thread 0x00000286d8c7f760 nmethod 7553 0x00000286c9a32310 code [0x00000286c9a325c0, 0x00000286c9a33ef0]
Event: 5.458 Thread 0x00000286d8c7f760 7561   !   4       java.util.concurrent.ConcurrentHashMap::computeIfAbsent (576 bytes)
Event: 5.458 Thread 0x00000286d8c8a070 7565       1       com.android.build.api.artifact.Artifact::getKind (5 bytes)
Event: 5.459 Thread 0x00000286d8c8a070 nmethod 7565 0x00000286c9a35210 code [0x00000286c9a353a0, 0x00000286c9a35478]
Event: 5.461 Thread 0x00000286d8c8a070 7567       3       org.gradle.api.internal.DefaultNamedDomainObjectCollection$AbstractDomainObjectCreatingProvider::getName (5 bytes)
Event: 5.461 Thread 0x00000286d8c8a070 nmethod 7567 0x00000286c2e49410 code [0x00000286c2e495a0, 0x00000286c2e496b8]
Event: 5.461 Thread 0x00000286d8c8a070 7568       1       org.gradle.api.internal.provider.FlatMapProvider::getType (2 bytes)
Event: 5.461 Thread 0x00000286d8c8a070 nmethod 7568 0x00000286c9a35510 code [0x00000286c9a356a0, 0x00000286c9a35778]
Event: 5.462 Thread 0x00000286d8c8a070 7569       3       sun.reflect.generics.parser.SignatureParser::parseSuperInterfaces (51 bytes)
Event: 5.463 Thread 0x00000286d8c8a070 nmethod 7569 0x00000286c2e49790 code [0x00000286c2e499c0, 0x00000286c2e4a248]
Event: 5.463 Thread 0x00000286d8c8a070 7570       3       sun.reflect.generics.tree.ClassSignature::make (11 bytes)
Event: 5.463 Thread 0x00000286d8c8a070 nmethod 7570 0x00000286c2e4a510 code [0x00000286c2e4a6c0, 0x00000286c2e4a9d8]
Event: 5.466 Thread 0x00000286dd1ebb10 nmethod 7559 0x00000286c9a35810 code [0x00000286c9a35a60, 0x00000286c9a370f0]
Event: 5.466 Thread 0x00000286dd1ebb10 7564       4       com.google.common.collect.RegularImmutableList::listIterator (15 bytes)
Event: 5.468 Thread 0x00000286dd1ebb10 nmethod 7564 0x00000286c9a38110 code [0x00000286c9a382a0, 0x00000286c9a38478]
Event: 5.468 Thread 0x00000286dd1ebb10 7566       4       com.google.common.collect.RegularImmutableSet::size (6 bytes)
Event: 5.469 Thread 0x00000286dd1ebb10 nmethod 7566 0x00000286c9a38610 code [0x00000286c9a38780, 0x00000286c9a38818]
Event: 5.470 Thread 0x00000286d8c8a070 7571       3       com.android.utils.StringHelper::appendCapitalized (309 bytes)
Event: 5.471 Thread 0x00000286dd1ebb10 7572       4       java.lang.Enum::compareTo (44 bytes)

GC Heap History (20 events):
Event: 3.903 GC heap after
{Heap after GC invocations=11 (full 0):
 garbage-first heap   total 122880K, used 64582K [0x0000000080000000, 0x0000000100000000)
  region size 1024K, 2 young (2048K), 2 survivors (2048K)
 Metaspace       used 43945K, committed 45440K, reserved 1114112K
  class space    used 6103K, committed 6848K, reserved 1048576K
}
Event: 3.945 GC heap before
{Heap before GC invocations=12 (full 0):
 garbage-first heap   total 122880K, used 72774K [0x0000000080000000, 0x0000000100000000)
  region size 1024K, 9 young (9216K), 2 survivors (2048K)
 Metaspace       used 43955K, committed 45504K, reserved 1114112K
  class space    used 6103K, committed 6848K, reserved 1048576K
}
Event: 3.947 GC heap after
{Heap after GC invocations=13 (full 0):
 garbage-first heap   total 122880K, used 71139K [0x0000000080000000, 0x0000000100000000)
  region size 1024K, 5 young (5120K), 5 survivors (5120K)
 Metaspace       used 43955K, committed 45504K, reserved 1114112K
  class space    used 6103K, committed 6848K, reserved 1048576K
}
Event: 4.083 GC heap before
{Heap before GC invocations=14 (full 0):
 garbage-first heap   total 130048K, used 91619K [0x0000000080000000, 0x0000000100000000)
  region size 1024K, 23 young (23552K), 5 survivors (5120K)
 Metaspace       used 46122K, committed 47680K, reserved 1114112K
  class space    used 6386K, committed 7168K, reserved 1048576K
}
Event: 4.086 GC heap after
{Heap after GC invocations=15 (full 0):
 garbage-first heap   total 130048K, used 75252K [0x0000000080000000, 0x0000000100000000)
  region size 1024K, 2 young (2048K), 2 survivors (2048K)
 Metaspace       used 46122K, committed 47680K, reserved 1114112K
  class space    used 6386K, committed 7168K, reserved 1048576K
}
Event: 4.123 GC heap before
{Heap before GC invocations=15 (full 0):
 garbage-first heap   total 130048K, used 79348K [0x0000000080000000, 0x0000000100000000)
  region size 1024K, 6 young (6144K), 2 survivors (2048K)
 Metaspace       used 46689K, committed 48256K, reserved 1114112K
  class space    used 6458K, committed 7232K, reserved 1048576K
}
Event: 4.124 GC heap after
{Heap after GC invocations=16 (full 0):
 garbage-first heap   total 156672K, used 74848K [0x0000000080000000, 0x0000000100000000)
  region size 1024K, 1 young (1024K), 1 survivors (1024K)
 Metaspace       used 46689K, committed 48256K, reserved 1114112K
  class space    used 6458K, committed 7232K, reserved 1048576K
}
Event: 4.426 GC heap before
{Heap before GC invocations=16 (full 0):
 garbage-first heap   total 156672K, used 103520K [0x0000000080000000, 0x0000000100000000)
  region size 1024K, 30 young (30720K), 1 survivors (1024K)
 Metaspace       used 51930K, committed 53568K, reserved 1114112K
  class space    used 7049K, committed 7872K, reserved 1048576K
}
Event: 4.428 GC heap after
{Heap after GC invocations=17 (full 0):
 garbage-first heap   total 156672K, used 76094K [0x0000000080000000, 0x0000000100000000)
  region size 1024K, 2 young (2048K), 2 survivors (2048K)
 Metaspace       used 51930K, committed 53568K, reserved 1114112K
  class space    used 7049K, committed 7872K, reserved 1048576K
}
Event: 4.752 GC heap before
{Heap before GC invocations=18 (full 0):
 garbage-first heap   total 156672K, used 107838K [0x0000000080000000, 0x0000000100000000)
  region size 1024K, 34 young (34816K), 2 survivors (2048K)
 Metaspace       used 56800K, committed 58496K, reserved 1114112K
  class space    used 7667K, committed 8512K, reserved 1048576K
}
Event: 4.755 GC heap after
{Heap after GC invocations=19 (full 0):
 garbage-first heap   total 156672K, used 79679K [0x0000000080000000, 0x0000000100000000)
  region size 1024K, 5 young (5120K), 5 survivors (5120K)
 Metaspace       used 56800K, committed 58496K, reserved 1114112K
  class space    used 7667K, committed 8512K, reserved 1048576K
}
Event: 4.766 GC heap before
{Heap before GC invocations=19 (full 0):
 garbage-first heap   total 156672K, used 81727K [0x0000000080000000, 0x0000000100000000)
  region size 1024K, 7 young (7168K), 5 survivors (5120K)
 Metaspace       used 57003K, committed 58688K, reserved 1114112K
  class space    used 7695K, committed 8576K, reserved 1048576K
}
Event: 4.769 GC heap after
{Heap after GC invocations=20 (full 0):
 garbage-first heap   total 156672K, used 79827K [0x0000000080000000, 0x0000000100000000)
  region size 1024K, 1 young (1024K), 1 survivors (1024K)
 Metaspace       used 57003K, committed 58688K, reserved 1114112K
  class space    used 7695K, committed 8576K, reserved 1048576K
}
Event: 4.971 GC heap before
{Heap before GC invocations=20 (full 0):
 garbage-first heap   total 156672K, used 104403K [0x0000000080000000, 0x0000000100000000)
  region size 1024K, 27 young (27648K), 1 survivors (1024K)
 Metaspace       used 59271K, committed 60992K, reserved 1114112K
  class space    used 7954K, committed 8832K, reserved 1048576K
}
Event: 4.973 GC heap after
{Heap after GC invocations=21 (full 0):
 garbage-first heap   total 156672K, used 81292K [0x0000000080000000, 0x0000000100000000)
  region size 1024K, 3 young (3072K), 3 survivors (3072K)
 Metaspace       used 59271K, committed 60992K, reserved 1114112K
  class space    used 7954K, committed 8832K, reserved 1048576K
}
Event: 5.175 GC heap before
{Heap before GC invocations=22 (full 0):
 garbage-first heap   total 156672K, used 116108K [0x0000000080000000, 0x0000000100000000)
  region size 1024K, 36 young (36864K), 3 survivors (3072K)
 Metaspace       used 60189K, committed 61952K, reserved 1114112K
  class space    used 8096K, committed 8960K, reserved 1048576K
}
Event: 5.178 GC heap after
{Heap after GC invocations=23 (full 0):
 garbage-first heap   total 156672K, used 83978K [0x0000000080000000, 0x0000000100000000)
  region size 1024K, 5 young (5120K), 5 survivors (5120K)
 Metaspace       used 60189K, committed 61952K, reserved 1114112K
  class space    used 8096K, committed 8960K, reserved 1048576K
}
Event: 5.186 GC heap before
{Heap before GC invocations=23 (full 0):
 garbage-first heap   total 156672K, used 86026K [0x0000000080000000, 0x0000000100000000)
  region size 1024K, 7 young (7168K), 5 survivors (5120K)
 Metaspace       used 60190K, committed 61952K, reserved 1114112K
  class space    used 8096K, committed 8960K, reserved 1048576K
}
Event: 5.190 GC heap after
{Heap after GC invocations=24 (full 0):
 garbage-first heap   total 156672K, used 83946K [0x0000000080000000, 0x0000000100000000)
  region size 1024K, 1 young (1024K), 1 survivors (1024K)
 Metaspace       used 60190K, committed 61952K, reserved 1114112K
  class space    used 8096K, committed 8960K, reserved 1048576K
}
Event: 5.472 GC heap before
{Heap before GC invocations=24 (full 0):
 garbage-first heap   total 156672K, used 117738K [0x0000000080000000, 0x0000000100000000)
  region size 1024K, 35 young (35840K), 1 survivors (1024K)
 Metaspace       used 63784K, committed 65600K, reserved 1114112K
  class space    used 8672K, committed 9600K, reserved 1048576K
}

Deoptimization events (20 events):
Event: 5.067 Thread 0x00000286de849a20 DEOPT PACKING pc=0x00000286c99e9edc sp=0x00000097f1af8c50
Event: 5.067 Thread 0x00000286de849a20 DEOPT UNPACKING pc=0x00000286c1be5c23 sp=0x00000097f1af8bd8 mode 2
Event: 5.067 Thread 0x00000286de849a20 Uncommon trap: trap_request=0xffffffc6 fr.pc=0x00000286c991117c relative=0x000000000000063c
Event: 5.067 Thread 0x00000286de849a20 Uncommon trap: reason=bimorphic_or_optimized_type_check action=maybe_recompile pc=0x00000286c991117c method=groovy.lang.MetaClassImpl.filterPropertyMethod(Ljava/lang/Object;ZZ)Ljava/lang/Object; @ 165 c2
Event: 5.067 Thread 0x00000286de849a20 DEOPT PACKING pc=0x00000286c991117c sp=0x00000097f1af8af0
Event: 5.067 Thread 0x00000286de849a20 DEOPT UNPACKING pc=0x00000286c1be5c23 sp=0x00000097f1af8a68 mode 2
Event: 5.075 Thread 0x00000286de849a20 Uncommon trap: trap_request=0xffffff45 fr.pc=0x00000286c991e8dc relative=0x000000000000073c
Event: 5.075 Thread 0x00000286de849a20 Uncommon trap: reason=unstable_if action=reinterpret pc=0x00000286c991e8dc method=com.sun.beans.introspect.MethodInfo$MethodOrder.compare(Ljava/lang/reflect/Method;Ljava/lang/reflect/Method;)I @ 124 c2
Event: 5.075 Thread 0x00000286de849a20 DEOPT PACKING pc=0x00000286c991e8dc sp=0x00000097f1af84b0
Event: 5.075 Thread 0x00000286de849a20 DEOPT UNPACKING pc=0x00000286c1be5c23 sp=0x00000097f1af83e0 mode 2
Event: 5.094 Thread 0x00000286de849a20 Uncommon trap: trap_request=0xffffff45 fr.pc=0x00000286c991f738 relative=0x00000000000003f8
Event: 5.099 Thread 0x00000286de849a20 Uncommon trap: reason=unstable_if action=reinterpret pc=0x00000286c991f738 method=java.util.StringJoiner.add(Ljava/lang/CharSequence;)Ljava/util/StringJoiner; @ 33 c2
Event: 5.099 Thread 0x00000286de849a20 DEOPT PACKING pc=0x00000286c991f738 sp=0x00000097f1af76e0
Event: 5.099 Thread 0x00000286de849a20 DEOPT UNPACKING pc=0x00000286c1be5c23 sp=0x00000097f1af7690 mode 2
Event: 5.109 Thread 0x00000286de849a20 Uncommon trap: trap_request=0xffffff45 fr.pc=0x00000286c991120c relative=0x00000000000006cc
Event: 5.109 Thread 0x00000286de849a20 Uncommon trap: reason=unstable_if action=reinterpret pc=0x00000286c991120c method=groovy.lang.MetaClassImpl.filterPropertyMethod(Ljava/lang/Object;ZZ)Ljava/lang/Object; @ 60 c2
Event: 5.109 Thread 0x00000286de849a20 DEOPT PACKING pc=0x00000286c991120c sp=0x00000097f1af82f0
Event: 5.109 Thread 0x00000286de849a20 DEOPT UNPACKING pc=0x00000286c1be5c23 sp=0x00000097f1af8260 mode 2
Event: 5.174 Thread 0x00000286de849a20 DEOPT PACKING pc=0x00000286c2a54fd0 sp=0x00000097f1af6ef0
Event: 5.174 Thread 0x00000286de849a20 DEOPT UNPACKING pc=0x00000286c1be6763 sp=0x00000097f1af6350 mode 0

Classes loaded (20 events):
Event: 5.025 Loading class java/util/regex/Pattern$Caret
Event: 5.025 Loading class java/util/regex/Pattern$Caret done
Event: 5.070 Loading class java/util/ArrayListBeanInfo
Event: 5.070 Loading class java/util/ArrayListBeanInfo done
Event: 5.070 Loading class java/util/ArrayListBeanInfo
Event: 5.070 Loading class java/util/ArrayListBeanInfo done
Event: 5.070 Loading class java/util/AbstractListBeanInfo
Event: 5.070 Loading class java/util/AbstractListBeanInfo done
Event: 5.070 Loading class java/util/AbstractListBeanInfo
Event: 5.070 Loading class java/util/AbstractListBeanInfo done
Event: 5.070 Loading class java/util/AbstractListCustomizer
Event: 5.070 Loading class java/util/AbstractListCustomizer done
Event: 5.070 Loading class java/util/AbstractListCustomizer
Event: 5.070 Loading class java/util/AbstractListCustomizer done
Event: 5.070 Loading class java/util/ArrayListCustomizer
Event: 5.070 Loading class java/util/ArrayListCustomizer done
Event: 5.070 Loading class java/util/ArrayListCustomizer
Event: 5.070 Loading class java/util/ArrayListCustomizer done
Event: 5.162 Loading class java/beans/IntrospectionException
Event: 5.162 Loading class java/beans/IntrospectionException done

Classes unloaded (0 events):
No events

Classes redefined (0 events):
No events

Internal exceptions (20 events):
Event: 5.200 Thread 0x00000286de849a20 Exception <a 'java/lang/ClassNotFoundException'{0x0000000089408f08}: com/android/build/gradle/internal/dsl/BuildType$AgpDecoratedBeanInfo> (0x0000000089408f08) 
thrown [s\open\src\hotspot\share\classfile\systemDictionary.cpp, line 255]
Event: 5.201 Thread 0x00000286de849a20 Exception <a 'java/lang/ClassNotFoundException'{0x00000000894155a8}: com/android/build/gradle/internal/dsl/BuildTypeBeanInfo> (0x00000000894155a8) 
thrown [s\open\src\hotspot\share\classfile\systemDictionary.cpp, line 255]
Event: 5.201 Thread 0x00000286de849a20 Exception <a 'java/lang/ClassNotFoundException'{0x0000000089421e10}: com/android/builder/core/AbstractBuildTypeBeanInfo> (0x0000000089421e10) 
thrown [s\open\src\hotspot\share\classfile\systemDictionary.cpp, line 255]
Event: 5.201 Thread 0x00000286de849a20 Exception <a 'java/lang/ClassNotFoundException'{0x000000008942e418}: com/android/builder/core/AbstractBuildTypeCustomizer> (0x000000008942e418) 
thrown [s\open\src\hotspot\share\classfile\systemDictionary.cpp, line 255]
Event: 5.202 Thread 0x00000286de849a20 Exception <a 'java/lang/ClassNotFoundException'{0x0000000089457548}: com/android/build/gradle/internal/dsl/BuildTypeCustomizer> (0x0000000089457548) 
thrown [s\open\src\hotspot\share\classfile\systemDictionary.cpp, line 255]
Event: 5.204 Thread 0x00000286de849a20 Exception <a 'java/lang/ClassNotFoundException'{0x00000000894e2690}: com/android/build/gradle/internal/dsl/BuildType$AgpDecoratedCustomizer> (0x00000000894e2690) 
thrown [s\open\src\hotspot\share\classfile\systemDictionary.cpp, line 255]
Event: 5.206 Thread 0x00000286de849a20 Exception <a 'java/lang/ClassNotFoundException'{0x0000000089324f08}: com/android/build/gradle/internal/dsl/BuildType$AgpDecorated_DecoratedCustomizer> (0x0000000089324f08) 
thrown [s\open\src\hotspot\share\classfile\systemDictionary.cpp, line 255]
Event: 5.209 Thread 0x00000286de849a20 Exception <a 'java/lang/NoSuchMethodError'{0x00000000893ddaa8}: 'void java.lang.invoke.DirectMethodHandle$Holder.invokeVirtual(java.lang.Object, java.lang.Object, int)'> (0x00000000893ddaa8) 
thrown [s\open\src\hotspot\share\interpreter\linkResolver.cpp, line 766]
Event: 5.210 Thread 0x00000286de849a20 Exception <a 'java/lang/ClassNotFoundException'{0x00000000893ff318}: build_d8f4t045x4o90u21a5opf0w6o$_run_closure1$_closure4BeanInfo> (0x00000000893ff318) 
thrown [s\open\src\hotspot\share\classfile\systemDictionary.cpp, line 255]
Event: 5.210 Thread 0x00000286de849a20 Exception <a 'java/lang/ClassNotFoundException'{0x0000000089209180}: build_d8f4t045x4o90u21a5opf0w6o$_run_closure1$_closure4Customizer> (0x0000000089209180) 
thrown [s\open\src\hotspot\share\classfile\systemDictionary.cpp, line 255]
Event: 5.211 Thread 0x00000286de849a20 Exception <a 'java/lang/ClassNotFoundException'{0x000000008922c868}: build_d8f4t045x4o90u21a5opf0w6o$_run_closure1BeanInfo> (0x000000008922c868) 
thrown [s\open\src\hotspot\share\classfile\systemDictionary.cpp, line 255]
Event: 5.211 Thread 0x00000286de849a20 Exception <a 'java/lang/ClassNotFoundException'{0x0000000089237038}: build_d8f4t045x4o90u21a5opf0w6o$_run_closure1Customizer> (0x0000000089237038) 
thrown [s\open\src\hotspot\share\classfile\systemDictionary.cpp, line 255]
Event: 5.215 Thread 0x00000286de849a20 Exception <a 'java/lang/ClassNotFoundException'{0x000000008926ec70}: org/gradle/api/JavaVersionBeanInfo> (0x000000008926ec70) 
thrown [s\open\src\hotspot\share\classfile\systemDictionary.cpp, line 255]
Event: 5.216 Thread 0x00000286de849a20 Exception <a 'java/lang/ClassNotFoundException'{0x0000000089280df0}: org/gradle/api/JavaVersionCustomizer> (0x0000000089280df0) 
thrown [s\open\src\hotspot\share\classfile\systemDictionary.cpp, line 255]
Event: 5.218 Thread 0x00000286de849a20 Exception <a 'java/lang/ClassNotFoundException'{0x00000000892cd128}: com/android/build/gradle/internal/CompileOptions$AgpDecorated_DecoratedBeanInfo> (0x00000000892cd128) 
thrown [s\open\src\hotspot\share\classfile\systemDictionary.cpp, line 255]
Event: 5.218 Thread 0x00000286de849a20 Exception <a 'java/lang/ClassNotFoundException'{0x00000000892d88c0}: com/android/build/gradle/internal/CompileOptions$AgpDecoratedBeanInfo> (0x00000000892d88c0) 
thrown [s\open\src\hotspot\share\classfile\systemDictionary.cpp, line 255]
Event: 5.218 Thread 0x00000286de849a20 Exception <a 'java/lang/ClassNotFoundException'{0x00000000892e3cd8}: com/android/build/gradle/internal/CompileOptionsBeanInfo> (0x00000000892e3cd8) 
thrown [s\open\src\hotspot\share\classfile\systemDictionary.cpp, line 255]
Event: 5.218 Thread 0x00000286de849a20 Exception <a 'java/lang/ClassNotFoundException'{0x00000000892ef0e8}: com/android/build/gradle/internal/CompileOptionsCustomizer> (0x00000000892ef0e8) 
thrown [s\open\src\hotspot\share\classfile\systemDictionary.cpp, line 255]
Event: 5.219 Thread 0x00000286de849a20 Exception <a 'java/lang/ClassNotFoundException'{0x0000000089107340}: com/android/build/gradle/internal/CompileOptions$AgpDecoratedCustomizer> (0x0000000089107340) 
thrown [s\open\src\hotspot\share\classfile\systemDictionary.cpp, line 255]
Event: 5.219 Thread 0x00000286de849a20 Exception <a 'java/lang/ClassNotFoundException'{0x0000000089121dd8}: com/android/build/gradle/internal/CompileOptions$AgpDecorated_DecoratedCustomizer> (0x0000000089121dd8) 
thrown [s\open\src\hotspot\share\classfile\systemDictionary.cpp, line 255]

VM Operations (20 events):
Event: 4.654 Executing VM operation: HandshakeAllThreads done
Event: 4.752 Executing VM operation: G1CollectForAllocation
Event: 4.755 Executing VM operation: G1CollectForAllocation done
Event: 4.766 Executing VM operation: G1CollectForAllocation
Event: 4.769 Executing VM operation: G1CollectForAllocation done
Event: 4.971 Executing VM operation: G1TryInitiateConcMark
Event: 4.973 Executing VM operation: G1TryInitiateConcMark done
Event: 5.012 Executing VM operation: G1Concurrent
Event: 5.015 Executing VM operation: G1Concurrent done
Event: 5.030 Executing VM operation: G1Concurrent
Event: 5.030 Executing VM operation: G1Concurrent done
Event: 5.175 Executing VM operation: G1CollectForAllocation
Event: 5.178 Executing VM operation: G1CollectForAllocation done
Event: 5.186 Executing VM operation: G1CollectForAllocation
Event: 5.190 Executing VM operation: G1CollectForAllocation done
Event: 5.238 Executing VM operation: HandshakeAllThreads
Event: 5.238 Executing VM operation: HandshakeAllThreads done
Event: 5.274 Executing VM operation: HandshakeAllThreads
Event: 5.274 Executing VM operation: HandshakeAllThreads done
Event: 5.471 Executing VM operation: G1CollectForAllocation

Events (20 events):
Event: 3.784 Thread 0x00000286e2d08270 Thread added: 0x00000286e2d08270
Event: 3.784 Thread 0x00000286e2d090e0 Thread added: 0x00000286e2d090e0
Event: 3.784 Thread 0x00000286e2d07da0 Thread added: 0x00000286e2d07da0
Event: 3.784 Thread 0x00000286e2d060c0 Thread added: 0x00000286e2d060c0
Event: 3.784 Thread 0x00000286e2d06590 Thread added: 0x00000286e2d06590
Event: 3.784 Thread 0x00000286e2d06a60 Thread added: 0x00000286e2d06a60
Event: 3.785 Thread 0x00000286e2d07400 Thread added: 0x00000286e2d07400
Event: 3.785 Thread 0x00000286e2d0c100 Thread added: 0x00000286e2d0c100
Event: 3.785 Thread 0x00000286e2d05250 Thread added: 0x00000286e2d05250
Event: 3.786 Thread 0x00000286e2d04d80 Thread added: 0x00000286e2d04d80
Event: 3.786 Thread 0x00000286e2d0adc0 Thread added: 0x00000286e2d0adc0
Event: 3.786 Thread 0x00000286e2d06f30 Thread added: 0x00000286e2d06f30
Event: 3.786 Thread 0x00000286e2d0bc30 Thread added: 0x00000286e2d0bc30
Event: 3.787 Thread 0x00000286e2d08740 Thread added: 0x00000286e2d08740
Event: 3.787 Thread 0x00000286e2d095b0 Thread added: 0x00000286e2d095b0
Event: 3.787 Thread 0x00000286e2d0b290 Thread added: 0x00000286e2d0b290
Event: 3.788 Thread 0x00000286e2d0b760 Thread added: 0x00000286e2d0b760
Event: 3.789 Thread 0x00000286e2d05720 Thread added: 0x00000286e2d05720
Event: 4.585 Thread 0x00000286e3eaea20 Thread added: 0x00000286e3eaea20
Event: 5.275 Thread 0x00000286d8c8cab0 flushing nmethod 0x00000286c21c1610


Dynamic libraries:
0x00007ff6f54c0000 - 0x00007ff6f54d0000 	C:\Program Files\Java\jdk-18.0.1.1\bin\java.exe
0x00007ff9dd570000 - 0x00007ff9dd767000 	C:\Windows\SYSTEM32\ntdll.dll
0x00007ff9dcd60000 - 0x00007ff9dce1d000 	C:\Windows\System32\KERNEL32.DLL
0x00007ff9db140000 - 0x00007ff9db40d000 	C:\Windows\System32\KERNELBASE.dll
0x00007ff9db410000 - 0x00007ff9db510000 	C:\Windows\System32\ucrtbase.dll
0x00007ff9c2ee0000 - 0x00007ff9c2ef8000 	C:\Program Files\Java\jdk-18.0.1.1\bin\jli.dll
0x00007ff9c2ce0000 - 0x00007ff9c2cfa000 	C:\Program Files\Java\jdk-18.0.1.1\bin\VCRUNTIME140.dll
0x00007ff9dc5c0000 - 0x00007ff9dc66e000 	C:\Windows\System32\ADVAPI32.dll
0x00007ff9dd3e0000 - 0x00007ff9dd47e000 	C:\Windows\System32\msvcrt.dll
0x00007ff9dd490000 - 0x00007ff9dd52c000 	C:\Windows\System32\sechost.dll
0x00007ff9dc670000 - 0x00007ff9dc795000 	C:\Windows\System32\RPCRT4.dll
0x00007ff9db730000 - 0x00007ff9db8d0000 	C:\Windows\System32\USER32.dll
0x00007ff9dac90000 - 0x00007ff9dacb2000 	C:\Windows\System32\win32u.dll
0x00007ff9dc590000 - 0x00007ff9dc5ba000 	C:\Windows\System32\GDI32.dll
0x00007ff9c4760000 - 0x00007ff9c49fa000 	C:\Windows\WinSxS\amd64_microsoft.windows.common-controls_6595b64144ccf1df_6.0.19041.1110_none_60b5254171f9507e\COMCTL32.dll
0x00007ff9dada0000 - 0x00007ff9daeab000 	C:\Windows\System32\gdi32full.dll
0x00007ff9daeb0000 - 0x00007ff9daf4d000 	C:\Windows\System32\msvcp_win.dll
0x00007ff9c9950000 - 0x00007ff9c995a000 	C:\Windows\SYSTEM32\VERSION.dll
0x00007ff9db5d0000 - 0x00007ff9db600000 	C:\Windows\System32\IMM32.DLL
0x00007ff9d2960000 - 0x00007ff9d296c000 	C:\Program Files\Java\jdk-18.0.1.1\bin\vcruntime140_1.dll
0x00007ff9b6650000 - 0x00007ff9b66dd000 	C:\Program Files\Java\jdk-18.0.1.1\bin\msvcp140.dll
0x00007ff977170000 - 0x00007ff977d80000 	C:\Program Files\Java\jdk-18.0.1.1\bin\server\jvm.dll
0x00007ff9dc310000 - 0x00007ff9dc318000 	C:\Windows\System32\PSAPI.DLL
0x00007ff9d1060000 - 0x00007ff9d1069000 	C:\Windows\SYSTEM32\WSOCK32.dll
0x00007ff9c1cb0000 - 0x00007ff9c1cd7000 	C:\Windows\SYSTEM32\WINMM.dll
0x00007ff9dd310000 - 0x00007ff9dd37b000 	C:\Windows\System32\WS2_32.dll
0x00007ff9d94e0000 - 0x00007ff9d94f2000 	C:\Windows\SYSTEM32\kernel.appcore.dll
0x00007ff9d1050000 - 0x00007ff9d105a000 	C:\Program Files\Java\jdk-18.0.1.1\bin\jimage.dll
0x00007ff9d9040000 - 0x00007ff9d9224000 	C:\Windows\SYSTEM32\DBGHELP.DLL
0x00007ff9c3810000 - 0x00007ff9c383c000 	C:\Windows\SYSTEM32\dbgcore.DLL
0x00007ff9daf50000 - 0x00007ff9dafd2000 	C:\Windows\System32\bcryptPrimitives.dll
0x00007ff9c21a0000 - 0x00007ff9c21c5000 	C:\Program Files\Java\jdk-18.0.1.1\bin\java.dll
0x00007ff9aada0000 - 0x00007ff9aae76000 	C:\Program Files\Java\jdk-18.0.1.1\bin\jsvml.dll
0x00007ff9db9f0000 - 0x00007ff9dc134000 	C:\Windows\System32\SHELL32.dll
0x00007ff9d86f0000 - 0x00007ff9d8e84000 	C:\Windows\SYSTEM32\windows.storage.dll
0x00007ff9dc7a0000 - 0x00007ff9dcaf4000 	C:\Windows\System32\combase.dll
0x00007ff9da6f0000 - 0x00007ff9da71c000 	C:\Windows\SYSTEM32\Wldp.dll
0x00007ff9dc320000 - 0x00007ff9dc3cd000 	C:\Windows\System32\SHCORE.dll
0x00007ff9dce40000 - 0x00007ff9dce95000 	C:\Windows\System32\shlwapi.dll
0x00007ff9dabd0000 - 0x00007ff9dabef000 	C:\Windows\SYSTEM32\profapi.dll
0x00007ff9c1220000 - 0x00007ff9c1233000 	C:\Program Files\Java\jdk-18.0.1.1\bin\net.dll
0x00007ff9d0f30000 - 0x00007ff9d103a000 	C:\Windows\SYSTEM32\WINHTTP.dll
0x00007ff9da450000 - 0x00007ff9da4ba000 	C:\Windows\system32\mswsock.dll
0x00007ff9c1200000 - 0x00007ff9c1216000 	C:\Program Files\Java\jdk-18.0.1.1\bin\nio.dll
0x00007ff9c11e0000 - 0x00007ff9c11f8000 	C:\Program Files\Java\jdk-18.0.1.1\bin\zip.dll
0x00007ff9c4a60000 - 0x00007ff9c4a70000 	C:\Program Files\Java\jdk-18.0.1.1\bin\verify.dll
0x00007ff9c3b40000 - 0x00007ff9c3b67000 	C:\Program Files\Android\gradle-7.3.3\native\e1d6ef7f7dcc3fd88c89a11ec53ec762bb8ba0a96d01ffa2cd45eb1d1d8dd5c5\windows-amd64\native-platform.dll
0x00007ff9aac50000 - 0x00007ff9aad94000 	C:\Program Files\Android\gradle-7.3.3\native\5664cfc778a61ccfe75a443a1ab52a65af34e5dc3c78e0209fed803814484fcb\windows-amd64\native-platform-file-events.dll
0x00007ff9c3710000 - 0x00007ff9c3719000 	C:\Program Files\Java\jdk-18.0.1.1\bin\management.dll
0x00007ff9c35e0000 - 0x00007ff9c35eb000 	C:\Program Files\Java\jdk-18.0.1.1\bin\management_ext.dll
0x00007ff9da640000 - 0x00007ff9da658000 	C:\Windows\SYSTEM32\CRYPTSP.dll
0x00007ff9d9d30000 - 0x00007ff9d9d64000 	C:\Windows\system32\rsaenh.dll
0x00007ff9dacc0000 - 0x00007ff9dace7000 	C:\Windows\System32\bcrypt.dll
0x00007ff9dab50000 - 0x00007ff9dab7e000 	C:\Windows\SYSTEM32\USERENV.dll
0x00007ff9da660000 - 0x00007ff9da66c000 	C:\Windows\SYSTEM32\CRYPTBASE.dll
0x00007ff9da0f0000 - 0x00007ff9da12b000 	C:\Windows\SYSTEM32\IPHLPAPI.DLL
0x00007ff9dd480000 - 0x00007ff9dd488000 	C:\Windows\System32\NSI.dll
0x00007ff9c8f70000 - 0x00007ff9c8f87000 	C:\Windows\SYSTEM32\dhcpcsvc6.DLL
0x00007ff9c9060000 - 0x00007ff9c907d000 	C:\Windows\SYSTEM32\dhcpcsvc.DLL
0x00007ff9da140000 - 0x00007ff9da20b000 	C:\Windows\SYSTEM32\DNSAPI.dll

dbghelp: loaded successfully - version: 4.0.5 - missing functions: none
symbol engine: initialized successfully - sym options: 0x614 - pdb path: .;C:\Program Files\Java\jdk-18.0.1.1\bin;C:\Windows\SYSTEM32;C:\Windows\WinSxS\amd64_microsoft.windows.common-controls_6595b64144ccf1df_6.0.19041.1110_none_60b5254171f9507e;C:\Program Files\Java\jdk-18.0.1.1\bin\server;C:\Program Files\Android\gradle-7.3.3\native\e1d6ef7f7dcc3fd88c89a11ec53ec762bb8ba0a96d01ffa2cd45eb1d1d8dd5c5\windows-amd64;C:\Program Files\Android\gradle-7.3.3\native\5664cfc778a61ccfe75a443a1ab52a65af34e5dc3c78e0209fed803814484fcb\windows-amd64

VM Arguments:
jvm_args: --add-opens=java.base/java.util=ALL-UNNAMED --add-opens=java.base/java.lang=ALL-UNNAMED --add-opens=java.base/java.lang.invoke=ALL-UNNAMED --add-opens=java.base/java.util=ALL-UNNAMED --add-opens=java.prefs/java.util.prefs=ALL-UNNAMED --add-opens=java.prefs/java.util.prefs=ALL-UNNAMED --add-opens=java.base/java.nio.charset=ALL-UNNAMED --add-opens=java.base/java.net=ALL-UNNAMED --add-opens=java.base/java.util.concurrent.atomic=ALL-UNNAMED -Xmx2048m -Dfile.encoding=UTF-8 -Duser.country=IN -Duser.language=en -Duser.variant 
java_command: org.gradle.launcher.daemon.bootstrap.GradleDaemon 7.3.3
java_class_path (initial): C:\Program Files\Android\gradle-7.3.3\lib\gradle-launcher-7.3.3.jar
Launcher Type: SUN_STANDARD

[Global flags]
     intx CICompilerCount                          = 4                                         {product} {ergonomic}
     uint ConcGCThreads                            = 2                                         {product} {ergonomic}
     uint G1ConcRefinementThreads                  = 8                                         {product} {ergonomic}
   size_t G1HeapRegionSize                         = 1048576                                   {product} {ergonomic}
    uintx GCDrainStackTargetSize                   = 64                                        {product} {ergonomic}
   size_t InitialHeapSize                          = 132120576                                 {product} {ergonomic}
   size_t MarkStackSize                            = 4194304                                   {product} {ergonomic}
   size_t MaxHeapSize                              = 2147483648                                {product} {command line}
   size_t MaxNewSize                               = 1287651328                                {product} {ergonomic}
   size_t MinHeapDeltaBytes                        = 1048576                                   {product} {ergonomic}
   size_t MinHeapSize                              = 8388608                                   {product} {ergonomic}
    uintx NonNMethodCodeHeapSize                   = 5839372                                {pd product} {ergonomic}
    uintx NonProfiledCodeHeapSize                  = 122909434                              {pd product} {ergonomic}
    uintx ProfiledCodeHeapSize                     = 122909434                              {pd product} {ergonomic}
    uintx ReservedCodeCacheSize                    = 251658240                              {pd product} {ergonomic}
     bool SegmentedCodeCache                       = true                                      {product} {ergonomic}
   size_t SoftMaxHeapSize                          = 2147483648                             {manageable} {ergonomic}
     bool UseCompressedClassPointers               = true                           {product lp64_product} {ergonomic}
     bool UseCompressedOops                        = true                           {product lp64_product} {ergonomic}
     bool UseG1GC                                  = true                                      {product} {ergonomic}
     bool UseLargePagesIndividualAllocation        = false                                  {pd product} {ergonomic}

Logging:
Log output configuration:
 #0: stdout all=warning uptime,level,tags foldmultilines=false
 #1: stderr all=off uptime,level,tags foldmultilines=false

Environment Variables:
JAVA_HOME=C:\Program Files\Java\jdk-18.0.1.1
PATH=C:\Program Files\Common Files\Oracle\Java\javapath;C:\Windows\system32;C:\Windows;C:\Windows\System32\Wbem;C:\Windows\System32\WindowsPowerShell\v1.0\;C:\Windows\System32\OpenSSH\;C:\Program Files\Git\cmd;C:\Users\suraj\AppData\Local\Microsoft\WindowsApps
USERNAME=suraj
OS=Windows_NT
PROCESSOR_IDENTIFIER=Intel64 Family 6 Model 140 Stepping 1, GenuineIntel



---------------  S Y S T E M  ---------------

OS:
 Windows 10 , 64 bit Build 19041 (10.0.19041.1741)
OS uptime: 0 days 3:16 hours
Hyper-V role detected

CPU: total 8 (initial active 8) (4 cores per cpu, 2 threads per core) family 6 model 140 stepping 1 microcode 0x86, cx8, cmov, fxsr, ht, mmx, 3dnowpref, sse, sse2, sse3, ssse3, sse4.1, sse4.2, popcnt, lzcnt, tsc, tscinvbit, avx, avx2, aes, erms, clmul, bmi1, bmi2, adx, avx512f, avx512dq, avx512cd, avx512bw, avx512vl, sha, fma, vzeroupper, avx512_vpopcntdq, avx512_vpclmulqdq, avx512_vaes, avx512_vnni, clflush, clflushopt, clwb, avx512_vbmi2, avx512_vbmi, hv

Memory: 4k page, system-wide physical 7987M (440M free)
TotalPageFile size 7987M (AvailPageFile size 38M)
current process WorkingSet (physical memory assigned to process): 366M, peak: 373M
current process commit charge ("private bytes"): 414M, peak: 586M

vm_info: Java HotSpot(TM) 64-Bit Server VM (18.0.1.1+2-6) for windows-amd64 JRE (18.0.1.1+2-6), built on Apr 25 2022 21:53:15 by "mach5one" with MS VC++ 16.8 / 16.9 (VS2019)

END.
