#
# There is insufficient memory for the Java Runtime Environment to continue.
# Native memory allocation (mmap) failed to map 167772160 bytes for G1 virtual space
# Possible reasons:
#   The system is out of physical RAM or swap space
#   The process is running with CompressedOops enabled, and the Java Heap may be blocking the growth of the native heap
# Possible solutions:
#   Reduce memory load on the system
#   Increase physical memory or swap space
#   Check if swap backing store is full
#   Decrease Java heap size (-Xmx/-Xms)
#   Decrease number of Java threads
#   Decrease Java thread stack sizes (-Xss)
#   Set larger code cache with -XX:ReservedCodeCacheSize=
#   JVM is running with Unscaled Compressed Oops mode in which the Java heap is
#     placed in the first 4GB address space. The Java Heap base address is the
#     maximum limit for the native heap growth. Please use -XX:HeapBaseMinAddress
#     to set the Java Heap base and to place the Java Heap above 4GB virtual address.
# This output file may be truncated or incomplete.
#
#  Out of Memory Error (os_windows.cpp:3530), pid=10088, tid=3944
#
# JRE version: Java(TM) SE Runtime Environment (18.0.1.1+2) (build 18.0.1.1+2-6)
# Java VM: Java HotSpot(TM) 64-Bit Server VM (18.0.1.1+2-6, mixed mode, sharing, tiered, compressed oops, compressed class ptrs, g1 gc, windows-amd64)
# No core dump will be written. Minidumps are not enabled by default on client versions of Windows
#

---------------  S U M M A R Y ------------

Command Line: --add-opens=java.base/java.util=ALL-UNNAMED --add-opens=java.base/java.lang=ALL-UNNAMED --add-opens=java.base/java.lang.invoke=ALL-UNNAMED --add-opens=java.base/java.util=ALL-UNNAMED --add-opens=java.prefs/java.util.prefs=ALL-UNNAMED --add-opens=java.prefs/java.util.prefs=ALL-UNNAMED --add-opens=java.base/java.nio.charset=ALL-UNNAMED --add-opens=java.base/java.net=ALL-UNNAMED --add-opens=java.base/java.util.concurrent.atomic=ALL-UNNAMED -Xmx2048m -Dfile.encoding=UTF-8 -Duser.country=IN -Duser.language=en -Duser.variant org.gradle.launcher.daemon.bootstrap.GradleDaemon 7.3.3

Host: 11th Gen Intel(R) Core(TM) i5-1135G7 @ 2.40GHz, 8 cores, 7G,  Windows 10 , 64 bit Build 19041 (10.0.19041.1741)
Time: Wed Jun 29 23:59:55 2022 India Standard Time elapsed time: 11.320558 seconds (0d 0h 0m 11s)

---------------  T H R E A D  ---------------

Current thread (0x000001831d77c530):  VMThread "VM Thread" [stack: 0x000000130ab00000,0x000000130ac00000] [id=3944]

Stack: [0x000000130ab00000,0x000000130ac00000]
Native frames: (J=compiled Java code, j=interpreted, Vv=VM code, C=native code)
V  [jvm.dll+0x69887a]
V  [jvm.dll+0x7f38bd]
V  [jvm.dll+0x7f51ce]
V  [jvm.dll+0x7f5883]
V  [jvm.dll+0x25ca3f]
V  [jvm.dll+0x6957c9]
V  [jvm.dll+0x68a2fa]
V  [jvm.dll+0x321efb]
V  [jvm.dll+0x3298d6]
V  [jvm.dll+0x37e47e]
V  [jvm.dll+0x37e6af]
V  [jvm.dll+0x2f9c7a]
V  [jvm.dll+0x2f9d27]
V  [jvm.dll+0x33e262]
V  [jvm.dll+0x33c804]
V  [jvm.dll+0x2f9450]
V  [jvm.dll+0x33bddb]
V  [jvm.dll+0x7fa66b]
V  [jvm.dll+0x7fb404]
V  [jvm.dll+0x7fb93c]
V  [jvm.dll+0x7fbd94]
V  [jvm.dll+0x7fbe57]
V  [jvm.dll+0x7a03ea]
V  [jvm.dll+0x697725]
C  [ucrtbase.dll+0x21bb2]
C  [KERNEL32.DLL+0x17034]
C  [ntdll.dll+0x52651]

VM_Operation (0x0000001313dfce50): G1CollectForAllocation, mode: safepoint, requested by thread 0x00000183458b80a0


---------------  P R O C E S S  ---------------

Threads class SMR info:
_java_thread_list=0x0000018347973c30, length=140, elements={
0x000001831d703230, 0x000001833d934a00, 0x000001833d935a50, 0x000001833d951be0,
0x000001833d952490, 0x000001833d953150, 0x000001833d9561b0, 0x000001833d9578f0,
0x000001833d95a990, 0x000001833d963080, 0x0000018341cbf2b0, 0x0000018341cc79b0,
0x000001834374da90, 0x00000183427e36d0, 0x00000183429cd7d0, 0x00000183436dd070,
0x00000183435f7880, 0x00000183435f7d40, 0x000001834387d680, 0x0000018342d103f0,
0x0000018343846900, 0x0000018343744220, 0x0000018343745560, 0x0000018343742540,
0x0000018343745a30, 0x0000018343744bc0, 0x0000018343742ee0, 0x00000183437433b0,
0x0000018343745090, 0x0000018343742070, 0x0000018343743d50, 0x0000018344494ed0,
0x000001834449b3e0, 0x0000018344499230, 0x0000018344495870, 0x0000018344499700,
0x0000018344497a20, 0x0000018344496210, 0x000001834449af10, 0x0000018344497ef0,
0x0000018344499bd0, 0x00000183444966e0, 0x000001834449b8b0, 0x000001834449a0a0,
0x0000018344497550, 0x000001834449a570, 0x0000018344494060, 0x0000018344494530,
0x0000018344494a00, 0x00000183450a6bd0, 0x00000183450a4080, 0x00000183450a1ed0,
0x00000183450a4550, 0x00000183450a3210, 0x00000183450a1a00, 0x00000183450a4a20,
0x00000183450a23a0, 0x00000183450a83e0, 0x00000183450a70a0, 0x00000183450a4ef0,
0x00000183450a7a40, 0x00000183450a36e0, 0x00000183450a7f10, 0x00000183450a88b0,
0x00000183450a53c0, 0x00000183450a2870, 0x00000183450a2d40, 0x00000183450a1060,
0x00000183450a5890, 0x00000183450a7570, 0x00000183450a3bb0, 0x00000183450a1530,
0x00000183450a5d60, 0x00000183450a6230, 0x00000183450a6700, 0x00000183482dea10,
0x00000183482e1560, 0x00000183482ddba0, 0x00000183482e1a30, 0x00000183482dc860,
0x00000183482deee0, 0x00000183482dcd30, 0x00000183482e0bc0, 0x00000183482df3b0,
0x00000183482dbec0, 0x00000183482df880, 0x00000183482dfd50, 0x00000183482de070,
0x00000183482e1f00, 0x00000183482e0220, 0x00000183482e06f0, 0x00000183482dc390,
0x00000183482e23d0, 0x00000183482dd200, 0x00000183482e1090, 0x00000183482e2d70,
0x00000183482e28a0, 0x00000183482de540, 0x00000183482e3240, 0x00000183482e3710,
0x00000183482dd6d0, 0x0000018344355580, 0x0000018344350880, 0x0000018344352f00,
0x0000018344357730, 0x0000018344355f20, 0x0000018344352a30, 0x00000183443516f0,
0x00000183443503b0, 0x0000018344355a50, 0x00000183443533d0, 0x0000018344352090,
0x0000018344351bc0, 0x0000018344354710, 0x00000183443538a0, 0x00000183443563f0,
0x0000018344357260, 0x0000018344354be0, 0x0000018344351220, 0x00000183443568c0,
0x0000018344353d70, 0x0000018344356d90, 0x000001834434fee0, 0x00000183443550b0,
0x00000183458b33a0, 0x00000183458b63c0, 0x00000183458b46e0, 0x00000183458b7700,
0x00000183458b98b0, 0x00000183458b5080, 0x00000183458b8a40, 0x00000183458b4bb0,
0x00000183458b6890, 0x00000183458b6d60, 0x00000183458b7bd0, 0x00000183458b80a0,
0x0000018349a57950, 0x0000018349a5b310, 0x0000018349a54460, 0x0000018343e9b100
}

Java Threads: ( => current thread )
  0x000001831d703230 JavaThread "main" [_thread_blocked, id=1688, stack(0x000000130a500000,0x000000130a600000)]
  0x000001833d934a00 JavaThread "Reference Handler" daemon [_thread_blocked, id=15160, stack(0x000000130ac00000,0x000000130ad00000)]
  0x000001833d935a50 JavaThread "Finalizer" daemon [_thread_blocked, id=14724, stack(0x000000130ad00000,0x000000130ae00000)]
  0x000001833d951be0 JavaThread "Signal Dispatcher" daemon [_thread_blocked, id=10252, stack(0x000000130ae00000,0x000000130af00000)]
  0x000001833d952490 JavaThread "Attach Listener" daemon [_thread_blocked, id=10312, stack(0x000000130af00000,0x000000130b000000)]
  0x000001833d953150 JavaThread "Service Thread" daemon [_thread_blocked, id=10108, stack(0x000000130b000000,0x000000130b100000)]
  0x000001833d9561b0 JavaThread "Monitor Deflation Thread" daemon [_thread_blocked, id=5528, stack(0x000000130b100000,0x000000130b200000)]
  0x000001833d9578f0 JavaThread "C2 CompilerThread0" daemon [_thread_in_native, id=7476, stack(0x000000130b200000,0x000000130b300000)]
  0x000001833d95a990 JavaThread "C1 CompilerThread0" daemon [_thread_blocked, id=2660, stack(0x000000130b300000,0x000000130b400000)]
  0x000001833d963080 JavaThread "Sweeper thread" daemon [_thread_blocked, id=4268, stack(0x000000130b400000,0x000000130b500000)]
  0x0000018341cbf2b0 JavaThread "Common-Cleaner" daemon [_thread_blocked, id=10324, stack(0x000000130b500000,0x000000130b600000)]
  0x0000018341cc79b0 JavaThread "Notification Thread" daemon [_thread_blocked, id=488, stack(0x000000130b600000,0x000000130b700000)]
  0x000001834374da90 JavaThread "Daemon health stats" [_thread_blocked, id=15304, stack(0x000000130c000000,0x000000130c100000)]
  0x00000183427e36d0 JavaThread "Incoming local TCP Connector on port 51328" [_thread_in_native, id=14836, stack(0x000000130c100000,0x000000130c200000)]
  0x00000183429cd7d0 JavaThread "Daemon periodic checks" [_thread_blocked, id=9848, stack(0x000000130c200000,0x000000130c300000)]
  0x00000183436dd070 JavaThread "Daemon" [_thread_blocked, id=10704, stack(0x000000130c300000,0x000000130c400000)]
  0x00000183435f7880 JavaThread "Handler for socket connection from /127.0.0.1:51328 to /127.0.0.1:51329" [_thread_in_native, id=11672, stack(0x000000130c400000,0x000000130c500000)]
  0x00000183435f7d40 JavaThread "Cancel handler" [_thread_blocked, id=14600, stack(0x000000130c500000,0x000000130c600000)]
  0x000001834387d680 JavaThread "Daemon worker" [_thread_blocked, id=8176, stack(0x000000130c600000,0x000000130c700000)]
  0x0000018342d103f0 JavaThread "Asynchronous log dispatcher for DefaultDaemonConnection: socket connection from /127.0.0.1:51328 to /127.0.0.1:51329" [_thread_blocked, id=9540, stack(0x000000130c700000,0x000000130c800000)]
  0x0000018343846900 JavaThread "Stdin handler" [_thread_blocked, id=10164, stack(0x000000130c800000,0x000000130c900000)]
  0x0000018343744220 JavaThread "Daemon client event forwarder" [_thread_blocked, id=13456, stack(0x000000130c900000,0x000000130ca00000)]
  0x0000018343745560 JavaThread "Cache worker for journal cache (C:\Program Files\Android\gradle-7.3.3\caches\journal-1)" [_thread_blocked, id=8144, stack(0x000000130ca00000,0x000000130cb00000)]
  0x0000018343742540 JavaThread "File lock request listener" [_thread_in_native, id=7084, stack(0x000000130cb00000,0x000000130cc00000)]
  0x0000018343745a30 JavaThread "Cache worker for file hash cache (C:\Program Files\Android\gradle-7.3.3\caches\7.3.3\fileHashes)" [_thread_blocked, id=11628, stack(0x000000130cc00000,0x000000130cd00000)]
  0x0000018343744bc0 JavaThread "Cache worker for file hash cache (D:\EmailLogin\.gradle\7.3.3\fileHashes)" [_thread_blocked, id=4396, stack(0x000000130cd00000,0x000000130ce00000)]
  0x0000018343742ee0 JavaThread "File watcher server" daemon [_thread_blocked, id=6012, stack(0x000000130ce00000,0x000000130cf00000)]
  0x00000183437433b0 JavaThread "File watcher consumer" daemon [_thread_blocked, id=13848, stack(0x000000130cf00000,0x000000130d000000)]
  0x0000018343745090 JavaThread "Cache worker for checksums cache (D:\EmailLogin\.gradle\7.3.3\checksums)" [_thread_blocked, id=12176, stack(0x000000130d100000,0x000000130d200000)]
  0x0000018343742070 JavaThread "Cache worker for cache directory md-supplier (C:\Program Files\Android\gradle-7.3.3\caches\7.3.3\md-supplier)" [_thread_blocked, id=6264, stack(0x000000130d200000,0x000000130d300000)]
  0x0000018343743d50 JavaThread "Cache worker for cache directory md-rule (C:\Program Files\Android\gradle-7.3.3\caches\7.3.3\md-rule)" [_thread_blocked, id=14216, stack(0x000000130d400000,0x000000130d500000)]
  0x0000018344494ed0 JavaThread "Cache worker for execution history cache (C:\Program Files\Android\gradle-7.3.3\caches\7.3.3\executionHistory)" [_thread_blocked, id=9164, stack(0x000000130d500000,0x000000130d600000)]
  0x000001834449b3e0 JavaThread "jar transforms" [_thread_blocked, id=11452, stack(0x000000130d600000,0x000000130d700000)]
  0x0000018344499230 JavaThread "Cache worker for file content cache (C:\Program Files\Android\gradle-7.3.3\caches\7.3.3\fileContent)" [_thread_blocked, id=9760, stack(0x000000130d700000,0x000000130d800000)]
  0x0000018344495870 JavaThread "jar transforms Thread 2" [_thread_blocked, id=3648, stack(0x000000130d800000,0x000000130d900000)]
  0x0000018344499700 JavaThread "Cache worker for dependencies-accessors (D:\EmailLogin\.gradle\7.3.3\dependencies-accessors)" [_thread_blocked, id=4304, stack(0x000000130d900000,0x000000130da00000)]
  0x0000018344497a20 JavaThread "jar transforms Thread 3" [_thread_blocked, id=11740, stack(0x000000130da00000,0x000000130db00000)]
  0x0000018344496210 JavaThread "Cache worker for Build Output Cleanup Cache (D:\EmailLogin\.gradle\buildOutputCleanup)" [_thread_blocked, id=7852, stack(0x000000130b900000,0x000000130ba00000)]
  0x000001834449af10 JavaThread "Unconstrained build operations" [_thread_blocked, id=11772, stack(0x000000130db00000,0x000000130dc00000)]
  0x0000018344497ef0 JavaThread "Unconstrained build operations Thread 2" [_thread_blocked, id=11156, stack(0x000000130dc00000,0x000000130dd00000)]
  0x0000018344499bd0 JavaThread "Unconstrained build operations Thread 3" [_thread_blocked, id=8776, stack(0x000000130dd00000,0x000000130de00000)]
  0x00000183444966e0 JavaThread "Unconstrained build operations Thread 4" [_thread_blocked, id=1536, stack(0x000000130de00000,0x000000130df00000)]
  0x000001834449b8b0 JavaThread "Unconstrained build operations Thread 5" [_thread_blocked, id=408, stack(0x000000130df00000,0x000000130e000000)]
  0x000001834449a0a0 JavaThread "Unconstrained build operations Thread 6" [_thread_blocked, id=3688, stack(0x000000130e000000,0x000000130e100000)]
  0x0000018344497550 JavaThread "Unconstrained build operations Thread 7" [_thread_blocked, id=15152, stack(0x000000130e100000,0x000000130e200000)]
  0x000001834449a570 JavaThread "Unconstrained build operations Thread 8" [_thread_blocked, id=8072, stack(0x000000130e200000,0x000000130e300000)]
  0x0000018344494060 JavaThread "Unconstrained build operations Thread 9" [_thread_blocked, id=832, stack(0x000000130e300000,0x000000130e400000)]
  0x0000018344494530 JavaThread "Unconstrained build operations Thread 10" [_thread_blocked, id=14916, stack(0x000000130e400000,0x000000130e500000)]
  0x0000018344494a00 JavaThread "Unconstrained build operations Thread 11" [_thread_blocked, id=12348, stack(0x000000130e500000,0x000000130e600000)]
  0x00000183450a6bd0 JavaThread "Unconstrained build operations Thread 12" [_thread_blocked, id=10840, stack(0x000000130e600000,0x000000130e700000)]
  0x00000183450a4080 JavaThread "Unconstrained build operations Thread 13" [_thread_blocked, id=12932, stack(0x000000130e700000,0x000000130e800000)]
  0x00000183450a1ed0 JavaThread "Unconstrained build operations Thread 14" [_thread_blocked, id=8528, stack(0x000000130e800000,0x000000130e900000)]
  0x00000183450a4550 JavaThread "Unconstrained build operations Thread 15" [_thread_blocked, id=8172, stack(0x000000130e900000,0x000000130ea00000)]
  0x00000183450a3210 JavaThread "Unconstrained build operations Thread 16" [_thread_blocked, id=10388, stack(0x000000130ea00000,0x000000130eb00000)]
  0x00000183450a1a00 JavaThread "Unconstrained build operations Thread 17" [_thread_blocked, id=8840, stack(0x000000130eb00000,0x000000130ec00000)]
  0x00000183450a4a20 JavaThread "Unconstrained build operations Thread 18" [_thread_blocked, id=10980, stack(0x000000130ec00000,0x000000130ed00000)]
  0x00000183450a23a0 JavaThread "Unconstrained build operations Thread 19" [_thread_blocked, id=8980, stack(0x000000130ed00000,0x000000130ee00000)]
  0x00000183450a83e0 JavaThread "Unconstrained build operations Thread 20" [_thread_blocked, id=4956, stack(0x000000130ee00000,0x000000130ef00000)]
  0x00000183450a70a0 JavaThread "Unconstrained build operations Thread 21" [_thread_blocked, id=11144, stack(0x000000130ef00000,0x000000130f000000)]
  0x00000183450a4ef0 JavaThread "Unconstrained build operations Thread 22" [_thread_blocked, id=9472, stack(0x000000130f000000,0x000000130f100000)]
  0x00000183450a7a40 JavaThread "Unconstrained build operations Thread 23" [_thread_blocked, id=6560, stack(0x000000130f100000,0x000000130f200000)]
  0x00000183450a36e0 JavaThread "Unconstrained build operations Thread 24" [_thread_blocked, id=12528, stack(0x000000130f200000,0x000000130f300000)]
  0x00000183450a7f10 JavaThread "Unconstrained build operations Thread 25" [_thread_blocked, id=11320, stack(0x000000130f300000,0x000000130f400000)]
  0x00000183450a88b0 JavaThread "Unconstrained build operations Thread 26" [_thread_blocked, id=6496, stack(0x000000130f400000,0x000000130f500000)]
  0x00000183450a53c0 JavaThread "Unconstrained build operations Thread 27" [_thread_blocked, id=2360, stack(0x000000130f500000,0x000000130f600000)]
  0x00000183450a2870 JavaThread "Unconstrained build operations Thread 28" [_thread_blocked, id=15164, stack(0x000000130f600000,0x000000130f700000)]
  0x00000183450a2d40 JavaThread "Unconstrained build operations Thread 29" [_thread_blocked, id=13144, stack(0x000000130f700000,0x000000130f800000)]
  0x00000183450a1060 JavaThread "Unconstrained build operations Thread 30" [_thread_blocked, id=14620, stack(0x000000130f800000,0x000000130f900000)]
  0x00000183450a5890 JavaThread "Unconstrained build operations Thread 31" [_thread_blocked, id=12076, stack(0x000000130f900000,0x000000130fa00000)]
  0x00000183450a7570 JavaThread "Unconstrained build operations Thread 32" [_thread_blocked, id=1576, stack(0x000000130fa00000,0x000000130fb00000)]
  0x00000183450a3bb0 JavaThread "Unconstrained build operations Thread 33" [_thread_blocked, id=10500, stack(0x000000130fb00000,0x000000130fc00000)]
  0x00000183450a1530 JavaThread "Unconstrained build operations Thread 34" [_thread_blocked, id=11944, stack(0x000000130fc00000,0x000000130fd00000)]
  0x00000183450a5d60 JavaThread "Unconstrained build operations Thread 35" [_thread_blocked, id=11748, stack(0x000000130fd00000,0x000000130fe00000)]
  0x00000183450a6230 JavaThread "Unconstrained build operations Thread 36" [_thread_blocked, id=14672, stack(0x000000130fe00000,0x000000130ff00000)]
  0x00000183450a6700 JavaThread "Unconstrained build operations Thread 37" [_thread_blocked, id=4460, stack(0x000000130ff00000,0x0000001310000000)]
  0x00000183482dea10 JavaThread "Unconstrained build operations Thread 38" [_thread_blocked, id=10236, stack(0x0000001310000000,0x0000001310100000)]
  0x00000183482e1560 JavaThread "Unconstrained build operations Thread 39" [_thread_blocked, id=14260, stack(0x0000001310100000,0x0000001310200000)]
  0x00000183482ddba0 JavaThread "Unconstrained build operations Thread 40" [_thread_blocked, id=3260, stack(0x0000001310200000,0x0000001310300000)]
  0x00000183482e1a30 JavaThread "Unconstrained build operations Thread 41" [_thread_blocked, id=9708, stack(0x0000001310300000,0x0000001310400000)]
  0x00000183482dc860 JavaThread "Unconstrained build operations Thread 42" [_thread_blocked, id=7380, stack(0x0000001310400000,0x0000001310500000)]
  0x00000183482deee0 JavaThread "Unconstrained build operations Thread 43" [_thread_blocked, id=3840, stack(0x0000001310500000,0x0000001310600000)]
  0x00000183482dcd30 JavaThread "Unconstrained build operations Thread 44" [_thread_blocked, id=9188, stack(0x0000001310600000,0x0000001310700000)]
  0x00000183482e0bc0 JavaThread "Unconstrained build operations Thread 45" [_thread_blocked, id=15112, stack(0x0000001310700000,0x0000001310800000)]
  0x00000183482df3b0 JavaThread "Unconstrained build operations Thread 46" [_thread_blocked, id=12204, stack(0x0000001310800000,0x0000001310900000)]
  0x00000183482dbec0 JavaThread "Unconstrained build operations Thread 47" [_thread_blocked, id=11964, stack(0x0000001310900000,0x0000001310a00000)]
  0x00000183482df880 JavaThread "Unconstrained build operations Thread 48" [_thread_blocked, id=14964, stack(0x0000001310a00000,0x0000001310b00000)]
  0x00000183482dfd50 JavaThread "Unconstrained build operations Thread 49" [_thread_blocked, id=5220, stack(0x0000001310b00000,0x0000001310c00000)]
  0x00000183482de070 JavaThread "Unconstrained build operations Thread 50" [_thread_blocked, id=5632, stack(0x0000001310c00000,0x0000001310d00000)]
  0x00000183482e1f00 JavaThread "Unconstrained build operations Thread 51" [_thread_blocked, id=15288, stack(0x0000001310d00000,0x0000001310e00000)]
  0x00000183482e0220 JavaThread "Unconstrained build operations Thread 52" [_thread_blocked, id=5556, stack(0x0000001310e00000,0x0000001310f00000)]
  0x00000183482e06f0 JavaThread "Unconstrained build operations Thread 53" [_thread_blocked, id=13196, stack(0x0000001310f00000,0x0000001311000000)]
  0x00000183482dc390 JavaThread "Unconstrained build operations Thread 54" [_thread_blocked, id=14640, stack(0x0000001311000000,0x0000001311100000)]
  0x00000183482e23d0 JavaThread "Unconstrained build operations Thread 55" [_thread_blocked, id=10084, stack(0x0000001311100000,0x0000001311200000)]
  0x00000183482dd200 JavaThread "Unconstrained build operations Thread 56" [_thread_blocked, id=624, stack(0x0000001311200000,0x0000001311300000)]
  0x00000183482e1090 JavaThread "Unconstrained build operations Thread 57" [_thread_blocked, id=11760, stack(0x0000001311300000,0x0000001311400000)]
  0x00000183482e2d70 JavaThread "Unconstrained build operations Thread 58" [_thread_blocked, id=12884, stack(0x0000001311400000,0x0000001311500000)]
  0x00000183482e28a0 JavaThread "Unconstrained build operations Thread 59" [_thread_blocked, id=9428, stack(0x0000001311500000,0x0000001311600000)]
  0x00000183482de540 JavaThread "Unconstrained build operations Thread 60" [_thread_blocked, id=5560, stack(0x0000001311600000,0x0000001311700000)]
  0x00000183482e3240 JavaThread "Unconstrained build operations Thread 61" [_thread_blocked, id=5532, stack(0x0000001311700000,0x0000001311800000)]
  0x00000183482e3710 JavaThread "Unconstrained build operations Thread 62" [_thread_blocked, id=740, stack(0x0000001311800000,0x0000001311900000)]
  0x00000183482dd6d0 JavaThread "Unconstrained build operations Thread 63" [_thread_blocked, id=4376, stack(0x0000001311900000,0x0000001311a00000)]
  0x0000018344355580 JavaThread "Unconstrained build operations Thread 64" [_thread_blocked, id=2068, stack(0x0000001311a00000,0x0000001311b00000)]
  0x0000018344350880 JavaThread "Unconstrained build operations Thread 65" [_thread_blocked, id=6304, stack(0x0000001311b00000,0x0000001311c00000)]
  0x0000018344352f00 JavaThread "Unconstrained build operations Thread 66" [_thread_blocked, id=500, stack(0x0000001311c00000,0x0000001311d00000)]
  0x0000018344357730 JavaThread "Unconstrained build operations Thread 67" [_thread_blocked, id=12156, stack(0x0000001311d00000,0x0000001311e00000)]
  0x0000018344355f20 JavaThread "Unconstrained build operations Thread 68" [_thread_blocked, id=13668, stack(0x0000001311e00000,0x0000001311f00000)]
  0x0000018344352a30 JavaThread "Unconstrained build operations Thread 69" [_thread_blocked, id=6492, stack(0x0000001311f00000,0x0000001312000000)]
  0x00000183443516f0 JavaThread "Unconstrained build operations Thread 70" [_thread_blocked, id=1632, stack(0x0000001312000000,0x0000001312100000)]
  0x00000183443503b0 JavaThread "Unconstrained build operations Thread 71" [_thread_blocked, id=14656, stack(0x0000001312100000,0x0000001312200000)]
  0x0000018344355a50 JavaThread "Unconstrained build operations Thread 72" [_thread_blocked, id=4432, stack(0x0000001312200000,0x0000001312300000)]
  0x00000183443533d0 JavaThread "Unconstrained build operations Thread 73" [_thread_blocked, id=8656, stack(0x0000001312300000,0x0000001312400000)]
  0x0000018344352090 JavaThread "Unconstrained build operations Thread 74" [_thread_blocked, id=15096, stack(0x0000001312400000,0x0000001312500000)]
  0x0000018344351bc0 JavaThread "Unconstrained build operations Thread 75" [_thread_blocked, id=14696, stack(0x0000001312500000,0x0000001312600000)]
  0x0000018344354710 JavaThread "Unconstrained build operations Thread 76" [_thread_blocked, id=1964, stack(0x0000001312600000,0x0000001312700000)]
  0x00000183443538a0 JavaThread "Unconstrained build operations Thread 77" [_thread_blocked, id=10556, stack(0x0000001312700000,0x0000001312800000)]
  0x00000183443563f0 JavaThread "Unconstrained build operations Thread 78" [_thread_blocked, id=4428, stack(0x0000001312800000,0x0000001312900000)]
  0x0000018344357260 JavaThread "Unconstrained build operations Thread 79" [_thread_blocked, id=2368, stack(0x0000001312900000,0x0000001312a00000)]
  0x0000018344354be0 JavaThread "Unconstrained build operations Thread 80" [_thread_blocked, id=4584, stack(0x0000001312a00000,0x0000001312b00000)]
  0x0000018344351220 JavaThread "jar transforms Thread 4" [_thread_blocked, id=13620, stack(0x0000001312c00000,0x0000001312d00000)]
  0x00000183443568c0 JavaThread "jar transforms Thread 5" [_thread_blocked, id=7320, stack(0x0000001312d00000,0x0000001312e00000)]
  0x0000018344353d70 JavaThread "jar transforms Thread 6" [_thread_blocked, id=3520, stack(0x0000001312e00000,0x0000001312f00000)]
  0x0000018344356d90 JavaThread "jar transforms Thread 7" [_thread_blocked, id=1476, stack(0x0000001312f00000,0x0000001313000000)]
  0x000001834434fee0 JavaThread "jar transforms Thread 8" [_thread_blocked, id=8612, stack(0x0000001313000000,0x0000001313100000)]
  0x00000183443550b0 JavaThread "Memory manager" [_thread_blocked, id=13924, stack(0x0000001313100000,0x0000001313200000)]
  0x00000183458b33a0 JavaThread "build event listener" [_thread_blocked, id=11756, stack(0x0000001313200000,0x0000001313300000)]
  0x00000183458b63c0 JavaThread "pool-3-thread-1" [_thread_blocked, id=9136, stack(0x0000001313300000,0x0000001313400000)]
  0x00000183458b46e0 JavaThread "build event listener" [_thread_blocked, id=12244, stack(0x0000001313400000,0x0000001313500000)]
  0x00000183458b7700 JavaThread "Execution worker for ':'" [_thread_blocked, id=436, stack(0x0000001313500000,0x0000001313600000)]
  0x00000183458b98b0 JavaThread "Execution worker for ':' Thread 2" [_thread_blocked, id=4920, stack(0x0000001313600000,0x0000001313700000)]
  0x00000183458b5080 JavaThread "Execution worker for ':' Thread 3" [_thread_blocked, id=11864, stack(0x0000001313700000,0x0000001313800000)]
  0x00000183458b8a40 JavaThread "Execution worker for ':' Thread 4" [_thread_blocked, id=15264, stack(0x0000001313800000,0x0000001313900000)]
  0x00000183458b4bb0 JavaThread "Execution worker for ':' Thread 5" [_thread_blocked, id=4564, stack(0x0000001313900000,0x0000001313a00000)]
  0x00000183458b6890 JavaThread "Execution worker for ':' Thread 6" [_thread_blocked, id=1856, stack(0x0000001313a00000,0x0000001313b00000)]
  0x00000183458b6d60 JavaThread "Execution worker for ':' Thread 7" [_thread_blocked, id=7924, stack(0x0000001313b00000,0x0000001313c00000)]
  0x00000183458b7bd0 JavaThread "Cache worker for execution history cache (D:\EmailLogin\.gradle\7.3.3\executionHistory)" [_thread_blocked, id=13436, stack(0x0000001313c00000,0x0000001313d00000)]
  0x00000183458b80a0 JavaThread "WorkerExecutor Queue" [_thread_blocked, id=13264, stack(0x0000001313d00000,0x0000001313e00000)]
  0x0000018349a57950 JavaThread "pool-4-thread-1" [_thread_blocked, id=8320, stack(0x0000001313e00000,0x0000001313f00000)]
  0x0000018349a5b310 JavaThread "stderr" [_thread_in_native, id=10700, stack(0x0000001313f00000,0x0000001314000000)]
  0x0000018349a54460 JavaThread "stdout" [_thread_in_native, id=7244, stack(0x0000001314000000,0x0000001314100000)]
  0x0000018343e9b100 JavaThread "C2 CompilerThread1" daemon [_thread_blocked, id=12768, stack(0x000000130b800000,0x000000130b900000)]

Other Threads:
=>0x000001831d77c530 VMThread "VM Thread" [stack: 0x000000130ab00000,0x000000130ac00000] [id=3944]
  0x0000018341cd02b0 WatcherThread "VM Periodic Task Thread" [stack: 0x000000130b700000,0x000000130b800000] [id=13708]
  0x000001831d762a00 WorkerThread "GC Thread#0" [stack: 0x000000130a600000,0x000000130a700000] [id=2644]
  0x0000018341db9020 WorkerThread "GC Thread#1" [stack: 0x000000130ba00000,0x000000130bb00000] [id=9156]
  0x00000183428dc050 WorkerThread "GC Thread#2" [stack: 0x000000130bb00000,0x000000130bc00000] [id=6964]
  0x00000183428dc6d0 WorkerThread "GC Thread#3" [stack: 0x000000130bc00000,0x000000130bd00000] [id=13896]
  0x0000018342a0c3d0 WorkerThread "GC Thread#4" [stack: 0x000000130bd00000,0x000000130be00000] [id=3556]
  0x00000183433c7360 WorkerThread "GC Thread#5" [stack: 0x000000130be00000,0x000000130bf00000] [id=5248]
  0x00000183429acfa0 WorkerThread "GC Thread#6" [stack: 0x000000130bf00000,0x000000130c000000] [id=11224]
  0x0000018343deb800 WorkerThread "GC Thread#7" [stack: 0x000000130d000000,0x000000130d100000] [id=11620]
  0x000001831d773cf0 ConcurrentGCThread "G1 Main Marker" [stack: 0x000000130a700000,0x000000130a800000] [id=2332]
  0x000001831d774490 WorkerThread "G1 Conc#0" [stack: 0x000000130a800000,0x000000130a900000] [id=13108]
  0x0000018343deb560 WorkerThread "G1 Conc#1" [stack: 0x000000130d300000,0x000000130d400000] [id=13348]
  0x000001833d7ee160 ConcurrentGCThread "G1 Refine#0" [stack: 0x000000130a900000,0x000000130aa00000] [id=7660]
  0x000001833d7ee820 ConcurrentGCThread "G1 Service" [stack: 0x000000130aa00000,0x000000130ab00000] [id=4568]

Threads with active compile tasks:
C2 CompilerThread0    11338 11463   !   4       java.io.BufferedReader::readLine (327 bytes)
C1 CompilerThread0    11338 11679       3       com.android.ide.common.symbols.Symbol$Companion::styleableSymbol (87 bytes)
C2 CompilerThread1    11338 11670       4       java.util.AbstractCollection::toArray (144 bytes)

VM state: at safepoint (normal execution)

VM Mutex/Monitor currently owned by a thread:  ([mutex/lock_event])
[0x000001831d700280] Threads_lock - owner thread: 0x000001831d77c530
[0x000001831d6ffaa0] Heap_lock - owner thread: 0x00000183458b80a0

Heap address: 0x0000000080000000, size: 2048 MB, Compressed Oops mode: 32-bit

CDS archive(s) mapped at: [0x0000000800000000-0x0000000800ba0000-0x0000000800ba0000), size 12189696, SharedBaseAddress: 0x0000000800000000, ArchiveRelocationMode: 0.
Compressed class space mapped at: 0x0000000800c00000-0x0000000840c00000, reserved size: 1073741824
Narrow klass base: 0x0000000800000000, Narrow klass shift: 0, Narrow klass range: 0x100000000

GC Precious Log:
 CardTable entry size: 512
 Card Set container configuration: InlinePtr #cards 5 size 8 Array Of Cards #cards 12 size 40 Howl #buckets 4 coarsen threshold 1843 Howl Bitmap #cards 512 size 80 coarsen threshold 460 Card regions per heap region 1 cards per card region 2048
 CPUs: 8 total, 8 available
 Memory: 7987M
 Large Page Support: Disabled
 NUMA Support: Disabled
 Compressed Oops: Enabled (32-bit)
 Heap Region Size: 1M
 Heap Min Capacity: 8M
 Heap Initial Capacity: 126M
 Heap Max Capacity: 2G
 Pre-touch: Disabled
 Parallel Workers: 8
 Concurrent Workers: 2
 Concurrent Refinement Workers: 8
 Periodic GC: Disabled

Heap:
 garbage-first heap   total 163840K, used 94197K [0x0000000080000000, 0x0000000100000000)
  region size 1024K, 6 young (6144K), 6 survivors (6144K)
 Metaspace       used 82044K, committed 83968K, reserved 1179648K
  class space    used 11136K, committed 12096K, reserved 1048576K

Heap Regions: E=young(eden), S=young(survivor), O=old, HS=humongous(starts), HC=humongous(continues), CS=collection set, F=free, OA=open archive, CA=closed archive, TAMS=top-at-mark-start (previous, next)
|   0|0x0000000080000000, 0x0000000080100000, 0x0000000080100000|100%| O|  |TAMS 0x0000000080100000, 0x0000000080100000| Untracked 
|   1|0x0000000080100000, 0x0000000080200000, 0x0000000080200000|100%| O|  |TAMS 0x0000000080200000, 0x0000000080200000| Untracked 
|   2|0x0000000080200000, 0x0000000080300000, 0x0000000080300000|100%| O|  |TAMS 0x0000000080300000, 0x0000000080300000| Untracked 
|   3|0x0000000080300000, 0x0000000080400000, 0x0000000080400000|100%|HS|  |TAMS 0x0000000080400000, 0x0000000080400000| Complete 
|   4|0x0000000080400000, 0x0000000080500000, 0x0000000080500000|100%|HC|  |TAMS 0x0000000080500000, 0x0000000080500000| Complete 
|   5|0x0000000080500000, 0x0000000080600000, 0x0000000080600000|100%|HC|  |TAMS 0x0000000080600000, 0x0000000080600000| Complete 
|   6|0x0000000080600000, 0x0000000080700000, 0x0000000080700000|100%| O|  |TAMS 0x0000000080700000, 0x0000000080700000| Untracked 
|   7|0x0000000080700000, 0x0000000080700000, 0x0000000080800000|  0%| F|  |TAMS 0x0000000080700000, 0x0000000080700000| Untracked 
|   8|0x0000000080800000, 0x0000000080900000, 0x0000000080900000|100%| O|  |TAMS 0x0000000080900000, 0x0000000080900000| Untracked 
|   9|0x0000000080900000, 0x0000000080a00000, 0x0000000080a00000|100%| O|  |TAMS 0x0000000080a00000, 0x0000000080a00000| Untracked 
|  10|0x0000000080a00000, 0x0000000080b00000, 0x0000000080b00000|100%| O|  |TAMS 0x0000000080b00000, 0x0000000080b00000| Untracked 
|  11|0x0000000080b00000, 0x0000000080c00000, 0x0000000080c00000|100%| O|  |TAMS 0x0000000080c00000, 0x0000000080c00000| Untracked 
|  12|0x0000000080c00000, 0x0000000080d00000, 0x0000000080d00000|100%| O|  |TAMS 0x0000000080d00000, 0x0000000080d00000| Untracked 
|  13|0x0000000080d00000, 0x0000000080e00000, 0x0000000080e00000|100%| O|  |TAMS 0x0000000080e00000, 0x0000000080e00000| Untracked 
|  14|0x0000000080e00000, 0x0000000080f00000, 0x0000000080f00000|100%| O|  |TAMS 0x0000000080f00000, 0x0000000080f00000| Untracked 
|  15|0x0000000080f00000, 0x0000000081000000, 0x0000000081000000|100%| O|  |TAMS 0x0000000081000000, 0x0000000081000000| Untracked 
|  16|0x0000000081000000, 0x0000000081100000, 0x0000000081100000|100%| O|  |TAMS 0x0000000081100000, 0x0000000081100000| Untracked 
|  17|0x0000000081100000, 0x0000000081200000, 0x0000000081200000|100%| O|  |TAMS 0x0000000081200000, 0x0000000081200000| Untracked 
|  18|0x0000000081200000, 0x0000000081300000, 0x0000000081300000|100%| O|  |TAMS 0x0000000081300000, 0x0000000081300000| Untracked 
|  19|0x0000000081300000, 0x0000000081400000, 0x0000000081400000|100%| O|  |TAMS 0x0000000081400000, 0x0000000081400000| Untracked 
|  20|0x0000000081400000, 0x0000000081500000, 0x0000000081500000|100%| O|  |TAMS 0x0000000081500000, 0x0000000081500000| Untracked 
|  21|0x0000000081500000, 0x0000000081600000, 0x0000000081600000|100%| O|  |TAMS 0x0000000081600000, 0x0000000081600000| Untracked 
|  22|0x0000000081600000, 0x0000000081700000, 0x0000000081700000|100%| O|  |TAMS 0x0000000081700000, 0x0000000081700000| Untracked 
|  23|0x0000000081700000, 0x0000000081800000, 0x0000000081800000|100%| O|  |TAMS 0x0000000081800000, 0x0000000081800000| Untracked 
|  24|0x0000000081800000, 0x0000000081900000, 0x0000000081900000|100%| O|  |TAMS 0x0000000081900000, 0x0000000081900000| Untracked 
|  25|0x0000000081900000, 0x0000000081a00000, 0x0000000081a00000|100%| O|  |TAMS 0x0000000081a00000, 0x0000000081a00000| Untracked 
|  26|0x0000000081a00000, 0x0000000081b00000, 0x0000000081b00000|100%| O|  |TAMS 0x0000000081b00000, 0x0000000081b00000| Untracked 
|  27|0x0000000081b00000, 0x0000000081c00000, 0x0000000081c00000|100%| O|  |TAMS 0x0000000081c00000, 0x0000000081c00000| Untracked 
|  28|0x0000000081c00000, 0x0000000081d00000, 0x0000000081d00000|100%| O|  |TAMS 0x0000000081d00000, 0x0000000081d00000| Untracked 
|  29|0x0000000081d00000, 0x0000000081e00000, 0x0000000081e00000|100%| O|  |TAMS 0x0000000081e00000, 0x0000000081e00000| Untracked 
|  30|0x0000000081e00000, 0x0000000081f00000, 0x0000000081f00000|100%|HS|  |TAMS 0x0000000081f00000, 0x0000000081f00000| Complete 
|  31|0x0000000081f00000, 0x0000000082000000, 0x0000000082000000|100%|HS|  |TAMS 0x0000000082000000, 0x0000000082000000| Complete 
|  32|0x0000000082000000, 0x0000000082100000, 0x0000000082100000|100%|HS|  |TAMS 0x0000000082100000, 0x0000000082100000| Complete 
|  33|0x0000000082100000, 0x0000000082200000, 0x0000000082200000|100%|HC|  |TAMS 0x0000000082200000, 0x0000000082200000| Complete 
|  34|0x0000000082200000, 0x0000000082300000, 0x0000000082300000|100%| O|  |TAMS 0x0000000082300000, 0x0000000082300000| Untracked 
|  35|0x0000000082300000, 0x0000000082400000, 0x0000000082400000|100%| O|  |TAMS 0x0000000082400000, 0x0000000082400000| Untracked 
|  36|0x0000000082400000, 0x0000000082500000, 0x0000000082500000|100%| O|  |TAMS 0x0000000082500000, 0x0000000082500000| Untracked 
|  37|0x0000000082500000, 0x0000000082600000, 0x0000000082600000|100%| O|  |TAMS 0x0000000082600000, 0x0000000082600000| Untracked 
|  38|0x0000000082600000, 0x0000000082700000, 0x0000000082700000|100%| O|  |TAMS 0x0000000082700000, 0x0000000082700000| Untracked 
|  39|0x0000000082700000, 0x0000000082800000, 0x0000000082800000|100%| O|  |TAMS 0x0000000082800000, 0x0000000082800000| Untracked 
|  40|0x0000000082800000, 0x0000000082900000, 0x0000000082900000|100%| O|  |TAMS 0x0000000082900000, 0x0000000082900000| Untracked 
|  41|0x0000000082900000, 0x0000000082a00000, 0x0000000082a00000|100%| O|  |TAMS 0x0000000082a00000, 0x0000000082a00000| Untracked 
|  42|0x0000000082a00000, 0x0000000082b00000, 0x0000000082b00000|100%| O|  |TAMS 0x0000000082b00000, 0x0000000082b00000| Untracked 
|  43|0x0000000082b00000, 0x0000000082c00000, 0x0000000082c00000|100%| O|  |TAMS 0x0000000082c00000, 0x0000000082c00000| Untracked 
|  44|0x0000000082c00000, 0x0000000082d00000, 0x0000000082d00000|100%| O|  |TAMS 0x0000000082d00000, 0x0000000082d00000| Untracked 
|  45|0x0000000082d00000, 0x0000000082e00000, 0x0000000082e00000|100%| O|  |TAMS 0x0000000082e00000, 0x0000000082e00000| Untracked 
|  46|0x0000000082e00000, 0x0000000082f00000, 0x0000000082f00000|100%| O|  |TAMS 0x0000000082f00000, 0x0000000082f00000| Untracked 
|  47|0x0000000082f00000, 0x0000000083000000, 0x0000000083000000|100%| O|  |TAMS 0x0000000083000000, 0x0000000083000000| Untracked 
|  48|0x0000000083000000, 0x0000000083100000, 0x0000000083100000|100%| O|  |TAMS 0x0000000083100000, 0x0000000083100000| Untracked 
|  49|0x0000000083100000, 0x0000000083200000, 0x0000000083200000|100%| O|  |TAMS 0x0000000083200000, 0x0000000083200000| Untracked 
|  50|0x0000000083200000, 0x0000000083300000, 0x0000000083300000|100%| O|  |TAMS 0x0000000083300000, 0x0000000083300000| Untracked 
|  51|0x0000000083300000, 0x0000000083400000, 0x0000000083400000|100%| O|  |TAMS 0x0000000083400000, 0x0000000083400000| Untracked 
|  52|0x0000000083400000, 0x0000000083500000, 0x0000000083500000|100%| O|  |TAMS 0x0000000083500000, 0x0000000083500000| Untracked 
|  53|0x0000000083500000, 0x0000000083600000, 0x0000000083600000|100%| O|  |TAMS 0x0000000083600000, 0x0000000083600000| Untracked 
|  54|0x0000000083600000, 0x0000000083700000, 0x0000000083700000|100%| O|  |TAMS 0x0000000083700000, 0x0000000083700000| Untracked 
|  55|0x0000000083700000, 0x0000000083800000, 0x0000000083800000|100%| O|  |TAMS 0x0000000083800000, 0x0000000083800000| Untracked 
|  56|0x0000000083800000, 0x0000000083900000, 0x0000000083900000|100%| O|  |TAMS 0x0000000083900000, 0x0000000083900000| Untracked 
|  57|0x0000000083900000, 0x0000000083a00000, 0x0000000083a00000|100%| O|  |TAMS 0x0000000083a00000, 0x0000000083a00000| Untracked 
|  58|0x0000000083a00000, 0x0000000083b00000, 0x0000000083b00000|100%| O|  |TAMS 0x0000000083b00000, 0x0000000083b00000| Untracked 
|  59|0x0000000083b00000, 0x0000000083c00000, 0x0000000083c00000|100%| O|  |TAMS 0x0000000083c00000, 0x0000000083c00000| Untracked 
|  60|0x0000000083c00000, 0x0000000083d00000, 0x0000000083d00000|100%| O|  |TAMS 0x0000000083d00000, 0x0000000083d00000| Untracked 
|  61|0x0000000083d00000, 0x0000000083e00000, 0x0000000083e00000|100%| O|  |TAMS 0x0000000083e00000, 0x0000000083e00000| Untracked 
|  62|0x0000000083e00000, 0x0000000083f00000, 0x0000000083f00000|100%| O|  |TAMS 0x0000000083f00000, 0x0000000083f00000| Untracked 
|  63|0x0000000083f00000, 0x0000000084000000, 0x0000000084000000|100%| O|  |TAMS 0x0000000084000000, 0x0000000084000000| Untracked 
|  64|0x0000000084000000, 0x0000000084100000, 0x0000000084100000|100%| O|  |TAMS 0x0000000084100000, 0x0000000084100000| Untracked 
|  65|0x0000000084100000, 0x0000000084200000, 0x0000000084200000|100%| O|  |TAMS 0x0000000084200000, 0x0000000084200000| Untracked 
|  66|0x0000000084200000, 0x0000000084300000, 0x0000000084300000|100%| O|  |TAMS 0x0000000084300000, 0x0000000084300000| Untracked 
|  67|0x0000000084300000, 0x0000000084400000, 0x0000000084400000|100%| O|  |TAMS 0x0000000084400000, 0x0000000084400000| Untracked 
|  68|0x0000000084400000, 0x0000000084500000, 0x0000000084500000|100%| O|  |TAMS 0x0000000084500000, 0x0000000084500000| Untracked 
|  69|0x0000000084500000, 0x0000000084600000, 0x0000000084600000|100%| O|  |TAMS 0x0000000084600000, 0x0000000084600000| Untracked 
|  70|0x0000000084600000, 0x0000000084700000, 0x0000000084700000|100%| O|  |TAMS 0x0000000084700000, 0x0000000084700000| Untracked 
|  71|0x0000000084700000, 0x0000000084800000, 0x0000000084800000|100%| O|  |TAMS 0x0000000084800000, 0x0000000084800000| Untracked 
|  72|0x0000000084800000, 0x0000000084900000, 0x0000000084900000|100%| O|  |TAMS 0x0000000084900000, 0x0000000084900000| Untracked 
|  73|0x0000000084900000, 0x0000000084a00000, 0x0000000084a00000|100%| O|  |TAMS 0x0000000084a00000, 0x0000000084a00000| Untracked 
|  74|0x0000000084a00000, 0x0000000084b00000, 0x0000000084b00000|100%| O|  |TAMS 0x0000000084a7be00, 0x0000000084b00000| Untracked 
|  75|0x0000000084b00000, 0x0000000084c00000, 0x0000000084c00000|100%| O|  |TAMS 0x0000000084b00000, 0x0000000084c00000| Untracked 
|  76|0x0000000084c00000, 0x0000000084d00000, 0x0000000084d00000|100%| O|  |TAMS 0x0000000084c00000, 0x0000000084d00000| Untracked 
|  77|0x0000000084d00000, 0x0000000084e00000, 0x0000000084e00000|100%| O|  |TAMS 0x0000000084d00000, 0x0000000084e00000| Untracked 
|  78|0x0000000084e00000, 0x0000000084f00000, 0x0000000084f00000|100%| O|  |TAMS 0x0000000084e00000, 0x0000000084f00000| Untracked 
|  79|0x0000000084f00000, 0x0000000085000000, 0x0000000085000000|100%| O|  |TAMS 0x0000000084f00000, 0x0000000085000000| Untracked 
|  80|0x0000000085000000, 0x0000000085100000, 0x0000000085100000|100%| O|  |TAMS 0x0000000085000000, 0x0000000085100000| Untracked 
|  81|0x0000000085100000, 0x0000000085200000, 0x0000000085200000|100%| O|  |TAMS 0x0000000085100000, 0x0000000085200000| Untracked 
|  82|0x0000000085200000, 0x0000000085300000, 0x0000000085300000|100%| O|  |TAMS 0x0000000085200000, 0x0000000085300000| Untracked 
|  83|0x0000000085300000, 0x0000000085400000, 0x0000000085400000|100%| O|  |TAMS 0x0000000085300000, 0x0000000085400000| Untracked 
|  84|0x0000000085400000, 0x0000000085500000, 0x0000000085500000|100%| O|  |TAMS 0x0000000085400000, 0x0000000085500000| Untracked 
|  85|0x0000000085500000, 0x0000000085600000, 0x0000000085600000|100%| O|  |TAMS 0x0000000085500000, 0x0000000085600000| Untracked 
|  86|0x0000000085600000, 0x00000000856fd400, 0x0000000085700000| 98%| O|  |TAMS 0x0000000085600000, 0x0000000085679400| Untracked 
|  87|0x0000000085700000, 0x0000000085700000, 0x0000000085800000|  0%| F|  |TAMS 0x0000000085700000, 0x0000000085700000| Untracked 
|  88|0x0000000085800000, 0x0000000085800000, 0x0000000085900000|  0%| F|  |TAMS 0x0000000085800000, 0x0000000085800000| Untracked 
|  89|0x0000000085900000, 0x0000000085900000, 0x0000000085a00000|  0%| F|  |TAMS 0x0000000085900000, 0x0000000085900000| Untracked 
|  90|0x0000000085a00000, 0x0000000085a00000, 0x0000000085b00000|  0%| F|  |TAMS 0x0000000085a00000, 0x0000000085a00000| Untracked 
|  91|0x0000000085b00000, 0x0000000085b00000, 0x0000000085c00000|  0%| F|  |TAMS 0x0000000085b00000, 0x0000000085b00000| Untracked 
|  92|0x0000000085c00000, 0x0000000085c00000, 0x0000000085d00000|  0%| F|  |TAMS 0x0000000085c00000, 0x0000000085c00000| Untracked 
|  93|0x0000000085d00000, 0x0000000085d00000, 0x0000000085e00000|  0%| F|  |TAMS 0x0000000085d00000, 0x0000000085d00000| Untracked 
|  94|0x0000000085e00000, 0x0000000085e00000, 0x0000000085f00000|  0%| F|  |TAMS 0x0000000085e00000, 0x0000000085e00000| Untracked 
|  95|0x0000000085f00000, 0x0000000085f00000, 0x0000000086000000|  0%| F|  |TAMS 0x0000000085f00000, 0x0000000085f00000| Untracked 
|  96|0x0000000086000000, 0x0000000086000000, 0x0000000086100000|  0%| F|  |TAMS 0x0000000086000000, 0x0000000086000000| Untracked 
|  97|0x0000000086100000, 0x0000000086100000, 0x0000000086200000|  0%| F|  |TAMS 0x0000000086100000, 0x0000000086100000| Untracked 
|  98|0x0000000086200000, 0x0000000086200000, 0x0000000086300000|  0%| F|  |TAMS 0x0000000086200000, 0x0000000086200000| Untracked 
|  99|0x0000000086300000, 0x0000000086300000, 0x0000000086400000|  0%| F|  |TAMS 0x0000000086300000, 0x0000000086300000| Untracked 
| 100|0x0000000086400000, 0x0000000086400000, 0x0000000086500000|  0%| F|  |TAMS 0x0000000086400000, 0x0000000086400000| Untracked 
| 101|0x0000000086500000, 0x0000000086500000, 0x0000000086600000|  0%| F|  |TAMS 0x0000000086500000, 0x0000000086500000| Untracked 
| 102|0x0000000086600000, 0x0000000086600000, 0x0000000086700000|  0%| F|  |TAMS 0x0000000086600000, 0x0000000086600000| Untracked 
| 103|0x0000000086700000, 0x0000000086700000, 0x0000000086800000|  0%| F|  |TAMS 0x0000000086700000, 0x0000000086700000| Untracked 
| 104|0x0000000086800000, 0x0000000086800000, 0x0000000086900000|  0%| F|  |TAMS 0x0000000086800000, 0x0000000086800000| Untracked 
| 105|0x0000000086900000, 0x0000000086900000, 0x0000000086a00000|  0%| F|  |TAMS 0x0000000086900000, 0x0000000086900000| Untracked 
| 106|0x0000000086a00000, 0x0000000086b00000, 0x0000000086b00000|100%| S|CS|TAMS 0x0000000086a00000, 0x0000000086a00000| Complete 
| 107|0x0000000086b00000, 0x0000000086c00000, 0x0000000086c00000|100%| S|CS|TAMS 0x0000000086b00000, 0x0000000086b00000| Complete 
| 108|0x0000000086c00000, 0x0000000086d00000, 0x0000000086d00000|100%| S|CS|TAMS 0x0000000086c00000, 0x0000000086c00000| Complete 
| 109|0x0000000086d00000, 0x0000000086e00000, 0x0000000086e00000|100%| S|CS|TAMS 0x0000000086d00000, 0x0000000086d00000| Complete 
| 110|0x0000000086e00000, 0x0000000086f00000, 0x0000000086f00000|100%| S|CS|TAMS 0x0000000086e00000, 0x0000000086e00000| Complete 
| 111|0x0000000086f00000, 0x0000000087000000, 0x0000000087000000|100%| S|CS|TAMS 0x0000000086f00000, 0x0000000086f00000| Complete 
| 112|0x0000000087000000, 0x0000000087000000, 0x0000000087100000|  0%| F|  |TAMS 0x0000000087000000, 0x0000000087000000| Untracked 
| 113|0x0000000087100000, 0x0000000087100000, 0x0000000087200000|  0%| F|  |TAMS 0x0000000087100000, 0x0000000087100000| Untracked 
| 114|0x0000000087200000, 0x0000000087200000, 0x0000000087300000|  0%| F|  |TAMS 0x0000000087200000, 0x0000000087200000| Untracked 
| 115|0x0000000087300000, 0x0000000087300000, 0x0000000087400000|  0%| F|  |TAMS 0x0000000087300000, 0x0000000087300000| Untracked 
| 116|0x0000000087400000, 0x0000000087400000, 0x0000000087500000|  0%| F|  |TAMS 0x0000000087400000, 0x0000000087400000| Untracked 
| 117|0x0000000087500000, 0x0000000087500000, 0x0000000087600000|  0%| F|  |TAMS 0x0000000087500000, 0x0000000087500000| Untracked 
| 118|0x0000000087600000, 0x0000000087600000, 0x0000000087700000|  0%| F|  |TAMS 0x0000000087600000, 0x0000000087600000| Untracked 
| 119|0x0000000087700000, 0x0000000087700000, 0x0000000087800000|  0%| F|  |TAMS 0x0000000087700000, 0x0000000087700000| Untracked 
| 120|0x0000000087800000, 0x0000000087800000, 0x0000000087900000|  0%| F|  |TAMS 0x0000000087800000, 0x0000000087800000| Untracked 
| 121|0x0000000087900000, 0x0000000087900000, 0x0000000087a00000|  0%| F|  |TAMS 0x0000000087900000, 0x0000000087900000| Untracked 
| 122|0x0000000087a00000, 0x0000000087a00000, 0x0000000087b00000|  0%| F|  |TAMS 0x0000000087a00000, 0x0000000087a00000| Untracked 
| 123|0x0000000087b00000, 0x0000000087b00000, 0x0000000087c00000|  0%| F|  |TAMS 0x0000000087b00000, 0x0000000087b00000| Untracked 
| 124|0x0000000087c00000, 0x0000000087c00000, 0x0000000087d00000|  0%| F|  |TAMS 0x0000000087c00000, 0x0000000087c00000| Untracked 
| 125|0x0000000087d00000, 0x0000000087d00000, 0x0000000087e00000|  0%| F|  |TAMS 0x0000000087d00000, 0x0000000087d00000| Untracked 
| 126|0x0000000087e00000, 0x0000000087e00000, 0x0000000087f00000|  0%| F|  |TAMS 0x0000000087e00000, 0x0000000087e00000| Untracked 
| 127|0x0000000087f00000, 0x0000000087f00000, 0x0000000088000000|  0%| F|  |TAMS 0x0000000087f00000, 0x0000000087f00000| Untracked 
| 128|0x0000000088000000, 0x0000000088000000, 0x0000000088100000|  0%| F|  |TAMS 0x0000000088000000, 0x0000000088000000| Untracked 
| 129|0x0000000088100000, 0x0000000088100000, 0x0000000088200000|  0%| F|  |TAMS 0x0000000088100000, 0x0000000088100000| Untracked 
| 130|0x0000000088200000, 0x0000000088200000, 0x0000000088300000|  0%| F|  |TAMS 0x0000000088200000, 0x0000000088200000| Untracked 
| 131|0x0000000088300000, 0x0000000088300000, 0x0000000088400000|  0%| F|  |TAMS 0x0000000088300000, 0x0000000088300000| Untracked 
| 132|0x0000000088400000, 0x0000000088400000, 0x0000000088500000|  0%| F|  |TAMS 0x0000000088400000, 0x0000000088400000| Untracked 
| 133|0x0000000088500000, 0x0000000088500000, 0x0000000088600000|  0%| F|  |TAMS 0x0000000088500000, 0x0000000088500000| Untracked 
| 134|0x0000000088600000, 0x0000000088600000, 0x0000000088700000|  0%| F|  |TAMS 0x0000000088600000, 0x0000000088600000| Untracked 
| 135|0x0000000088700000, 0x0000000088700000, 0x0000000088800000|  0%| F|  |TAMS 0x0000000088700000, 0x0000000088700000| Untracked 
| 136|0x0000000088800000, 0x0000000088800000, 0x0000000088900000|  0%| F|  |TAMS 0x0000000088800000, 0x0000000088800000| Untracked 
| 137|0x0000000088900000, 0x0000000088900000, 0x0000000088a00000|  0%| F|  |TAMS 0x0000000088900000, 0x0000000088900000| Untracked 
| 138|0x0000000088a00000, 0x0000000088a00000, 0x0000000088b00000|  0%| F|  |TAMS 0x0000000088a00000, 0x0000000088a00000| Untracked 
| 139|0x0000000088b00000, 0x0000000088b00000, 0x0000000088c00000|  0%| F|  |TAMS 0x0000000088b00000, 0x0000000088b00000| Untracked 
| 140|0x0000000088c00000, 0x0000000088c00000, 0x0000000088d00000|  0%| F|  |TAMS 0x0000000088c00000, 0x0000000088c00000| Untracked 
| 141|0x0000000088d00000, 0x0000000088d00000, 0x0000000088e00000|  0%| F|  |TAMS 0x0000000088d00000, 0x0000000088d00000| Untracked 
| 142|0x0000000088e00000, 0x0000000088e00000, 0x0000000088f00000|  0%| F|  |TAMS 0x0000000088e00000, 0x0000000088e00000| Untracked 
| 143|0x0000000088f00000, 0x0000000088f00000, 0x0000000089000000|  0%| F|  |TAMS 0x0000000088f00000, 0x0000000088f00000| Untracked 
| 144|0x0000000089000000, 0x0000000089000000, 0x0000000089100000|  0%| F|  |TAMS 0x0000000089000000, 0x0000000089000000| Untracked 
| 145|0x0000000089100000, 0x0000000089100000, 0x0000000089200000|  0%| F|  |TAMS 0x0000000089100000, 0x0000000089100000| Untracked 
| 146|0x0000000089200000, 0x0000000089200000, 0x0000000089300000|  0%| F|  |TAMS 0x0000000089200000, 0x0000000089200000| Untracked 
| 147|0x0000000089300000, 0x0000000089300000, 0x0000000089400000|  0%| F|  |TAMS 0x0000000089300000, 0x0000000089300000| Untracked 
| 148|0x0000000089400000, 0x0000000089400000, 0x0000000089500000|  0%| F|  |TAMS 0x0000000089400000, 0x0000000089400000| Untracked 
| 149|0x0000000089500000, 0x0000000089500000, 0x0000000089600000|  0%| F|  |TAMS 0x0000000089500000, 0x0000000089500000| Untracked 
| 150|0x0000000089600000, 0x0000000089600000, 0x0000000089700000|  0%| F|  |TAMS 0x0000000089600000, 0x0000000089600000| Untracked 
| 151|0x0000000089700000, 0x0000000089700000, 0x0000000089800000|  0%| F|  |TAMS 0x0000000089700000, 0x0000000089700000| Untracked 
| 152|0x0000000089800000, 0x0000000089800000, 0x0000000089900000|  0%| F|  |TAMS 0x0000000089800000, 0x0000000089800000| Untracked 
| 153|0x0000000089900000, 0x0000000089900000, 0x0000000089a00000|  0%| F|  |TAMS 0x0000000089900000, 0x0000000089900000| Untracked 
| 154|0x0000000089a00000, 0x0000000089a00000, 0x0000000089b00000|  0%| F|  |TAMS 0x0000000089a00000, 0x0000000089a00000| Untracked 
| 155|0x0000000089b00000, 0x0000000089b00000, 0x0000000089c00000|  0%| F|  |TAMS 0x0000000089b00000, 0x0000000089b00000| Untracked 
| 156|0x0000000089c00000, 0x0000000089c00000, 0x0000000089d00000|  0%| F|  |TAMS 0x0000000089c00000, 0x0000000089c00000| Untracked 
| 157|0x0000000089d00000, 0x0000000089d00000, 0x0000000089e00000|  0%| F|  |TAMS 0x0000000089d00000, 0x0000000089d00000| Untracked 
| 158|0x0000000089e00000, 0x0000000089e00000, 0x0000000089f00000|  0%| F|  |TAMS 0x0000000089e00000, 0x0000000089e00000| Untracked 
| 159|0x0000000089f00000, 0x0000000089f00000, 0x000000008a000000|  0%| F|  |TAMS 0x0000000089f00000, 0x0000000089f00000| Untracked 

Card table byte_map: [0x00000183366b0000,0x0000018336ab0000] _byte_map_base: 0x00000183362b0000

Marking Bits (Prev, Next): (CMBitMap*) 0x000001831d762df0, (CMBitMap*) 0x000001831d762db0
 Prev Bits: [0x0000018338eb0000, 0x000001833aeb0000)
 Next Bits: [0x0000018336eb0000, 0x0000018338eb0000)

Polling page: 0x000001831d7d0000

Metaspace:

Usage:
  Non-class:     69.25 MB used.
      Class:     10.88 MB used.
       Both:     80.12 MB used.

Virtual space:
  Non-class space:      128.00 MB reserved,      70.19 MB ( 55%) committed,  2 nodes.
      Class space:        1.00 GB reserved,      11.81 MB (  1%) committed,  1 nodes.
             Both:        1.12 GB reserved,      82.00 MB (  7%) committed. 

Chunk freelists:
   Non-Class:  928.00 KB
       Class:  176.00 KB
        Both:  1.08 MB

MaxMetaspaceSize: unlimited
CompressedClassSpaceSize: 1.00 GB
Initial GC threshold: 21.00 MB
Current GC threshold: 129.31 MB
CDS: on
MetaspaceReclaimPolicy: balanced
 - commit_granule_bytes: 65536.
 - commit_granule_words: 8192.
 - virtual_space_node_default_size: 8388608.
 - enlarge_chunks_in_place: 1.
 - new_chunks_are_fully_committed: 0.
 - uncommit_free_chunks: 1.
 - use_allocation_guard: 0.


Internal statistics:

num_allocs_failed_limit: 6.
num_arena_births: 3328.
num_arena_deaths: 14.
num_vsnodes_births: 3.
num_vsnodes_deaths: 0.
num_space_committed: 1312.
num_space_uncommitted: 0.
num_chunks_returned_to_freelist: 25.
num_chunks_taken_from_freelist: 6960.
num_chunk_merges: 15.
num_chunk_splits: 4587.
num_chunks_enlarged: 2926.
num_inconsistent_stats: 0.

CodeHeap 'non-profiled nmethods': size=120000Kb used=5879Kb max_used=5879Kb free=114120Kb
 bounds [0x000001832e310000, 0x000001832e8d0000, 0x0000018335840000]
CodeHeap 'profiled nmethods': size=120000Kb used=19414Kb max_used=19414Kb free=100585Kb
 bounds [0x0000018326de0000, 0x00000183280e0000, 0x000001832e310000]
CodeHeap 'non-nmethods': size=5760Kb used=2413Kb max_used=2473Kb free=3346Kb
 bounds [0x0000018326840000, 0x0000018326ab0000, 0x0000018326de0000]
 total_blobs=10945 nmethods=10027 adapters=830
 compilation: enabled
              stopped_count=0, restarted_count=0
 full_count=0

Compilation events (20 events):
Event: 11.297 Thread 0x000001833d95a990 nmethod 11667 0x00000183280d4510 code [0x00000183280d46a0, 0x00000183280d47c8]
Event: 11.297 Thread 0x000001833d95a990 11668       3       com.google.common.base.Objects::equal (23 bytes)
Event: 11.297 Thread 0x000001833d95a990 nmethod 11668 0x00000183280d4890 code [0x00000183280d4a40, 0x00000183280d4cc8]
Event: 11.297 Thread 0x000001833d95a990 11669       3       com.android.ide.common.symbols.Symbol$BasicStyleableSymbol::hashCode (23 bytes)
Event: 11.297 Thread 0x000001833d95a990 nmethod 11669 0x00000183280d4d90 code [0x00000183280d4f40, 0x00000183280d5198]
Event: 11.298 Thread 0x0000018343e9b100 nmethod 11644 0x000001832e8cc790 code [0x000001832e8cc920, 0x000001832e8cca18]
Event: 11.298 Thread 0x0000018343e9b100 11653       4       com.google.common.base.Preconditions::checkArgument (39 bytes)
Event: 11.299 Thread 0x0000018343e9b100 nmethod 11653 0x000001832e8ccc10 code [0x000001832e8ccd80, 0x000001832e8ccdf8]
Event: 11.299 Thread 0x0000018343e9b100 11658       4       com.google.common.collect.ImmutableMap::copyOf (69 bytes)
Event: 11.304 Thread 0x000001833d95a990 11674       3       com.android.ide.common.symbols.Symbol$StyleableSymbol::<init> (6 bytes)
Event: 11.304 Thread 0x000001833d95a990 nmethod 11674 0x00000183280d5290 code [0x00000183280d5440, 0x00000183280d5678]
Event: 11.304 Thread 0x000001833d95a990 11675       3       com.android.ide.common.symbols.Symbol$StyleableSymbol::getResourceType (4 bytes)
Event: 11.304 Thread 0x000001833d95a990 nmethod 11675 0x00000183280d5790 code [0x00000183280d5920, 0x00000183280d5a38]
Event: 11.308 Thread 0x000001833d95a990 11676       3       com.android.ide.common.symbols.Symbol$BasicStyleableSymbol::<init> (27 bytes)
Event: 11.309 Thread 0x000001833d95a990 nmethod 11676 0x00000183280d5b10 code [0x00000183280d5dc0, 0x00000183280d6a58]
Event: 11.309 Thread 0x000001833d95a990 11677       3       com.android.ide.common.symbols.Symbol$BasicStyleableSymbol::getCanonicalName (5 bytes)
Event: 11.309 Thread 0x000001833d95a990 nmethod 11677 0x00000183280d6e90 code [0x00000183280d7020, 0x00000183280d7138]
Event: 11.310 Thread 0x0000018343e9b100 nmethod 11658 0x000001832e8ccf10 code [0x000001832e8cd0e0, 0x000001832e8cd9a8]
Event: 11.310 Thread 0x0000018343e9b100 11670       4       java.util.AbstractCollection::toArray (144 bytes)
Event: 11.311 Thread 0x000001833d95a990 11679       3       com.android.ide.common.symbols.Symbol$Companion::styleableSymbol (87 bytes)

GC Heap History (20 events):
Event: 6.544 GC heap after
{Heap after GC invocations=22 (full 0):
 garbage-first heap   total 107520K, used 59996K [0x0000000080000000, 0x0000000100000000)
  region size 1024K, 2 young (2048K), 2 survivors (2048K)
 Metaspace       used 60469K, committed 62208K, reserved 1114112K
  class space    used 8106K, committed 9024K, reserved 1048576K
}
Event: 6.896 GC heap before
{Heap before GC invocations=22 (full 0):
 garbage-first heap   total 107520K, used 87644K [0x0000000080000000, 0x0000000100000000)
  region size 1024K, 29 young (29696K), 2 survivors (2048K)
 Metaspace       used 63885K, committed 65600K, reserved 1114112K
  class space    used 8711K, committed 9600K, reserved 1048576K
}
Event: 6.899 GC heap after
{Heap after GC invocations=23 (full 0):
 garbage-first heap   total 107520K, used 61667K [0x0000000080000000, 0x0000000100000000)
  region size 1024K, 4 young (4096K), 4 survivors (4096K)
 Metaspace       used 63885K, committed 65600K, reserved 1114112K
  class space    used 8711K, committed 9600K, reserved 1048576K
}
Event: 7.114 GC heap before
{Heap before GC invocations=24 (full 0):
 garbage-first heap   total 122880K, used 87267K [0x0000000080000000, 0x0000000100000000)
  region size 1024K, 30 young (30720K), 4 survivors (4096K)
 Metaspace       used 64751K, committed 66496K, reserved 1114112K
  class space    used 8850K, committed 9792K, reserved 1048576K
}
Event: 7.120 GC heap after
{Heap after GC invocations=25 (full 0):
 garbage-first heap   total 122880K, used 64611K [0x0000000080000000, 0x0000000100000000)
  region size 1024K, 4 young (4096K), 4 survivors (4096K)
 Metaspace       used 64751K, committed 66496K, reserved 1114112K
  class space    used 8850K, committed 9792K, reserved 1048576K
}
Event: 7.149 GC heap before
{Heap before GC invocations=25 (full 0):
 garbage-first heap   total 122880K, used 66659K [0x0000000080000000, 0x0000000100000000)
  region size 1024K, 6 young (6144K), 4 survivors (4096K)
 Metaspace       used 64937K, committed 66688K, reserved 1114112K
  class space    used 8884K, committed 9792K, reserved 1048576K
}
Event: 7.153 GC heap after
{Heap after GC invocations=26 (full 0):
 garbage-first heap   total 161792K, used 64929K [0x0000000080000000, 0x0000000100000000)
  region size 1024K, 1 young (1024K), 1 survivors (1024K)
 Metaspace       used 64937K, committed 66688K, reserved 1114112K
  class space    used 8884K, committed 9792K, reserved 1048576K
}
Event: 7.951 GC heap before
{Heap before GC invocations=26 (full 0):
 garbage-first heap   total 161792K, used 129441K [0x0000000080000000, 0x0000000100000000)
  region size 1024K, 65 young (66560K), 1 survivors (1024K)
 Metaspace       used 71519K, committed 73344K, reserved 1114112K
  class space    used 9784K, committed 10688K, reserved 1048576K
}
Event: 7.955 GC heap after
{Heap after GC invocations=27 (full 0):
 garbage-first heap   total 161792K, used 69495K [0x0000000080000000, 0x0000000100000000)
  region size 1024K, 6 young (6144K), 6 survivors (6144K)
 Metaspace       used 71519K, committed 73344K, reserved 1114112K
  class space    used 9784K, committed 10688K, reserved 1048576K
}
Event: 8.561 GC heap before
{Heap before GC invocations=27 (full 0):
 garbage-first heap   total 161792K, used 129911K [0x0000000080000000, 0x0000000100000000)
  region size 1024K, 66 young (67584K), 6 survivors (6144K)
 Metaspace       used 75581K, committed 77440K, reserved 1179648K
  class space    used 10371K, committed 11328K, reserved 1048576K
}
Event: 8.568 GC heap after
{Heap after GC invocations=28 (full 0):
 garbage-first heap   total 161792K, used 76155K [0x0000000080000000, 0x0000000100000000)
  region size 1024K, 7 young (7168K), 7 survivors (7168K)
 Metaspace       used 75581K, committed 77440K, reserved 1179648K
  class space    used 10371K, committed 11328K, reserved 1048576K
}
Event: 8.920 GC heap before
{Heap before GC invocations=28 (full 0):
 garbage-first heap   total 161792K, used 129403K [0x0000000080000000, 0x0000000100000000)
  region size 1024K, 60 young (61440K), 7 survivors (7168K)
 Metaspace       used 76103K, committed 78016K, reserved 1179648K
  class space    used 10405K, committed 11392K, reserved 1048576K
}
Event: 8.925 GC heap after
{Heap after GC invocations=29 (full 0):
 garbage-first heap   total 161792K, used 80655K [0x0000000080000000, 0x0000000100000000)
  region size 1024K, 5 young (5120K), 5 survivors (5120K)
 Metaspace       used 76103K, committed 78016K, reserved 1179648K
  class space    used 10405K, committed 11392K, reserved 1048576K
}
Event: 9.272 GC heap before
{Heap before GC invocations=29 (full 0):
 garbage-first heap   total 161792K, used 130831K [0x0000000080000000, 0x0000000100000000)
  region size 1024K, 55 young (56320K), 5 survivors (5120K)
 Metaspace       used 77241K, committed 79040K, reserved 1179648K
  class space    used 10537K, committed 11456K, reserved 1048576K
}
Event: 9.277 GC heap after
{Heap after GC invocations=30 (full 0):
 garbage-first heap   total 161792K, used 84981K [0x0000000080000000, 0x0000000100000000)
  region size 1024K, 5 young (5120K), 5 survivors (5120K)
 Metaspace       used 77241K, committed 79040K, reserved 1179648K
  class space    used 10537K, committed 11456K, reserved 1048576K
}
Event: 9.559 GC heap before
{Heap before GC invocations=31 (full 0):
 garbage-first heap   total 163840K, used 132085K [0x0000000080000000, 0x0000000100000000)
  region size 1024K, 52 young (53248K), 5 survivors (5120K)
 Metaspace       used 78942K, committed 80768K, reserved 1179648K
  class space    used 10762K, committed 11712K, reserved 1048576K
}
Event: 9.563 GC heap after
{Heap after GC invocations=32 (full 0):
 garbage-first heap   total 163840K, used 87838K [0x0000000080000000, 0x0000000100000000)
  region size 1024K, 3 young (3072K), 3 survivors (3072K)
 Metaspace       used 78942K, committed 80768K, reserved 1179648K
  class space    used 10762K, committed 11712K, reserved 1048576K
}
Event: 9.581 GC heap before
{Heap before GC invocations=32 (full 0):
 garbage-first heap   total 163840K, used 92958K [0x0000000080000000, 0x0000000100000000)
  region size 1024K, 8 young (8192K), 3 survivors (3072K)
 Metaspace       used 79051K, committed 80896K, reserved 1179648K
  class space    used 10777K, committed 11712K, reserved 1048576K
}
Event: 9.585 GC heap after
{Heap after GC invocations=33 (full 0):
 garbage-first heap   total 163840K, used 88110K [0x0000000080000000, 0x0000000100000000)
  region size 1024K, 1 young (1024K), 1 survivors (1024K)
 Metaspace       used 79051K, committed 80896K, reserved 1179648K
  class space    used 10777K, committed 11712K, reserved 1048576K
}
Event: 11.312 GC heap before
{Heap before GC invocations=33 (full 0):
 garbage-first heap   total 163840K, used 135214K [0x0000000080000000, 0x0000000100000000)
  region size 1024K, 48 young (49152K), 1 survivors (1024K)
 Metaspace       used 82044K, committed 83968K, reserved 1179648K
  class space    used 11136K, committed 12096K, reserved 1048576K
}

Deoptimization events (20 events):
Event: 11.295 Thread 0x00000183458b80a0 DEOPT PACKING pc=0x000001832e8ca340 sp=0x0000001313dfd7d0
Event: 11.295 Thread 0x00000183458b80a0 DEOPT UNPACKING pc=0x0000018326895c23 sp=0x0000001313dfd750 mode 2
Event: 11.299 Thread 0x00000183458b80a0 Uncommon trap: trap_request=0xffffffd6 fr.pc=0x000001832e8cb9c4 relative=0x0000000000000384
Event: 11.299 Thread 0x00000183458b80a0 Uncommon trap: reason=array_check action=maybe_recompile pc=0x000001832e8cb9c4 method=java.util.AbstractCollection.toArray([Ljava/lang/Object;)[Ljava/lang/Object; @ 116 c2
Event: 11.299 Thread 0x00000183458b80a0 DEOPT PACKING pc=0x000001832e8cb9c4 sp=0x0000001313dfd550
Event: 11.299 Thread 0x00000183458b80a0 DEOPT UNPACKING pc=0x0000018326895c23 sp=0x0000001313dfd4f0 mode 2
Event: 11.299 Thread 0x00000183458b80a0 Uncommon trap: trap_request=0xffffffd6 fr.pc=0x000001832e8cb9c4 relative=0x0000000000000384
Event: 11.299 Thread 0x00000183458b80a0 Uncommon trap: reason=array_check action=maybe_recompile pc=0x000001832e8cb9c4 method=java.util.AbstractCollection.toArray([Ljava/lang/Object;)[Ljava/lang/Object; @ 116 c2
Event: 11.299 Thread 0x00000183458b80a0 DEOPT PACKING pc=0x000001832e8cb9c4 sp=0x0000001313dfd550
Event: 11.299 Thread 0x00000183458b80a0 DEOPT UNPACKING pc=0x0000018326895c23 sp=0x0000001313dfd4f0 mode 2
Event: 11.299 Thread 0x00000183458b80a0 Uncommon trap: trap_request=0xffffffd6 fr.pc=0x000001832e8cb9c4 relative=0x0000000000000384
Event: 11.299 Thread 0x00000183458b80a0 Uncommon trap: reason=array_check action=maybe_recompile pc=0x000001832e8cb9c4 method=java.util.AbstractCollection.toArray([Ljava/lang/Object;)[Ljava/lang/Object; @ 116 c2
Event: 11.299 Thread 0x00000183458b80a0 DEOPT PACKING pc=0x000001832e8cb9c4 sp=0x0000001313dfd550
Event: 11.299 Thread 0x00000183458b80a0 DEOPT UNPACKING pc=0x0000018326895c23 sp=0x0000001313dfd4f0 mode 2
Event: 11.299 Thread 0x00000183458b80a0 Uncommon trap: trap_request=0xffffffd6 fr.pc=0x000001832e8cb9c4 relative=0x0000000000000384
Event: 11.299 Thread 0x00000183458b80a0 Uncommon trap: reason=array_check action=maybe_recompile pc=0x000001832e8cb9c4 method=java.util.AbstractCollection.toArray([Ljava/lang/Object;)[Ljava/lang/Object; @ 116 c2
Event: 11.299 Thread 0x00000183458b80a0 DEOPT PACKING pc=0x000001832e8cb9c4 sp=0x0000001313dfd550
Event: 11.299 Thread 0x00000183458b80a0 DEOPT UNPACKING pc=0x0000018326895c23 sp=0x0000001313dfd4f0 mode 2
Event: 11.310 Thread 0x00000183458b80a0 DEOPT PACKING pc=0x0000018326f4a659 sp=0x0000001313dfda70
Event: 11.310 Thread 0x00000183458b80a0 DEOPT UNPACKING pc=0x0000018326896763 sp=0x0000001313dfcfa8 mode 0

Classes loaded (20 events):
Event: 9.883 Loading class java/lang/ProcessHandleImpl
Event: 9.883 Loading class java/lang/ProcessHandleImpl done
Event: 9.885 Loading class java/lang/ProcessImpl$2
Event: 9.885 Loading class java/lang/ProcessImpl$2 done
Event: 9.885 Loading class java/lang/Process$PipeInputStream
Event: 9.885 Loading class java/lang/Process$PipeInputStream done
Event: 9.886 Loading class jdk/internal/event/ProcessStartEvent
Event: 9.886 Loading class jdk/internal/event/ProcessStartEvent done
Event: 11.185 Loading class java/util/zip/ZipInputStream
Event: 11.186 Loading class java/util/zip/ZipInputStream done
Event: 11.190 Loading class java/nio/file/FileChannelLinesSpliterator
Event: 11.190 Loading class java/nio/file/FileChannelLinesSpliterator done
Event: 11.190 Loading class java/util/stream/Streams$1
Event: 11.190 Loading class java/util/stream/Streams$1 done
Event: 11.193 Loading class java/nio/file/FileChannelLinesSpliterator$1
Event: 11.193 Loading class java/nio/file/FileChannelLinesSpliterator$1 done
Event: 11.309 Loading class java/util/concurrent/LinkedBlockingDeque$Itr
Event: 11.309 Loading class java/util/concurrent/LinkedBlockingDeque$AbstractItr
Event: 11.309 Loading class java/util/concurrent/LinkedBlockingDeque$AbstractItr done
Event: 11.309 Loading class java/util/concurrent/LinkedBlockingDeque$Itr done

Classes unloaded (7 events):
Event: 9.358 Thread 0x000001831d77c530 Unloading class 0x0000000801709c00 'java/lang/invoke/LambdaForm$DMH+0x0000000801709c00'
Event: 9.358 Thread 0x000001831d77c530 Unloading class 0x0000000801709400 'java/lang/invoke/LambdaForm$DMH+0x0000000801709400'
Event: 9.358 Thread 0x000001831d77c530 Unloading class 0x0000000801709800 'java/lang/invoke/LambdaForm$DMH+0x0000000801709800'
Event: 9.358 Thread 0x000001831d77c530 Unloading class 0x0000000801709000 'java/lang/invoke/LambdaForm$DMH+0x0000000801709000'
Event: 9.358 Thread 0x000001831d77c530 Unloading class 0x0000000801708c00 'java/lang/invoke/LambdaForm$DMH+0x0000000801708c00'
Event: 9.358 Thread 0x000001831d77c530 Unloading class 0x0000000801708800 'java/lang/invoke/LambdaForm$DMH+0x0000000801708800'
Event: 9.358 Thread 0x000001831d77c530 Unloading class 0x0000000801708400 'java/lang/invoke/LambdaForm$DMH+0x0000000801708400'

Classes redefined (0 events):
No events

Internal exceptions (20 events):
Event: 8.951 Thread 0x00000183458b6890 Exception <a 'java/lang/NoSuchMethodError'{0x0000000089bd2e48}: static Lcom/android/build/gradle/internal/scope/InternalArtifactType;.<clinit>()V> (0x0000000089bd2e48) 
thrown [s\open\src\hotspot\share\prims\jni.cpp, line 1104]
Event: 8.951 Thread 0x00000183458b6890 Exception <a 'java/lang/NoSuchMethodError'{0x0000000089bd43f0}: static Lcom/android/build/gradle/internal/scope/InternalArtifactType;.<clinit>()V> (0x0000000089bd43f0) 
thrown [s\open\src\hotspot\share\prims\jni.cpp, line 1104]
Event: 8.951 Thread 0x00000183458b6890 Exception <a 'java/lang/NoSuchMethodError'{0x0000000089bd6f68}: static Lcom/android/build/api/artifact/Artifact$Single;.<clinit>()V> (0x0000000089bd6f68) 
thrown [s\open\src\hotspot\share\prims\jni.cpp, line 1104]
Event: 8.951 Thread 0x00000183458b6890 Exception <a 'java/lang/NoSuchMethodError'{0x0000000089bd94c0}: static Ljava/lang/Object;.<clinit>()V> (0x0000000089bd94c0) 
thrown [s\open\src\hotspot\share\prims\jni.cpp, line 1104]
Event: 8.952 Thread 0x00000183458b6890 Exception <a 'java/lang/NoSuchMethodError'{0x0000000089beed58}: static Lcom/android/build/api/artifact/ArtifactKind;.<clinit>()V> (0x0000000089beed58) 
thrown [s\open\src\hotspot\share\prims\jni.cpp, line 1104]
Event: 8.952 Thread 0x00000183458b6890 Exception <a 'java/lang/NoSuchMethodError'{0x0000000089beff18}: static Lcom/android/build/api/artifact/ArtifactKind;.<clinit>()V> (0x0000000089beff18) 
thrown [s\open\src\hotspot\share\prims\jni.cpp, line 1104]
Event: 8.962 Thread 0x00000183458b6890 Implicit null exception at 0x000001832e3ae7d7 to 0x000001832e3af534
Event: 9.171 Thread 0x00000183458b6890 Exception <a 'java/lang/NoSuchMethodError'{0x00000000879df090}: static Lcom/android/builder/internal/aapt/AaptOptions;.<clinit>()V> (0x00000000879df090) 
thrown [s\open\src\hotspot\share\prims\jni.cpp, line 1104]
Event: 9.174 Thread 0x00000183458b6890 Exception <a 'java/lang/NoSuchMethodError'{0x0000000087811490}: static [Ljava/lang/Object;.<clinit>()V> (0x0000000087811490) 
thrown [s\open\src\hotspot\share\prims\jni.cpp, line 1104]
Event: 9.175 Thread 0x00000183458b6890 Exception <a 'java/lang/NoSuchMethodError'{0x0000000087822018}: static Ljava/lang/Object;.<clinit>()V> (0x0000000087822018) 
thrown [s\open\src\hotspot\share\prims\jni.cpp, line 1104]
Event: 9.176 Thread 0x00000183458b6890 Exception <a 'java/lang/NoSuchMethodError'{0x0000000087845210}: static Lcom/android/build/api/variant/impl/VariantOutputImpl$SerializedForm;.<clinit>()V> (0x0000000087845210) 
thrown [s\open\src\hotspot\share\prims\jni.cpp, line 1104]
Event: 9.177 Thread 0x00000183458b6890 Exception <a 'java/lang/NoSuchMethodError'{0x0000000087857600}: static Lcom/android/build/api/variant/impl/VariantOutputConfigurationImpl;.<clinit>()V> (0x0000000087857600) 
thrown [s\open\src\hotspot\share\prims\jni.cpp, line 1104]
Event: 9.396 Thread 0x00000183458b8a40 Exception <a 'java/lang/NoSuchMethodError'{0x0000000089171018}: 'int java.lang.invoke.DirectMethodHandle$Holder.invokeSpecial(java.lang.Object, java.lang.Object, java.lang.Object, java.lang.Object, java.lang.Object)'> (0x0000000089171018) 
thrown [s\open\src\hotspot\share\interpreter\linkResolver.cpp, line 766]
Event: 9.881 Thread 0x00000183458b80a0 Exception <a 'java/lang/NoSuchMethodError'{0x0000000088281218}: 'void java.lang.invoke.DirectMethodHandle$Holder.invokeStatic(java.lang.Object, long)'> (0x0000000088281218) 
thrown [s\open\src\hotspot\share\interpreter\linkResolver.cpp, line 766]
Event: 9.882 Thread 0x00000183458b80a0 Exception <a 'java/lang/NoSuchMethodError'{0x0000000088286b48}: 'java.lang.Object java.lang.invoke.DirectMethodHandle$Holder.newInvokeSpecial(java.lang.Object, long)'> (0x0000000088286b48) 
thrown [s\open\src\hotspot\share\interpreter\linkResolver.cpp, line 766]
Event: 9.884 Thread 0x00000183458b80a0 Exception <a 'java/lang/NoSuchMethodError'{0x000000008828de90}: 'java.lang.Object java.lang.invoke.DirectMethodHandle$Holder.invokeStatic(java.lang.Object, java.lang.Object, long, java.lang.Object)'> (0x000000008828de90) 
thrown [s\open\src\hotspot\share\interpreter\linkResolver.cpp, line 766]
Event: 9.884 Thread 0x00000183458b80a0 Exception <a 'java/lang/NoSuchMethodError'{0x0000000088291f98}: 'java.lang.Object java.lang.invoke.DirectMethodHandle$Holder.invokeStaticInit(java.lang.Object, java.lang.Object, long, java.lang.Object)'> (0x0000000088291f98) 
thrown [s\open\src\hotspot\share\interpreter\linkResolver.cpp, line 766]
Event: 9.884 Thread 0x00000183458b80a0 Exception <a 'java/lang/NoSuchMethodError'{0x0000000088298ae8}: 'java.lang.Object java.lang.invoke.DirectMethodHandle$Holder.newInvokeSpecial(java.lang.Object, java.lang.Object, long)'> (0x0000000088298ae8) 
thrown [s\open\src\hotspot\share\interpreter\linkResolver.cpp, line 766]
Event: 9.884 Thread 0x00000183458b80a0 Exception <a 'java/lang/NoSuchMethodError'{0x000000008829ca88}: 'java.lang.Object java.lang.invoke.Invokers$Holder.linkToTargetMethod(java.lang.Object, long, java.lang.Object)'> (0x000000008829ca88) 
thrown [s\open\src\hotspot\share\interpreter\linkResolver.cpp, line 766]
Event: 10.007 Thread 0x00000183458b80a0 Exception <a 'java/lang/NoSuchMethodError'{0x00000000881f10d0}: 'int java.lang.invoke.DirectMethodHandle$Holder.invokeSpecialIFC(java.lang.Object, java.lang.Object, java.lang.Object)'> (0x00000000881f10d0) 
thrown [s\open\src\hotspot\share\interpreter\linkResolver.cpp, line 766]

VM Operations (20 events):
Event: 9.190 Executing VM operation: HandshakeAllThreads done
Event: 9.191 Executing VM operation: HandshakeAllThreads
Event: 9.191 Executing VM operation: HandshakeAllThreads done
Event: 9.272 Executing VM operation: G1CollectForAllocation
Event: 9.279 Executing VM operation: G1CollectForAllocation done
Event: 9.357 Executing VM operation: G1Concurrent
Event: 9.367 Executing VM operation: G1Concurrent done
Event: 9.393 Executing VM operation: HandshakeAllThreads
Event: 9.393 Executing VM operation: HandshakeAllThreads done
Event: 9.410 Executing VM operation: G1Concurrent
Event: 9.410 Executing VM operation: G1Concurrent done
Event: 9.558 Executing VM operation: G1CollectForAllocation
Event: 9.564 Executing VM operation: G1CollectForAllocation done
Event: 9.581 Executing VM operation: G1CollectForAllocation
Event: 9.585 Executing VM operation: G1CollectForAllocation done
Event: 9.886 Executing VM operation: HandshakeAllThreads
Event: 9.886 Executing VM operation: HandshakeAllThreads done
Event: 10.893 Executing VM operation: Cleanup
Event: 10.893 Executing VM operation: Cleanup done
Event: 11.311 Executing VM operation: G1CollectForAllocation

Events (20 events):
Event: 8.885 Thread 0x000001833d963080 flushing nmethod 0x0000018327e06110
Event: 8.885 Thread 0x000001833d963080 flushing nmethod 0x0000018327e07590
Event: 8.885 Thread 0x000001833d963080 flushing nmethod 0x0000018327e17190
Event: 8.885 Thread 0x000001833d963080 flushing nmethod 0x0000018327e18910
Event: 8.885 Thread 0x000001833d963080 flushing nmethod 0x0000018327e1a110
Event: 8.885 Thread 0x000001833d963080 flushing nmethod 0x0000018327e20290
Event: 8.885 Thread 0x000001833d963080 flushing nmethod 0x0000018327e22610
Event: 8.885 Thread 0x000001833d963080 flushing nmethod 0x0000018327e24590
Event: 8.885 Thread 0x000001833d963080 flushing nmethod 0x0000018327e26c10
Event: 8.885 Thread 0x000001833d963080 flushing nmethod 0x0000018327e2d610
Event: 8.885 Thread 0x000001833d963080 flushing nmethod 0x0000018327e61a90
Event: 8.885 Thread 0x000001833d963080 flushing nmethod 0x0000018327e64390
Event: 8.886 Thread 0x000001833d963080 flushing nmethod 0x0000018327f35210
Event: 9.183 Thread 0x00000183458b80a0 Thread added: 0x00000183458b80a0
Event: 9.867 Thread 0x0000018349a57950 Thread added: 0x0000018349a57950
Event: 9.888 Thread 0x0000018349a5b310 Thread added: 0x0000018349a5b310
Event: 9.888 Thread 0x0000018349a54460 Thread added: 0x0000018349a54460
Event: 11.194 Thread 0x0000018347f5e840 Thread exited: 0x0000018347f5e840
Event: 11.194 Thread 0x0000018341db9b30 Thread exited: 0x0000018341db9b30
Event: 11.211 Thread 0x0000018343e9b100 Thread added: 0x0000018343e9b100


Dynamic libraries:
0x00007ff789880000 - 0x00007ff789890000 	C:\Program Files\Java\jdk-18.0.1.1\bin\java.exe
0x00007fff42a90000 - 0x00007fff42c87000 	C:\Windows\SYSTEM32\ntdll.dll
0x00007fff41590000 - 0x00007fff4164d000 	C:\Windows\System32\KERNEL32.DLL
0x00007fff40380000 - 0x00007fff4064d000 	C:\Windows\System32\KERNELBASE.dll
0x00007fff40250000 - 0x00007fff40350000 	C:\Windows\System32\ucrtbase.dll
0x00007fff36500000 - 0x00007fff3651a000 	C:\Program Files\Java\jdk-18.0.1.1\bin\VCRUNTIME140.dll
0x00007fff35550000 - 0x00007fff35568000 	C:\Program Files\Java\jdk-18.0.1.1\bin\jli.dll
0x00007fff42080000 - 0x00007fff4212e000 	C:\Windows\System32\ADVAPI32.dll
0x00007fff41780000 - 0x00007fff4181e000 	C:\Windows\System32\msvcrt.dll
0x00007fff416b0000 - 0x00007fff4174c000 	C:\Windows\System32\sechost.dll
0x00007fff41e70000 - 0x00007fff41f95000 	C:\Windows\System32\RPCRT4.dll
0x00007fff413f0000 - 0x00007fff41590000 	C:\Windows\System32\USER32.dll
0x00007fff261b0000 - 0x00007fff2644a000 	C:\Windows\WinSxS\amd64_microsoft.windows.common-controls_6595b64144ccf1df_6.0.19041.1110_none_60b5254171f9507e\COMCTL32.dll
0x00007fff40220000 - 0x00007fff40242000 	C:\Windows\System32\win32u.dll
0x00007fff42130000 - 0x00007fff4215a000 	C:\Windows\System32\GDI32.dll
0x00007fff40930000 - 0x00007fff40a3b000 	C:\Windows\System32\gdi32full.dll
0x00007fff40890000 - 0x00007fff4092d000 	C:\Windows\System32\msvcp_win.dll
0x00007fff2e5c0000 - 0x00007fff2e5ca000 	C:\Windows\SYSTEM32\VERSION.dll
0x00007fff41750000 - 0x00007fff41780000 	C:\Windows\System32\IMM32.DLL
0x00007fff37e80000 - 0x00007fff37e8c000 	C:\Program Files\Java\jdk-18.0.1.1\bin\vcruntime140_1.dll
0x00007fff23f30000 - 0x00007fff23fbd000 	C:\Program Files\Java\jdk-18.0.1.1\bin\msvcp140.dll
0x00007ffee8db0000 - 0x00007ffee99c0000 	C:\Program Files\Java\jdk-18.0.1.1\bin\server\jvm.dll
0x00007fff427a0000 - 0x00007fff427a8000 	C:\Windows\System32\PSAPI.DLL
0x00007fff13c30000 - 0x00007fff13c39000 	C:\Windows\SYSTEM32\WSOCK32.dll
0x00007fff254f0000 - 0x00007fff25517000 	C:\Windows\SYSTEM32\WINMM.dll
0x00007fff42810000 - 0x00007fff4287b000 	C:\Windows\System32\WS2_32.dll
0x00007fff3e9f0000 - 0x00007fff3ea02000 	C:\Windows\SYSTEM32\kernel.appcore.dll
0x00007fff33560000 - 0x00007fff3356a000 	C:\Program Files\Java\jdk-18.0.1.1\bin\jimage.dll
0x00007fff3e550000 - 0x00007fff3e734000 	C:\Windows\SYSTEM32\DBGHELP.DLL
0x00007fff2ed80000 - 0x00007fff2edac000 	C:\Windows\SYSTEM32\dbgcore.DLL
0x00007fff40650000 - 0x00007fff406d2000 	C:\Windows\System32\bcryptPrimitives.dll
0x00007fff331f0000 - 0x00007fff33215000 	C:\Program Files\Java\jdk-18.0.1.1\bin\java.dll
0x00007fff23e50000 - 0x00007fff23f26000 	C:\Program Files\Java\jdk-18.0.1.1\bin\jsvml.dll
0x00007fff40ca0000 - 0x00007fff413e4000 	C:\Windows\System32\SHELL32.dll
0x00007fff3dcf0000 - 0x00007fff3e484000 	C:\Windows\SYSTEM32\windows.storage.dll
0x00007fff42310000 - 0x00007fff42664000 	C:\Windows\System32\combase.dll
0x00007fff3fc10000 - 0x00007fff3fc3c000 	C:\Windows\SYSTEM32\Wldp.dll
0x00007fff42200000 - 0x00007fff422ad000 	C:\Windows\System32\SHCORE.dll
0x00007fff422b0000 - 0x00007fff42305000 	C:\Windows\System32\shlwapi.dll
0x00007fff400f0000 - 0x00007fff4010f000 	C:\Windows\SYSTEM32\profapi.dll
0x00007fff33540000 - 0x00007fff33553000 	C:\Program Files\Java\jdk-18.0.1.1\bin\net.dll
0x00007fff36860000 - 0x00007fff3696a000 	C:\Windows\SYSTEM32\WINHTTP.dll
0x00007fff3f950000 - 0x00007fff3f9ba000 	C:\Windows\system32\mswsock.dll
0x00007fff331d0000 - 0x00007fff331e6000 	C:\Program Files\Java\jdk-18.0.1.1\bin\nio.dll
0x00007fff331b0000 - 0x00007fff331c8000 	C:\Program Files\Java\jdk-18.0.1.1\bin\zip.dll
0x00007fff331a0000 - 0x00007fff331b0000 	C:\Program Files\Java\jdk-18.0.1.1\bin\verify.dll
0x00007fff23b40000 - 0x00007fff23b67000 	C:\Program Files\Android\gradle-7.3.3\native\e1d6ef7f7dcc3fd88c89a11ec53ec762bb8ba0a96d01ffa2cd45eb1d1d8dd5c5\windows-amd64\native-platform.dll
0x00007fff0c500000 - 0x00007fff0c644000 	C:\Program Files\Android\gradle-7.3.3\native\5664cfc778a61ccfe75a443a1ab52a65af34e5dc3c78e0209fed803814484fcb\windows-amd64\native-platform-file-events.dll
0x00007fff2f750000 - 0x00007fff2f759000 	C:\Program Files\Java\jdk-18.0.1.1\bin\management.dll
0x00007fff2f740000 - 0x00007fff2f74b000 	C:\Program Files\Java\jdk-18.0.1.1\bin\management_ext.dll
0x00007fff3fb60000 - 0x00007fff3fb78000 	C:\Windows\SYSTEM32\CRYPTSP.dll
0x00007fff3f240000 - 0x00007fff3f274000 	C:\Windows\system32\rsaenh.dll
0x00007fff40350000 - 0x00007fff40377000 	C:\Windows\System32\bcrypt.dll
0x00007fff40070000 - 0x00007fff4009e000 	C:\Windows\SYSTEM32\USERENV.dll
0x00007fff3fb80000 - 0x00007fff3fb8c000 	C:\Windows\SYSTEM32\CRYPTBASE.dll
0x00007fff3f5e0000 - 0x00007fff3f61b000 	C:\Windows\SYSTEM32\IPHLPAPI.DLL
0x00007fff41970000 - 0x00007fff41978000 	C:\Windows\System32\NSI.dll
0x00007fff317a0000 - 0x00007fff317b7000 	C:\Windows\SYSTEM32\dhcpcsvc6.DLL
0x00007fff338a0000 - 0x00007fff338bd000 	C:\Windows\SYSTEM32\dhcpcsvc.DLL
0x00007fff3f640000 - 0x00007fff3f70b000 	C:\Windows\SYSTEM32\DNSAPI.dll

dbghelp: loaded successfully - version: 4.0.5 - missing functions: none
symbol engine: initialized successfully - sym options: 0x614 - pdb path: .;C:\Program Files\Java\jdk-18.0.1.1\bin;C:\Windows\SYSTEM32;C:\Windows\WinSxS\amd64_microsoft.windows.common-controls_6595b64144ccf1df_6.0.19041.1110_none_60b5254171f9507e;C:\Program Files\Java\jdk-18.0.1.1\bin\server;C:\Program Files\Android\gradle-7.3.3\native\e1d6ef7f7dcc3fd88c89a11ec53ec762bb8ba0a96d01ffa2cd45eb1d1d8dd5c5\windows-amd64;C:\Program Files\Android\gradle-7.3.3\native\5664cfc778a61ccfe75a443a1ab52a65af34e5dc3c78e0209fed803814484fcb\windows-amd64

VM Arguments:
jvm_args: --add-opens=java.base/java.util=ALL-UNNAMED --add-opens=java.base/java.lang=ALL-UNNAMED --add-opens=java.base/java.lang.invoke=ALL-UNNAMED --add-opens=java.base/java.util=ALL-UNNAMED --add-opens=java.prefs/java.util.prefs=ALL-UNNAMED --add-opens=java.prefs/java.util.prefs=ALL-UNNAMED --add-opens=java.base/java.nio.charset=ALL-UNNAMED --add-opens=java.base/java.net=ALL-UNNAMED --add-opens=java.base/java.util.concurrent.atomic=ALL-UNNAMED -Xmx2048m -Dfile.encoding=UTF-8 -Duser.country=IN -Duser.language=en -Duser.variant 
java_command: org.gradle.launcher.daemon.bootstrap.GradleDaemon 7.3.3
java_class_path (initial): C:\Program Files\Android\gradle-7.3.3\lib\gradle-launcher-7.3.3.jar
Launcher Type: SUN_STANDARD

[Global flags]
     intx CICompilerCount                          = 4                                         {product} {ergonomic}
     uint ConcGCThreads                            = 2                                         {product} {ergonomic}
     uint G1ConcRefinementThreads                  = 8                                         {product} {ergonomic}
   size_t G1HeapRegionSize                         = 1048576                                   {product} {ergonomic}
    uintx GCDrainStackTargetSize                   = 64                                        {product} {ergonomic}
   size_t InitialHeapSize                          = 132120576                                 {product} {ergonomic}
   size_t MarkStackSize                            = 4194304                                   {product} {ergonomic}
   size_t MaxHeapSize                              = 2147483648                                {product} {command line}
   size_t MaxNewSize                               = 1287651328                                {product} {ergonomic}
   size_t MinHeapDeltaBytes                        = 1048576                                   {product} {ergonomic}
   size_t MinHeapSize                              = 8388608                                   {product} {ergonomic}
    uintx NonNMethodCodeHeapSize                   = 5839372                                {pd product} {ergonomic}
    uintx NonProfiledCodeHeapSize                  = 122909434                              {pd product} {ergonomic}
    uintx ProfiledCodeHeapSize                     = 122909434                              {pd product} {ergonomic}
    uintx ReservedCodeCacheSize                    = 251658240                              {pd product} {ergonomic}
     bool SegmentedCodeCache                       = true                                      {product} {ergonomic}
   size_t SoftMaxHeapSize                          = 2147483648                             {manageable} {ergonomic}
     bool UseCompressedClassPointers               = true                           {product lp64_product} {ergonomic}
     bool UseCompressedOops                        = true                           {product lp64_product} {ergonomic}
     bool UseG1GC                                  = true                                      {product} {ergonomic}
     bool UseLargePagesIndividualAllocation        = false                                  {pd product} {ergonomic}

Logging:
Log output configuration:
 #0: stdout all=warning uptime,level,tags foldmultilines=false
 #1: stderr all=off uptime,level,tags foldmultilines=false

Environment Variables:
JAVA_HOME=C:\Program Files\Java\jdk-18.0.1.1
PATH=C:\Program Files\Common Files\Oracle\Java\javapath;C:\Windows\system32;C:\Windows;C:\Windows\System32\Wbem;C:\Windows\System32\WindowsPowerShell\v1.0\;C:\Windows\System32\OpenSSH\;C:\Program Files\Git\cmd;C:\Users\suraj\AppData\Local\Microsoft\WindowsApps
USERNAME=suraj
OS=Windows_NT
PROCESSOR_IDENTIFIER=Intel64 Family 6 Model 140 Stepping 1, GenuineIntel



---------------  S Y S T E M  ---------------

OS:
 Windows 10 , 64 bit Build 19041 (10.0.19041.1741)
OS uptime: 0 days 2:53 hours
Hyper-V role detected

CPU: total 8 (initial active 8) (4 cores per cpu, 2 threads per core) family 6 model 140 stepping 1 microcode 0x86, cx8, cmov, fxsr, ht, mmx, 3dnowpref, sse, sse2, sse3, ssse3, sse4.1, sse4.2, popcnt, lzcnt, tsc, tscinvbit, avx, avx2, aes, erms, clmul, bmi1, bmi2, adx, avx512f, avx512dq, avx512cd, avx512bw, avx512vl, sha, fma, vzeroupper, avx512_vpopcntdq, avx512_vpclmulqdq, avx512_vaes, avx512_vnni, clflush, clflushopt, clwb, avx512_vbmi2, avx512_vbmi, hv

Memory: 4k page, system-wide physical 7987M (528M free)
TotalPageFile size 7987M (AvailPageFile size 118M)
current process WorkingSet (physical memory assigned to process): 394M, peak: 441M
current process commit charge ("private bytes"): 450M, peak: 608M

vm_info: Java HotSpot(TM) 64-Bit Server VM (18.0.1.1+2-6) for windows-amd64 JRE (18.0.1.1+2-6), built on Apr 25 2022 21:53:15 by "mach5one" with MS VC++ 16.8 / 16.9 (VS2019)

END.
