#
# There is insufficient memory for the Java Runtime Environment to continue.
# Native memory allocation (mmap) failed to map 350224384 bytes for G1 virtual space
# Possible reasons:
#   The system is out of physical RAM or swap space
#   The process is running with CompressedOops enabled, and the Java Heap may be blocking the growth of the native heap
# Possible solutions:
#   Reduce memory load on the system
#   Increase physical memory or swap space
#   Check if swap backing store is full
#   Decrease Java heap size (-Xmx/-Xms)
#   Decrease number of Java threads
#   Decrease Java thread stack sizes (-Xss)
#   Set larger code cache with -XX:ReservedCodeCacheSize=
#   JVM is running with Unscaled Compressed Oops mode in which the Java heap is
#     placed in the first 4GB address space. The Java Heap base address is the
#     maximum limit for the native heap growth. Please use -XX:HeapBaseMinAddress
#     to set the Java Heap base and to place the Java Heap above 4GB virtual address.
# This output file may be truncated or incomplete.
#
#  Out of Memory Error (os_windows.cpp:3530), pid=14676, tid=5328
#
# JRE version: Java(TM) SE Runtime Environment (18.0.1.1+2) (build 18.0.1.1+2-6)
# Java VM: Java HotSpot(TM) 64-Bit Server VM (18.0.1.1+2-6, mixed mode, sharing, tiered, compressed oops, compressed class ptrs, g1 gc, windows-amd64)
# No core dump will be written. Minidumps are not enabled by default on client versions of Windows
#

---------------  S U M M A R Y ------------

Command Line: --add-opens=java.base/java.util=ALL-UNNAMED --add-opens=java.base/java.lang=ALL-UNNAMED --add-opens=java.base/java.lang.invoke=ALL-UNNAMED --add-opens=java.base/java.util=ALL-UNNAMED --add-opens=java.prefs/java.util.prefs=ALL-UNNAMED --add-opens=java.prefs/java.util.prefs=ALL-UNNAMED --add-opens=java.base/java.nio.charset=ALL-UNNAMED --add-opens=java.base/java.net=ALL-UNNAMED --add-opens=java.base/java.util.concurrent.atomic=ALL-UNNAMED -Xmx2048m -Dfile.encoding=UTF-8 -Duser.country=IN -Duser.language=en -Duser.variant org.gradle.launcher.daemon.bootstrap.GradleDaemon 7.3.3

Host: 11th Gen Intel(R) Core(TM) i5-1135G7 @ 2.40GHz, 8 cores, 7G,  Windows 10 , 64 bit Build 19041 (10.0.19041.1741)
Time: Thu Jun 30 19:52:23 2022 India Standard Time elapsed time: 374.394588 seconds (0d 0h 6m 14s)

---------------  T H R E A D  ---------------

Current thread (0x000001f40e62b830):  VMThread "VM Thread" [stack: 0x00000076c4800000,0x00000076c4900000] [id=5328]

Stack: [0x00000076c4800000,0x00000076c4900000]
Native frames: (J=compiled Java code, j=interpreted, Vv=VM code, C=native code)
V  [jvm.dll+0x69887a]
V  [jvm.dll+0x7f38bd]
V  [jvm.dll+0x7f51ce]
V  [jvm.dll+0x7f5883]
V  [jvm.dll+0x25ca3f]
V  [jvm.dll+0x6957c9]
V  [jvm.dll+0x68a2fa]
V  [jvm.dll+0x321efb]
V  [jvm.dll+0x3298d6]
V  [jvm.dll+0x37e47e]
V  [jvm.dll+0x37e6af]
V  [jvm.dll+0x2f9c7a]
V  [jvm.dll+0x2f9d27]
V  [jvm.dll+0x33e262]
V  [jvm.dll+0x33c804]
V  [jvm.dll+0x2f9450]
V  [jvm.dll+0x33bddb]
V  [jvm.dll+0x7fa66b]
V  [jvm.dll+0x7fb404]
V  [jvm.dll+0x7fb93c]
V  [jvm.dll+0x7fbd94]
V  [jvm.dll+0x7fbe57]
V  [jvm.dll+0x7a03ea]
V  [jvm.dll+0x697725]
C  [ucrtbase.dll+0x21bb2]
C  [KERNEL32.DLL+0x17034]
C  [ntdll.dll+0x52651]

VM_Operation (0x00000076ce0f7a80): G1CollectForAllocation, mode: safepoint, requested by thread 0x000001f4317127b0


---------------  P R O C E S S  ---------------

Threads class SMR info:
_java_thread_list=0x000001f438c76710, length=146, elements={
0x000001f40e5a0f30, 0x000001f42c7de950, 0x000001f42c7df200, 0x000001f42c7fb1a0,
0x000001f42c7fba50, 0x000001f42c7fc300, 0x000001f42c7febc0, 0x000001f42c80a950,
0x000001f42c80b380, 0x000001f42c80dc80, 0x000001f430ca2e70, 0x000001f430ca3b60,
0x000001f4324692e0, 0x000001f4317b5710, 0x000001f43266d9c0, 0x000001f43227df40,
0x000001f43227b8c0, 0x000001f43227cc00, 0x000001f43227c260, 0x000001f43227c730,
0x000001f434f64c70, 0x000001f434f65610, 0x000001f434f66480, 0x000001f434f66e20,
0x000001f434f60de0, 0x000001f436996870, 0x000001f436996d40, 0x000001f4369976e0,
0x000001f436998550, 0x000001f436998080, 0x000001f43699a230, 0x000001f4356ab9d0,
0x000001f436997bb0, 0x000001f43699c3e0, 0x000001f4369993c0, 0x000001f43699b570,
0x000001f43699a700, 0x000001f436999890, 0x000001f436999d60, 0x000001f43699abd0,
0x000001f436995ed0, 0x000001f43699b0a0, 0x000001f43699ba40, 0x000001f43699d250,
0x000001f43699bf10, 0x000001f43699c8b0, 0x000001f43699cd80, 0x000001f43699d720,
0x000001f4369963a0, 0x000001f434f647a0, 0x000001f434f61780, 0x000001f434f62ac0,
0x000001f434f625f0, 0x000001f434f677c0, 0x000001f434f62f90, 0x000001f434f60910,
0x000001f434f63460, 0x000001f434f61c50, 0x000001f434f62120, 0x000001f434f63930,
0x000001f434f63e00, 0x000001f434f65140, 0x000001f4356a9cf0, 0x000001f4356a8e80,
0x000001f4356a84e0, 0x000001f4356a9350, 0x000001f4356a9820, 0x000001f4356a89b0,
0x000001f4356aab60, 0x000001f43227e410, 0x000001f43227da70, 0x000001f43227d0d0,
0x000001f43227bd90, 0x000001f43227aa50, 0x000001f4369fd0f0, 0x000001f4369fe900,
0x000001f4369faf40, 0x000001f4369fda90, 0x000001f4369ffc40, 0x000001f436a00110,
0x000001f436a01920, 0x000001f4369faa70, 0x000001f4369fbdb0, 0x000001f436a00ab0,
0x000001f4369fa5a0, 0x000001f4369fb410, 0x000001f4369fb8e0, 0x000001f4369ff770,
0x000001f4369fd5c0, 0x000001f4369fc280, 0x000001f4369fdf60, 0x000001f4369fe430,
0x000001f4369fc750, 0x000001f436a00f80, 0x000001f4369fedd0, 0x000001f4369ff2a0,
0x000001f436a01450, 0x000001f436a005e0, 0x000001f436a01df0, 0x000001f4369fcc20,
0x000001f432c9a020, 0x000001f432c9c6a0, 0x000001f432c99680, 0x000001f432c9ae90,
0x000001f432c979a0, 0x000001f432c97e70, 0x000001f432c9b360, 0x000001f432c9a9c0,
0x000001f432c9b830, 0x000001f432c974d0, 0x000001f432c98340, 0x000001f432c98810,
0x000001f432c96190, 0x000001f432c957f0, 0x000001f432c98ce0, 0x000001f432c95cc0,
0x000001f432c9bd00, 0x000001f432c95320, 0x000001f432c97000, 0x000001f432c96b30,
0x000001f432c96660, 0x000001f432c991b0, 0x000001f432c9c1d0, 0x000001f432c9a4f0,
0x000001f432c9cb70, 0x000001f43170e450, 0x000001f431713150, 0x000001f431713af0,
0x000001f431711940, 0x000001f43170f790, 0x000001f43170df80, 0x000001f431713fc0,
0x000001f43170d110, 0x000001f431714490, 0x000001f431714960, 0x000001f43170f2c0,
0x000001f43170d5e0, 0x000001f43170e920, 0x000001f4317122e0, 0x000001f4317127b0,
0x000001f431711470, 0x000001f431712c80, 0x000001f431713620, 0x000001f434f5ff70,
0x000001f433a8c580, 0x000001f4337aca30
}

Java Threads: ( => current thread )
  0x000001f40e5a0f30 JavaThread "main" [_thread_blocked, id=1636, stack(0x00000076c4200000,0x00000076c4300000)]
  0x000001f42c7de950 JavaThread "Reference Handler" daemon [_thread_blocked, id=5316, stack(0x00000076c4900000,0x00000076c4a00000)]
  0x000001f42c7df200 JavaThread "Finalizer" daemon [_thread_blocked, id=14980, stack(0x00000076c4a00000,0x00000076c4b00000)]
  0x000001f42c7fb1a0 JavaThread "Signal Dispatcher" daemon [_thread_blocked, id=4664, stack(0x00000076c4b00000,0x00000076c4c00000)]
  0x000001f42c7fba50 JavaThread "Attach Listener" daemon [_thread_blocked, id=9496, stack(0x00000076c4c00000,0x00000076c4d00000)]
  0x000001f42c7fc300 JavaThread "Service Thread" daemon [_thread_blocked, id=6336, stack(0x00000076c4d00000,0x00000076c4e00000)]
  0x000001f42c7febc0 JavaThread "Monitor Deflation Thread" daemon [_thread_blocked, id=1560, stack(0x00000076c4e00000,0x00000076c4f00000)]
  0x000001f42c80a950 JavaThread "C2 CompilerThread0" daemon [_thread_in_native, id=6380, stack(0x00000076c4f00000,0x00000076c5000000)]
  0x000001f42c80b380 JavaThread "C1 CompilerThread0" daemon [_thread_blocked, id=15804, stack(0x00000076c5000000,0x00000076c5100000)]
  0x000001f42c80dc80 JavaThread "Sweeper thread" daemon [_thread_blocked, id=5432, stack(0x00000076c5100000,0x00000076c5200000)]
  0x000001f430ca2e70 JavaThread "Common-Cleaner" daemon [_thread_blocked, id=8076, stack(0x00000076c5200000,0x00000076c5300000)]
  0x000001f430ca3b60 JavaThread "Notification Thread" daemon [_thread_blocked, id=14832, stack(0x00000076c5300000,0x00000076c5400000)]
  0x000001f4324692e0 JavaThread "Daemon health stats" [_thread_blocked, id=12916, stack(0x00000076c5c00000,0x00000076c5d00000)]
  0x000001f4317b5710 JavaThread "Incoming local TCP Connector on port 53853" [_thread_in_native, id=8176, stack(0x00000076c5d00000,0x00000076c5e00000)]
  0x000001f43266d9c0 JavaThread "Daemon periodic checks" [_thread_blocked, id=9096, stack(0x00000076c5e00000,0x00000076c5f00000)]
  0x000001f43227df40 JavaThread "Cache worker for journal cache (C:\Program Files\Android\gradle-7.3.3\caches\journal-1)" [_thread_blocked, id=1360, stack(0x00000076c6600000,0x00000076c6700000)]
  0x000001f43227b8c0 JavaThread "File lock request listener" [_thread_in_native, id=4008, stack(0x00000076c6700000,0x00000076c6800000)]
  0x000001f43227cc00 JavaThread "Cache worker for file hash cache (C:\Program Files\Android\gradle-7.3.3\caches\7.3.3\fileHashes)" [_thread_blocked, id=7292, stack(0x00000076c6800000,0x00000076c6900000)]
  0x000001f43227c260 JavaThread "File watcher server" daemon [_thread_blocked, id=1308, stack(0x00000076c6b00000,0x00000076c6c00000)]
  0x000001f43227c730 JavaThread "File watcher consumer" daemon [_thread_blocked, id=9696, stack(0x00000076c6c00000,0x00000076c6d00000)]
  0x000001f434f64c70 JavaThread "Cache worker for execution history cache (C:\Program Files\Android\gradle-7.3.3\caches\7.3.3\executionHistory)" [_thread_blocked, id=13632, stack(0x00000076c7200000,0x00000076c7300000)]
  0x000001f434f65610 JavaThread "jar transforms" [_thread_blocked, id=9528, stack(0x00000076c7300000,0x00000076c7400000)]
  0x000001f434f66480 JavaThread "Cache worker for file content cache (C:\Program Files\Android\gradle-7.3.3\caches\7.3.3\fileContent)" [_thread_blocked, id=8724, stack(0x00000076c7400000,0x00000076c7500000)]
  0x000001f434f66e20 JavaThread "jar transforms Thread 2" [_thread_blocked, id=9228, stack(0x00000076c7500000,0x00000076c7600000)]
  0x000001f434f60de0 JavaThread "jar transforms Thread 3" [_thread_blocked, id=16152, stack(0x00000076c7700000,0x00000076c7800000)]
  0x000001f436996870 JavaThread "jar transforms Thread 4" [_thread_blocked, id=12644, stack(0x00000076cc900000,0x00000076cca00000)]
  0x000001f436996d40 JavaThread "jar transforms Thread 5" [_thread_blocked, id=15524, stack(0x00000076cca00000,0x00000076ccb00000)]
  0x000001f4369976e0 JavaThread "jar transforms Thread 6" [_thread_blocked, id=14220, stack(0x00000076ccb00000,0x00000076ccc00000)]
  0x000001f436998550 JavaThread "jar transforms Thread 7" [_thread_blocked, id=8556, stack(0x00000076ccc00000,0x00000076ccd00000)]
  0x000001f436998080 JavaThread "jar transforms Thread 8" [_thread_blocked, id=6820, stack(0x00000076ccd00000,0x00000076cce00000)]
  0x000001f43699a230 JavaThread "Memory manager" [_thread_blocked, id=12292, stack(0x00000076cce00000,0x00000076ccf00000)]
  0x000001f4356ab9d0 JavaThread "pool-3-thread-1" [_thread_blocked, id=7756, stack(0x00000076cd200000,0x00000076cd300000)]
  0x000001f436997bb0 JavaThread "Daemon Thread 2" [_thread_blocked, id=11160, stack(0x00000076c4100000,0x00000076c4200000)]
  0x000001f43699c3e0 JavaThread "Handler for socket connection from /127.0.0.1:53853 to /127.0.0.1:53869" [_thread_in_native, id=7840, stack(0x00000076c5500000,0x00000076c5600000)]
  0x000001f4369993c0 JavaThread "Cancel handler" [_thread_blocked, id=13840, stack(0x00000076c5f00000,0x00000076c6000000)]
  0x000001f43699b570 JavaThread "Daemon worker Thread 2" [_thread_blocked, id=7708, stack(0x00000076c6000000,0x00000076c6100000)]
  0x000001f43699a700 JavaThread "Asynchronous log dispatcher for DefaultDaemonConnection: socket connection from /127.0.0.1:53853 to /127.0.0.1:53869" [_thread_blocked, id=13972, stack(0x00000076c6100000,0x00000076c6200000)]
  0x000001f436999890 JavaThread "Stdin handler" [_thread_blocked, id=15528, stack(0x00000076c6200000,0x00000076c6300000)]
  0x000001f436999d60 JavaThread "Daemon client event forwarder" [_thread_blocked, id=3280, stack(0x00000076c6300000,0x00000076c6400000)]
  0x000001f43699abd0 JavaThread "Cache worker for file hash cache (D:\EmailLogin\.gradle\7.3.3\fileHashes)" [_thread_blocked, id=13964, stack(0x00000076c6400000,0x00000076c6500000)]
  0x000001f436995ed0 JavaThread "Cache worker for checksums cache (D:\EmailLogin\.gradle\7.3.3\checksums)" [_thread_blocked, id=13452, stack(0x00000076c6500000,0x00000076c6600000)]
  0x000001f43699b0a0 JavaThread "Cache worker for cache directory md-supplier (C:\Program Files\Android\gradle-7.3.3\caches\7.3.3\md-supplier)" [_thread_blocked, id=13832, stack(0x00000076c6900000,0x00000076c6a00000)]
  0x000001f43699ba40 JavaThread "Cache worker for cache directory md-rule (C:\Program Files\Android\gradle-7.3.3\caches\7.3.3\md-rule)" [_thread_blocked, id=10512, stack(0x00000076c6a00000,0x00000076c6b00000)]
  0x000001f43699d250 JavaThread "Cache worker for dependencies-accessors (D:\EmailLogin\.gradle\7.3.3\dependencies-accessors)" [_thread_blocked, id=8152, stack(0x00000076c6e00000,0x00000076c6f00000)]
  0x000001f43699bf10 JavaThread "Cache worker for Build Output Cleanup Cache (D:\EmailLogin\.gradle\buildOutputCleanup)" [_thread_blocked, id=8068, stack(0x00000076c6f00000,0x00000076c7000000)]
  0x000001f43699c8b0 JavaThread "Unconstrained build operations" [_thread_blocked, id=8208, stack(0x00000076c7600000,0x00000076c7700000)]
  0x000001f43699cd80 JavaThread "Unconstrained build operations Thread 2" [_thread_blocked, id=14300, stack(0x00000076c7800000,0x00000076c7900000)]
  0x000001f43699d720 JavaThread "Unconstrained build operations Thread 3" [_thread_blocked, id=7244, stack(0x00000076c7900000,0x00000076c7a00000)]
  0x000001f4369963a0 JavaThread "Unconstrained build operations Thread 4" [_thread_blocked, id=5904, stack(0x00000076c7a00000,0x00000076c7b00000)]
  0x000001f434f647a0 JavaThread "Unconstrained build operations Thread 5" [_thread_blocked, id=11304, stack(0x00000076c7b00000,0x00000076c7c00000)]
  0x000001f434f61780 JavaThread "Unconstrained build operations Thread 6" [_thread_blocked, id=4072, stack(0x00000076c7c00000,0x00000076c7d00000)]
  0x000001f434f62ac0 JavaThread "Unconstrained build operations Thread 7" [_thread_blocked, id=10304, stack(0x00000076c7d00000,0x00000076c7e00000)]
  0x000001f434f625f0 JavaThread "Unconstrained build operations Thread 8" [_thread_blocked, id=14280, stack(0x00000076c7e00000,0x00000076c7f00000)]
  0x000001f434f677c0 JavaThread "Unconstrained build operations Thread 9" [_thread_blocked, id=10820, stack(0x00000076c7f00000,0x00000076c8000000)]
  0x000001f434f62f90 JavaThread "Unconstrained build operations Thread 10" [_thread_blocked, id=13384, stack(0x00000076c8000000,0x00000076c8100000)]
  0x000001f434f60910 JavaThread "Unconstrained build operations Thread 11" [_thread_blocked, id=15664, stack(0x00000076c8100000,0x00000076c8200000)]
  0x000001f434f63460 JavaThread "Unconstrained build operations Thread 12" [_thread_blocked, id=15696, stack(0x00000076c8200000,0x00000076c8300000)]
  0x000001f434f61c50 JavaThread "Unconstrained build operations Thread 13" [_thread_blocked, id=12296, stack(0x00000076c8300000,0x00000076c8400000)]
  0x000001f434f62120 JavaThread "Unconstrained build operations Thread 14" [_thread_blocked, id=11860, stack(0x00000076c8400000,0x00000076c8500000)]
  0x000001f434f63930 JavaThread "Unconstrained build operations Thread 15" [_thread_blocked, id=1492, stack(0x00000076c8500000,0x00000076c8600000)]
  0x000001f434f63e00 JavaThread "Unconstrained build operations Thread 16" [_thread_blocked, id=6580, stack(0x00000076c8600000,0x00000076c8700000)]
  0x000001f434f65140 JavaThread "Unconstrained build operations Thread 17" [_thread_blocked, id=4296, stack(0x00000076c8700000,0x00000076c8800000)]
  0x000001f4356a9cf0 JavaThread "Unconstrained build operations Thread 18" [_thread_blocked, id=10696, stack(0x00000076c8800000,0x00000076c8900000)]
  0x000001f4356a8e80 JavaThread "Unconstrained build operations Thread 19" [_thread_blocked, id=16160, stack(0x00000076c8900000,0x00000076c8a00000)]
  0x000001f4356a84e0 JavaThread "Unconstrained build operations Thread 20" [_thread_blocked, id=11368, stack(0x00000076c8a00000,0x00000076c8b00000)]
  0x000001f4356a9350 JavaThread "Unconstrained build operations Thread 21" [_thread_blocked, id=9492, stack(0x00000076c8b00000,0x00000076c8c00000)]
  0x000001f4356a9820 JavaThread "Unconstrained build operations Thread 22" [_thread_blocked, id=14928, stack(0x00000076c8c00000,0x00000076c8d00000)]
  0x000001f4356a89b0 JavaThread "Unconstrained build operations Thread 23" [_thread_blocked, id=13944, stack(0x00000076c8d00000,0x00000076c8e00000)]
  0x000001f4356aab60 JavaThread "Unconstrained build operations Thread 24" [_thread_blocked, id=7068, stack(0x00000076c8e00000,0x00000076c8f00000)]
  0x000001f43227e410 JavaThread "Unconstrained build operations Thread 25" [_thread_blocked, id=8124, stack(0x00000076c8f00000,0x00000076c9000000)]
  0x000001f43227da70 JavaThread "Unconstrained build operations Thread 26" [_thread_blocked, id=3104, stack(0x00000076c9000000,0x00000076c9100000)]
  0x000001f43227d0d0 JavaThread "Unconstrained build operations Thread 27" [_thread_blocked, id=2292, stack(0x00000076c9100000,0x00000076c9200000)]
  0x000001f43227bd90 JavaThread "Unconstrained build operations Thread 28" [_thread_blocked, id=8384, stack(0x00000076c9200000,0x00000076c9300000)]
  0x000001f43227aa50 JavaThread "Unconstrained build operations Thread 29" [_thread_blocked, id=3852, stack(0x00000076c9300000,0x00000076c9400000)]
  0x000001f4369fd0f0 JavaThread "Unconstrained build operations Thread 30" [_thread_blocked, id=1748, stack(0x00000076c9400000,0x00000076c9500000)]
  0x000001f4369fe900 JavaThread "Unconstrained build operations Thread 31" [_thread_blocked, id=14904, stack(0x00000076c9500000,0x00000076c9600000)]
  0x000001f4369faf40 JavaThread "Unconstrained build operations Thread 32" [_thread_blocked, id=284, stack(0x00000076c9600000,0x00000076c9700000)]
  0x000001f4369fda90 JavaThread "Unconstrained build operations Thread 33" [_thread_blocked, id=6624, stack(0x00000076c9700000,0x00000076c9800000)]
  0x000001f4369ffc40 JavaThread "Unconstrained build operations Thread 34" [_thread_blocked, id=9560, stack(0x00000076c9800000,0x00000076c9900000)]
  0x000001f436a00110 JavaThread "Unconstrained build operations Thread 35" [_thread_blocked, id=3868, stack(0x00000076c9900000,0x00000076c9a00000)]
  0x000001f436a01920 JavaThread "Unconstrained build operations Thread 36" [_thread_blocked, id=15616, stack(0x00000076c9a00000,0x00000076c9b00000)]
  0x000001f4369faa70 JavaThread "Unconstrained build operations Thread 37" [_thread_blocked, id=2952, stack(0x00000076c9b00000,0x00000076c9c00000)]
  0x000001f4369fbdb0 JavaThread "Unconstrained build operations Thread 38" [_thread_blocked, id=10500, stack(0x00000076c9c00000,0x00000076c9d00000)]
  0x000001f436a00ab0 JavaThread "Unconstrained build operations Thread 39" [_thread_blocked, id=1796, stack(0x00000076c9d00000,0x00000076c9e00000)]
  0x000001f4369fa5a0 JavaThread "Unconstrained build operations Thread 40" [_thread_blocked, id=11556, stack(0x00000076c9e00000,0x00000076c9f00000)]
  0x000001f4369fb410 JavaThread "Unconstrained build operations Thread 41" [_thread_blocked, id=14540, stack(0x00000076c9f00000,0x00000076ca000000)]
  0x000001f4369fb8e0 JavaThread "Unconstrained build operations Thread 42" [_thread_blocked, id=13792, stack(0x00000076ca000000,0x00000076ca100000)]
  0x000001f4369ff770 JavaThread "Unconstrained build operations Thread 43" [_thread_blocked, id=15008, stack(0x00000076ca100000,0x00000076ca200000)]
  0x000001f4369fd5c0 JavaThread "Unconstrained build operations Thread 44" [_thread_blocked, id=3296, stack(0x00000076ca200000,0x00000076ca300000)]
  0x000001f4369fc280 JavaThread "Unconstrained build operations Thread 45" [_thread_blocked, id=8016, stack(0x00000076ca300000,0x00000076ca400000)]
  0x000001f4369fdf60 JavaThread "Unconstrained build operations Thread 46" [_thread_blocked, id=16252, stack(0x00000076ca400000,0x00000076ca500000)]
  0x000001f4369fe430 JavaThread "Unconstrained build operations Thread 47" [_thread_blocked, id=8172, stack(0x00000076ca500000,0x00000076ca600000)]
  0x000001f4369fc750 JavaThread "Unconstrained build operations Thread 48" [_thread_blocked, id=16372, stack(0x00000076ca600000,0x00000076ca700000)]
  0x000001f436a00f80 JavaThread "Unconstrained build operations Thread 49" [_thread_blocked, id=10424, stack(0x00000076ca700000,0x00000076ca800000)]
  0x000001f4369fedd0 JavaThread "Unconstrained build operations Thread 50" [_thread_blocked, id=9460, stack(0x00000076ca800000,0x00000076ca900000)]
  0x000001f4369ff2a0 JavaThread "Unconstrained build operations Thread 51" [_thread_blocked, id=9668, stack(0x00000076ca900000,0x00000076caa00000)]
  0x000001f436a01450 JavaThread "Unconstrained build operations Thread 52" [_thread_blocked, id=14772, stack(0x00000076caa00000,0x00000076cab00000)]
  0x000001f436a005e0 JavaThread "Unconstrained build operations Thread 53" [_thread_blocked, id=8332, stack(0x00000076cab00000,0x00000076cac00000)]
  0x000001f436a01df0 JavaThread "Unconstrained build operations Thread 54" [_thread_blocked, id=11848, stack(0x00000076cac00000,0x00000076cad00000)]
  0x000001f4369fcc20 JavaThread "Unconstrained build operations Thread 55" [_thread_blocked, id=1388, stack(0x00000076cad00000,0x00000076cae00000)]
  0x000001f432c9a020 JavaThread "Unconstrained build operations Thread 56" [_thread_blocked, id=10704, stack(0x00000076cae00000,0x00000076caf00000)]
  0x000001f432c9c6a0 JavaThread "Unconstrained build operations Thread 57" [_thread_blocked, id=8616, stack(0x00000076caf00000,0x00000076cb000000)]
  0x000001f432c99680 JavaThread "Unconstrained build operations Thread 58" [_thread_blocked, id=13696, stack(0x00000076cb000000,0x00000076cb100000)]
  0x000001f432c9ae90 JavaThread "Unconstrained build operations Thread 59" [_thread_blocked, id=14444, stack(0x00000076cb100000,0x00000076cb200000)]
  0x000001f432c979a0 JavaThread "Unconstrained build operations Thread 60" [_thread_blocked, id=9156, stack(0x00000076cb200000,0x00000076cb300000)]
  0x000001f432c97e70 JavaThread "Unconstrained build operations Thread 61" [_thread_blocked, id=10464, stack(0x00000076cb300000,0x00000076cb400000)]
  0x000001f432c9b360 JavaThread "Unconstrained build operations Thread 62" [_thread_blocked, id=1344, stack(0x00000076cb400000,0x00000076cb500000)]
  0x000001f432c9a9c0 JavaThread "Unconstrained build operations Thread 63" [_thread_blocked, id=15144, stack(0x00000076cb500000,0x00000076cb600000)]
  0x000001f432c9b830 JavaThread "Unconstrained build operations Thread 64" [_thread_blocked, id=14628, stack(0x00000076cb600000,0x00000076cb700000)]
  0x000001f432c974d0 JavaThread "Unconstrained build operations Thread 65" [_thread_blocked, id=16192, stack(0x00000076cb700000,0x00000076cb800000)]
  0x000001f432c98340 JavaThread "Unconstrained build operations Thread 66" [_thread_blocked, id=9976, stack(0x00000076cb800000,0x00000076cb900000)]
  0x000001f432c98810 JavaThread "Unconstrained build operations Thread 67" [_thread_blocked, id=5872, stack(0x00000076cb900000,0x00000076cba00000)]
  0x000001f432c96190 JavaThread "Unconstrained build operations Thread 68" [_thread_blocked, id=2240, stack(0x00000076cba00000,0x00000076cbb00000)]
  0x000001f432c957f0 JavaThread "Unconstrained build operations Thread 69" [_thread_blocked, id=14096, stack(0x00000076cbb00000,0x00000076cbc00000)]
  0x000001f432c98ce0 JavaThread "Unconstrained build operations Thread 70" [_thread_blocked, id=8436, stack(0x00000076cbc00000,0x00000076cbd00000)]
  0x000001f432c95cc0 JavaThread "Unconstrained build operations Thread 71" [_thread_blocked, id=15196, stack(0x00000076cbd00000,0x00000076cbe00000)]
  0x000001f432c9bd00 JavaThread "Unconstrained build operations Thread 72" [_thread_blocked, id=14828, stack(0x00000076cbe00000,0x00000076cbf00000)]
  0x000001f432c95320 JavaThread "Unconstrained build operations Thread 73" [_thread_blocked, id=6048, stack(0x00000076cbf00000,0x00000076cc000000)]
  0x000001f432c97000 JavaThread "Unconstrained build operations Thread 74" [_thread_blocked, id=2784, stack(0x00000076cc000000,0x00000076cc100000)]
  0x000001f432c96b30 JavaThread "Unconstrained build operations Thread 75" [_thread_blocked, id=10172, stack(0x00000076cc100000,0x00000076cc200000)]
  0x000001f432c96660 JavaThread "Unconstrained build operations Thread 76" [_thread_blocked, id=1900, stack(0x00000076cc200000,0x00000076cc300000)]
  0x000001f432c991b0 JavaThread "Unconstrained build operations Thread 77" [_thread_blocked, id=9772, stack(0x00000076cc300000,0x00000076cc400000)]
  0x000001f432c9c1d0 JavaThread "Unconstrained build operations Thread 78" [_thread_blocked, id=5528, stack(0x00000076cc400000,0x00000076cc500000)]
  0x000001f432c9a4f0 JavaThread "Unconstrained build operations Thread 79" [_thread_blocked, id=1624, stack(0x00000076cc500000,0x00000076cc600000)]
  0x000001f432c9cb70 JavaThread "Unconstrained build operations Thread 80" [_thread_blocked, id=15596, stack(0x00000076cc600000,0x00000076cc700000)]
  0x000001f43170e450 JavaThread "build event listener" [_thread_blocked, id=1604, stack(0x00000076cc800000,0x00000076cc900000)]
  0x000001f431713150 JavaThread "pool-6-thread-1" [_thread_blocked, id=14380, stack(0x00000076ccf00000,0x00000076cd000000)]
  0x000001f431713af0 JavaThread "build event listener" [_thread_blocked, id=2868, stack(0x00000076cd300000,0x00000076cd400000)]
  0x000001f431711940 JavaThread "Execution worker for ':'" [_thread_blocked, id=7200, stack(0x00000076cd400000,0x00000076cd500000)]
  0x000001f43170f790 JavaThread "Execution worker for ':' Thread 2" [_thread_blocked, id=8392, stack(0x00000076cd500000,0x00000076cd600000)]
  0x000001f43170df80 JavaThread "Execution worker for ':' Thread 3" [_thread_blocked, id=11088, stack(0x00000076cd600000,0x00000076cd700000)]
  0x000001f431713fc0 JavaThread "Execution worker for ':' Thread 4" [_thread_blocked, id=3708, stack(0x00000076cd700000,0x00000076cd800000)]
  0x000001f43170d110 JavaThread "Execution worker for ':' Thread 5" [_thread_blocked, id=4056, stack(0x00000076cd800000,0x00000076cd900000)]
  0x000001f431714490 JavaThread "Execution worker for ':' Thread 6" [_thread_blocked, id=5352, stack(0x00000076cd900000,0x00000076cda00000)]
  0x000001f431714960 JavaThread "Execution worker for ':' Thread 7" [_thread_blocked, id=15328, stack(0x00000076cda00000,0x00000076cdb00000)]
  0x000001f43170f2c0 JavaThread "Cache worker for execution history cache (D:\EmailLogin\.gradle\7.3.3\executionHistory)" [_thread_blocked, id=8108, stack(0x00000076cdb00000,0x00000076cdc00000)]
  0x000001f43170d5e0 JavaThread "WorkerExecutor Queue" [_thread_blocked, id=13988, stack(0x00000076cdc00000,0x00000076cdd00000)]
  0x000001f43170e920 JavaThread "WorkerExecutor Queue Thread 2" [_thread_blocked, id=9316, stack(0x00000076cdd00000,0x00000076cde00000)]
  0x000001f4317122e0 JavaThread "WorkerExecutor Queue Thread 3" [_thread_blocked, id=11424, stack(0x00000076cdf00000,0x00000076ce000000)]
  0x000001f4317127b0 JavaThread "WorkerExecutor Queue Thread 4" [_thread_blocked, id=13404, stack(0x00000076ce000000,0x00000076ce100000)]
  0x000001f431711470 JavaThread "WorkerExecutor Queue Thread 5" [_thread_blocked, id=15140, stack(0x00000076ce100000,0x00000076ce200000)]
  0x000001f431712c80 JavaThread "WorkerExecutor Queue Thread 6" [_thread_blocked, id=4180, stack(0x00000076ce200000,0x00000076ce300000)]
  0x000001f431713620 JavaThread "WorkerExecutor Queue Thread 7" [_thread_blocked, id=15812, stack(0x00000076ce300000,0x00000076ce400000)]
  0x000001f434f5ff70 JavaThread "WorkerExecutor Queue Thread 8" [_thread_blocked, id=16156, stack(0x00000076ce400000,0x00000076ce500000)]
  0x000001f433a8c580 JavaThread "C2 CompilerThread1" daemon [_thread_blocked, id=10136, stack(0x00000076c7100000,0x00000076c7200000)]
  0x000001f4337aca30 JavaThread "WorkerExecutor Queue Thread 9" [_thread_blocked, id=14956, stack(0x00000076cc700000,0x00000076cc800000)]

Other Threads:
=>0x000001f40e62b830 VMThread "VM Thread" [stack: 0x00000076c4800000,0x00000076c4900000] [id=5328]
  0x000001f430ca4430 WatcherThread "VM Periodic Task Thread" [stack: 0x00000076c5400000,0x00000076c5500000] [id=15040]
  0x000001f40e601400 WorkerThread "GC Thread#0" [stack: 0x00000076c4300000,0x00000076c4400000] [id=10868]
  0x000001f431913a20 WorkerThread "GC Thread#1" [stack: 0x00000076c5600000,0x00000076c5700000] [id=2124]
  0x000001f431912720 WorkerThread "GC Thread#2" [stack: 0x00000076c5700000,0x00000076c5800000] [id=13848]
  0x000001f43150b760 WorkerThread "GC Thread#3" [stack: 0x00000076c5800000,0x00000076c5900000] [id=16148]
  0x000001f430eea5d0 WorkerThread "GC Thread#4" [stack: 0x00000076c5900000,0x00000076c5a00000] [id=11788]
  0x000001f43246b820 WorkerThread "GC Thread#5" [stack: 0x00000076c5a00000,0x00000076c5b00000] [id=9348]
  0x000001f431ffa200 WorkerThread "GC Thread#6" [stack: 0x00000076c5b00000,0x00000076c5c00000] [id=32]
  0x000001f432e9bea0 WorkerThread "GC Thread#7" [stack: 0x00000076c6d00000,0x00000076c6e00000] [id=15440]
  0x000001f40e612240 ConcurrentGCThread "G1 Main Marker" [stack: 0x00000076c4400000,0x00000076c4500000] [id=14672]
  0x000001f40e612b40 WorkerThread "G1 Conc#0" [stack: 0x00000076c4500000,0x00000076c4600000] [id=1384]
  0x000001f4327cd1c0 WorkerThread "G1 Conc#1" [stack: 0x00000076c7000000,0x00000076c7100000] [id=15856]
  0x000001f40e6687d0 ConcurrentGCThread "G1 Refine#0" [stack: 0x00000076c4600000,0x00000076c4700000] [id=11640]
  0x000001f433017070 ConcurrentGCThread "G1 Refine#1" [stack: 0x00000076cd000000,0x00000076cd100000] [id=420]
  0x000001f4330178e0 ConcurrentGCThread "G1 Refine#2" [stack: 0x00000076cd100000,0x00000076cd200000] [id=4476]
  0x000001f4316c24c0 ConcurrentGCThread "G1 Refine#3" [stack: 0x00000076cde00000,0x00000076cdf00000] [id=9056]
  0x000001f40e668ff0 ConcurrentGCThread "G1 Service" [stack: 0x00000076c4700000,0x00000076c4800000] [id=7064]

Threads with active compile tasks:
C2 CompilerThread0   374426 15729       4       com.google.common.collect.ImmutableSortedMap$Builder::build (87 bytes)
C1 CompilerThread0   374426 15907       2       java.util.stream.AbstractPipeline::<init> (91 bytes)
C2 CompilerThread1   374426 15738       4       sun.nio.fs.WindowsPathParser::normalize (233 bytes)

VM state: at safepoint (normal execution)

VM Mutex/Monitor currently owned by a thread:  ([mutex/lock_event])
[0x000001f40e59d5a0] Threads_lock - owner thread: 0x000001f40e62b830
[0x000001f40e59ba10] Heap_lock - owner thread: 0x000001f4317127b0

Heap address: 0x0000000080000000, size: 2048 MB, Compressed Oops mode: 32-bit

CDS archive(s) mapped at: [0x0000000800000000-0x0000000800ba0000-0x0000000800ba0000), size 12189696, SharedBaseAddress: 0x0000000800000000, ArchiveRelocationMode: 0.
Compressed class space mapped at: 0x0000000800c00000-0x0000000840c00000, reserved size: 1073741824
Narrow klass base: 0x0000000800000000, Narrow klass shift: 0, Narrow klass range: 0x100000000

GC Precious Log:
 CardTable entry size: 512
 Card Set container configuration: InlinePtr #cards 5 size 8 Array Of Cards #cards 12 size 40 Howl #buckets 4 coarsen threshold 1843 Howl Bitmap #cards 512 size 80 coarsen threshold 460 Card regions per heap region 1 cards per card region 2048
 CPUs: 8 total, 8 available
 Memory: 7987M
 Large Page Support: Disabled
 NUMA Support: Disabled
 Compressed Oops: Enabled (32-bit)
 Heap Region Size: 1M
 Heap Min Capacity: 8M
 Heap Initial Capacity: 126M
 Heap Max Capacity: 2G
 Pre-touch: Disabled
 Parallel Workers: 8
 Concurrent Workers: 2
 Concurrent Refinement Workers: 8
 Periodic GC: Disabled

Heap:
 garbage-first heap   total 239616K, used 154217K [0x0000000080000000, 0x0000000100000000)
  region size 1024K, 6 young (6144K), 6 survivors (6144K)
 Metaspace       used 97086K, committed 99008K, reserved 1179648K
  class space    used 12526K, committed 13504K, reserved 1048576K

Heap Regions: E=young(eden), S=young(survivor), O=old, HS=humongous(starts), HC=humongous(continues), CS=collection set, F=free, OA=open archive, CA=closed archive, TAMS=top-at-mark-start (previous, next)
|   0|0x0000000080000000, 0x0000000080100000, 0x0000000080100000|100%| O|  |TAMS 0x0000000080100000, 0x0000000080000000| Untracked 
|   1|0x0000000080100000, 0x0000000080200000, 0x0000000080200000|100%| O|  |TAMS 0x0000000080200000, 0x0000000080100000| Untracked 
|   2|0x0000000080200000, 0x0000000080300000, 0x0000000080300000|100%| O|  |TAMS 0x0000000080300000, 0x0000000080200000| Untracked 
|   3|0x0000000080300000, 0x0000000080400000, 0x0000000080400000|100%|HS|  |TAMS 0x0000000080400000, 0x0000000080300000| Complete 
|   4|0x0000000080400000, 0x0000000080500000, 0x0000000080500000|100%|HC|  |TAMS 0x0000000080500000, 0x0000000080400000| Complete 
|   5|0x0000000080500000, 0x0000000080600000, 0x0000000080600000|100%|HC|  |TAMS 0x0000000080600000, 0x0000000080500000| Complete 
|   6|0x0000000080600000, 0x0000000080700000, 0x0000000080700000|100%| O|  |TAMS 0x0000000080700000, 0x0000000080600000| Untracked 
|   7|0x0000000080700000, 0x0000000080800000, 0x0000000080800000|100%| O|  |TAMS 0x0000000080800000, 0x0000000080700000| Untracked 
|   8|0x0000000080800000, 0x0000000080900000, 0x0000000080900000|100%| O|  |TAMS 0x0000000080900000, 0x0000000080800000| Untracked 
|   9|0x0000000080900000, 0x0000000080a00000, 0x0000000080a00000|100%| O|  |TAMS 0x0000000080a00000, 0x0000000080900000| Untracked 
|  10|0x0000000080a00000, 0x0000000080b00000, 0x0000000080b00000|100%| O|  |TAMS 0x0000000080b00000, 0x0000000080a00000| Untracked 
|  11|0x0000000080b00000, 0x0000000080c00000, 0x0000000080c00000|100%| O|  |TAMS 0x0000000080c00000, 0x0000000080b00000| Untracked 
|  12|0x0000000080c00000, 0x0000000080d00000, 0x0000000080d00000|100%| O|  |TAMS 0x0000000080d00000, 0x0000000080c00000| Untracked 
|  13|0x0000000080d00000, 0x0000000080e00000, 0x0000000080e00000|100%| O|  |TAMS 0x0000000080e00000, 0x0000000080d00000| Untracked 
|  14|0x0000000080e00000, 0x0000000080f00000, 0x0000000080f00000|100%|HS|  |TAMS 0x0000000080f00000, 0x0000000080e00000| Complete 
|  15|0x0000000080f00000, 0x0000000081000000, 0x0000000081000000|100%| O|  |TAMS 0x0000000081000000, 0x0000000080f00000| Untracked 
|  16|0x0000000081000000, 0x0000000081100000, 0x0000000081100000|100%| O|  |TAMS 0x0000000081100000, 0x0000000081000000| Untracked 
|  17|0x0000000081100000, 0x0000000081200000, 0x0000000081200000|100%| O|  |TAMS 0x0000000081200000, 0x0000000081100000| Untracked 
|  18|0x0000000081200000, 0x0000000081300000, 0x0000000081300000|100%| O|  |TAMS 0x0000000081300000, 0x0000000081200000| Untracked 
|  19|0x0000000081300000, 0x0000000081400000, 0x0000000081400000|100%| O|  |TAMS 0x0000000081400000, 0x0000000081300000| Untracked 
|  20|0x0000000081400000, 0x0000000081500000, 0x0000000081500000|100%| O|  |TAMS 0x0000000081500000, 0x0000000081400000| Untracked 
|  21|0x0000000081500000, 0x0000000081600000, 0x0000000081600000|100%| O|  |TAMS 0x0000000081600000, 0x0000000081500000| Untracked 
|  22|0x0000000081600000, 0x0000000081700000, 0x0000000081700000|100%| O|  |TAMS 0x0000000081700000, 0x0000000081600000| Untracked 
|  23|0x0000000081700000, 0x0000000081800000, 0x0000000081800000|100%| O|  |TAMS 0x0000000081800000, 0x0000000081700000| Untracked 
|  24|0x0000000081800000, 0x0000000081900000, 0x0000000081900000|100%| O|  |TAMS 0x0000000081900000, 0x0000000081800000| Untracked 
|  25|0x0000000081900000, 0x0000000081a00000, 0x0000000081a00000|100%| O|  |TAMS 0x0000000081a00000, 0x0000000081900000| Untracked 
|  26|0x0000000081a00000, 0x0000000081b00000, 0x0000000081b00000|100%| O|  |TAMS 0x0000000081b00000, 0x0000000081a00000| Untracked 
|  27|0x0000000081b00000, 0x0000000081c00000, 0x0000000081c00000|100%| O|  |TAMS 0x0000000081c00000, 0x0000000081b00000| Untracked 
|  28|0x0000000081c00000, 0x0000000081d00000, 0x0000000081d00000|100%| O|  |TAMS 0x0000000081d00000, 0x0000000081c00000| Untracked 
|  29|0x0000000081d00000, 0x0000000081e00000, 0x0000000081e00000|100%| O|  |TAMS 0x0000000081e00000, 0x0000000081d00000| Untracked 
|  30|0x0000000081e00000, 0x0000000081f00000, 0x0000000081f00000|100%| O|  |TAMS 0x0000000081f00000, 0x0000000081e00000| Untracked 
|  31|0x0000000081f00000, 0x0000000082000000, 0x0000000082000000|100%| O|  |TAMS 0x0000000082000000, 0x0000000081f00000| Untracked 
|  32|0x0000000082000000, 0x0000000082100000, 0x0000000082100000|100%| O|  |TAMS 0x0000000082100000, 0x0000000082000000| Untracked 
|  33|0x0000000082100000, 0x0000000082200000, 0x0000000082200000|100%|HS|  |TAMS 0x0000000082200000, 0x0000000082100000| Complete 
|  34|0x0000000082200000, 0x0000000082300000, 0x0000000082300000|100%|HS|  |TAMS 0x0000000082300000, 0x0000000082200000| Complete 
|  35|0x0000000082300000, 0x0000000082400000, 0x0000000082400000|100%|HC|  |TAMS 0x0000000082400000, 0x0000000082300000| Complete 
|  36|0x0000000082400000, 0x0000000082500000, 0x0000000082500000|100%| O|  |TAMS 0x0000000082500000, 0x0000000082400000| Untracked 
|  37|0x0000000082500000, 0x0000000082600000, 0x0000000082600000|100%| O|  |TAMS 0x0000000082600000, 0x0000000082500000| Untracked 
|  38|0x0000000082600000, 0x0000000082700000, 0x0000000082700000|100%| O|  |TAMS 0x0000000082700000, 0x0000000082600000| Untracked 
|  39|0x0000000082700000, 0x0000000082800000, 0x0000000082800000|100%| O|  |TAMS 0x0000000082800000, 0x0000000082700000| Untracked 
|  40|0x0000000082800000, 0x0000000082900000, 0x0000000082900000|100%| O|  |TAMS 0x0000000082900000, 0x0000000082800000| Untracked 
|  41|0x0000000082900000, 0x0000000082a00000, 0x0000000082a00000|100%| O|  |TAMS 0x0000000082a00000, 0x0000000082900000| Untracked 
|  42|0x0000000082a00000, 0x0000000082b00000, 0x0000000082b00000|100%| O|  |TAMS 0x0000000082b00000, 0x0000000082a00000| Untracked 
|  43|0x0000000082b00000, 0x0000000082c00000, 0x0000000082c00000|100%| O|  |TAMS 0x0000000082c00000, 0x0000000082b00000| Untracked 
|  44|0x0000000082c00000, 0x0000000082d00000, 0x0000000082d00000|100%| O|  |TAMS 0x0000000082d00000, 0x0000000082c00000| Untracked 
|  45|0x0000000082d00000, 0x0000000082e00000, 0x0000000082e00000|100%| O|  |TAMS 0x0000000082e00000, 0x0000000082d00000| Untracked 
|  46|0x0000000082e00000, 0x0000000082f00000, 0x0000000082f00000|100%| O|  |TAMS 0x0000000082f00000, 0x0000000082e00000| Untracked 
|  47|0x0000000082f00000, 0x0000000083000000, 0x0000000083000000|100%| O|  |TAMS 0x0000000083000000, 0x0000000082f00000| Untracked 
|  48|0x0000000083000000, 0x0000000083100000, 0x0000000083100000|100%| O|  |TAMS 0x0000000083100000, 0x0000000083000000| Untracked 
|  49|0x0000000083100000, 0x0000000083200000, 0x0000000083200000|100%| O|  |TAMS 0x0000000083200000, 0x0000000083100000| Untracked 
|  50|0x0000000083200000, 0x0000000083300000, 0x0000000083300000|100%| O|  |TAMS 0x0000000083300000, 0x0000000083200000| Untracked 
|  51|0x0000000083300000, 0x0000000083400000, 0x0000000083400000|100%| O|  |TAMS 0x0000000083400000, 0x0000000083300000| Untracked 
|  52|0x0000000083400000, 0x0000000083500000, 0x0000000083500000|100%| O|  |TAMS 0x0000000083400000, 0x0000000083400000| Untracked 
|  53|0x0000000083500000, 0x0000000083600000, 0x0000000083600000|100%| O|  |TAMS 0x0000000083600000, 0x0000000083500000| Untracked 
|  54|0x0000000083600000, 0x0000000083700000, 0x0000000083700000|100%| O|  |TAMS 0x0000000083600000, 0x0000000083600000| Untracked 
|  55|0x0000000083700000, 0x0000000083800000, 0x0000000083800000|100%| O|  |TAMS 0x0000000083800000, 0x0000000083700000| Untracked 
|  56|0x0000000083800000, 0x0000000083900000, 0x0000000083900000|100%| O|  |TAMS 0x0000000083900000, 0x0000000083800000| Untracked 
|  57|0x0000000083900000, 0x0000000083a00000, 0x0000000083a00000|100%| O|  |TAMS 0x0000000083a00000, 0x0000000083900000| Untracked 
|  58|0x0000000083a00000, 0x0000000083b00000, 0x0000000083b00000|100%| O|  |TAMS 0x0000000083b00000, 0x0000000083a00000| Untracked 
|  59|0x0000000083b00000, 0x0000000083c00000, 0x0000000083c00000|100%| O|  |TAMS 0x0000000083c00000, 0x0000000083b00000| Untracked 
|  60|0x0000000083c00000, 0x0000000083d00000, 0x0000000083d00000|100%| O|  |TAMS 0x0000000083d00000, 0x0000000083c00000| Untracked 
|  61|0x0000000083d00000, 0x0000000083e00000, 0x0000000083e00000|100%| O|  |TAMS 0x0000000083e00000, 0x0000000083d00000| Untracked 
|  62|0x0000000083e00000, 0x0000000083f00000, 0x0000000083f00000|100%| O|  |TAMS 0x0000000083f00000, 0x0000000083e00000| Untracked 
|  63|0x0000000083f00000, 0x0000000084000000, 0x0000000084000000|100%| O|  |TAMS 0x0000000084000000, 0x0000000083f00000| Untracked 
|  64|0x0000000084000000, 0x0000000084100000, 0x0000000084100000|100%| O|  |TAMS 0x0000000084100000, 0x0000000084000000| Untracked 
|  65|0x0000000084100000, 0x0000000084200000, 0x0000000084200000|100%| O|  |TAMS 0x0000000084200000, 0x0000000084100000| Untracked 
|  66|0x0000000084200000, 0x0000000084300000, 0x0000000084300000|100%| O|  |TAMS 0x0000000084300000, 0x0000000084200000| Untracked 
|  67|0x0000000084300000, 0x0000000084400000, 0x0000000084400000|100%| O|  |TAMS 0x0000000084400000, 0x0000000084300000| Untracked 
|  68|0x0000000084400000, 0x0000000084500000, 0x0000000084500000|100%| O|  |TAMS 0x0000000084500000, 0x0000000084400000| Untracked 
|  69|0x0000000084500000, 0x0000000084600000, 0x0000000084600000|100%| O|  |TAMS 0x0000000084600000, 0x0000000084500000| Untracked 
|  70|0x0000000084600000, 0x0000000084700000, 0x0000000084700000|100%| O|  |TAMS 0x0000000084700000, 0x0000000084600000| Untracked 
|  71|0x0000000084700000, 0x0000000084800000, 0x0000000084800000|100%| O|  |TAMS 0x0000000084800000, 0x0000000084700000| Untracked 
|  72|0x0000000084800000, 0x0000000084900000, 0x0000000084900000|100%| O|  |TAMS 0x0000000084900000, 0x0000000084800000| Untracked 
|  73|0x0000000084900000, 0x0000000084a00000, 0x0000000084a00000|100%| O|  |TAMS 0x0000000084a00000, 0x0000000084900000| Untracked 
|  74|0x0000000084a00000, 0x0000000084b00000, 0x0000000084b00000|100%| O|  |TAMS 0x0000000084b00000, 0x0000000084a00000| Untracked 
|  75|0x0000000084b00000, 0x0000000084c00000, 0x0000000084c00000|100%| O|  |TAMS 0x0000000084c00000, 0x0000000084b00000| Untracked 
|  76|0x0000000084c00000, 0x0000000084d00000, 0x0000000084d00000|100%| O|  |TAMS 0x0000000084d00000, 0x0000000084c00000| Untracked 
|  77|0x0000000084d00000, 0x0000000084e00000, 0x0000000084e00000|100%| O|  |TAMS 0x0000000084e00000, 0x0000000084d00000| Untracked 
|  78|0x0000000084e00000, 0x0000000084f00000, 0x0000000084f00000|100%| O|  |TAMS 0x0000000084f00000, 0x0000000084e00000| Untracked 
|  79|0x0000000084f00000, 0x0000000085000000, 0x0000000085000000|100%| O|  |TAMS 0x0000000085000000, 0x0000000084f00000| Untracked 
|  80|0x0000000085000000, 0x0000000085100000, 0x0000000085100000|100%| O|  |TAMS 0x0000000085100000, 0x0000000085000000| Untracked 
|  81|0x0000000085100000, 0x0000000085200000, 0x0000000085200000|100%| O|  |TAMS 0x0000000085200000, 0x0000000085100000| Untracked 
|  82|0x0000000085200000, 0x0000000085300000, 0x0000000085300000|100%| O|  |TAMS 0x0000000085300000, 0x0000000085200000| Untracked 
|  83|0x0000000085300000, 0x0000000085400000, 0x0000000085400000|100%| O|  |TAMS 0x0000000085400000, 0x0000000085300000| Untracked 
|  84|0x0000000085400000, 0x0000000085500000, 0x0000000085500000|100%| O|  |TAMS 0x0000000085500000, 0x0000000085400000| Untracked 
|  85|0x0000000085500000, 0x0000000085600000, 0x0000000085600000|100%| O|  |TAMS 0x0000000085600000, 0x0000000085500000| Untracked 
|  86|0x0000000085600000, 0x0000000085700000, 0x0000000085700000|100%| O|  |TAMS 0x0000000085600000, 0x0000000085600000| Untracked 
|  87|0x0000000085700000, 0x0000000085800000, 0x0000000085800000|100%| O|  |TAMS 0x0000000085800000, 0x0000000085700000| Untracked 
|  88|0x0000000085800000, 0x0000000085900000, 0x0000000085900000|100%| O|  |TAMS 0x0000000085900000, 0x0000000085800000| Untracked 
|  89|0x0000000085900000, 0x0000000085a00000, 0x0000000085a00000|100%| O|  |TAMS 0x0000000085a00000, 0x0000000085900000| Untracked 
|  90|0x0000000085a00000, 0x0000000085b00000, 0x0000000085b00000|100%|HS|  |TAMS 0x0000000085b00000, 0x0000000085a00000| Complete 
|  91|0x0000000085b00000, 0x0000000085c00000, 0x0000000085c00000|100%| O|  |TAMS 0x0000000085c00000, 0x0000000085b00000| Untracked 
|  92|0x0000000085c00000, 0x0000000085d00000, 0x0000000085d00000|100%| O|  |TAMS 0x0000000085d00000, 0x0000000085c00000| Untracked 
|  93|0x0000000085d00000, 0x0000000085e00000, 0x0000000085e00000|100%| O|  |TAMS 0x0000000085e00000, 0x0000000085d00000| Untracked 
|  94|0x0000000085e00000, 0x0000000085f00000, 0x0000000085f00000|100%| O|  |TAMS 0x0000000085f00000, 0x0000000085e00000| Untracked 
|  95|0x0000000085f00000, 0x0000000086000000, 0x0000000086000000|100%| O|  |TAMS 0x0000000086000000, 0x0000000085f00000| Untracked 
|  96|0x0000000086000000, 0x0000000086100000, 0x0000000086100000|100%| O|  |TAMS 0x000000008608aa00, 0x0000000086000000| Untracked 
|  97|0x0000000086100000, 0x0000000086200000, 0x0000000086200000|100%| O|  |TAMS 0x0000000086100000, 0x0000000086100000| Untracked 
|  98|0x0000000086200000, 0x0000000086300000, 0x0000000086300000|100%| O|  |TAMS 0x0000000086200000, 0x0000000086200000| Untracked 
|  99|0x0000000086300000, 0x0000000086400000, 0x0000000086400000|100%| O|  |TAMS 0x0000000086400000, 0x0000000086300000| Untracked 
| 100|0x0000000086400000, 0x0000000086500000, 0x0000000086500000|100%| O|  |TAMS 0x0000000086500000, 0x0000000086400000| Untracked 
| 101|0x0000000086500000, 0x0000000086600000, 0x0000000086600000|100%| O|  |TAMS 0x0000000086600000, 0x0000000086500000| Untracked 
| 102|0x0000000086600000, 0x0000000086700000, 0x0000000086700000|100%| O|  |TAMS 0x0000000086700000, 0x0000000086600000| Untracked 
| 103|0x0000000086700000, 0x0000000086800000, 0x0000000086800000|100%| O|  |TAMS 0x0000000086800000, 0x0000000086700000| Untracked 
| 104|0x0000000086800000, 0x0000000086900000, 0x0000000086900000|100%| O|  |TAMS 0x0000000086900000, 0x0000000086800000| Untracked 
| 105|0x0000000086900000, 0x0000000086a00000, 0x0000000086a00000|100%| O|  |TAMS 0x0000000086a00000, 0x0000000086900000| Untracked 
| 106|0x0000000086a00000, 0x0000000086b00000, 0x0000000086b00000|100%| O|  |TAMS 0x0000000086b00000, 0x0000000086a00000| Untracked 
| 107|0x0000000086b00000, 0x0000000086c00000, 0x0000000086c00000|100%| O|  |TAMS 0x0000000086c00000, 0x0000000086b00000| Untracked 
| 108|0x0000000086c00000, 0x0000000086d00000, 0x0000000086d00000|100%| O|  |TAMS 0x0000000086d00000, 0x0000000086c00000| Untracked 
| 109|0x0000000086d00000, 0x0000000086e00000, 0x0000000086e00000|100%| O|  |TAMS 0x0000000086e00000, 0x0000000086d00000| Untracked 
| 110|0x0000000086e00000, 0x0000000086f00000, 0x0000000086f00000|100%|HS|  |TAMS 0x0000000086e00000, 0x0000000086e00000| Complete 
| 111|0x0000000086f00000, 0x0000000087000000, 0x0000000087000000|100%| O|  |TAMS 0x0000000086f00000, 0x0000000086f00000| Untracked 
| 112|0x0000000087000000, 0x0000000087100000, 0x0000000087100000|100%| O|  |TAMS 0x0000000087000000, 0x0000000087000000| Untracked 
| 113|0x0000000087100000, 0x0000000087200000, 0x0000000087200000|100%|HS|  |TAMS 0x0000000087100000, 0x0000000087100000| Complete 
| 114|0x0000000087200000, 0x0000000087300000, 0x0000000087300000|100%|HC|  |TAMS 0x0000000087200000, 0x0000000087200000| Complete 
| 115|0x0000000087300000, 0x0000000087400000, 0x0000000087400000|100%| O|  |TAMS 0x0000000087300000, 0x0000000087300000| Untracked 
| 116|0x0000000087400000, 0x0000000087500000, 0x0000000087500000|100%| O|  |TAMS 0x0000000087400000, 0x0000000087400000| Untracked 
| 117|0x0000000087500000, 0x0000000087600000, 0x0000000087600000|100%| O|  |TAMS 0x0000000087500000, 0x0000000087500000| Untracked 
| 118|0x0000000087600000, 0x0000000087700000, 0x0000000087700000|100%|HS|  |TAMS 0x0000000087600000, 0x0000000087600000| Complete 
| 119|0x0000000087700000, 0x0000000087800000, 0x0000000087800000|100%|HS|  |TAMS 0x0000000087700000, 0x0000000087700000| Complete 
| 120|0x0000000087800000, 0x0000000087900000, 0x0000000087900000|100%|HS|  |TAMS 0x0000000087800000, 0x0000000087800000| Complete 
| 121|0x0000000087900000, 0x0000000087a00000, 0x0000000087a00000|100%| O|  |TAMS 0x0000000087900000, 0x0000000087900000| Untracked 
| 122|0x0000000087a00000, 0x0000000087b00000, 0x0000000087b00000|100%| O|  |TAMS 0x0000000087a00000, 0x0000000087a00000| Untracked 
| 123|0x0000000087b00000, 0x0000000087c00000, 0x0000000087c00000|100%| O|  |TAMS 0x0000000087b00000, 0x0000000087b00000| Untracked 
| 124|0x0000000087c00000, 0x0000000087d00000, 0x0000000087d00000|100%| O|  |TAMS 0x0000000087c00000, 0x0000000087c00000| Untracked 
| 125|0x0000000087d00000, 0x0000000087e00000, 0x0000000087e00000|100%| O|  |TAMS 0x0000000087d00000, 0x0000000087d00000| Untracked 
| 126|0x0000000087e00000, 0x0000000087f00000, 0x0000000087f00000|100%| O|  |TAMS 0x0000000087e00000, 0x0000000087e00000| Untracked 
| 127|0x0000000087f00000, 0x0000000088000000, 0x0000000088000000|100%| O|  |TAMS 0x0000000087f00000, 0x0000000087f00000| Untracked 
| 128|0x0000000088000000, 0x0000000088100000, 0x0000000088100000|100%| O|  |TAMS 0x0000000088000000, 0x0000000088000000| Untracked 
| 129|0x0000000088100000, 0x0000000088200000, 0x0000000088200000|100%| O|  |TAMS 0x0000000088100000, 0x0000000088100000| Untracked 
| 130|0x0000000088200000, 0x0000000088300000, 0x0000000088300000|100%| O|  |TAMS 0x0000000088200000, 0x0000000088200000| Untracked 
| 131|0x0000000088300000, 0x0000000088400000, 0x0000000088400000|100%| O|  |TAMS 0x0000000088300000, 0x0000000088300000| Untracked 
| 132|0x0000000088400000, 0x0000000088500000, 0x0000000088500000|100%| O|  |TAMS 0x0000000088400000, 0x0000000088400000| Untracked 
| 133|0x0000000088500000, 0x0000000088600000, 0x0000000088600000|100%| O|  |TAMS 0x0000000088500000, 0x0000000088500000| Untracked 
| 134|0x0000000088600000, 0x0000000088700000, 0x0000000088700000|100%| O|  |TAMS 0x0000000088600000, 0x0000000088600000| Untracked 
| 135|0x0000000088700000, 0x0000000088800000, 0x0000000088800000|100%| O|  |TAMS 0x0000000088700000, 0x0000000088700000| Untracked 
| 136|0x0000000088800000, 0x0000000088900000, 0x0000000088900000|100%| O|  |TAMS 0x0000000088800000, 0x0000000088800000| Untracked 
| 137|0x0000000088900000, 0x0000000088a00000, 0x0000000088a00000|100%| O|  |TAMS 0x0000000088900000, 0x0000000088900000| Untracked 
| 138|0x0000000088a00000, 0x0000000088b00000, 0x0000000088b00000|100%| O|  |TAMS 0x0000000088a00000, 0x0000000088a00000| Untracked 
| 139|0x0000000088b00000, 0x0000000088c00000, 0x0000000088c00000|100%| O|  |TAMS 0x0000000088b00000, 0x0000000088b00000| Untracked 
| 140|0x0000000088c00000, 0x0000000088d00000, 0x0000000088d00000|100%| O|  |TAMS 0x0000000088c00000, 0x0000000088c00000| Untracked 
| 141|0x0000000088d00000, 0x0000000088e00000, 0x0000000088e00000|100%| O|  |TAMS 0x0000000088d00000, 0x0000000088d00000| Untracked 
| 142|0x0000000088e00000, 0x0000000088f00000, 0x0000000088f00000|100%| O|  |TAMS 0x0000000088e00000, 0x0000000088e00000| Untracked 
| 143|0x0000000088f00000, 0x0000000089000000, 0x0000000089000000|100%| O|  |TAMS 0x0000000088f00000, 0x0000000088f00000| Untracked 
| 144|0x0000000089000000, 0x0000000089100000, 0x0000000089100000|100%| O|  |TAMS 0x0000000089000000, 0x0000000089000000| Untracked 
| 145|0x0000000089100000, 0x0000000089128a00, 0x0000000089200000| 15%| O|  |TAMS 0x0000000089100000, 0x0000000089100000| Untracked 
| 146|0x0000000089200000, 0x0000000089200000, 0x0000000089300000|  0%| F|  |TAMS 0x0000000089200000, 0x0000000089200000| Untracked 
| 147|0x0000000089300000, 0x0000000089300000, 0x0000000089400000|  0%| F|  |TAMS 0x0000000089300000, 0x0000000089300000| Untracked 
| 148|0x0000000089400000, 0x0000000089400000, 0x0000000089500000|  0%| F|  |TAMS 0x0000000089400000, 0x0000000089400000| Untracked 
| 149|0x0000000089500000, 0x0000000089500000, 0x0000000089600000|  0%| F|  |TAMS 0x0000000089500000, 0x0000000089500000| Untracked 
| 150|0x0000000089600000, 0x0000000089600000, 0x0000000089700000|  0%| F|  |TAMS 0x0000000089600000, 0x0000000089600000| Untracked 
| 151|0x0000000089700000, 0x0000000089700000, 0x0000000089800000|  0%| F|  |TAMS 0x0000000089700000, 0x0000000089700000| Untracked 
| 152|0x0000000089800000, 0x0000000089800000, 0x0000000089900000|  0%| F|  |TAMS 0x0000000089800000, 0x0000000089800000| Untracked 
| 153|0x0000000089900000, 0x0000000089900000, 0x0000000089a00000|  0%| F|  |TAMS 0x0000000089900000, 0x0000000089900000| Untracked 
| 154|0x0000000089a00000, 0x0000000089a00000, 0x0000000089b00000|  0%| F|  |TAMS 0x0000000089a00000, 0x0000000089a00000| Untracked 
| 155|0x0000000089b00000, 0x0000000089b00000, 0x0000000089c00000|  0%| F|  |TAMS 0x0000000089b00000, 0x0000000089b00000| Untracked 
| 156|0x0000000089c00000, 0x0000000089c00000, 0x0000000089d00000|  0%| F|  |TAMS 0x0000000089c00000, 0x0000000089c00000| Untracked 
| 157|0x0000000089d00000, 0x0000000089d00000, 0x0000000089e00000|  0%| F|  |TAMS 0x0000000089d00000, 0x0000000089d00000| Untracked 
| 158|0x0000000089e00000, 0x0000000089e00000, 0x0000000089f00000|  0%| F|  |TAMS 0x0000000089e00000, 0x0000000089e00000| Untracked 
| 159|0x0000000089f00000, 0x0000000089f00000, 0x000000008a000000|  0%| F|  |TAMS 0x0000000089f00000, 0x0000000089f00000| Untracked 
| 160|0x000000008a000000, 0x000000008a000000, 0x000000008a100000|  0%| F|  |TAMS 0x000000008a000000, 0x000000008a000000| Untracked 
| 161|0x000000008a100000, 0x000000008a100000, 0x000000008a200000|  0%| F|  |TAMS 0x000000008a100000, 0x000000008a100000| Untracked 
| 162|0x000000008a200000, 0x000000008a200000, 0x000000008a300000|  0%| F|  |TAMS 0x000000008a200000, 0x000000008a200000| Untracked 
| 163|0x000000008a300000, 0x000000008a300000, 0x000000008a400000|  0%| F|  |TAMS 0x000000008a300000, 0x000000008a300000| Untracked 
| 164|0x000000008a400000, 0x000000008a400000, 0x000000008a500000|  0%| F|  |TAMS 0x000000008a400000, 0x000000008a400000| Untracked 
| 165|0x000000008a500000, 0x000000008a500000, 0x000000008a600000|  0%| F|  |TAMS 0x000000008a500000, 0x000000008a500000| Untracked 
| 166|0x000000008a600000, 0x000000008a600000, 0x000000008a700000|  0%| F|  |TAMS 0x000000008a600000, 0x000000008a600000| Untracked 
| 167|0x000000008a700000, 0x000000008a700000, 0x000000008a800000|  0%| F|  |TAMS 0x000000008a700000, 0x000000008a700000| Untracked 
| 168|0x000000008a800000, 0x000000008a800000, 0x000000008a900000|  0%| F|  |TAMS 0x000000008a800000, 0x000000008a800000| Untracked 
| 169|0x000000008a900000, 0x000000008a900000, 0x000000008aa00000|  0%| F|  |TAMS 0x000000008a900000, 0x000000008a900000| Untracked 
| 170|0x000000008aa00000, 0x000000008aa00000, 0x000000008ab00000|  0%| F|  |TAMS 0x000000008aa00000, 0x000000008aa00000| Untracked 
| 171|0x000000008ab00000, 0x000000008ab00000, 0x000000008ac00000|  0%| F|  |TAMS 0x000000008ab00000, 0x000000008ab00000| Untracked 
| 172|0x000000008ac00000, 0x000000008ac00000, 0x000000008ad00000|  0%| F|  |TAMS 0x000000008ac00000, 0x000000008ac00000| Untracked 
| 173|0x000000008ad00000, 0x000000008ad00000, 0x000000008ae00000|  0%| F|  |TAMS 0x000000008ad00000, 0x000000008ad00000| Untracked 
| 174|0x000000008ae00000, 0x000000008ae00000, 0x000000008af00000|  0%| F|  |TAMS 0x000000008ae00000, 0x000000008ae00000| Untracked 
| 175|0x000000008af00000, 0x000000008af00000, 0x000000008b000000|  0%| F|  |TAMS 0x000000008af00000, 0x000000008af00000| Untracked 
| 176|0x000000008b000000, 0x000000008b000000, 0x000000008b100000|  0%| F|  |TAMS 0x000000008b000000, 0x000000008b000000| Untracked 
| 177|0x000000008b100000, 0x000000008b100000, 0x000000008b200000|  0%| F|  |TAMS 0x000000008b100000, 0x000000008b100000| Untracked 
| 178|0x000000008b200000, 0x000000008b200000, 0x000000008b300000|  0%| F|  |TAMS 0x000000008b200000, 0x000000008b200000| Untracked 
| 179|0x000000008b300000, 0x000000008b300000, 0x000000008b400000|  0%| F|  |TAMS 0x000000008b300000, 0x000000008b300000| Untracked 
| 180|0x000000008b400000, 0x000000008b400000, 0x000000008b500000|  0%| F|  |TAMS 0x000000008b400000, 0x000000008b400000| Untracked 
| 181|0x000000008b500000, 0x000000008b571c28, 0x000000008b600000| 44%| S|CS|TAMS 0x000000008b500000, 0x000000008b500000| Complete 
| 182|0x000000008b600000, 0x000000008b700000, 0x000000008b700000|100%| S|CS|TAMS 0x000000008b600000, 0x000000008b600000| Complete 
| 183|0x000000008b700000, 0x000000008b800000, 0x000000008b800000|100%| S|CS|TAMS 0x000000008b700000, 0x000000008b700000| Complete 
| 184|0x000000008b800000, 0x000000008b900000, 0x000000008b900000|100%| S|CS|TAMS 0x000000008b800000, 0x000000008b800000| Complete 
| 185|0x000000008b900000, 0x000000008ba00000, 0x000000008ba00000|100%| S|CS|TAMS 0x000000008b900000, 0x000000008b900000| Complete 
| 186|0x000000008ba00000, 0x000000008bb00000, 0x000000008bb00000|100%| S|CS|TAMS 0x000000008ba00000, 0x000000008ba00000| Complete 
| 187|0x000000008bb00000, 0x000000008bb00000, 0x000000008bc00000|  0%| F|  |TAMS 0x000000008bb00000, 0x000000008bb00000| Untracked 
| 188|0x000000008bc00000, 0x000000008bc00000, 0x000000008bd00000|  0%| F|  |TAMS 0x000000008bc00000, 0x000000008bc00000| Untracked 
| 189|0x000000008bd00000, 0x000000008bd00000, 0x000000008be00000|  0%| F|  |TAMS 0x000000008bd00000, 0x000000008bd00000| Untracked 
| 190|0x000000008be00000, 0x000000008be00000, 0x000000008bf00000|  0%| F|  |TAMS 0x000000008be00000, 0x000000008be00000| Untracked 
| 191|0x000000008bf00000, 0x000000008bf00000, 0x000000008c000000|  0%| F|  |TAMS 0x000000008bf00000, 0x000000008bf00000| Untracked 
| 192|0x000000008c000000, 0x000000008c000000, 0x000000008c100000|  0%| F|  |TAMS 0x000000008c000000, 0x000000008c000000| Untracked 
| 193|0x000000008c100000, 0x000000008c100000, 0x000000008c200000|  0%| F|  |TAMS 0x000000008c100000, 0x000000008c100000| Untracked 
| 194|0x000000008c200000, 0x000000008c200000, 0x000000008c300000|  0%| F|  |TAMS 0x000000008c200000, 0x000000008c200000| Untracked 
| 195|0x000000008c300000, 0x000000008c300000, 0x000000008c400000|  0%| F|  |TAMS 0x000000008c300000, 0x000000008c300000| Untracked 
| 196|0x000000008c400000, 0x000000008c400000, 0x000000008c500000|  0%| F|  |TAMS 0x000000008c400000, 0x000000008c400000| Untracked 
| 197|0x000000008c500000, 0x000000008c500000, 0x000000008c600000|  0%| F|  |TAMS 0x000000008c500000, 0x000000008c500000| Untracked 
| 198|0x000000008c600000, 0x000000008c600000, 0x000000008c700000|  0%| F|  |TAMS 0x000000008c600000, 0x000000008c600000| Untracked 
| 199|0x000000008c700000, 0x000000008c700000, 0x000000008c800000|  0%| F|  |TAMS 0x000000008c700000, 0x000000008c700000| Untracked 
| 200|0x000000008c800000, 0x000000008c800000, 0x000000008c900000|  0%| F|  |TAMS 0x000000008c800000, 0x000000008c800000| Untracked 
| 201|0x000000008c900000, 0x000000008c900000, 0x000000008ca00000|  0%| F|  |TAMS 0x000000008c900000, 0x000000008c900000| Untracked 
| 202|0x000000008ca00000, 0x000000008ca00000, 0x000000008cb00000|  0%| F|  |TAMS 0x000000008ca00000, 0x000000008ca00000| Untracked 
| 203|0x000000008cb00000, 0x000000008cb00000, 0x000000008cc00000|  0%| F|  |TAMS 0x000000008cb00000, 0x000000008cb00000| Untracked 
| 204|0x000000008cc00000, 0x000000008cc00000, 0x000000008cd00000|  0%| F|  |TAMS 0x000000008cc00000, 0x000000008cc00000| Untracked 
| 205|0x000000008cd00000, 0x000000008cd00000, 0x000000008ce00000|  0%| F|  |TAMS 0x000000008cd00000, 0x000000008cd00000| Untracked 
| 206|0x000000008ce00000, 0x000000008ce00000, 0x000000008cf00000|  0%| F|  |TAMS 0x000000008ce00000, 0x000000008ce00000| Untracked 
| 207|0x000000008cf00000, 0x000000008cf00000, 0x000000008d000000|  0%| F|  |TAMS 0x000000008cf00000, 0x000000008cf00000| Untracked 
| 208|0x000000008d000000, 0x000000008d000000, 0x000000008d100000|  0%| F|  |TAMS 0x000000008d000000, 0x000000008d000000| Untracked 
| 209|0x000000008d100000, 0x000000008d100000, 0x000000008d200000|  0%| F|  |TAMS 0x000000008d100000, 0x000000008d100000| Untracked 
| 210|0x000000008d200000, 0x000000008d200000, 0x000000008d300000|  0%| F|  |TAMS 0x000000008d200000, 0x000000008d200000| Untracked 
| 211|0x000000008d300000, 0x000000008d300000, 0x000000008d400000|  0%| F|  |TAMS 0x000000008d300000, 0x000000008d300000| Untracked 
| 212|0x000000008d400000, 0x000000008d400000, 0x000000008d500000|  0%| F|  |TAMS 0x000000008d400000, 0x000000008d400000| Untracked 
| 213|0x000000008d500000, 0x000000008d500000, 0x000000008d600000|  0%| F|  |TAMS 0x000000008d500000, 0x000000008d500000| Untracked 
| 214|0x000000008d600000, 0x000000008d600000, 0x000000008d700000|  0%| F|  |TAMS 0x000000008d600000, 0x000000008d600000| Untracked 
| 215|0x000000008d700000, 0x000000008d700000, 0x000000008d800000|  0%| F|  |TAMS 0x000000008d700000, 0x000000008d700000| Untracked 
| 216|0x000000008d800000, 0x000000008d800000, 0x000000008d900000|  0%| F|  |TAMS 0x000000008d800000, 0x000000008d800000| Untracked 
| 217|0x000000008d900000, 0x000000008d900000, 0x000000008da00000|  0%| F|  |TAMS 0x000000008d900000, 0x000000008d900000| Untracked 
| 218|0x000000008da00000, 0x000000008da00000, 0x000000008db00000|  0%| F|  |TAMS 0x000000008da00000, 0x000000008da00000| Untracked 
| 219|0x000000008db00000, 0x000000008db00000, 0x000000008dc00000|  0%| F|  |TAMS 0x000000008db00000, 0x000000008db00000| Untracked 
| 220|0x000000008dc00000, 0x000000008dc00000, 0x000000008dd00000|  0%| F|  |TAMS 0x000000008dc00000, 0x000000008dc00000| Untracked 
| 221|0x000000008dd00000, 0x000000008dd00000, 0x000000008de00000|  0%| F|  |TAMS 0x000000008dd00000, 0x000000008dd00000| Untracked 
| 222|0x000000008de00000, 0x000000008de00000, 0x000000008df00000|  0%| F|  |TAMS 0x000000008de00000, 0x000000008de00000| Untracked 
| 223|0x000000008df00000, 0x000000008df00000, 0x000000008e000000|  0%| F|  |TAMS 0x000000008df00000, 0x000000008df00000| Untracked 
| 224|0x000000008e000000, 0x000000008e000000, 0x000000008e100000|  0%| F|  |TAMS 0x000000008e000000, 0x000000008e000000| Untracked 
| 225|0x000000008e100000, 0x000000008e100000, 0x000000008e200000|  0%| F|  |TAMS 0x000000008e100000, 0x000000008e100000| Untracked 
| 226|0x000000008e200000, 0x000000008e200000, 0x000000008e300000|  0%| F|  |TAMS 0x000000008e200000, 0x000000008e200000| Untracked 
| 227|0x000000008e300000, 0x000000008e300000, 0x000000008e400000|  0%| F|  |TAMS 0x000000008e300000, 0x000000008e300000| Untracked 
| 228|0x000000008e400000, 0x000000008e400000, 0x000000008e500000|  0%| F|  |TAMS 0x000000008e400000, 0x000000008e400000| Untracked 
| 229|0x000000008e500000, 0x000000008e500000, 0x000000008e600000|  0%| F|  |TAMS 0x000000008e500000, 0x000000008e500000| Untracked 
| 230|0x000000008e600000, 0x000000008e600000, 0x000000008e700000|  0%| F|  |TAMS 0x000000008e600000, 0x000000008e600000| Untracked 
| 231|0x000000008e700000, 0x000000008e700000, 0x000000008e800000|  0%| F|  |TAMS 0x000000008e700000, 0x000000008e700000| Untracked 
| 232|0x000000008e800000, 0x000000008e800000, 0x000000008e900000|  0%| F|  |TAMS 0x000000008e800000, 0x000000008e800000| Untracked 
| 233|0x000000008e900000, 0x000000008e900000, 0x000000008ea00000|  0%| F|  |TAMS 0x000000008e900000, 0x000000008e900000| Untracked 

Card table byte_map: [0x000001f425610000,0x000001f425a10000] _byte_map_base: 0x000001f425210000

Marking Bits (Prev, Next): (CMBitMap*) 0x000001f40e601950, (CMBitMap*) 0x000001f40e601910
 Prev Bits: [0x000001f427e10000, 0x000001f429e10000)
 Next Bits: [0x000001f425e10000, 0x000001f427e10000)

Polling page: 0x000001f40dd70000

Metaspace:

Usage:
  Non-class:     82.58 MB used.
      Class:     12.23 MB used.
       Both:     94.81 MB used.

Virtual space:
  Non-class space:      128.00 MB reserved,      83.50 MB ( 65%) committed,  2 nodes.
      Class space:        1.00 GB reserved,      13.19 MB (  1%) committed,  1 nodes.
             Both:        1.12 GB reserved,      96.69 MB (  8%) committed. 

Chunk freelists:
   Non-Class:  240.00 KB
       Class:  2.83 MB
        Both:  3.06 MB

MaxMetaspaceSize: unlimited
CompressedClassSpaceSize: 1.00 GB
Initial GC threshold: 21.00 MB
Current GC threshold: 137.94 MB
CDS: on
MetaspaceReclaimPolicy: balanced
 - commit_granule_bytes: 65536.
 - commit_granule_words: 8192.
 - virtual_space_node_default_size: 8388608.
 - enlarge_chunks_in_place: 1.
 - new_chunks_are_fully_committed: 0.
 - uncommit_free_chunks: 1.
 - use_allocation_guard: 0.


Internal statistics:

num_allocs_failed_limit: 12.
num_arena_births: 3364.
num_arena_deaths: 14.
num_vsnodes_births: 3.
num_vsnodes_deaths: 0.
num_space_committed: 1546.
num_space_uncommitted: 0.
num_chunks_returned_to_freelist: 30.
num_chunks_taken_from_freelist: 7560.
num_chunk_merges: 20.
num_chunk_splits: 5061.
num_chunks_enlarged: 3326.
num_inconsistent_stats: 0.

CodeHeap 'non-profiled nmethods': size=120000Kb used=8153Kb max_used=8153Kb free=111846Kb
 bounds [0x000001f41d9b0000, 0x000001f41e1b0000, 0x000001f424ee0000]
CodeHeap 'profiled nmethods': size=120000Kb used=26789Kb max_used=26789Kb free=93211Kb
 bounds [0x000001f416480000, 0x000001f417eb0000, 0x000001f41d9b0000]
CodeHeap 'non-nmethods': size=5760Kb used=2439Kb max_used=2505Kb free=3320Kb
 bounds [0x000001f415ee0000, 0x000001f416160000, 0x000001f416480000]
 total_blobs=14373 nmethods=13430 adapters=854
 compilation: enabled
              stopped_count=0, restarted_count=0
 full_count=0

Compilation events (20 events):
Event: 374.380 Thread 0x000001f42c80b380 nmethod 15889 0x000001f41e1a5d90 code [0x000001f41e1a5f20, 0x000001f41e1a5ff8]
Event: 374.380 Thread 0x000001f42c80b380 15890       1       com.google.android.gms.dependencies.Dependency::getToArtifact (5 bytes)
Event: 374.381 Thread 0x000001f42c80b380 nmethod 15890 0x000001f41e1a6090 code [0x000001f41e1a6220, 0x000001f41e1a62f8]
Event: 374.381 Thread 0x000001f42c80b380 15891       2       org.gradle.internal.logging.slf4j.OutputEventListenerBackedLoggerContext::getLogger (69 bytes)
Event: 374.381 Thread 0x000001f42c80b380 nmethod 15891 0x000001f417ea3390 code [0x000001f417ea3580, 0x000001f417ea3a08]
Event: 374.381 Thread 0x000001f42c80b380 15892       2       com.google.android.gms.dependencies.Artifact::hashCode (37 bytes)
Event: 374.381 Thread 0x000001f42c80b380 nmethod 15892 0x000001f417ea3b90 code [0x000001f417ea3d40, 0x000001f417ea3ed8]
Event: 374.381 Thread 0x000001f42c80b380 15893       2       com.google.android.gms.dependencies.ArtifactVersion$Companion::fromGradleRef (106 bytes)
Event: 374.382 Thread 0x000001f42c80b380 nmethod 15893 0x000001f417ea4010 code [0x000001f417ea42a0, 0x000001f417ea4b58]
Event: 374.382 Thread 0x000001f42c80b380 15894       2       kotlin.text.StringsKt__StringsKt::split$default (26 bytes)
Event: 374.382 Thread 0x000001f42c80b380 nmethod 15894 0x000001f417ea5010 code [0x000001f417ea51a0, 0x000001f417ea52c8]
Event: 374.382 Thread 0x000001f42c80b380 15895       1       com.google.android.gms.dependencies.ArtifactVersion::getVersion (5 bytes)
Event: 374.382 Thread 0x000001f42c80b380 nmethod 15895 0x000001f41e1a6390 code [0x000001f41e1a6520, 0x000001f41e1a65f8]
Event: 374.383 Thread 0x000001f42c80b380 15896       2       kotlin.text.StringsKt__StringsKt::split (176 bytes)
Event: 374.384 Thread 0x000001f42c80b380 nmethod 15896 0x000001f417ea5390 code [0x000001f417ea5700, 0x000001f417ea6478]
Event: 374.384 Thread 0x000001f42c80b380 15897       2       java.lang.String::split (327 bytes)
Event: 374.386 Thread 0x000001f42c80b380 nmethod 15897 0x000001f417ea6e90 code [0x000001f417ea7180, 0x000001f417ea8388]
Event: 374.386 Thread 0x000001f42c80b380 15900       2       com.google.android.gms.dependencies.ArtifactVersion::hashCode (57 bytes)
Event: 374.387 Thread 0x000001f42c80b380 nmethod 15900 0x000001f417ea8f10 code [0x000001f417ea90c0, 0x000001f417ea92a8]
Event: 374.387 Thread 0x000001f42c80b380 15907       2       java.util.stream.AbstractPipeline::<init> (91 bytes)

GC Heap History (20 events):
Event: 370.228 GC heap after
{Heap after GC invocations=24 (full 0):
 garbage-first heap   total 179200K, used 109483K [0x0000000080000000, 0x0000000100000000)
  region size 1024K, 6 young (6144K), 6 survivors (6144K)
 Metaspace       used 82533K, committed 84352K, reserved 1179648K
  class space    used 10966K, committed 11904K, reserved 1048576K
}
Event: 370.261 GC heap before
{Heap before GC invocations=24 (full 0):
 garbage-first heap   total 179200K, used 111531K [0x0000000080000000, 0x0000000100000000)
  region size 1024K, 8 young (8192K), 6 survivors (6144K)
 Metaspace       used 82535K, committed 84352K, reserved 1179648K
  class space    used 10966K, committed 11904K, reserved 1048576K
}
Event: 370.266 GC heap after
{Heap after GC invocations=25 (full 0):
 garbage-first heap   total 179200K, used 110119K [0x0000000080000000, 0x0000000100000000)
  region size 1024K, 1 young (1024K), 1 survivors (1024K)
 Metaspace       used 82535K, committed 84352K, reserved 1179648K
  class space    used 10966K, committed 11904K, reserved 1048576K
}
Event: 370.644 GC heap before
{Heap before GC invocations=25 (full 0):
 garbage-first heap   total 179200K, used 146983K [0x0000000080000000, 0x0000000100000000)
  region size 1024K, 31 young (31744K), 1 survivors (1024K)
 Metaspace       used 82636K, committed 84480K, reserved 1179648K
  class space    used 10970K, committed 11904K, reserved 1048576K
}
Event: 370.651 GC heap after
{Heap after GC invocations=26 (full 0):
 garbage-first heap   total 179200K, used 121642K [0x0000000080000000, 0x0000000100000000)
  region size 1024K, 4 young (4096K), 4 survivors (4096K)
 Metaspace       used 82636K, committed 84480K, reserved 1179648K
  class space    used 10970K, committed 11904K, reserved 1048576K
}
Event: 370.822 GC heap before
{Heap before GC invocations=27 (full 0):
 garbage-first heap   total 239616K, used 153386K [0x0000000080000000, 0x0000000100000000)
  region size 1024K, 26 young (26624K), 4 survivors (4096K)
 Metaspace       used 83192K, committed 85120K, reserved 1179648K
  class space    used 11004K, committed 11968K, reserved 1048576K
}
Event: 370.828 GC heap after
{Heap after GC invocations=28 (full 0):
 garbage-first heap   total 239616K, used 121174K [0x0000000080000000, 0x0000000100000000)
  region size 1024K, 4 young (4096K), 4 survivors (4096K)
 Metaspace       used 83192K, committed 85120K, reserved 1179648K
  class space    used 11004K, committed 11968K, reserved 1048576K
}
Event: 370.847 GC heap before
{Heap before GC invocations=28 (full 0):
 garbage-first heap   total 239616K, used 128342K [0x0000000080000000, 0x0000000100000000)
  region size 1024K, 11 young (11264K), 4 survivors (4096K)
 Metaspace       used 83239K, committed 85120K, reserved 1179648K
  class space    used 11010K, committed 11968K, reserved 1048576K
}
Event: 370.850 GC heap after
{Heap after GC invocations=29 (full 0):
 garbage-first heap   total 239616K, used 121567K [0x0000000080000000, 0x0000000100000000)
  region size 1024K, 2 young (2048K), 2 survivors (2048K)
 Metaspace       used 83239K, committed 85120K, reserved 1179648K
  class space    used 11010K, committed 11968K, reserved 1048576K
}
Event: 371.220 GC heap before
{Heap before GC invocations=29 (full 0):
 garbage-first heap   total 239616K, used 178911K [0x0000000080000000, 0x0000000100000000)
  region size 1024K, 59 young (60416K), 2 survivors (2048K)
 Metaspace       used 86921K, committed 88832K, reserved 1179648K
  class space    used 11318K, committed 12288K, reserved 1048576K
}
Event: 371.225 GC heap after
{Heap after GC invocations=30 (full 0):
 garbage-first heap   total 239616K, used 126353K [0x0000000080000000, 0x0000000100000000)
  region size 1024K, 6 young (6144K), 6 survivors (6144K)
 Metaspace       used 86921K, committed 88832K, reserved 1179648K
  class space    used 11318K, committed 12288K, reserved 1048576K
}
Event: 371.580 GC heap before
{Heap before GC invocations=30 (full 0):
 garbage-first heap   total 239616K, used 194961K [0x0000000080000000, 0x0000000100000000)
  region size 1024K, 63 young (64512K), 6 survivors (6144K)
 Metaspace       used 87820K, committed 89664K, reserved 1179648K
  class space    used 11384K, committed 12352K, reserved 1048576K
}
Event: 371.584 GC heap after
{Heap after GC invocations=31 (full 0):
 garbage-first heap   total 239616K, used 126169K [0x0000000080000000, 0x0000000100000000)
  region size 1024K, 3 young (3072K), 3 survivors (3072K)
 Metaspace       used 87820K, committed 89664K, reserved 1179648K
  class space    used 11384K, committed 12352K, reserved 1048576K
}
Event: 372.827 GC heap before
{Heap before GC invocations=31 (full 0):
 garbage-first heap   total 239616K, used 187609K [0x0000000080000000, 0x0000000100000000)
  region size 1024K, 64 young (65536K), 3 survivors (3072K)
 Metaspace       used 92697K, committed 94656K, reserved 1179648K
  class space    used 11989K, committed 12992K, reserved 1048576K
}
Event: 372.830 GC heap after
{Heap after GC invocations=32 (full 0):
 garbage-first heap   total 239616K, used 127749K [0x0000000080000000, 0x0000000100000000)
  region size 1024K, 5 young (5120K), 5 survivors (5120K)
 Metaspace       used 92697K, committed 94656K, reserved 1179648K
  class space    used 11989K, committed 12992K, reserved 1048576K
}
Event: 373.889 GC heap before
{Heap before GC invocations=32 (full 0):
 garbage-first heap   total 239616K, used 191237K [0x0000000080000000, 0x0000000100000000)
  region size 1024K, 68 young (69632K), 5 survivors (5120K)
 Metaspace       used 94247K, committed 96192K, reserved 1179648K
  class space    used 12175K, committed 13184K, reserved 1048576K
}
Event: 373.897 GC heap after
{Heap after GC invocations=33 (full 0):
 garbage-first heap   total 239616K, used 133495K [0x0000000080000000, 0x0000000100000000)
  region size 1024K, 9 young (9216K), 9 survivors (9216K)
 Metaspace       used 94247K, committed 96192K, reserved 1179648K
  class space    used 12175K, committed 13184K, reserved 1048576K
}
Event: 374.180 GC heap before
{Heap before GC invocations=33 (full 0):
 garbage-first heap   total 239616K, used 200055K [0x0000000080000000, 0x0000000100000000)
  region size 1024K, 69 young (70656K), 9 survivors (9216K)
 Metaspace       used 94905K, committed 96832K, reserved 1179648K
  class space    used 12236K, committed 13248K, reserved 1048576K
}
Event: 374.189 GC heap after
{Heap after GC invocations=34 (full 0):
 garbage-first heap   total 239616K, used 148441K [0x0000000080000000, 0x0000000100000000)
  region size 1024K, 9 young (9216K), 9 survivors (9216K)
 Metaspace       used 94905K, committed 96832K, reserved 1179648K
  class space    used 12236K, committed 13248K, reserved 1048576K
}
Event: 374.387 GC heap before
{Heap before GC invocations=34 (full 0):
 garbage-first heap   total 239616K, used 195545K [0x0000000080000000, 0x0000000100000000)
  region size 1024K, 56 young (57344K), 9 survivors (9216K)
 Metaspace       used 97086K, committed 99008K, reserved 1179648K
  class space    used 12526K, committed 13504K, reserved 1048576K
}

Deoptimization events (20 events):
Event: 374.352 Thread 0x000001f43170df80 DEOPT PACKING pc=0x000001f41e0a644c sp=0x00000076cd6fb370
Event: 374.352 Thread 0x000001f43170df80 DEOPT UNPACKING pc=0x000001f415f35c23 sp=0x00000076cd6fb2b8 mode 2
Event: 374.355 Thread 0x000001f43170df80 Uncommon trap: trap_request=0xffffffc6 fr.pc=0x000001f41e0a644c relative=0x000000000000040c
Event: 374.355 Thread 0x000001f43170df80 Uncommon trap: reason=bimorphic_or_optimized_type_check action=maybe_recompile pc=0x000001f41e0a644c method=java.util.Collections.indexedBinarySearch(Ljava/util/List;Ljava/lang/Object;Ljava/util/Comparator;)I @ 3 c2
Event: 374.355 Thread 0x000001f43170df80 DEOPT PACKING pc=0x000001f41e0a644c sp=0x00000076cd6fb320
Event: 374.355 Thread 0x000001f43170df80 DEOPT UNPACKING pc=0x000001f415f35c23 sp=0x00000076cd6fb268 mode 2
Event: 374.356 Thread 0x000001f43170df80 Uncommon trap: trap_request=0xffffffc6 fr.pc=0x000001f41e0a644c relative=0x000000000000040c
Event: 374.356 Thread 0x000001f43170df80 Uncommon trap: reason=bimorphic_or_optimized_type_check action=maybe_recompile pc=0x000001f41e0a644c method=java.util.Collections.indexedBinarySearch(Ljava/util/List;Ljava/lang/Object;Ljava/util/Comparator;)I @ 3 c2
Event: 374.356 Thread 0x000001f43170df80 DEOPT PACKING pc=0x000001f41e0a644c sp=0x00000076cd6fb320
Event: 374.356 Thread 0x000001f43170df80 DEOPT UNPACKING pc=0x000001f415f35c23 sp=0x00000076cd6fb268 mode 2
Event: 374.356 Thread 0x000001f43170df80 Uncommon trap: trap_request=0xffffffc6 fr.pc=0x000001f41df2a7e8 relative=0x00000000000003a8
Event: 374.356 Thread 0x000001f43170df80 Uncommon trap: reason=bimorphic_or_optimized_type_check action=maybe_recompile pc=0x000001f41df2a7e8 method=java.util.Collections.indexedBinarySearch(Ljava/util/List;Ljava/lang/Object;Ljava/util/Comparator;)I @ 3 c2
Event: 374.356 Thread 0x000001f43170df80 DEOPT PACKING pc=0x000001f41df2a7e8 sp=0x00000076cd6fb2c0
Event: 374.356 Thread 0x000001f43170df80 DEOPT UNPACKING pc=0x000001f415f35c23 sp=0x00000076cd6fb268 mode 2
Event: 374.377 Thread 0x000001f43170df80 Uncommon trap: trap_request=0xffffffcc fr.pc=0x000001f41df0f670 relative=0x0000000000003df0
Event: 374.377 Thread 0x000001f43170df80 Uncommon trap: reason=intrinsic_or_type_checked_inlining action=make_not_entrant pc=0x000001f41df0f670 method=java.util.ArrayList$SubList.toArray([Ljava/lang/Object;)[Ljava/lang/Object; @ 58 c2
Event: 374.377 Thread 0x000001f43170df80 DEOPT PACKING pc=0x000001f41df0f670 sp=0x00000076cd6faab0
Event: 374.377 Thread 0x000001f43170df80 DEOPT UNPACKING pc=0x000001f415f35c23 sp=0x00000076cd6faa08 mode 2
Event: 374.385 Thread 0x000001f4317122e0 DEOPT PACKING pc=0x000001f417d3ee06 sp=0x00000076cdffd560
Event: 374.385 Thread 0x000001f4317122e0 DEOPT UNPACKING pc=0x000001f415f36763 sp=0x00000076cdffcac0 mode 0

Classes loaded (20 events):
Event: 373.795 Loading class sun/nio/fs/Globs
Event: 373.795 Loading class sun/nio/fs/Globs done
Event: 373.795 Loading class java/util/regex/Pattern$SliceU
Event: 373.795 Loading class java/util/regex/Pattern$SliceU done
Event: 373.795 Loading class sun/nio/fs/WindowsFileSystem$2
Event: 373.795 Loading class sun/nio/fs/WindowsFileSystem$2 done
Event: 373.826 Loading class java/nio/file/TempFileHelper
Event: 373.826 Loading class java/nio/file/TempFileHelper done
Event: 373.851 Loading class sun/nio/cs/US_ASCII$Decoder
Event: 373.851 Loading class sun/nio/cs/US_ASCII$Decoder done
Event: 373.858 Loading class java/io/SequenceInputStream
Event: 373.858 Loading class java/io/SequenceInputStream done
Event: 374.082 Loading class java/nio/file/FileTreeIterator
Event: 374.082 Loading class java/nio/file/FileTreeIterator done
Event: 374.125 Loading class java/io/CharArrayWriter
Event: 374.125 Loading class java/io/CharArrayWriter done
Event: 374.288 Loading class java/io/UTFDataFormatException
Event: 374.288 Loading class java/io/UTFDataFormatException done
Event: 374.343 Loading class java/util/Vector$1
Event: 374.344 Loading class java/util/Vector$1 done

Classes unloaded (7 events):
Event: 369.741 Thread 0x000001f40e62b830 Unloading class 0x000000080176dc00 'java/lang/invoke/LambdaForm$DMH+0x000000080176dc00'
Event: 369.741 Thread 0x000001f40e62b830 Unloading class 0x000000080176d800 'java/lang/invoke/LambdaForm$DMH+0x000000080176d800'
Event: 369.741 Thread 0x000001f40e62b830 Unloading class 0x000000080176d400 'java/lang/invoke/LambdaForm$DMH+0x000000080176d400'
Event: 369.741 Thread 0x000001f40e62b830 Unloading class 0x000000080176d000 'java/lang/invoke/LambdaForm$DMH+0x000000080176d000'
Event: 369.741 Thread 0x000001f40e62b830 Unloading class 0x000000080176cc00 'java/lang/invoke/LambdaForm$DMH+0x000000080176cc00'
Event: 369.741 Thread 0x000001f40e62b830 Unloading class 0x000000080176c800 'java/lang/invoke/LambdaForm$DMH+0x000000080176c800'
Event: 369.741 Thread 0x000001f40e62b830 Unloading class 0x000000080176c400 'java/lang/invoke/LambdaForm$DMH+0x000000080176c400'

Classes redefined (0 events):
No events

Internal exceptions (20 events):
Event: 372.511 Thread 0x000001f43170df80 Implicit null exception at 0x000001f41dfecbde to 0x000001f41dfed408
Event: 373.664 Thread 0x000001f43170f790 Exception <a 'sun/nio/fs/WindowsException'{0x000000008cf203d0}> (0x000000008cf203d0) 
thrown [s\open\src\hotspot\share\prims\jni.cpp, line 516]
Event: 373.664 Thread 0x000001f43170f790 Exception <a 'sun/nio/fs/WindowsException'{0x000000008cf21220}> (0x000000008cf21220) 
thrown [s\open\src\hotspot\share\prims\jni.cpp, line 516]
Event: 373.741 Thread 0x000001f43170f790 Exception <a 'java/lang/NoSuchMethodError'{0x000000008c359510}: 'int java.lang.invoke.DirectMethodHandle$Holder.invokeSpecial(java.lang.Object, java.lang.Object, java.lang.Object, java.lang.Object, java.lang.Object)'> (0x000000008c359510) 
thrown [s\open\src\hotspot\share\interpreter\linkResolver.cpp, line 766]
Event: 373.751 Thread 0x000001f43170f790 Exception <a 'sun/nio/fs/WindowsException'{0x000000008c3c03f8}> (0x000000008c3c03f8) 
thrown [s\open\src\hotspot\share\prims\jni.cpp, line 516]
Event: 373.751 Thread 0x000001f43170f790 Exception <a 'sun/nio/fs/WindowsException'{0x000000008c3c1238}> (0x000000008c3c1238) 
thrown [s\open\src\hotspot\share\prims\jni.cpp, line 516]
Event: 373.760 Thread 0x000001f4317122e0 Exception <a 'sun/nio/fs/WindowsException'{0x000000008c2bf060}> (0x000000008c2bf060) 
thrown [s\open\src\hotspot\share\prims\jni.cpp, line 516]
Event: 373.760 Thread 0x000001f4317122e0 Exception <a 'sun/nio/fs/WindowsException'{0x000000008c2bf2b0}> (0x000000008c2bf2b0) 
thrown [s\open\src\hotspot\share\prims\jni.cpp, line 516]
Event: 374.088 Thread 0x000001f431711940 Exception <a 'sun/nio/fs/WindowsException'{0x000000008bdb41a0}> (0x000000008bdb41a0) 
thrown [s\open\src\hotspot\share\prims\jni.cpp, line 516]
Event: 374.088 Thread 0x000001f431711940 Exception <a 'sun/nio/fs/WindowsException'{0x000000008bdc7270}> (0x000000008bdc7270) 
thrown [s\open\src\hotspot\share\prims\jni.cpp, line 516]
Event: 374.088 Thread 0x000001f431711940 Exception <a 'sun/nio/fs/WindowsException'{0x000000008bdc74d0}> (0x000000008bdc74d0) 
thrown [s\open\src\hotspot\share\prims\jni.cpp, line 516]
Event: 374.108 Thread 0x000001f431711940 Exception <a 'sun/nio/fs/WindowsException'{0x000000008bbf8e88}> (0x000000008bbf8e88) 
thrown [s\open\src\hotspot\share\prims\jni.cpp, line 516]
Event: 374.108 Thread 0x000001f431711940 Exception <a 'sun/nio/fs/WindowsException'{0x000000008bbf9d00}> (0x000000008bbf9d00) 
thrown [s\open\src\hotspot\share\prims\jni.cpp, line 516]
Event: 374.155 Thread 0x000001f43170df80 Exception <a 'java/lang/NoSuchMethodError'{0x000000008b268220}: static Lcom/android/build/gradle/internal/scope/InternalArtifactType;.<clinit>()V> (0x000000008b268220) 
thrown [s\open\src\hotspot\share\prims\jni.cpp, line 1104]
Event: 374.155 Thread 0x000001f43170df80 Exception <a 'java/lang/NoSuchMethodError'{0x000000008b2697c8}: static Lcom/android/build/gradle/internal/scope/InternalArtifactType;.<clinit>()V> (0x000000008b2697c8) 
thrown [s\open\src\hotspot\share\prims\jni.cpp, line 1104]
Event: 374.156 Thread 0x000001f43170df80 Exception <a 'java/lang/NoSuchMethodError'{0x000000008b26c340}: static Lcom/android/build/api/artifact/Artifact$Single;.<clinit>()V> (0x000000008b26c340) 
thrown [s\open\src\hotspot\share\prims\jni.cpp, line 1104]
Event: 374.156 Thread 0x000001f43170df80 Exception <a 'java/lang/NoSuchMethodError'{0x000000008b26e898}: static Ljava/lang/Object;.<clinit>()V> (0x000000008b26e898) 
thrown [s\open\src\hotspot\share\prims\jni.cpp, line 1104]
Event: 374.157 Thread 0x000001f43170df80 Exception <a 'java/lang/NoSuchMethodError'{0x000000008b2831b8}: static Lcom/android/build/api/artifact/ArtifactKind;.<clinit>()V> (0x000000008b2831b8) 
thrown [s\open\src\hotspot\share\prims\jni.cpp, line 1104]
Event: 374.157 Thread 0x000001f43170df80 Exception <a 'java/lang/NoSuchMethodError'{0x000000008b284378}: static Lcom/android/build/api/artifact/ArtifactKind;.<clinit>()V> (0x000000008b284378) 
thrown [s\open\src\hotspot\share\prims\jni.cpp, line 1104]
Event: 374.257 Thread 0x000001f4317127b0 Exception <a 'sun/nio/fs/WindowsException'{0x000000008d648528}> (0x000000008d648528) 
thrown [s\open\src\hotspot\share\prims\jni.cpp, line 516]

VM Operations (20 events):
Event: 372.966 Executing VM operation: HandshakeAllThreads done
Event: 373.389 Executing VM operation: ICBufferFull
Event: 373.390 Executing VM operation: ICBufferFull done
Event: 373.693 Executing VM operation: ICBufferFull
Event: 373.694 Executing VM operation: ICBufferFull done
Event: 373.739 Executing VM operation: HandshakeAllThreads
Event: 373.740 Executing VM operation: HandshakeAllThreads done
Event: 373.770 Executing VM operation: HandshakeAllThreads
Event: 373.771 Executing VM operation: HandshakeAllThreads done
Event: 373.798 Executing VM operation: ICBufferFull
Event: 373.798 Executing VM operation: ICBufferFull done
Event: 373.889 Executing VM operation: G1CollectForAllocation
Event: 373.897 Executing VM operation: G1CollectForAllocation done
Event: 374.054 Executing VM operation: ICBufferFull
Event: 374.054 Executing VM operation: ICBufferFull done
Event: 374.169 Executing VM operation: HandshakeAllThreads
Event: 374.170 Executing VM operation: HandshakeAllThreads done
Event: 374.180 Executing VM operation: G1CollectForAllocation
Event: 374.189 Executing VM operation: G1CollectForAllocation done
Event: 374.387 Executing VM operation: G1CollectForAllocation

Events (20 events):
Event: 371.439 Thread 0x000001f42c80dc80 flushing nmethod 0x000001f417aa4710
Event: 371.439 Thread 0x000001f42c80dc80 flushing nmethod 0x000001f417aa7a90
Event: 371.439 Thread 0x000001f42c80dc80 flushing nmethod 0x000001f417abfe10
Event: 371.439 Thread 0x000001f42c80dc80 flushing nmethod 0x000001f417ac3290
Event: 371.439 Thread 0x000001f42c80dc80 flushing nmethod 0x000001f417b16d90
Event: 371.439 Thread 0x000001f42c80dc80 flushing nmethod 0x000001f417b18a90
Event: 371.439 Thread 0x000001f42c80dc80 flushing nmethod 0x000001f417b20b10
Event: 371.439 Thread 0x000001f42c80dc80 flushing nmethod 0x000001f417b21a90
Event: 371.439 Thread 0x000001f42c80dc80 flushing nmethod 0x000001f417b23810
Event: 371.439 Thread 0x000001f42c80dc80 flushing nmethod 0x000001f417b25810
Event: 371.439 Thread 0x000001f42c80dc80 flushing nmethod 0x000001f417b30e90
Event: 371.439 Thread 0x000001f42c80dc80 flushing nmethod 0x000001f417b69490
Event: 371.439 Thread 0x000001f42c80dc80 flushing nmethod 0x000001f417b6d290
Event: 371.925 Thread 0x000001f433110900 Thread exited: 0x000001f433110900
Event: 373.370 Thread 0x000001f43310f4c0 Thread exited: 0x000001f43310f4c0
Event: 373.646 Thread 0x000001f433a8c580 Thread added: 0x000001f433a8c580
Event: 373.800 Thread 0x000001f42c80dc80 flushing nmethod 0x000001f417a79490
Event: 373.800 Thread 0x000001f42c80dc80 flushing nmethod 0x000001f417a97f10
Event: 373.801 Thread 0x000001f42c80dc80 flushing nmethod 0x000001f417b15e90
Event: 374.116 Thread 0x000001f4337aca30 Thread added: 0x000001f4337aca30


Dynamic libraries:
0x00007ff698540000 - 0x00007ff698550000 	C:\Program Files\Java\jdk-18.0.1.1\bin\java.exe
0x00007ffb4f070000 - 0x00007ffb4f267000 	C:\Windows\SYSTEM32\ntdll.dll
0x00007ffb4d2b0000 - 0x00007ffb4d36d000 	C:\Windows\System32\KERNEL32.DLL
0x00007ffb4c9e0000 - 0x00007ffb4ccad000 	C:\Windows\System32\KERNELBASE.dll
0x00007ffb4cd50000 - 0x00007ffb4ce50000 	C:\Windows\System32\ucrtbase.dll
0x00007ffb34560000 - 0x00007ffb34578000 	C:\Program Files\Java\jdk-18.0.1.1\bin\jli.dll
0x00007ffb34cb0000 - 0x00007ffb34cca000 	C:\Program Files\Java\jdk-18.0.1.1\bin\VCRUNTIME140.dll
0x00007ffb4eeb0000 - 0x00007ffb4ef5e000 	C:\Windows\System32\ADVAPI32.dll
0x00007ffb4d9f0000 - 0x00007ffb4da8e000 	C:\Windows\System32\msvcrt.dll
0x00007ffb4e2a0000 - 0x00007ffb4e33c000 	C:\Windows\System32\sechost.dll
0x00007ffb4d860000 - 0x00007ffb4d985000 	C:\Windows\System32\RPCRT4.dll
0x00007ffb4e560000 - 0x00007ffb4e700000 	C:\Windows\System32\USER32.dll
0x00007ffb4c800000 - 0x00007ffb4c822000 	C:\Windows\System32\win32u.dll
0x00007ffb374c0000 - 0x00007ffb3775a000 	C:\Windows\WinSxS\amd64_microsoft.windows.common-controls_6595b64144ccf1df_6.0.19041.1110_none_60b5254171f9507e\COMCTL32.dll
0x00007ffb4e250000 - 0x00007ffb4e27a000 	C:\Windows\System32\GDI32.dll
0x00007ffb4cfc0000 - 0x00007ffb4d0cb000 	C:\Windows\System32\gdi32full.dll
0x00007ffb4ccb0000 - 0x00007ffb4cd4d000 	C:\Windows\System32\msvcp_win.dll
0x00007ffb40be0000 - 0x00007ffb40bea000 	C:\Windows\SYSTEM32\VERSION.dll
0x00007ffb4e220000 - 0x00007ffb4e250000 	C:\Windows\System32\IMM32.DLL
0x00007ffb433b0000 - 0x00007ffb433bc000 	C:\Program Files\Java\jdk-18.0.1.1\bin\vcruntime140_1.dll
0x00007ffb0bfc0000 - 0x00007ffb0c04d000 	C:\Program Files\Java\jdk-18.0.1.1\bin\msvcp140.dll
0x00007ffaecbd0000 - 0x00007ffaed7e0000 	C:\Program Files\Java\jdk-18.0.1.1\bin\server\jvm.dll
0x00007ffb4dd30000 - 0x00007ffb4dd38000 	C:\Windows\System32\PSAPI.DLL
0x00007ffb2bdb0000 - 0x00007ffb2bdb9000 	C:\Windows\SYSTEM32\WSOCK32.dll
0x00007ffb35690000 - 0x00007ffb356b7000 	C:\Windows\SYSTEM32\WINMM.dll
0x00007ffb4dd40000 - 0x00007ffb4ddab000 	C:\Windows\System32\WS2_32.dll
0x00007ffb4afe0000 - 0x00007ffb4aff2000 	C:\Windows\SYSTEM32\kernel.appcore.dll
0x00007ffb36ad0000 - 0x00007ffb36ada000 	C:\Program Files\Java\jdk-18.0.1.1\bin\jimage.dll
0x00007ffb4ab40000 - 0x00007ffb4ad24000 	C:\Windows\SYSTEM32\DBGHELP.DLL
0x00007ffb2f2a0000 - 0x00007ffb2f2cc000 	C:\Windows\SYSTEM32\dbgcore.DLL
0x00007ffb4cf30000 - 0x00007ffb4cfb2000 	C:\Windows\System32\bcryptPrimitives.dll
0x00007ffb13fb0000 - 0x00007ffb13fd5000 	C:\Program Files\Java\jdk-18.0.1.1\bin\java.dll
0x00007ffb0b3c0000 - 0x00007ffb0b496000 	C:\Program Files\Java\jdk-18.0.1.1\bin\jsvml.dll
0x00007ffb4e700000 - 0x00007ffb4ee44000 	C:\Windows\System32\SHELL32.dll
0x00007ffb4a1f0000 - 0x00007ffb4a984000 	C:\Windows\SYSTEM32\windows.storage.dll
0x00007ffb4d500000 - 0x00007ffb4d854000 	C:\Windows\System32\combase.dll
0x00007ffb4c1f0000 - 0x00007ffb4c21c000 	C:\Windows\SYSTEM32\Wldp.dll
0x00007ffb4d0d0000 - 0x00007ffb4d17d000 	C:\Windows\System32\SHCORE.dll
0x00007ffb4ee50000 - 0x00007ffb4eea5000 	C:\Windows\System32\shlwapi.dll
0x00007ffb4c6d0000 - 0x00007ffb4c6ef000 	C:\Windows\SYSTEM32\profapi.dll
0x00007ffb261c0000 - 0x00007ffb261d3000 	C:\Program Files\Java\jdk-18.0.1.1\bin\net.dll
0x00007ffb43b60000 - 0x00007ffb43c6a000 	C:\Windows\SYSTEM32\WINHTTP.dll
0x00007ffb4bf50000 - 0x00007ffb4bfba000 	C:\Windows\system32\mswsock.dll
0x00007ffb26050000 - 0x00007ffb26066000 	C:\Program Files\Java\jdk-18.0.1.1\bin\nio.dll
0x00007ffb25f60000 - 0x00007ffb25f78000 	C:\Program Files\Java\jdk-18.0.1.1\bin\zip.dll
0x00007ffb36960000 - 0x00007ffb36970000 	C:\Program Files\Java\jdk-18.0.1.1\bin\verify.dll
0x00007ffb34ab0000 - 0x00007ffb34ad7000 	C:\Program Files\Android\gradle-7.3.3\native\e1d6ef7f7dcc3fd88c89a11ec53ec762bb8ba0a96d01ffa2cd45eb1d1d8dd5c5\windows-amd64\native-platform.dll
0x00007ffaee780000 - 0x00007ffaee8c4000 	C:\Program Files\Android\gradle-7.3.3\native\5664cfc778a61ccfe75a443a1ab52a65af34e5dc3c78e0209fed803814484fcb\windows-amd64\native-platform-file-events.dll
0x00007ffb35b30000 - 0x00007ffb35b39000 	C:\Program Files\Java\jdk-18.0.1.1\bin\management.dll
0x00007ffb355d0000 - 0x00007ffb355db000 	C:\Program Files\Java\jdk-18.0.1.1\bin\management_ext.dll
0x00007ffb4c140000 - 0x00007ffb4c158000 	C:\Windows\SYSTEM32\CRYPTSP.dll
0x00007ffb4b830000 - 0x00007ffb4b864000 	C:\Windows\system32\rsaenh.dll
0x00007ffb4cf00000 - 0x00007ffb4cf27000 	C:\Windows\System32\bcrypt.dll
0x00007ffb4c650000 - 0x00007ffb4c67e000 	C:\Windows\SYSTEM32\USERENV.dll
0x00007ffb4c160000 - 0x00007ffb4c16c000 	C:\Windows\SYSTEM32\CRYPTBASE.dll
0x00007ffb4bbf0000 - 0x00007ffb4bc2b000 	C:\Windows\SYSTEM32\IPHLPAPI.DLL
0x00007ffb4e460000 - 0x00007ffb4e468000 	C:\Windows\System32\NSI.dll
0x00007ffb40ba0000 - 0x00007ffb40bb7000 	C:\Windows\SYSTEM32\dhcpcsvc6.DLL
0x00007ffb3bf80000 - 0x00007ffb3bf9d000 	C:\Windows\SYSTEM32\dhcpcsvc.DLL
0x00007ffb4bc40000 - 0x00007ffb4bd0b000 	C:\Windows\SYSTEM32\DNSAPI.dll
0x00007ffb4b450000 - 0x00007ffb4b483000 	C:\Windows\SYSTEM32\ntmarta.dll

dbghelp: loaded successfully - version: 4.0.5 - missing functions: none
symbol engine: initialized successfully - sym options: 0x614 - pdb path: .;C:\Program Files\Java\jdk-18.0.1.1\bin;C:\Windows\SYSTEM32;C:\Windows\WinSxS\amd64_microsoft.windows.common-controls_6595b64144ccf1df_6.0.19041.1110_none_60b5254171f9507e;C:\Program Files\Java\jdk-18.0.1.1\bin\server;C:\Program Files\Android\gradle-7.3.3\native\e1d6ef7f7dcc3fd88c89a11ec53ec762bb8ba0a96d01ffa2cd45eb1d1d8dd5c5\windows-amd64;C:\Program Files\Android\gradle-7.3.3\native\5664cfc778a61ccfe75a443a1ab52a65af34e5dc3c78e0209fed803814484fcb\windows-amd64

VM Arguments:
jvm_args: --add-opens=java.base/java.util=ALL-UNNAMED --add-opens=java.base/java.lang=ALL-UNNAMED --add-opens=java.base/java.lang.invoke=ALL-UNNAMED --add-opens=java.base/java.util=ALL-UNNAMED --add-opens=java.prefs/java.util.prefs=ALL-UNNAMED --add-opens=java.prefs/java.util.prefs=ALL-UNNAMED --add-opens=java.base/java.nio.charset=ALL-UNNAMED --add-opens=java.base/java.net=ALL-UNNAMED --add-opens=java.base/java.util.concurrent.atomic=ALL-UNNAMED -Xmx2048m -Dfile.encoding=UTF-8 -Duser.country=IN -Duser.language=en -Duser.variant 
java_command: org.gradle.launcher.daemon.bootstrap.GradleDaemon 7.3.3
java_class_path (initial): C:\Program Files\Android\gradle-7.3.3\lib\gradle-launcher-7.3.3.jar
Launcher Type: SUN_STANDARD

[Global flags]
     intx CICompilerCount                          = 4                                         {product} {ergonomic}
     uint ConcGCThreads                            = 2                                         {product} {ergonomic}
     uint G1ConcRefinementThreads                  = 8                                         {product} {ergonomic}
   size_t G1HeapRegionSize                         = 1048576                                   {product} {ergonomic}
    uintx GCDrainStackTargetSize                   = 64                                        {product} {ergonomic}
   size_t InitialHeapSize                          = 132120576                                 {product} {ergonomic}
   size_t MarkStackSize                            = 4194304                                   {product} {ergonomic}
   size_t MaxHeapSize                              = 2147483648                                {product} {command line}
   size_t MaxNewSize                               = 1287651328                                {product} {ergonomic}
   size_t MinHeapDeltaBytes                        = 1048576                                   {product} {ergonomic}
   size_t MinHeapSize                              = 8388608                                   {product} {ergonomic}
    uintx NonNMethodCodeHeapSize                   = 5839372                                {pd product} {ergonomic}
    uintx NonProfiledCodeHeapSize                  = 122909434                              {pd product} {ergonomic}
    uintx ProfiledCodeHeapSize                     = 122909434                              {pd product} {ergonomic}
    uintx ReservedCodeCacheSize                    = 251658240                              {pd product} {ergonomic}
     bool SegmentedCodeCache                       = true                                      {product} {ergonomic}
   size_t SoftMaxHeapSize                          = 2147483648                             {manageable} {ergonomic}
     bool UseCompressedClassPointers               = true                           {product lp64_product} {ergonomic}
     bool UseCompressedOops                        = true                           {product lp64_product} {ergonomic}
     bool UseG1GC                                  = true                                      {product} {ergonomic}
     bool UseLargePagesIndividualAllocation        = false                                  {pd product} {ergonomic}

Logging:
Log output configuration:
 #0: stdout all=warning uptime,level,tags foldmultilines=false
 #1: stderr all=off uptime,level,tags foldmultilines=false

Environment Variables:
JAVA_HOME=C:\Program Files\Java\jdk-18.0.1.1
PATH=C:\Program Files\Common Files\Oracle\Java\javapath;C:\Windows\system32;C:\Windows;C:\Windows\System32\Wbem;C:\Windows\System32\WindowsPowerShell\v1.0\;C:\Windows\System32\OpenSSH\;C:\Program Files\Git\cmd;C:\Users\suraj\AppData\Local\Microsoft\WindowsApps
USERNAME=suraj
OS=Windows_NT
PROCESSOR_IDENTIFIER=Intel64 Family 6 Model 140 Stepping 1, GenuineIntel



---------------  S Y S T E M  ---------------

OS:
 Windows 10 , 64 bit Build 19041 (10.0.19041.1741)
OS uptime: 0 days 3:10 hours
Hyper-V role detected

CPU: total 8 (initial active 8) (4 cores per cpu, 2 threads per core) family 6 model 140 stepping 1 microcode 0x86, cx8, cmov, fxsr, ht, mmx, 3dnowpref, sse, sse2, sse3, ssse3, sse4.1, sse4.2, popcnt, lzcnt, tsc, tscinvbit, avx, avx2, aes, erms, clmul, bmi1, bmi2, adx, avx512f, avx512dq, avx512cd, avx512bw, avx512vl, sha, fma, vzeroupper, avx512_vpopcntdq, avx512_vpclmulqdq, avx512_vaes, avx512_vnni, clflush, clflushopt, clwb, avx512_vbmi2, avx512_vbmi, hv

Memory: 4k page, system-wide physical 7987M (501M free)
TotalPageFile size 7987M (AvailPageFile size 231M)
current process WorkingSet (physical memory assigned to process): 515M, peak: 526M
current process commit charge ("private bytes"): 564M, peak: 898M

vm_info: Java HotSpot(TM) 64-Bit Server VM (18.0.1.1+2-6) for windows-amd64 JRE (18.0.1.1+2-6), built on Apr 25 2022 21:53:15 by "mach5one" with MS VC++ 16.8 / 16.9 (VS2019)

END.
