#
# There is insufficient memory for the Java Runtime Environment to continue.
# Native memory allocation (mmap) failed to map 3145728 bytes for G1 virtual space
# Possible reasons:
#   The system is out of physical RAM or swap space
#   The process is running with CompressedOops enabled, and the Java Heap may be blocking the growth of the native heap
# Possible solutions:
#   Reduce memory load on the system
#   Increase physical memory or swap space
#   Check if swap backing store is full
#   Decrease Java heap size (-Xmx/-Xms)
#   Decrease number of Java threads
#   Decrease Java thread stack sizes (-Xss)
#   Set larger code cache with -XX:ReservedCodeCacheSize=
#   JVM is running with Unscaled Compressed Oops mode in which the Java heap is
#     placed in the first 4GB address space. The Java Heap base address is the
#     maximum limit for the native heap growth. Please use -XX:HeapBaseMinAddress
#     to set the Java Heap base and to place the Java Heap above 4GB virtual address.
# This output file may be truncated or incomplete.
#
#  Out of Memory Error (os_windows.cpp:3530), pid=3624, tid=11904
#
# JRE version: Java(TM) SE Runtime Environment (18.0.1.1+2) (build 18.0.1.1+2-6)
# Java VM: Java HotSpot(TM) 64-Bit Server VM (18.0.1.1+2-6, mixed mode, sharing, tiered, compressed oops, compressed class ptrs, g1 gc, windows-amd64)
# No core dump will be written. Minidumps are not enabled by default on client versions of Windows
#

---------------  S U M M A R Y ------------

Command Line: --add-opens=java.base/java.util=ALL-UNNAMED --add-opens=java.base/java.lang=ALL-UNNAMED --add-opens=java.base/java.lang.invoke=ALL-UNNAMED --add-opens=java.base/java.util=ALL-UNNAMED --add-opens=java.prefs/java.util.prefs=ALL-UNNAMED --add-opens=java.prefs/java.util.prefs=ALL-UNNAMED --add-opens=java.base/java.nio.charset=ALL-UNNAMED --add-opens=java.base/java.net=ALL-UNNAMED --add-opens=java.base/java.util.concurrent.atomic=ALL-UNNAMED -Xmx2048m -Dfile.encoding=UTF-8 -Duser.country=IN -Duser.language=en -Duser.variant org.gradle.launcher.daemon.bootstrap.GradleDaemon 7.3.3

Host: 11th Gen Intel(R) Core(TM) i5-1135G7 @ 2.40GHz, 8 cores, 7G,  Windows 10 , 64 bit Build 19041 (10.0.19041.1741)
Time: Wed Jun 29 13:26:11 2022 India Standard Time elapsed time: 5.392994 seconds (0d 0h 0m 5s)

---------------  T H R E A D  ---------------

Current thread (0x000002a2dcc740f0):  VMThread "VM Thread" [stack: 0x000000d6af500000,0x000000d6af600000] [id=11904]

Stack: [0x000000d6af500000,0x000000d6af600000]
Native frames: (J=compiled Java code, j=interpreted, Vv=VM code, C=native code)
V  [jvm.dll+0x69887a]
V  [jvm.dll+0x7f38bd]
V  [jvm.dll+0x7f51ce]
V  [jvm.dll+0x7f5883]
V  [jvm.dll+0x25ca3f]
V  [jvm.dll+0x6957c9]
V  [jvm.dll+0x68a2fa]
V  [jvm.dll+0x321efb]
V  [jvm.dll+0x3298d6]
V  [jvm.dll+0x37e47e]
V  [jvm.dll+0x37e6af]
V  [jvm.dll+0x2f9c7a]
V  [jvm.dll+0x2fca76]
V  [jvm.dll+0x306ee5]
V  [jvm.dll+0x33bff0]
V  [jvm.dll+0x7fa66b]
V  [jvm.dll+0x7fb404]
V  [jvm.dll+0x7fb93c]
V  [jvm.dll+0x7fbd94]
V  [jvm.dll+0x7fbe57]
V  [jvm.dll+0x7a03ea]
V  [jvm.dll+0x697725]
C  [ucrtbase.dll+0x21bb2]
C  [KERNEL32.DLL+0x17034]
C  [ntdll.dll+0x52651]

VM_Operation (0x000000d6af1ff690): G1Concurrent, mode: safepoint, requested by thread 0x000002a2dcc54180


---------------  P R O C E S S  ---------------

Threads class SMR info:
_java_thread_list=0x000002a284bcc6a0, length=126, elements={
0x000002a2dcbe39c0, 0x000002a2fae23cf0, 0x000002a2fae265b0, 0x000002a2fae3fba0,
0x000002a2fae40450, 0x000002a2fae40d00, 0x000002a2fae415b0, 0x000002a2fae42190,
0x000002a2fae44370, 0x000002a2fae48c80, 0x000002a2ff0a8040, 0x000002a2ff0ad570,
0x000002a2ff26f4e0, 0x000002a2806b9900, 0x000002a280bf9d70, 0x000002a280bfb0b0,
0x000002a280bf98a0, 0x000002a280bfb580, 0x000002a280bfba50, 0x000002a280bfa710,
0x000002a280bfbf20, 0x000002a280bfa240, 0x000002a280bfc3f0, 0x000002a280bfabe0,
0x000002a280bfcd90, 0x000002a280bfd260, 0x000002a2811013b0, 0x000002a281cb3a70,
0x000002a281101d50, 0x000002a2810fdec0, 0x000002a281101880, 0x000002a2810faea0,
0x000002a2810fa9d0, 0x000002a2810fe860, 0x000002a2810fb370, 0x000002a2810fc1e0,
0x000002a2810fe390, 0x000002a281100a10, 0x000002a2810ff200, 0x000002a281100540,
0x000002a2810fbd10, 0x000002a2810fcb80, 0x000002a281100ee0, 0x000002a283f1e580,
0x000002a283f1f8c0, 0x000002a283f19d50, 0x000002a283f1ea50, 0x000002a283f1a6f0,
0x000002a283f18070, 0x000002a283f1a220, 0x000002a283f1c3d0, 0x000002a283f18540,
0x000002a283f18a10, 0x000002a283f1ef20, 0x000002a283f1c8a0, 0x000002a283f1bf00,
0x000002a283f1b560, 0x000002a283f1cd70, 0x000002a283f1f3f0, 0x000002a283f18ee0,
0x000002a283f1abc0, 0x000002a283f1d240, 0x000002a283f193b0, 0x000002a283f1d710,
0x000002a283f1dbe0, 0x000002a283f19880, 0x000002a283f1b090, 0x000002a283f1ba30,
0x000002a283f1e0b0, 0x000002a283e5cfd0, 0x000002a283e61330, 0x000002a283e634e0,
0x000002a283e5d4a0, 0x000002a283e5d970, 0x000002a283e5c630, 0x000002a283e5de40,
0x000002a283e5e310, 0x000002a283e5e7e0, 0x000002a283e63010, 0x000002a283e639b0,
0x000002a283e5ecb0, 0x000002a283e5f180, 0x000002a283e5f650, 0x000002a283e5fb20,
0x000002a283e5fff0, 0x000002a283e61cd0, 0x000002a283e61800, 0x000002a283e604c0,
0x000002a283e60990, 0x000002a283e63e80, 0x000002a283e60e60, 0x000002a283e621a0,
0x000002a283e62670, 0x000002a283e62b40, 0x000002a283e5cb00, 0x000002a2825749e0,
0x000002a282571020, 0x000002a2825731d0, 0x000002a282575850, 0x000002a2825761f0,
0x000002a282574510, 0x000002a282571e90, 0x000002a282573b70, 0x000002a282574040,
0x000002a2825766c0, 0x000002a282572360, 0x000002a282575d20, 0x000002a282576b90,
0x000002a282577ed0, 0x000002a282577060, 0x000002a282572830, 0x000002a282575380,
0x000002a282574eb0, 0x000002a2825714f0, 0x000002a2825783a0, 0x000002a282577a00,
0x000002a2825736a0, 0x000002a282577530, 0x000002a282578870, 0x000002a2825719c0,
0x000002a282572d00, 0x000002a28435eb80, 0x000002a28435f520, 0x000002a28435e1e0,
0x000002a28435d840, 0x000002a28435bb60
}

Java Threads: ( => current thread )
  0x000002a2dcbe39c0 JavaThread "main" [_thread_blocked, id=9744, stack(0x000000d6aef00000,0x000000d6af000000)]
  0x000002a2fae23cf0 JavaThread "Reference Handler" daemon [_thread_blocked, id=1340, stack(0x000000d6af600000,0x000000d6af700000)]
  0x000002a2fae265b0 JavaThread "Finalizer" daemon [_thread_blocked, id=9020, stack(0x000000d6af700000,0x000000d6af800000)]
  0x000002a2fae3fba0 JavaThread "Signal Dispatcher" daemon [_thread_blocked, id=12496, stack(0x000000d6af800000,0x000000d6af900000)]
  0x000002a2fae40450 JavaThread "Attach Listener" daemon [_thread_blocked, id=8756, stack(0x000000d6af900000,0x000000d6afa00000)]
  0x000002a2fae40d00 JavaThread "Service Thread" daemon [_thread_blocked, id=7880, stack(0x000000d6afa00000,0x000000d6afb00000)]
  0x000002a2fae415b0 JavaThread "Monitor Deflation Thread" daemon [_thread_blocked, id=6876, stack(0x000000d6afb00000,0x000000d6afc00000)]
  0x000002a2fae42190 JavaThread "C2 CompilerThread0" daemon [_thread_blocked, id=6128, stack(0x000000d6afc00000,0x000000d6afd00000)]
  0x000002a2fae44370 JavaThread "C1 CompilerThread0" daemon [_thread_blocked, id=7444, stack(0x000000d6afd00000,0x000000d6afe00000)]
  0x000002a2fae48c80 JavaThread "Sweeper thread" daemon [_thread_blocked, id=15508, stack(0x000000d6afe00000,0x000000d6aff00000)]
  0x000002a2ff0a8040 JavaThread "Common-Cleaner" daemon [_thread_blocked, id=11988, stack(0x000000d6aff00000,0x000000d6b0000000)]
  0x000002a2ff0ad570 JavaThread "Notification Thread" daemon [_thread_blocked, id=9200, stack(0x000000d6b0000000,0x000000d6b0100000)]
  0x000002a2ff26f4e0 JavaThread "C2 CompilerThread1" daemon [_thread_in_native, id=1724, stack(0x000000d6b0200000,0x000000d6b0300000)]
  0x000002a2806b9900 JavaThread "Daemon health stats" [_thread_blocked, id=2952, stack(0x000000d6b0900000,0x000000d6b0a00000)]
  0x000002a280bf9d70 JavaThread "Incoming local TCP Connector on port 64453" [_thread_in_native, id=10628, stack(0x000000d6b0a00000,0x000000d6b0b00000)]
  0x000002a280bfb0b0 JavaThread "Daemon periodic checks" [_thread_blocked, id=5992, stack(0x000000d6b0b00000,0x000000d6b0c00000)]
  0x000002a280bf98a0 JavaThread "Daemon" [_thread_blocked, id=13904, stack(0x000000d6b0c00000,0x000000d6b0d00000)]
  0x000002a280bfb580 JavaThread "Handler for socket connection from /127.0.0.1:64453 to /127.0.0.1:64454" [_thread_in_native, id=12256, stack(0x000000d6b0d00000,0x000000d6b0e00000)]
  0x000002a280bfba50 JavaThread "Cancel handler" [_thread_blocked, id=6164, stack(0x000000d6b0e00000,0x000000d6b0f00000)]
  0x000002a280bfa710 JavaThread "Daemon worker" [_thread_blocked, id=7784, stack(0x000000d6b0f00000,0x000000d6b1000000)]
  0x000002a280bfbf20 JavaThread "Asynchronous log dispatcher for DefaultDaemonConnection: socket connection from /127.0.0.1:64453 to /127.0.0.1:64454" [_thread_blocked, id=3392, stack(0x000000d6b1000000,0x000000d6b1100000)]
  0x000002a280bfa240 JavaThread "Stdin handler" [_thread_blocked, id=2640, stack(0x000000d6b1100000,0x000000d6b1200000)]
  0x000002a280bfc3f0 JavaThread "Daemon client event forwarder" [_thread_blocked, id=6676, stack(0x000000d6b1200000,0x000000d6b1300000)]
  0x000002a280bfabe0 JavaThread "Cache worker for journal cache (C:\Program Files\Android\gradle-7.3.3\caches\journal-1)" [_thread_blocked, id=4752, stack(0x000000d6b1300000,0x000000d6b1400000)]
  0x000002a280bfcd90 JavaThread "File lock request listener" [_thread_in_native, id=6392, stack(0x000000d6b1400000,0x000000d6b1500000)]
  0x000002a280bfd260 JavaThread "Cache worker for file hash cache (C:\Program Files\Android\gradle-7.3.3\caches\7.3.3\fileHashes)" [_thread_blocked, id=8144, stack(0x000000d6b1500000,0x000000d6b1600000)]
  0x000002a2811013b0 JavaThread "Cache worker for file hash cache (D:\EmailLogin\.gradle\7.3.3\fileHashes)" [_thread_blocked, id=10168, stack(0x000000d6b1600000,0x000000d6b1700000)]
  0x000002a281cb3a70 JavaThread "C2 CompilerThread2" daemon [_thread_in_native, id=4252, stack(0x000000d6b1700000,0x000000d6b1800000)]
  0x000002a281101d50 JavaThread "File watcher server" daemon [_thread_in_native, id=6808, stack(0x000000d6b1800000,0x000000d6b1900000)]
  0x000002a2810fdec0 JavaThread "File watcher consumer" daemon [_thread_blocked, id=14356, stack(0x000000d6b1900000,0x000000d6b1a00000)]
  0x000002a281101880 JavaThread "Cache worker for checksums cache (D:\EmailLogin\.gradle\7.3.3\checksums)" [_thread_blocked, id=14740, stack(0x000000d6b1b00000,0x000000d6b1c00000)]
  0x000002a2810faea0 JavaThread "Cache worker for cache directory md-supplier (C:\Program Files\Android\gradle-7.3.3\caches\7.3.3\md-supplier)" [_thread_blocked, id=14124, stack(0x000000d6b1c00000,0x000000d6b1d00000)]
  0x000002a2810fa9d0 JavaThread "Cache worker for cache directory md-rule (C:\Program Files\Android\gradle-7.3.3\caches\7.3.3\md-rule)" [_thread_blocked, id=7292, stack(0x000000d6b1e00000,0x000000d6b1f00000)]
  0x000002a2810fe860 JavaThread "Cache worker for execution history cache (C:\Program Files\Android\gradle-7.3.3\caches\7.3.3\executionHistory)" [_thread_blocked, id=1736, stack(0x000000d6b1f00000,0x000000d6b2000000)]
  0x000002a2810fb370 JavaThread "jar transforms" [_thread_blocked, id=2760, stack(0x000000d6b2000000,0x000000d6b2100000)]
  0x000002a2810fc1e0 JavaThread "Cache worker for file content cache (C:\Program Files\Android\gradle-7.3.3\caches\7.3.3\fileContent)" [_thread_blocked, id=9128, stack(0x000000d6b2100000,0x000000d6b2200000)]
  0x000002a2810fe390 JavaThread "jar transforms Thread 2" [_thread_blocked, id=13952, stack(0x000000d6b2200000,0x000000d6b2300000)]
  0x000002a281100a10 JavaThread "Cache worker for dependencies-accessors (D:\EmailLogin\.gradle\7.3.3\dependencies-accessors)" [_thread_blocked, id=7496, stack(0x000000d6b2300000,0x000000d6b2400000)]
  0x000002a2810ff200 JavaThread "jar transforms Thread 3" [_thread_blocked, id=1156, stack(0x000000d6b2400000,0x000000d6b2500000)]
  0x000002a281100540 JavaThread "Cache worker for Build Output Cleanup Cache (D:\EmailLogin\.gradle\buildOutputCleanup)" [_thread_blocked, id=9640, stack(0x000000d6b2500000,0x000000d6b2600000)]
  0x000002a2810fbd10 JavaThread "Unconstrained build operations" [_thread_blocked, id=11488, stack(0x000000d6b2600000,0x000000d6b2700000)]
  0x000002a2810fcb80 JavaThread "Unconstrained build operations Thread 2" [_thread_blocked, id=1672, stack(0x000000d6b2700000,0x000000d6b2800000)]
  0x000002a281100ee0 JavaThread "Unconstrained build operations Thread 3" [_thread_blocked, id=14988, stack(0x000000d6b2800000,0x000000d6b2900000)]
  0x000002a283f1e580 JavaThread "Unconstrained build operations Thread 4" [_thread_blocked, id=11428, stack(0x000000d6b2900000,0x000000d6b2a00000)]
  0x000002a283f1f8c0 JavaThread "Unconstrained build operations Thread 5" [_thread_blocked, id=11860, stack(0x000000d6b2a00000,0x000000d6b2b00000)]
  0x000002a283f19d50 JavaThread "Unconstrained build operations Thread 6" [_thread_blocked, id=6100, stack(0x000000d6b2b00000,0x000000d6b2c00000)]
  0x000002a283f1ea50 JavaThread "Unconstrained build operations Thread 7" [_thread_blocked, id=2620, stack(0x000000d6b2c00000,0x000000d6b2d00000)]
  0x000002a283f1a6f0 JavaThread "Unconstrained build operations Thread 8" [_thread_blocked, id=13316, stack(0x000000d6b2d00000,0x000000d6b2e00000)]
  0x000002a283f18070 JavaThread "Unconstrained build operations Thread 9" [_thread_blocked, id=14856, stack(0x000000d6b2e00000,0x000000d6b2f00000)]
  0x000002a283f1a220 JavaThread "Unconstrained build operations Thread 10" [_thread_blocked, id=15908, stack(0x000000d6b2f00000,0x000000d6b3000000)]
  0x000002a283f1c3d0 JavaThread "Unconstrained build operations Thread 11" [_thread_blocked, id=8212, stack(0x000000d6b3000000,0x000000d6b3100000)]
  0x000002a283f18540 JavaThread "Unconstrained build operations Thread 12" [_thread_blocked, id=14544, stack(0x000000d6b3100000,0x000000d6b3200000)]
  0x000002a283f18a10 JavaThread "Unconstrained build operations Thread 13" [_thread_blocked, id=12436, stack(0x000000d6b3200000,0x000000d6b3300000)]
  0x000002a283f1ef20 JavaThread "Unconstrained build operations Thread 14" [_thread_blocked, id=10092, stack(0x000000d6b3300000,0x000000d6b3400000)]
  0x000002a283f1c8a0 JavaThread "Unconstrained build operations Thread 15" [_thread_blocked, id=5188, stack(0x000000d6b3400000,0x000000d6b3500000)]
  0x000002a283f1bf00 JavaThread "Unconstrained build operations Thread 16" [_thread_blocked, id=6424, stack(0x000000d6b3500000,0x000000d6b3600000)]
  0x000002a283f1b560 JavaThread "Unconstrained build operations Thread 17" [_thread_blocked, id=2964, stack(0x000000d6b3600000,0x000000d6b3700000)]
  0x000002a283f1cd70 JavaThread "Unconstrained build operations Thread 18" [_thread_blocked, id=5384, stack(0x000000d6b3700000,0x000000d6b3800000)]
  0x000002a283f1f3f0 JavaThread "Unconstrained build operations Thread 19" [_thread_blocked, id=6400, stack(0x000000d6b3800000,0x000000d6b3900000)]
  0x000002a283f18ee0 JavaThread "Unconstrained build operations Thread 20" [_thread_blocked, id=4452, stack(0x000000d6b3900000,0x000000d6b3a00000)]
  0x000002a283f1abc0 JavaThread "Unconstrained build operations Thread 21" [_thread_blocked, id=5700, stack(0x000000d6b3a00000,0x000000d6b3b00000)]
  0x000002a283f1d240 JavaThread "Unconstrained build operations Thread 22" [_thread_blocked, id=8236, stack(0x000000d6b3b00000,0x000000d6b3c00000)]
  0x000002a283f193b0 JavaThread "Unconstrained build operations Thread 23" [_thread_blocked, id=10956, stack(0x000000d6b3c00000,0x000000d6b3d00000)]
  0x000002a283f1d710 JavaThread "Unconstrained build operations Thread 24" [_thread_blocked, id=15572, stack(0x000000d6b3d00000,0x000000d6b3e00000)]
  0x000002a283f1dbe0 JavaThread "Unconstrained build operations Thread 25" [_thread_blocked, id=9800, stack(0x000000d6b3e00000,0x000000d6b3f00000)]
  0x000002a283f19880 JavaThread "Unconstrained build operations Thread 26" [_thread_blocked, id=3204, stack(0x000000d6b3f00000,0x000000d6b4000000)]
  0x000002a283f1b090 JavaThread "Unconstrained build operations Thread 27" [_thread_blocked, id=15056, stack(0x000000d6b4000000,0x000000d6b4100000)]
  0x000002a283f1ba30 JavaThread "Unconstrained build operations Thread 28" [_thread_blocked, id=14400, stack(0x000000d6b4100000,0x000000d6b4200000)]
  0x000002a283f1e0b0 JavaThread "Unconstrained build operations Thread 29" [_thread_blocked, id=14140, stack(0x000000d6b4200000,0x000000d6b4300000)]
  0x000002a283e5cfd0 JavaThread "Unconstrained build operations Thread 30" [_thread_blocked, id=15028, stack(0x000000d6b4300000,0x000000d6b4400000)]
  0x000002a283e61330 JavaThread "Unconstrained build operations Thread 31" [_thread_blocked, id=14496, stack(0x000000d6b4400000,0x000000d6b4500000)]
  0x000002a283e634e0 JavaThread "Unconstrained build operations Thread 32" [_thread_blocked, id=7124, stack(0x000000d6b4500000,0x000000d6b4600000)]
  0x000002a283e5d4a0 JavaThread "Unconstrained build operations Thread 33" [_thread_blocked, id=6552, stack(0x000000d6b4600000,0x000000d6b4700000)]
  0x000002a283e5d970 JavaThread "Unconstrained build operations Thread 34" [_thread_blocked, id=3700, stack(0x000000d6b4700000,0x000000d6b4800000)]
  0x000002a283e5c630 JavaThread "Unconstrained build operations Thread 35" [_thread_blocked, id=9036, stack(0x000000d6b4800000,0x000000d6b4900000)]
  0x000002a283e5de40 JavaThread "Unconstrained build operations Thread 36" [_thread_blocked, id=11720, stack(0x000000d6b4900000,0x000000d6b4a00000)]
  0x000002a283e5e310 JavaThread "Unconstrained build operations Thread 37" [_thread_blocked, id=10856, stack(0x000000d6b4a00000,0x000000d6b4b00000)]
  0x000002a283e5e7e0 JavaThread "Unconstrained build operations Thread 38" [_thread_blocked, id=288, stack(0x000000d6b4b00000,0x000000d6b4c00000)]
  0x000002a283e63010 JavaThread "Unconstrained build operations Thread 39" [_thread_blocked, id=10588, stack(0x000000d6b4c00000,0x000000d6b4d00000)]
  0x000002a283e639b0 JavaThread "Unconstrained build operations Thread 40" [_thread_blocked, id=1788, stack(0x000000d6b4d00000,0x000000d6b4e00000)]
  0x000002a283e5ecb0 JavaThread "Unconstrained build operations Thread 41" [_thread_blocked, id=13624, stack(0x000000d6b4e00000,0x000000d6b4f00000)]
  0x000002a283e5f180 JavaThread "Unconstrained build operations Thread 42" [_thread_blocked, id=14716, stack(0x000000d6b4f00000,0x000000d6b5000000)]
  0x000002a283e5f650 JavaThread "Unconstrained build operations Thread 43" [_thread_blocked, id=8464, stack(0x000000d6b5000000,0x000000d6b5100000)]
  0x000002a283e5fb20 JavaThread "Unconstrained build operations Thread 44" [_thread_blocked, id=9304, stack(0x000000d6b5100000,0x000000d6b5200000)]
  0x000002a283e5fff0 JavaThread "Unconstrained build operations Thread 45" [_thread_blocked, id=6768, stack(0x000000d6b5200000,0x000000d6b5300000)]
  0x000002a283e61cd0 JavaThread "Unconstrained build operations Thread 46" [_thread_blocked, id=7012, stack(0x000000d6b5300000,0x000000d6b5400000)]
  0x000002a283e61800 JavaThread "Unconstrained build operations Thread 47" [_thread_blocked, id=4612, stack(0x000000d6b5400000,0x000000d6b5500000)]
  0x000002a283e604c0 JavaThread "Unconstrained build operations Thread 48" [_thread_blocked, id=16368, stack(0x000000d6b5500000,0x000000d6b5600000)]
  0x000002a283e60990 JavaThread "Unconstrained build operations Thread 49" [_thread_blocked, id=3620, stack(0x000000d6b5600000,0x000000d6b5700000)]
  0x000002a283e63e80 JavaThread "Unconstrained build operations Thread 50" [_thread_blocked, id=4520, stack(0x000000d6b5700000,0x000000d6b5800000)]
  0x000002a283e60e60 JavaThread "Unconstrained build operations Thread 51" [_thread_blocked, id=15204, stack(0x000000d6b5800000,0x000000d6b5900000)]
  0x000002a283e621a0 JavaThread "Unconstrained build operations Thread 52" [_thread_blocked, id=14576, stack(0x000000d6b5900000,0x000000d6b5a00000)]
  0x000002a283e62670 JavaThread "Unconstrained build operations Thread 53" [_thread_blocked, id=8716, stack(0x000000d6b5a00000,0x000000d6b5b00000)]
  0x000002a283e62b40 JavaThread "Unconstrained build operations Thread 54" [_thread_blocked, id=7080, stack(0x000000d6b5b00000,0x000000d6b5c00000)]
  0x000002a283e5cb00 JavaThread "Unconstrained build operations Thread 55" [_thread_blocked, id=15468, stack(0x000000d6b5c00000,0x000000d6b5d00000)]
  0x000002a2825749e0 JavaThread "Unconstrained build operations Thread 56" [_thread_blocked, id=9168, stack(0x000000d6b5d00000,0x000000d6b5e00000)]
  0x000002a282571020 JavaThread "Unconstrained build operations Thread 57" [_thread_blocked, id=3472, stack(0x000000d6b5e00000,0x000000d6b5f00000)]
  0x000002a2825731d0 JavaThread "Unconstrained build operations Thread 58" [_thread_blocked, id=1308, stack(0x000000d6b5f00000,0x000000d6b6000000)]
  0x000002a282575850 JavaThread "Unconstrained build operations Thread 59" [_thread_blocked, id=984, stack(0x000000d6b6000000,0x000000d6b6100000)]
  0x000002a2825761f0 JavaThread "Unconstrained build operations Thread 60" [_thread_blocked, id=12612, stack(0x000000d6b6100000,0x000000d6b6200000)]
  0x000002a282574510 JavaThread "Unconstrained build operations Thread 61" [_thread_blocked, id=4336, stack(0x000000d6b6200000,0x000000d6b6300000)]
  0x000002a282571e90 JavaThread "Unconstrained build operations Thread 62" [_thread_blocked, id=14460, stack(0x000000d6b6300000,0x000000d6b6400000)]
  0x000002a282573b70 JavaThread "Unconstrained build operations Thread 63" [_thread_blocked, id=4856, stack(0x000000d6b6400000,0x000000d6b6500000)]
  0x000002a282574040 JavaThread "Unconstrained build operations Thread 64" [_thread_blocked, id=3412, stack(0x000000d6b6500000,0x000000d6b6600000)]
  0x000002a2825766c0 JavaThread "Unconstrained build operations Thread 65" [_thread_blocked, id=15240, stack(0x000000d6b6600000,0x000000d6b6700000)]
  0x000002a282572360 JavaThread "Unconstrained build operations Thread 66" [_thread_blocked, id=7712, stack(0x000000d6b6700000,0x000000d6b6800000)]
  0x000002a282575d20 JavaThread "Unconstrained build operations Thread 67" [_thread_blocked, id=8668, stack(0x000000d6b6800000,0x000000d6b6900000)]
  0x000002a282576b90 JavaThread "Unconstrained build operations Thread 68" [_thread_blocked, id=15628, stack(0x000000d6b6900000,0x000000d6b6a00000)]
  0x000002a282577ed0 JavaThread "Unconstrained build operations Thread 69" [_thread_blocked, id=2808, stack(0x000000d6b6a00000,0x000000d6b6b00000)]
  0x000002a282577060 JavaThread "Unconstrained build operations Thread 70" [_thread_blocked, id=14956, stack(0x000000d6b6b00000,0x000000d6b6c00000)]
  0x000002a282572830 JavaThread "Unconstrained build operations Thread 71" [_thread_blocked, id=14680, stack(0x000000d6b6c00000,0x000000d6b6d00000)]
  0x000002a282575380 JavaThread "Unconstrained build operations Thread 72" [_thread_blocked, id=1352, stack(0x000000d6b6d00000,0x000000d6b6e00000)]
  0x000002a282574eb0 JavaThread "Unconstrained build operations Thread 73" [_thread_blocked, id=4576, stack(0x000000d6b6e00000,0x000000d6b6f00000)]
  0x000002a2825714f0 JavaThread "Unconstrained build operations Thread 74" [_thread_blocked, id=2892, stack(0x000000d6b6f00000,0x000000d6b7000000)]
  0x000002a2825783a0 JavaThread "Unconstrained build operations Thread 75" [_thread_blocked, id=3720, stack(0x000000d6b7000000,0x000000d6b7100000)]
  0x000002a282577a00 JavaThread "Unconstrained build operations Thread 76" [_thread_blocked, id=1160, stack(0x000000d6b7100000,0x000000d6b7200000)]
  0x000002a2825736a0 JavaThread "Unconstrained build operations Thread 77" [_thread_blocked, id=14372, stack(0x000000d6b7200000,0x000000d6b7300000)]
  0x000002a282577530 JavaThread "Unconstrained build operations Thread 78" [_thread_blocked, id=8304, stack(0x000000d6b7300000,0x000000d6b7400000)]
  0x000002a282578870 JavaThread "Unconstrained build operations Thread 79" [_thread_blocked, id=12268, stack(0x000000d6b7400000,0x000000d6b7500000)]
  0x000002a2825719c0 JavaThread "Unconstrained build operations Thread 80" [_thread_blocked, id=12160, stack(0x000000d6b7500000,0x000000d6b7600000)]
  0x000002a282572d00 JavaThread "jar transforms Thread 4" [_thread_blocked, id=5220, stack(0x000000d6b7600000,0x000000d6b7700000)]
  0x000002a28435eb80 JavaThread "jar transforms Thread 5" [_thread_blocked, id=12696, stack(0x000000d6b7700000,0x000000d6b7800000)]
  0x000002a28435f520 JavaThread "jar transforms Thread 6" [_thread_blocked, id=9884, stack(0x000000d6b7800000,0x000000d6b7900000)]
  0x000002a28435e1e0 JavaThread "jar transforms Thread 7" [_thread_blocked, id=10332, stack(0x000000d6b7900000,0x000000d6b7a00000)]
  0x000002a28435d840 JavaThread "jar transforms Thread 8" [_thread_blocked, id=10888, stack(0x000000d6b7a00000,0x000000d6b7b00000)]
  0x000002a28435bb60 JavaThread "Memory manager" [_thread_blocked, id=7128, stack(0x000000d6b7b00000,0x000000d6b7c00000)]

Other Threads:
=>0x000002a2dcc740f0 VMThread "VM Thread" [stack: 0x000000d6af500000,0x000000d6af600000] [id=11904]
  0x000002a2ff0af6a0 WatcherThread "VM Periodic Task Thread" [stack: 0x000000d6b0100000,0x000000d6b0200000] [id=3980]
  0x000002a2dcc434a0 WorkerThread "GC Thread#0" [stack: 0x000000d6af000000,0x000000d6af100000] [id=15036]
  0x000002a2ff8e07b0 WorkerThread "GC Thread#1" [stack: 0x000000d6b0300000,0x000000d6b0400000] [id=2680]
  0x000002a2ffa69f30 WorkerThread "GC Thread#2" [stack: 0x000000d6b0400000,0x000000d6b0500000] [id=16064]
  0x000002a280186b50 WorkerThread "GC Thread#3" [stack: 0x000000d6b0500000,0x000000d6b0600000] [id=10028]
  0x000002a280187200 WorkerThread "GC Thread#4" [stack: 0x000000d6b0600000,0x000000d6b0700000] [id=7068]
  0x000002a280ba14d0 WorkerThread "GC Thread#5" [stack: 0x000000d6b0700000,0x000000d6b0800000] [id=5608]
  0x000002a2807f7710 WorkerThread "GC Thread#6" [stack: 0x000000d6b0800000,0x000000d6b0900000] [id=11940]
  0x000002a281c40cf0 WorkerThread "GC Thread#7" [stack: 0x000000d6b1a00000,0x000000d6b1b00000] [id=6684]
  0x000002a2dcc54180 ConcurrentGCThread "G1 Main Marker" [stack: 0x000000d6af100000,0x000000d6af200000] [id=11124]
  0x000002a2dcc54920 WorkerThread "G1 Conc#0" [stack: 0x000000d6af200000,0x000000d6af300000] [id=3244]
  0x000002a281c3fa90 WorkerThread "G1 Conc#1" [stack: 0x000000d6b1d00000,0x000000d6b1e00000] [id=14256]
  0x000002a2dcca7030 ConcurrentGCThread "G1 Refine#0" [stack: 0x000000d6af300000,0x000000d6af400000] [id=5584]
  0x000002a2dcca76f0 ConcurrentGCThread "G1 Service" [stack: 0x000000d6af400000,0x000000d6af500000] [id=488]

Threads with active compile tasks:
C2 CompilerThread0     5410 7609       4       groovy.lang.MetaClassImpl::filterPropertyMethod (305 bytes)
C2 CompilerThread1     5410 7593       4       groovy.lang.MetaClassImpl::inheritInterfaceNewMetaMethods (195 bytes)
C2 CompilerThread2     5410 7512 %     4       org.gradle.internal.instantiation.generator.AbstractClassGenerator::inspectType @ 207 (560 bytes)

VM state: at safepoint (normal execution)

VM Mutex/Monitor currently owned by a thread:  ([mutex/lock_event])
[0x000002a2dcbdf970] Threads_lock - owner thread: 0x000002a2dcc740f0
[0x000002a2dcbe37d0] Heap_lock - owner thread: 0x000002a2dcc54180

Heap address: 0x0000000080000000, size: 2048 MB, Compressed Oops mode: 32-bit

CDS archive(s) mapped at: [0x0000000800000000-0x0000000800ba0000-0x0000000800ba0000), size 12189696, SharedBaseAddress: 0x0000000800000000, ArchiveRelocationMode: 0.
Compressed class space mapped at: 0x0000000800c00000-0x0000000840c00000, reserved size: 1073741824
Narrow klass base: 0x0000000800000000, Narrow klass shift: 0, Narrow klass range: 0x100000000

GC Precious Log:
 CardTable entry size: 512
 Card Set container configuration: InlinePtr #cards 5 size 8 Array Of Cards #cards 12 size 40 Howl #buckets 4 coarsen threshold 1843 Howl Bitmap #cards 512 size 80 coarsen threshold 460 Card regions per heap region 1 cards per card region 2048
 CPUs: 8 total, 8 available
 Memory: 7987M
 Large Page Support: Disabled
 NUMA Support: Disabled
 Compressed Oops: Enabled (32-bit)
 Heap Region Size: 1M
 Heap Min Capacity: 8M
 Heap Initial Capacity: 126M
 Heap Max Capacity: 2G
 Pre-touch: Disabled
 Parallel Workers: 8
 Concurrent Workers: 2
 Concurrent Refinement Workers: 8
 Periodic GC: Disabled

Heap:
 garbage-first heap   total 116736K, used 69715K [0x0000000080000000, 0x0000000100000000)
  region size 1024K, 12 young (12288K), 4 survivors (4096K)
 Metaspace       used 64424K, committed 66112K, reserved 1114112K
  class space    used 8815K, committed 9728K, reserved 1048576K

Heap Regions: E=young(eden), S=young(survivor), O=old, HS=humongous(starts), HC=humongous(continues), CS=collection set, F=free, OA=open archive, CA=closed archive, TAMS=top-at-mark-start (previous, next)
|   0|0x0000000080000000, 0x0000000080100000, 0x0000000080100000|100%| O|  |TAMS 0x0000000080100000, 0x0000000080000000| Untracked 
|   1|0x0000000080100000, 0x0000000080200000, 0x0000000080200000|100%| O|  |TAMS 0x0000000080200000, 0x0000000080100000| Updating 
|   2|0x0000000080200000, 0x0000000080300000, 0x0000000080300000|100%| O|  |TAMS 0x0000000080300000, 0x0000000080200000| Updating 
|   3|0x0000000080300000, 0x0000000080400000, 0x0000000080400000|100%|HS|  |TAMS 0x0000000080400000, 0x0000000080300000| Complete 
|   4|0x0000000080400000, 0x0000000080500000, 0x0000000080500000|100%|HC|  |TAMS 0x0000000080500000, 0x0000000080400000| Complete 
|   5|0x0000000080500000, 0x0000000080600000, 0x0000000080600000|100%|HC|  |TAMS 0x0000000080600000, 0x0000000080500000| Complete 
|   6|0x0000000080600000, 0x0000000080700000, 0x0000000080700000|100%| O|  |TAMS 0x0000000080700000, 0x0000000080600000| Untracked 
|   7|0x0000000080700000, 0x0000000080800000, 0x0000000080800000|100%| O|  |TAMS 0x0000000080800000, 0x0000000080700000| Untracked 
|   8|0x0000000080800000, 0x0000000080900000, 0x0000000080900000|100%| O|  |TAMS 0x0000000080900000, 0x0000000080800000| Untracked 
|   9|0x0000000080900000, 0x0000000080a00000, 0x0000000080a00000|100%| O|  |TAMS 0x0000000080a00000, 0x0000000080900000| Untracked 
|  10|0x0000000080a00000, 0x0000000080b00000, 0x0000000080b00000|100%| O|  |TAMS 0x0000000080b00000, 0x0000000080a00000| Untracked 
|  11|0x0000000080b00000, 0x0000000080c00000, 0x0000000080c00000|100%| O|  |TAMS 0x0000000080c00000, 0x0000000080b00000| Untracked 
|  12|0x0000000080c00000, 0x0000000080d00000, 0x0000000080d00000|100%| O|  |TAMS 0x0000000080d00000, 0x0000000080c00000| Untracked 
|  13|0x0000000080d00000, 0x0000000080e00000, 0x0000000080e00000|100%| O|  |TAMS 0x0000000080e00000, 0x0000000080d00000| Untracked 
|  14|0x0000000080e00000, 0x0000000080f00000, 0x0000000080f00000|100%| O|  |TAMS 0x0000000080f00000, 0x0000000080e00000| Untracked 
|  15|0x0000000080f00000, 0x0000000081000000, 0x0000000081000000|100%| O|  |TAMS 0x0000000081000000, 0x0000000080f00000| Untracked 
|  16|0x0000000081000000, 0x0000000081100000, 0x0000000081100000|100%| O|  |TAMS 0x0000000081100000, 0x0000000081000000| Untracked 
|  17|0x0000000081100000, 0x0000000081200000, 0x0000000081200000|100%| O|  |TAMS 0x0000000081200000, 0x0000000081100000| Untracked 
|  18|0x0000000081200000, 0x0000000081300000, 0x0000000081300000|100%| O|  |TAMS 0x0000000081300000, 0x0000000081200000| Untracked 
|  19|0x0000000081300000, 0x0000000081360e00, 0x0000000081400000| 37%| O|  |TAMS 0x0000000081360e00, 0x0000000081300000| Updating 
|  20|0x0000000081400000, 0x0000000081500000, 0x0000000081500000|100%| O|  |TAMS 0x0000000081500000, 0x0000000081400000| Untracked 
|  21|0x0000000081500000, 0x0000000081600000, 0x0000000081600000|100%| O|  |TAMS 0x0000000081600000, 0x0000000081500000| Untracked 
|  22|0x0000000081600000, 0x0000000081700000, 0x0000000081700000|100%| O|  |TAMS 0x0000000081700000, 0x0000000081600000| Updating 
|  23|0x0000000081700000, 0x0000000081800000, 0x0000000081800000|100%| O|  |TAMS 0x0000000081800000, 0x0000000081700000| Untracked 
|  24|0x0000000081800000, 0x0000000081900000, 0x0000000081900000|100%| O|  |TAMS 0x0000000081900000, 0x0000000081800000| Untracked 
|  25|0x0000000081900000, 0x0000000081a00000, 0x0000000081a00000|100%| O|  |TAMS 0x0000000081a00000, 0x0000000081900000| Untracked 
|  26|0x0000000081a00000, 0x0000000081b00000, 0x0000000081b00000|100%| O|  |TAMS 0x0000000081b00000, 0x0000000081a00000| Untracked 
|  27|0x0000000081b00000, 0x0000000081c00000, 0x0000000081c00000|100%| O|  |TAMS 0x0000000081c00000, 0x0000000081b00000| Untracked 
|  28|0x0000000081c00000, 0x0000000081d00000, 0x0000000081d00000|100%|HS|  |TAMS 0x0000000081d00000, 0x0000000081c00000| Complete 
|  29|0x0000000081d00000, 0x0000000081e00000, 0x0000000081e00000|100%|HS|  |TAMS 0x0000000081e00000, 0x0000000081d00000| Complete 
|  30|0x0000000081e00000, 0x0000000081f00000, 0x0000000081f00000|100%|HS|  |TAMS 0x0000000081f00000, 0x0000000081e00000| Complete 
|  31|0x0000000081f00000, 0x0000000082000000, 0x0000000082000000|100%|HC|  |TAMS 0x0000000082000000, 0x0000000081f00000| Complete 
|  32|0x0000000082000000, 0x0000000082100000, 0x0000000082100000|100%| O|  |TAMS 0x0000000082100000, 0x0000000082000000| Untracked 
|  33|0x0000000082100000, 0x0000000082200000, 0x0000000082200000|100%| O|  |TAMS 0x0000000082200000, 0x0000000082100000| Untracked 
|  34|0x0000000082200000, 0x0000000082300000, 0x0000000082300000|100%| O|  |TAMS 0x0000000082300000, 0x0000000082200000| Untracked 
|  35|0x0000000082300000, 0x0000000082400000, 0x0000000082400000|100%| O|  |TAMS 0x0000000082400000, 0x0000000082300000| Untracked 
|  36|0x0000000082400000, 0x0000000082500000, 0x0000000082500000|100%| O|  |TAMS 0x0000000082500000, 0x0000000082400000| Untracked 
|  37|0x0000000082500000, 0x0000000082600000, 0x0000000082600000|100%| O|  |TAMS 0x0000000082600000, 0x0000000082500000| Untracked 
|  38|0x0000000082600000, 0x0000000082700000, 0x0000000082700000|100%| O|  |TAMS 0x0000000082700000, 0x0000000082600000| Untracked 
|  39|0x0000000082700000, 0x0000000082800000, 0x0000000082800000|100%| O|  |TAMS 0x0000000082800000, 0x0000000082700000| Untracked 
|  40|0x0000000082800000, 0x0000000082900000, 0x0000000082900000|100%| O|  |TAMS 0x0000000082900000, 0x0000000082800000| Untracked 
|  41|0x0000000082900000, 0x0000000082a00000, 0x0000000082a00000|100%| O|  |TAMS 0x0000000082a00000, 0x0000000082900000| Updating 
|  42|0x0000000082a00000, 0x0000000082b00000, 0x0000000082b00000|100%| O|  |TAMS 0x0000000082b00000, 0x0000000082a00000| Updating 
|  43|0x0000000082b00000, 0x0000000082c00000, 0x0000000082c00000|100%| O|  |TAMS 0x0000000082c00000, 0x0000000082b00000| Untracked 
|  44|0x0000000082c00000, 0x0000000082d00000, 0x0000000082d00000|100%| O|  |TAMS 0x0000000082d00000, 0x0000000082c00000| Untracked 
|  45|0x0000000082d00000, 0x0000000082e00000, 0x0000000082e00000|100%| O|  |TAMS 0x0000000082e00000, 0x0000000082d00000| Untracked 
|  46|0x0000000082e00000, 0x0000000082f00000, 0x0000000082f00000|100%| O|  |TAMS 0x0000000082f00000, 0x0000000082e00000| Updating 
|  47|0x0000000082f00000, 0x0000000083000000, 0x0000000083000000|100%| O|  |TAMS 0x0000000083000000, 0x0000000082f00000| Updating 
|  48|0x0000000083000000, 0x0000000083100000, 0x0000000083100000|100%| O|  |TAMS 0x0000000083100000, 0x0000000083000000| Untracked 
|  49|0x0000000083100000, 0x0000000083200000, 0x0000000083200000|100%| O|  |TAMS 0x0000000083200000, 0x0000000083100000| Untracked 
|  50|0x0000000083200000, 0x0000000083300000, 0x0000000083300000|100%| O|  |TAMS 0x0000000083300000, 0x0000000083200000| Untracked 
|  51|0x0000000083300000, 0x0000000083400000, 0x0000000083400000|100%| O|  |TAMS 0x0000000083400000, 0x0000000083300000| Untracked 
|  52|0x0000000083400000, 0x0000000083500000, 0x0000000083500000|100%| O|  |TAMS 0x0000000083500000, 0x0000000083400000| Untracked 
|  53|0x0000000083500000, 0x0000000083600000, 0x0000000083600000|100%| O|  |TAMS 0x0000000083600000, 0x0000000083500000| Untracked 
|  54|0x0000000083600000, 0x0000000083700000, 0x0000000083700000|100%| O|  |TAMS 0x0000000083700000, 0x0000000083600000| Untracked 
|  55|0x0000000083700000, 0x0000000083800000, 0x0000000083800000|100%| O|  |TAMS 0x0000000083800000, 0x0000000083700000| Untracked 
|  56|0x0000000083800000, 0x0000000083900000, 0x0000000083900000|100%| O|  |TAMS 0x0000000083900000, 0x0000000083800000| Untracked 
|  57|0x0000000083900000, 0x00000000839d3000, 0x0000000083a00000| 82%| O|  |TAMS 0x00000000839d3000, 0x0000000083900000| Updating 
|  58|0x0000000083a00000, 0x0000000083a00000, 0x0000000083b00000|  0%| F|  |TAMS 0x0000000083a00000, 0x0000000083a00000| Untracked 
|  59|0x0000000083b00000, 0x0000000083b00000, 0x0000000083c00000|  0%| F|  |TAMS 0x0000000083b00000, 0x0000000083b00000| Untracked 
|  60|0x0000000083c00000, 0x0000000083c00000, 0x0000000083d00000|  0%| F|  |TAMS 0x0000000083c00000, 0x0000000083c00000| Untracked 
|  61|0x0000000083d00000, 0x0000000083d00000, 0x0000000083e00000|  0%| F|  |TAMS 0x0000000083d00000, 0x0000000083d00000| Untracked 
|  62|0x0000000083e00000, 0x0000000083e00000, 0x0000000083f00000|  0%| F|  |TAMS 0x0000000083e00000, 0x0000000083e00000| Untracked 
|  63|0x0000000083f00000, 0x0000000083f00000, 0x0000000084000000|  0%| F|  |TAMS 0x0000000083f00000, 0x0000000083f00000| Untracked 
|  64|0x0000000084000000, 0x0000000084000000, 0x0000000084100000|  0%| F|  |TAMS 0x0000000084000000, 0x0000000084000000| Untracked 
|  65|0x0000000084100000, 0x0000000084100000, 0x0000000084200000|  0%| F|  |TAMS 0x0000000084100000, 0x0000000084100000| Untracked 
|  66|0x0000000084200000, 0x0000000084200000, 0x0000000084300000|  0%| F|  |TAMS 0x0000000084200000, 0x0000000084200000| Untracked 
|  67|0x0000000084300000, 0x0000000084300000, 0x0000000084400000|  0%| F|  |TAMS 0x0000000084300000, 0x0000000084300000| Untracked 
|  68|0x0000000084400000, 0x0000000084400000, 0x0000000084500000|  0%| F|  |TAMS 0x0000000084400000, 0x0000000084400000| Untracked 
|  69|0x0000000084500000, 0x0000000084500000, 0x0000000084600000|  0%| F|  |TAMS 0x0000000084500000, 0x0000000084500000| Untracked 
|  70|0x0000000084600000, 0x0000000084600000, 0x0000000084700000|  0%| F|  |TAMS 0x0000000084600000, 0x0000000084600000| Untracked 
|  71|0x0000000084700000, 0x0000000084700000, 0x0000000084800000|  0%| F|  |TAMS 0x0000000084700000, 0x0000000084700000| Untracked 
|  72|0x0000000084800000, 0x00000000848e0e60, 0x0000000084900000| 87%| S|CS|TAMS 0x0000000084800000, 0x0000000084800000| Complete 
|  73|0x0000000084900000, 0x0000000084a00000, 0x0000000084a00000|100%| S|CS|TAMS 0x0000000084900000, 0x0000000084900000| Complete 
|  74|0x0000000084a00000, 0x0000000084b00000, 0x0000000084b00000|100%| S|CS|TAMS 0x0000000084a00000, 0x0000000084a00000| Complete 
|  75|0x0000000084b00000, 0x0000000084c00000, 0x0000000084c00000|100%| S|CS|TAMS 0x0000000084b00000, 0x0000000084b00000| Complete 
|  76|0x0000000084c00000, 0x0000000084c00000, 0x0000000084d00000|  0%| F|  |TAMS 0x0000000084c00000, 0x0000000084c00000| Untracked 
|  77|0x0000000084d00000, 0x0000000084d00000, 0x0000000084e00000|  0%| F|  |TAMS 0x0000000084d00000, 0x0000000084d00000| Untracked 
|  78|0x0000000084e00000, 0x0000000084e00000, 0x0000000084f00000|  0%| F|  |TAMS 0x0000000084e00000, 0x0000000084e00000| Untracked 
|  79|0x0000000084f00000, 0x0000000084f00000, 0x0000000085000000|  0%| F|  |TAMS 0x0000000084f00000, 0x0000000084f00000| Untracked 
|  80|0x0000000085000000, 0x0000000085000000, 0x0000000085100000|  0%| F|  |TAMS 0x0000000085000000, 0x0000000085000000| Untracked 
|  81|0x0000000085100000, 0x0000000085100000, 0x0000000085200000|  0%| F|  |TAMS 0x0000000085100000, 0x0000000085100000| Untracked 
|  82|0x0000000085200000, 0x0000000085200000, 0x0000000085300000|  0%| F|  |TAMS 0x0000000085200000, 0x0000000085200000| Untracked 
|  83|0x0000000085300000, 0x0000000085300000, 0x0000000085400000|  0%| F|  |TAMS 0x0000000085300000, 0x0000000085300000| Untracked 
|  84|0x0000000085400000, 0x0000000085400000, 0x0000000085500000|  0%| F|  |TAMS 0x0000000085400000, 0x0000000085400000| Untracked 
|  85|0x0000000085500000, 0x0000000085500000, 0x0000000085600000|  0%| F|  |TAMS 0x0000000085500000, 0x0000000085500000| Untracked 
|  86|0x0000000085600000, 0x0000000085600000, 0x0000000085700000|  0%| F|  |TAMS 0x0000000085600000, 0x0000000085600000| Untracked 
|  87|0x0000000085700000, 0x0000000085700000, 0x0000000085800000|  0%| F|  |TAMS 0x0000000085700000, 0x0000000085700000| Untracked 
|  88|0x0000000085800000, 0x0000000085800000, 0x0000000085900000|  0%| F|  |TAMS 0x0000000085800000, 0x0000000085800000| Untracked 
|  89|0x0000000085900000, 0x0000000085900000, 0x0000000085a00000|  0%| F|  |TAMS 0x0000000085900000, 0x0000000085900000| Untracked 
|  90|0x0000000085a00000, 0x0000000085a00000, 0x0000000085b00000|  0%| F|  |TAMS 0x0000000085a00000, 0x0000000085a00000| Untracked 
|  91|0x0000000085b00000, 0x0000000085b00000, 0x0000000085c00000|  0%| F|  |TAMS 0x0000000085b00000, 0x0000000085b00000| Untracked 
|  92|0x0000000085c00000, 0x0000000085c00000, 0x0000000085d00000|  0%| F|  |TAMS 0x0000000085c00000, 0x0000000085c00000| Untracked 
|  93|0x0000000085d00000, 0x0000000085d00000, 0x0000000085e00000|  0%| F|  |TAMS 0x0000000085d00000, 0x0000000085d00000| Untracked 
|  94|0x0000000085e00000, 0x0000000085e00000, 0x0000000085f00000|  0%| F|  |TAMS 0x0000000085e00000, 0x0000000085e00000| Untracked 
|  95|0x0000000085f00000, 0x0000000085f00000, 0x0000000086000000|  0%| F|  |TAMS 0x0000000085f00000, 0x0000000085f00000| Untracked 
|  96|0x0000000086000000, 0x0000000086000000, 0x0000000086100000|  0%| F|  |TAMS 0x0000000086000000, 0x0000000086000000| Untracked 
|  97|0x0000000086100000, 0x0000000086100800, 0x0000000086200000|  0%| E|  |TAMS 0x0000000086100000, 0x0000000086100000| Complete 
|  98|0x0000000086200000, 0x0000000086300000, 0x0000000086300000|100%| E|CS|TAMS 0x0000000086200000, 0x0000000086200000| Complete 
|  99|0x0000000086300000, 0x0000000086400000, 0x0000000086400000|100%| E|CS|TAMS 0x0000000086300000, 0x0000000086300000| Complete 
| 100|0x0000000086400000, 0x0000000086500000, 0x0000000086500000|100%| E|CS|TAMS 0x0000000086400000, 0x0000000086400000| Complete 
| 101|0x0000000086500000, 0x0000000086500000, 0x0000000086600000|  0%| F|  |TAMS 0x0000000086500000, 0x0000000086500000| Untracked 
| 102|0x0000000086600000, 0x0000000086600000, 0x0000000086700000|  0%| F|  |TAMS 0x0000000086600000, 0x0000000086600000| Untracked 
| 103|0x0000000086700000, 0x0000000086700000, 0x0000000086800000|  0%| F|  |TAMS 0x0000000086700000, 0x0000000086700000| Untracked 
| 104|0x0000000086800000, 0x0000000086800000, 0x0000000086900000|  0%| F|  |TAMS 0x0000000086800000, 0x0000000086800000| Untracked 
| 105|0x0000000086900000, 0x0000000086900000, 0x0000000086a00000|  0%| F|  |TAMS 0x0000000086900000, 0x0000000086900000| Untracked 
| 106|0x0000000086a00000, 0x0000000086a00000, 0x0000000086b00000|  0%| F|  |TAMS 0x0000000086a00000, 0x0000000086a00000| Untracked 
| 107|0x0000000086b00000, 0x0000000086b00000, 0x0000000086c00000|  0%| F|  |TAMS 0x0000000086b00000, 0x0000000086b00000| Untracked 
| 108|0x0000000086c00000, 0x0000000086c00000, 0x0000000086d00000|  0%| F|  |TAMS 0x0000000086c00000, 0x0000000086c00000| Untracked 
| 109|0x0000000086d00000, 0x0000000086d00000, 0x0000000086e00000|  0%| F|  |TAMS 0x0000000086d00000, 0x0000000086d00000| Untracked 
| 110|0x0000000086e00000, 0x0000000086f00000, 0x0000000086f00000|100%| E|CS|TAMS 0x0000000086e00000, 0x0000000086e00000| Complete 
| 111|0x0000000086f00000, 0x0000000087000000, 0x0000000087000000|100%| E|CS|TAMS 0x0000000086f00000, 0x0000000086f00000| Complete 
| 124|0x0000000087c00000, 0x0000000087d00000, 0x0000000087d00000|100%| E|CS|TAMS 0x0000000087c00000, 0x0000000087c00000| Complete 
| 125|0x0000000087d00000, 0x0000000087e00000, 0x0000000087e00000|100%| E|CS|TAMS 0x0000000087d00000, 0x0000000087d00000| Complete 

Card table byte_map: [0x000002a2f3c60000,0x000002a2f4060000] _byte_map_base: 0x000002a2f3860000

Marking Bits (Prev, Next): (CMBitMap*) 0x000002a2dcc43890, (CMBitMap*) 0x000002a2dcc43850
 Prev Bits: [0x000002a2f6460000, 0x000002a2f8460000)
 Next Bits: [0x000002a2f4460000, 0x000002a2f6460000)

Polling page: 0x000002a2dab20000

Metaspace:

Usage:
  Non-class:     54.31 MB used.
      Class:      8.61 MB used.
       Both:     62.91 MB used.

Virtual space:
  Non-class space:       64.00 MB reserved,      55.06 MB ( 86%) committed,  1 nodes.
      Class space:        1.00 GB reserved,       9.50 MB ( <1%) committed,  1 nodes.
             Both:        1.06 GB reserved,      64.56 MB (  6%) committed. 

Chunk freelists:
   Non-Class:  256.00 KB
       Class:  2.48 MB
        Both:  2.73 MB

MaxMetaspaceSize: unlimited
CompressedClassSpaceSize: 1.00 GB
Initial GC threshold: 21.00 MB
Current GC threshold: 100.31 MB
CDS: on
MetaspaceReclaimPolicy: balanced
 - commit_granule_bytes: 65536.
 - commit_granule_words: 8192.
 - virtual_space_node_default_size: 8388608.
 - enlarge_chunks_in_place: 1.
 - new_chunks_are_fully_committed: 0.
 - uncommit_free_chunks: 1.
 - use_allocation_guard: 0.


Internal statistics:

num_allocs_failed_limit: 6.
num_arena_births: 2948.
num_arena_deaths: 0.
num_vsnodes_births: 2.
num_vsnodes_deaths: 0.
num_space_committed: 1033.
num_space_uncommitted: 0.
num_chunks_returned_to_freelist: 6.
num_chunks_taken_from_freelist: 5829.
num_chunk_merges: 6.
num_chunk_splits: 3830.
num_chunks_enlarged: 2402.
num_inconsistent_stats: 0.

CodeHeap 'non-profiled nmethods': size=120000Kb used=4027Kb max_used=4027Kb free=115972Kb
 bounds [0x000002a2ebff0000, 0x000002a2ec3e0000, 0x000002a2f3520000]
CodeHeap 'profiled nmethods': size=120000Kb used=13235Kb max_used=13235Kb free=106764Kb
 bounds [0x000002a2e4ac0000, 0x000002a2e57b0000, 0x000002a2ebff0000]
CodeHeap 'non-nmethods': size=5760Kb used=2380Kb max_used=2427Kb free=3380Kb
 bounds [0x000002a2e4520000, 0x000002a2e4790000, 0x000002a2e4ac0000]
 total_blobs=7659 nmethods=6778 adapters=793
 compilation: enabled
              stopped_count=0, restarted_count=0
 full_count=0

Compilation events (20 events):
Event: 5.375 Thread 0x000002a2fae44370 7636       3       java.io.ObjectOutputStream$BlockDataOutputStream::getUTFLength (124 bytes)
Event: 5.375 Thread 0x000002a2fae44370 nmethod 7636 0x000002a2e57a8f90 code [0x000002a2e57a9180, 0x000002a2e57a9768]
Event: 5.375 Thread 0x000002a2fae44370 7637       3       java.io.ObjectOutputStream$BlockDataOutputStream::writeBytes (144 bytes)
Event: 5.376 Thread 0x000002a2fae44370 nmethod 7637 0x000002a2e57a9a10 code [0x000002a2e57a9c20, 0x000002a2e57aa2d8]
Event: 5.376 Thread 0x000002a2fae44370 7641       3       java.io.ObjectOutputStream$HandleTable::lookup (56 bytes)
Event: 5.376 Thread 0x000002a2fae44370 nmethod 7641 0x000002a2e57aa610 code [0x000002a2e57aa7e0, 0x000002a2e57aab88]
Event: 5.376 Thread 0x000002a2fae44370 7638       3       java.io.ObjectOutputStream$BlockDataOutputStream::setBlockDataMode (35 bytes)
Event: 5.377 Thread 0x000002a2fae44370 nmethod 7638 0x000002a2e57aad90 code [0x000002a2e57aaf40, 0x000002a2e57ab168]
Event: 5.377 Thread 0x000002a2fae44370 7639       1       java.io.ObjectStreamClass$WeakClassKey::hashCode (5 bytes)
Event: 5.377 Thread 0x000002a2fae44370 nmethod 7639 0x000002a2ec3ddd90 code [0x000002a2ec3ddf20, 0x000002a2ec3ddff8]
Event: 5.377 Thread 0x000002a2fae44370 7640       1       java.io.ObjectStreamField::isUnshared (5 bytes)
Event: 5.377 Thread 0x000002a2fae44370 nmethod 7640 0x000002a2ec3de090 code [0x000002a2ec3de220, 0x000002a2ec3de2f8]
Event: 5.381 Thread 0x000002a2fae44370 7642       3       org.gradle.api.internal.DefaultDomainObjectCollection::<init> (16 bytes)
Event: 5.382 Thread 0x000002a2fae44370 nmethod 7642 0x000002a2e57ab210 code [0x000002a2e57ab400, 0x000002a2e57ab988]
Event: 5.382 Thread 0x000002a2fae44370 7643   !   3       org.gradle.internal.resources.DefaultResourceLockCoordinationService::withStateLock (264 bytes)
Event: 5.384 Thread 0x000002a2fae42190 nmethod 7616 0x000002a2ec3de390 code [0x000002a2ec3de560, 0x000002a2ec3debb8]
Event: 5.384 Thread 0x000002a2fae42190 7609       4       groovy.lang.MetaClassImpl::filterPropertyMethod (305 bytes)
Event: 5.384 Thread 0x000002a2fae44370 nmethod 7643 0x000002a2e57abb90 code [0x000002a2e57ac000, 0x000002a2e57ae168]
Event: 5.384 Thread 0x000002a2fae44370 7644       3       org.gradle.internal.resources.DefaultResourceLockCoordinationService::maybeNotifyStateChange (12 bytes)
Event: 5.384 Thread 0x000002a2fae44370 nmethod 7644 0x000002a2e57af410 code [0x000002a2e57af5e0, 0x000002a2e57afa78]

GC Heap History (20 events):
Event: 3.576 GC heap before
{Heap before GC invocations=11 (full 0):
 garbage-first heap   total 81920K, used 66459K [0x0000000080000000, 0x0000000100000000)
  region size 1024K, 33 young (33792K), 5 survivors (5120K)
 Metaspace       used 42888K, committed 44288K, reserved 1114112K
  class space    used 5935K, committed 6656K, reserved 1048576K
}
Event: 3.580 GC heap after
{Heap after GC invocations=12 (full 0):
 garbage-first heap   total 81920K, used 46285K [0x0000000080000000, 0x0000000100000000)
  region size 1024K, 5 young (5120K), 5 survivors (5120K)
 Metaspace       used 42888K, committed 44288K, reserved 1114112K
  class space    used 5935K, committed 6656K, reserved 1048576K
}
Event: 3.743 GC heap before
{Heap before GC invocations=12 (full 0):
 garbage-first heap   total 81920K, used 64717K [0x0000000080000000, 0x0000000100000000)
  region size 1024K, 23 young (23552K), 5 survivors (5120K)
 Metaspace       used 45871K, committed 47360K, reserved 1114112K
  class space    used 6289K, committed 7040K, reserved 1048576K
}
Event: 3.746 GC heap after
{Heap after GC invocations=13 (full 0):
 garbage-first heap   total 81920K, used 47577K [0x0000000080000000, 0x0000000100000000)
  region size 1024K, 1 young (1024K), 1 survivors (1024K)
 Metaspace       used 45871K, committed 47360K, reserved 1114112K
  class space    used 6289K, committed 7040K, reserved 1048576K
}
Event: 3.913 GC heap before
{Heap before GC invocations=14 (full 0):
 garbage-first heap   total 86016K, used 64985K [0x0000000080000000, 0x0000000100000000)
  region size 1024K, 18 young (18432K), 1 survivors (1024K)
 Metaspace       used 48979K, committed 50432K, reserved 1114112K
  class space    used 6650K, committed 7424K, reserved 1048576K
}
Event: 3.915 GC heap after
{Heap after GC invocations=15 (full 0):
 garbage-first heap   total 86016K, used 48127K [0x0000000080000000, 0x0000000100000000)
  region size 1024K, 2 young (2048K), 2 survivors (2048K)
 Metaspace       used 48979K, committed 50432K, reserved 1114112K
  class space    used 6650K, committed 7424K, reserved 1048576K
}
Event: 4.138 GC heap before
{Heap before GC invocations=15 (full 0):
 garbage-first heap   total 86016K, used 66559K [0x0000000080000000, 0x0000000100000000)
  region size 1024K, 21 young (21504K), 2 survivors (2048K)
 Metaspace       used 52328K, committed 53952K, reserved 1114112K
  class space    used 7098K, committed 7936K, reserved 1048576K
}
Event: 4.141 GC heap after
{Heap after GC invocations=16 (full 0):
 garbage-first heap   total 103424K, used 49481K [0x0000000080000000, 0x0000000100000000)
  region size 1024K, 3 young (3072K), 3 survivors (3072K)
 Metaspace       used 52328K, committed 53952K, reserved 1114112K
  class space    used 7098K, committed 7936K, reserved 1048576K
}
Event: 4.432 GC heap before
{Heap before GC invocations=17 (full 0):
 garbage-first heap   total 103424K, used 80201K [0x0000000080000000, 0x0000000100000000)
  region size 1024K, 34 young (34816K), 3 survivors (3072K)
 Metaspace       used 55945K, committed 57600K, reserved 1114112K
  class space    used 7512K, committed 8384K, reserved 1048576K
}
Event: 4.435 GC heap after
{Heap after GC invocations=18 (full 0):
 garbage-first heap   total 103424K, used 52791K [0x0000000080000000, 0x0000000100000000)
  region size 1024K, 5 young (5120K), 5 survivors (5120K)
 Metaspace       used 55945K, committed 57600K, reserved 1114112K
  class space    used 7512K, committed 8384K, reserved 1048576K
}
Event: 4.550 GC heap before
{Heap before GC invocations=18 (full 0):
 garbage-first heap   total 103424K, used 66103K [0x0000000080000000, 0x0000000100000000)
  region size 1024K, 19 young (19456K), 5 survivors (5120K)
 Metaspace       used 57150K, committed 58752K, reserved 1114112K
  class space    used 7639K, committed 8512K, reserved 1048576K
}
Event: 4.553 GC heap after
{Heap after GC invocations=19 (full 0):
 garbage-first heap   total 103424K, used 54476K [0x0000000080000000, 0x0000000100000000)
  region size 1024K, 2 young (2048K), 2 survivors (2048K)
 Metaspace       used 57150K, committed 58752K, reserved 1114112K
  class space    used 7639K, committed 8512K, reserved 1048576K
}
Event: 4.729 GC heap before
{Heap before GC invocations=20 (full 0):
 garbage-first heap   total 103424K, used 83148K [0x0000000080000000, 0x0000000100000000)
  region size 1024K, 29 young (29696K), 2 survivors (2048K)
 Metaspace       used 58035K, committed 59712K, reserved 1114112K
  class space    used 7785K, committed 8640K, reserved 1048576K
}
Event: 4.731 GC heap after
{Heap after GC invocations=21 (full 0):
 garbage-first heap   total 103424K, used 56157K [0x0000000080000000, 0x0000000100000000)
  region size 1024K, 4 young (4096K), 4 survivors (4096K)
 Metaspace       used 58035K, committed 59712K, reserved 1114112K
  class space    used 7785K, committed 8640K, reserved 1048576K
}
Event: 4.893 GC heap before
{Heap before GC invocations=21 (full 0):
 garbage-first heap   total 103424K, used 81757K [0x0000000080000000, 0x0000000100000000)
  region size 1024K, 29 young (29696K), 4 survivors (4096K)
 Metaspace       used 59599K, committed 61248K, reserved 1114112K
  class space    used 7987K, committed 8832K, reserved 1048576K
}
Event: 4.896 GC heap after
{Heap after GC invocations=22 (full 0):
 garbage-first heap   total 103424K, used 58752K [0x0000000080000000, 0x0000000100000000)
  region size 1024K, 3 young (3072K), 3 survivors (3072K)
 Metaspace       used 59599K, committed 61248K, reserved 1114112K
  class space    used 7987K, committed 8832K, reserved 1048576K
}
Event: 5.170 GC heap before
{Heap before GC invocations=23 (full 0):
 garbage-first heap   total 107520K, used 83328K [0x0000000080000000, 0x0000000100000000)
  region size 1024K, 27 young (27648K), 3 survivors (3072K)
 Metaspace       used 62867K, committed 64512K, reserved 1114112K
  class space    used 8602K, committed 9472K, reserved 1048576K
}
Event: 5.173 GC heap after
{Heap after GC invocations=24 (full 0):
 garbage-first heap   total 107520K, used 60309K [0x0000000080000000, 0x0000000100000000)
  region size 1024K, 2 young (2048K), 2 survivors (2048K)
 Metaspace       used 62867K, committed 64512K, reserved 1114112K
  class space    used 8602K, committed 9472K, reserved 1048576K
}
Event: 5.344 GC heap before
{Heap before GC invocations=24 (full 0):
 garbage-first heap   total 107520K, used 86933K [0x0000000080000000, 0x0000000100000000)
  region size 1024K, 29 young (29696K), 2 survivors (2048K)
 Metaspace       used 64311K, committed 65984K, reserved 1114112K
  class space    used 8796K, committed 9664K, reserved 1048576K
}
Event: 5.347 GC heap after
{Heap after GC invocations=25 (full 0):
 garbage-first heap   total 107520K, used 62547K [0x0000000080000000, 0x0000000100000000)
  region size 1024K, 4 young (4096K), 4 survivors (4096K)
 Metaspace       used 64311K, committed 65984K, reserved 1114112K
  class space    used 8796K, committed 9664K, reserved 1048576K
}

Deoptimization events (20 events):
Event: 5.092 Thread 0x000002a280bfa710 DEOPT PACKING pc=0x000002a2e4b042c9 sp=0x000000d6b0ff8c00
Event: 5.092 Thread 0x000002a280bfa710 DEOPT UNPACKING pc=0x000002a2e4576763 sp=0x000000d6b0ff8110 mode 0
Event: 5.108 Thread 0x000002a280bfa710 DEOPT PACKING pc=0x000002a2e4b042ea sp=0x000000d6b0ff8cc0
Event: 5.108 Thread 0x000002a280bfa710 DEOPT UNPACKING pc=0x000002a2e4576763 sp=0x000000d6b0ff81d0 mode 0
Event: 5.224 Thread 0x000002a280bfa710 Uncommon trap: trap_request=0xffffffde fr.pc=0x000002a2ec345cc0 relative=0x0000000000000980
Event: 5.224 Thread 0x000002a280bfa710 Uncommon trap: reason=class_check action=maybe_recompile pc=0x000002a2ec345cc0 method=org.gradle.internal.instantiation.generator.AbstractClassGenerator$InjectionAnnotationValidator.validateMethod(Ljava/lang/reflect/Method;Lorg/gradle/internal/reflect/Pro
Event: 5.224 Thread 0x000002a280bfa710 DEOPT PACKING pc=0x000002a2ec345cc0 sp=0x000000d6b0ff8c50
Event: 5.224 Thread 0x000002a280bfa710 DEOPT UNPACKING pc=0x000002a2e4575c23 sp=0x000000d6b0ff8c18 mode 2
Event: 5.344 Thread 0x000002a280bfa710 DEOPT PACKING pc=0x000002a2e56a3d6e sp=0x000000d6b0ff8ea0
Event: 5.344 Thread 0x000002a280bfa710 DEOPT UNPACKING pc=0x000002a2e4576763 sp=0x000000d6b0ff8350 mode 0
Event: 5.356 Thread 0x000002a280bfa710 DEOPT PACKING pc=0x000002a2e56a3d6e sp=0x000000d6b0ff7e70
Event: 5.357 Thread 0x000002a280bfa710 DEOPT UNPACKING pc=0x000002a2e4576763 sp=0x000000d6b0ff7320 mode 0
Event: 5.357 Thread 0x000002a280bfa710 Uncommon trap: trap_request=0xffffff45 fr.pc=0x000002a2ec36b4d0 relative=0x0000000000000e10
Event: 5.357 Thread 0x000002a280bfa710 Uncommon trap: reason=unstable_if action=reinterpret pc=0x000002a2ec36b4d0 method=org.codehaus.groovy.runtime.metaclass.MetaMethodIndex.copyNonPrivateNonNewMetaMethods(Lorg/codehaus/groovy/runtime/metaclass/MetaMethodIndex$Entry;Lorg/codehaus/groovy/runti
Event: 5.357 Thread 0x000002a280bfa710 DEOPT PACKING pc=0x000002a2ec36b4d0 sp=0x000000d6b0ff7d60
Event: 5.357 Thread 0x000002a280bfa710 DEOPT UNPACKING pc=0x000002a2e4575c23 sp=0x000000d6b0ff7d38 mode 2
Event: 5.363 Thread 0x000002a280bfa710 Uncommon trap: trap_request=0xffffff45 fr.pc=0x000002a2ec03fcdc relative=0x0000000000000e1c
Event: 5.363 Thread 0x000002a280bfa710 Uncommon trap: reason=unstable_if action=reinterpret pc=0x000002a2ec03fcdc method=java.lang.ClassLoader.checkCerts(Ljava/lang/String;Ljava/security/CodeSource;)V @ 30 c2
Event: 5.363 Thread 0x000002a280bfa710 DEOPT PACKING pc=0x000002a2ec03fcdc sp=0x000000d6b0ff7ab0
Event: 5.363 Thread 0x000002a280bfa710 DEOPT UNPACKING pc=0x000002a2e4575c23 sp=0x000000d6b0ff7a88 mode 2

Classes loaded (20 events):
Event: 5.288 Loading class java/lang/StringCustomizer
Event: 5.288 Loading class java/lang/StringCustomizer done
Event: 5.288 Loading class java/lang/StringCustomizer
Event: 5.288 Loading class java/lang/StringCustomizer done
Event: 5.306 Loading class java/util/Collections$SingletonListBeanInfo
Event: 5.306 Loading class java/util/Collections$SingletonListBeanInfo done
Event: 5.306 Loading class java/util/Collections$SingletonListBeanInfo
Event: 5.306 Loading class java/util/Collections$SingletonListBeanInfo done
Event: 5.306 Loading class java/util/Collections$SingletonListCustomizer
Event: 5.306 Loading class java/util/Collections$SingletonListCustomizer done
Event: 5.306 Loading class java/util/Collections$SingletonListCustomizer
Event: 5.306 Loading class java/util/Collections$SingletonListCustomizer done
Event: 5.332 Loading class java/util/AbstractList$RandomAccessSubList
Event: 5.332 Loading class java/util/AbstractList$SubList
Event: 5.333 Loading class java/util/AbstractList$SubList done
Event: 5.333 Loading class java/util/AbstractList$RandomAccessSubList done
Event: 5.333 Loading class java/util/AbstractList$SubList$1
Event: 5.333 Loading class java/util/AbstractList$SubList$1 done
Event: 5.333 Loading class java/util/AbstractList$ListItr
Event: 5.333 Loading class java/util/AbstractList$ListItr done

Classes unloaded (0 events):
No events

Classes redefined (0 events):
No events

Internal exceptions (20 events):
Event: 5.341 Thread 0x000002a280bfa710 Exception <a 'java/lang/ClassNotFoundException'{0x0000000084c2a848}: com/google/android/gms/dependencies/DependencyInspectorCustomizer> (0x0000000084c2a848) 
thrown [s\open\src\hotspot\share\classfile\systemDictionary.cpp, line 255]
Event: 5.349 Thread 0x000002a280bfa710 Exception <a 'java/lang/ClassNotFoundException'{0x0000000087c920a8}: org/gradle/api/internal/artifacts/configurations/DefaultConfigurationContainer_DecoratedBeanInfo> (0x0000000087c920a8) 
thrown [s\open\src\hotspot\share\classfile\systemDictionary.cpp, line 255]
Event: 5.349 Thread 0x000002a280bfa710 Exception <a 'java/lang/ClassNotFoundException'{0x0000000087c9cd38}: org/gradle/api/internal/artifacts/configurations/DefaultConfigurationContainerBeanInfo> (0x0000000087c9cd38) 
thrown [s\open\src\hotspot\share\classfile\systemDictionary.cpp, line 255]
Event: 5.349 Thread 0x000002a280bfa710 Exception <a 'java/lang/ClassNotFoundException'{0x0000000087ca5d18}: org/gradle/api/internal/AbstractValidatingNamedDomainObjectContainerBeanInfo> (0x0000000087ca5d18) 
thrown [s\open\src\hotspot\share\classfile\systemDictionary.cpp, line 255]
Event: 5.349 Thread 0x000002a280bfa710 Exception <a 'java/lang/ClassNotFoundException'{0x0000000087caecd8}: org/gradle/api/internal/AbstractValidatingNamedDomainObjectContainerCustomizer> (0x0000000087caecd8) 
thrown [s\open\src\hotspot\share\classfile\systemDictionary.cpp, line 255]
Event: 5.350 Thread 0x000002a280bfa710 Exception <a 'java/lang/ClassNotFoundException'{0x0000000087cc48a0}: org/gradle/api/internal/artifacts/configurations/DefaultConfigurationContainerCustomizer> (0x0000000087cc48a0) 
thrown [s\open\src\hotspot\share\classfile\systemDictionary.cpp, line 255]
Event: 5.351 Thread 0x000002a280bfa710 Exception <a 'java/lang/ClassNotFoundException'{0x0000000087ce33b8}: org/gradle/api/internal/artifacts/configurations/DefaultConfigurationContainer_DecoratedCustomizer> (0x0000000087ce33b8) 
thrown [s\open\src\hotspot\share\classfile\systemDictionary.cpp, line 255]
Event: 5.358 Thread 0x000002a280bfa710 Exception <a 'java/lang/ClassNotFoundException'{0x00000000864384e0}: org/gradle/api/internal/artifacts/configurations/DefaultConfiguration_DecoratedBeanInfo> (0x00000000864384e0) 
thrown [s\open\src\hotspot\share\classfile\systemDictionary.cpp, line 255]
Event: 5.358 Thread 0x000002a280bfa710 Exception <a 'java/lang/ClassNotFoundException'{0x0000000086444580}: org/gradle/api/internal/artifacts/configurations/DefaultConfigurationBeanInfo> (0x0000000086444580) 
thrown [s\open\src\hotspot\share\classfile\systemDictionary.cpp, line 255]
Event: 5.358 Thread 0x000002a280bfa710 Exception <a 'java/lang/ClassNotFoundException'{0x000000008644e6c0}: org/gradle/api/internal/file/AbstractFileCollectionBeanInfo> (0x000000008644e6c0) 
thrown [s\open\src\hotspot\share\classfile\systemDictionary.cpp, line 255]
Event: 5.358 Thread 0x000002a280bfa710 Exception <a 'java/lang/ClassNotFoundException'{0x00000000864587d0}: org/gradle/api/internal/file/AbstractFileCollectionCustomizer> (0x00000000864587d0) 
thrown [s\open\src\hotspot\share\classfile\systemDictionary.cpp, line 255]
Event: 5.359 Thread 0x000002a280bfa710 Exception <a 'java/lang/ClassNotFoundException'{0x0000000086476bf0}: org/gradle/api/internal/artifacts/configurations/DefaultConfigurationCustomizer> (0x0000000086476bf0) 
thrown [s\open\src\hotspot\share\classfile\systemDictionary.cpp, line 255]
Event: 5.360 Thread 0x000002a280bfa710 Exception <a 'java/lang/ClassNotFoundException'{0x00000000864df3a8}: org/gradle/api/internal/artifacts/configurations/DefaultConfiguration_DecoratedCustomizer> (0x00000000864df3a8) 
thrown [s\open\src\hotspot\share\classfile\systemDictionary.cpp, line 255]
Event: 5.363 Thread 0x000002a280bfa710 Implicit null exception at 0x000002a2ec03f19d to 0x000002a2ec03fcc8
Event: 5.365 Thread 0x000002a280bfa710 Exception <a 'java/lang/ClassNotFoundException'{0x0000000086396998}: org/codehaus/groovy/runtime/MethodClosureBeanInfo> (0x0000000086396998) 
thrown [s\open\src\hotspot\share\classfile\systemDictionary.cpp, line 255]
Event: 5.365 Thread 0x000002a280bfa710 Exception <a 'java/lang/ClassNotFoundException'{0x00000000863a0a00}: org/codehaus/groovy/runtime/MethodClosureCustomizer> (0x00000000863a0a00) 
thrown [s\open\src\hotspot\share\classfile\systemDictionary.cpp, line 255]
Event: 5.367 Thread 0x000002a280bfa710 Exception <a 'java/lang/ClassNotFoundException'{0x00000000863d2470}: org/gradle/api/internal/artifacts/configurations/DefaultConfiguration$ConfigurationResolvableDependencies_DecoratedBeanInfo> (0x00000000863d2470) 
thrown [s\open\src\hotspot\share\classfile\systemDictionary.cpp, line 255]
Event: 5.367 Thread 0x000002a280bfa710 Exception <a 'java/lang/ClassNotFoundException'{0x00000000863dea88}: org/gradle/api/internal/artifacts/configurations/DefaultConfiguration$ConfigurationResolvableDependenciesBeanInfo> (0x00000000863dea88) 
thrown [s\open\src\hotspot\share\classfile\systemDictionary.cpp, line 255]
Event: 5.367 Thread 0x000002a280bfa710 Exception <a 'java/lang/ClassNotFoundException'{0x00000000863eb088}: org/gradle/api/internal/artifacts/configurations/DefaultConfiguration$ConfigurationResolvableDependenciesCustomizer> (0x00000000863eb088) 
thrown [s\open\src\hotspot\share\classfile\systemDictionary.cpp, line 255]
Event: 5.368 Thread 0x000002a280bfa710 Exception <a 'java/lang/ClassNotFoundException'{0x0000000086207cc8}: org/gradle/api/internal/artifacts/configurations/DefaultConfiguration$ConfigurationResolvableDependencies_DecoratedCustomizer> (0x0000000086207cc8) 
thrown [s\open\src\hotspot\share\classfile\systemDictionary.cpp, line 255]

VM Operations (20 events):
Event: 4.731 Executing VM operation: G1CollectForAllocation done
Event: 4.806 Executing VM operation: HandshakeAllThreads
Event: 4.807 Executing VM operation: HandshakeAllThreads done
Event: 4.892 Executing VM operation: G1CollectForAllocation
Event: 4.897 Executing VM operation: G1CollectForAllocation done
Event: 4.934 Executing VM operation: G1Concurrent
Event: 4.936 Executing VM operation: G1Concurrent done
Event: 4.955 Executing VM operation: G1Concurrent
Event: 4.955 Executing VM operation: G1Concurrent done
Event: 5.148 Executing VM operation: HandshakeAllThreads
Event: 5.148 Executing VM operation: HandshakeAllThreads done
Event: 5.170 Executing VM operation: G1CollectForAllocation
Event: 5.173 Executing VM operation: G1CollectForAllocation done
Event: 5.288 Executing VM operation: HandshakeAllThreads
Event: 5.288 Executing VM operation: HandshakeAllThreads done
Event: 5.333 Executing VM operation: HandshakeAllThreads
Event: 5.334 Executing VM operation: HandshakeAllThreads done
Event: 5.344 Executing VM operation: G1CollectForAllocation
Event: 5.347 Executing VM operation: G1CollectForAllocation done
Event: 5.388 Executing VM operation: G1Concurrent

Events (20 events):
Event: 3.449 Thread 0x000002a2fae48c80 flushing nmethod 0x000002a2e53f3210
Event: 3.449 Thread 0x000002a2fae48c80 flushing nmethod 0x000002a2e53fbd10
Event: 3.449 Thread 0x000002a2fae48c80 flushing nmethod 0x000002a2e5423190
Event: 3.449 Thread 0x000002a2fae48c80 flushing nmethod 0x000002a2e5439b90
Event: 3.449 Thread 0x000002a2fae48c80 flushing nmethod 0x000002a2e54b1690
Event: 3.449 Thread 0x000002a2fae48c80 flushing nmethod 0x000002a2e54b1b90
Event: 3.449 Thread 0x000002a2fae48c80 flushing nmethod 0x000002a2e54b7890
Event: 3.449 Thread 0x000002a2fae48c80 flushing nmethod 0x000002a2e54b7c10
Event: 3.449 Thread 0x000002a2fae48c80 flushing nmethod 0x000002a2e54c7090
Event: 3.449 Thread 0x000002a2fae48c80 flushing nmethod 0x000002a2e54d0590
Event: 3.449 Thread 0x000002a2fae48c80 flushing nmethod 0x000002a2e54d0910
Event: 3.449 Thread 0x000002a2fae48c80 flushing nmethod 0x000002a2e54d1110
Event: 3.449 Thread 0x000002a2fae48c80 flushing nmethod 0x000002a2e54eb210
Event: 3.449 Thread 0x000002a2fae48c80 flushing nmethod 0x000002a2e54ec410
Event: 3.449 Thread 0x000002a2fae48c80 flushing nmethod 0x000002a2e54ecb10
Event: 3.449 Thread 0x000002a2fae48c80 flushing nmethod 0x000002a2e54f9610
Event: 3.449 Thread 0x000002a2fae48c80 flushing nmethod 0x000002a2e5504d90
Event: 4.104 Thread 0x000002a28435bb60 Thread added: 0x000002a28435bb60
Event: 5.290 Thread 0x000002a2fae48c80 flushing nmethod 0x000002a2e4c00010
Event: 5.290 Thread 0x000002a2fae48c80 flushing nmethod 0x000002a2e4c12d10


Dynamic libraries:
0x00007ff7fca00000 - 0x00007ff7fca10000 	C:\Program Files\Java\jdk-18.0.1.1\bin\java.exe
0x00007ff8b6110000 - 0x00007ff8b6307000 	C:\Windows\SYSTEM32\ntdll.dll
0x00007ff8b6010000 - 0x00007ff8b60cd000 	C:\Windows\System32\KERNEL32.DLL
0x00007ff8b39d0000 - 0x00007ff8b3c9d000 	C:\Windows\System32\KERNELBASE.dll
0x00007ff8b4070000 - 0x00007ff8b4170000 	C:\Windows\System32\ucrtbase.dll
0x00007ff8ada70000 - 0x00007ff8ada8a000 	C:\Program Files\Java\jdk-18.0.1.1\bin\VCRUNTIME140.dll
0x00007ff8aebe0000 - 0x00007ff8aebf8000 	C:\Program Files\Java\jdk-18.0.1.1\bin\jli.dll
0x00007ff8b5200000 - 0x00007ff8b52ae000 	C:\Windows\System32\ADVAPI32.dll
0x00007ff8b5860000 - 0x00007ff8b58fe000 	C:\Windows\System32\msvcrt.dll
0x00007ff8b4170000 - 0x00007ff8b420c000 	C:\Windows\System32\sechost.dll
0x00007ff8b50d0000 - 0x00007ff8b51f5000 	C:\Windows\System32\RPCRT4.dll
0x00007ff8b5590000 - 0x00007ff8b5730000 	C:\Windows\System32\USER32.dll
0x00007ff8b3d50000 - 0x00007ff8b3d72000 	C:\Windows\System32\win32u.dll
0x00007ff8b5e10000 - 0x00007ff8b5e3a000 	C:\Windows\System32\GDI32.dll
0x00007ff898630000 - 0x00007ff8988ca000 	C:\Windows\WinSxS\amd64_microsoft.windows.common-controls_6595b64144ccf1df_6.0.19041.1110_none_60b5254171f9507e\COMCTL32.dll
0x00007ff8b3f60000 - 0x00007ff8b406b000 	C:\Windows\System32\gdi32full.dll
0x00007ff8b38a0000 - 0x00007ff8b393d000 	C:\Windows\System32\msvcp_win.dll
0x00007ff8a60b0000 - 0x00007ff8a60ba000 	C:\Windows\SYSTEM32\VERSION.dll
0x00007ff8b54f0000 - 0x00007ff8b5520000 	C:\Windows\System32\IMM32.DLL
0x00007ff8a9cf0000 - 0x00007ff8a9cfc000 	C:\Program Files\Java\jdk-18.0.1.1\bin\vcruntime140_1.dll
0x00007ff88fc20000 - 0x00007ff88fcad000 	C:\Program Files\Java\jdk-18.0.1.1\bin\msvcp140.dll
0x00007ff84c1c0000 - 0x00007ff84cdd0000 	C:\Program Files\Java\jdk-18.0.1.1\bin\server\jvm.dll
0x00007ff8b4210000 - 0x00007ff8b4218000 	C:\Windows\System32\PSAPI.DLL
0x00007ff88e050000 - 0x00007ff88e059000 	C:\Windows\SYSTEM32\WSOCK32.dll
0x00007ff8995e0000 - 0x00007ff899607000 	C:\Windows\SYSTEM32\WINMM.dll
0x00007ff8b5da0000 - 0x00007ff8b5e0b000 	C:\Windows\System32\WS2_32.dll
0x00007ff8b2080000 - 0x00007ff8b2092000 	C:\Windows\SYSTEM32\kernel.appcore.dll
0x00007ff8a9040000 - 0x00007ff8a904a000 	C:\Program Files\Java\jdk-18.0.1.1\bin\jimage.dll
0x00007ff8b12a0000 - 0x00007ff8b1484000 	C:\Windows\SYSTEM32\DBGHELP.DLL
0x00007ff8a2ef0000 - 0x00007ff8a2f1c000 	C:\Windows\SYSTEM32\dbgcore.DLL
0x00007ff8b3940000 - 0x00007ff8b39c2000 	C:\Windows\System32\bcryptPrimitives.dll
0x00007ff8a84f0000 - 0x00007ff8a8515000 	C:\Program Files\Java\jdk-18.0.1.1\bin\java.dll
0x00007ff8739d0000 - 0x00007ff873aa6000 	C:\Program Files\Java\jdk-18.0.1.1\bin\jsvml.dll
0x00007ff8b4710000 - 0x00007ff8b4e54000 	C:\Windows\System32\SHELL32.dll
0x00007ff8b18d0000 - 0x00007ff8b2064000 	C:\Windows\SYSTEM32\windows.storage.dll
0x00007ff8b5a40000 - 0x00007ff8b5d94000 	C:\Windows\System32\combase.dll
0x00007ff8b3290000 - 0x00007ff8b32bc000 	C:\Windows\SYSTEM32\Wldp.dll
0x00007ff8b5310000 - 0x00007ff8b53bd000 	C:\Windows\System32\SHCORE.dll
0x00007ff8b5530000 - 0x00007ff8b5585000 	C:\Windows\System32\shlwapi.dll
0x00007ff8b3770000 - 0x00007ff8b378f000 	C:\Windows\SYSTEM32\profapi.dll
0x00007ff8a8e30000 - 0x00007ff8a8e43000 	C:\Program Files\Java\jdk-18.0.1.1\bin\net.dll
0x00007ff8ad6b0000 - 0x00007ff8ad7ba000 	C:\Windows\SYSTEM32\WINHTTP.dll
0x00007ff8b2ff0000 - 0x00007ff8b305a000 	C:\Windows\system32\mswsock.dll
0x00007ff8a8170000 - 0x00007ff8a8186000 	C:\Program Files\Java\jdk-18.0.1.1\bin\nio.dll
0x00007ff8a8150000 - 0x00007ff8a8168000 	C:\Program Files\Java\jdk-18.0.1.1\bin\zip.dll
0x00007ff8a9030000 - 0x00007ff8a9040000 	C:\Program Files\Java\jdk-18.0.1.1\bin\verify.dll
0x00007ff8a8d50000 - 0x00007ff8a8d77000 	C:\Program Files\Android\gradle-7.3.3\native\e1d6ef7f7dcc3fd88c89a11ec53ec762bb8ba0a96d01ffa2cd45eb1d1d8dd5c5\windows-amd64\native-platform.dll
0x00007ff873400000 - 0x00007ff873544000 	C:\Program Files\Android\gradle-7.3.3\native\5664cfc778a61ccfe75a443a1ab52a65af34e5dc3c78e0209fed803814484fcb\windows-amd64\native-platform-file-events.dll
0x00007ff8a8d30000 - 0x00007ff8a8d39000 	C:\Program Files\Java\jdk-18.0.1.1\bin\management.dll
0x00007ff8a7f80000 - 0x00007ff8a7f8b000 	C:\Program Files\Java\jdk-18.0.1.1\bin\management_ext.dll
0x00007ff8b31e0000 - 0x00007ff8b31f8000 	C:\Windows\SYSTEM32\CRYPTSP.dll
0x00007ff8b28d0000 - 0x00007ff8b2904000 	C:\Windows\system32\rsaenh.dll
0x00007ff8b3dd0000 - 0x00007ff8b3df7000 	C:\Windows\System32\bcrypt.dll
0x00007ff8b3730000 - 0x00007ff8b375e000 	C:\Windows\SYSTEM32\USERENV.dll
0x00007ff8b3200000 - 0x00007ff8b320c000 	C:\Windows\SYSTEM32\CRYPTBASE.dll
0x00007ff8b2c90000 - 0x00007ff8b2ccb000 	C:\Windows\SYSTEM32\IPHLPAPI.DLL
0x00007ff8b4f80000 - 0x00007ff8b4f88000 	C:\Windows\System32\NSI.dll
0x00007ff8a2260000 - 0x00007ff8a2277000 	C:\Windows\SYSTEM32\dhcpcsvc6.DLL
0x00007ff8a25f0000 - 0x00007ff8a260d000 	C:\Windows\SYSTEM32\dhcpcsvc.DLL
0x00007ff8b2ce0000 - 0x00007ff8b2dab000 	C:\Windows\SYSTEM32\DNSAPI.dll

dbghelp: loaded successfully - version: 4.0.5 - missing functions: none
symbol engine: initialized successfully - sym options: 0x614 - pdb path: .;C:\Program Files\Java\jdk-18.0.1.1\bin;C:\Windows\SYSTEM32;C:\Windows\WinSxS\amd64_microsoft.windows.common-controls_6595b64144ccf1df_6.0.19041.1110_none_60b5254171f9507e;C:\Program Files\Java\jdk-18.0.1.1\bin\server;C:\Program Files\Android\gradle-7.3.3\native\e1d6ef7f7dcc3fd88c89a11ec53ec762bb8ba0a96d01ffa2cd45eb1d1d8dd5c5\windows-amd64;C:\Program Files\Android\gradle-7.3.3\native\5664cfc778a61ccfe75a443a1ab52a65af34e5dc3c78e0209fed803814484fcb\windows-amd64

VM Arguments:
jvm_args: --add-opens=java.base/java.util=ALL-UNNAMED --add-opens=java.base/java.lang=ALL-UNNAMED --add-opens=java.base/java.lang.invoke=ALL-UNNAMED --add-opens=java.base/java.util=ALL-UNNAMED --add-opens=java.prefs/java.util.prefs=ALL-UNNAMED --add-opens=java.prefs/java.util.prefs=ALL-UNNAMED --add-opens=java.base/java.nio.charset=ALL-UNNAMED --add-opens=java.base/java.net=ALL-UNNAMED --add-opens=java.base/java.util.concurrent.atomic=ALL-UNNAMED -Xmx2048m -Dfile.encoding=UTF-8 -Duser.country=IN -Duser.language=en -Duser.variant 
java_command: org.gradle.launcher.daemon.bootstrap.GradleDaemon 7.3.3
java_class_path (initial): C:\Program Files\Android\gradle-7.3.3\lib\gradle-launcher-7.3.3.jar
Launcher Type: SUN_STANDARD

[Global flags]
     intx CICompilerCount                          = 4                                         {product} {ergonomic}
     uint ConcGCThreads                            = 2                                         {product} {ergonomic}
     uint G1ConcRefinementThreads                  = 8                                         {product} {ergonomic}
   size_t G1HeapRegionSize                         = 1048576                                   {product} {ergonomic}
    uintx GCDrainStackTargetSize                   = 64                                        {product} {ergonomic}
   size_t InitialHeapSize                          = 132120576                                 {product} {ergonomic}
   size_t MarkStackSize                            = 4194304                                   {product} {ergonomic}
   size_t MaxHeapSize                              = 2147483648                                {product} {command line}
   size_t MaxNewSize                               = 1287651328                                {product} {ergonomic}
   size_t MinHeapDeltaBytes                        = 1048576                                   {product} {ergonomic}
   size_t MinHeapSize                              = 8388608                                   {product} {ergonomic}
    uintx NonNMethodCodeHeapSize                   = 5839372                                {pd product} {ergonomic}
    uintx NonProfiledCodeHeapSize                  = 122909434                              {pd product} {ergonomic}
    uintx ProfiledCodeHeapSize                     = 122909434                              {pd product} {ergonomic}
    uintx ReservedCodeCacheSize                    = 251658240                              {pd product} {ergonomic}
     bool SegmentedCodeCache                       = true                                      {product} {ergonomic}
   size_t SoftMaxHeapSize                          = 2147483648                             {manageable} {ergonomic}
     bool UseCompressedClassPointers               = true                           {product lp64_product} {ergonomic}
     bool UseCompressedOops                        = true                           {product lp64_product} {ergonomic}
     bool UseG1GC                                  = true                                      {product} {ergonomic}
     bool UseLargePagesIndividualAllocation        = false                                  {pd product} {ergonomic}

Logging:
Log output configuration:
 #0: stdout all=warning uptime,level,tags foldmultilines=false
 #1: stderr all=off uptime,level,tags foldmultilines=false

Environment Variables:
JAVA_HOME=C:\Program Files\Java\jdk-18.0.1.1
PATH=C:\Program Files\Common Files\Oracle\Java\javapath;C:\Windows\system32;C:\Windows;C:\Windows\System32\Wbem;C:\Windows\System32\WindowsPowerShell\v1.0\;C:\Windows\System32\OpenSSH\;C:\Program Files\Git\cmd;C:\Users\suraj\AppData\Local\Microsoft\WindowsApps
USERNAME=suraj
OS=Windows_NT
PROCESSOR_IDENTIFIER=Intel64 Family 6 Model 140 Stepping 1, GenuineIntel



---------------  S Y S T E M  ---------------

OS:
 Windows 10 , 64 bit Build 19041 (10.0.19041.1741)
OS uptime: 0 days 2:28 hours
Hyper-V role detected

CPU: total 8 (initial active 8) (4 cores per cpu, 2 threads per core) family 6 model 140 stepping 1 microcode 0x86, cx8, cmov, fxsr, ht, mmx, 3dnowpref, sse, sse2, sse3, ssse3, sse4.1, sse4.2, popcnt, lzcnt, tsc, tscinvbit, avx, avx2, aes, erms, clmul, bmi1, bmi2, adx, avx512f, avx512dq, avx512cd, avx512bw, avx512vl, sha, fma, vzeroupper, avx512_vpopcntdq, avx512_vpclmulqdq, avx512_vaes, avx512_vnni, clflush, clflushopt, clwb, avx512_vbmi2, avx512_vbmi, hv

Memory: 4k page, system-wide physical 7987M (516M free)
TotalPageFile size 7987M (AvailPageFile size 6M)
current process WorkingSet (physical memory assigned to process): 308M, peak: 322M
current process commit charge ("private bytes"): 362M, peak: 367M

vm_info: Java HotSpot(TM) 64-Bit Server VM (18.0.1.1+2-6) for windows-amd64 JRE (18.0.1.1+2-6), built on Apr 25 2022 21:53:15 by "mach5one" with MS VC++ 16.8 / 16.9 (VS2019)

END.
