#
# There is insufficient memory for the Java Runtime Environment to continue.
# Native memory allocation (malloc) failed to allocate 862336 bytes for Chunk::new
# Possible reasons:
#   The system is out of physical RAM or swap space
#   The process is running with CompressedOops enabled, and the Java Heap may be blocking the growth of the native heap
# Possible solutions:
#   Reduce memory load on the system
#   Increase physical memory or swap space
#   Check if swap backing store is full
#   Decrease Java heap size (-Xmx/-Xms)
#   Decrease number of Java threads
#   Decrease Java thread stack sizes (-Xss)
#   Set larger code cache with -XX:ReservedCodeCacheSize=
#   JVM is running with Unscaled Compressed Oops mode in which the Java heap is
#     placed in the first 4GB address space. The Java Heap base address is the
#     maximum limit for the native heap growth. Please use -XX:HeapBaseMinAddress
#     to set the Java Heap base and to place the Java Heap above 4GB virtual address.
# This output file may be truncated or incomplete.
#
#  Out of Memory Error (arena.cpp:184), pid=13412, tid=11388
#
# JRE version: Java(TM) SE Runtime Environment (18.0.1.1+2) (build 18.0.1.1+2-6)
# Java VM: Java HotSpot(TM) 64-Bit Server VM (18.0.1.1+2-6, mixed mode, sharing, tiered, compressed oops, compressed class ptrs, g1 gc, windows-amd64)
# No core dump will be written. Minidumps are not enabled by default on client versions of Windows
#

---------------  S U M M A R Y ------------

Command Line: --add-opens=java.base/java.util=ALL-UNNAMED --add-opens=java.base/java.lang=ALL-UNNAMED --add-opens=java.base/java.lang.invoke=ALL-UNNAMED --add-opens=java.base/java.util=ALL-UNNAMED --add-opens=java.prefs/java.util.prefs=ALL-UNNAMED --add-opens=java.prefs/java.util.prefs=ALL-UNNAMED --add-opens=java.base/java.nio.charset=ALL-UNNAMED --add-opens=java.base/java.net=ALL-UNNAMED --add-opens=java.base/java.util.concurrent.atomic=ALL-UNNAMED -Xmx2048m -Dfile.encoding=UTF-8 -Duser.country=IN -Duser.language=en -Duser.variant org.gradle.launcher.daemon.bootstrap.GradleDaemon 7.3.3

Host: 11th Gen Intel(R) Core(TM) i5-1135G7 @ 2.40GHz, 8 cores, 7G,  Windows 10 , 64 bit Build 19041 (10.0.19041.1741)
Time: Wed Jun 29 23:59:36 2022 India Standard Time elapsed time: 91.015531 seconds (0d 0h 1m 31s)

---------------  T H R E A D  ---------------

Current thread (0x000001c15f433a80):  JavaThread "C2 CompilerThread0" daemon [_thread_in_native, id=11388, stack(0x000000a85d000000,0x000000a85d100000)]


Current CompileTask:
C2:  91015 14350       4       javax.management.ObjectName::construct (1135 bytes)

Stack: [0x000000a85d000000,0x000000a85d100000]
Native frames: (J=compiled Java code, j=interpreted, Vv=VM code, C=native code)
V  [jvm.dll+0x69887a]
V  [jvm.dll+0x7f38bd]
V  [jvm.dll+0x7f51ce]
V  [jvm.dll+0x7f5883]
V  [jvm.dll+0x25ca3f]
V  [jvm.dll+0xb8c2f]
V  [jvm.dll+0xb8fa5]
V  [jvm.dll+0x2c794f]
V  [jvm.dll+0x5a05b0]
V  [jvm.dll+0x238398]
V  [jvm.dll+0x2319c5]
V  [jvm.dll+0x22eeeb]
V  [jvm.dll+0x1b9cfc]
V  [jvm.dll+0x23e8ca]
V  [jvm.dll+0x23cbb5]
V  [jvm.dll+0x7a5fb1]
V  [jvm.dll+0x7a03ea]
V  [jvm.dll+0x697725]
C  [ucrtbase.dll+0x21bb2]
C  [KERNEL32.DLL+0x17034]
C  [ntdll.dll+0x52651]


---------------  P R O C E S S  ---------------

Threads class SMR info:
_java_thread_list=0x000001c1698a31a0, length=147, elements={
0x000001c1411e0a70, 0x000001c15f40f690, 0x000001c15f40ff40, 0x000001c15f42d470,
0x000001c15f42dd20, 0x000001c15f42e5d0, 0x000001c15f430e90, 0x000001c15f433a80,
0x000001c15f4589d0, 0x000001c15f463420, 0x000001c1638c0a60, 0x000001c1638c5150,
0x000001c1650529e0, 0x000001c1650b1740, 0x000001c16538f1a0, 0x000001c1651f2c80,
0x000001c1651f3af0, 0x000001c1651f3fc0, 0x000001c1651f1e10, 0x000001c1651f22e0,
0x000001c166f4ac40, 0x000001c166f49dd0, 0x000001c166f46410, 0x000001c166f4b110,
0x000001c166f44730, 0x000001c1688c5460, 0x000001c1688c2de0, 0x000001c1688c7fb0,
0x000001c1688c8480, 0x000001c1688c2440, 0x000001c1688c15d0, 0x000001c1696a7fc0,
0x000001c1685eaf10, 0x000001c1685e7ef0, 0x000001c1685e7a20, 0x000001c1685e9230,
0x000001c1685e5870, 0x000001c166f44c00, 0x000001c166f468e0, 0x000001c166f485c0,
0x000001c166f450d0, 0x000001c166f4bab0, 0x000001c166f44260, 0x000001c166f455a0,
0x000001c166f45a70, 0x000001c166f45f40, 0x000001c166f480f0, 0x000001c166f46db0,
0x000001c166f47280, 0x000001c166f49430, 0x000001c166f47c20, 0x000001c166f49900,
0x000001c1688c4ac0, 0x000001c1688c0c30, 0x000001c1688c4120, 0x000001c1688c4f90,
0x000001c1688c1100, 0x000001c1688c5930, 0x000001c1688c32b0, 0x000001c1688c2910,
0x000001c1688c3780, 0x000001c1688c3c50, 0x000001c1688c5e00, 0x000001c1688c62d0,
0x000001c1688c67a0, 0x000001c1688c7140, 0x000001c1688c7610, 0x000001c1688c7ae0,
0x000001c1685e83c0, 0x000001c1685e8d60, 0x000001c1685e4a00, 0x000001c1685e9700,
0x000001c1685e9bd0, 0x000001c1685ea0a0, 0x000001c1685ea570, 0x000001c1685e5d40,
0x000001c1685e53a0, 0x000001c1685e6bb0, 0x000001c1685eb3e0, 0x000001c1685eb8b0,
0x000001c1685e6210, 0x000001c1685e7080, 0x000001c1696a8490, 0x000001c1696a8960,
0x000001c1696a8e30, 0x000001c1696a97d0, 0x000001c1696aa640, 0x000001c1696aab10,
0x000001c1696aafe0, 0x000001c1651f27b0, 0x000001c1651f4490, 0x000001c1651f1470,
0x000001c1651f3150, 0x000001c1651f3620, 0x000001c164884d00, 0x000001c16487fb30,
0x000001c164880000, 0x000001c1648839c0, 0x000001c16487de50, 0x000001c16487d4b0,
0x000001c16487f660, 0x000001c1648821b0, 0x000001c1648809a0, 0x000001c1648834f0,
0x000001c16487d980, 0x000001c1648804d0, 0x000001c164882680, 0x000001c164882b50,
0x000001c164884360, 0x000001c16487e320, 0x000001c16487e7f0, 0x000001c16487ecc0,
0x000001c164884830, 0x000001c16487f190, 0x000001c164880e70, 0x000001c164883e90,
0x000001c164881340, 0x000001c164881810, 0x000001c164881ce0, 0x000001c164883020,
0x000001c163802c20, 0x000001c163806f80, 0x000001c163804dd0, 0x000001c163806110,
0x000001c163803a90, 0x000001c1638000d0, 0x000001c163804900, 0x000001c1638005a0,
0x000001c163800a70, 0x000001c163805770, 0x000001c1638030f0, 0x000001c1638035c0,
0x000001c163800f40, 0x000001c163803f60, 0x000001c1638065e0, 0x000001c163804430,
0x000001c163807450, 0x000001c163801410, 0x000001c1638052a0, 0x000001c163805c40,
0x000001c163806ab0, 0x000001c1638018e0, 0x000001c163802750, 0x000001c1685eaa40,
0x000001c166f4a770, 0x000001c169e94070, 0x000001c169e97560
}

Java Threads: ( => current thread )
  0x000001c1411e0a70 JavaThread "main" [_thread_blocked, id=10892, stack(0x000000a85c300000,0x000000a85c400000)]
  0x000001c15f40f690 JavaThread "Reference Handler" daemon [_thread_blocked, id=2924, stack(0x000000a85ca00000,0x000000a85cb00000)]
  0x000001c15f40ff40 JavaThread "Finalizer" daemon [_thread_blocked, id=15268, stack(0x000000a85cb00000,0x000000a85cc00000)]
  0x000001c15f42d470 JavaThread "Signal Dispatcher" daemon [_thread_blocked, id=4792, stack(0x000000a85cc00000,0x000000a85cd00000)]
  0x000001c15f42dd20 JavaThread "Attach Listener" daemon [_thread_blocked, id=13928, stack(0x000000a85cd00000,0x000000a85ce00000)]
  0x000001c15f42e5d0 JavaThread "Service Thread" daemon [_thread_blocked, id=10208, stack(0x000000a85ce00000,0x000000a85cf00000)]
  0x000001c15f430e90 JavaThread "Monitor Deflation Thread" daemon [_thread_blocked, id=1532, stack(0x000000a85cf00000,0x000000a85d000000)]
=>0x000001c15f433a80 JavaThread "C2 CompilerThread0" daemon [_thread_in_native, id=11388, stack(0x000000a85d000000,0x000000a85d100000)]
  0x000001c15f4589d0 JavaThread "C1 CompilerThread0" daemon [_thread_blocked, id=13856, stack(0x000000a85d100000,0x000000a85d200000)]
  0x000001c15f463420 JavaThread "Sweeper thread" daemon [_thread_blocked, id=10328, stack(0x000000a85d200000,0x000000a85d300000)]
  0x000001c1638c0a60 JavaThread "Common-Cleaner" daemon [_thread_blocked, id=3816, stack(0x000000a85d300000,0x000000a85d400000)]
  0x000001c1638c5150 JavaThread "Notification Thread" daemon [_thread_blocked, id=12632, stack(0x000000a85d400000,0x000000a85d500000)]
  0x000001c1650529e0 JavaThread "Daemon health stats" [_thread_blocked, id=14120, stack(0x000000a85dc00000,0x000000a85dd00000)]
  0x000001c1650b1740 JavaThread "Incoming local TCP Connector on port 51264" [_thread_in_native, id=14356, stack(0x000000a85dd00000,0x000000a85de00000)]
  0x000001c16538f1a0 JavaThread "Daemon periodic checks" [_thread_blocked, id=2192, stack(0x000000a85de00000,0x000000a85df00000)]
  0x000001c1651f2c80 JavaThread "Cache worker for journal cache (C:\Program Files\Android\gradle-7.3.3\caches\journal-1)" [_thread_blocked, id=11316, stack(0x000000a85e600000,0x000000a85e700000)]
  0x000001c1651f3af0 JavaThread "File lock request listener" [_thread_in_native, id=15244, stack(0x000000a85e700000,0x000000a85e800000)]
  0x000001c1651f3fc0 JavaThread "Cache worker for file hash cache (C:\Program Files\Android\gradle-7.3.3\caches\7.3.3\fileHashes)" [_thread_blocked, id=15340, stack(0x000000a85e800000,0x000000a85e900000)]
  0x000001c1651f1e10 JavaThread "File watcher server" daemon [_thread_in_native, id=1700, stack(0x000000a85eb00000,0x000000a85ec00000)]
  0x000001c1651f22e0 JavaThread "File watcher consumer" daemon [_thread_blocked, id=6528, stack(0x000000a85ec00000,0x000000a85ed00000)]
  0x000001c166f4ac40 JavaThread "Cache worker for execution history cache (C:\Program Files\Android\gradle-7.3.3\caches\7.3.3\executionHistory)" [_thread_blocked, id=12652, stack(0x000000a85f300000,0x000000a85f400000)]
  0x000001c166f49dd0 JavaThread "jar transforms" [_thread_blocked, id=3172, stack(0x000000a85f400000,0x000000a85f500000)]
  0x000001c166f46410 JavaThread "Cache worker for file content cache (C:\Program Files\Android\gradle-7.3.3\caches\7.3.3\fileContent)" [_thread_blocked, id=4652, stack(0x000000a85f500000,0x000000a85f600000)]
  0x000001c166f4b110 JavaThread "jar transforms Thread 2" [_thread_blocked, id=10204, stack(0x000000a85f600000,0x000000a85f700000)]
  0x000001c166f44730 JavaThread "jar transforms Thread 3" [_thread_blocked, id=2024, stack(0x000000a85f800000,0x000000a85f900000)]
  0x000001c1688c5460 JavaThread "jar transforms Thread 4" [_thread_blocked, id=8000, stack(0x000000a864a00000,0x000000a864b00000)]
  0x000001c1688c2de0 JavaThread "jar transforms Thread 5" [_thread_blocked, id=10376, stack(0x000000a864b00000,0x000000a864c00000)]
  0x000001c1688c7fb0 JavaThread "jar transforms Thread 6" [_thread_blocked, id=3128, stack(0x000000a864c00000,0x000000a864d00000)]
  0x000001c1688c8480 JavaThread "jar transforms Thread 7" [_thread_blocked, id=14504, stack(0x000000a864d00000,0x000000a864e00000)]
  0x000001c1688c2440 JavaThread "jar transforms Thread 8" [_thread_blocked, id=14232, stack(0x000000a864e00000,0x000000a864f00000)]
  0x000001c1688c15d0 JavaThread "Memory manager" [_thread_blocked, id=2952, stack(0x000000a864f00000,0x000000a865000000)]
  0x000001c1696a7fc0 JavaThread "pool-3-thread-1" [_thread_blocked, id=8488, stack(0x000000a865100000,0x000000a865200000)]
  0x000001c1685eaf10 JavaThread "ForkJoinPool.commonPool-worker-1" daemon [_thread_blocked, id=14548, stack(0x000000a865f00000,0x000000a866000000)]
  0x000001c1685e7ef0 JavaThread "ForkJoinPool.commonPool-worker-2" daemon [_thread_blocked, id=14520, stack(0x000000a866000000,0x000000a866100000)]
  0x000001c1685e7a20 JavaThread "ForkJoinPool.commonPool-worker-3" daemon [_thread_blocked, id=9276, stack(0x000000a866100000,0x000000a866200000)]
  0x000001c1685e9230 JavaThread "ForkJoinPool.commonPool-worker-5" daemon [_thread_blocked, id=4536, stack(0x000000a866300000,0x000000a866400000)]
  0x000001c1685e5870 JavaThread "ForkJoinPool.commonPool-worker-6" daemon [_thread_blocked, id=10768, stack(0x000000a866400000,0x000000a866500000)]
  0x000001c166f44c00 JavaThread "Daemon Thread 2" [_thread_blocked, id=7656, stack(0x000000a85c000000,0x000000a85c100000)]
  0x000001c166f468e0 JavaThread "Handler for socket connection from /127.0.0.1:51264 to /127.0.0.1:51317" [_thread_in_native, id=11284, stack(0x000000a85c100000,0x000000a85c200000)]
  0x000001c166f485c0 JavaThread "Cancel handler" [_thread_blocked, id=1828, stack(0x000000a85c200000,0x000000a85c300000)]
  0x000001c166f450d0 JavaThread "Daemon worker Thread 2" [_thread_blocked, id=3924, stack(0x000000a85df00000,0x000000a85e000000)]
  0x000001c166f4bab0 JavaThread "Asynchronous log dispatcher for DefaultDaemonConnection: socket connection from /127.0.0.1:51264 to /127.0.0.1:51317" [_thread_blocked, id=9784, stack(0x000000a85e100000,0x000000a85e200000)]
  0x000001c166f44260 JavaThread "Stdin handler" [_thread_blocked, id=8240, stack(0x000000a85e200000,0x000000a85e300000)]
  0x000001c166f455a0 JavaThread "Daemon client event forwarder" [_thread_blocked, id=14224, stack(0x000000a85e300000,0x000000a85e400000)]
  0x000001c166f45a70 JavaThread "Cache worker for file hash cache (D:\EmailLogin\.gradle\7.3.3\fileHashes)" [_thread_blocked, id=7788, stack(0x000000a85e400000,0x000000a85e500000)]
  0x000001c166f45f40 JavaThread "Cache worker for checksums cache (D:\EmailLogin\.gradle\7.3.3\checksums)" [_thread_blocked, id=12276, stack(0x000000a85e900000,0x000000a85ea00000)]
  0x000001c166f480f0 JavaThread "Cache worker for cache directory md-supplier (C:\Program Files\Android\gradle-7.3.3\caches\7.3.3\md-supplier)" [_thread_blocked, id=8124, stack(0x000000a85ea00000,0x000000a85eb00000)]
  0x000001c166f46db0 JavaThread "Cache worker for cache directory md-rule (C:\Program Files\Android\gradle-7.3.3\caches\7.3.3\md-rule)" [_thread_blocked, id=11404, stack(0x000000a85ef00000,0x000000a85f000000)]
  0x000001c166f47280 JavaThread "Cache worker for dependencies-accessors (D:\EmailLogin\.gradle\7.3.3\dependencies-accessors)" [_thread_blocked, id=11536, stack(0x000000a85f000000,0x000000a85f100000)]
  0x000001c166f49430 JavaThread "Cache worker for Build Output Cleanup Cache (D:\EmailLogin\.gradle\buildOutputCleanup)" [_thread_blocked, id=7716, stack(0x000000a85f200000,0x000000a85f300000)]
  0x000001c166f47c20 JavaThread "Unconstrained build operations" [_thread_blocked, id=11476, stack(0x000000a85f700000,0x000000a85f800000)]
  0x000001c166f49900 JavaThread "Unconstrained build operations Thread 2" [_thread_blocked, id=11780, stack(0x000000a85f900000,0x000000a85fa00000)]
  0x000001c1688c4ac0 JavaThread "Unconstrained build operations Thread 3" [_thread_blocked, id=6288, stack(0x000000a85fa00000,0x000000a85fb00000)]
  0x000001c1688c0c30 JavaThread "Unconstrained build operations Thread 4" [_thread_blocked, id=10960, stack(0x000000a85fb00000,0x000000a85fc00000)]
  0x000001c1688c4120 JavaThread "Unconstrained build operations Thread 5" [_thread_blocked, id=5192, stack(0x000000a85fc00000,0x000000a85fd00000)]
  0x000001c1688c4f90 JavaThread "Unconstrained build operations Thread 6" [_thread_blocked, id=10920, stack(0x000000a85fd00000,0x000000a85fe00000)]
  0x000001c1688c1100 JavaThread "Unconstrained build operations Thread 7" [_thread_blocked, id=5156, stack(0x000000a85fe00000,0x000000a85ff00000)]
  0x000001c1688c5930 JavaThread "Unconstrained build operations Thread 8" [_thread_blocked, id=4084, stack(0x000000a85ff00000,0x000000a860000000)]
  0x000001c1688c32b0 JavaThread "Unconstrained build operations Thread 9" [_thread_blocked, id=4256, stack(0x000000a860000000,0x000000a860100000)]
  0x000001c1688c2910 JavaThread "Unconstrained build operations Thread 10" [_thread_blocked, id=7340, stack(0x000000a860100000,0x000000a860200000)]
  0x000001c1688c3780 JavaThread "Unconstrained build operations Thread 11" [_thread_blocked, id=11548, stack(0x000000a860200000,0x000000a860300000)]
  0x000001c1688c3c50 JavaThread "Unconstrained build operations Thread 12" [_thread_blocked, id=8780, stack(0x000000a860300000,0x000000a860400000)]
  0x000001c1688c5e00 JavaThread "Unconstrained build operations Thread 13" [_thread_blocked, id=3616, stack(0x000000a860400000,0x000000a860500000)]
  0x000001c1688c62d0 JavaThread "Unconstrained build operations Thread 14" [_thread_blocked, id=8188, stack(0x000000a860500000,0x000000a860600000)]
  0x000001c1688c67a0 JavaThread "Unconstrained build operations Thread 15" [_thread_blocked, id=7524, stack(0x000000a860600000,0x000000a860700000)]
  0x000001c1688c7140 JavaThread "Unconstrained build operations Thread 16" [_thread_blocked, id=9920, stack(0x000000a860700000,0x000000a860800000)]
  0x000001c1688c7610 JavaThread "Unconstrained build operations Thread 17" [_thread_blocked, id=8548, stack(0x000000a860800000,0x000000a860900000)]
  0x000001c1688c7ae0 JavaThread "Unconstrained build operations Thread 18" [_thread_blocked, id=12464, stack(0x000000a860900000,0x000000a860a00000)]
  0x000001c1685e83c0 JavaThread "Unconstrained build operations Thread 19" [_thread_blocked, id=6208, stack(0x000000a860a00000,0x000000a860b00000)]
  0x000001c1685e8d60 JavaThread "Unconstrained build operations Thread 20" [_thread_blocked, id=1952, stack(0x000000a860b00000,0x000000a860c00000)]
  0x000001c1685e4a00 JavaThread "Unconstrained build operations Thread 21" [_thread_blocked, id=324, stack(0x000000a860c00000,0x000000a860d00000)]
  0x000001c1685e9700 JavaThread "Unconstrained build operations Thread 22" [_thread_blocked, id=10952, stack(0x000000a860d00000,0x000000a860e00000)]
  0x000001c1685e9bd0 JavaThread "Unconstrained build operations Thread 23" [_thread_blocked, id=13516, stack(0x000000a860e00000,0x000000a860f00000)]
  0x000001c1685ea0a0 JavaThread "Unconstrained build operations Thread 24" [_thread_blocked, id=13588, stack(0x000000a860f00000,0x000000a861000000)]
  0x000001c1685ea570 JavaThread "Unconstrained build operations Thread 25" [_thread_blocked, id=6804, stack(0x000000a861000000,0x000000a861100000)]
  0x000001c1685e5d40 JavaThread "Unconstrained build operations Thread 26" [_thread_blocked, id=11664, stack(0x000000a861100000,0x000000a861200000)]
  0x000001c1685e53a0 JavaThread "Unconstrained build operations Thread 27" [_thread_blocked, id=10584, stack(0x000000a861200000,0x000000a861300000)]
  0x000001c1685e6bb0 JavaThread "Unconstrained build operations Thread 28" [_thread_blocked, id=8672, stack(0x000000a861300000,0x000000a861400000)]
  0x000001c1685eb3e0 JavaThread "Unconstrained build operations Thread 29" [_thread_blocked, id=11644, stack(0x000000a861400000,0x000000a861500000)]
  0x000001c1685eb8b0 JavaThread "Unconstrained build operations Thread 30" [_thread_blocked, id=2840, stack(0x000000a861500000,0x000000a861600000)]
  0x000001c1685e6210 JavaThread "Unconstrained build operations Thread 31" [_thread_blocked, id=12224, stack(0x000000a861600000,0x000000a861700000)]
  0x000001c1685e7080 JavaThread "Unconstrained build operations Thread 32" [_thread_blocked, id=8748, stack(0x000000a861700000,0x000000a861800000)]
  0x000001c1696a8490 JavaThread "Unconstrained build operations Thread 33" [_thread_blocked, id=7856, stack(0x000000a861800000,0x000000a861900000)]
  0x000001c1696a8960 JavaThread "Unconstrained build operations Thread 34" [_thread_blocked, id=11908, stack(0x000000a861900000,0x000000a861a00000)]
  0x000001c1696a8e30 JavaThread "Unconstrained build operations Thread 35" [_thread_blocked, id=11096, stack(0x000000a861a00000,0x000000a861b00000)]
  0x000001c1696a97d0 JavaThread "Unconstrained build operations Thread 36" [_thread_blocked, id=13092, stack(0x000000a861b00000,0x000000a861c00000)]
  0x000001c1696aa640 JavaThread "Unconstrained build operations Thread 37" [_thread_blocked, id=3028, stack(0x000000a861c00000,0x000000a861d00000)]
  0x000001c1696aab10 JavaThread "Unconstrained build operations Thread 38" [_thread_blocked, id=9984, stack(0x000000a861d00000,0x000000a861e00000)]
  0x000001c1696aafe0 JavaThread "Unconstrained build operations Thread 39" [_thread_blocked, id=11384, stack(0x000000a861e00000,0x000000a861f00000)]
  0x000001c1651f27b0 JavaThread "Unconstrained build operations Thread 40" [_thread_blocked, id=13704, stack(0x000000a861f00000,0x000000a862000000)]
  0x000001c1651f4490 JavaThread "Unconstrained build operations Thread 41" [_thread_blocked, id=9660, stack(0x000000a862000000,0x000000a862100000)]
  0x000001c1651f1470 JavaThread "Unconstrained build operations Thread 42" [_thread_blocked, id=10844, stack(0x000000a862100000,0x000000a862200000)]
  0x000001c1651f3150 JavaThread "Unconstrained build operations Thread 43" [_thread_blocked, id=10776, stack(0x000000a862200000,0x000000a862300000)]
  0x000001c1651f3620 JavaThread "Unconstrained build operations Thread 44" [_thread_blocked, id=13328, stack(0x000000a862300000,0x000000a862400000)]
  0x000001c164884d00 JavaThread "Unconstrained build operations Thread 45" [_thread_blocked, id=7580, stack(0x000000a862400000,0x000000a862500000)]
  0x000001c16487fb30 JavaThread "Unconstrained build operations Thread 46" [_thread_blocked, id=3188, stack(0x000000a862500000,0x000000a862600000)]
  0x000001c164880000 JavaThread "Unconstrained build operations Thread 47" [_thread_blocked, id=1088, stack(0x000000a862600000,0x000000a862700000)]
  0x000001c1648839c0 JavaThread "Unconstrained build operations Thread 48" [_thread_blocked, id=12184, stack(0x000000a862700000,0x000000a862800000)]
  0x000001c16487de50 JavaThread "Unconstrained build operations Thread 49" [_thread_blocked, id=2820, stack(0x000000a862800000,0x000000a862900000)]
  0x000001c16487d4b0 JavaThread "Unconstrained build operations Thread 50" [_thread_blocked, id=9948, stack(0x000000a862900000,0x000000a862a00000)]
  0x000001c16487f660 JavaThread "Unconstrained build operations Thread 51" [_thread_blocked, id=12264, stack(0x000000a862a00000,0x000000a862b00000)]
  0x000001c1648821b0 JavaThread "Unconstrained build operations Thread 52" [_thread_blocked, id=11120, stack(0x000000a862b00000,0x000000a862c00000)]
  0x000001c1648809a0 JavaThread "Unconstrained build operations Thread 53" [_thread_blocked, id=15132, stack(0x000000a862c00000,0x000000a862d00000)]
  0x000001c1648834f0 JavaThread "Unconstrained build operations Thread 54" [_thread_blocked, id=3084, stack(0x000000a862d00000,0x000000a862e00000)]
  0x000001c16487d980 JavaThread "Unconstrained build operations Thread 55" [_thread_blocked, id=12344, stack(0x000000a862e00000,0x000000a862f00000)]
  0x000001c1648804d0 JavaThread "Unconstrained build operations Thread 56" [_thread_blocked, id=13116, stack(0x000000a862f00000,0x000000a863000000)]
  0x000001c164882680 JavaThread "Unconstrained build operations Thread 57" [_thread_blocked, id=11480, stack(0x000000a863000000,0x000000a863100000)]
  0x000001c164882b50 JavaThread "Unconstrained build operations Thread 58" [_thread_blocked, id=13576, stack(0x000000a863100000,0x000000a863200000)]
  0x000001c164884360 JavaThread "Unconstrained build operations Thread 59" [_thread_blocked, id=11616, stack(0x000000a863200000,0x000000a863300000)]
  0x000001c16487e320 JavaThread "Unconstrained build operations Thread 60" [_thread_blocked, id=11076, stack(0x000000a863300000,0x000000a863400000)]
  0x000001c16487e7f0 JavaThread "Unconstrained build operations Thread 61" [_thread_blocked, id=11840, stack(0x000000a863400000,0x000000a863500000)]
  0x000001c16487ecc0 JavaThread "Unconstrained build operations Thread 62" [_thread_blocked, id=10668, stack(0x000000a863500000,0x000000a863600000)]
  0x000001c164884830 JavaThread "Unconstrained build operations Thread 63" [_thread_blocked, id=3832, stack(0x000000a863600000,0x000000a863700000)]
  0x000001c16487f190 JavaThread "Unconstrained build operations Thread 64" [_thread_blocked, id=4280, stack(0x000000a863700000,0x000000a863800000)]
  0x000001c164880e70 JavaThread "Unconstrained build operations Thread 65" [_thread_blocked, id=15140, stack(0x000000a863800000,0x000000a863900000)]
  0x000001c164883e90 JavaThread "Unconstrained build operations Thread 66" [_thread_blocked, id=1000, stack(0x000000a863900000,0x000000a863a00000)]
  0x000001c164881340 JavaThread "Unconstrained build operations Thread 67" [_thread_blocked, id=5544, stack(0x000000a863a00000,0x000000a863b00000)]
  0x000001c164881810 JavaThread "Unconstrained build operations Thread 68" [_thread_blocked, id=3288, stack(0x000000a863b00000,0x000000a863c00000)]
  0x000001c164881ce0 JavaThread "Unconstrained build operations Thread 69" [_thread_blocked, id=4276, stack(0x000000a863c00000,0x000000a863d00000)]
  0x000001c164883020 JavaThread "Unconstrained build operations Thread 70" [_thread_blocked, id=4332, stack(0x000000a863d00000,0x000000a863e00000)]
  0x000001c163802c20 JavaThread "Unconstrained build operations Thread 71" [_thread_blocked, id=9264, stack(0x000000a863e00000,0x000000a863f00000)]
  0x000001c163806f80 JavaThread "Unconstrained build operations Thread 72" [_thread_blocked, id=3876, stack(0x000000a863f00000,0x000000a864000000)]
  0x000001c163804dd0 JavaThread "Unconstrained build operations Thread 73" [_thread_blocked, id=14488, stack(0x000000a864000000,0x000000a864100000)]
  0x000001c163806110 JavaThread "Unconstrained build operations Thread 74" [_thread_blocked, id=14044, stack(0x000000a864100000,0x000000a864200000)]
  0x000001c163803a90 JavaThread "Unconstrained build operations Thread 75" [_thread_blocked, id=5288, stack(0x000000a864200000,0x000000a864300000)]
  0x000001c1638000d0 JavaThread "Unconstrained build operations Thread 76" [_thread_blocked, id=14284, stack(0x000000a864300000,0x000000a864400000)]
  0x000001c163804900 JavaThread "Unconstrained build operations Thread 77" [_thread_blocked, id=2872, stack(0x000000a864400000,0x000000a864500000)]
  0x000001c1638005a0 JavaThread "Unconstrained build operations Thread 78" [_thread_blocked, id=8112, stack(0x000000a864500000,0x000000a864600000)]
  0x000001c163800a70 JavaThread "Unconstrained build operations Thread 79" [_thread_blocked, id=15356, stack(0x000000a864600000,0x000000a864700000)]
  0x000001c163805770 JavaThread "Unconstrained build operations Thread 80" [_thread_blocked, id=8088, stack(0x000000a864700000,0x000000a864800000)]
  0x000001c1638030f0 JavaThread "build event listener" [_thread_blocked, id=5552, stack(0x000000a864800000,0x000000a864900000)]
  0x000001c1638035c0 JavaThread "pool-8-thread-1" [_thread_blocked, id=10428, stack(0x000000a864900000,0x000000a864a00000)]
  0x000001c163800f40 JavaThread "build event listener" [_thread_blocked, id=13240, stack(0x000000a865000000,0x000000a865100000)]
  0x000001c163803f60 JavaThread "Execution worker for ':'" [_thread_blocked, id=15016, stack(0x000000a865200000,0x000000a865300000)]
  0x000001c1638065e0 JavaThread "Execution worker for ':' Thread 2" [_thread_blocked, id=13216, stack(0x000000a865300000,0x000000a865400000)]
  0x000001c163804430 JavaThread "Execution worker for ':' Thread 3" [_thread_blocked, id=15228, stack(0x000000a865400000,0x000000a865500000)]
  0x000001c163807450 JavaThread "Execution worker for ':' Thread 4" [_thread_blocked, id=1332, stack(0x000000a865500000,0x000000a865600000)]
  0x000001c163801410 JavaThread "Execution worker for ':' Thread 5" [_thread_blocked, id=7732, stack(0x000000a865600000,0x000000a865700000)]
  0x000001c1638052a0 JavaThread "Execution worker for ':' Thread 6" [_thread_blocked, id=10272, stack(0x000000a865700000,0x000000a865800000)]
  0x000001c163805c40 JavaThread "Execution worker for ':' Thread 7" [_thread_blocked, id=14552, stack(0x000000a865800000,0x000000a865900000)]
  0x000001c163806ab0 JavaThread "Cache worker for execution history cache (D:\EmailLogin\.gradle\7.3.3\executionHistory)" [_thread_blocked, id=8160, stack(0x000000a865900000,0x000000a865a00000)]
  0x000001c1638018e0 JavaThread "WorkerExecutor Queue" [_thread_blocked, id=8628, stack(0x000000a865b00000,0x000000a865c00000)]
  0x000001c163802750 JavaThread "WorkerExecutor Queue Thread 2" [_thread_blocked, id=6944, stack(0x000000a865d00000,0x000000a865e00000)]
  0x000001c1685eaa40 JavaThread "WorkerExecutor Queue Thread 3" [_thread_blocked, id=10796, stack(0x000000a865e00000,0x000000a865f00000)]
  0x000001c166f4a770 JavaThread "pool-9-thread-1" [_thread_blocked, id=8116, stack(0x000000a866200000,0x000000a866300000)]
  0x000001c169e94070 JavaThread "stderr" [_thread_in_native, id=10276, stack(0x000000a866500000,0x000000a866600000)]
  0x000001c169e97560 JavaThread "stdout" [_thread_in_native, id=4968, stack(0x000000a866600000,0x000000a866700000)]

Other Threads:
  0x000001c15f40cb20 VMThread "VM Thread" [stack: 0x000000a85c900000,0x000000a85ca00000] [id=3940]
  0x000001c1638c6c70 WatcherThread "VM Periodic Task Thread" [stack: 0x000000a85d500000,0x000000a85d600000] [id=2304]
  0x000001c141241fa0 WorkerThread "GC Thread#0" [stack: 0x000000a85c400000,0x000000a85c500000] [id=2140]
  0x000001c1641a16f0 WorkerThread "GC Thread#1" [stack: 0x000000a85d700000,0x000000a85d800000] [id=7024]
  0x000001c163918480 WorkerThread "GC Thread#2" [stack: 0x000000a85d800000,0x000000a85d900000] [id=12164]
  0x000001c163f958a0 WorkerThread "GC Thread#3" [stack: 0x000000a85d900000,0x000000a85da00000] [id=4476]
  0x000001c163f95b40 WorkerThread "GC Thread#4" [stack: 0x000000a85da00000,0x000000a85db00000] [id=3032]
  0x000001c1650fed90 WorkerThread "GC Thread#5" [stack: 0x000000a85db00000,0x000000a85dc00000] [id=15256]
  0x000001c164eb7fe0 WorkerThread "GC Thread#6" [stack: 0x000000a85ed00000,0x000000a85ee00000] [id=11104]
  0x000001c1685d2d00 WorkerThread "GC Thread#7" [stack: 0x000000a85ee00000,0x000000a85ef00000] [id=2920]
  0x000001c141252de0 ConcurrentGCThread "G1 Main Marker" [stack: 0x000000a85c500000,0x000000a85c600000] [id=3436]
  0x000001c1412536e0 WorkerThread "G1 Conc#0" [stack: 0x000000a85c600000,0x000000a85c700000] [id=9740]
  0x000001c16529e850 WorkerThread "G1 Conc#1" [stack: 0x000000a85f100000,0x000000a85f200000] [id=3636]
  0x000001c1412a4520 ConcurrentGCThread "G1 Refine#0" [stack: 0x000000a85c700000,0x000000a85c800000] [id=12212]
  0x000001c16926c0f0 ConcurrentGCThread "G1 Refine#1" [stack: 0x000000a865a00000,0x000000a865b00000] [id=13592]
  0x000001c1412a4d40 ConcurrentGCThread "G1 Service" [stack: 0x000000a85c800000,0x000000a85c900000] [id=7828]

Threads with active compile tasks:
C2 CompilerThread0    91034 14350       4       javax.management.ObjectName::construct (1135 bytes)

VM state: not at safepoint (normal execution)

VM Mutex/Monitor currently owned by a thread: None

Heap address: 0x0000000080000000, size: 2048 MB, Compressed Oops mode: 32-bit

CDS archive(s) mapped at: [0x0000000800000000-0x0000000800ba0000-0x0000000800ba0000), size 12189696, SharedBaseAddress: 0x0000000800000000, ArchiveRelocationMode: 0.
Compressed class space mapped at: 0x0000000800c00000-0x0000000840c00000, reserved size: 1073741824
Narrow klass base: 0x0000000800000000, Narrow klass shift: 0, Narrow klass range: 0x100000000

GC Precious Log:
 CardTable entry size: 512
 Card Set container configuration: InlinePtr #cards 5 size 8 Array Of Cards #cards 12 size 40 Howl #buckets 4 coarsen threshold 1843 Howl Bitmap #cards 512 size 80 coarsen threshold 460 Card regions per heap region 1 cards per card region 2048
 CPUs: 8 total, 8 available
 Memory: 7987M
 Large Page Support: Disabled
 NUMA Support: Disabled
 Compressed Oops: Enabled (32-bit)
 Heap Region Size: 1M
 Heap Min Capacity: 8M
 Heap Initial Capacity: 126M
 Heap Max Capacity: 2G
 Pre-touch: Disabled
 Parallel Workers: 8
 Concurrent Workers: 2
 Concurrent Refinement Workers: 8
 Periodic GC: Disabled

Heap:
 garbage-first heap   total 240640K, used 173026K [0x0000000080000000, 0x0000000100000000)
  region size 1024K, 44 young (45056K), 10 survivors (10240K)
 Metaspace       used 92063K, committed 93952K, reserved 1179648K
  class space    used 12118K, committed 13120K, reserved 1048576K

Heap Regions: E=young(eden), S=young(survivor), O=old, HS=humongous(starts), HC=humongous(continues), CS=collection set, F=free, OA=open archive, CA=closed archive, TAMS=top-at-mark-start (previous, next)
|   0|0x0000000080000000, 0x0000000080100000, 0x0000000080100000|100%| O|  |TAMS 0x0000000080100000, 0x0000000080000000| Untracked 
|   1|0x0000000080100000, 0x0000000080200000, 0x0000000080200000|100%| O|  |TAMS 0x0000000080200000, 0x0000000080100000| Untracked 
|   2|0x0000000080200000, 0x0000000080300000, 0x0000000080300000|100%| O|  |TAMS 0x0000000080300000, 0x0000000080200000| Untracked 
|   3|0x0000000080300000, 0x0000000080400000, 0x0000000080400000|100%|HS|  |TAMS 0x0000000080400000, 0x0000000080300000| Complete 
|   4|0x0000000080400000, 0x0000000080500000, 0x0000000080500000|100%|HC|  |TAMS 0x0000000080500000, 0x0000000080400000| Complete 
|   5|0x0000000080500000, 0x0000000080600000, 0x0000000080600000|100%|HC|  |TAMS 0x0000000080600000, 0x0000000080500000| Complete 
|   6|0x0000000080600000, 0x0000000080700000, 0x0000000080700000|100%| O|  |TAMS 0x0000000080700000, 0x0000000080600000| Untracked 
|   7|0x0000000080700000, 0x0000000080800000, 0x0000000080800000|100%| O|  |TAMS 0x0000000080800000, 0x0000000080700000| Untracked 
|   8|0x0000000080800000, 0x0000000080900000, 0x0000000080900000|100%| O|  |TAMS 0x0000000080900000, 0x0000000080800000| Untracked 
|   9|0x0000000080900000, 0x0000000080a00000, 0x0000000080a00000|100%| O|  |TAMS 0x0000000080a00000, 0x0000000080900000| Untracked 
|  10|0x0000000080a00000, 0x0000000080b00000, 0x0000000080b00000|100%| O|  |TAMS 0x0000000080b00000, 0x0000000080a00000| Untracked 
|  11|0x0000000080b00000, 0x0000000080c00000, 0x0000000080c00000|100%| O|  |TAMS 0x0000000080c00000, 0x0000000080b00000| Untracked 
|  12|0x0000000080c00000, 0x0000000080d00000, 0x0000000080d00000|100%| O|  |TAMS 0x0000000080d00000, 0x0000000080c00000| Untracked 
|  13|0x0000000080d00000, 0x0000000080e00000, 0x0000000080e00000|100%| O|  |TAMS 0x0000000080e00000, 0x0000000080d00000| Untracked 
|  14|0x0000000080e00000, 0x0000000080f00000, 0x0000000080f00000|100%| O|  |TAMS 0x0000000080f00000, 0x0000000080e00000| Untracked 
|  15|0x0000000080f00000, 0x0000000081000000, 0x0000000081000000|100%| O|  |TAMS 0x0000000081000000, 0x0000000080f00000| Untracked 
|  16|0x0000000081000000, 0x0000000081100000, 0x0000000081100000|100%| O|  |TAMS 0x0000000081100000, 0x0000000081000000| Untracked 
|  17|0x0000000081100000, 0x0000000081200000, 0x0000000081200000|100%| O|  |TAMS 0x0000000081200000, 0x0000000081100000| Untracked 
|  18|0x0000000081200000, 0x0000000081300000, 0x0000000081300000|100%| O|  |TAMS 0x0000000081300000, 0x0000000081200000| Untracked 
|  19|0x0000000081300000, 0x00000000813c0000, 0x0000000081400000| 75%| O|  |TAMS 0x00000000813c0000, 0x0000000081300000| Untracked 
|  20|0x0000000081400000, 0x0000000081500000, 0x0000000081500000|100%| O|  |TAMS 0x0000000081500000, 0x0000000081400000| Untracked 
|  21|0x0000000081500000, 0x0000000081600000, 0x0000000081600000|100%| O|  |TAMS 0x0000000081600000, 0x0000000081500000| Untracked 
|  22|0x0000000081600000, 0x0000000081700000, 0x0000000081700000|100%| O|  |TAMS 0x0000000081700000, 0x0000000081600000| Untracked 
|  23|0x0000000081700000, 0x0000000081800000, 0x0000000081800000|100%| O|  |TAMS 0x0000000081800000, 0x0000000081700000| Untracked 
|  24|0x0000000081800000, 0x0000000081900000, 0x0000000081900000|100%| O|  |TAMS 0x0000000081900000, 0x0000000081800000| Untracked 
|  25|0x0000000081900000, 0x0000000081a00000, 0x0000000081a00000|100%| O|  |TAMS 0x0000000081a00000, 0x0000000081900000| Untracked 
|  26|0x0000000081a00000, 0x0000000081b00000, 0x0000000081b00000|100%| O|  |TAMS 0x0000000081b00000, 0x0000000081a00000| Untracked 
|  27|0x0000000081b00000, 0x0000000081c00000, 0x0000000081c00000|100%| O|  |TAMS 0x0000000081c00000, 0x0000000081b00000| Untracked 
|  28|0x0000000081c00000, 0x0000000081d00000, 0x0000000081d00000|100%|HS|  |TAMS 0x0000000081d00000, 0x0000000081c00000| Complete 
|  29|0x0000000081d00000, 0x0000000081e00000, 0x0000000081e00000|100%|HS|  |TAMS 0x0000000081e00000, 0x0000000081d00000| Complete 
|  30|0x0000000081e00000, 0x0000000081f00000, 0x0000000081f00000|100%|HS|  |TAMS 0x0000000081f00000, 0x0000000081e00000| Complete 
|  31|0x0000000081f00000, 0x0000000082000000, 0x0000000082000000|100%|HC|  |TAMS 0x0000000082000000, 0x0000000081f00000| Complete 
|  32|0x0000000082000000, 0x0000000082100000, 0x0000000082100000|100%| O|  |TAMS 0x0000000082100000, 0x0000000082000000| Untracked 
|  33|0x0000000082100000, 0x0000000082200000, 0x0000000082200000|100%| O|  |TAMS 0x0000000082200000, 0x0000000082100000| Untracked 
|  34|0x0000000082200000, 0x0000000082300000, 0x0000000082300000|100%| O|  |TAMS 0x0000000082300000, 0x0000000082200000| Untracked 
|  35|0x0000000082300000, 0x0000000082400000, 0x0000000082400000|100%| O|  |TAMS 0x0000000082400000, 0x0000000082300000| Untracked 
|  36|0x0000000082400000, 0x0000000082500000, 0x0000000082500000|100%| O|  |TAMS 0x0000000082500000, 0x0000000082400000| Untracked 
|  37|0x0000000082500000, 0x0000000082600000, 0x0000000082600000|100%| O|  |TAMS 0x0000000082600000, 0x0000000082500000| Untracked 
|  38|0x0000000082600000, 0x0000000082700000, 0x0000000082700000|100%| O|  |TAMS 0x0000000082700000, 0x0000000082600000| Untracked 
|  39|0x0000000082700000, 0x0000000082800000, 0x0000000082800000|100%| O|  |TAMS 0x0000000082800000, 0x0000000082700000| Untracked 
|  40|0x0000000082800000, 0x0000000082900000, 0x0000000082900000|100%| O|  |TAMS 0x0000000082900000, 0x0000000082800000| Untracked 
|  41|0x0000000082900000, 0x0000000082a00000, 0x0000000082a00000|100%| O|  |TAMS 0x0000000082a00000, 0x0000000082900000| Untracked 
|  42|0x0000000082a00000, 0x0000000082b00000, 0x0000000082b00000|100%| O|  |TAMS 0x0000000082b00000, 0x0000000082a00000| Untracked 
|  43|0x0000000082b00000, 0x0000000082c00000, 0x0000000082c00000|100%| O|  |TAMS 0x0000000082c00000, 0x0000000082b00000| Untracked 
|  44|0x0000000082c00000, 0x0000000082d00000, 0x0000000082d00000|100%| O|  |TAMS 0x0000000082d00000, 0x0000000082c00000| Untracked 
|  45|0x0000000082d00000, 0x0000000082e00000, 0x0000000082e00000|100%| O|  |TAMS 0x0000000082e00000, 0x0000000082d00000| Untracked 
|  46|0x0000000082e00000, 0x0000000082f00000, 0x0000000082f00000|100%| O|  |TAMS 0x0000000082f00000, 0x0000000082e00000| Untracked 
|  47|0x0000000082f00000, 0x0000000083000000, 0x0000000083000000|100%| O|  |TAMS 0x0000000083000000, 0x0000000082f00000| Untracked 
|  48|0x0000000083000000, 0x0000000083100000, 0x0000000083100000|100%| O|  |TAMS 0x0000000083100000, 0x0000000083000000| Untracked 
|  49|0x0000000083100000, 0x0000000083200000, 0x0000000083200000|100%| O|  |TAMS 0x0000000083200000, 0x0000000083100000| Untracked 
|  50|0x0000000083200000, 0x0000000083300000, 0x0000000083300000|100%| O|  |TAMS 0x0000000083300000, 0x0000000083200000| Untracked 
|  51|0x0000000083300000, 0x0000000083400000, 0x0000000083400000|100%| O|  |TAMS 0x0000000083400000, 0x0000000083300000| Untracked 
|  52|0x0000000083400000, 0x0000000083500000, 0x0000000083500000|100%| O|  |TAMS 0x0000000083500000, 0x0000000083400000| Untracked 
|  53|0x0000000083500000, 0x0000000083600000, 0x0000000083600000|100%| O|  |TAMS 0x0000000083600000, 0x0000000083500000| Untracked 
|  54|0x0000000083600000, 0x0000000083700000, 0x0000000083700000|100%| O|  |TAMS 0x0000000083700000, 0x0000000083600000| Untracked 
|  55|0x0000000083700000, 0x0000000083800000, 0x0000000083800000|100%| O|  |TAMS 0x0000000083800000, 0x0000000083700000| Untracked 
|  56|0x0000000083800000, 0x0000000083900000, 0x0000000083900000|100%| O|  |TAMS 0x0000000083900000, 0x0000000083800000| Untracked 
|  57|0x0000000083900000, 0x0000000083a00000, 0x0000000083a00000|100%| O|  |TAMS 0x0000000083a00000, 0x0000000083900000| Untracked 
|  58|0x0000000083a00000, 0x0000000083b00000, 0x0000000083b00000|100%| O|  |TAMS 0x0000000083b00000, 0x0000000083a00000| Untracked 
|  59|0x0000000083b00000, 0x0000000083c00000, 0x0000000083c00000|100%| O|  |TAMS 0x0000000083c00000, 0x0000000083b00000| Untracked 
|  60|0x0000000083c00000, 0x0000000083d00000, 0x0000000083d00000|100%| O|  |TAMS 0x0000000083d00000, 0x0000000083c00000| Untracked 
|  61|0x0000000083d00000, 0x0000000083e00000, 0x0000000083e00000|100%| O|  |TAMS 0x0000000083e00000, 0x0000000083d00000| Untracked 
|  62|0x0000000083e00000, 0x0000000083f00000, 0x0000000083f00000|100%| O|  |TAMS 0x0000000083f00000, 0x0000000083e00000| Untracked 
|  63|0x0000000083f00000, 0x0000000084000000, 0x0000000084000000|100%| O|  |TAMS 0x0000000084000000, 0x0000000083f00000| Untracked 
|  64|0x0000000084000000, 0x0000000084100000, 0x0000000084100000|100%| O|  |TAMS 0x0000000084100000, 0x0000000084000000| Untracked 
|  65|0x0000000084100000, 0x0000000084200000, 0x0000000084200000|100%| O|  |TAMS 0x0000000084200000, 0x0000000084100000| Untracked 
|  66|0x0000000084200000, 0x0000000084300000, 0x0000000084300000|100%| O|  |TAMS 0x0000000084300000, 0x0000000084200000| Untracked 
|  67|0x0000000084300000, 0x0000000084400000, 0x0000000084400000|100%| O|  |TAMS 0x0000000084300000, 0x0000000084300000| Untracked 
|  68|0x0000000084400000, 0x0000000084500000, 0x0000000084500000|100%| O|  |TAMS 0x0000000084500000, 0x0000000084400000| Untracked 
|  69|0x0000000084500000, 0x0000000084600000, 0x0000000084600000|100%| O|  |TAMS 0x0000000084600000, 0x0000000084500000| Untracked 
|  70|0x0000000084600000, 0x0000000084700000, 0x0000000084700000|100%| O|  |TAMS 0x0000000084700000, 0x0000000084600000| Untracked 
|  71|0x0000000084700000, 0x0000000084800000, 0x0000000084800000|100%| O|  |TAMS 0x0000000084800000, 0x0000000084700000| Untracked 
|  72|0x0000000084800000, 0x0000000084900000, 0x0000000084900000|100%| O|  |TAMS 0x0000000084900000, 0x0000000084800000| Untracked 
|  73|0x0000000084900000, 0x0000000084a00000, 0x0000000084a00000|100%| O|  |TAMS 0x0000000084a00000, 0x0000000084900000| Untracked 
|  74|0x0000000084a00000, 0x0000000084b00000, 0x0000000084b00000|100%| O|  |TAMS 0x0000000084b00000, 0x0000000084a00000| Untracked 
|  75|0x0000000084b00000, 0x0000000084c00000, 0x0000000084c00000|100%| O|  |TAMS 0x0000000084c00000, 0x0000000084b00000| Untracked 
|  76|0x0000000084c00000, 0x0000000084d00000, 0x0000000084d00000|100%| O|  |TAMS 0x0000000084d00000, 0x0000000084c00000| Untracked 
|  77|0x0000000084d00000, 0x0000000084e00000, 0x0000000084e00000|100%| O|  |TAMS 0x0000000084e00000, 0x0000000084d00000| Untracked 
|  78|0x0000000084e00000, 0x0000000084f00000, 0x0000000084f00000|100%| O|  |TAMS 0x0000000084f00000, 0x0000000084e00000| Untracked 
|  79|0x0000000084f00000, 0x0000000085000000, 0x0000000085000000|100%| O|  |TAMS 0x0000000085000000, 0x0000000084f00000| Complete 
|  80|0x0000000085000000, 0x0000000085100000, 0x0000000085100000|100%| O|  |TAMS 0x0000000085100000, 0x0000000085000000| Untracked 
|  81|0x0000000085100000, 0x0000000085200000, 0x0000000085200000|100%| O|  |TAMS 0x0000000085200000, 0x0000000085100000| Untracked 
|  82|0x0000000085200000, 0x0000000085300000, 0x0000000085300000|100%| O|  |TAMS 0x0000000085300000, 0x0000000085200000| Untracked 
|  83|0x0000000085300000, 0x0000000085400000, 0x0000000085400000|100%| O|  |TAMS 0x0000000085400000, 0x0000000085300000| Untracked 
|  84|0x0000000085400000, 0x0000000085500000, 0x0000000085500000|100%| O|  |TAMS 0x0000000085500000, 0x0000000085400000| Untracked 
|  85|0x0000000085500000, 0x0000000085600000, 0x0000000085600000|100%| O|  |TAMS 0x0000000085600000, 0x0000000085500000| Untracked 
|  86|0x0000000085600000, 0x0000000085700000, 0x0000000085700000|100%| O|  |TAMS 0x0000000085700000, 0x0000000085600000| Untracked 
|  87|0x0000000085700000, 0x0000000085800000, 0x0000000085800000|100%| O|  |TAMS 0x0000000085800000, 0x0000000085700000| Untracked 
|  88|0x0000000085800000, 0x0000000085900000, 0x0000000085900000|100%| O|  |TAMS 0x0000000085900000, 0x0000000085800000| Untracked 
|  89|0x0000000085900000, 0x0000000085a00000, 0x0000000085a00000|100%| O|  |TAMS 0x0000000085a00000, 0x0000000085900000| Untracked 
|  90|0x0000000085a00000, 0x0000000085b00000, 0x0000000085b00000|100%| O|  |TAMS 0x0000000085b00000, 0x0000000085a00000| Untracked 
|  91|0x0000000085b00000, 0x0000000085c00000, 0x0000000085c00000|100%| O|  |TAMS 0x0000000085c00000, 0x0000000085b00000| Untracked 
|  92|0x0000000085c00000, 0x0000000085d00000, 0x0000000085d00000|100%| O|  |TAMS 0x0000000085d00000, 0x0000000085c00000| Untracked 
|  93|0x0000000085d00000, 0x0000000085e00000, 0x0000000085e00000|100%| O|  |TAMS 0x0000000085e00000, 0x0000000085d00000| Untracked 
|  94|0x0000000085e00000, 0x0000000085f00000, 0x0000000085f00000|100%| O|  |TAMS 0x0000000085f00000, 0x0000000085e00000| Complete 
|  95|0x0000000085f00000, 0x0000000086000000, 0x0000000086000000|100%| O|  |TAMS 0x0000000085f30600, 0x0000000085f00000| Untracked 
|  96|0x0000000086000000, 0x0000000086100000, 0x0000000086100000|100%| O|  |TAMS 0x0000000086000000, 0x0000000086000000| Untracked 
|  97|0x0000000086100000, 0x0000000086200000, 0x0000000086200000|100%| O|  |TAMS 0x0000000086100000, 0x0000000086100000| Untracked 
|  98|0x0000000086200000, 0x0000000086300000, 0x0000000086300000|100%| O|  |TAMS 0x0000000086200000, 0x0000000086200000| Untracked 
|  99|0x0000000086300000, 0x0000000086400000, 0x0000000086400000|100%| O|  |TAMS 0x0000000086300000, 0x0000000086300000| Untracked 
| 100|0x0000000086400000, 0x0000000086500000, 0x0000000086500000|100%| O|  |TAMS 0x0000000086400000, 0x0000000086400000| Untracked 
| 101|0x0000000086500000, 0x0000000086538a00, 0x0000000086600000| 22%| O|  |TAMS 0x0000000086500000, 0x0000000086500000| Untracked 
| 102|0x0000000086600000, 0x0000000086700000, 0x0000000086700000|100%| O|  |TAMS 0x0000000086700000, 0x0000000086600000| Untracked 
| 103|0x0000000086700000, 0x0000000086800000, 0x0000000086800000|100%| O|  |TAMS 0x0000000086800000, 0x0000000086700000| Untracked 
| 104|0x0000000086800000, 0x0000000086900000, 0x0000000086900000|100%| O|  |TAMS 0x0000000086900000, 0x0000000086800000| Untracked 
| 105|0x0000000086900000, 0x0000000086a00000, 0x0000000086a00000|100%| O|  |TAMS 0x0000000086a00000, 0x0000000086900000| Untracked 
| 106|0x0000000086a00000, 0x0000000086b00000, 0x0000000086b00000|100%| O|  |TAMS 0x0000000086b00000, 0x0000000086a00000| Complete 
| 107|0x0000000086b00000, 0x0000000086b00000, 0x0000000086c00000|  0%| F|  |TAMS 0x0000000086b00000, 0x0000000086b00000| Untracked 
| 108|0x0000000086c00000, 0x0000000086d00000, 0x0000000086d00000|100%| O|  |TAMS 0x0000000086d00000, 0x0000000086c00000| Complete 
| 109|0x0000000086d00000, 0x0000000086e00000, 0x0000000086e00000|100%|HS|  |TAMS 0x0000000086d00000, 0x0000000086d00000| Complete 
| 110|0x0000000086e00000, 0x0000000086e00000, 0x0000000086f00000|  0%| F|  |TAMS 0x0000000086e00000, 0x0000000086e00000| Untracked 
| 111|0x0000000086f00000, 0x0000000087000000, 0x0000000087000000|100%| O|  |TAMS 0x0000000087000000, 0x0000000086f00000| Untracked 
| 112|0x0000000087000000, 0x0000000087100000, 0x0000000087100000|100%| O|  |TAMS 0x0000000087100000, 0x0000000087000000| Complete 
| 113|0x0000000087100000, 0x0000000087200000, 0x0000000087200000|100%| O|  |TAMS 0x0000000087200000, 0x0000000087100000| Untracked 
| 114|0x0000000087200000, 0x0000000087300000, 0x0000000087300000|100%|HS|  |TAMS 0x0000000087200000, 0x0000000087200000| Complete 
| 115|0x0000000087300000, 0x0000000087400000, 0x0000000087400000|100%|HC|  |TAMS 0x0000000087300000, 0x0000000087300000| Complete 
| 116|0x0000000087400000, 0x0000000087500000, 0x0000000087500000|100%|HS|  |TAMS 0x0000000087400000, 0x0000000087400000| Complete 
| 117|0x0000000087500000, 0x0000000087600000, 0x0000000087600000|100%|HC|  |TAMS 0x0000000087500000, 0x0000000087500000| Complete 
| 118|0x0000000087600000, 0x0000000087700000, 0x0000000087700000|100%|HC|  |TAMS 0x0000000087600000, 0x0000000087600000| Complete 
| 119|0x0000000087700000, 0x0000000087800000, 0x0000000087800000|100%|HC|  |TAMS 0x0000000087700000, 0x0000000087700000| Complete 
| 120|0x0000000087800000, 0x0000000087900000, 0x0000000087900000|100%|HS|  |TAMS 0x0000000087800000, 0x0000000087800000| Complete 
| 121|0x0000000087900000, 0x0000000087a00000, 0x0000000087a00000|100%|HC|  |TAMS 0x0000000087900000, 0x0000000087900000| Complete 
| 122|0x0000000087a00000, 0x0000000087b00000, 0x0000000087b00000|100%|HS|  |TAMS 0x0000000087a00000, 0x0000000087a00000| Complete 
| 123|0x0000000087b00000, 0x0000000087c00000, 0x0000000087c00000|100%|HC|  |TAMS 0x0000000087b00000, 0x0000000087b00000| Complete 
| 124|0x0000000087c00000, 0x0000000087d00000, 0x0000000087d00000|100%|HC|  |TAMS 0x0000000087c00000, 0x0000000087c00000| Complete 
| 125|0x0000000087d00000, 0x0000000087e00000, 0x0000000087e00000|100%|HC|  |TAMS 0x0000000087d00000, 0x0000000087d00000| Complete 
| 126|0x0000000087e00000, 0x0000000087f00000, 0x0000000087f00000|100%|HS|  |TAMS 0x0000000087e00000, 0x0000000087e00000| Complete 
| 127|0x0000000087f00000, 0x0000000088000000, 0x0000000088000000|100%|HC|  |TAMS 0x0000000087f00000, 0x0000000087f00000| Complete 
| 128|0x0000000088000000, 0x0000000088100000, 0x0000000088100000|100%|HC|  |TAMS 0x0000000088000000, 0x0000000088000000| Complete 
| 129|0x0000000088100000, 0x0000000088200000, 0x0000000088200000|100%|HC|  |TAMS 0x0000000088100000, 0x0000000088100000| Complete 
| 130|0x0000000088200000, 0x0000000088200000, 0x0000000088300000|  0%| F|  |TAMS 0x0000000088200000, 0x0000000088200000| Untracked 
| 131|0x0000000088300000, 0x0000000088300000, 0x0000000088400000|  0%| F|  |TAMS 0x0000000088300000, 0x0000000088300000| Untracked 
| 132|0x0000000088400000, 0x0000000088400000, 0x0000000088500000|  0%| F|  |TAMS 0x0000000088400000, 0x0000000088400000| Untracked 
| 133|0x0000000088500000, 0x0000000088500000, 0x0000000088600000|  0%| F|  |TAMS 0x0000000088500000, 0x0000000088500000| Untracked 
| 134|0x0000000088600000, 0x0000000088600000, 0x0000000088700000|  0%| F|  |TAMS 0x0000000088600000, 0x0000000088600000| Untracked 
| 135|0x0000000088700000, 0x0000000088700000, 0x0000000088800000|  0%| F|  |TAMS 0x0000000088700000, 0x0000000088700000| Untracked 
| 136|0x0000000088800000, 0x0000000088800000, 0x0000000088900000|  0%| F|  |TAMS 0x0000000088800000, 0x0000000088800000| Untracked 
| 137|0x0000000088900000, 0x0000000088900000, 0x0000000088a00000|  0%| F|  |TAMS 0x0000000088900000, 0x0000000088900000| Untracked 
| 138|0x0000000088a00000, 0x0000000088a00000, 0x0000000088b00000|  0%| F|  |TAMS 0x0000000088a00000, 0x0000000088a00000| Untracked 
| 139|0x0000000088b00000, 0x0000000088b00000, 0x0000000088c00000|  0%| F|  |TAMS 0x0000000088b00000, 0x0000000088b00000| Untracked 
| 140|0x0000000088c00000, 0x0000000088c00000, 0x0000000088d00000|  0%| F|  |TAMS 0x0000000088c00000, 0x0000000088c00000| Untracked 
| 141|0x0000000088d00000, 0x0000000088d00000, 0x0000000088e00000|  0%| F|  |TAMS 0x0000000088d00000, 0x0000000088d00000| Untracked 
| 142|0x0000000088e00000, 0x0000000088e00000, 0x0000000088f00000|  0%| F|  |TAMS 0x0000000088e00000, 0x0000000088e00000| Untracked 
| 143|0x0000000088f00000, 0x0000000088f00000, 0x0000000089000000|  0%| F|  |TAMS 0x0000000088f00000, 0x0000000088f00000| Untracked 
| 144|0x0000000089000000, 0x0000000089000000, 0x0000000089100000|  0%| F|  |TAMS 0x0000000089000000, 0x0000000089000000| Untracked 
| 145|0x0000000089100000, 0x0000000089100000, 0x0000000089200000|  0%| F|  |TAMS 0x0000000089100000, 0x0000000089100000| Untracked 
| 146|0x0000000089200000, 0x0000000089200000, 0x0000000089300000|  0%| F|  |TAMS 0x0000000089200000, 0x0000000089200000| Untracked 
| 147|0x0000000089300000, 0x0000000089300000, 0x0000000089400000|  0%| F|  |TAMS 0x0000000089300000, 0x0000000089300000| Untracked 
| 148|0x0000000089400000, 0x0000000089400000, 0x0000000089500000|  0%| F|  |TAMS 0x0000000089400000, 0x0000000089400000| Untracked 
| 149|0x0000000089500000, 0x0000000089500000, 0x0000000089600000|  0%| F|  |TAMS 0x0000000089500000, 0x0000000089500000| Untracked 
| 150|0x0000000089600000, 0x0000000089600000, 0x0000000089700000|  0%| F|  |TAMS 0x0000000089600000, 0x0000000089600000| Untracked 
| 151|0x0000000089700000, 0x0000000089700000, 0x0000000089800000|  0%| F|  |TAMS 0x0000000089700000, 0x0000000089700000| Untracked 
| 152|0x0000000089800000, 0x0000000089800000, 0x0000000089900000|  0%| F|  |TAMS 0x0000000089800000, 0x0000000089800000| Untracked 
| 153|0x0000000089900000, 0x0000000089900000, 0x0000000089a00000|  0%| F|  |TAMS 0x0000000089900000, 0x0000000089900000| Untracked 
| 154|0x0000000089a00000, 0x0000000089a00000, 0x0000000089b00000|  0%| F|  |TAMS 0x0000000089a00000, 0x0000000089a00000| Untracked 
| 155|0x0000000089b00000, 0x0000000089b00000, 0x0000000089c00000|  0%| F|  |TAMS 0x0000000089b00000, 0x0000000089b00000| Untracked 
| 156|0x0000000089c00000, 0x0000000089c00000, 0x0000000089d00000|  0%| F|  |TAMS 0x0000000089c00000, 0x0000000089c00000| Untracked 
| 157|0x0000000089d00000, 0x0000000089d00000, 0x0000000089e00000|  0%| F|  |TAMS 0x0000000089d00000, 0x0000000089d00000| Untracked 
| 158|0x0000000089e00000, 0x0000000089e00000, 0x0000000089f00000|  0%| F|  |TAMS 0x0000000089e00000, 0x0000000089e00000| Untracked 
| 159|0x0000000089f00000, 0x0000000089f00000, 0x000000008a000000|  0%| F|  |TAMS 0x0000000089f00000, 0x0000000089f00000| Untracked 
| 160|0x000000008a000000, 0x000000008a000000, 0x000000008a100000|  0%| F|  |TAMS 0x000000008a000000, 0x000000008a000000| Untracked 
| 161|0x000000008a100000, 0x000000008a100000, 0x000000008a200000|  0%| F|  |TAMS 0x000000008a100000, 0x000000008a100000| Untracked 
| 162|0x000000008a200000, 0x000000008a200000, 0x000000008a300000|  0%| F|  |TAMS 0x000000008a200000, 0x000000008a200000| Untracked 
| 163|0x000000008a300000, 0x000000008a300000, 0x000000008a400000|  0%| F|  |TAMS 0x000000008a300000, 0x000000008a300000| Untracked 
| 164|0x000000008a400000, 0x000000008a400000, 0x000000008a500000|  0%| F|  |TAMS 0x000000008a400000, 0x000000008a400000| Untracked 
| 165|0x000000008a500000, 0x000000008a500000, 0x000000008a600000|  0%| F|  |TAMS 0x000000008a500000, 0x000000008a500000| Untracked 
| 166|0x000000008a600000, 0x000000008a600000, 0x000000008a700000|  0%| F|  |TAMS 0x000000008a600000, 0x000000008a600000| Untracked 
| 167|0x000000008a700000, 0x000000008a700000, 0x000000008a800000|  0%| F|  |TAMS 0x000000008a700000, 0x000000008a700000| Untracked 
| 168|0x000000008a800000, 0x000000008a800000, 0x000000008a900000|  0%| F|  |TAMS 0x000000008a800000, 0x000000008a800000| Untracked 
| 169|0x000000008a900000, 0x000000008a900000, 0x000000008aa00000|  0%| F|  |TAMS 0x000000008a900000, 0x000000008a900000| Untracked 
| 170|0x000000008aa00000, 0x000000008aa00000, 0x000000008ab00000|  0%| F|  |TAMS 0x000000008aa00000, 0x000000008aa00000| Untracked 
| 171|0x000000008ab00000, 0x000000008ab00000, 0x000000008ac00000|  0%| F|  |TAMS 0x000000008ab00000, 0x000000008ab00000| Untracked 
| 172|0x000000008ac00000, 0x000000008ac00000, 0x000000008ad00000|  0%| F|  |TAMS 0x000000008ac00000, 0x000000008ac00000| Untracked 
| 173|0x000000008ad00000, 0x000000008ad00000, 0x000000008ae00000|  0%| F|  |TAMS 0x000000008ad00000, 0x000000008ad00000| Untracked 
| 174|0x000000008ae00000, 0x000000008af00000, 0x000000008af00000|100%| S|CS|TAMS 0x000000008ae00000, 0x000000008ae00000| Complete 
| 175|0x000000008af00000, 0x000000008b000000, 0x000000008b000000|100%| S|CS|TAMS 0x000000008af00000, 0x000000008af00000| Complete 
| 176|0x000000008b000000, 0x000000008b100000, 0x000000008b100000|100%| S|CS|TAMS 0x000000008b000000, 0x000000008b000000| Complete 
| 177|0x000000008b100000, 0x000000008b200000, 0x000000008b200000|100%| S|CS|TAMS 0x000000008b100000, 0x000000008b100000| Complete 
| 178|0x000000008b200000, 0x000000008b300000, 0x000000008b300000|100%| S|CS|TAMS 0x000000008b200000, 0x000000008b200000| Complete 
| 179|0x000000008b300000, 0x000000008b400000, 0x000000008b400000|100%| S|CS|TAMS 0x000000008b300000, 0x000000008b300000| Complete 
| 180|0x000000008b400000, 0x000000008b500000, 0x000000008b500000|100%| S|CS|TAMS 0x000000008b400000, 0x000000008b400000| Complete 
| 181|0x000000008b500000, 0x000000008b600000, 0x000000008b600000|100%| S|CS|TAMS 0x000000008b500000, 0x000000008b500000| Complete 
| 182|0x000000008b600000, 0x000000008b700000, 0x000000008b700000|100%| S|CS|TAMS 0x000000008b600000, 0x000000008b600000| Complete 
| 183|0x000000008b700000, 0x000000008b800000, 0x000000008b800000|100%| S|CS|TAMS 0x000000008b700000, 0x000000008b700000| Complete 
| 184|0x000000008b800000, 0x000000008b800000, 0x000000008b900000|  0%| F|  |TAMS 0x000000008b800000, 0x000000008b800000| Untracked 
| 185|0x000000008b900000, 0x000000008b900000, 0x000000008ba00000|  0%| F|  |TAMS 0x000000008b900000, 0x000000008b900000| Untracked 
| 186|0x000000008ba00000, 0x000000008ba00000, 0x000000008bb00000|  0%| F|  |TAMS 0x000000008ba00000, 0x000000008ba00000| Untracked 
| 187|0x000000008bb00000, 0x000000008bb00000, 0x000000008bc00000|  0%| F|  |TAMS 0x000000008bb00000, 0x000000008bb00000| Untracked 
| 188|0x000000008bc00000, 0x000000008bc00000, 0x000000008bd00000|  0%| F|  |TAMS 0x000000008bc00000, 0x000000008bc00000| Untracked 
| 189|0x000000008bd00000, 0x000000008bd00000, 0x000000008be00000|  0%| F|  |TAMS 0x000000008bd00000, 0x000000008bd00000| Untracked 
| 190|0x000000008be00000, 0x000000008be00000, 0x000000008bf00000|  0%| F|  |TAMS 0x000000008be00000, 0x000000008be00000| Untracked 
| 191|0x000000008bf00000, 0x000000008bf00000, 0x000000008c000000|  0%| F|  |TAMS 0x000000008bf00000, 0x000000008bf00000| Untracked 
| 192|0x000000008c000000, 0x000000008c000000, 0x000000008c100000|  0%| F|  |TAMS 0x000000008c000000, 0x000000008c000000| Untracked 
| 193|0x000000008c100000, 0x000000008c100000, 0x000000008c200000|  0%| F|  |TAMS 0x000000008c100000, 0x000000008c100000| Untracked 
| 194|0x000000008c200000, 0x000000008c200000, 0x000000008c300000|  0%| F|  |TAMS 0x000000008c200000, 0x000000008c200000| Untracked 
| 195|0x000000008c300000, 0x000000008c300000, 0x000000008c400000|  0%| F|  |TAMS 0x000000008c300000, 0x000000008c300000| Untracked 
| 196|0x000000008c400000, 0x000000008c400000, 0x000000008c500000|  0%| F|  |TAMS 0x000000008c400000, 0x000000008c400000| Untracked 
| 197|0x000000008c500000, 0x000000008c500000, 0x000000008c600000|  0%| F|  |TAMS 0x000000008c500000, 0x000000008c500000| Untracked 
| 198|0x000000008c600000, 0x000000008c600000, 0x000000008c700000|  0%| F|  |TAMS 0x000000008c600000, 0x000000008c600000| Untracked 
| 199|0x000000008c700000, 0x000000008c700000, 0x000000008c800000|  0%| F|  |TAMS 0x000000008c700000, 0x000000008c700000| Untracked 
| 200|0x000000008c800000, 0x000000008c800000, 0x000000008c900000|  0%| F|  |TAMS 0x000000008c800000, 0x000000008c800000| Untracked 
| 201|0x000000008c900000, 0x000000008c92ec08, 0x000000008ca00000| 18%| E|  |TAMS 0x000000008c900000, 0x000000008c900000| Complete 
| 202|0x000000008ca00000, 0x000000008cb00000, 0x000000008cb00000|100%| E|CS|TAMS 0x000000008ca00000, 0x000000008ca00000| Complete 
| 203|0x000000008cb00000, 0x000000008cc00000, 0x000000008cc00000|100%| E|CS|TAMS 0x000000008cb00000, 0x000000008cb00000| Complete 
| 204|0x000000008cc00000, 0x000000008cd00000, 0x000000008cd00000|100%| E|CS|TAMS 0x000000008cc00000, 0x000000008cc00000| Complete 
| 205|0x000000008cd00000, 0x000000008ce00000, 0x000000008ce00000|100%| E|CS|TAMS 0x000000008cd00000, 0x000000008cd00000| Complete 
| 206|0x000000008ce00000, 0x000000008cf00000, 0x000000008cf00000|100%| E|CS|TAMS 0x000000008ce00000, 0x000000008ce00000| Complete 
| 207|0x000000008cf00000, 0x000000008d000000, 0x000000008d000000|100%| E|CS|TAMS 0x000000008cf00000, 0x000000008cf00000| Complete 
| 208|0x000000008d000000, 0x000000008d100000, 0x000000008d100000|100%| E|CS|TAMS 0x000000008d000000, 0x000000008d000000| Complete 
| 209|0x000000008d100000, 0x000000008d200000, 0x000000008d200000|100%| E|  |TAMS 0x000000008d100000, 0x000000008d100000| Complete 
| 210|0x000000008d200000, 0x000000008d300000, 0x000000008d300000|100%| E|CS|TAMS 0x000000008d200000, 0x000000008d200000| Complete 
| 211|0x000000008d300000, 0x000000008d400000, 0x000000008d400000|100%| E|CS|TAMS 0x000000008d300000, 0x000000008d300000| Complete 
| 212|0x000000008d400000, 0x000000008d500000, 0x000000008d500000|100%| E|CS|TAMS 0x000000008d400000, 0x000000008d400000| Complete 
| 213|0x000000008d500000, 0x000000008d600000, 0x000000008d600000|100%| E|CS|TAMS 0x000000008d500000, 0x000000008d500000| Complete 
| 214|0x000000008d600000, 0x000000008d700000, 0x000000008d700000|100%| E|CS|TAMS 0x000000008d600000, 0x000000008d600000| Complete 
| 215|0x000000008d700000, 0x000000008d800000, 0x000000008d800000|100%| E|CS|TAMS 0x000000008d700000, 0x000000008d700000| Complete 
| 216|0x000000008d800000, 0x000000008d900000, 0x000000008d900000|100%| E|CS|TAMS 0x000000008d800000, 0x000000008d800000| Complete 
| 217|0x000000008d900000, 0x000000008da00000, 0x000000008da00000|100%| E|CS|TAMS 0x000000008d900000, 0x000000008d900000| Complete 
| 218|0x000000008da00000, 0x000000008db00000, 0x000000008db00000|100%| E|CS|TAMS 0x000000008da00000, 0x000000008da00000| Complete 
| 219|0x000000008db00000, 0x000000008dc00000, 0x000000008dc00000|100%| E|CS|TAMS 0x000000008db00000, 0x000000008db00000| Complete 
| 220|0x000000008dc00000, 0x000000008dd00000, 0x000000008dd00000|100%| E|CS|TAMS 0x000000008dc00000, 0x000000008dc00000| Complete 
| 221|0x000000008dd00000, 0x000000008de00000, 0x000000008de00000|100%| E|CS|TAMS 0x000000008dd00000, 0x000000008dd00000| Complete 
| 222|0x000000008de00000, 0x000000008df00000, 0x000000008df00000|100%| E|CS|TAMS 0x000000008de00000, 0x000000008de00000| Complete 
| 223|0x000000008df00000, 0x000000008e000000, 0x000000008e000000|100%| E|CS|TAMS 0x000000008df00000, 0x000000008df00000| Complete 
| 224|0x000000008e000000, 0x000000008e100000, 0x000000008e100000|100%| E|CS|TAMS 0x000000008e000000, 0x000000008e000000| Complete 
| 225|0x000000008e100000, 0x000000008e200000, 0x000000008e200000|100%| E|CS|TAMS 0x000000008e100000, 0x000000008e100000| Complete 
| 226|0x000000008e200000, 0x000000008e300000, 0x000000008e300000|100%| E|CS|TAMS 0x000000008e200000, 0x000000008e200000| Complete 
| 227|0x000000008e300000, 0x000000008e400000, 0x000000008e400000|100%| E|CS|TAMS 0x000000008e300000, 0x000000008e300000| Complete 
| 228|0x000000008e400000, 0x000000008e500000, 0x000000008e500000|100%| E|CS|TAMS 0x000000008e400000, 0x000000008e400000| Complete 
| 229|0x000000008e500000, 0x000000008e600000, 0x000000008e600000|100%| E|CS|TAMS 0x000000008e500000, 0x000000008e500000| Complete 
| 230|0x000000008e600000, 0x000000008e700000, 0x000000008e700000|100%| E|CS|TAMS 0x000000008e600000, 0x000000008e600000| Complete 
| 231|0x000000008e700000, 0x000000008e800000, 0x000000008e800000|100%| E|CS|TAMS 0x000000008e700000, 0x000000008e700000| Complete 
| 232|0x000000008e800000, 0x000000008e900000, 0x000000008e900000|100%| E|CS|TAMS 0x000000008e800000, 0x000000008e800000| Complete 
| 233|0x000000008e900000, 0x000000008ea00000, 0x000000008ea00000|100%| E|CS|TAMS 0x000000008e900000, 0x000000008e900000| Complete 
| 234|0x000000008ea00000, 0x000000008eb00000, 0x000000008eb00000|100%| E|CS|TAMS 0x000000008ea00000, 0x000000008ea00000| Complete 

Card table byte_map: [0x000001c158250000,0x000001c158650000] _byte_map_base: 0x000001c157e50000

Marking Bits (Prev, Next): (CMBitMap*) 0x000001c1412424f0, (CMBitMap*) 0x000001c1412424b0
 Prev Bits: [0x000001c15aa50000, 0x000001c15ca50000)
 Next Bits: [0x000001c158a50000, 0x000001c15aa50000)

Polling page: 0x000001c13f1e0000

Metaspace:

Usage:
  Non-class:     78.07 MB used.
      Class:     11.83 MB used.
       Both:     89.91 MB used.

Virtual space:
  Non-class space:      128.00 MB reserved,      78.94 MB ( 62%) committed,  2 nodes.
      Class space:        1.00 GB reserved,      12.81 MB (  1%) committed,  1 nodes.
             Both:        1.12 GB reserved,      91.75 MB (  8%) committed. 

Chunk freelists:
   Non-Class:  1.06 MB
       Class:  3.09 MB
        Both:  4.16 MB

MaxMetaspaceSize: unlimited
CompressedClassSpaceSize: 1.00 GB
Initial GC threshold: 21.00 MB
Current GC threshold: 149.38 MB
CDS: on
MetaspaceReclaimPolicy: balanced
 - commit_granule_bytes: 65536.
 - commit_granule_words: 8192.
 - virtual_space_node_default_size: 8388608.
 - enlarge_chunks_in_place: 1.
 - new_chunks_are_fully_committed: 0.
 - uncommit_free_chunks: 1.
 - use_allocation_guard: 0.


Internal statistics:

num_allocs_failed_limit: 6.
num_arena_births: 3446.
num_arena_deaths: 14.
num_vsnodes_births: 3.
num_vsnodes_deaths: 0.
num_space_committed: 1468.
num_space_uncommitted: 0.
num_chunks_returned_to_freelist: 26.
num_chunks_taken_from_freelist: 7509.
num_chunk_merges: 15.
num_chunk_splits: 4966.
num_chunks_enlarged: 3190.
num_inconsistent_stats: 0.

CodeHeap 'non-profiled nmethods': size=120000Kb used=6485Kb max_used=7312Kb free=113514Kb
 bounds [0x000001c1505f0000, 0x000001c150d20000, 0x000001c157b20000]
CodeHeap 'profiled nmethods': size=120000Kb used=22845Kb max_used=24477Kb free=97155Kb
 bounds [0x000001c1490c0000, 0x000001c14a8b0000, 0x000001c1505f0000]
CodeHeap 'non-nmethods': size=5760Kb used=2436Kb max_used=2503Kb free=3323Kb
 bounds [0x000001c148b20000, 0x000001c148da0000, 0x000001c1490c0000]
 total_blobs=12789 nmethods=11840 adapters=861
 compilation: enabled
              stopped_count=0, restarted_count=0
 full_count=0

Compilation events (20 events):
Event: 86.645 Thread 0x000001c15f433a80 14277       4       java.util.LinkedList::<init> (10 bytes)
Event: 86.646 Thread 0x000001c15f433a80 nmethod 14277 0x000001c150cb1110 code [0x000001c150cb1280, 0x000001c150cb12f8]
Event: 86.646 Thread 0x000001c15f433a80 14222       4       org.gradle.internal.snapshot.impl.StringValueSnapshot::isolate (5 bytes)
Event: 86.646 Thread 0x000001c15f433a80 nmethod 14222 0x000001c150cb0e10 code [0x000001c150cb0f80, 0x000001c150cb0ff8]
Event: 86.646 Thread 0x000001c15f433a80 14233       4       org.gradle.internal.snapshot.CompositeFileSystemSnapshot::of (56 bytes)
Event: 86.648 Thread 0x000001c15f433a80 nmethod 14233 0x000001c150634910 code [0x000001c150634ac0, 0x000001c150634dc8]
Event: 86.648 Thread 0x000001c15f433a80 14262       4       org.gradle.api.internal.collections.AbstractIterationOrderRetainingElementSource$RealizedElementCollectionIterator::next (46 bytes)
Event: 86.649 Thread 0x000001c15f433a80 nmethod 14262 0x000001c150634410 code [0x000001c1506345a0, 0x000001c1506346a8]
Event: 86.649 Thread 0x000001c15f433a80 14223       4       org.gradle.api.internal.artifacts.ivyservice.resolveengine.artifact.ParallelResolveArtifactSet$VisitingSet$StartVisitAction::visitArtifacts (31 bytes)
Event: 86.651 Thread 0x000001c15f433a80 nmethod 14223 0x000001c150667310 code [0x000001c1506674c0, 0x000001c150667788]
Event: 86.763 Thread 0x000001c15f433a80 14346       4       com.google.common.collect.AbstractIndexedListIterator::next (31 bytes)
Event: 86.765 Thread 0x000001c15f433a80 nmethod 14346 0x000001c150674d10 code [0x000001c150674ec0, 0x000001c1506750b8]
Event: 86.773 Thread 0x000001c15f433a80 14347   !   4       org.gradle.cache.internal.LockOnDemandCrossProcessCacheAccess::decrementLockCount (86 bytes)
Event: 86.780 Thread 0x000001c15f433a80 nmethod 14347 0x000001c150724d10 code [0x000001c150724ee0, 0x000001c150725558]
Event: 86.820 Thread 0x000001c1697b2d20 nmethod 14216 0x000001c150a25090 code [0x000001c150a25740, 0x000001c150a2e3e8]
Event: 88.405 Thread 0x000001c1697b2d20 14348       4       java.util.concurrent.locks.AbstractQueuedSynchronizer$ConditionObject::awaitNanos (200 bytes)
Event: 88.429 Thread 0x000001c1697b2d20 nmethod 14348 0x000001c1508c4690 code [0x000001c1508c48a0, 0x000001c1508c5360]
Event: 88.955 Thread 0x000001c1697b2d20 14349   !   4       java.util.stream.ReferencePipeline$7$1::accept (127 bytes)
Event: 88.973 Thread 0x000001c1697b2d20 nmethod 14349 0x000001c150a43e10 code [0x000001c150a44080, 0x000001c150a44920]
Event: 90.953 Thread 0x000001c15f433a80 14350       4       javax.management.ObjectName::construct (1135 bytes)

GC Heap History (20 events):
Event: 8.217 GC heap before
{Heap before GC invocations=30 (full 0):
 garbage-first heap   total 128000K, used 75116K [0x0000000080000000, 0x0000000100000000)
  region size 1024K, 6 young (6144K), 5 survivors (5120K)
 Metaspace       used 74960K, committed 76800K, reserved 1179648K
  class space    used 10259K, committed 11200K, reserved 1048576K
}
Event: 8.222 GC heap after
{Heap after GC invocations=31 (full 0):
 garbage-first heap   total 128000K, used 74681K [0x0000000080000000, 0x0000000100000000)
  region size 1024K, 1 young (1024K), 1 survivors (1024K)
 Metaspace       used 74960K, committed 76800K, reserved 1179648K
  class space    used 10259K, committed 11200K, reserved 1048576K
}
Event: 8.415 GC heap before
{Heap before GC invocations=31 (full 0):
 garbage-first heap   total 128000K, used 102329K [0x0000000080000000, 0x0000000100000000)
  region size 1024K, 29 young (29696K), 1 survivors (1024K)
 Metaspace       used 75649K, committed 77504K, reserved 1179648K
  class space    used 10397K, committed 11328K, reserved 1048576K
}
Event: 8.418 GC heap after
{Heap after GC invocations=32 (full 0):
 garbage-first heap   total 128000K, used 76424K [0x0000000080000000, 0x0000000100000000)
  region size 1024K, 3 young (3072K), 3 survivors (3072K)
 Metaspace       used 75649K, committed 77504K, reserved 1179648K
  class space    used 10397K, committed 11328K, reserved 1048576K
}
Event: 8.626 GC heap before
{Heap before GC invocations=33 (full 0):
 garbage-first heap   total 145408K, used 103048K [0x0000000080000000, 0x0000000100000000)
  region size 1024K, 30 young (30720K), 3 survivors (3072K)
 Metaspace       used 75815K, committed 77568K, reserved 1179648K
  class space    used 10401K, committed 11328K, reserved 1048576K
}
Event: 8.630 GC heap after
{Heap after GC invocations=34 (full 0):
 garbage-first heap   total 145408K, used 78435K [0x0000000080000000, 0x0000000100000000)
  region size 1024K, 3 young (3072K), 3 survivors (3072K)
 Metaspace       used 75815K, committed 77568K, reserved 1179648K
  class space    used 10401K, committed 11328K, reserved 1048576K
}
Event: 8.652 GC heap before
{Heap before GC invocations=34 (full 0):
 garbage-first heap   total 145408K, used 81507K [0x0000000080000000, 0x0000000100000000)
  region size 1024K, 7 young (7168K), 3 survivors (3072K)
 Metaspace       used 75843K, committed 77696K, reserved 1179648K
  class space    used 10404K, committed 11328K, reserved 1048576K
}
Event: 8.655 GC heap after
{Heap after GC invocations=35 (full 0):
 garbage-first heap   total 230400K, used 78726K [0x0000000080000000, 0x0000000100000000)
  region size 1024K, 1 young (1024K), 1 survivors (1024K)
 Metaspace       used 75843K, committed 77696K, reserved 1179648K
  class space    used 10404K, committed 11328K, reserved 1048576K
}
Event: 9.293 GC heap before
{Heap before GC invocations=35 (full 0):
 garbage-first heap   total 230400K, used 176006K [0x0000000080000000, 0x0000000100000000)
  region size 1024K, 97 young (99328K), 1 survivors (1024K)
 Metaspace       used 78041K, committed 79808K, reserved 1179648K
  class space    used 10668K, committed 11584K, reserved 1048576K
}
Event: 9.301 GC heap after
{Heap after GC invocations=36 (full 0):
 garbage-first heap   total 230400K, used 85255K [0x0000000080000000, 0x0000000100000000)
  region size 1024K, 7 young (7168K), 7 survivors (7168K)
 Metaspace       used 78041K, committed 79808K, reserved 1179648K
  class space    used 10668K, committed 11584K, reserved 1048576K
}
Event: 11.924 GC heap before
{Heap before GC invocations=36 (full 0):
 garbage-first heap   total 230400K, used 177415K [0x0000000080000000, 0x0000000100000000)
  region size 1024K, 98 young (100352K), 7 survivors (7168K)
 Metaspace       used 82369K, committed 84224K, reserved 1179648K
  class space    used 11194K, committed 12160K, reserved 1048576K
}
Event: 11.934 GC heap after
{Heap after GC invocations=37 (full 0):
 garbage-first heap   total 230400K, used 95116K [0x0000000080000000, 0x0000000100000000)
  region size 1024K, 10 young (10240K), 10 survivors (10240K)
 Metaspace       used 82369K, committed 84224K, reserved 1179648K
  class space    used 11194K, committed 12160K, reserved 1048576K
}
Event: 12.338 GC heap before
{Heap before GC invocations=37 (full 0):
 garbage-first heap   total 230400K, used 146316K [0x0000000080000000, 0x0000000100000000)
  region size 1024K, 44 young (45056K), 10 survivors (10240K)
 Metaspace       used 84394K, committed 86336K, reserved 1179648K
  class space    used 11476K, committed 12480K, reserved 1048576K
}
Event: 12.344 GC heap after
{Heap after GC invocations=38 (full 0):
 garbage-first heap   total 230400K, used 111265K [0x0000000080000000, 0x0000000100000000)
  region size 1024K, 3 young (3072K), 3 survivors (3072K)
 Metaspace       used 84394K, committed 86336K, reserved 1179648K
  class space    used 11476K, committed 12480K, reserved 1048576K
}
Event: 85.970 GC heap before
{Heap before GC invocations=39 (full 0):
 garbage-first heap   total 230400K, used 188065K [0x0000000080000000, 0x0000000100000000)
  region size 1024K, 76 young (77824K), 3 survivors (3072K)
 Metaspace       used 89094K, committed 91072K, reserved 1179648K
  class space    used 11839K, committed 12864K, reserved 1048576K
}
Event: 85.977 GC heap after
{Heap after GC invocations=40 (full 0):
 garbage-first heap   total 230400K, used 106398K [0x0000000080000000, 0x0000000100000000)
  region size 1024K, 10 young (10240K), 10 survivors (10240K)
 Metaspace       used 89094K, committed 91072K, reserved 1179648K
  class space    used 11839K, committed 12864K, reserved 1048576K
}
Event: 85.993 GC heap before
{Heap before GC invocations=40 (full 0):
 garbage-first heap   total 230400K, used 107422K [0x0000000080000000, 0x0000000100000000)
  region size 1024K, 11 young (11264K), 10 survivors (10240K)
 Metaspace       used 89258K, committed 91200K, reserved 1179648K
  class space    used 11867K, committed 12864K, reserved 1048576K
}
Event: 86.000 GC heap after
{Heap after GC invocations=41 (full 0):
 garbage-first heap   total 230400K, used 107879K [0x0000000080000000, 0x0000000100000000)
  region size 1024K, 2 young (2048K), 2 survivors (2048K)
 Metaspace       used 89258K, committed 91200K, reserved 1179648K
  class space    used 11867K, committed 12864K, reserved 1048576K
}
Event: 86.244 GC heap before
{Heap before GC invocations=41 (full 0):
 garbage-first heap   total 230400K, used 145767K [0x0000000080000000, 0x0000000100000000)
  region size 1024K, 41 young (41984K), 2 survivors (2048K)
 Metaspace       used 89774K, committed 91648K, reserved 1179648K
  class space    used 11910K, committed 12928K, reserved 1048576K
}
Event: 86.253 GC heap after
{Heap after GC invocations=42 (full 0):
 garbage-first heap   total 230400K, used 123874K [0x0000000080000000, 0x0000000100000000)
  region size 1024K, 10 young (10240K), 10 survivors (10240K)
 Metaspace       used 89774K, committed 91648K, reserved 1179648K
  class space    used 11910K, committed 12928K, reserved 1048576K
}

Deoptimization events (20 events):
Event: 86.469 Thread 0x000001c163802750 Uncommon trap: trap_request=0xffffffc6 fr.pc=0x000001c150bb184c relative=0x000000000000018c
Event: 86.469 Thread 0x000001c163802750 Uncommon trap: reason=bimorphic_or_optimized_type_check action=maybe_recompile pc=0x000001c150bb184c method=com.google.common.collect.ImmutableList$1.get(I)Ljava/lang/Object; @ 5 c2
Event: 86.469 Thread 0x000001c163802750 DEOPT PACKING pc=0x000001c150bb184c sp=0x000000a865dfdf30
Event: 86.469 Thread 0x000001c163802750 DEOPT UNPACKING pc=0x000001c148b75c23 sp=0x000000a865dfde60 mode 2
Event: 86.469 Thread 0x000001c163802750 Uncommon trap: trap_request=0xffffffc6 fr.pc=0x000001c150bb184c relative=0x000000000000018c
Event: 86.469 Thread 0x000001c163802750 Uncommon trap: reason=bimorphic_or_optimized_type_check action=maybe_recompile pc=0x000001c150bb184c method=com.google.common.collect.ImmutableList$1.get(I)Ljava/lang/Object; @ 5 c2
Event: 86.469 Thread 0x000001c163802750 DEOPT PACKING pc=0x000001c150bb184c sp=0x000000a865dfdf30
Event: 86.469 Thread 0x000001c163802750 DEOPT UNPACKING pc=0x000001c148b75c23 sp=0x000000a865dfde60 mode 2
Event: 86.469 Thread 0x000001c163802750 Uncommon trap: trap_request=0xffffffc6 fr.pc=0x000001c150bb184c relative=0x000000000000018c
Event: 86.469 Thread 0x000001c163802750 Uncommon trap: reason=bimorphic_or_optimized_type_check action=maybe_recompile pc=0x000001c150bb184c method=com.google.common.collect.ImmutableList$1.get(I)Ljava/lang/Object; @ 5 c2
Event: 86.469 Thread 0x000001c163802750 DEOPT PACKING pc=0x000001c150bb184c sp=0x000000a865dfdf30
Event: 86.469 Thread 0x000001c163802750 DEOPT UNPACKING pc=0x000001c148b75c23 sp=0x000000a865dfde60 mode 2
Event: 86.481 Thread 0x000001c163805c40 Uncommon trap: trap_request=0xffffffde fr.pc=0x000001c1508d6b98 relative=0x00000000000015d8
Event: 86.481 Thread 0x000001c163805c40 Uncommon trap: reason=class_check action=maybe_recompile pc=0x000001c1508d6b98 method=org.gradle.internal.snapshot.impl.DefaultValueSnapshotter.processValue(Ljava/lang/Object;Lorg/gradle/internal/snapshot/impl/DefaultValueSnapshotter$ValueVisitor;)Ljava/l
Event: 86.481 Thread 0x000001c163805c40 DEOPT PACKING pc=0x000001c1508d6b98 sp=0x000000a8658fa610
Event: 86.481 Thread 0x000001c163805c40 DEOPT UNPACKING pc=0x000001c148b75c23 sp=0x000000a8658fa5e0 mode 2
Event: 86.614 Thread 0x000001c163803f60 Uncommon trap: trap_request=0xffffff45 fr.pc=0x000001c150704e94 relative=0x0000000000000094
Event: 86.614 Thread 0x000001c163803f60 Uncommon trap: reason=unstable_if action=reinterpret pc=0x000001c150704e94 method=java.lang.Integer.stringSize(I)I @ 19 c2
Event: 86.614 Thread 0x000001c163803f60 DEOPT PACKING pc=0x000001c150704e94 sp=0x000000a8652fac60
Event: 86.614 Thread 0x000001c163803f60 DEOPT UNPACKING pc=0x000001c148b75c23 sp=0x000000a8652fabe0 mode 2

Classes loaded (20 events):
Event: 86.385 Loading class javax/xml/stream/events/EntityDeclaration
Event: 86.385 Loading class javax/xml/stream/events/EntityDeclaration done
Event: 86.385 Loading class javax/xml/stream/Location
Event: 86.385 Loading class javax/xml/stream/Location done
Event: 86.422 Loading class java/io/CharArrayReader
Event: 86.422 Loading class java/io/CharArrayReader done
Event: 86.424 Loading class javax/xml/stream/events/StartDocument
Event: 86.424 Loading class javax/xml/stream/events/StartDocument done
Event: 86.432 Loading class javax/xml/stream/events/StartElement
Event: 86.432 Loading class javax/xml/stream/events/StartElement done
Event: 86.432 Loading class javax/xml/stream/XMLStreamWriter
Event: 86.432 Loading class javax/xml/stream/XMLStreamWriter done
Event: 86.433 Loading class javax/xml/stream/events/Attribute
Event: 86.433 Loading class javax/xml/stream/events/Attribute done
Event: 86.463 Loading class javax/xml/stream/events/Namespace
Event: 86.463 Loading class javax/xml/stream/events/Namespace done
Event: 86.480 Loading class javax/xml/stream/events/Characters
Event: 86.480 Loading class javax/xml/stream/events/Characters done
Event: 86.491 Loading class javax/xml/stream/events/EndElement
Event: 86.491 Loading class javax/xml/stream/events/EndElement done

Classes unloaded (7 events):
Event: 12.423 Thread 0x000001c15f40cb20 Unloading class 0x00000008016fdc00 'java/lang/invoke/LambdaForm$DMH+0x00000008016fdc00'
Event: 12.423 Thread 0x000001c15f40cb20 Unloading class 0x00000008016fd800 'java/lang/invoke/LambdaForm$DMH+0x00000008016fd800'
Event: 12.423 Thread 0x000001c15f40cb20 Unloading class 0x00000008016fd400 'java/lang/invoke/LambdaForm$DMH+0x00000008016fd400'
Event: 12.423 Thread 0x000001c15f40cb20 Unloading class 0x00000008016fcc00 'java/lang/invoke/LambdaForm$DMH+0x00000008016fcc00'
Event: 12.423 Thread 0x000001c15f40cb20 Unloading class 0x00000008016fd000 'java/lang/invoke/LambdaForm$DMH+0x00000008016fd000'
Event: 12.423 Thread 0x000001c15f40cb20 Unloading class 0x00000008016fc800 'java/lang/invoke/LambdaForm$DMH+0x00000008016fc800'
Event: 12.423 Thread 0x000001c15f40cb20 Unloading class 0x00000008016fc400 'java/lang/invoke/LambdaForm$DMH+0x00000008016fc400'

Classes redefined (0 events):
No events

Internal exceptions (20 events):
Event: 12.514 Thread 0x000001c165020520 Exception <a 'java/lang/IncompatibleClassChangeError'{0x000000008da32110}: Found class java.lang.Object, but interface was expected> (0x000000008da32110) 
thrown [s\open\src\hotspot\share\interpreter\linkResolver.cpp, line 833]
Event: 12.514 Thread 0x000001c165020520 Exception <a 'java/lang/NoSuchMethodError'{0x000000008da36778}: 'void java.lang.invoke.DelegatingMethodHandle$Holder.reinvoke_L(java.lang.Object, java.lang.Object, java.lang.Object, int)'> (0x000000008da36778) 
thrown [s\open\src\hotspot\share\interpreter\linkResolver.cpp, line 766]
Event: 12.521 Thread 0x000001c165020520 Exception <a 'java/lang/NoSuchMethodError'{0x000000008da5cb88}: 'java.lang.Object java.lang.invoke.DirectMethodHandle$Holder.invokeSpecial(java.lang.Object, java.lang.Object, java.lang.Object, java.lang.Object, int, java.lang.Object, java.lang.Object)'> (0x000000008da5cb88) 
thrown [s\open\src\hotspot\share\interpreter\linkResolver.cpp, line 766]
Event: 12.547 Thread 0x000001c165020520 Exception <a 'java/lang/IncompatibleClassChangeError'{0x000000008d42d668}: Found class java.lang.Object, but interface was expected> (0x000000008d42d668) 
thrown [s\open\src\hotspot\share\interpreter\linkResolver.cpp, line 833]
Event: 12.556 Thread 0x000001c165020520 Implicit null exception at 0x000001c150bcd80f to 0x000001c150bcd85c
Event: 12.557 Thread 0x000001c165020520 Exception <a 'java/lang/IncompatibleClassChangeError'{0x000000008d4439b0}: Found class java.lang.Object, but interface was expected> (0x000000008d4439b0) 
thrown [s\open\src\hotspot\share\interpreter\linkResolver.cpp, line 833]
Event: 21.209 Thread 0x000001c16538f1a0 Implicit null exception at 0x000001c150620652 to 0x000001c150620bb0
Event: 21.210 Thread 0x000001c16538f1a0 Implicit null exception at 0x000001c150940ef2 to 0x000001c15094131c
Event: 85.337 Thread 0x000001c166f450d0 Exception <a 'java/lang/IncompatibleClassChangeError'{0x000000008c8fb790}: Found class java.lang.Object, but interface was expected> (0x000000008c8fb790) 
thrown [s\open\src\hotspot\share\interpreter\linkResolver.cpp, line 833]
Event: 85.600 Thread 0x000001c166f450d0 Exception <a 'sun/nio/fs/WindowsException'{0x000000008af73c78}> (0x000000008af73c78) 
thrown [s\open\src\hotspot\share\prims\jni.cpp, line 516]
Event: 85.646 Thread 0x000001c166f450d0 Exception <a 'java/lang/NoClassDefFoundError'{0x000000008aca88e8}: org/jetbrains/kotlin/gradle/plugin/KotlinBasePluginWrapper> (0x000000008aca88e8) 
thrown [s\open\src\hotspot\share\oops\constantPool.cpp, line 836]
Event: 85.693 Thread 0x000001c166f450d0 Exception <a 'sun/nio/fs/WindowsException'{0x000000008a9c29e0}> (0x000000008a9c29e0) 
thrown [s\open\src\hotspot\share\prims\jni.cpp, line 516]
Event: 85.699 Thread 0x000001c166f450d0 Exception <a 'sun/nio/fs/WindowsException'{0x000000008a867bf8}> (0x000000008a867bf8) 
thrown [s\open\src\hotspot\share\prims\jni.cpp, line 516]
Event: 85.699 Thread 0x000001c166f450d0 Exception <a 'sun/nio/fs/WindowsException'{0x000000008a8691d8}> (0x000000008a8691d8) 
thrown [s\open\src\hotspot\share\prims\jni.cpp, line 516]
Event: 85.699 Thread 0x000001c166f450d0 Exception <a 'sun/nio/fs/WindowsException'{0x000000008a86a5a0}> (0x000000008a86a5a0) 
thrown [s\open\src\hotspot\share\prims\jni.cpp, line 516]
Event: 85.699 Thread 0x000001c166f450d0 Exception <a 'sun/nio/fs/WindowsException'{0x000000008a86b968}> (0x000000008a86b968) 
thrown [s\open\src\hotspot\share\prims\jni.cpp, line 516]
Event: 85.735 Thread 0x000001c166f450d0 Exception <a 'sun/nio/fs/WindowsException'{0x000000008a53f360}> (0x000000008a53f360) 
thrown [s\open\src\hotspot\share\prims\jni.cpp, line 516]
Event: 85.956 Thread 0x000001c163803f60 Implicit null exception at 0x000001c150640e64 to 0x000001c150641030
Event: 86.347 Thread 0x000001c163803f60 Exception <a 'java/lang/NoSuchMethodError'{0x000000008de68ae0}: static Lcom/android/ide/common/resources/CompileResourceRequest;.<clinit>()V> (0x000000008de68ae0) 
thrown [s\open\src\hotspot\share\prims\jni.cpp, line 1104]
Event: 86.352 Thread 0x000001c163803f60 Exception <a 'java/lang/NoSuchMethodError'{0x000000008dee2be8}: static Lkotlin/InitializedLazyImpl;.<clinit>()V> (0x000000008dee2be8) 
thrown [s\open\src\hotspot\share\prims\jni.cpp, line 1104]

VM Operations (20 events):
Event: 86.244 Executing VM operation: G1TryInitiateConcMark
Event: 86.253 Executing VM operation: G1TryInitiateConcMark done
Event: 86.334 Executing VM operation: G1Concurrent
Event: 86.341 Executing VM operation: G1Concurrent done
Event: 86.388 Executing VM operation: G1Concurrent
Event: 86.389 Executing VM operation: G1Concurrent done
Event: 86.412 Executing VM operation: HandshakeAllThreads
Event: 86.413 Executing VM operation: HandshakeAllThreads done
Event: 86.414 Executing VM operation: HandshakeAllThreads
Event: 86.414 Executing VM operation: HandshakeAllThreads done
Event: 86.414 Executing VM operation: HandshakeAllThreads
Event: 86.415 Executing VM operation: HandshakeAllThreads done
Event: 86.439 Executing VM operation: HandshakeAllThreads
Event: 86.440 Executing VM operation: HandshakeAllThreads done
Event: 86.464 Executing VM operation: HandshakeAllThreads
Event: 86.479 Executing VM operation: HandshakeAllThreads done
Event: 86.593 Executing VM operation: ICBufferFull
Event: 86.593 Executing VM operation: ICBufferFull done
Event: 87.598 Executing VM operation: Cleanup
Event: 87.598 Executing VM operation: Cleanup done

Events (20 events):
Event: 86.498 Thread 0x000001c15f463420 flushing nmethod 0x000001c14a863990
Event: 86.498 Thread 0x000001c15f463420 flushing nmethod 0x000001c14a865390
Event: 86.498 Thread 0x000001c15f463420 flushing nmethod 0x000001c14a869710
Event: 86.498 Thread 0x000001c15f463420 flushing nmethod 0x000001c14a86a010
Event: 86.498 Thread 0x000001c15f463420 flushing nmethod 0x000001c14a86b710
Event: 86.498 Thread 0x000001c15f463420 flushing nmethod 0x000001c14a86d990
Event: 86.498 Thread 0x000001c15f463420 flushing nmethod 0x000001c14a86f690
Event: 86.498 Thread 0x000001c15f463420 flushing nmethod 0x000001c14a86fd10
Event: 86.498 Thread 0x000001c15f463420 flushing nmethod 0x000001c14a87c690
Event: 86.498 Thread 0x000001c15f463420 flushing nmethod 0x000001c14a87ce10
Event: 86.498 Thread 0x000001c15f463420 flushing nmethod 0x000001c14a884510
Event: 86.498 Thread 0x000001c15f463420 flushing nmethod 0x000001c14a885790
Event: 86.498 Thread 0x000001c15f463420 flushing nmethod 0x000001c14a885c90
Event: 86.498 Thread 0x000001c15f463420 flushing nmethod 0x000001c14a888f10
Event: 86.498 Thread 0x000001c15f463420 flushing nmethod 0x000001c14a88ca90
Event: 86.615 Thread 0x000001c1685eaa40 Thread added: 0x000001c1685eaa40
Event: 86.623 Thread 0x000001c166f4a770 Thread added: 0x000001c166f4a770
Event: 86.638 Thread 0x000001c169e94070 Thread added: 0x000001c169e94070
Event: 86.639 Thread 0x000001c169e97560 Thread added: 0x000001c169e97560
Event: 90.953 Thread 0x000001c1697b2d20 Thread exited: 0x000001c1697b2d20


Dynamic libraries:
0x00007ff789880000 - 0x00007ff789890000 	C:\Program Files\Java\jdk-18.0.1.1\bin\java.exe
0x00007fff42a90000 - 0x00007fff42c87000 	C:\Windows\SYSTEM32\ntdll.dll
0x00007fff41590000 - 0x00007fff4164d000 	C:\Windows\System32\KERNEL32.DLL
0x00007fff40380000 - 0x00007fff4064d000 	C:\Windows\System32\KERNELBASE.dll
0x00007fff40250000 - 0x00007fff40350000 	C:\Windows\System32\ucrtbase.dll
0x00007fff35550000 - 0x00007fff35568000 	C:\Program Files\Java\jdk-18.0.1.1\bin\jli.dll
0x00007fff36500000 - 0x00007fff3651a000 	C:\Program Files\Java\jdk-18.0.1.1\bin\VCRUNTIME140.dll
0x00007fff42080000 - 0x00007fff4212e000 	C:\Windows\System32\ADVAPI32.dll
0x00007fff41780000 - 0x00007fff4181e000 	C:\Windows\System32\msvcrt.dll
0x00007fff416b0000 - 0x00007fff4174c000 	C:\Windows\System32\sechost.dll
0x00007fff41e70000 - 0x00007fff41f95000 	C:\Windows\System32\RPCRT4.dll
0x00007fff413f0000 - 0x00007fff41590000 	C:\Windows\System32\USER32.dll
0x00007fff261b0000 - 0x00007fff2644a000 	C:\Windows\WinSxS\amd64_microsoft.windows.common-controls_6595b64144ccf1df_6.0.19041.1110_none_60b5254171f9507e\COMCTL32.dll
0x00007fff40220000 - 0x00007fff40242000 	C:\Windows\System32\win32u.dll
0x00007fff42130000 - 0x00007fff4215a000 	C:\Windows\System32\GDI32.dll
0x00007fff40930000 - 0x00007fff40a3b000 	C:\Windows\System32\gdi32full.dll
0x00007fff40890000 - 0x00007fff4092d000 	C:\Windows\System32\msvcp_win.dll
0x00007fff2e5c0000 - 0x00007fff2e5ca000 	C:\Windows\SYSTEM32\VERSION.dll
0x00007fff41750000 - 0x00007fff41780000 	C:\Windows\System32\IMM32.DLL
0x00007fff37e80000 - 0x00007fff37e8c000 	C:\Program Files\Java\jdk-18.0.1.1\bin\vcruntime140_1.dll
0x00007fff23f30000 - 0x00007fff23fbd000 	C:\Program Files\Java\jdk-18.0.1.1\bin\msvcp140.dll
0x00007ffee8db0000 - 0x00007ffee99c0000 	C:\Program Files\Java\jdk-18.0.1.1\bin\server\jvm.dll
0x00007fff427a0000 - 0x00007fff427a8000 	C:\Windows\System32\PSAPI.DLL
0x00007fff13c30000 - 0x00007fff13c39000 	C:\Windows\SYSTEM32\WSOCK32.dll
0x00007fff254f0000 - 0x00007fff25517000 	C:\Windows\SYSTEM32\WINMM.dll
0x00007fff42810000 - 0x00007fff4287b000 	C:\Windows\System32\WS2_32.dll
0x00007fff3e9f0000 - 0x00007fff3ea02000 	C:\Windows\SYSTEM32\kernel.appcore.dll
0x00007fff33560000 - 0x00007fff3356a000 	C:\Program Files\Java\jdk-18.0.1.1\bin\jimage.dll
0x00007fff3e550000 - 0x00007fff3e734000 	C:\Windows\SYSTEM32\DBGHELP.DLL
0x00007fff2ed80000 - 0x00007fff2edac000 	C:\Windows\SYSTEM32\dbgcore.DLL
0x00007fff40650000 - 0x00007fff406d2000 	C:\Windows\System32\bcryptPrimitives.dll
0x00007fff331f0000 - 0x00007fff33215000 	C:\Program Files\Java\jdk-18.0.1.1\bin\java.dll
0x00007fff23e50000 - 0x00007fff23f26000 	C:\Program Files\Java\jdk-18.0.1.1\bin\jsvml.dll
0x00007fff40ca0000 - 0x00007fff413e4000 	C:\Windows\System32\SHELL32.dll
0x00007fff3dcf0000 - 0x00007fff3e484000 	C:\Windows\SYSTEM32\windows.storage.dll
0x00007fff42310000 - 0x00007fff42664000 	C:\Windows\System32\combase.dll
0x00007fff3fc10000 - 0x00007fff3fc3c000 	C:\Windows\SYSTEM32\Wldp.dll
0x00007fff42200000 - 0x00007fff422ad000 	C:\Windows\System32\SHCORE.dll
0x00007fff422b0000 - 0x00007fff42305000 	C:\Windows\System32\shlwapi.dll
0x00007fff400f0000 - 0x00007fff4010f000 	C:\Windows\SYSTEM32\profapi.dll
0x00007fff33540000 - 0x00007fff33553000 	C:\Program Files\Java\jdk-18.0.1.1\bin\net.dll
0x00007fff36860000 - 0x00007fff3696a000 	C:\Windows\SYSTEM32\WINHTTP.dll
0x00007fff3f950000 - 0x00007fff3f9ba000 	C:\Windows\system32\mswsock.dll
0x00007fff331d0000 - 0x00007fff331e6000 	C:\Program Files\Java\jdk-18.0.1.1\bin\nio.dll
0x00007fff331b0000 - 0x00007fff331c8000 	C:\Program Files\Java\jdk-18.0.1.1\bin\zip.dll
0x00007fff331a0000 - 0x00007fff331b0000 	C:\Program Files\Java\jdk-18.0.1.1\bin\verify.dll
0x00007fff23b40000 - 0x00007fff23b67000 	C:\Program Files\Android\gradle-7.3.3\native\e1d6ef7f7dcc3fd88c89a11ec53ec762bb8ba0a96d01ffa2cd45eb1d1d8dd5c5\windows-amd64\native-platform.dll
0x00007fff0c500000 - 0x00007fff0c644000 	C:\Program Files\Android\gradle-7.3.3\native\5664cfc778a61ccfe75a443a1ab52a65af34e5dc3c78e0209fed803814484fcb\windows-amd64\native-platform-file-events.dll
0x00007fff2f750000 - 0x00007fff2f759000 	C:\Program Files\Java\jdk-18.0.1.1\bin\management.dll
0x00007fff2f740000 - 0x00007fff2f74b000 	C:\Program Files\Java\jdk-18.0.1.1\bin\management_ext.dll
0x00007fff3fb60000 - 0x00007fff3fb78000 	C:\Windows\SYSTEM32\CRYPTSP.dll
0x00007fff3f240000 - 0x00007fff3f274000 	C:\Windows\system32\rsaenh.dll
0x00007fff40350000 - 0x00007fff40377000 	C:\Windows\System32\bcrypt.dll
0x00007fff40070000 - 0x00007fff4009e000 	C:\Windows\SYSTEM32\USERENV.dll
0x00007fff3fb80000 - 0x00007fff3fb8c000 	C:\Windows\SYSTEM32\CRYPTBASE.dll
0x00007fff3f5e0000 - 0x00007fff3f61b000 	C:\Windows\SYSTEM32\IPHLPAPI.DLL
0x00007fff41970000 - 0x00007fff41978000 	C:\Windows\System32\NSI.dll
0x00007fff317a0000 - 0x00007fff317b7000 	C:\Windows\SYSTEM32\dhcpcsvc6.DLL
0x00007fff338a0000 - 0x00007fff338bd000 	C:\Windows\SYSTEM32\dhcpcsvc.DLL
0x00007fff3f640000 - 0x00007fff3f70b000 	C:\Windows\SYSTEM32\DNSAPI.dll
0x00007fff3eef0000 - 0x00007fff3ef23000 	C:\Windows\SYSTEM32\ntmarta.dll

dbghelp: loaded successfully - version: 4.0.5 - missing functions: none
symbol engine: initialized successfully - sym options: 0x614 - pdb path: .;C:\Program Files\Java\jdk-18.0.1.1\bin;C:\Windows\SYSTEM32;C:\Windows\WinSxS\amd64_microsoft.windows.common-controls_6595b64144ccf1df_6.0.19041.1110_none_60b5254171f9507e;C:\Program Files\Java\jdk-18.0.1.1\bin\server;C:\Program Files\Android\gradle-7.3.3\native\e1d6ef7f7dcc3fd88c89a11ec53ec762bb8ba0a96d01ffa2cd45eb1d1d8dd5c5\windows-amd64;C:\Program Files\Android\gradle-7.3.3\native\5664cfc778a61ccfe75a443a1ab52a65af34e5dc3c78e0209fed803814484fcb\windows-amd64

VM Arguments:
jvm_args: --add-opens=java.base/java.util=ALL-UNNAMED --add-opens=java.base/java.lang=ALL-UNNAMED --add-opens=java.base/java.lang.invoke=ALL-UNNAMED --add-opens=java.base/java.util=ALL-UNNAMED --add-opens=java.prefs/java.util.prefs=ALL-UNNAMED --add-opens=java.prefs/java.util.prefs=ALL-UNNAMED --add-opens=java.base/java.nio.charset=ALL-UNNAMED --add-opens=java.base/java.net=ALL-UNNAMED --add-opens=java.base/java.util.concurrent.atomic=ALL-UNNAMED -Xmx2048m -Dfile.encoding=UTF-8 -Duser.country=IN -Duser.language=en -Duser.variant 
java_command: org.gradle.launcher.daemon.bootstrap.GradleDaemon 7.3.3
java_class_path (initial): C:\Program Files\Android\gradle-7.3.3\lib\gradle-launcher-7.3.3.jar
Launcher Type: SUN_STANDARD

[Global flags]
     intx CICompilerCount                          = 4                                         {product} {ergonomic}
     uint ConcGCThreads                            = 2                                         {product} {ergonomic}
     uint G1ConcRefinementThreads                  = 8                                         {product} {ergonomic}
   size_t G1HeapRegionSize                         = 1048576                                   {product} {ergonomic}
    uintx GCDrainStackTargetSize                   = 64                                        {product} {ergonomic}
   size_t InitialHeapSize                          = 132120576                                 {product} {ergonomic}
   size_t MarkStackSize                            = 4194304                                   {product} {ergonomic}
   size_t MaxHeapSize                              = 2147483648                                {product} {command line}
   size_t MaxNewSize                               = 1287651328                                {product} {ergonomic}
   size_t MinHeapDeltaBytes                        = 1048576                                   {product} {ergonomic}
   size_t MinHeapSize                              = 8388608                                   {product} {ergonomic}
    uintx NonNMethodCodeHeapSize                   = 5839372                                {pd product} {ergonomic}
    uintx NonProfiledCodeHeapSize                  = 122909434                              {pd product} {ergonomic}
    uintx ProfiledCodeHeapSize                     = 122909434                              {pd product} {ergonomic}
    uintx ReservedCodeCacheSize                    = 251658240                              {pd product} {ergonomic}
     bool SegmentedCodeCache                       = true                                      {product} {ergonomic}
   size_t SoftMaxHeapSize                          = 2147483648                             {manageable} {ergonomic}
     bool UseCompressedClassPointers               = true                           {product lp64_product} {ergonomic}
     bool UseCompressedOops                        = true                           {product lp64_product} {ergonomic}
     bool UseG1GC                                  = true                                      {product} {ergonomic}
     bool UseLargePagesIndividualAllocation        = false                                  {pd product} {ergonomic}

Logging:
Log output configuration:
 #0: stdout all=warning uptime,level,tags foldmultilines=false
 #1: stderr all=off uptime,level,tags foldmultilines=false

Environment Variables:
JAVA_HOME=C:\Program Files\Java\jdk-18.0.1.1
PATH=C:\Program Files\Common Files\Oracle\Java\javapath;C:\Windows\system32;C:\Windows;C:\Windows\System32\Wbem;C:\Windows\System32\WindowsPowerShell\v1.0\;C:\Windows\System32\OpenSSH\;C:\Program Files\Git\cmd;C:\Users\suraj\AppData\Local\Microsoft\WindowsApps
USERNAME=suraj
OS=Windows_NT
PROCESSOR_IDENTIFIER=Intel64 Family 6 Model 140 Stepping 1, GenuineIntel



---------------  S Y S T E M  ---------------

OS:
 Windows 10 , 64 bit Build 19041 (10.0.19041.1741)
OS uptime: 0 days 2:53 hours
Hyper-V role detected

CPU: total 8 (initial active 8) (4 cores per cpu, 2 threads per core) family 6 model 140 stepping 1 microcode 0x86, cx8, cmov, fxsr, ht, mmx, 3dnowpref, sse, sse2, sse3, ssse3, sse4.1, sse4.2, popcnt, lzcnt, tsc, tscinvbit, avx, avx2, aes, erms, clmul, bmi1, bmi2, adx, avx512f, avx512dq, avx512cd, avx512bw, avx512vl, sha, fma, vzeroupper, avx512_vpopcntdq, avx512_vpclmulqdq, avx512_vaes, avx512_vnni, clflush, clflushopt, clwb, avx512_vbmi2, avx512_vbmi, hv

Memory: 4k page, system-wide physical 7987M (420M free)
TotalPageFile size 7987M (AvailPageFile size 2M)
current process WorkingSet (physical memory assigned to process): 505M, peak: 507M
current process commit charge ("private bytes"): 550M, peak: 553M

vm_info: Java HotSpot(TM) 64-Bit Server VM (18.0.1.1+2-6) for windows-amd64 JRE (18.0.1.1+2-6), built on Apr 25 2022 21:53:15 by "mach5one" with MS VC++ 16.8 / 16.9 (VS2019)

END.
