#
# There is insufficient memory for the Java Runtime Environment to continue.
# Native memory allocation (mmap) failed to map 81788928 bytes for G1 virtual space
# Possible reasons:
#   The system is out of physical RAM or swap space
#   The process is running with CompressedOops enabled, and the Java Heap may be blocking the growth of the native heap
# Possible solutions:
#   Reduce memory load on the system
#   Increase physical memory or swap space
#   Check if swap backing store is full
#   Decrease Java heap size (-Xmx/-Xms)
#   Decrease number of Java threads
#   Decrease Java thread stack sizes (-Xss)
#   Set larger code cache with -XX:ReservedCodeCacheSize=
#   JVM is running with Unscaled Compressed Oops mode in which the Java heap is
#     placed in the first 4GB address space. The Java Heap base address is the
#     maximum limit for the native heap growth. Please use -XX:HeapBaseMinAddress
#     to set the Java Heap base and to place the Java Heap above 4GB virtual address.
# This output file may be truncated or incomplete.
#
#  Out of Memory Error (os_windows.cpp:3530), pid=15284, tid=13984
#
# JRE version: Java(TM) SE Runtime Environment (18.0.1.1+2) (build 18.0.1.1+2-6)
# Java VM: Java HotSpot(TM) 64-Bit Server VM (18.0.1.1+2-6, mixed mode, sharing, tiered, compressed oops, compressed class ptrs, g1 gc, windows-amd64)
# No core dump will be written. Minidumps are not enabled by default on client versions of Windows
#

---------------  S U M M A R Y ------------

Command Line: --add-opens=java.base/java.util=ALL-UNNAMED --add-opens=java.base/java.lang=ALL-UNNAMED --add-opens=java.base/java.lang.invoke=ALL-UNNAMED --add-opens=java.base/java.util=ALL-UNNAMED --add-opens=java.prefs/java.util.prefs=ALL-UNNAMED --add-opens=java.prefs/java.util.prefs=ALL-UNNAMED --add-opens=java.base/java.nio.charset=ALL-UNNAMED --add-opens=java.base/java.net=ALL-UNNAMED --add-opens=java.base/java.util.concurrent.atomic=ALL-UNNAMED -Xmx2048m -Dfile.encoding=UTF-8 -Duser.country=IN -Duser.language=en -Duser.variant org.gradle.launcher.daemon.bootstrap.GradleDaemon 7.3.3

Host: 11th Gen Intel(R) Core(TM) i5-1135G7 @ 2.40GHz, 8 cores, 7G,  Windows 10 , 64 bit Build 19041 (10.0.19041.1741)
Time: Wed Jun 29 13:25:41 2022 India Standard Time elapsed time: 5.593227 seconds (0d 0h 0m 5s)

---------------  T H R E A D  ---------------

Current thread (0x00000208eb39e5e0):  VMThread "VM Thread" [stack: 0x00000063d2900000,0x00000063d2a00000] [id=13984]

Stack: [0x00000063d2900000,0x00000063d2a00000]
Native frames: (J=compiled Java code, j=interpreted, Vv=VM code, C=native code)
V  [jvm.dll+0x69887a]
V  [jvm.dll+0x7f38bd]
V  [jvm.dll+0x7f51ce]
V  [jvm.dll+0x7f5883]
V  [jvm.dll+0x25ca3f]
V  [jvm.dll+0x6957c9]
V  [jvm.dll+0x68a2fa]
V  [jvm.dll+0x321efb]
V  [jvm.dll+0x3298d6]
V  [jvm.dll+0x37e47e]
V  [jvm.dll+0x37e6af]
V  [jvm.dll+0x2f9c7a]
V  [jvm.dll+0x2f9d27]
V  [jvm.dll+0x33e262]
V  [jvm.dll+0x33c804]
V  [jvm.dll+0x2f9450]
V  [jvm.dll+0x33bddb]
V  [jvm.dll+0x7fa66b]
V  [jvm.dll+0x7fb404]
V  [jvm.dll+0x7fb93c]
V  [jvm.dll+0x7fbd94]
V  [jvm.dll+0x7fbe57]
V  [jvm.dll+0x7a03ea]
V  [jvm.dll+0x697725]
C  [ucrtbase.dll+0x21bb2]
C  [KERNEL32.DLL+0x17034]
C  [ntdll.dll+0x52651]

VM_Operation (0x00000063d44f6690): G1CollectForAllocation, mode: safepoint, requested by thread 0x00000208f0319fd0


---------------  P R O C E S S  ---------------

Threads class SMR info:
_java_thread_list=0x00000208f6398010, length=125, elements={
0x00000208cd1712e0, 0x00000208eb3a1150, 0x00000208eb3a1a00, 0x00000208eb3bac60,
0x00000208eb3bb510, 0x00000208eb3bbdc0, 0x00000208eb3be680, 0x00000208eb3bf260,
0x00000208eb3c9b70, 0x00000208eb3f4da0, 0x00000208ef8c5000, 0x00000208ef8c7b00,
0x00000208ef938b30, 0x00000208f0fa7590, 0x00000208f113beb0, 0x00000208f138a6b0,
0x00000208f12a3020, 0x00000208f06f6f60, 0x00000208f0ee6c50, 0x00000208f0319fd0,
0x00000208f097e950, 0x00000208f097dae0, 0x00000208f097f2f0, 0x00000208f0980fd0,
0x00000208f097fc90, 0x00000208f097f7c0, 0x00000208f097d610, 0x00000208f0980160,
0x00000208f097ee20, 0x00000208f0980630, 0x00000208f0980b00, 0x00000208f1741ef0,
0x00000208f1740210, 0x00000208f17453e0, 0x00000208f173e530, 0x00000208f17458b0,
0x00000208f173ea00, 0x00000208f17423c0, 0x00000208f1740bb0, 0x00000208f1743230,
0x00000208f173f3a0, 0x00000208f173e060, 0x00000208f173f870, 0x00000208f173fd40,
0x00000208f17406e0, 0x00000208f1741080, 0x00000208f1741550, 0x00000208f1743700,
0x00000208f1743bd0, 0x00000208f17440a0, 0x00000208f1744570, 0x00000208f5858b40,
0x00000208f585b1c0, 0x00000208f58564c0, 0x00000208f5859010, 0x00000208f5855b20,
0x00000208f5854cb0, 0x00000208f5855ff0, 0x00000208f58594e0, 0x00000208f58547e0,
0x00000208f585a820, 0x00000208f5857330, 0x00000208f5856990, 0x00000208f585acf0,
0x00000208f5856e60, 0x00000208f58599b0, 0x00000208f5855650, 0x00000208f585b690,
0x00000208f5858670, 0x00000208f5857800, 0x00000208f585bb60, 0x00000208f5859e80,
0x00000208f585a350, 0x00000208f5857cd0, 0x00000208f585c030, 0x00000208f58581a0,
0x00000208f5855180, 0x00000208f5aa9fd0, 0x00000208f5aa9b00, 0x00000208f5aa6fb0,
0x00000208f5aa3ac0, 0x00000208f5aa6ae0, 0x00000208f5aa7e20, 0x00000208f5aa4460,
0x00000208f5aa9630, 0x00000208f5aa7480, 0x00000208f5aaa4a0, 0x00000208f5aa6140,
0x00000208f5aa3f90, 0x00000208f5aa35f0, 0x00000208f5aaa970, 0x00000208f5aa6610,
0x00000208f5aa4930, 0x00000208f5aa87c0, 0x00000208f5aa3120, 0x00000208f5aa82f0,
0x00000208f5aa4e00, 0x00000208f5aa52d0, 0x00000208f5aa8c90, 0x00000208f5aa7950,
0x00000208f5aa57a0, 0x00000208f5aa9160, 0x00000208f5aa5c70, 0x00000208f5742d90,
0x00000208f573fd70, 0x00000208f573ea30, 0x00000208f5741580, 0x00000208f5744a70,
0x00000208f5741a50, 0x00000208f573ef00, 0x00000208f573f8a0, 0x00000208f57428c0,
0x00000208f573e560, 0x00000208f5741f20, 0x00000208f5744f40, 0x00000208f57410b0,
0x00000208f57445a0, 0x00000208f573f3d0, 0x00000208f57423f0, 0x00000208f5743730,
0x00000208f5743c00, 0x00000208f5743260, 0x00000208f57440d0, 0x00000208f5745410,
0x00000208f5740240
}

Java Threads: ( => current thread )
  0x00000208cd1712e0 JavaThread "main" [_thread_blocked, id=12340, stack(0x00000063d2300000,0x00000063d2400000)]
  0x00000208eb3a1150 JavaThread "Reference Handler" daemon [_thread_blocked, id=8692, stack(0x00000063d2a00000,0x00000063d2b00000)]
  0x00000208eb3a1a00 JavaThread "Finalizer" daemon [_thread_blocked, id=6304, stack(0x00000063d2b00000,0x00000063d2c00000)]
  0x00000208eb3bac60 JavaThread "Signal Dispatcher" daemon [_thread_blocked, id=14784, stack(0x00000063d2c00000,0x00000063d2d00000)]
  0x00000208eb3bb510 JavaThread "Attach Listener" daemon [_thread_blocked, id=8056, stack(0x00000063d2d00000,0x00000063d2e00000)]
  0x00000208eb3bbdc0 JavaThread "Service Thread" daemon [_thread_blocked, id=13956, stack(0x00000063d2e00000,0x00000063d2f00000)]
  0x00000208eb3be680 JavaThread "Monitor Deflation Thread" daemon [_thread_blocked, id=16324, stack(0x00000063d2f00000,0x00000063d3000000)]
  0x00000208eb3bf260 JavaThread "C2 CompilerThread0" daemon [_thread_blocked, id=15312, stack(0x00000063d3000000,0x00000063d3100000)]
  0x00000208eb3c9b70 JavaThread "C1 CompilerThread0" daemon [_thread_blocked, id=5048, stack(0x00000063d3100000,0x00000063d3200000)]
  0x00000208eb3f4da0 JavaThread "Sweeper thread" daemon [_thread_blocked, id=5464, stack(0x00000063d3200000,0x00000063d3300000)]
  0x00000208ef8c5000 JavaThread "Common-Cleaner" daemon [_thread_blocked, id=11824, stack(0x00000063d3300000,0x00000063d3400000)]
  0x00000208ef8c7b00 JavaThread "Notification Thread" daemon [_thread_blocked, id=10552, stack(0x00000063d3400000,0x00000063d3500000)]
  0x00000208ef938b30 JavaThread "C2 CompilerThread1" daemon [_thread_blocked, id=14220, stack(0x00000063d3600000,0x00000063d3700000)]
  0x00000208f0fa7590 JavaThread "Daemon health stats" [_thread_blocked, id=10068, stack(0x00000063d3e00000,0x00000063d3f00000)]
  0x00000208f113beb0 JavaThread "Incoming local TCP Connector on port 64445" [_thread_in_native, id=8360, stack(0x00000063d3f00000,0x00000063d4000000)]
  0x00000208f138a6b0 JavaThread "Daemon periodic checks" [_thread_blocked, id=7688, stack(0x00000063d4000000,0x00000063d4100000)]
  0x00000208f12a3020 JavaThread "Daemon" [_thread_blocked, id=3496, stack(0x00000063d4100000,0x00000063d4200000)]
  0x00000208f06f6f60 JavaThread "Handler for socket connection from /127.0.0.1:64445 to /127.0.0.1:64446" [_thread_in_native, id=7708, stack(0x00000063d4200000,0x00000063d4300000)]
  0x00000208f0ee6c50 JavaThread "Cancel handler" [_thread_blocked, id=3868, stack(0x00000063d4300000,0x00000063d4400000)]
  0x00000208f0319fd0 JavaThread "Daemon worker" [_thread_blocked, id=12764, stack(0x00000063d4400000,0x00000063d4500000)]
  0x00000208f097e950 JavaThread "Asynchronous log dispatcher for DefaultDaemonConnection: socket connection from /127.0.0.1:64445 to /127.0.0.1:64446" [_thread_blocked, id=7584, stack(0x00000063d4500000,0x00000063d4600000)]
  0x00000208f097dae0 JavaThread "Stdin handler" [_thread_blocked, id=13292, stack(0x00000063d4600000,0x00000063d4700000)]
  0x00000208f097f2f0 JavaThread "Daemon client event forwarder" [_thread_blocked, id=14720, stack(0x00000063d4700000,0x00000063d4800000)]
  0x00000208f0980fd0 JavaThread "Cache worker for journal cache (C:\Program Files\Android\gradle-7.3.3\caches\journal-1)" [_thread_blocked, id=14660, stack(0x00000063d4800000,0x00000063d4900000)]
  0x00000208f097fc90 JavaThread "File lock request listener" [_thread_in_native, id=10388, stack(0x00000063d4900000,0x00000063d4a00000)]
  0x00000208f097f7c0 JavaThread "Cache worker for file hash cache (C:\Program Files\Android\gradle-7.3.3\caches\7.3.3\fileHashes)" [_thread_blocked, id=15436, stack(0x00000063d4a00000,0x00000063d4b00000)]
  0x00000208f097d610 JavaThread "Cache worker for file hash cache (D:\EmailLogin\.gradle\7.3.3\fileHashes)" [_thread_blocked, id=7604, stack(0x00000063d4b00000,0x00000063d4c00000)]
  0x00000208f0980160 JavaThread "File watcher server" daemon [_thread_in_native, id=12980, stack(0x00000063d4c00000,0x00000063d4d00000)]
  0x00000208f097ee20 JavaThread "File watcher consumer" daemon [_thread_blocked, id=1496, stack(0x00000063d4d00000,0x00000063d4e00000)]
  0x00000208f0980630 JavaThread "Cache worker for checksums cache (D:\EmailLogin\.gradle\7.3.3\checksums)" [_thread_blocked, id=9960, stack(0x00000063d4f00000,0x00000063d5000000)]
  0x00000208f0980b00 JavaThread "Cache worker for cache directory md-supplier (C:\Program Files\Android\gradle-7.3.3\caches\7.3.3\md-supplier)" [_thread_blocked, id=14476, stack(0x00000063d5000000,0x00000063d5100000)]
  0x00000208f1741ef0 JavaThread "Cache worker for cache directory md-rule (C:\Program Files\Android\gradle-7.3.3\caches\7.3.3\md-rule)" [_thread_blocked, id=15252, stack(0x00000063d5200000,0x00000063d5300000)]
  0x00000208f1740210 JavaThread "Cache worker for execution history cache (C:\Program Files\Android\gradle-7.3.3\caches\7.3.3\executionHistory)" [_thread_blocked, id=2960, stack(0x00000063d5300000,0x00000063d5400000)]
  0x00000208f17453e0 JavaThread "jar transforms" [_thread_blocked, id=4956, stack(0x00000063d5400000,0x00000063d5500000)]
  0x00000208f173e530 JavaThread "Cache worker for file content cache (C:\Program Files\Android\gradle-7.3.3\caches\7.3.3\fileContent)" [_thread_blocked, id=15704, stack(0x00000063d5500000,0x00000063d5600000)]
  0x00000208f17458b0 JavaThread "jar transforms Thread 2" [_thread_blocked, id=2532, stack(0x00000063d5600000,0x00000063d5700000)]
  0x00000208f173ea00 JavaThread "Cache worker for dependencies-accessors (D:\EmailLogin\.gradle\7.3.3\dependencies-accessors)" [_thread_blocked, id=8164, stack(0x00000063d5700000,0x00000063d5800000)]
  0x00000208f17423c0 JavaThread "jar transforms Thread 3" [_thread_blocked, id=2932, stack(0x00000063d5800000,0x00000063d5900000)]
  0x00000208f1740bb0 JavaThread "Cache worker for Build Output Cleanup Cache (D:\EmailLogin\.gradle\buildOutputCleanup)" [_thread_blocked, id=9708, stack(0x00000063d5900000,0x00000063d5a00000)]
  0x00000208f1743230 JavaThread "Unconstrained build operations" [_thread_blocked, id=4768, stack(0x00000063d5a00000,0x00000063d5b00000)]
  0x00000208f173f3a0 JavaThread "Unconstrained build operations Thread 2" [_thread_blocked, id=15060, stack(0x00000063d5b00000,0x00000063d5c00000)]
  0x00000208f173e060 JavaThread "Unconstrained build operations Thread 3" [_thread_blocked, id=9280, stack(0x00000063d5c00000,0x00000063d5d00000)]
  0x00000208f173f870 JavaThread "Unconstrained build operations Thread 4" [_thread_blocked, id=15188, stack(0x00000063d5d00000,0x00000063d5e00000)]
  0x00000208f173fd40 JavaThread "Unconstrained build operations Thread 5" [_thread_blocked, id=6480, stack(0x00000063d5e00000,0x00000063d5f00000)]
  0x00000208f17406e0 JavaThread "Unconstrained build operations Thread 6" [_thread_blocked, id=9260, stack(0x00000063d5f00000,0x00000063d6000000)]
  0x00000208f1741080 JavaThread "Unconstrained build operations Thread 7" [_thread_blocked, id=9540, stack(0x00000063d6000000,0x00000063d6100000)]
  0x00000208f1741550 JavaThread "Unconstrained build operations Thread 8" [_thread_blocked, id=3292, stack(0x00000063d6100000,0x00000063d6200000)]
  0x00000208f1743700 JavaThread "Unconstrained build operations Thread 9" [_thread_blocked, id=14120, stack(0x00000063d6200000,0x00000063d6300000)]
  0x00000208f1743bd0 JavaThread "Unconstrained build operations Thread 10" [_thread_blocked, id=15688, stack(0x00000063d6300000,0x00000063d6400000)]
  0x00000208f17440a0 JavaThread "Unconstrained build operations Thread 11" [_thread_blocked, id=15424, stack(0x00000063d6400000,0x00000063d6500000)]
  0x00000208f1744570 JavaThread "Unconstrained build operations Thread 12" [_thread_blocked, id=6936, stack(0x00000063d6500000,0x00000063d6600000)]
  0x00000208f5858b40 JavaThread "Unconstrained build operations Thread 13" [_thread_blocked, id=14732, stack(0x00000063d6600000,0x00000063d6700000)]
  0x00000208f585b1c0 JavaThread "Unconstrained build operations Thread 14" [_thread_blocked, id=12500, stack(0x00000063d6700000,0x00000063d6800000)]
  0x00000208f58564c0 JavaThread "Unconstrained build operations Thread 15" [_thread_blocked, id=5896, stack(0x00000063d6800000,0x00000063d6900000)]
  0x00000208f5859010 JavaThread "Unconstrained build operations Thread 16" [_thread_blocked, id=11732, stack(0x00000063d6900000,0x00000063d6a00000)]
  0x00000208f5855b20 JavaThread "Unconstrained build operations Thread 17" [_thread_blocked, id=5956, stack(0x00000063d6a00000,0x00000063d6b00000)]
  0x00000208f5854cb0 JavaThread "Unconstrained build operations Thread 18" [_thread_blocked, id=8700, stack(0x00000063d6b00000,0x00000063d6c00000)]
  0x00000208f5855ff0 JavaThread "Unconstrained build operations Thread 19" [_thread_blocked, id=13128, stack(0x00000063d6c00000,0x00000063d6d00000)]
  0x00000208f58594e0 JavaThread "Unconstrained build operations Thread 20" [_thread_blocked, id=7228, stack(0x00000063d6d00000,0x00000063d6e00000)]
  0x00000208f58547e0 JavaThread "Unconstrained build operations Thread 21" [_thread_blocked, id=15616, stack(0x00000063d6e00000,0x00000063d6f00000)]
  0x00000208f585a820 JavaThread "Unconstrained build operations Thread 22" [_thread_blocked, id=15920, stack(0x00000063d6f00000,0x00000063d7000000)]
  0x00000208f5857330 JavaThread "Unconstrained build operations Thread 23" [_thread_blocked, id=10456, stack(0x00000063d7000000,0x00000063d7100000)]
  0x00000208f5856990 JavaThread "Unconstrained build operations Thread 24" [_thread_blocked, id=13572, stack(0x00000063d7100000,0x00000063d7200000)]
  0x00000208f585acf0 JavaThread "Unconstrained build operations Thread 25" [_thread_blocked, id=11688, stack(0x00000063d7200000,0x00000063d7300000)]
  0x00000208f5856e60 JavaThread "Unconstrained build operations Thread 26" [_thread_blocked, id=12596, stack(0x00000063d7300000,0x00000063d7400000)]
  0x00000208f58599b0 JavaThread "Unconstrained build operations Thread 27" [_thread_blocked, id=9852, stack(0x00000063d7400000,0x00000063d7500000)]
  0x00000208f5855650 JavaThread "Unconstrained build operations Thread 28" [_thread_blocked, id=12852, stack(0x00000063d7500000,0x00000063d7600000)]
  0x00000208f585b690 JavaThread "Unconstrained build operations Thread 29" [_thread_blocked, id=16320, stack(0x00000063d7600000,0x00000063d7700000)]
  0x00000208f5858670 JavaThread "Unconstrained build operations Thread 30" [_thread_blocked, id=11876, stack(0x00000063d7700000,0x00000063d7800000)]
  0x00000208f5857800 JavaThread "Unconstrained build operations Thread 31" [_thread_blocked, id=4040, stack(0x00000063d7800000,0x00000063d7900000)]
  0x00000208f585bb60 JavaThread "Unconstrained build operations Thread 32" [_thread_blocked, id=2540, stack(0x00000063d7900000,0x00000063d7a00000)]
  0x00000208f5859e80 JavaThread "Unconstrained build operations Thread 33" [_thread_blocked, id=4284, stack(0x00000063d7a00000,0x00000063d7b00000)]
  0x00000208f585a350 JavaThread "Unconstrained build operations Thread 34" [_thread_blocked, id=944, stack(0x00000063d7b00000,0x00000063d7c00000)]
  0x00000208f5857cd0 JavaThread "Unconstrained build operations Thread 35" [_thread_blocked, id=14824, stack(0x00000063d7c00000,0x00000063d7d00000)]
  0x00000208f585c030 JavaThread "Unconstrained build operations Thread 36" [_thread_blocked, id=10880, stack(0x00000063d7d00000,0x00000063d7e00000)]
  0x00000208f58581a0 JavaThread "Unconstrained build operations Thread 37" [_thread_blocked, id=2380, stack(0x00000063d7e00000,0x00000063d7f00000)]
  0x00000208f5855180 JavaThread "Unconstrained build operations Thread 38" [_thread_blocked, id=15532, stack(0x00000063d7f00000,0x00000063d8000000)]
  0x00000208f5aa9fd0 JavaThread "Unconstrained build operations Thread 39" [_thread_blocked, id=16112, stack(0x00000063d8000000,0x00000063d8100000)]
  0x00000208f5aa9b00 JavaThread "Unconstrained build operations Thread 40" [_thread_blocked, id=2868, stack(0x00000063d8100000,0x00000063d8200000)]
  0x00000208f5aa6fb0 JavaThread "Unconstrained build operations Thread 41" [_thread_blocked, id=500, stack(0x00000063d8200000,0x00000063d8300000)]
  0x00000208f5aa3ac0 JavaThread "Unconstrained build operations Thread 42" [_thread_blocked, id=13300, stack(0x00000063d8300000,0x00000063d8400000)]
  0x00000208f5aa6ae0 JavaThread "Unconstrained build operations Thread 43" [_thread_blocked, id=8424, stack(0x00000063d8400000,0x00000063d8500000)]
  0x00000208f5aa7e20 JavaThread "Unconstrained build operations Thread 44" [_thread_blocked, id=3864, stack(0x00000063d8500000,0x00000063d8600000)]
  0x00000208f5aa4460 JavaThread "Unconstrained build operations Thread 45" [_thread_blocked, id=13288, stack(0x00000063d8600000,0x00000063d8700000)]
  0x00000208f5aa9630 JavaThread "Unconstrained build operations Thread 46" [_thread_blocked, id=6576, stack(0x00000063d8700000,0x00000063d8800000)]
  0x00000208f5aa7480 JavaThread "Unconstrained build operations Thread 47" [_thread_blocked, id=1084, stack(0x00000063d8800000,0x00000063d8900000)]
  0x00000208f5aaa4a0 JavaThread "Unconstrained build operations Thread 48" [_thread_blocked, id=13704, stack(0x00000063d8900000,0x00000063d8a00000)]
  0x00000208f5aa6140 JavaThread "Unconstrained build operations Thread 49" [_thread_blocked, id=10576, stack(0x00000063d8a00000,0x00000063d8b00000)]
  0x00000208f5aa3f90 JavaThread "Unconstrained build operations Thread 50" [_thread_blocked, id=6276, stack(0x00000063d8b00000,0x00000063d8c00000)]
  0x00000208f5aa35f0 JavaThread "Unconstrained build operations Thread 51" [_thread_blocked, id=2572, stack(0x00000063d8c00000,0x00000063d8d00000)]
  0x00000208f5aaa970 JavaThread "Unconstrained build operations Thread 52" [_thread_blocked, id=7288, stack(0x00000063d8d00000,0x00000063d8e00000)]
  0x00000208f5aa6610 JavaThread "Unconstrained build operations Thread 53" [_thread_blocked, id=7548, stack(0x00000063d8e00000,0x00000063d8f00000)]
  0x00000208f5aa4930 JavaThread "Unconstrained build operations Thread 54" [_thread_blocked, id=11000, stack(0x00000063d8f00000,0x00000063d9000000)]
  0x00000208f5aa87c0 JavaThread "Unconstrained build operations Thread 55" [_thread_blocked, id=9372, stack(0x00000063d9000000,0x00000063d9100000)]
  0x00000208f5aa3120 JavaThread "Unconstrained build operations Thread 56" [_thread_blocked, id=6984, stack(0x00000063d9100000,0x00000063d9200000)]
  0x00000208f5aa82f0 JavaThread "Unconstrained build operations Thread 57" [_thread_blocked, id=4484, stack(0x00000063d9200000,0x00000063d9300000)]
  0x00000208f5aa4e00 JavaThread "Unconstrained build operations Thread 58" [_thread_blocked, id=13996, stack(0x00000063d9300000,0x00000063d9400000)]
  0x00000208f5aa52d0 JavaThread "Unconstrained build operations Thread 59" [_thread_blocked, id=8260, stack(0x00000063d9400000,0x00000063d9500000)]
  0x00000208f5aa8c90 JavaThread "Unconstrained build operations Thread 60" [_thread_blocked, id=14068, stack(0x00000063d9500000,0x00000063d9600000)]
  0x00000208f5aa7950 JavaThread "Unconstrained build operations Thread 61" [_thread_blocked, id=8268, stack(0x00000063d9600000,0x00000063d9700000)]
  0x00000208f5aa57a0 JavaThread "Unconstrained build operations Thread 62" [_thread_blocked, id=12344, stack(0x00000063d9700000,0x00000063d9800000)]
  0x00000208f5aa9160 JavaThread "Unconstrained build operations Thread 63" [_thread_blocked, id=9524, stack(0x00000063d9800000,0x00000063d9900000)]
  0x00000208f5aa5c70 JavaThread "Unconstrained build operations Thread 64" [_thread_blocked, id=16228, stack(0x00000063d9900000,0x00000063d9a00000)]
  0x00000208f5742d90 JavaThread "Unconstrained build operations Thread 65" [_thread_blocked, id=10536, stack(0x00000063d9a00000,0x00000063d9b00000)]
  0x00000208f573fd70 JavaThread "Unconstrained build operations Thread 66" [_thread_blocked, id=10932, stack(0x00000063d9b00000,0x00000063d9c00000)]
  0x00000208f573ea30 JavaThread "Unconstrained build operations Thread 67" [_thread_blocked, id=13264, stack(0x00000063d9c00000,0x00000063d9d00000)]
  0x00000208f5741580 JavaThread "Unconstrained build operations Thread 68" [_thread_blocked, id=4560, stack(0x00000063d9d00000,0x00000063d9e00000)]
  0x00000208f5744a70 JavaThread "Unconstrained build operations Thread 69" [_thread_blocked, id=11628, stack(0x00000063d9e00000,0x00000063d9f00000)]
  0x00000208f5741a50 JavaThread "Unconstrained build operations Thread 70" [_thread_blocked, id=16024, stack(0x00000063d9f00000,0x00000063da000000)]
  0x00000208f573ef00 JavaThread "Unconstrained build operations Thread 71" [_thread_blocked, id=7020, stack(0x00000063da000000,0x00000063da100000)]
  0x00000208f573f8a0 JavaThread "Unconstrained build operations Thread 72" [_thread_blocked, id=9860, stack(0x00000063da100000,0x00000063da200000)]
  0x00000208f57428c0 JavaThread "Unconstrained build operations Thread 73" [_thread_blocked, id=3908, stack(0x00000063da200000,0x00000063da300000)]
  0x00000208f573e560 JavaThread "Unconstrained build operations Thread 74" [_thread_blocked, id=11920, stack(0x00000063da300000,0x00000063da400000)]
  0x00000208f5741f20 JavaThread "Unconstrained build operations Thread 75" [_thread_blocked, id=10632, stack(0x00000063da400000,0x00000063da500000)]
  0x00000208f5744f40 JavaThread "Unconstrained build operations Thread 76" [_thread_blocked, id=8160, stack(0x00000063da500000,0x00000063da600000)]
  0x00000208f57410b0 JavaThread "Unconstrained build operations Thread 77" [_thread_blocked, id=8356, stack(0x00000063da600000,0x00000063da700000)]
  0x00000208f57445a0 JavaThread "Unconstrained build operations Thread 78" [_thread_blocked, id=4148, stack(0x00000063da700000,0x00000063da800000)]
  0x00000208f573f3d0 JavaThread "Unconstrained build operations Thread 79" [_thread_blocked, id=3732, stack(0x00000063da800000,0x00000063da900000)]
  0x00000208f57423f0 JavaThread "Unconstrained build operations Thread 80" [_thread_blocked, id=7952, stack(0x00000063da900000,0x00000063daa00000)]
  0x00000208f5743730 JavaThread "jar transforms Thread 4" [_thread_blocked, id=4160, stack(0x00000063daa00000,0x00000063dab00000)]
  0x00000208f5743c00 JavaThread "jar transforms Thread 5" [_thread_blocked, id=6980, stack(0x00000063dab00000,0x00000063dac00000)]
  0x00000208f5743260 JavaThread "jar transforms Thread 6" [_thread_blocked, id=2420, stack(0x00000063dac00000,0x00000063dad00000)]
  0x00000208f57440d0 JavaThread "jar transforms Thread 7" [_thread_blocked, id=12156, stack(0x00000063dad00000,0x00000063dae00000)]
  0x00000208f5745410 JavaThread "jar transforms Thread 8" [_thread_blocked, id=13732, stack(0x00000063dae00000,0x00000063daf00000)]
  0x00000208f5740240 JavaThread "Memory manager" [_thread_blocked, id=14668, stack(0x00000063d3700000,0x00000063d3800000)]

Other Threads:
=>0x00000208eb39e5e0 VMThread "VM Thread" [stack: 0x00000063d2900000,0x00000063d2a00000] [id=13984]
  0x00000208ef8cb210 WatcherThread "VM Periodic Task Thread" [stack: 0x00000063d3500000,0x00000063d3600000] [id=12836]
  0x00000208cd1d17c0 WorkerThread "GC Thread#0" [stack: 0x00000063d2400000,0x00000063d2500000] [id=12348]
  0x00000208f04c27b0 WorkerThread "GC Thread#1" [stack: 0x00000063d3800000,0x00000063d3900000] [id=3440]
  0x00000208f04c2a50 WorkerThread "GC Thread#2" [stack: 0x00000063d3900000,0x00000063d3a00000] [id=9332]
  0x00000208f03f0d90 WorkerThread "GC Thread#3" [stack: 0x00000063d3a00000,0x00000063d3b00000] [id=4456]
  0x00000208f03f1030 WorkerThread "GC Thread#4" [stack: 0x00000063d3b00000,0x00000063d3c00000] [id=12860]
  0x00000208f093af20 WorkerThread "GC Thread#5" [stack: 0x00000063d3c00000,0x00000063d3d00000] [id=1168]
  0x00000208f093b9a0 WorkerThread "GC Thread#6" [stack: 0x00000063d3d00000,0x00000063d3e00000] [id=16344]
  0x00000208f093bc40 WorkerThread "GC Thread#7" [stack: 0x00000063d4e00000,0x00000063d4f00000] [id=9740]
  0x00000208cd1e2600 ConcurrentGCThread "G1 Main Marker" [stack: 0x00000063d2500000,0x00000063d2600000] [id=16252]
  0x00000208cd1e2f00 WorkerThread "G1 Conc#0" [stack: 0x00000063d2600000,0x00000063d2700000] [id=6732]
  0x00000208f093a9e0 WorkerThread "G1 Conc#1" [stack: 0x00000063d5100000,0x00000063d5200000] [id=1864]
  0x00000208cd238040 ConcurrentGCThread "G1 Refine#0" [stack: 0x00000063d2700000,0x00000063d2800000] [id=4980]
  0x00000208cd238860 ConcurrentGCThread "G1 Service" [stack: 0x00000063d2800000,0x00000063d2900000] [id=3544]

Threads with active compile tasks:
C2 CompilerThread0     5612 7302   !   4       java.util.jar.JarFile::getManifestFromReference (197 bytes)
C2 CompilerThread1     5612 7300       4       org.objectweb.asm.Frame::merge (395 bytes)

VM state: at safepoint (normal execution)

VM Mutex/Monitor currently owned by a thread:  ([mutex/lock_event])
[0x00000208cd16c000] Threads_lock - owner thread: 0x00000208eb39e5e0
[0x00000208cd16c120] Heap_lock - owner thread: 0x00000208f0319fd0

Heap address: 0x0000000080000000, size: 2048 MB, Compressed Oops mode: 32-bit

CDS archive(s) mapped at: [0x0000000800000000-0x0000000800ba0000-0x0000000800ba0000), size 12189696, SharedBaseAddress: 0x0000000800000000, ArchiveRelocationMode: 0.
Compressed class space mapped at: 0x0000000800c00000-0x0000000840c00000, reserved size: 1073741824
Narrow klass base: 0x0000000800000000, Narrow klass shift: 0, Narrow klass range: 0x100000000

GC Precious Log:
 CardTable entry size: 512
 Card Set container configuration: InlinePtr #cards 5 size 8 Array Of Cards #cards 12 size 40 Howl #buckets 4 coarsen threshold 1843 Howl Bitmap #cards 512 size 80 coarsen threshold 460 Card regions per heap region 1 cards per card region 2048
 CPUs: 8 total, 8 available
 Memory: 7987M
 Large Page Support: Disabled
 NUMA Support: Disabled
 Compressed Oops: Enabled (32-bit)
 Heap Region Size: 1M
 Heap Min Capacity: 8M
 Heap Initial Capacity: 126M
 Heap Max Capacity: 2G
 Pre-touch: Disabled
 Parallel Workers: 8
 Concurrent Workers: 2
 Concurrent Refinement Workers: 8
 Periodic GC: Disabled

Heap:
 garbage-first heap   total 129024K, used 58595K [0x0000000080000000, 0x0000000100000000)
  region size 1024K, 3 young (3072K), 3 survivors (3072K)
 Metaspace       used 59641K, committed 61248K, reserved 1114112K
  class space    used 7965K, committed 8768K, reserved 1048576K

Heap Regions: E=young(eden), S=young(survivor), O=old, HS=humongous(starts), HC=humongous(continues), CS=collection set, F=free, OA=open archive, CA=closed archive, TAMS=top-at-mark-start (previous, next)
|   0|0x0000000080000000, 0x0000000080100000, 0x0000000080100000|100%| O|  |TAMS 0x0000000080100000, 0x0000000080100000| Untracked 
|   1|0x0000000080100000, 0x0000000080200000, 0x0000000080200000|100%| O|  |TAMS 0x0000000080200000, 0x0000000080200000| Untracked 
|   2|0x0000000080200000, 0x0000000080300000, 0x0000000080300000|100%| O|  |TAMS 0x0000000080300000, 0x0000000080300000| Untracked 
|   3|0x0000000080300000, 0x0000000080400000, 0x0000000080400000|100%|HS|  |TAMS 0x0000000080400000, 0x0000000080400000| Complete 
|   4|0x0000000080400000, 0x0000000080500000, 0x0000000080500000|100%|HC|  |TAMS 0x0000000080500000, 0x0000000080500000| Complete 
|   5|0x0000000080500000, 0x0000000080600000, 0x0000000080600000|100%|HC|  |TAMS 0x0000000080600000, 0x0000000080600000| Complete 
|   6|0x0000000080600000, 0x0000000080700000, 0x0000000080700000|100%| O|  |TAMS 0x0000000080700000, 0x0000000080700000| Untracked 
|   7|0x0000000080700000, 0x0000000080800000, 0x0000000080800000|100%| O|  |TAMS 0x0000000080800000, 0x0000000080800000| Untracked 
|   8|0x0000000080800000, 0x0000000080900000, 0x0000000080900000|100%| O|  |TAMS 0x0000000080900000, 0x0000000080900000| Untracked 
|   9|0x0000000080900000, 0x0000000080a00000, 0x0000000080a00000|100%| O|  |TAMS 0x0000000080a00000, 0x0000000080a00000| Untracked 
|  10|0x0000000080a00000, 0x0000000080b00000, 0x0000000080b00000|100%| O|  |TAMS 0x0000000080b00000, 0x0000000080b00000| Untracked 
|  11|0x0000000080b00000, 0x0000000080c00000, 0x0000000080c00000|100%| O|  |TAMS 0x0000000080c00000, 0x0000000080c00000| Untracked 
|  12|0x0000000080c00000, 0x0000000080d00000, 0x0000000080d00000|100%| O|  |TAMS 0x0000000080d00000, 0x0000000080d00000| Untracked 
|  13|0x0000000080d00000, 0x0000000080e00000, 0x0000000080e00000|100%| O|  |TAMS 0x0000000080e00000, 0x0000000080e00000| Untracked 
|  14|0x0000000080e00000, 0x0000000080f00000, 0x0000000080f00000|100%| O|  |TAMS 0x0000000080f00000, 0x0000000080f00000| Untracked 
|  15|0x0000000080f00000, 0x0000000081000000, 0x0000000081000000|100%| O|  |TAMS 0x0000000081000000, 0x0000000081000000| Untracked 
|  16|0x0000000081000000, 0x0000000081100000, 0x0000000081100000|100%| O|  |TAMS 0x0000000081100000, 0x0000000081100000| Untracked 
|  17|0x0000000081100000, 0x0000000081200000, 0x0000000081200000|100%| O|  |TAMS 0x0000000081200000, 0x0000000081200000| Untracked 
|  18|0x0000000081200000, 0x0000000081300000, 0x0000000081300000|100%| O|  |TAMS 0x0000000081300000, 0x0000000081300000| Untracked 
|  19|0x0000000081300000, 0x0000000081400000, 0x0000000081400000|100%| O|  |TAMS 0x0000000081300000, 0x0000000081400000| Untracked 
|  20|0x0000000081400000, 0x0000000081500000, 0x0000000081500000|100%| O|  |TAMS 0x0000000081500000, 0x0000000081500000| Untracked 
|  21|0x0000000081500000, 0x0000000081600000, 0x0000000081600000|100%| O|  |TAMS 0x0000000081600000, 0x0000000081600000| Untracked 
|  22|0x0000000081600000, 0x0000000081600000, 0x0000000081700000|  0%| F|  |TAMS 0x0000000081600000, 0x0000000081600000| Untracked 
|  23|0x0000000081700000, 0x0000000081800000, 0x0000000081800000|100%| O|  |TAMS 0x0000000081800000, 0x0000000081800000| Untracked 
|  24|0x0000000081800000, 0x0000000081900000, 0x0000000081900000|100%| O|  |TAMS 0x0000000081900000, 0x0000000081900000| Untracked 
|  25|0x0000000081900000, 0x0000000081a00000, 0x0000000081a00000|100%| O|  |TAMS 0x0000000081a00000, 0x0000000081a00000| Untracked 
|  26|0x0000000081a00000, 0x0000000081b00000, 0x0000000081b00000|100%| O|  |TAMS 0x0000000081b00000, 0x0000000081b00000| Untracked 
|  27|0x0000000081b00000, 0x0000000081c00000, 0x0000000081c00000|100%| O|  |TAMS 0x0000000081c00000, 0x0000000081c00000| Untracked 
|  28|0x0000000081c00000, 0x0000000081d00000, 0x0000000081d00000|100%|HS|  |TAMS 0x0000000081d00000, 0x0000000081d00000| Complete 
|  29|0x0000000081d00000, 0x0000000081e00000, 0x0000000081e00000|100%|HS|  |TAMS 0x0000000081e00000, 0x0000000081e00000| Complete 
|  30|0x0000000081e00000, 0x0000000081f00000, 0x0000000081f00000|100%|HS|  |TAMS 0x0000000081f00000, 0x0000000081f00000| Complete 
|  31|0x0000000081f00000, 0x0000000082000000, 0x0000000082000000|100%|HC|  |TAMS 0x0000000082000000, 0x0000000082000000| Complete 
|  32|0x0000000082000000, 0x0000000082100000, 0x0000000082100000|100%| O|  |TAMS 0x0000000082100000, 0x0000000082100000| Untracked 
|  33|0x0000000082100000, 0x0000000082200000, 0x0000000082200000|100%| O|  |TAMS 0x0000000082200000, 0x0000000082200000| Untracked 
|  34|0x0000000082200000, 0x0000000082300000, 0x0000000082300000|100%| O|  |TAMS 0x0000000082300000, 0x0000000082300000| Untracked 
|  35|0x0000000082300000, 0x0000000082400000, 0x0000000082400000|100%| O|  |TAMS 0x0000000082400000, 0x0000000082400000| Untracked 
|  36|0x0000000082400000, 0x0000000082500000, 0x0000000082500000|100%| O|  |TAMS 0x0000000082500000, 0x0000000082500000| Untracked 
|  37|0x0000000082500000, 0x0000000082600000, 0x0000000082600000|100%| O|  |TAMS 0x0000000082600000, 0x0000000082600000| Untracked 
|  38|0x0000000082600000, 0x0000000082700000, 0x0000000082700000|100%| O|  |TAMS 0x0000000082700000, 0x0000000082700000| Untracked 
|  39|0x0000000082700000, 0x0000000082800000, 0x0000000082800000|100%| O|  |TAMS 0x0000000082800000, 0x0000000082800000| Untracked 
|  40|0x0000000082800000, 0x0000000082900000, 0x0000000082900000|100%| O|  |TAMS 0x0000000082900000, 0x0000000082900000| Untracked 
|  41|0x0000000082900000, 0x0000000082a00000, 0x0000000082a00000|100%| O|  |TAMS 0x0000000082a00000, 0x0000000082a00000| Untracked 
|  42|0x0000000082a00000, 0x0000000082b00000, 0x0000000082b00000|100%| O|  |TAMS 0x0000000082b00000, 0x0000000082b00000| Untracked 
|  43|0x0000000082b00000, 0x0000000082c00000, 0x0000000082c00000|100%| O|  |TAMS 0x0000000082c00000, 0x0000000082c00000| Untracked 
|  44|0x0000000082c00000, 0x0000000082d00000, 0x0000000082d00000|100%| O|  |TAMS 0x0000000082d00000, 0x0000000082d00000| Untracked 
|  45|0x0000000082d00000, 0x0000000082e00000, 0x0000000082e00000|100%| O|  |TAMS 0x0000000082e00000, 0x0000000082e00000| Untracked 
|  46|0x0000000082e00000, 0x0000000082f00000, 0x0000000082f00000|100%| O|  |TAMS 0x0000000082f00000, 0x0000000082f00000| Untracked 
|  47|0x0000000082f00000, 0x0000000083000000, 0x0000000083000000|100%| O|  |TAMS 0x0000000083000000, 0x0000000083000000| Untracked 
|  48|0x0000000083000000, 0x0000000083100000, 0x0000000083100000|100%| O|  |TAMS 0x0000000083100000, 0x0000000083100000| Untracked 
|  49|0x0000000083100000, 0x0000000083200000, 0x0000000083200000|100%| O|  |TAMS 0x0000000083200000, 0x0000000083200000| Untracked 
|  50|0x0000000083200000, 0x0000000083300000, 0x0000000083300000|100%| O|  |TAMS 0x0000000083300000, 0x0000000083300000| Untracked 
|  51|0x0000000083300000, 0x0000000083400000, 0x0000000083400000|100%| O|  |TAMS 0x0000000083400000, 0x0000000083400000| Untracked 
|  52|0x0000000083400000, 0x0000000083500000, 0x0000000083500000|100%| O|  |TAMS 0x0000000083500000, 0x0000000083500000| Untracked 
|  53|0x0000000083500000, 0x0000000083600000, 0x0000000083600000|100%| O|  |TAMS 0x00000000835eea00, 0x0000000083600000| Untracked 
|  54|0x0000000083600000, 0x0000000083700000, 0x0000000083700000|100%| O|  |TAMS 0x0000000083600000, 0x0000000083700000| Untracked 
|  55|0x0000000083700000, 0x00000000837e4400, 0x0000000083800000| 89%| O|  |TAMS 0x0000000083700000, 0x00000000837e4400| Untracked 
|  56|0x0000000083800000, 0x0000000083800000, 0x0000000083900000|  0%| F|  |TAMS 0x0000000083800000, 0x0000000083800000| Untracked 
|  57|0x0000000083900000, 0x0000000083900000, 0x0000000083a00000|  0%| F|  |TAMS 0x0000000083900000, 0x0000000083900000| Untracked 
|  58|0x0000000083a00000, 0x0000000083a00000, 0x0000000083b00000|  0%| F|  |TAMS 0x0000000083a00000, 0x0000000083a00000| Untracked 
|  59|0x0000000083b00000, 0x0000000083b00000, 0x0000000083c00000|  0%| F|  |TAMS 0x0000000083b00000, 0x0000000083b00000| Untracked 
|  60|0x0000000083c00000, 0x0000000083c00000, 0x0000000083d00000|  0%| F|  |TAMS 0x0000000083c00000, 0x0000000083c00000| Untracked 
|  61|0x0000000083d00000, 0x0000000083d00000, 0x0000000083e00000|  0%| F|  |TAMS 0x0000000083d00000, 0x0000000083d00000| Untracked 
|  62|0x0000000083e00000, 0x0000000083e00000, 0x0000000083f00000|  0%| F|  |TAMS 0x0000000083e00000, 0x0000000083e00000| Untracked 
|  63|0x0000000083f00000, 0x0000000083f00000, 0x0000000084000000|  0%| F|  |TAMS 0x0000000083f00000, 0x0000000083f00000| Untracked 
|  64|0x0000000084000000, 0x0000000084000000, 0x0000000084100000|  0%| F|  |TAMS 0x0000000084000000, 0x0000000084000000| Untracked 
|  65|0x0000000084100000, 0x0000000084100000, 0x0000000084200000|  0%| F|  |TAMS 0x0000000084100000, 0x0000000084100000| Untracked 
|  66|0x0000000084200000, 0x0000000084200000, 0x0000000084300000|  0%| F|  |TAMS 0x0000000084200000, 0x0000000084200000| Untracked 
|  67|0x0000000084300000, 0x0000000084300000, 0x0000000084400000|  0%| F|  |TAMS 0x0000000084300000, 0x0000000084300000| Untracked 
|  68|0x0000000084400000, 0x0000000084400000, 0x0000000084500000|  0%| F|  |TAMS 0x0000000084400000, 0x0000000084400000| Untracked 
|  69|0x0000000084500000, 0x0000000084500000, 0x0000000084600000|  0%| F|  |TAMS 0x0000000084500000, 0x0000000084500000| Untracked 
|  70|0x0000000084600000, 0x0000000084600000, 0x0000000084700000|  0%| F|  |TAMS 0x0000000084600000, 0x0000000084600000| Untracked 
|  71|0x0000000084700000, 0x0000000084700000, 0x0000000084800000|  0%| F|  |TAMS 0x0000000084700000, 0x0000000084700000| Untracked 
|  72|0x0000000084800000, 0x0000000084800000, 0x0000000084900000|  0%| F|  |TAMS 0x0000000084800000, 0x0000000084800000| Untracked 
|  73|0x0000000084900000, 0x0000000084954a80, 0x0000000084a00000| 33%| S|CS|TAMS 0x0000000084900000, 0x0000000084900000| Complete 
|  74|0x0000000084a00000, 0x0000000084b00000, 0x0000000084b00000|100%| S|CS|TAMS 0x0000000084a00000, 0x0000000084a00000| Complete 
|  75|0x0000000084b00000, 0x0000000084c00000, 0x0000000084c00000|100%| S|CS|TAMS 0x0000000084b00000, 0x0000000084b00000| Complete 
|  76|0x0000000084c00000, 0x0000000084c00000, 0x0000000084d00000|  0%| F|  |TAMS 0x0000000084c00000, 0x0000000084c00000| Untracked 
|  77|0x0000000084d00000, 0x0000000084d00000, 0x0000000084e00000|  0%| F|  |TAMS 0x0000000084d00000, 0x0000000084d00000| Untracked 
|  78|0x0000000084e00000, 0x0000000084e00000, 0x0000000084f00000|  0%| F|  |TAMS 0x0000000084e00000, 0x0000000084e00000| Untracked 
|  79|0x0000000084f00000, 0x0000000084f00000, 0x0000000085000000|  0%| F|  |TAMS 0x0000000084f00000, 0x0000000084f00000| Untracked 
|  80|0x0000000085000000, 0x0000000085000000, 0x0000000085100000|  0%| F|  |TAMS 0x0000000085000000, 0x0000000085000000| Untracked 
|  81|0x0000000085100000, 0x0000000085100000, 0x0000000085200000|  0%| F|  |TAMS 0x0000000085100000, 0x0000000085100000| Untracked 
|  82|0x0000000085200000, 0x0000000085200000, 0x0000000085300000|  0%| F|  |TAMS 0x0000000085200000, 0x0000000085200000| Untracked 
|  83|0x0000000085300000, 0x0000000085300000, 0x0000000085400000|  0%| F|  |TAMS 0x0000000085300000, 0x0000000085300000| Untracked 
|  84|0x0000000085400000, 0x0000000085400000, 0x0000000085500000|  0%| F|  |TAMS 0x0000000085400000, 0x0000000085400000| Untracked 
|  85|0x0000000085500000, 0x0000000085500000, 0x0000000085600000|  0%| F|  |TAMS 0x0000000085500000, 0x0000000085500000| Untracked 
|  86|0x0000000085600000, 0x0000000085600000, 0x0000000085700000|  0%| F|  |TAMS 0x0000000085600000, 0x0000000085600000| Untracked 
|  87|0x0000000085700000, 0x0000000085700000, 0x0000000085800000|  0%| F|  |TAMS 0x0000000085700000, 0x0000000085700000| Untracked 
|  88|0x0000000085800000, 0x0000000085800000, 0x0000000085900000|  0%| F|  |TAMS 0x0000000085800000, 0x0000000085800000| Untracked 
|  89|0x0000000085900000, 0x0000000085900000, 0x0000000085a00000|  0%| F|  |TAMS 0x0000000085900000, 0x0000000085900000| Untracked 
|  90|0x0000000085a00000, 0x0000000085a00000, 0x0000000085b00000|  0%| F|  |TAMS 0x0000000085a00000, 0x0000000085a00000| Untracked 
|  91|0x0000000085b00000, 0x0000000085b00000, 0x0000000085c00000|  0%| F|  |TAMS 0x0000000085b00000, 0x0000000085b00000| Untracked 
|  92|0x0000000085c00000, 0x0000000085c00000, 0x0000000085d00000|  0%| F|  |TAMS 0x0000000085c00000, 0x0000000085c00000| Untracked 
|  93|0x0000000085d00000, 0x0000000085d00000, 0x0000000085e00000|  0%| F|  |TAMS 0x0000000085d00000, 0x0000000085d00000| Untracked 
|  94|0x0000000085e00000, 0x0000000085e00000, 0x0000000085f00000|  0%| F|  |TAMS 0x0000000085e00000, 0x0000000085e00000| Untracked 
|  95|0x0000000085f00000, 0x0000000085f00000, 0x0000000086000000|  0%| F|  |TAMS 0x0000000085f00000, 0x0000000085f00000| Untracked 
|  96|0x0000000086000000, 0x0000000086000000, 0x0000000086100000|  0%| F|  |TAMS 0x0000000086000000, 0x0000000086000000| Untracked 
|  97|0x0000000086100000, 0x0000000086100000, 0x0000000086200000|  0%| F|  |TAMS 0x0000000086100000, 0x0000000086100000| Untracked 
|  98|0x0000000086200000, 0x0000000086200000, 0x0000000086300000|  0%| F|  |TAMS 0x0000000086200000, 0x0000000086200000| Untracked 
|  99|0x0000000086300000, 0x0000000086300000, 0x0000000086400000|  0%| F|  |TAMS 0x0000000086300000, 0x0000000086300000| Untracked 
| 100|0x0000000086400000, 0x0000000086400000, 0x0000000086500000|  0%| F|  |TAMS 0x0000000086400000, 0x0000000086400000| Untracked 
| 101|0x0000000086500000, 0x0000000086500000, 0x0000000086600000|  0%| F|  |TAMS 0x0000000086500000, 0x0000000086500000| Untracked 
| 102|0x0000000086600000, 0x0000000086600000, 0x0000000086700000|  0%| F|  |TAMS 0x0000000086600000, 0x0000000086600000| Untracked 
| 103|0x0000000086700000, 0x0000000086700000, 0x0000000086800000|  0%| F|  |TAMS 0x0000000086700000, 0x0000000086700000| Untracked 
| 104|0x0000000086800000, 0x0000000086800000, 0x0000000086900000|  0%| F|  |TAMS 0x0000000086800000, 0x0000000086800000| Untracked 
| 105|0x0000000086900000, 0x0000000086900000, 0x0000000086a00000|  0%| F|  |TAMS 0x0000000086900000, 0x0000000086900000| Untracked 
| 106|0x0000000086a00000, 0x0000000086a00000, 0x0000000086b00000|  0%| F|  |TAMS 0x0000000086a00000, 0x0000000086a00000| Untracked 
| 107|0x0000000086b00000, 0x0000000086b00000, 0x0000000086c00000|  0%| F|  |TAMS 0x0000000086b00000, 0x0000000086b00000| Untracked 
| 108|0x0000000086c00000, 0x0000000086c00000, 0x0000000086d00000|  0%| F|  |TAMS 0x0000000086c00000, 0x0000000086c00000| Untracked 
| 109|0x0000000086d00000, 0x0000000086d00000, 0x0000000086e00000|  0%| F|  |TAMS 0x0000000086d00000, 0x0000000086d00000| Untracked 
| 110|0x0000000086e00000, 0x0000000086e00000, 0x0000000086f00000|  0%| F|  |TAMS 0x0000000086e00000, 0x0000000086e00000| Untracked 
| 111|0x0000000086f00000, 0x0000000086f00000, 0x0000000087000000|  0%| F|  |TAMS 0x0000000086f00000, 0x0000000086f00000| Untracked 
| 112|0x0000000087000000, 0x0000000087000000, 0x0000000087100000|  0%| F|  |TAMS 0x0000000087000000, 0x0000000087000000| Untracked 
| 113|0x0000000087100000, 0x0000000087100000, 0x0000000087200000|  0%| F|  |TAMS 0x0000000087100000, 0x0000000087100000| Untracked 
| 114|0x0000000087200000, 0x0000000087200000, 0x0000000087300000|  0%| F|  |TAMS 0x0000000087200000, 0x0000000087200000| Untracked 
| 115|0x0000000087300000, 0x0000000087300000, 0x0000000087400000|  0%| F|  |TAMS 0x0000000087300000, 0x0000000087300000| Untracked 
| 116|0x0000000087400000, 0x0000000087400000, 0x0000000087500000|  0%| F|  |TAMS 0x0000000087400000, 0x0000000087400000| Untracked 
| 117|0x0000000087500000, 0x0000000087500000, 0x0000000087600000|  0%| F|  |TAMS 0x0000000087500000, 0x0000000087500000| Untracked 
| 118|0x0000000087600000, 0x0000000087600000, 0x0000000087700000|  0%| F|  |TAMS 0x0000000087600000, 0x0000000087600000| Untracked 
| 119|0x0000000087700000, 0x0000000087700000, 0x0000000087800000|  0%| F|  |TAMS 0x0000000087700000, 0x0000000087700000| Untracked 
| 120|0x0000000087800000, 0x0000000087800000, 0x0000000087900000|  0%| F|  |TAMS 0x0000000087800000, 0x0000000087800000| Untracked 
| 121|0x0000000087900000, 0x0000000087900000, 0x0000000087a00000|  0%| F|  |TAMS 0x0000000087900000, 0x0000000087900000| Untracked 
| 122|0x0000000087a00000, 0x0000000087a00000, 0x0000000087b00000|  0%| F|  |TAMS 0x0000000087a00000, 0x0000000087a00000| Untracked 
| 123|0x0000000087b00000, 0x0000000087b00000, 0x0000000087c00000|  0%| F|  |TAMS 0x0000000087b00000, 0x0000000087b00000| Untracked 
| 124|0x0000000087c00000, 0x0000000087c00000, 0x0000000087d00000|  0%| F|  |TAMS 0x0000000087c00000, 0x0000000087c00000| Untracked 
| 125|0x0000000087d00000, 0x0000000087d00000, 0x0000000087e00000|  0%| F|  |TAMS 0x0000000087d00000, 0x0000000087d00000| Untracked 

Card table byte_map: [0x00000208e41e0000,0x00000208e45e0000] _byte_map_base: 0x00000208e3de0000

Marking Bits (Prev, Next): (CMBitMap*) 0x00000208cd1d1d10, (CMBitMap*) 0x00000208cd1d1cd0
 Prev Bits: [0x00000208e69e0000, 0x00000208e89e0000)
 Next Bits: [0x00000208e49e0000, 0x00000208e69e0000)

Polling page: 0x00000208cc940000

Metaspace:

Usage:
  Non-class:     50.46 MB used.
      Class:      7.78 MB used.
       Both:     58.24 MB used.

Virtual space:
  Non-class space:       64.00 MB reserved,      51.25 MB ( 80%) committed,  1 nodes.
      Class space:        1.00 GB reserved,       8.56 MB ( <1%) committed,  1 nodes.
             Both:        1.06 GB reserved,      59.81 MB (  5%) committed. 

Chunk freelists:
   Non-Class:  71.00 KB
       Class:  3.31 MB
        Both:  3.38 MB

MaxMetaspaceSize: unlimited
CompressedClassSpaceSize: 1.00 GB
Initial GC threshold: 21.00 MB
Current GC threshold: 95.94 MB
CDS: on
MetaspaceReclaimPolicy: balanced
 - commit_granule_bytes: 65536.
 - commit_granule_words: 8192.
 - virtual_space_node_default_size: 8388608.
 - enlarge_chunks_in_place: 1.
 - new_chunks_are_fully_committed: 0.
 - uncommit_free_chunks: 1.
 - use_allocation_guard: 0.


Internal statistics:

num_allocs_failed_limit: 6.
num_arena_births: 2896.
num_arena_deaths: 0.
num_vsnodes_births: 2.
num_vsnodes_deaths: 0.
num_space_committed: 957.
num_space_uncommitted: 0.
num_chunks_returned_to_freelist: 6.
num_chunks_taken_from_freelist: 5556.
num_chunk_merges: 6.
num_chunk_splits: 3629.
num_chunks_enlarged: 2272.
num_inconsistent_stats: 0.

CodeHeap 'non-profiled nmethods': size=120000Kb used=3467Kb max_used=3467Kb free=116533Kb
 bounds [0x00000208dc580000, 0x00000208dc8f0000, 0x00000208e3ab0000]
CodeHeap 'profiled nmethods': size=120000Kb used=12689Kb max_used=12689Kb free=107310Kb
 bounds [0x00000208d5050000, 0x00000208d5cc0000, 0x00000208dc580000]
CodeHeap 'non-nmethods': size=5760Kb used=2375Kb max_used=2410Kb free=3384Kb
 bounds [0x00000208d4ab0000, 0x00000208d4d20000, 0x00000208d5050000]
 total_blobs=7352 nmethods=6477 adapters=787
 compilation: enabled
              stopped_count=0, restarted_count=0
 full_count=0

Compilation events (20 events):
Event: 5.570 Thread 0x00000208eb3c9b70 nmethod 7292 0x00000208d5cb4890 code [0x00000208d5cb4a40, 0x00000208d5cb4d48]
Event: 5.570 Thread 0x00000208eb3c9b70 7293       1       com.google.common.collect.SingletonImmutableList::size (2 bytes)
Event: 5.570 Thread 0x00000208eb3c9b70 nmethod 7293 0x00000208dc8df910 code [0x00000208dc8dfaa0, 0x00000208dc8dfb78]
Event: 5.573 Thread 0x00000208eb3bf260 nmethod 7287 0x00000208dc8dfc10 code [0x00000208dc8dfdc0, 0x00000208dc8e05d8]
Event: 5.573 Thread 0x00000208eb3bf260 7294       4       org.objectweb.asm.MethodWriter::addSuccessorToCurrentBasicBlock (24 bytes)
Event: 5.575 Thread 0x00000208eb3bf260 nmethod 7294 0x00000208dc8e0a10 code [0x00000208dc8e0ba0, 0x00000208dc8e0ed8]
Event: 5.583 Thread 0x00000208eb3bf260 7295       4       java.beans.Introspector::decapitalize (68 bytes)
Event: 5.583 Thread 0x00000208eb3c9b70 7296       3       sun.reflect.generics.tree.SimpleClassTypeSignature::accept (8 bytes)
Event: 5.583 Thread 0x00000208eb3c9b70 nmethod 7296 0x00000208d5cb4e10 code [0x00000208d5cb4fe0, 0x00000208d5cb52c8]
Event: 5.583 Thread 0x00000208eb3c9b70 7297       3       sun.reflect.generics.visitor.Reifier::visitSimpleClassTypeSignature (18 bytes)
Event: 5.584 Thread 0x00000208eb3c9b70 nmethod 7297 0x00000208d5cb5490 code [0x00000208d5cb5640, 0x00000208d5cb5888]
Event: 5.584 Thread 0x00000208eb3c9b70 7298       3       jdk.proxy1.$Proxy4::<init> (6 bytes)
Event: 5.584 Thread 0x00000208eb3c9b70 nmethod 7298 0x00000208d5cb5990 code [0x00000208d5cb5b60, 0x00000208d5cb5ee8]
Event: 5.584 Thread 0x00000208ef938b30 7299       4       java.util.TreeMap$ValueIterator::next (8 bytes)
Event: 5.587 Thread 0x00000208ef938b30 nmethod 7299 0x00000208dc8e1010 code [0x00000208dc8e11a0, 0x00000208dc8e1498]
Event: 5.587 Thread 0x00000208ef938b30 7300       4       org.objectweb.asm.Frame::merge (395 bytes)
Event: 5.589 Thread 0x00000208eb3bf260 nmethod 7295 0x00000208dc8e1610 code [0x00000208dc8e1800, 0x00000208dc8e21e8]
Event: 5.589 Thread 0x00000208eb3bf260 7301       4       org.objectweb.asm.AnnotationWriter::putAnnotations (67 bytes)
Event: 5.589 Thread 0x00000208eb3bf260 nmethod 7301 0x00000208dc8e2790 code [0x00000208dc8e2920, 0x00000208dc8e2a78]
Event: 5.589 Thread 0x00000208eb3bf260 7302   !   4       java.util.jar.JarFile::getManifestFromReference (197 bytes)

GC Heap History (20 events):
Event: 3.924 GC heap after
{Heap after GC invocations=11 (full 0):
 garbage-first heap   total 81920K, used 34728K [0x0000000080000000, 0x0000000100000000)
  region size 1024K, 5 young (5120K), 5 survivors (5120K)
 Metaspace       used 40750K, committed 42112K, reserved 1114112K
  class space    used 5629K, committed 6336K, reserved 1048576K
}
Event: 4.236 GC heap before
{Heap before GC invocations=11 (full 0):
 garbage-first heap   total 81920K, used 66472K [0x0000000080000000, 0x0000000100000000)
  region size 1024K, 33 young (33792K), 5 survivors (5120K)
 Metaspace       used 42801K, committed 44224K, reserved 1114112K
  class space    used 5896K, committed 6656K, reserved 1048576K
}
Event: 4.240 GC heap after
{Heap after GC invocations=12 (full 0):
 garbage-first heap   total 81920K, used 46558K [0x0000000080000000, 0x0000000100000000)
  region size 1024K, 5 young (5120K), 5 survivors (5120K)
 Metaspace       used 42801K, committed 44224K, reserved 1114112K
  class space    used 5896K, committed 6656K, reserved 1048576K
}
Event: 4.415 GC heap before
{Heap before GC invocations=12 (full 0):
 garbage-first heap   total 81920K, used 64990K [0x0000000080000000, 0x0000000100000000)
  region size 1024K, 23 young (23552K), 5 survivors (5120K)
 Metaspace       used 45714K, committed 47232K, reserved 1114112K
  class space    used 6245K, committed 7040K, reserved 1048576K
}
Event: 4.417 GC heap after
{Heap after GC invocations=13 (full 0):
 garbage-first heap   total 81920K, used 47840K [0x0000000080000000, 0x0000000100000000)
  region size 1024K, 1 young (1024K), 1 survivors (1024K)
 Metaspace       used 45714K, committed 47232K, reserved 1114112K
  class space    used 6245K, committed 7040K, reserved 1048576K
}
Event: 4.634 GC heap before
{Heap before GC invocations=14 (full 0):
 garbage-first heap   total 87040K, used 65248K [0x0000000080000000, 0x0000000100000000)
  region size 1024K, 18 young (18432K), 1 survivors (1024K)
 Metaspace       used 48932K, committed 50432K, reserved 1114112K
  class space    used 6620K, committed 7360K, reserved 1048576K
}
Event: 4.636 GC heap after
{Heap after GC invocations=15 (full 0):
 garbage-first heap   total 104448K, used 48387K [0x0000000080000000, 0x0000000100000000)
  region size 1024K, 2 young (2048K), 2 survivors (2048K)
 Metaspace       used 48932K, committed 50432K, reserved 1114112K
  class space    used 6620K, committed 7360K, reserved 1048576K
}
Event: 4.968 GC heap before
{Heap before GC invocations=15 (full 0):
 garbage-first heap   total 104448K, used 80131K [0x0000000080000000, 0x0000000100000000)
  region size 1024K, 34 young (34816K), 2 survivors (2048K)
 Metaspace       used 54071K, committed 55616K, reserved 1114112K
  class space    used 7255K, committed 8064K, reserved 1048576K
}
Event: 4.971 GC heap after
{Heap after GC invocations=16 (full 0):
 garbage-first heap   total 104448K, used 51948K [0x0000000080000000, 0x0000000100000000)
  region size 1024K, 5 young (5120K), 5 survivors (5120K)
 Metaspace       used 54071K, committed 55616K, reserved 1114112K
  class space    used 7255K, committed 8064K, reserved 1048576K
}
Event: 5.248 GC heap before
{Heap before GC invocations=17 (full 0):
 garbage-first heap   total 104448K, used 81644K [0x0000000080000000, 0x0000000100000000)
  region size 1024K, 34 young (34816K), 5 survivors (5120K)
 Metaspace       used 56900K, committed 58496K, reserved 1114112K
  class space    used 7595K, committed 8384K, reserved 1048576K
}
Event: 5.252 GC heap after
{Heap after GC invocations=18 (full 0):
 garbage-first heap   total 104448K, used 54250K [0x0000000080000000, 0x0000000100000000)
  region size 1024K, 3 young (3072K), 3 survivors (3072K)
 Metaspace       used 56900K, committed 58496K, reserved 1114112K
  class space    used 7595K, committed 8384K, reserved 1048576K
}
Event: 5.280 GC heap before
{Heap before GC invocations=18 (full 0):
 garbage-first heap   total 104448K, used 56298K [0x0000000080000000, 0x0000000100000000)
  region size 1024K, 5 young (5120K), 3 survivors (3072K)
 Metaspace       used 57147K, committed 58752K, reserved 1114112K
  class space    used 7612K, committed 8448K, reserved 1048576K
}
Event: 5.282 GC heap after
{Heap after GC invocations=19 (full 0):
 garbage-first heap   total 104448K, used 54834K [0x0000000080000000, 0x0000000100000000)
  region size 1024K, 1 young (1024K), 1 survivors (1024K)
 Metaspace       used 57147K, committed 58752K, reserved 1114112K
  class space    used 7612K, committed 8448K, reserved 1048576K
}
Event: 5.283 GC heap before
{Heap before GC invocations=19 (full 0):
 garbage-first heap   total 104448K, used 54834K [0x0000000080000000, 0x0000000100000000)
  region size 1024K, 2 young (2048K), 1 survivors (1024K)
 Metaspace       used 57148K, committed 58752K, reserved 1114112K
  class space    used 7612K, committed 8448K, reserved 1048576K
}
Event: 5.284 GC heap after
{Heap after GC invocations=20 (full 0):
 garbage-first heap   total 104448K, used 54821K [0x0000000080000000, 0x0000000100000000)
  region size 1024K, 1 young (1024K), 1 survivors (1024K)
 Metaspace       used 57148K, committed 58752K, reserved 1114112K
  class space    used 7612K, committed 8448K, reserved 1048576K
}
Event: 5.444 GC heap before
{Heap before GC invocations=21 (full 0):
 garbage-first heap   total 104448K, used 81445K [0x0000000080000000, 0x0000000100000000)
  region size 1024K, 26 young (26624K), 1 survivors (1024K)
 Metaspace       used 58038K, committed 59648K, reserved 1114112K
  class space    used 7757K, committed 8576K, reserved 1048576K
}
Event: 5.446 GC heap after
{Heap after GC invocations=22 (full 0):
 garbage-first heap   total 104448K, used 56584K [0x0000000080000000, 0x0000000100000000)
  region size 1024K, 3 young (3072K), 3 survivors (3072K)
 Metaspace       used 58038K, committed 59648K, reserved 1114112K
  class space    used 7757K, committed 8576K, reserved 1048576K
}
Event: 5.453 GC heap before
{Heap before GC invocations=22 (full 0):
 garbage-first heap   total 104448K, used 58632K [0x0000000080000000, 0x0000000100000000)
  region size 1024K, 5 young (5120K), 3 survivors (3072K)
 Metaspace       used 58038K, committed 59648K, reserved 1114112K
  class space    used 7757K, committed 8576K, reserved 1048576K
}
Event: 5.455 GC heap after
{Heap after GC invocations=23 (full 0):
 garbage-first heap   total 104448K, used 56623K [0x0000000080000000, 0x0000000100000000)
  region size 1024K, 1 young (1024K), 1 survivors (1024K)
 Metaspace       used 58038K, committed 59648K, reserved 1114112K
  class space    used 7757K, committed 8576K, reserved 1048576K
}
Event: 5.590 GC heap before
{Heap before GC invocations=23 (full 0):
 garbage-first heap   total 104448K, used 82223K [0x0000000080000000, 0x0000000100000000)
  region size 1024K, 26 young (26624K), 1 survivors (1024K)
 Metaspace       used 59641K, committed 61248K, reserved 1114112K
  class space    used 7965K, committed 8768K, reserved 1048576K
}

Deoptimization events (20 events):
Event: 5.358 Thread 0x00000208f0319fd0 Uncommon trap: trap_request=0xffffffc6 fr.pc=0x00000208dc63a274 relative=0x0000000000000694
Event: 5.358 Thread 0x00000208f0319fd0 Uncommon trap: reason=bimorphic_or_optimized_type_check action=maybe_recompile pc=0x00000208dc63a274 method=java.util.Arrays.binarySearch0([Ljava/lang/Object;IILjava/lang/Object;Ljava/util/Comparator;)I @ 48 c2
Event: 5.358 Thread 0x00000208f0319fd0 DEOPT PACKING pc=0x00000208dc63a274 sp=0x00000063d44f8ec0
Event: 5.358 Thread 0x00000208f0319fd0 DEOPT UNPACKING pc=0x00000208d4b05c23 sp=0x00000063d44f8e68 mode 2
Event: 5.382 Thread 0x00000208f0319fd0 Uncommon trap: trap_request=0xffffff45 fr.pc=0x00000208dc6a38dc relative=0x0000000000000e1c
Event: 5.382 Thread 0x00000208f0319fd0 Uncommon trap: reason=unstable_if action=reinterpret pc=0x00000208dc6a38dc method=java.lang.ClassLoader.checkCerts(Ljava/lang/String;Ljava/security/CodeSource;)V @ 30 c2
Event: 5.382 Thread 0x00000208f0319fd0 DEOPT PACKING pc=0x00000208dc6a38dc sp=0x00000063d44f8f80
Event: 5.382 Thread 0x00000208f0319fd0 DEOPT UNPACKING pc=0x00000208d4b05c23 sp=0x00000063d44f8f58 mode 2
Event: 5.382 Thread 0x00000208f0319fd0 Uncommon trap: trap_request=0xffffff45 fr.pc=0x00000208dc71f04c relative=0x0000000000000dac
Event: 5.382 Thread 0x00000208f0319fd0 Uncommon trap: reason=unstable_if action=reinterpret pc=0x00000208dc71f04c method=java.lang.ClassLoader.loadClass(Ljava/lang/String;Z)Ljava/lang/Class; @ 29 c2
Event: 5.382 Thread 0x00000208f0319fd0 DEOPT PACKING pc=0x00000208dc71f04c sp=0x00000063d44f50c0
Event: 5.382 Thread 0x00000208f0319fd0 DEOPT UNPACKING pc=0x00000208d4b05c23 sp=0x00000063d44f5088 mode 2
Event: 5.406 Thread 0x00000208f0319fd0 Uncommon trap: trap_request=0xffffff45 fr.pc=0x00000208dc894ab8 relative=0x00000000000003f8
Event: 5.406 Thread 0x00000208f0319fd0 Uncommon trap: reason=unstable_if action=reinterpret pc=0x00000208dc894ab8 method=java.util.StringJoiner.add(Ljava/lang/CharSequence;)Ljava/util/StringJoiner; @ 33 c2
Event: 5.406 Thread 0x00000208f0319fd0 DEOPT PACKING pc=0x00000208dc894ab8 sp=0x00000063d44f7bf0
Event: 5.406 Thread 0x00000208f0319fd0 DEOPT UNPACKING pc=0x00000208d4b05c23 sp=0x00000063d44f7ba0 mode 2
Event: 5.489 Thread 0x00000208f0319fd0 Uncommon trap: trap_request=0xfffffff4 fr.pc=0x00000208dc8cd914 relative=0x0000000000000794
Event: 5.489 Thread 0x00000208f0319fd0 Uncommon trap: reason=null_check action=make_not_entrant pc=0x00000208dc8cd914 method=com.sun.beans.introspect.MethodInfo$MethodOrder.compare(Ljava/lang/reflect/Method;Ljava/lang/reflect/Method;)I @ 133 c2
Event: 5.489 Thread 0x00000208f0319fd0 DEOPT PACKING pc=0x00000208dc8cd914 sp=0x00000063d44f5b30
Event: 5.489 Thread 0x00000208f0319fd0 DEOPT UNPACKING pc=0x00000208d4b05c23 sp=0x00000063d44f5ac0 mode 2

Classes loaded (20 events):
Event: 5.332 Loading class java/util/regex/Pattern$Caret
Event: 5.333 Loading class java/util/regex/Pattern$Caret done
Event: 5.380 Loading class java/util/ArrayListBeanInfo
Event: 5.380 Loading class java/util/ArrayListBeanInfo done
Event: 5.380 Loading class java/util/ArrayListBeanInfo
Event: 5.380 Loading class java/util/ArrayListBeanInfo done
Event: 5.380 Loading class java/util/AbstractListBeanInfo
Event: 5.380 Loading class java/util/AbstractListBeanInfo done
Event: 5.380 Loading class java/util/AbstractListBeanInfo
Event: 5.380 Loading class java/util/AbstractListBeanInfo done
Event: 5.380 Loading class java/util/AbstractListCustomizer
Event: 5.380 Loading class java/util/AbstractListCustomizer done
Event: 5.380 Loading class java/util/AbstractListCustomizer
Event: 5.380 Loading class java/util/AbstractListCustomizer done
Event: 5.381 Loading class java/util/ArrayListCustomizer
Event: 5.381 Loading class java/util/ArrayListCustomizer done
Event: 5.381 Loading class java/util/ArrayListCustomizer
Event: 5.381 Loading class java/util/ArrayListCustomizer done
Event: 5.462 Loading class java/beans/IntrospectionException
Event: 5.462 Loading class java/beans/IntrospectionException done

Classes unloaded (0 events):
No events

Classes redefined (0 events):
No events

Internal exceptions (20 events):
Event: 5.488 Thread 0x00000208f0319fd0 Exception <a 'java/lang/ClassNotFoundException'{0x0000000085a851d8}: com/android/build/gradle/internal/dsl/BuildTypeBeanInfo> (0x0000000085a851d8) 
thrown [s\open\src\hotspot\share\classfile\systemDictionary.cpp, line 255]
Event: 5.489 Thread 0x00000208f0319fd0 Exception <a 'java/lang/ClassNotFoundException'{0x0000000085a90808}: com/android/builder/core/AbstractBuildTypeBeanInfo> (0x0000000085a90808) 
thrown [s\open\src\hotspot\share\classfile\systemDictionary.cpp, line 255]
Event: 5.489 Thread 0x00000208f0319fd0 Exception <a 'java/lang/ClassNotFoundException'{0x0000000085a9bb78}: com/android/builder/core/AbstractBuildTypeCustomizer> (0x0000000085a9bb78) 
thrown [s\open\src\hotspot\share\classfile\systemDictionary.cpp, line 255]
Event: 5.489 Thread 0x00000208f0319fd0 Implicit null exception at 0x00000208dc8cd4ab to 0x00000208dc8cd900
Event: 5.489 Thread 0x00000208f0319fd0 Exception <a 'java/lang/ClassNotFoundException'{0x0000000085ac3c58}: com/android/build/gradle/internal/dsl/BuildTypeCustomizer> (0x0000000085ac3c58) 
thrown [s\open\src\hotspot\share\classfile\systemDictionary.cpp, line 255]
Event: 5.491 Thread 0x00000208f0319fd0 Exception <a 'java/lang/ClassNotFoundException'{0x000000008594dc88}: com/android/build/gradle/internal/dsl/BuildType$AgpDecoratedCustomizer> (0x000000008594dc88) 
thrown [s\open\src\hotspot\share\classfile\systemDictionary.cpp, line 255]
Event: 5.491 Thread 0x00000208f0319fd0 Exception <a 'java/lang/ClassNotFoundException'{0x000000008598fd10}: com/android/build/gradle/internal/dsl/BuildType$AgpDecorated_DecoratedCustomizer> (0x000000008598fd10) 
thrown [s\open\src\hotspot\share\classfile\systemDictionary.cpp, line 255]
Event: 5.493 Thread 0x00000208f0319fd0 Exception <a 'java/lang/NoSuchMethodError'{0x0000000085849220}: 'void java.lang.invoke.DirectMethodHandle$Holder.invokeVirtual(java.lang.Object, java.lang.Object, int)'> (0x0000000085849220) 
thrown [s\open\src\hotspot\share\interpreter\linkResolver.cpp, line 766]
Event: 5.494 Thread 0x00000208f0319fd0 Exception <a 'java/lang/ClassNotFoundException'{0x000000008586af90}: build_d8f4t045x4o90u21a5opf0w6o$_run_closure1$_closure4BeanInfo> (0x000000008586af90) 
thrown [s\open\src\hotspot\share\classfile\systemDictionary.cpp, line 255]
Event: 5.494 Thread 0x00000208f0319fd0 Exception <a 'java/lang/ClassNotFoundException'{0x0000000085874818}: build_d8f4t045x4o90u21a5opf0w6o$_run_closure1$_closure4Customizer> (0x0000000085874818) 
thrown [s\open\src\hotspot\share\classfile\systemDictionary.cpp, line 255]
Event: 5.495 Thread 0x00000208f0319fd0 Exception <a 'java/lang/ClassNotFoundException'{0x0000000085897648}: build_d8f4t045x4o90u21a5opf0w6o$_run_closure1BeanInfo> (0x0000000085897648) 
thrown [s\open\src\hotspot\share\classfile\systemDictionary.cpp, line 255]
Event: 5.495 Thread 0x00000208f0319fd0 Exception <a 'java/lang/ClassNotFoundException'{0x00000000858a0e28}: build_d8f4t045x4o90u21a5opf0w6o$_run_closure1Customizer> (0x00000000858a0e28) 
thrown [s\open\src\hotspot\share\classfile\systemDictionary.cpp, line 255]
Event: 5.498 Thread 0x00000208f0319fd0 Exception <a 'java/lang/ClassNotFoundException'{0x00000000858d8608}: org/gradle/api/JavaVersionBeanInfo> (0x00000000858d8608) 
thrown [s\open\src\hotspot\share\classfile\systemDictionary.cpp, line 255]
Event: 5.498 Thread 0x00000208f0319fd0 Exception <a 'java/lang/ClassNotFoundException'{0x00000000858e9cc8}: org/gradle/api/JavaVersionCustomizer> (0x00000000858e9cc8) 
thrown [s\open\src\hotspot\share\classfile\systemDictionary.cpp, line 255]
Event: 5.500 Thread 0x00000208f0319fd0 Exception <a 'java/lang/ClassNotFoundException'{0x0000000085735df0}: com/android/build/gradle/internal/CompileOptions$AgpDecorated_DecoratedBeanInfo> (0x0000000085735df0) 
thrown [s\open\src\hotspot\share\classfile\systemDictionary.cpp, line 255]
Event: 5.500 Thread 0x00000208f0319fd0 Exception <a 'java/lang/ClassNotFoundException'{0x00000000857402f8}: com/android/build/gradle/internal/CompileOptions$AgpDecoratedBeanInfo> (0x00000000857402f8) 
thrown [s\open\src\hotspot\share\classfile\systemDictionary.cpp, line 255]
Event: 5.500 Thread 0x00000208f0319fd0 Exception <a 'java/lang/ClassNotFoundException'{0x000000008574a720}: com/android/build/gradle/internal/CompileOptionsBeanInfo> (0x000000008574a720) 
thrown [s\open\src\hotspot\share\classfile\systemDictionary.cpp, line 255]
Event: 5.500 Thread 0x00000208f0319fd0 Exception <a 'java/lang/ClassNotFoundException'{0x0000000085754b18}: com/android/build/gradle/internal/CompileOptionsCustomizer> (0x0000000085754b18) 
thrown [s\open\src\hotspot\share\classfile\systemDictionary.cpp, line 255]
Event: 5.501 Thread 0x00000208f0319fd0 Exception <a 'java/lang/ClassNotFoundException'{0x000000008576b5c0}: com/android/build/gradle/internal/CompileOptions$AgpDecoratedCustomizer> (0x000000008576b5c0) 
thrown [s\open\src\hotspot\share\classfile\systemDictionary.cpp, line 255]
Event: 5.501 Thread 0x00000208f0319fd0 Exception <a 'java/lang/ClassNotFoundException'{0x0000000085784ce8}: com/android/build/gradle/internal/CompileOptions$AgpDecorated_DecoratedCustomizer> (0x0000000085784ce8) 
thrown [s\open\src\hotspot\share\classfile\systemDictionary.cpp, line 255]

VM Operations (20 events):
Event: 5.011 Executing VM operation: G1Concurrent done
Event: 5.248 Executing VM operation: G1CollectForAllocation
Event: 5.252 Executing VM operation: G1CollectForAllocation done
Event: 5.280 Executing VM operation: G1CollectForAllocation
Event: 5.282 Executing VM operation: G1CollectForAllocation done
Event: 5.283 Executing VM operation: G1TryInitiateConcMark
Event: 5.284 Executing VM operation: G1TryInitiateConcMark done
Event: 5.320 Executing VM operation: G1Concurrent
Event: 5.323 Executing VM operation: G1Concurrent done
Event: 5.337 Executing VM operation: G1Concurrent
Event: 5.337 Executing VM operation: G1Concurrent done
Event: 5.377 Executing VM operation: HandshakeAllThreads
Event: 5.377 Executing VM operation: HandshakeAllThreads done
Event: 5.444 Executing VM operation: G1CollectForAllocation
Event: 5.447 Executing VM operation: G1CollectForAllocation done
Event: 5.453 Executing VM operation: G1CollectForAllocation
Event: 5.455 Executing VM operation: G1CollectForAllocation done
Event: 5.518 Executing VM operation: HandshakeAllThreads
Event: 5.518 Executing VM operation: HandshakeAllThreads done
Event: 5.590 Executing VM operation: G1CollectForAllocation

Events (20 events):
Event: 3.873 Thread 0x00000208eb3f4da0 flushing nmethod 0x00000208d594e090
Event: 3.873 Thread 0x00000208eb3f4da0 flushing nmethod 0x00000208d594fb90
Event: 3.873 Thread 0x00000208eb3f4da0 flushing nmethod 0x00000208d5950010
Event: 3.873 Thread 0x00000208eb3f4da0 flushing nmethod 0x00000208d5950f90
Event: 3.873 Thread 0x00000208eb3f4da0 flushing nmethod 0x00000208d5951610
Event: 3.873 Thread 0x00000208eb3f4da0 flushing nmethod 0x00000208d5952c90
Event: 3.873 Thread 0x00000208eb3f4da0 flushing nmethod 0x00000208d5953e10
Event: 3.873 Thread 0x00000208eb3f4da0 flushing nmethod 0x00000208d595b610
Event: 3.873 Thread 0x00000208eb3f4da0 flushing nmethod 0x00000208d5979a90
Event: 3.873 Thread 0x00000208eb3f4da0 flushing nmethod 0x00000208d59bfa10
Event: 3.873 Thread 0x00000208eb3f4da0 flushing nmethod 0x00000208d59d4d90
Event: 3.873 Thread 0x00000208eb3f4da0 flushing nmethod 0x00000208d5a4ba90
Event: 3.873 Thread 0x00000208eb3f4da0 flushing nmethod 0x00000208d5a4bf90
Event: 3.896 Thread 0x00000208f5743730 Thread added: 0x00000208f5743730
Event: 3.896 Thread 0x00000208f5743c00 Thread added: 0x00000208f5743c00
Event: 3.896 Thread 0x00000208f5743260 Thread added: 0x00000208f5743260
Event: 3.896 Thread 0x00000208f57440d0 Thread added: 0x00000208f57440d0
Event: 3.896 Thread 0x00000208f5745410 Thread added: 0x00000208f5745410
Event: 4.088 Thread 0x00000208ef939030 Thread exited: 0x00000208ef939030
Event: 4.822 Thread 0x00000208f5740240 Thread added: 0x00000208f5740240


Dynamic libraries:
0x00007ff7fca00000 - 0x00007ff7fca10000 	C:\Program Files\Java\jdk-18.0.1.1\bin\java.exe
0x00007ff8b6110000 - 0x00007ff8b6307000 	C:\Windows\SYSTEM32\ntdll.dll
0x00007ff8b6010000 - 0x00007ff8b60cd000 	C:\Windows\System32\KERNEL32.DLL
0x00007ff8b39d0000 - 0x00007ff8b3c9d000 	C:\Windows\System32\KERNELBASE.dll
0x00007ff8b4070000 - 0x00007ff8b4170000 	C:\Windows\System32\ucrtbase.dll
0x00007ff8aebe0000 - 0x00007ff8aebf8000 	C:\Program Files\Java\jdk-18.0.1.1\bin\jli.dll
0x00007ff8a9030000 - 0x00007ff8a904a000 	C:\Program Files\Java\jdk-18.0.1.1\bin\VCRUNTIME140.dll
0x00007ff8b5200000 - 0x00007ff8b52ae000 	C:\Windows\System32\ADVAPI32.dll
0x00007ff8b5860000 - 0x00007ff8b58fe000 	C:\Windows\System32\msvcrt.dll
0x00007ff8b4170000 - 0x00007ff8b420c000 	C:\Windows\System32\sechost.dll
0x00007ff8b50d0000 - 0x00007ff8b51f5000 	C:\Windows\System32\RPCRT4.dll
0x00007ff8b5590000 - 0x00007ff8b5730000 	C:\Windows\System32\USER32.dll
0x00007ff8b3d50000 - 0x00007ff8b3d72000 	C:\Windows\System32\win32u.dll
0x00007ff898630000 - 0x00007ff8988ca000 	C:\Windows\WinSxS\amd64_microsoft.windows.common-controls_6595b64144ccf1df_6.0.19041.1110_none_60b5254171f9507e\COMCTL32.dll
0x00007ff8b5e10000 - 0x00007ff8b5e3a000 	C:\Windows\System32\GDI32.dll
0x00007ff8b3f60000 - 0x00007ff8b406b000 	C:\Windows\System32\gdi32full.dll
0x00007ff8b38a0000 - 0x00007ff8b393d000 	C:\Windows\System32\msvcp_win.dll
0x00007ff8a60b0000 - 0x00007ff8a60ba000 	C:\Windows\SYSTEM32\VERSION.dll
0x00007ff8b54f0000 - 0x00007ff8b5520000 	C:\Windows\System32\IMM32.DLL
0x00007ff8a9cf0000 - 0x00007ff8a9cfc000 	C:\Program Files\Java\jdk-18.0.1.1\bin\vcruntime140_1.dll
0x00007ff88fc20000 - 0x00007ff88fcad000 	C:\Program Files\Java\jdk-18.0.1.1\bin\msvcp140.dll
0x00007ff84c1c0000 - 0x00007ff84cdd0000 	C:\Program Files\Java\jdk-18.0.1.1\bin\server\jvm.dll
0x00007ff8b4210000 - 0x00007ff8b4218000 	C:\Windows\System32\PSAPI.DLL
0x00007ff88e050000 - 0x00007ff88e059000 	C:\Windows\SYSTEM32\WSOCK32.dll
0x00007ff8995e0000 - 0x00007ff899607000 	C:\Windows\SYSTEM32\WINMM.dll
0x00007ff8b5da0000 - 0x00007ff8b5e0b000 	C:\Windows\System32\WS2_32.dll
0x00007ff8b2080000 - 0x00007ff8b2092000 	C:\Windows\SYSTEM32\kernel.appcore.dll
0x00007ff8a8e30000 - 0x00007ff8a8e3a000 	C:\Program Files\Java\jdk-18.0.1.1\bin\jimage.dll
0x00007ff8b12a0000 - 0x00007ff8b1484000 	C:\Windows\SYSTEM32\DBGHELP.DLL
0x00007ff8a2ef0000 - 0x00007ff8a2f1c000 	C:\Windows\SYSTEM32\dbgcore.DLL
0x00007ff8b3940000 - 0x00007ff8b39c2000 	C:\Windows\System32\bcryptPrimitives.dll
0x00007ff8a84f0000 - 0x00007ff8a8515000 	C:\Program Files\Java\jdk-18.0.1.1\bin\java.dll
0x00007ff8739d0000 - 0x00007ff873aa6000 	C:\Program Files\Java\jdk-18.0.1.1\bin\jsvml.dll
0x00007ff8b4710000 - 0x00007ff8b4e54000 	C:\Windows\System32\SHELL32.dll
0x00007ff8b18d0000 - 0x00007ff8b2064000 	C:\Windows\SYSTEM32\windows.storage.dll
0x00007ff8b5a40000 - 0x00007ff8b5d94000 	C:\Windows\System32\combase.dll
0x00007ff8b3290000 - 0x00007ff8b32bc000 	C:\Windows\SYSTEM32\Wldp.dll
0x00007ff8b5310000 - 0x00007ff8b53bd000 	C:\Windows\System32\SHCORE.dll
0x00007ff8b5530000 - 0x00007ff8b5585000 	C:\Windows\System32\shlwapi.dll
0x00007ff8b3770000 - 0x00007ff8b378f000 	C:\Windows\SYSTEM32\profapi.dll
0x00007ff8a8170000 - 0x00007ff8a8183000 	C:\Program Files\Java\jdk-18.0.1.1\bin\net.dll
0x00007ff8ad6b0000 - 0x00007ff8ad7ba000 	C:\Windows\SYSTEM32\WINHTTP.dll
0x00007ff8b2ff0000 - 0x00007ff8b305a000 	C:\Windows\system32\mswsock.dll
0x00007ff8a8150000 - 0x00007ff8a8166000 	C:\Program Files\Java\jdk-18.0.1.1\bin\nio.dll
0x00007ff8a7f70000 - 0x00007ff8a7f88000 	C:\Program Files\Java\jdk-18.0.1.1\bin\zip.dll
0x00007ff8a8d30000 - 0x00007ff8a8d40000 	C:\Program Files\Java\jdk-18.0.1.1\bin\verify.dll
0x00007ff8a8d50000 - 0x00007ff8a8d77000 	C:\Program Files\Android\gradle-7.3.3\native\e1d6ef7f7dcc3fd88c89a11ec53ec762bb8ba0a96d01ffa2cd45eb1d1d8dd5c5\windows-amd64\native-platform.dll
0x00007ff870e70000 - 0x00007ff870fb4000 	C:\Program Files\Android\gradle-7.3.3\native\5664cfc778a61ccfe75a443a1ab52a65af34e5dc3c78e0209fed803814484fcb\windows-amd64\native-platform-file-events.dll
0x00007ff8a7f60000 - 0x00007ff8a7f69000 	C:\Program Files\Java\jdk-18.0.1.1\bin\management.dll
0x00007ff8a7f50000 - 0x00007ff8a7f5b000 	C:\Program Files\Java\jdk-18.0.1.1\bin\management_ext.dll
0x00007ff8b31e0000 - 0x00007ff8b31f8000 	C:\Windows\SYSTEM32\CRYPTSP.dll
0x00007ff8b28d0000 - 0x00007ff8b2904000 	C:\Windows\system32\rsaenh.dll
0x00007ff8b3dd0000 - 0x00007ff8b3df7000 	C:\Windows\System32\bcrypt.dll
0x00007ff8b3730000 - 0x00007ff8b375e000 	C:\Windows\SYSTEM32\USERENV.dll
0x00007ff8b3200000 - 0x00007ff8b320c000 	C:\Windows\SYSTEM32\CRYPTBASE.dll
0x00007ff8b2c90000 - 0x00007ff8b2ccb000 	C:\Windows\SYSTEM32\IPHLPAPI.DLL
0x00007ff8b4f80000 - 0x00007ff8b4f88000 	C:\Windows\System32\NSI.dll
0x00007ff8a2260000 - 0x00007ff8a2277000 	C:\Windows\SYSTEM32\dhcpcsvc6.DLL
0x00007ff8a25f0000 - 0x00007ff8a260d000 	C:\Windows\SYSTEM32\dhcpcsvc.DLL
0x00007ff8b2ce0000 - 0x00007ff8b2dab000 	C:\Windows\SYSTEM32\DNSAPI.dll

dbghelp: loaded successfully - version: 4.0.5 - missing functions: none
symbol engine: initialized successfully - sym options: 0x614 - pdb path: .;C:\Program Files\Java\jdk-18.0.1.1\bin;C:\Windows\SYSTEM32;C:\Windows\WinSxS\amd64_microsoft.windows.common-controls_6595b64144ccf1df_6.0.19041.1110_none_60b5254171f9507e;C:\Program Files\Java\jdk-18.0.1.1\bin\server;C:\Program Files\Android\gradle-7.3.3\native\e1d6ef7f7dcc3fd88c89a11ec53ec762bb8ba0a96d01ffa2cd45eb1d1d8dd5c5\windows-amd64;C:\Program Files\Android\gradle-7.3.3\native\5664cfc778a61ccfe75a443a1ab52a65af34e5dc3c78e0209fed803814484fcb\windows-amd64

VM Arguments:
jvm_args: --add-opens=java.base/java.util=ALL-UNNAMED --add-opens=java.base/java.lang=ALL-UNNAMED --add-opens=java.base/java.lang.invoke=ALL-UNNAMED --add-opens=java.base/java.util=ALL-UNNAMED --add-opens=java.prefs/java.util.prefs=ALL-UNNAMED --add-opens=java.prefs/java.util.prefs=ALL-UNNAMED --add-opens=java.base/java.nio.charset=ALL-UNNAMED --add-opens=java.base/java.net=ALL-UNNAMED --add-opens=java.base/java.util.concurrent.atomic=ALL-UNNAMED -Xmx2048m -Dfile.encoding=UTF-8 -Duser.country=IN -Duser.language=en -Duser.variant 
java_command: org.gradle.launcher.daemon.bootstrap.GradleDaemon 7.3.3
java_class_path (initial): C:\Program Files\Android\gradle-7.3.3\lib\gradle-launcher-7.3.3.jar
Launcher Type: SUN_STANDARD

[Global flags]
     intx CICompilerCount                          = 4                                         {product} {ergonomic}
     uint ConcGCThreads                            = 2                                         {product} {ergonomic}
     uint G1ConcRefinementThreads                  = 8                                         {product} {ergonomic}
   size_t G1HeapRegionSize                         = 1048576                                   {product} {ergonomic}
    uintx GCDrainStackTargetSize                   = 64                                        {product} {ergonomic}
   size_t InitialHeapSize                          = 132120576                                 {product} {ergonomic}
   size_t MarkStackSize                            = 4194304                                   {product} {ergonomic}
   size_t MaxHeapSize                              = 2147483648                                {product} {command line}
   size_t MaxNewSize                               = 1287651328                                {product} {ergonomic}
   size_t MinHeapDeltaBytes                        = 1048576                                   {product} {ergonomic}
   size_t MinHeapSize                              = 8388608                                   {product} {ergonomic}
    uintx NonNMethodCodeHeapSize                   = 5839372                                {pd product} {ergonomic}
    uintx NonProfiledCodeHeapSize                  = 122909434                              {pd product} {ergonomic}
    uintx ProfiledCodeHeapSize                     = 122909434                              {pd product} {ergonomic}
    uintx ReservedCodeCacheSize                    = 251658240                              {pd product} {ergonomic}
     bool SegmentedCodeCache                       = true                                      {product} {ergonomic}
   size_t SoftMaxHeapSize                          = 2147483648                             {manageable} {ergonomic}
     bool UseCompressedClassPointers               = true                           {product lp64_product} {ergonomic}
     bool UseCompressedOops                        = true                           {product lp64_product} {ergonomic}
     bool UseG1GC                                  = true                                      {product} {ergonomic}
     bool UseLargePagesIndividualAllocation        = false                                  {pd product} {ergonomic}

Logging:
Log output configuration:
 #0: stdout all=warning uptime,level,tags foldmultilines=false
 #1: stderr all=off uptime,level,tags foldmultilines=false

Environment Variables:
JAVA_HOME=C:\Program Files\Java\jdk-18.0.1.1
PATH=C:\Program Files\Common Files\Oracle\Java\javapath;C:\Windows\system32;C:\Windows;C:\Windows\System32\Wbem;C:\Windows\System32\WindowsPowerShell\v1.0\;C:\Windows\System32\OpenSSH\;C:\Program Files\Git\cmd;C:\Users\suraj\AppData\Local\Microsoft\WindowsApps
USERNAME=suraj
OS=Windows_NT
PROCESSOR_IDENTIFIER=Intel64 Family 6 Model 140 Stepping 1, GenuineIntel



---------------  S Y S T E M  ---------------

OS:
 Windows 10 , 64 bit Build 19041 (10.0.19041.1741)
OS uptime: 0 days 2:28 hours
Hyper-V role detected

CPU: total 8 (initial active 8) (4 cores per cpu, 2 threads per core) family 6 model 140 stepping 1 microcode 0x86, cx8, cmov, fxsr, ht, mmx, 3dnowpref, sse, sse2, sse3, ssse3, sse4.1, sse4.2, popcnt, lzcnt, tsc, tscinvbit, avx, avx2, aes, erms, clmul, bmi1, bmi2, adx, avx512f, avx512dq, avx512cd, avx512bw, avx512vl, sha, fma, vzeroupper, avx512_vpopcntdq, avx512_vpclmulqdq, avx512_vaes, avx512_vnni, clflush, clflushopt, clwb, avx512_vbmi2, avx512_vbmi, hv

Memory: 4k page, system-wide physical 7987M (518M free)
TotalPageFile size 7987M (AvailPageFile size 5M)
current process WorkingSet (physical memory assigned to process): 288M, peak: 310M
current process commit charge ("private bytes"): 356M, peak: 433M

vm_info: Java HotSpot(TM) 64-Bit Server VM (18.0.1.1+2-6) for windows-amd64 JRE (18.0.1.1+2-6), built on Apr 25 2022 21:53:15 by "mach5one" with MS VC++ 16.8 / 16.9 (VS2019)

END.
