#
# There is insufficient memory for the Java Runtime Environment to continue.
# Native memory allocation (malloc) failed to allocate 687648 bytes for Chunk::new
# Possible reasons:
#   The system is out of physical RAM or swap space
#   The process is running with CompressedOops enabled, and the Java Heap may be blocking the growth of the native heap
# Possible solutions:
#   Reduce memory load on the system
#   Increase physical memory or swap space
#   Check if swap backing store is full
#   Decrease Java heap size (-Xmx/-Xms)
#   Decrease number of Java threads
#   Decrease Java thread stack sizes (-Xss)
#   Set larger code cache with -XX:ReservedCodeCacheSize=
#   JVM is running with Unscaled Compressed Oops mode in which the Java heap is
#     placed in the first 4GB address space. The Java Heap base address is the
#     maximum limit for the native heap growth. Please use -XX:HeapBaseMinAddress
#     to set the Java Heap base and to place the Java Heap above 4GB virtual address.
# This output file may be truncated or incomplete.
#
#  Out of Memory Error (arena.cpp:184), pid=2004, tid=3656
#
# JRE version: Java(TM) SE Runtime Environment (18.0.1.1+2) (build 18.0.1.1+2-6)
# Java VM: Java HotSpot(TM) 64-Bit Server VM (18.0.1.1+2-6, mixed mode, sharing, tiered, compressed oops, compressed class ptrs, g1 gc, windows-amd64)
# No core dump will be written. Minidumps are not enabled by default on client versions of Windows
#

---------------  S U M M A R Y ------------

Command Line: --add-opens=java.base/java.util=ALL-UNNAMED --add-opens=java.base/java.lang=ALL-UNNAMED --add-opens=java.base/java.lang.invoke=ALL-UNNAMED --add-opens=java.base/java.util=ALL-UNNAMED --add-opens=java.prefs/java.util.prefs=ALL-UNNAMED --add-opens=java.prefs/java.util.prefs=ALL-UNNAMED --add-opens=java.base/java.nio.charset=ALL-UNNAMED --add-opens=java.base/java.net=ALL-UNNAMED --add-opens=java.base/java.util.concurrent.atomic=ALL-UNNAMED -Xmx2048m -Dfile.encoding=UTF-8 -Duser.country=IN -Duser.language=en -Duser.variant org.gradle.launcher.daemon.bootstrap.GradleDaemon 7.3.3

Host: 11th Gen Intel(R) Core(TM) i5-1135G7 @ 2.40GHz, 8 cores, 7G,  Windows 10 , 64 bit Build 19041 (10.0.19041.1741)
Time: Thu Jun 30 00:00:49 2022 India Standard Time elapsed time: 9.699523 seconds (0d 0h 0m 9s)

---------------  T H R E A D  ---------------

Current thread (0x0000027a4d42b6c0):  JavaThread "C2 CompilerThread0" daemon [_thread_in_native, id=3656, stack(0x000000aceb600000,0x000000aceb700000)]


Current CompileTask:
C2:   9699 11233       4       java.lang.reflect.Method::invoke (108 bytes)

Stack: [0x000000aceb600000,0x000000aceb700000]
Native frames: (J=compiled Java code, j=interpreted, Vv=VM code, C=native code)
V  [jvm.dll+0x69887a]
V  [jvm.dll+0x7f38bd]
V  [jvm.dll+0x7f51ce]
V  [jvm.dll+0x7f5883]
V  [jvm.dll+0x25ca3f]
V  [jvm.dll+0xb8c2f]
V  [jvm.dll+0xb8fa5]
V  [jvm.dll+0x385a6b]
V  [jvm.dll+0x34f811]
V  [jvm.dll+0x34ecaa]
V  [jvm.dll+0x22fc21]
V  [jvm.dll+0x22eff1]
V  [jvm.dll+0x1b9cfc]
V  [jvm.dll+0x23e8ca]
V  [jvm.dll+0x23cbb5]
V  [jvm.dll+0x7a5fb1]
V  [jvm.dll+0x7a03ea]
V  [jvm.dll+0x697725]
C  [ucrtbase.dll+0x21bb2]
C  [KERNEL32.DLL+0x17034]
C  [ntdll.dll+0x52651]


---------------  P R O C E S S  ---------------

Threads class SMR info:
_java_thread_list=0x0000027a53273460, length=138, elements={
0x0000027a2d06ae30, 0x0000027a4d405dc0, 0x0000027a4d406280, 0x0000027a4d421ee0,
0x0000027a4d4223a0, 0x0000027a4d424870, 0x0000027a4d42aed0, 0x0000027a4d42b6c0,
0x0000027a4d42f200, 0x0000027a4d42f700, 0x0000027a5189eb70, 0x0000027a518a7260,
0x0000027a518f7210, 0x0000027a522a1760, 0x0000027a521ec620, 0x0000027a52d57ee0,
0x0000027a5233a030, 0x0000027a5321fe70, 0x0000027a5309a7d0, 0x0000027a528b9550,
0x0000027a533f0600, 0x0000027a530cef00, 0x0000027a530cfd70, 0x0000027a530cf3d0,
0x0000027a530cdbc0, 0x0000027a530cd6f0, 0x0000027a530cea30, 0x0000027a530cf8a0,
0x0000027a530ce560, 0x0000027a530d0240, 0x0000027a530d0be0, 0x0000027a530cd220,
0x0000027a530d0710, 0x0000027a56261f40, 0x0000027a56262db0, 0x0000027a56262410,
0x0000027a56260730, 0x0000027a562662a0, 0x0000027a5625f8c0, 0x0000027a562610d0,
0x0000027a56261a70, 0x0000027a56264f60, 0x0000027a56263280, 0x0000027a5625fd90,
0x0000027a562628e0, 0x0000027a56263750, 0x0000027a56266770, 0x0000027a56265430,
0x0000027a56661280, 0x0000027a56663430, 0x0000027a5665cf20, 0x0000027a5665f0d0,
0x0000027a5665f5a0, 0x0000027a56661c20, 0x0000027a56663dd0, 0x0000027a56661750,
0x0000027a566642a0, 0x0000027a56660db0, 0x0000027a566625c0, 0x0000027a5665ec00,
0x0000027a5665fa70, 0x0000027a56663900, 0x0000027a5665e730, 0x0000027a5665d8c0,
0x0000027a5665ff40, 0x0000027a56662a90, 0x0000027a56660410, 0x0000027a566620f0,
0x0000027a56662f60, 0x0000027a566608e0, 0x0000027a56664770, 0x0000027a5665d3f0,
0x0000027a5665dd90, 0x0000027a5665e260, 0x0000027a578edc70, 0x0000027a578ee140,
0x0000027a578eb5f0, 0x0000027a578f1630, 0x0000027a578ef480, 0x0000027a578f1b00,
0x0000027a578f1fd0, 0x0000027a578ef950, 0x0000027a578f02f0, 0x0000027a578f07c0,
0x0000027a578ebac0, 0x0000027a578ed7a0, 0x0000027a578ee610, 0x0000027a578eeae0,
0x0000027a578f24a0, 0x0000027a578f0c90, 0x0000027a578ed2d0, 0x0000027a578efe20,
0x0000027a578ebf90, 0x0000027a578ec460, 0x0000027a578eefb0, 0x0000027a578f2970,
0x0000027a578f1160, 0x0000027a578eb120, 0x0000027a578ec930, 0x0000027a578ece00,
0x0000027a53f549c0, 0x0000027a53f55830, 0x0000027a53f51e70, 0x0000027a53f514d0,
0x0000027a53f519a0, 0x0000027a53f51000, 0x0000027a53f55360, 0x0000027a53f54020,
0x0000027a53f52340, 0x0000027a53f52810, 0x0000027a53f55d00, 0x0000027a53f50190,
0x0000027a53f544f0, 0x0000027a53f4f320, 0x0000027a53f54e90, 0x0000027a53f561d0,
0x0000027a53f52ce0, 0x0000027a53f53b50, 0x0000027a53f4fcc0, 0x0000027a53f566a0,
0x0000027a53f4ee50, 0x0000027a53f4f7f0, 0x0000027a53f50660, 0x0000027a53f531b0,
0x0000027a53f53680, 0x0000027a578550d0, 0x0000027a578580f0, 0x0000027a57854730,
0x0000027a57858a90, 0x0000027a57859430, 0x0000027a57852a50, 0x0000027a578533f0,
0x0000027a578538c0, 0x0000027a57854c00, 0x0000027a57855f40, 0x0000027a57855a70,
0x0000027a578568e0, 0x0000027a554960b0
}

Java Threads: ( => current thread )
  0x0000027a2d06ae30 JavaThread "main" [_thread_blocked, id=448, stack(0x000000acea900000,0x000000aceaa00000)]
  0x0000027a4d405dc0 JavaThread "Reference Handler" daemon [_thread_blocked, id=9608, stack(0x000000aceb000000,0x000000aceb100000)]
  0x0000027a4d406280 JavaThread "Finalizer" daemon [_thread_blocked, id=7672, stack(0x000000aceb100000,0x000000aceb200000)]
  0x0000027a4d421ee0 JavaThread "Signal Dispatcher" daemon [_thread_blocked, id=504, stack(0x000000aceb200000,0x000000aceb300000)]
  0x0000027a4d4223a0 JavaThread "Attach Listener" daemon [_thread_blocked, id=10176, stack(0x000000aceb300000,0x000000aceb400000)]
  0x0000027a4d424870 JavaThread "Service Thread" daemon [_thread_blocked, id=1264, stack(0x000000aceb400000,0x000000aceb500000)]
  0x0000027a4d42aed0 JavaThread "Monitor Deflation Thread" daemon [_thread_blocked, id=1948, stack(0x000000aceb500000,0x000000aceb600000)]
=>0x0000027a4d42b6c0 JavaThread "C2 CompilerThread0" daemon [_thread_in_native, id=3656, stack(0x000000aceb600000,0x000000aceb700000)]
  0x0000027a4d42f200 JavaThread "C1 CompilerThread0" daemon [_thread_in_native, id=10096, stack(0x000000aceb700000,0x000000aceb800000)]
  0x0000027a4d42f700 JavaThread "Sweeper thread" daemon [_thread_blocked, id=14312, stack(0x000000aceb800000,0x000000aceb900000)]
  0x0000027a5189eb70 JavaThread "Common-Cleaner" daemon [_thread_blocked, id=8224, stack(0x000000aceb900000,0x000000aceba00000)]
  0x0000027a518a7260 JavaThread "Notification Thread" daemon [_thread_blocked, id=4496, stack(0x000000aceba00000,0x000000acebb00000)]
  0x0000027a518f7210 JavaThread "C2 CompilerThread1" daemon [_thread_in_native, id=14704, stack(0x000000acebc00000,0x000000acebd00000)]
  0x0000027a522a1760 JavaThread "C2 CompilerThread2" daemon [_thread_in_native, id=11460, stack(0x000000acebd00000,0x000000acebe00000)]
  0x0000027a521ec620 JavaThread "Daemon health stats" [_thread_blocked, id=11836, stack(0x000000acec400000,0x000000acec500000)]
  0x0000027a52d57ee0 JavaThread "Incoming local TCP Connector on port 51347" [_thread_in_native, id=2620, stack(0x000000acec500000,0x000000acec600000)]
  0x0000027a5233a030 JavaThread "Daemon periodic checks" [_thread_blocked, id=10300, stack(0x000000acec600000,0x000000acec700000)]
  0x0000027a5321fe70 JavaThread "Daemon" [_thread_blocked, id=5520, stack(0x000000acec700000,0x000000acec800000)]
  0x0000027a5309a7d0 JavaThread "Handler for socket connection from /127.0.0.1:51347 to /127.0.0.1:51348" [_thread_in_native, id=10156, stack(0x000000acec800000,0x000000acec900000)]
  0x0000027a528b9550 JavaThread "Cancel handler" [_thread_blocked, id=10356, stack(0x000000acec900000,0x000000aceca00000)]
  0x0000027a533f0600 JavaThread "Daemon worker" [_thread_blocked, id=13008, stack(0x000000aceca00000,0x000000acecb00000)]
  0x0000027a530cef00 JavaThread "Asynchronous log dispatcher for DefaultDaemonConnection: socket connection from /127.0.0.1:51347 to /127.0.0.1:51348" [_thread_blocked, id=11656, stack(0x000000acecb00000,0x000000acecc00000)]
  0x0000027a530cfd70 JavaThread "Stdin handler" [_thread_blocked, id=5364, stack(0x000000acecc00000,0x000000acecd00000)]
  0x0000027a530cf3d0 JavaThread "Daemon client event forwarder" [_thread_blocked, id=8096, stack(0x000000acecd00000,0x000000acece00000)]
  0x0000027a530cdbc0 JavaThread "Cache worker for journal cache (C:\Program Files\Android\gradle-7.3.3\caches\journal-1)" [_thread_blocked, id=7404, stack(0x000000acece00000,0x000000acecf00000)]
  0x0000027a530cd6f0 JavaThread "File lock request listener" [_thread_in_native, id=10340, stack(0x000000acecf00000,0x000000aced000000)]
  0x0000027a530cea30 JavaThread "Cache worker for file hash cache (C:\Program Files\Android\gradle-7.3.3\caches\7.3.3\fileHashes)" [_thread_blocked, id=8424, stack(0x000000aced000000,0x000000aced100000)]
  0x0000027a530cf8a0 JavaThread "Cache worker for file hash cache (D:\EmailLogin\.gradle\7.3.3\fileHashes)" [_thread_blocked, id=6192, stack(0x000000aced100000,0x000000aced200000)]
  0x0000027a530ce560 JavaThread "File watcher server" daemon [_thread_in_native, id=11176, stack(0x000000aced200000,0x000000aced300000)]
  0x0000027a530d0240 JavaThread "File watcher consumer" daemon [_thread_blocked, id=13020, stack(0x000000aced300000,0x000000aced400000)]
  0x0000027a530d0be0 JavaThread "Cache worker for checksums cache (D:\EmailLogin\.gradle\7.3.3\checksums)" [_thread_blocked, id=1940, stack(0x000000aced500000,0x000000aced600000)]
  0x0000027a530cd220 JavaThread "Cache worker for cache directory md-supplier (C:\Program Files\Android\gradle-7.3.3\caches\7.3.3\md-supplier)" [_thread_blocked, id=10100, stack(0x000000aced600000,0x000000aced700000)]
  0x0000027a530d0710 JavaThread "Cache worker for cache directory md-rule (C:\Program Files\Android\gradle-7.3.3\caches\7.3.3\md-rule)" [_thread_blocked, id=3496, stack(0x000000aced800000,0x000000aced900000)]
  0x0000027a56261f40 JavaThread "Cache worker for execution history cache (C:\Program Files\Android\gradle-7.3.3\caches\7.3.3\executionHistory)" [_thread_blocked, id=3392, stack(0x000000aced900000,0x000000aceda00000)]
  0x0000027a56262db0 JavaThread "jar transforms" [_thread_blocked, id=11400, stack(0x000000aceda00000,0x000000acedb00000)]
  0x0000027a56262410 JavaThread "Cache worker for file content cache (C:\Program Files\Android\gradle-7.3.3\caches\7.3.3\fileContent)" [_thread_blocked, id=13812, stack(0x000000acedb00000,0x000000acedc00000)]
  0x0000027a56260730 JavaThread "jar transforms Thread 2" [_thread_blocked, id=14692, stack(0x000000acedc00000,0x000000acedd00000)]
  0x0000027a562662a0 JavaThread "Cache worker for dependencies-accessors (D:\EmailLogin\.gradle\7.3.3\dependencies-accessors)" [_thread_blocked, id=7364, stack(0x000000acedd00000,0x000000acede00000)]
  0x0000027a5625f8c0 JavaThread "jar transforms Thread 3" [_thread_blocked, id=11684, stack(0x000000acede00000,0x000000acedf00000)]
  0x0000027a562610d0 JavaThread "Cache worker for Build Output Cleanup Cache (D:\EmailLogin\.gradle\buildOutputCleanup)" [_thread_blocked, id=7568, stack(0x000000acedf00000,0x000000acee000000)]
  0x0000027a56261a70 JavaThread "Unconstrained build operations" [_thread_blocked, id=15116, stack(0x000000acee000000,0x000000acee100000)]
  0x0000027a56264f60 JavaThread "Unconstrained build operations Thread 2" [_thread_blocked, id=9552, stack(0x000000acee100000,0x000000acee200000)]
  0x0000027a56263280 JavaThread "Unconstrained build operations Thread 3" [_thread_blocked, id=9060, stack(0x000000acee200000,0x000000acee300000)]
  0x0000027a5625fd90 JavaThread "Unconstrained build operations Thread 4" [_thread_blocked, id=9588, stack(0x000000acee300000,0x000000acee400000)]
  0x0000027a562628e0 JavaThread "Unconstrained build operations Thread 5" [_thread_blocked, id=10332, stack(0x000000acee400000,0x000000acee500000)]
  0x0000027a56263750 JavaThread "Unconstrained build operations Thread 6" [_thread_blocked, id=7516, stack(0x000000acee500000,0x000000acee600000)]
  0x0000027a56266770 JavaThread "Unconstrained build operations Thread 7" [_thread_blocked, id=6320, stack(0x000000acee600000,0x000000acee700000)]
  0x0000027a56265430 JavaThread "Unconstrained build operations Thread 8" [_thread_blocked, id=3324, stack(0x000000acee700000,0x000000acee800000)]
  0x0000027a56661280 JavaThread "Unconstrained build operations Thread 9" [_thread_blocked, id=14556, stack(0x000000acee800000,0x000000acee900000)]
  0x0000027a56663430 JavaThread "Unconstrained build operations Thread 10" [_thread_blocked, id=14220, stack(0x000000acee900000,0x000000aceea00000)]
  0x0000027a5665cf20 JavaThread "Unconstrained build operations Thread 11" [_thread_blocked, id=3992, stack(0x000000aceea00000,0x000000aceeb00000)]
  0x0000027a5665f0d0 JavaThread "Unconstrained build operations Thread 12" [_thread_blocked, id=15284, stack(0x000000aceeb00000,0x000000aceec00000)]
  0x0000027a5665f5a0 JavaThread "Unconstrained build operations Thread 13" [_thread_blocked, id=11256, stack(0x000000aceec00000,0x000000aceed00000)]
  0x0000027a56661c20 JavaThread "Unconstrained build operations Thread 14" [_thread_blocked, id=11032, stack(0x000000aceed00000,0x000000aceee00000)]
  0x0000027a56663dd0 JavaThread "Unconstrained build operations Thread 15" [_thread_blocked, id=10040, stack(0x000000aceee00000,0x000000aceef00000)]
  0x0000027a56661750 JavaThread "Unconstrained build operations Thread 16" [_thread_blocked, id=6480, stack(0x000000aceef00000,0x000000acef000000)]
  0x0000027a566642a0 JavaThread "Unconstrained build operations Thread 17" [_thread_blocked, id=1892, stack(0x000000acef000000,0x000000acef100000)]
  0x0000027a56660db0 JavaThread "Unconstrained build operations Thread 18" [_thread_blocked, id=12012, stack(0x000000acef100000,0x000000acef200000)]
  0x0000027a566625c0 JavaThread "Unconstrained build operations Thread 19" [_thread_blocked, id=11732, stack(0x000000acef200000,0x000000acef300000)]
  0x0000027a5665ec00 JavaThread "Unconstrained build operations Thread 20" [_thread_blocked, id=1160, stack(0x000000acef300000,0x000000acef400000)]
  0x0000027a5665fa70 JavaThread "Unconstrained build operations Thread 21" [_thread_blocked, id=7528, stack(0x000000acef400000,0x000000acef500000)]
  0x0000027a56663900 JavaThread "Unconstrained build operations Thread 22" [_thread_blocked, id=11728, stack(0x000000acef500000,0x000000acef600000)]
  0x0000027a5665e730 JavaThread "Unconstrained build operations Thread 23" [_thread_blocked, id=4556, stack(0x000000acef600000,0x000000acef700000)]
  0x0000027a5665d8c0 JavaThread "Unconstrained build operations Thread 24" [_thread_blocked, id=9384, stack(0x000000acef700000,0x000000acef800000)]
  0x0000027a5665ff40 JavaThread "Unconstrained build operations Thread 25" [_thread_blocked, id=712, stack(0x000000acef800000,0x000000acef900000)]
  0x0000027a56662a90 JavaThread "Unconstrained build operations Thread 26" [_thread_blocked, id=4416, stack(0x000000acef900000,0x000000acefa00000)]
  0x0000027a56660410 JavaThread "Unconstrained build operations Thread 27" [_thread_blocked, id=5024, stack(0x000000acefa00000,0x000000acefb00000)]
  0x0000027a566620f0 JavaThread "Unconstrained build operations Thread 28" [_thread_blocked, id=4884, stack(0x000000acefb00000,0x000000acefc00000)]
  0x0000027a56662f60 JavaThread "Unconstrained build operations Thread 29" [_thread_blocked, id=1444, stack(0x000000acefc00000,0x000000acefd00000)]
  0x0000027a566608e0 JavaThread "Unconstrained build operations Thread 30" [_thread_blocked, id=7752, stack(0x000000acefd00000,0x000000acefe00000)]
  0x0000027a56664770 JavaThread "Unconstrained build operations Thread 31" [_thread_blocked, id=10032, stack(0x000000acefe00000,0x000000aceff00000)]
  0x0000027a5665d3f0 JavaThread "Unconstrained build operations Thread 32" [_thread_blocked, id=760, stack(0x000000aceff00000,0x000000acf0000000)]
  0x0000027a5665dd90 JavaThread "Unconstrained build operations Thread 33" [_thread_blocked, id=8556, stack(0x000000acf0000000,0x000000acf0100000)]
  0x0000027a5665e260 JavaThread "Unconstrained build operations Thread 34" [_thread_blocked, id=9320, stack(0x000000acf0100000,0x000000acf0200000)]
  0x0000027a578edc70 JavaThread "Unconstrained build operations Thread 35" [_thread_blocked, id=8584, stack(0x000000acf0200000,0x000000acf0300000)]
  0x0000027a578ee140 JavaThread "Unconstrained build operations Thread 36" [_thread_blocked, id=848, stack(0x000000acf0300000,0x000000acf0400000)]
  0x0000027a578eb5f0 JavaThread "Unconstrained build operations Thread 37" [_thread_blocked, id=14112, stack(0x000000acf0400000,0x000000acf0500000)]
  0x0000027a578f1630 JavaThread "Unconstrained build operations Thread 38" [_thread_blocked, id=5616, stack(0x000000acf0500000,0x000000acf0600000)]
  0x0000027a578ef480 JavaThread "Unconstrained build operations Thread 39" [_thread_blocked, id=11584, stack(0x000000acf0600000,0x000000acf0700000)]
  0x0000027a578f1b00 JavaThread "Unconstrained build operations Thread 40" [_thread_blocked, id=7756, stack(0x000000acf0700000,0x000000acf0800000)]
  0x0000027a578f1fd0 JavaThread "Unconstrained build operations Thread 41" [_thread_blocked, id=10372, stack(0x000000acf0800000,0x000000acf0900000)]
  0x0000027a578ef950 JavaThread "Unconstrained build operations Thread 42" [_thread_blocked, id=9612, stack(0x000000acf0900000,0x000000acf0a00000)]
  0x0000027a578f02f0 JavaThread "Unconstrained build operations Thread 43" [_thread_blocked, id=8292, stack(0x000000acf0a00000,0x000000acf0b00000)]
  0x0000027a578f07c0 JavaThread "Unconstrained build operations Thread 44" [_thread_blocked, id=13100, stack(0x000000acf0b00000,0x000000acf0c00000)]
  0x0000027a578ebac0 JavaThread "Unconstrained build operations Thread 45" [_thread_blocked, id=10172, stack(0x000000acf0c00000,0x000000acf0d00000)]
  0x0000027a578ed7a0 JavaThread "Unconstrained build operations Thread 46" [_thread_blocked, id=3704, stack(0x000000acf0d00000,0x000000acf0e00000)]
  0x0000027a578ee610 JavaThread "Unconstrained build operations Thread 47" [_thread_blocked, id=9844, stack(0x000000acf0e00000,0x000000acf0f00000)]
  0x0000027a578eeae0 JavaThread "Unconstrained build operations Thread 48" [_thread_blocked, id=14664, stack(0x000000acf0f00000,0x000000acf1000000)]
  0x0000027a578f24a0 JavaThread "Unconstrained build operations Thread 49" [_thread_blocked, id=6864, stack(0x000000acf1000000,0x000000acf1100000)]
  0x0000027a578f0c90 JavaThread "Unconstrained build operations Thread 50" [_thread_blocked, id=8164, stack(0x000000acf1100000,0x000000acf1200000)]
  0x0000027a578ed2d0 JavaThread "Unconstrained build operations Thread 51" [_thread_blocked, id=4632, stack(0x000000acf1200000,0x000000acf1300000)]
  0x0000027a578efe20 JavaThread "Unconstrained build operations Thread 52" [_thread_blocked, id=9756, stack(0x000000acf1300000,0x000000acf1400000)]
  0x0000027a578ebf90 JavaThread "Unconstrained build operations Thread 53" [_thread_blocked, id=14984, stack(0x000000acf1400000,0x000000acf1500000)]
  0x0000027a578ec460 JavaThread "Unconstrained build operations Thread 54" [_thread_blocked, id=4132, stack(0x000000acf1500000,0x000000acf1600000)]
  0x0000027a578eefb0 JavaThread "Unconstrained build operations Thread 55" [_thread_blocked, id=9220, stack(0x000000acf1600000,0x000000acf1700000)]
  0x0000027a578f2970 JavaThread "Unconstrained build operations Thread 56" [_thread_blocked, id=1296, stack(0x000000acf1700000,0x000000acf1800000)]
  0x0000027a578f1160 JavaThread "Unconstrained build operations Thread 57" [_thread_blocked, id=11276, stack(0x000000acf1800000,0x000000acf1900000)]
  0x0000027a578eb120 JavaThread "Unconstrained build operations Thread 58" [_thread_blocked, id=11200, stack(0x000000acf1900000,0x000000acf1a00000)]
  0x0000027a578ec930 JavaThread "Unconstrained build operations Thread 59" [_thread_blocked, id=8636, stack(0x000000acf1a00000,0x000000acf1b00000)]
  0x0000027a578ece00 JavaThread "Unconstrained build operations Thread 60" [_thread_blocked, id=13612, stack(0x000000acf1b00000,0x000000acf1c00000)]
  0x0000027a53f549c0 JavaThread "Unconstrained build operations Thread 61" [_thread_blocked, id=7760, stack(0x000000acf1c00000,0x000000acf1d00000)]
  0x0000027a53f55830 JavaThread "Unconstrained build operations Thread 62" [_thread_blocked, id=3356, stack(0x000000acf1d00000,0x000000acf1e00000)]
  0x0000027a53f51e70 JavaThread "Unconstrained build operations Thread 63" [_thread_blocked, id=9044, stack(0x000000acf1e00000,0x000000acf1f00000)]
  0x0000027a53f514d0 JavaThread "Unconstrained build operations Thread 64" [_thread_blocked, id=8956, stack(0x000000acf1f00000,0x000000acf2000000)]
  0x0000027a53f519a0 JavaThread "Unconstrained build operations Thread 65" [_thread_blocked, id=13700, stack(0x000000acf2000000,0x000000acf2100000)]
  0x0000027a53f51000 JavaThread "Unconstrained build operations Thread 66" [_thread_blocked, id=11248, stack(0x000000acf2100000,0x000000acf2200000)]
  0x0000027a53f55360 JavaThread "Unconstrained build operations Thread 67" [_thread_blocked, id=10784, stack(0x000000acf2200000,0x000000acf2300000)]
  0x0000027a53f54020 JavaThread "Unconstrained build operations Thread 68" [_thread_blocked, id=3492, stack(0x000000acf2300000,0x000000acf2400000)]
  0x0000027a53f52340 JavaThread "Unconstrained build operations Thread 69" [_thread_blocked, id=2972, stack(0x000000acf2400000,0x000000acf2500000)]
  0x0000027a53f52810 JavaThread "Unconstrained build operations Thread 70" [_thread_blocked, id=11648, stack(0x000000acf2500000,0x000000acf2600000)]
  0x0000027a53f55d00 JavaThread "Unconstrained build operations Thread 71" [_thread_blocked, id=4224, stack(0x000000acf2600000,0x000000acf2700000)]
  0x0000027a53f50190 JavaThread "Unconstrained build operations Thread 72" [_thread_blocked, id=8368, stack(0x000000acf2700000,0x000000acf2800000)]
  0x0000027a53f544f0 JavaThread "Unconstrained build operations Thread 73" [_thread_blocked, id=15332, stack(0x000000acf2800000,0x000000acf2900000)]
  0x0000027a53f4f320 JavaThread "Unconstrained build operations Thread 74" [_thread_blocked, id=11240, stack(0x000000acf2900000,0x000000acf2a00000)]
  0x0000027a53f54e90 JavaThread "Unconstrained build operations Thread 75" [_thread_blocked, id=10944, stack(0x000000acf2a00000,0x000000acf2b00000)]
  0x0000027a53f561d0 JavaThread "Unconstrained build operations Thread 76" [_thread_blocked, id=7892, stack(0x000000acf2b00000,0x000000acf2c00000)]
  0x0000027a53f52ce0 JavaThread "Unconstrained build operations Thread 77" [_thread_blocked, id=11568, stack(0x000000acf2c00000,0x000000acf2d00000)]
  0x0000027a53f53b50 JavaThread "Unconstrained build operations Thread 78" [_thread_blocked, id=1324, stack(0x000000acf2d00000,0x000000acf2e00000)]
  0x0000027a53f4fcc0 JavaThread "Unconstrained build operations Thread 79" [_thread_blocked, id=11208, stack(0x000000acf2e00000,0x000000acf2f00000)]
  0x0000027a53f566a0 JavaThread "Unconstrained build operations Thread 80" [_thread_blocked, id=11676, stack(0x000000acf2f00000,0x000000acf3000000)]
  0x0000027a53f4ee50 JavaThread "jar transforms Thread 4" [_thread_blocked, id=3568, stack(0x000000acf3000000,0x000000acf3100000)]
  0x0000027a53f4f7f0 JavaThread "jar transforms Thread 5" [_thread_blocked, id=11624, stack(0x000000acf3100000,0x000000acf3200000)]
  0x0000027a53f50660 JavaThread "jar transforms Thread 6" [_thread_blocked, id=8456, stack(0x000000acf3200000,0x000000acf3300000)]
  0x0000027a53f531b0 JavaThread "jar transforms Thread 7" [_thread_blocked, id=1112, stack(0x000000acf3300000,0x000000acf3400000)]
  0x0000027a53f53680 JavaThread "jar transforms Thread 8" [_thread_blocked, id=13608, stack(0x000000acf3400000,0x000000acf3500000)]
  0x0000027a578550d0 JavaThread "Memory manager" [_thread_blocked, id=13452, stack(0x000000acf3500000,0x000000acf3600000)]
  0x0000027a578580f0 JavaThread "build event listener" [_thread_blocked, id=14272, stack(0x000000acf3600000,0x000000acf3700000)]
  0x0000027a57854730 JavaThread "pool-3-thread-1" [_thread_blocked, id=5564, stack(0x000000acf3700000,0x000000acf3800000)]
  0x0000027a57858a90 JavaThread "build event listener" [_thread_blocked, id=12580, stack(0x000000acf3800000,0x000000acf3900000)]
  0x0000027a57859430 JavaThread "Execution worker for ':'" [_thread_blocked, id=15320, stack(0x000000acf3900000,0x000000acf3a00000)]
  0x0000027a57852a50 JavaThread "Execution worker for ':' Thread 2" [_thread_blocked, id=9956, stack(0x000000acf3a00000,0x000000acf3b00000)]
  0x0000027a578533f0 JavaThread "Execution worker for ':' Thread 3" [_thread_blocked, id=11808, stack(0x000000acf3b00000,0x000000acf3c00000)]
  0x0000027a578538c0 JavaThread "Execution worker for ':' Thread 4" [_thread_blocked, id=12116, stack(0x000000acf3c00000,0x000000acf3d00000)]
  0x0000027a57854c00 JavaThread "Execution worker for ':' Thread 5" [_thread_blocked, id=11704, stack(0x000000acf3d00000,0x000000acf3e00000)]
  0x0000027a57855f40 JavaThread "Execution worker for ':' Thread 6" [_thread_blocked, id=9088, stack(0x000000acf3e00000,0x000000acf3f00000)]
  0x0000027a57855a70 JavaThread "Execution worker for ':' Thread 7" [_thread_blocked, id=8752, stack(0x000000acf3f00000,0x000000acf4000000)]
  0x0000027a578568e0 JavaThread "Cache worker for execution history cache (D:\EmailLogin\.gradle\7.3.3\executionHistory)" [_thread_blocked, id=7596, stack(0x000000acf4000000,0x000000acf4100000)]
  0x0000027a554960b0 JavaThread "WorkerExecutor Queue" [_thread_in_Java, id=6860, stack(0x000000acf4100000,0x000000acf4200000)]

Other Threads:
  0x0000027a2f24c9d0 VMThread "VM Thread" [stack: 0x000000aceaf00000,0x000000aceb000000] [id=10708]
  0x0000027a518a7b30 WatcherThread "VM Periodic Task Thread" [stack: 0x000000acebb00000,0x000000acebc00000] [id=1280]
  0x0000027a2f232ec0 WorkerThread "GC Thread#0" [stack: 0x000000aceaa00000,0x000000aceab00000] [id=6752]
  0x0000027a5230cf50 WorkerThread "GC Thread#1" [stack: 0x000000acebe00000,0x000000acebf00000] [id=8288]
  0x0000027a519cf590 WorkerThread "GC Thread#2" [stack: 0x000000acebf00000,0x000000acec000000] [id=5540]
  0x0000027a520d1f20 WorkerThread "GC Thread#3" [stack: 0x000000acec000000,0x000000acec100000] [id=10280]
  0x0000027a523fec40 WorkerThread "GC Thread#4" [stack: 0x000000acec100000,0x000000acec200000] [id=9684]
  0x0000027a536a9c40 WorkerThread "GC Thread#5" [stack: 0x000000acec200000,0x000000acec300000] [id=9244]
  0x0000027a53212300 WorkerThread "GC Thread#6" [stack: 0x000000acec300000,0x000000acec400000] [id=11716]
  0x0000027a54ea9190 WorkerThread "GC Thread#7" [stack: 0x000000aced400000,0x000000aced500000] [id=15260]
  0x0000027a2f243d00 ConcurrentGCThread "G1 Main Marker" [stack: 0x000000aceab00000,0x000000aceac00000] [id=11140]
  0x0000027a2f245610 WorkerThread "G1 Conc#0" [stack: 0x000000aceac00000,0x000000acead00000] [id=2324]
  0x0000027a54ea9eb0 WorkerThread "G1 Conc#1" [stack: 0x000000aced700000,0x000000aced800000] [id=10968]
  0x0000027a2f2988a0 ConcurrentGCThread "G1 Refine#0" [stack: 0x000000acead00000,0x000000aceae00000] [id=12240]
  0x0000027a2f298cd0 ConcurrentGCThread "G1 Service" [stack: 0x000000aceae00000,0x000000aceaf00000] [id=13248]

Threads with active compile tasks:
C2 CompilerThread0     9721 11233       4       java.lang.reflect.Method::invoke (108 bytes)
C1 CompilerThread0     9721 11390       3       kotlin.reflect.jvm.internal.impl.protobuf.GeneratedMessageLite::parseUnknownField (518 bytes)
C2 CompilerThread1     9721 11145       4       org.gradle.api.internal.artifacts.transform.ConsumerProvidedVariantFinder::matchAttributes (68 bytes)
C2 CompilerThread2     9721 11227       4       java.util.regex.Pattern::split (288 bytes)

VM state: not at safepoint (normal execution)

VM Mutex/Monitor currently owned by a thread: None

Heap address: 0x0000000080000000, size: 2048 MB, Compressed Oops mode: 32-bit

CDS archive(s) mapped at: [0x0000000800000000-0x0000000800ba0000-0x0000000800ba0000), size 12189696, SharedBaseAddress: 0x0000000800000000, ArchiveRelocationMode: 0.
Compressed class space mapped at: 0x0000000800c00000-0x0000000840c00000, reserved size: 1073741824
Narrow klass base: 0x0000000800000000, Narrow klass shift: 0, Narrow klass range: 0x100000000

GC Precious Log:
 CardTable entry size: 512
 Card Set container configuration: InlinePtr #cards 5 size 8 Array Of Cards #cards 12 size 40 Howl #buckets 4 coarsen threshold 1843 Howl Bitmap #cards 512 size 80 coarsen threshold 460 Card regions per heap region 1 cards per card region 2048
 CPUs: 8 total, 8 available
 Memory: 7987M
 Large Page Support: Disabled
 NUMA Support: Disabled
 Compressed Oops: Enabled (32-bit)
 Heap Region Size: 1M
 Heap Min Capacity: 8M
 Heap Initial Capacity: 126M
 Heap Max Capacity: 2G
 Pre-touch: Disabled
 Parallel Workers: 8
 Concurrent Workers: 2
 Concurrent Refinement Workers: 8
 Periodic GC: Disabled

Heap:
 garbage-first heap   total 250880K, used 89867K [0x0000000080000000, 0x0000000100000000)
  region size 1024K, 4 young (4096K), 2 survivors (2048K)
 Metaspace       used 80647K, committed 82496K, reserved 1179648K
  class space    used 10974K, committed 11904K, reserved 1048576K

Heap Regions: E=young(eden), S=young(survivor), O=old, HS=humongous(starts), HC=humongous(continues), CS=collection set, F=free, OA=open archive, CA=closed archive, TAMS=top-at-mark-start (previous, next)
|   0|0x0000000080000000, 0x0000000080100000, 0x0000000080100000|100%| O|  |TAMS 0x0000000080100000, 0x0000000080000000| Untracked 
|   1|0x0000000080100000, 0x0000000080200000, 0x0000000080200000|100%| O|  |TAMS 0x0000000080200000, 0x0000000080100000| Untracked 
|   2|0x0000000080200000, 0x0000000080300000, 0x0000000080300000|100%| O|  |TAMS 0x0000000080300000, 0x0000000080200000| Untracked 
|   3|0x0000000080300000, 0x0000000080400000, 0x0000000080400000|100%|HS|  |TAMS 0x0000000080400000, 0x0000000080300000| Complete 
|   4|0x0000000080400000, 0x0000000080500000, 0x0000000080500000|100%|HC|  |TAMS 0x0000000080500000, 0x0000000080400000| Complete 
|   5|0x0000000080500000, 0x0000000080600000, 0x0000000080600000|100%|HC|  |TAMS 0x0000000080600000, 0x0000000080500000| Complete 
|   6|0x0000000080600000, 0x0000000080700000, 0x0000000080700000|100%| O|  |TAMS 0x0000000080700000, 0x0000000080600000| Untracked 
|   7|0x0000000080700000, 0x0000000080800000, 0x0000000080800000|100%| O|  |TAMS 0x0000000080800000, 0x0000000080700000| Untracked 
|   8|0x0000000080800000, 0x0000000080900000, 0x0000000080900000|100%| O|  |TAMS 0x0000000080900000, 0x0000000080800000| Untracked 
|   9|0x0000000080900000, 0x0000000080a00000, 0x0000000080a00000|100%| O|  |TAMS 0x0000000080a00000, 0x0000000080900000| Untracked 
|  10|0x0000000080a00000, 0x0000000080b00000, 0x0000000080b00000|100%| O|  |TAMS 0x0000000080b00000, 0x0000000080a00000| Untracked 
|  11|0x0000000080b00000, 0x0000000080c00000, 0x0000000080c00000|100%| O|  |TAMS 0x0000000080c00000, 0x0000000080b00000| Untracked 
|  12|0x0000000080c00000, 0x0000000080d00000, 0x0000000080d00000|100%| O|  |TAMS 0x0000000080d00000, 0x0000000080c00000| Untracked 
|  13|0x0000000080d00000, 0x0000000080e00000, 0x0000000080e00000|100%| O|  |TAMS 0x0000000080e00000, 0x0000000080d00000| Untracked 
|  14|0x0000000080e00000, 0x0000000080f00000, 0x0000000080f00000|100%| O|  |TAMS 0x0000000080f00000, 0x0000000080e00000| Untracked 
|  15|0x0000000080f00000, 0x0000000081000000, 0x0000000081000000|100%| O|  |TAMS 0x0000000081000000, 0x0000000080f00000| Untracked 
|  16|0x0000000081000000, 0x0000000081100000, 0x0000000081100000|100%| O|  |TAMS 0x0000000081100000, 0x0000000081000000| Untracked 
|  17|0x0000000081100000, 0x0000000081200000, 0x0000000081200000|100%| O|  |TAMS 0x0000000081200000, 0x0000000081100000| Untracked 
|  18|0x0000000081200000, 0x0000000081300000, 0x0000000081300000|100%| O|  |TAMS 0x0000000081300000, 0x0000000081200000| Untracked 
|  19|0x0000000081300000, 0x0000000081400000, 0x0000000081400000|100%| O|  |TAMS 0x0000000081300000, 0x0000000081300000| Untracked 
|  20|0x0000000081400000, 0x0000000081500000, 0x0000000081500000|100%| O|  |TAMS 0x0000000081500000, 0x0000000081400000| Untracked 
|  21|0x0000000081500000, 0x0000000081600000, 0x0000000081600000|100%| O|  |TAMS 0x0000000081600000, 0x0000000081500000| Untracked 
|  22|0x0000000081600000, 0x0000000081700000, 0x0000000081700000|100%| O|  |TAMS 0x0000000081700000, 0x0000000081600000| Untracked 
|  23|0x0000000081700000, 0x0000000081800000, 0x0000000081800000|100%| O|  |TAMS 0x0000000081800000, 0x0000000081700000| Untracked 
|  24|0x0000000081800000, 0x0000000081900000, 0x0000000081900000|100%| O|  |TAMS 0x0000000081900000, 0x0000000081800000| Untracked 
|  25|0x0000000081900000, 0x0000000081a00000, 0x0000000081a00000|100%| O|  |TAMS 0x0000000081a00000, 0x0000000081900000| Untracked 
|  26|0x0000000081a00000, 0x0000000081b00000, 0x0000000081b00000|100%|HS|  |TAMS 0x0000000081b00000, 0x0000000081a00000| Complete 
|  27|0x0000000081b00000, 0x0000000081c00000, 0x0000000081c00000|100%|HS|  |TAMS 0x0000000081c00000, 0x0000000081b00000| Complete 
|  28|0x0000000081c00000, 0x0000000081d00000, 0x0000000081d00000|100%| O|  |TAMS 0x0000000081d00000, 0x0000000081c00000| Untracked 
|  29|0x0000000081d00000, 0x0000000081e00000, 0x0000000081e00000|100%| O|  |TAMS 0x0000000081e00000, 0x0000000081d00000| Untracked 
|  30|0x0000000081e00000, 0x0000000081f00000, 0x0000000081f00000|100%| O|  |TAMS 0x0000000081f00000, 0x0000000081e00000| Untracked 
|  31|0x0000000081f00000, 0x0000000082000000, 0x0000000082000000|100%| O|  |TAMS 0x0000000082000000, 0x0000000081f00000| Untracked 
|  32|0x0000000082000000, 0x0000000082100000, 0x0000000082100000|100%| O|  |TAMS 0x0000000082100000, 0x0000000082000000| Untracked 
|  33|0x0000000082100000, 0x0000000082200000, 0x0000000082200000|100%| O|  |TAMS 0x0000000082200000, 0x0000000082100000| Untracked 
|  34|0x0000000082200000, 0x0000000082300000, 0x0000000082300000|100%|HS|  |TAMS 0x0000000082300000, 0x0000000082200000| Complete 
|  35|0x0000000082300000, 0x0000000082400000, 0x0000000082400000|100%|HC|  |TAMS 0x0000000082400000, 0x0000000082300000| Complete 
|  36|0x0000000082400000, 0x0000000082500000, 0x0000000082500000|100%| O|  |TAMS 0x0000000082500000, 0x0000000082400000| Untracked 
|  37|0x0000000082500000, 0x0000000082600000, 0x0000000082600000|100%| O|  |TAMS 0x0000000082600000, 0x0000000082500000| Untracked 
|  38|0x0000000082600000, 0x0000000082700000, 0x0000000082700000|100%| O|  |TAMS 0x0000000082700000, 0x0000000082600000| Untracked 
|  39|0x0000000082700000, 0x0000000082800000, 0x0000000082800000|100%| O|  |TAMS 0x0000000082800000, 0x0000000082700000| Untracked 
|  40|0x0000000082800000, 0x0000000082900000, 0x0000000082900000|100%| O|  |TAMS 0x0000000082900000, 0x0000000082800000| Untracked 
|  41|0x0000000082900000, 0x0000000082a00000, 0x0000000082a00000|100%| O|  |TAMS 0x0000000082a00000, 0x0000000082900000| Untracked 
|  42|0x0000000082a00000, 0x0000000082b00000, 0x0000000082b00000|100%| O|  |TAMS 0x0000000082b00000, 0x0000000082a00000| Untracked 
|  43|0x0000000082b00000, 0x0000000082c00000, 0x0000000082c00000|100%| O|  |TAMS 0x0000000082c00000, 0x0000000082b00000| Untracked 
|  44|0x0000000082c00000, 0x0000000082d00000, 0x0000000082d00000|100%| O|  |TAMS 0x0000000082d00000, 0x0000000082c00000| Untracked 
|  45|0x0000000082d00000, 0x0000000082e00000, 0x0000000082e00000|100%| O|  |TAMS 0x0000000082e00000, 0x0000000082d00000| Untracked 
|  46|0x0000000082e00000, 0x0000000082f00000, 0x0000000082f00000|100%| O|  |TAMS 0x0000000082f00000, 0x0000000082e00000| Untracked 
|  47|0x0000000082f00000, 0x0000000083000000, 0x0000000083000000|100%| O|  |TAMS 0x0000000083000000, 0x0000000082f00000| Untracked 
|  48|0x0000000083000000, 0x0000000083100000, 0x0000000083100000|100%| O|  |TAMS 0x0000000083100000, 0x0000000083000000| Untracked 
|  49|0x0000000083100000, 0x0000000083200000, 0x0000000083200000|100%| O|  |TAMS 0x0000000083200000, 0x0000000083100000| Untracked 
|  50|0x0000000083200000, 0x0000000083300000, 0x0000000083300000|100%| O|  |TAMS 0x0000000083300000, 0x0000000083200000| Untracked 
|  51|0x0000000083300000, 0x0000000083400000, 0x0000000083400000|100%| O|  |TAMS 0x0000000083400000, 0x0000000083300000| Untracked 
|  52|0x0000000083400000, 0x0000000083500000, 0x0000000083500000|100%| O|  |TAMS 0x0000000083500000, 0x0000000083400000| Untracked 
|  53|0x0000000083500000, 0x0000000083600000, 0x0000000083600000|100%| O|  |TAMS 0x0000000083600000, 0x0000000083500000| Untracked 
|  54|0x0000000083600000, 0x0000000083700000, 0x0000000083700000|100%| O|  |TAMS 0x0000000083700000, 0x0000000083600000| Untracked 
|  55|0x0000000083700000, 0x0000000083800000, 0x0000000083800000|100%| O|  |TAMS 0x0000000083800000, 0x0000000083700000| Untracked 
|  56|0x0000000083800000, 0x0000000083900000, 0x0000000083900000|100%| O|  |TAMS 0x0000000083900000, 0x0000000083800000| Untracked 
|  57|0x0000000083900000, 0x0000000083a00000, 0x0000000083a00000|100%| O|  |TAMS 0x0000000083a00000, 0x0000000083900000| Untracked 
|  58|0x0000000083a00000, 0x0000000083b00000, 0x0000000083b00000|100%| O|  |TAMS 0x0000000083b00000, 0x0000000083a00000| Untracked 
|  59|0x0000000083b00000, 0x0000000083c00000, 0x0000000083c00000|100%| O|  |TAMS 0x0000000083c00000, 0x0000000083b00000| Untracked 
|  60|0x0000000083c00000, 0x0000000083d00000, 0x0000000083d00000|100%| O|  |TAMS 0x0000000083d00000, 0x0000000083c00000| Untracked 
|  61|0x0000000083d00000, 0x0000000083e00000, 0x0000000083e00000|100%| O|  |TAMS 0x0000000083e00000, 0x0000000083d00000| Untracked 
|  62|0x0000000083e00000, 0x0000000083f00000, 0x0000000083f00000|100%| O|  |TAMS 0x0000000083f00000, 0x0000000083e00000| Untracked 
|  63|0x0000000083f00000, 0x0000000084000000, 0x0000000084000000|100%| O|  |TAMS 0x0000000084000000, 0x0000000083f00000| Untracked 
|  64|0x0000000084000000, 0x0000000084000000, 0x0000000084100000|  0%| F|  |TAMS 0x0000000084000000, 0x0000000084000000| Untracked 
|  65|0x0000000084100000, 0x0000000084200000, 0x0000000084200000|100%| O|  |TAMS 0x0000000084200000, 0x0000000084100000| Untracked 
|  66|0x0000000084200000, 0x0000000084300000, 0x0000000084300000|100%| O|  |TAMS 0x0000000084300000, 0x0000000084200000| Untracked 
|  67|0x0000000084300000, 0x0000000084400000, 0x0000000084400000|100%| O|  |TAMS 0x0000000084400000, 0x0000000084300000| Untracked 
|  68|0x0000000084400000, 0x0000000084500000, 0x0000000084500000|100%| O|  |TAMS 0x0000000084500000, 0x0000000084400000| Untracked 
|  69|0x0000000084500000, 0x0000000084600000, 0x0000000084600000|100%| O|  |TAMS 0x0000000084600000, 0x0000000084500000| Untracked 
|  70|0x0000000084600000, 0x0000000084700000, 0x0000000084700000|100%| O|  |TAMS 0x0000000084700000, 0x0000000084600000| Untracked 
|  71|0x0000000084700000, 0x0000000084800000, 0x0000000084800000|100%| O|  |TAMS 0x0000000084800000, 0x0000000084700000| Untracked 
|  72|0x0000000084800000, 0x0000000084900000, 0x0000000084900000|100%| O|  |TAMS 0x0000000084900000, 0x0000000084800000| Untracked 
|  73|0x0000000084900000, 0x0000000084a00000, 0x0000000084a00000|100%| O|  |TAMS 0x0000000084a00000, 0x0000000084900000| Untracked 
|  74|0x0000000084a00000, 0x0000000084b00000, 0x0000000084b00000|100%| O|  |TAMS 0x0000000084b00000, 0x0000000084a00000| Untracked 
|  75|0x0000000084b00000, 0x0000000084c00000, 0x0000000084c00000|100%| O|  |TAMS 0x0000000084c00000, 0x0000000084b00000| Untracked 
|  76|0x0000000084c00000, 0x0000000084d00000, 0x0000000084d00000|100%| O|  |TAMS 0x0000000084d00000, 0x0000000084c00000| Untracked 
|  77|0x0000000084d00000, 0x0000000084e00000, 0x0000000084e00000|100%| O|  |TAMS 0x0000000084d6f800, 0x0000000084d00000| Untracked 
|  78|0x0000000084e00000, 0x0000000084f00000, 0x0000000084f00000|100%| O|  |TAMS 0x0000000084e00000, 0x0000000084e00000| Untracked 
|  79|0x0000000084f00000, 0x0000000085000000, 0x0000000085000000|100%| O|  |TAMS 0x0000000084f00000, 0x0000000084f00000| Untracked 
|  80|0x0000000085000000, 0x0000000085100000, 0x0000000085100000|100%| O|  |TAMS 0x0000000085000000, 0x0000000085000000| Untracked 
|  81|0x0000000085100000, 0x0000000085200000, 0x0000000085200000|100%| O|  |TAMS 0x0000000085100000, 0x0000000085100000| Untracked 
|  82|0x0000000085200000, 0x0000000085300000, 0x0000000085300000|100%| O|  |TAMS 0x0000000085200000, 0x0000000085200000| Untracked 
|  83|0x0000000085300000, 0x0000000085400000, 0x0000000085400000|100%| O|  |TAMS 0x0000000085300000, 0x0000000085300000| Untracked 
|  84|0x0000000085400000, 0x0000000085500000, 0x0000000085500000|100%| O|  |TAMS 0x0000000085400000, 0x0000000085400000| Untracked 
|  85|0x0000000085500000, 0x0000000085600000, 0x0000000085600000|100%| O|  |TAMS 0x0000000085500000, 0x0000000085500000| Untracked 
|  86|0x0000000085600000, 0x0000000085691000, 0x0000000085700000| 56%| O|  |TAMS 0x0000000085600000, 0x0000000085600000| Untracked 
|  87|0x0000000085700000, 0x0000000085700000, 0x0000000085800000|  0%| F|  |TAMS 0x0000000085700000, 0x0000000085700000| Untracked 
|  88|0x0000000085800000, 0x0000000085800000, 0x0000000085900000|  0%| F|  |TAMS 0x0000000085800000, 0x0000000085800000| Untracked 
|  89|0x0000000085900000, 0x0000000085900000, 0x0000000085a00000|  0%| F|  |TAMS 0x0000000085900000, 0x0000000085900000| Untracked 
|  90|0x0000000085a00000, 0x0000000085a00000, 0x0000000085b00000|  0%| F|  |TAMS 0x0000000085a00000, 0x0000000085a00000| Untracked 
|  91|0x0000000085b00000, 0x0000000085b00000, 0x0000000085c00000|  0%| F|  |TAMS 0x0000000085b00000, 0x0000000085b00000| Untracked 
|  92|0x0000000085c00000, 0x0000000085c00000, 0x0000000085d00000|  0%| F|  |TAMS 0x0000000085c00000, 0x0000000085c00000| Untracked 
|  93|0x0000000085d00000, 0x0000000085d00000, 0x0000000085e00000|  0%| F|  |TAMS 0x0000000085d00000, 0x0000000085d00000| Untracked 
|  94|0x0000000085e00000, 0x0000000085e00000, 0x0000000085f00000|  0%| F|  |TAMS 0x0000000085e00000, 0x0000000085e00000| Untracked 
|  95|0x0000000085f00000, 0x0000000085f00000, 0x0000000086000000|  0%| F|  |TAMS 0x0000000085f00000, 0x0000000085f00000| Untracked 
|  96|0x0000000086000000, 0x0000000086000000, 0x0000000086100000|  0%| F|  |TAMS 0x0000000086000000, 0x0000000086000000| Untracked 
|  97|0x0000000086100000, 0x0000000086100000, 0x0000000086200000|  0%| F|  |TAMS 0x0000000086100000, 0x0000000086100000| Untracked 
|  98|0x0000000086200000, 0x0000000086200000, 0x0000000086300000|  0%| F|  |TAMS 0x0000000086200000, 0x0000000086200000| Untracked 
|  99|0x0000000086300000, 0x0000000086300000, 0x0000000086400000|  0%| F|  |TAMS 0x0000000086300000, 0x0000000086300000| Untracked 
| 100|0x0000000086400000, 0x0000000086400000, 0x0000000086500000|  0%| F|  |TAMS 0x0000000086400000, 0x0000000086400000| Untracked 
| 101|0x0000000086500000, 0x0000000086500000, 0x0000000086600000|  0%| F|  |TAMS 0x0000000086500000, 0x0000000086500000| Untracked 
| 102|0x0000000086600000, 0x0000000086600000, 0x0000000086700000|  0%| F|  |TAMS 0x0000000086600000, 0x0000000086600000| Untracked 
| 103|0x0000000086700000, 0x0000000086700000, 0x0000000086800000|  0%| F|  |TAMS 0x0000000086700000, 0x0000000086700000| Untracked 
| 104|0x0000000086800000, 0x0000000086800000, 0x0000000086900000|  0%| F|  |TAMS 0x0000000086800000, 0x0000000086800000| Untracked 
| 105|0x0000000086900000, 0x0000000086900000, 0x0000000086a00000|  0%| F|  |TAMS 0x0000000086900000, 0x0000000086900000| Untracked 
| 106|0x0000000086a00000, 0x0000000086a00000, 0x0000000086b00000|  0%| F|  |TAMS 0x0000000086a00000, 0x0000000086a00000| Untracked 
| 107|0x0000000086b00000, 0x0000000086b00000, 0x0000000086c00000|  0%| F|  |TAMS 0x0000000086b00000, 0x0000000086b00000| Untracked 
| 108|0x0000000086c00000, 0x0000000086c00000, 0x0000000086d00000|  0%| F|  |TAMS 0x0000000086c00000, 0x0000000086c00000| Untracked 
| 109|0x0000000086d00000, 0x0000000086d00000, 0x0000000086e00000|  0%| F|  |TAMS 0x0000000086d00000, 0x0000000086d00000| Untracked 
| 110|0x0000000086e00000, 0x0000000086e00000, 0x0000000086f00000|  0%| F|  |TAMS 0x0000000086e00000, 0x0000000086e00000| Untracked 
| 111|0x0000000086f00000, 0x0000000086f00000, 0x0000000087000000|  0%| F|  |TAMS 0x0000000086f00000, 0x0000000086f00000| Untracked 
| 112|0x0000000087000000, 0x0000000087000000, 0x0000000087100000|  0%| F|  |TAMS 0x0000000087000000, 0x0000000087000000| Untracked 
| 113|0x0000000087100000, 0x0000000087100000, 0x0000000087200000|  0%| F|  |TAMS 0x0000000087100000, 0x0000000087100000| Untracked 
| 114|0x0000000087200000, 0x0000000087200000, 0x0000000087300000|  0%| F|  |TAMS 0x0000000087200000, 0x0000000087200000| Untracked 
| 115|0x0000000087300000, 0x0000000087300000, 0x0000000087400000|  0%| F|  |TAMS 0x0000000087300000, 0x0000000087300000| Untracked 
| 116|0x0000000087400000, 0x0000000087400000, 0x0000000087500000|  0%| F|  |TAMS 0x0000000087400000, 0x0000000087400000| Untracked 
| 117|0x0000000087500000, 0x0000000087500000, 0x0000000087600000|  0%| F|  |TAMS 0x0000000087500000, 0x0000000087500000| Untracked 
| 118|0x0000000087600000, 0x0000000087600000, 0x0000000087700000|  0%| F|  |TAMS 0x0000000087600000, 0x0000000087600000| Untracked 
| 119|0x0000000087700000, 0x0000000087700000, 0x0000000087800000|  0%| F|  |TAMS 0x0000000087700000, 0x0000000087700000| Untracked 
| 120|0x0000000087800000, 0x0000000087800000, 0x0000000087900000|  0%| F|  |TAMS 0x0000000087800000, 0x0000000087800000| Untracked 
| 121|0x0000000087900000, 0x0000000087900000, 0x0000000087a00000|  0%| F|  |TAMS 0x0000000087900000, 0x0000000087900000| Untracked 
| 122|0x0000000087a00000, 0x0000000087a00000, 0x0000000087b00000|  0%| F|  |TAMS 0x0000000087a00000, 0x0000000087a00000| Untracked 
| 123|0x0000000087b00000, 0x0000000087b00000, 0x0000000087c00000|  0%| F|  |TAMS 0x0000000087b00000, 0x0000000087b00000| Untracked 
| 124|0x0000000087c00000, 0x0000000087c00000, 0x0000000087d00000|  0%| F|  |TAMS 0x0000000087c00000, 0x0000000087c00000| Untracked 
| 125|0x0000000087d00000, 0x0000000087d00000, 0x0000000087e00000|  0%| F|  |TAMS 0x0000000087d00000, 0x0000000087d00000| Untracked 
| 126|0x0000000087e00000, 0x0000000087e00000, 0x0000000087f00000|  0%| F|  |TAMS 0x0000000087e00000, 0x0000000087e00000| Untracked 
| 127|0x0000000087f00000, 0x0000000087f00000, 0x0000000088000000|  0%| F|  |TAMS 0x0000000087f00000, 0x0000000087f00000| Untracked 
| 128|0x0000000088000000, 0x0000000088000000, 0x0000000088100000|  0%| F|  |TAMS 0x0000000088000000, 0x0000000088000000| Untracked 
| 129|0x0000000088100000, 0x0000000088100000, 0x0000000088200000|  0%| F|  |TAMS 0x0000000088100000, 0x0000000088100000| Untracked 
| 130|0x0000000088200000, 0x0000000088200000, 0x0000000088300000|  0%| F|  |TAMS 0x0000000088200000, 0x0000000088200000| Untracked 
| 131|0x0000000088300000, 0x0000000088300000, 0x0000000088400000|  0%| F|  |TAMS 0x0000000088300000, 0x0000000088300000| Untracked 
| 132|0x0000000088400000, 0x0000000088400000, 0x0000000088500000|  0%| F|  |TAMS 0x0000000088400000, 0x0000000088400000| Untracked 
| 133|0x0000000088500000, 0x0000000088500000, 0x0000000088600000|  0%| F|  |TAMS 0x0000000088500000, 0x0000000088500000| Untracked 
| 134|0x0000000088600000, 0x0000000088600000, 0x0000000088700000|  0%| F|  |TAMS 0x0000000088600000, 0x0000000088600000| Untracked 
| 135|0x0000000088700000, 0x0000000088700000, 0x0000000088800000|  0%| F|  |TAMS 0x0000000088700000, 0x0000000088700000| Untracked 
| 136|0x0000000088800000, 0x0000000088800000, 0x0000000088900000|  0%| F|  |TAMS 0x0000000088800000, 0x0000000088800000| Untracked 
| 137|0x0000000088900000, 0x0000000088900000, 0x0000000088a00000|  0%| F|  |TAMS 0x0000000088900000, 0x0000000088900000| Untracked 
| 138|0x0000000088a00000, 0x0000000088a00000, 0x0000000088b00000|  0%| F|  |TAMS 0x0000000088a00000, 0x0000000088a00000| Untracked 
| 139|0x0000000088b00000, 0x0000000088b00000, 0x0000000088c00000|  0%| F|  |TAMS 0x0000000088b00000, 0x0000000088b00000| Untracked 
| 140|0x0000000088c00000, 0x0000000088c00000, 0x0000000088d00000|  0%| F|  |TAMS 0x0000000088c00000, 0x0000000088c00000| Untracked 
| 141|0x0000000088d00000, 0x0000000088d00000, 0x0000000088e00000|  0%| F|  |TAMS 0x0000000088d00000, 0x0000000088d00000| Untracked 
| 142|0x0000000088e00000, 0x0000000088e00000, 0x0000000088f00000|  0%| F|  |TAMS 0x0000000088e00000, 0x0000000088e00000| Untracked 
| 143|0x0000000088f00000, 0x0000000088f00000, 0x0000000089000000|  0%| F|  |TAMS 0x0000000088f00000, 0x0000000088f00000| Untracked 
| 144|0x0000000089000000, 0x0000000089000000, 0x0000000089100000|  0%| F|  |TAMS 0x0000000089000000, 0x0000000089000000| Untracked 
| 145|0x0000000089100000, 0x0000000089100000, 0x0000000089200000|  0%| F|  |TAMS 0x0000000089100000, 0x0000000089100000| Untracked 
| 146|0x0000000089200000, 0x0000000089200000, 0x0000000089300000|  0%| F|  |TAMS 0x0000000089200000, 0x0000000089200000| Untracked 
| 147|0x0000000089300000, 0x0000000089300000, 0x0000000089400000|  0%| F|  |TAMS 0x0000000089300000, 0x0000000089300000| Untracked 
| 148|0x0000000089400000, 0x0000000089400000, 0x0000000089500000|  0%| F|  |TAMS 0x0000000089400000, 0x0000000089400000| Untracked 
| 149|0x0000000089500000, 0x0000000089500000, 0x0000000089600000|  0%| F|  |TAMS 0x0000000089500000, 0x0000000089500000| Untracked 
| 150|0x0000000089600000, 0x0000000089600000, 0x0000000089700000|  0%| F|  |TAMS 0x0000000089600000, 0x0000000089600000| Untracked 
| 151|0x0000000089700000, 0x0000000089700000, 0x0000000089800000|  0%| F|  |TAMS 0x0000000089700000, 0x0000000089700000| Untracked 
| 152|0x0000000089800000, 0x0000000089800000, 0x0000000089900000|  0%| F|  |TAMS 0x0000000089800000, 0x0000000089800000| Untracked 
| 153|0x0000000089900000, 0x0000000089900000, 0x0000000089a00000|  0%| F|  |TAMS 0x0000000089900000, 0x0000000089900000| Untracked 
| 154|0x0000000089a00000, 0x0000000089a00000, 0x0000000089b00000|  0%| F|  |TAMS 0x0000000089a00000, 0x0000000089a00000| Untracked 
| 155|0x0000000089b00000, 0x0000000089b00000, 0x0000000089c00000|  0%| F|  |TAMS 0x0000000089b00000, 0x0000000089b00000| Untracked 
| 156|0x0000000089c00000, 0x0000000089c00000, 0x0000000089d00000|  0%| F|  |TAMS 0x0000000089c00000, 0x0000000089c00000| Untracked 
| 157|0x0000000089d00000, 0x0000000089d00000, 0x0000000089e00000|  0%| F|  |TAMS 0x0000000089d00000, 0x0000000089d00000| Untracked 
| 158|0x0000000089e00000, 0x0000000089e00000, 0x0000000089f00000|  0%| F|  |TAMS 0x0000000089e00000, 0x0000000089e00000| Untracked 
| 159|0x0000000089f00000, 0x0000000089f00000, 0x000000008a000000|  0%| F|  |TAMS 0x0000000089f00000, 0x0000000089f00000| Untracked 
| 160|0x000000008a000000, 0x000000008a000000, 0x000000008a100000|  0%| F|  |TAMS 0x000000008a000000, 0x000000008a000000| Untracked 
| 161|0x000000008a100000, 0x000000008a100000, 0x000000008a200000|  0%| F|  |TAMS 0x000000008a100000, 0x000000008a100000| Untracked 
| 162|0x000000008a200000, 0x000000008a200000, 0x000000008a300000|  0%| F|  |TAMS 0x000000008a200000, 0x000000008a200000| Untracked 
| 163|0x000000008a300000, 0x000000008a300000, 0x000000008a400000|  0%| F|  |TAMS 0x000000008a300000, 0x000000008a300000| Untracked 
| 164|0x000000008a400000, 0x000000008a400000, 0x000000008a500000|  0%| F|  |TAMS 0x000000008a400000, 0x000000008a400000| Untracked 
| 165|0x000000008a500000, 0x000000008a500000, 0x000000008a600000|  0%| F|  |TAMS 0x000000008a500000, 0x000000008a500000| Untracked 
| 166|0x000000008a600000, 0x000000008a600000, 0x000000008a700000|  0%| F|  |TAMS 0x000000008a600000, 0x000000008a600000| Untracked 
| 167|0x000000008a700000, 0x000000008a700000, 0x000000008a800000|  0%| F|  |TAMS 0x000000008a700000, 0x000000008a700000| Untracked 
| 168|0x000000008a800000, 0x000000008a800000, 0x000000008a900000|  0%| F|  |TAMS 0x000000008a800000, 0x000000008a800000| Untracked 
| 169|0x000000008a900000, 0x000000008a900000, 0x000000008aa00000|  0%| F|  |TAMS 0x000000008a900000, 0x000000008a900000| Untracked 
| 170|0x000000008aa00000, 0x000000008aa00000, 0x000000008ab00000|  0%| F|  |TAMS 0x000000008aa00000, 0x000000008aa00000| Untracked 
| 171|0x000000008ab00000, 0x000000008ab00000, 0x000000008ac00000|  0%| F|  |TAMS 0x000000008ab00000, 0x000000008ab00000| Untracked 
| 172|0x000000008ac00000, 0x000000008ac00000, 0x000000008ad00000|  0%| F|  |TAMS 0x000000008ac00000, 0x000000008ac00000| Untracked 
| 173|0x000000008ad00000, 0x000000008ad00000, 0x000000008ae00000|  0%| F|  |TAMS 0x000000008ad00000, 0x000000008ad00000| Untracked 
| 174|0x000000008ae00000, 0x000000008ae00000, 0x000000008af00000|  0%| F|  |TAMS 0x000000008ae00000, 0x000000008ae00000| Untracked 
| 175|0x000000008af00000, 0x000000008af00000, 0x000000008b000000|  0%| F|  |TAMS 0x000000008af00000, 0x000000008af00000| Untracked 
| 176|0x000000008b000000, 0x000000008b000000, 0x000000008b100000|  0%| F|  |TAMS 0x000000008b000000, 0x000000008b000000| Untracked 
| 177|0x000000008b100000, 0x000000008b100000, 0x000000008b200000|  0%| F|  |TAMS 0x000000008b100000, 0x000000008b100000| Untracked 
| 178|0x000000008b200000, 0x000000008b200000, 0x000000008b300000|  0%| F|  |TAMS 0x000000008b200000, 0x000000008b200000| Untracked 
| 179|0x000000008b300000, 0x000000008b300000, 0x000000008b400000|  0%| F|  |TAMS 0x000000008b300000, 0x000000008b300000| Untracked 
| 180|0x000000008b400000, 0x000000008b400000, 0x000000008b500000|  0%| F|  |TAMS 0x000000008b400000, 0x000000008b400000| Untracked 
| 181|0x000000008b500000, 0x000000008b500000, 0x000000008b600000|  0%| F|  |TAMS 0x000000008b500000, 0x000000008b500000| Untracked 
| 182|0x000000008b600000, 0x000000008b600000, 0x000000008b700000|  0%| F|  |TAMS 0x000000008b600000, 0x000000008b600000| Untracked 
| 183|0x000000008b700000, 0x000000008b700000, 0x000000008b800000|  0%| F|  |TAMS 0x000000008b700000, 0x000000008b700000| Untracked 
| 184|0x000000008b800000, 0x000000008b800000, 0x000000008b900000|  0%| F|  |TAMS 0x000000008b800000, 0x000000008b800000| Untracked 
| 185|0x000000008b900000, 0x000000008b900000, 0x000000008ba00000|  0%| F|  |TAMS 0x000000008b900000, 0x000000008b900000| Untracked 
| 186|0x000000008ba00000, 0x000000008ba00000, 0x000000008bb00000|  0%| F|  |TAMS 0x000000008ba00000, 0x000000008ba00000| Untracked 
| 187|0x000000008bb00000, 0x000000008bb00000, 0x000000008bc00000|  0%| F|  |TAMS 0x000000008bb00000, 0x000000008bb00000| Untracked 
| 188|0x000000008bc00000, 0x000000008bc00000, 0x000000008bd00000|  0%| F|  |TAMS 0x000000008bc00000, 0x000000008bc00000| Untracked 
| 189|0x000000008bd00000, 0x000000008bd00000, 0x000000008be00000|  0%| F|  |TAMS 0x000000008bd00000, 0x000000008bd00000| Untracked 
| 190|0x000000008be00000, 0x000000008be00000, 0x000000008bf00000|  0%| F|  |TAMS 0x000000008be00000, 0x000000008be00000| Untracked 
| 191|0x000000008bf00000, 0x000000008bf00000, 0x000000008c000000|  0%| F|  |TAMS 0x000000008bf00000, 0x000000008bf00000| Untracked 
| 192|0x000000008c000000, 0x000000008c000000, 0x000000008c100000|  0%| F|  |TAMS 0x000000008c000000, 0x000000008c000000| Untracked 
| 193|0x000000008c100000, 0x000000008c100000, 0x000000008c200000|  0%| F|  |TAMS 0x000000008c100000, 0x000000008c100000| Untracked 
| 194|0x000000008c200000, 0x000000008c200000, 0x000000008c300000|  0%| F|  |TAMS 0x000000008c200000, 0x000000008c200000| Untracked 
| 195|0x000000008c300000, 0x000000008c300000, 0x000000008c400000|  0%| F|  |TAMS 0x000000008c300000, 0x000000008c300000| Untracked 
| 196|0x000000008c400000, 0x000000008c400000, 0x000000008c500000|  0%| F|  |TAMS 0x000000008c400000, 0x000000008c400000| Untracked 
| 197|0x000000008c500000, 0x000000008c500000, 0x000000008c600000|  0%| F|  |TAMS 0x000000008c500000, 0x000000008c500000| Untracked 
| 198|0x000000008c600000, 0x000000008c600000, 0x000000008c700000|  0%| F|  |TAMS 0x000000008c600000, 0x000000008c600000| Untracked 
| 199|0x000000008c700000, 0x000000008c700000, 0x000000008c800000|  0%| F|  |TAMS 0x000000008c700000, 0x000000008c700000| Untracked 
| 200|0x000000008c800000, 0x000000008c800000, 0x000000008c900000|  0%| F|  |TAMS 0x000000008c800000, 0x000000008c800000| Untracked 
| 201|0x000000008c900000, 0x000000008c900000, 0x000000008ca00000|  0%| F|  |TAMS 0x000000008c900000, 0x000000008c900000| Untracked 
| 202|0x000000008ca00000, 0x000000008ca00000, 0x000000008cb00000|  0%| F|  |TAMS 0x000000008ca00000, 0x000000008ca00000| Untracked 
| 203|0x000000008cb00000, 0x000000008cb00000, 0x000000008cc00000|  0%| F|  |TAMS 0x000000008cb00000, 0x000000008cb00000| Untracked 
| 204|0x000000008cc00000, 0x000000008cc00000, 0x000000008cd00000|  0%| F|  |TAMS 0x000000008cc00000, 0x000000008cc00000| Untracked 
| 205|0x000000008cd00000, 0x000000008cd00000, 0x000000008ce00000|  0%| F|  |TAMS 0x000000008cd00000, 0x000000008cd00000| Untracked 
| 206|0x000000008ce00000, 0x000000008ce00000, 0x000000008cf00000|  0%| F|  |TAMS 0x000000008ce00000, 0x000000008ce00000| Untracked 
| 207|0x000000008cf00000, 0x000000008cf00000, 0x000000008d000000|  0%| F|  |TAMS 0x000000008cf00000, 0x000000008cf00000| Untracked 
| 208|0x000000008d000000, 0x000000008d000000, 0x000000008d100000|  0%| F|  |TAMS 0x000000008d000000, 0x000000008d000000| Untracked 
| 209|0x000000008d100000, 0x000000008d100000, 0x000000008d200000|  0%| F|  |TAMS 0x000000008d100000, 0x000000008d100000| Untracked 
| 210|0x000000008d200000, 0x000000008d200000, 0x000000008d300000|  0%| F|  |TAMS 0x000000008d200000, 0x000000008d200000| Untracked 
| 211|0x000000008d300000, 0x000000008d300000, 0x000000008d400000|  0%| F|  |TAMS 0x000000008d300000, 0x000000008d300000| Untracked 
| 212|0x000000008d400000, 0x000000008d400000, 0x000000008d500000|  0%| F|  |TAMS 0x000000008d400000, 0x000000008d400000| Untracked 
| 213|0x000000008d500000, 0x000000008d500000, 0x000000008d600000|  0%| F|  |TAMS 0x000000008d500000, 0x000000008d500000| Untracked 
| 214|0x000000008d600000, 0x000000008d600000, 0x000000008d700000|  0%| F|  |TAMS 0x000000008d600000, 0x000000008d600000| Untracked 
| 215|0x000000008d700000, 0x000000008d700000, 0x000000008d800000|  0%| F|  |TAMS 0x000000008d700000, 0x000000008d700000| Untracked 
| 216|0x000000008d800000, 0x000000008d800000, 0x000000008d900000|  0%| F|  |TAMS 0x000000008d800000, 0x000000008d800000| Untracked 
| 217|0x000000008d900000, 0x000000008d900000, 0x000000008da00000|  0%| F|  |TAMS 0x000000008d900000, 0x000000008d900000| Untracked 
| 218|0x000000008da00000, 0x000000008da00000, 0x000000008db00000|  0%| F|  |TAMS 0x000000008da00000, 0x000000008da00000| Untracked 
| 219|0x000000008db00000, 0x000000008db00000, 0x000000008dc00000|  0%| F|  |TAMS 0x000000008db00000, 0x000000008db00000| Untracked 
| 220|0x000000008dc00000, 0x000000008dc00000, 0x000000008dd00000|  0%| F|  |TAMS 0x000000008dc00000, 0x000000008dc00000| Untracked 
| 221|0x000000008dd00000, 0x000000008dd00000, 0x000000008de00000|  0%| F|  |TAMS 0x000000008dd00000, 0x000000008dd00000| Untracked 
| 222|0x000000008de00000, 0x000000008de00000, 0x000000008df00000|  0%| F|  |TAMS 0x000000008de00000, 0x000000008de00000| Untracked 
| 223|0x000000008df00000, 0x000000008df00000, 0x000000008e000000|  0%| F|  |TAMS 0x000000008df00000, 0x000000008df00000| Untracked 
| 224|0x000000008e000000, 0x000000008e000000, 0x000000008e100000|  0%| F|  |TAMS 0x000000008e000000, 0x000000008e000000| Untracked 
| 225|0x000000008e100000, 0x000000008e100000, 0x000000008e200000|  0%| F|  |TAMS 0x000000008e100000, 0x000000008e100000| Untracked 
| 226|0x000000008e200000, 0x000000008e200000, 0x000000008e300000|  0%| F|  |TAMS 0x000000008e200000, 0x000000008e200000| Untracked 
| 227|0x000000008e300000, 0x000000008e300000, 0x000000008e400000|  0%| F|  |TAMS 0x000000008e300000, 0x000000008e300000| Untracked 
| 228|0x000000008e400000, 0x000000008e400000, 0x000000008e500000|  0%| F|  |TAMS 0x000000008e400000, 0x000000008e400000| Untracked 
| 229|0x000000008e500000, 0x000000008e500000, 0x000000008e600000|  0%| F|  |TAMS 0x000000008e500000, 0x000000008e500000| Untracked 
| 230|0x000000008e600000, 0x000000008e600000, 0x000000008e700000|  0%| F|  |TAMS 0x000000008e600000, 0x000000008e600000| Untracked 
| 231|0x000000008e700000, 0x000000008e700000, 0x000000008e800000|  0%| F|  |TAMS 0x000000008e700000, 0x000000008e700000| Untracked 
| 232|0x000000008e800000, 0x000000008e800000, 0x000000008e900000|  0%| F|  |TAMS 0x000000008e800000, 0x000000008e800000| Untracked 
| 233|0x000000008e900000, 0x000000008e900000, 0x000000008ea00000|  0%| F|  |TAMS 0x000000008e900000, 0x000000008e900000| Untracked 
| 234|0x000000008ea00000, 0x000000008ea00000, 0x000000008eb00000|  0%| F|  |TAMS 0x000000008ea00000, 0x000000008ea00000| Untracked 
| 235|0x000000008eb00000, 0x000000008eb00000, 0x000000008ec00000|  0%| F|  |TAMS 0x000000008eb00000, 0x000000008eb00000| Untracked 
| 236|0x000000008ec00000, 0x000000008ec00000, 0x000000008ed00000|  0%| F|  |TAMS 0x000000008ec00000, 0x000000008ec00000| Untracked 
| 237|0x000000008ed00000, 0x000000008ed00000, 0x000000008ee00000|  0%| F|  |TAMS 0x000000008ed00000, 0x000000008ed00000| Untracked 
| 238|0x000000008ee00000, 0x000000008ee00000, 0x000000008ef00000|  0%| F|  |TAMS 0x000000008ee00000, 0x000000008ee00000| Untracked 
| 239|0x000000008ef00000, 0x000000008ef00000, 0x000000008f000000|  0%| F|  |TAMS 0x000000008ef00000, 0x000000008ef00000| Untracked 
| 240|0x000000008f000000, 0x000000008f02b0c0, 0x000000008f100000| 16%| E|  |TAMS 0x000000008f000000, 0x000000008f000000| Complete 
| 241|0x000000008f100000, 0x000000008f131c60, 0x000000008f200000| 19%| S|CS|TAMS 0x000000008f100000, 0x000000008f100000| Complete 
| 242|0x000000008f200000, 0x000000008f300000, 0x000000008f300000|100%| S|CS|TAMS 0x000000008f200000, 0x000000008f200000| Complete 
| 243|0x000000008f300000, 0x000000008f400000, 0x000000008f400000|100%| E|CS|TAMS 0x000000008f300000, 0x000000008f300000| Complete 
| 244|0x000000008f400000, 0x000000008f500000, 0x000000008f500000|100%| E|CS|TAMS 0x000000008f400000, 0x000000008f400000| Complete 

Card table byte_map: [0x0000027a46240000,0x0000027a46640000] _byte_map_base: 0x0000027a45e40000

Marking Bits (Prev, Next): (CMBitMap*) 0x0000027a2f233410, (CMBitMap*) 0x0000027a2f2333d0
 Prev Bits: [0x0000027a48a40000, 0x0000027a4aa40000)
 Next Bits: [0x0000027a46a40000, 0x0000027a48a40000)

Polling page: 0x0000027a2d1d0000

Metaspace:

Usage:
  Non-class:     68.06 MB used.
      Class:     10.72 MB used.
       Both:     78.78 MB used.

Virtual space:
  Non-class space:      128.00 MB reserved,      68.94 MB ( 54%) committed,  2 nodes.
      Class space:        1.00 GB reserved,      11.62 MB (  1%) committed,  1 nodes.
             Both:        1.12 GB reserved,      80.56 MB (  7%) committed. 

Chunk freelists:
   Non-Class:  2.94 MB
       Class:  336.00 KB
        Both:  3.27 MB

MaxMetaspaceSize: unlimited
CompressedClassSpaceSize: 1.00 GB
Initial GC threshold: 21.00 MB
Current GC threshold: 127.19 MB
CDS: on
MetaspaceReclaimPolicy: balanced
 - commit_granule_bytes: 65536.
 - commit_granule_words: 8192.
 - virtual_space_node_default_size: 8388608.
 - enlarge_chunks_in_place: 1.
 - new_chunks_are_fully_committed: 0.
 - uncommit_free_chunks: 1.
 - use_allocation_guard: 0.


Internal statistics:

num_allocs_failed_limit: 6.
num_arena_births: 3252.
num_arena_deaths: 14.
num_vsnodes_births: 3.
num_vsnodes_deaths: 0.
num_space_committed: 1289.
num_space_uncommitted: 0.
num_chunks_returned_to_freelist: 27.
num_chunks_taken_from_freelist: 6845.
num_chunk_merges: 15.
num_chunk_splits: 4517.
num_chunks_enlarged: 2868.
num_inconsistent_stats: 0.

CodeHeap 'non-profiled nmethods': size=120000Kb used=5669Kb max_used=5669Kb free=114330Kb
 bounds [0x0000027a3e5e0000, 0x0000027a3eb70000, 0x0000027a45b10000]
CodeHeap 'profiled nmethods': size=120000Kb used=18816Kb max_used=18816Kb free=101183Kb
 bounds [0x0000027a370b0000, 0x0000027a38320000, 0x0000027a3e5e0000]
CodeHeap 'non-nmethods': size=5760Kb used=2402Kb max_used=2465Kb free=3357Kb
 bounds [0x0000027a36b10000, 0x0000027a36d90000, 0x0000027a370b0000]
 total_blobs=10669 nmethods=9760 adapters=821
 compilation: enabled
              stopped_count=0, restarted_count=0
 full_count=0

Compilation events (20 events):
Event: 9.692 Thread 0x0000027a4d42f200 nmethod 11299 0x0000027a382df590 code [0x0000027a382df740, 0x0000027a382df908]
Event: 9.692 Thread 0x0000027a4d42f200 11310       1       kotlin.reflect.jvm.internal.impl.serialization.deserialization.DeserializationComponents::getModuleDescriptor (5 bytes)
Event: 9.692 Thread 0x0000027a4d42f200 nmethod 11310 0x0000027a3eb62f90 code [0x0000027a3eb63120, 0x0000027a3eb631f8]
Event: 9.692 Thread 0x0000027a4d42f200 11319   !   3       jdk.proxy1.$Proxy4::pn (29 bytes)
Event: 9.692 Thread 0x0000027a4d42f200 nmethod 11319 0x0000027a382dfa10 code [0x0000027a382dfbe0, 0x0000027a382dffd8]
Event: 9.692 Thread 0x0000027a4d42f200 11320       3       kotlin.reflect.jvm.internal.impl.protobuf.ExtensionRegistryLite$ObjectIntPair::<init> (15 bytes)
Event: 9.693 Thread 0x0000027a4d42f200 nmethod 11320 0x0000027a382e0190 code [0x0000027a382e0320, 0x0000027a382e04d8]
Event: 9.693 Thread 0x0000027a4d42f200 11321       3       kotlin.reflect.jvm.internal.impl.protobuf.ExtensionRegistryLite$ObjectIntPair::hashCode (16 bytes)
Event: 9.693 Thread 0x0000027a4d42f200 nmethod 11321 0x0000027a382e0590 code [0x0000027a382e0720, 0x0000027a382e0868]
Event: 9.693 Thread 0x0000027a4d42f200 11322       3       kotlin.reflect.jvm.internal.impl.protobuf.SmallSortedMap::getArrayEntryAt (14 bytes)
Event: 9.693 Thread 0x0000027a4d42f200 nmethod 11322 0x0000027a382e0910 code [0x0000027a382e0ac0, 0x0000027a382e0da8]
Event: 9.693 Thread 0x0000027a4d42f200 11324       3       kotlin.reflect.jvm.internal.impl.storage.LockBasedStorageManager::createMemoizedFunctionWithNullableValues (27 bytes)
Event: 9.693 Thread 0x0000027a4d42f200 nmethod 11324 0x0000027a382e0e90 code [0x0000027a382e1060, 0x0000027a382e1338]
Event: 9.693 Thread 0x0000027a4d42f200 11326       3       kotlin.reflect.jvm.internal.impl.name.FqNameUnsafe::parent (56 bytes)
Event: 9.693 Thread 0x0000027a4d42f200 nmethod 11326 0x0000027a382e1490 code [0x0000027a382e1680, 0x0000027a382e1b78]
Event: 9.693 Thread 0x0000027a4d42f200 11323       3       kotlin.reflect.jvm.internal.impl.storage.StorageKt::getValue (19 bytes)
Event: 9.694 Thread 0x0000027a4d42f200 nmethod 11323 0x0000027a382e1d10 code [0x0000027a382e1fa0, 0x0000027a382e2a88]
Event: 9.694 Thread 0x0000027a4d42f200 11329       3       kotlin.reflect.jvm.internal.impl.name.FqNameUnsafe::topLevel (28 bytes)
Event: 9.695 Thread 0x0000027a4d42f200 nmethod 11329 0x0000027a382e2e90 code [0x0000027a382e30a0, 0x0000027a382e3678]
Event: 9.695 Thread 0x0000027a4d42f200 11327       3       kotlin.reflect.jvm.internal.impl.descriptors.runtime.structure.ReflectClassUtilKt::getClassId (195 bytes)

GC Heap History (20 events):
Event: 6.850 GC heap before
{Heap before GC invocations=21 (full 0):
 garbage-first heap   total 121856K, used 95170K [0x0000000080000000, 0x0000000100000000)
  region size 1024K, 40 young (40960K), 3 survivors (3072K)
 Metaspace       used 63764K, committed 65536K, reserved 1114112K
  class space    used 8695K, committed 9600K, reserved 1048576K
}
Event: 6.853 GC heap after
{Heap after GC invocations=22 (full 0):
 garbage-first heap   total 121856K, used 60477K [0x0000000080000000, 0x0000000100000000)
  region size 1024K, 5 young (5120K), 5 survivors (5120K)
 Metaspace       used 63764K, committed 65536K, reserved 1114112K
  class space    used 8695K, committed 9600K, reserved 1048576K
}
Event: 7.180 GC heap before
{Heap before GC invocations=22 (full 0):
 garbage-first heap   total 121856K, used 97341K [0x0000000080000000, 0x0000000100000000)
  region size 1024K, 41 young (41984K), 5 survivors (5120K)
 Metaspace       used 65445K, committed 67200K, reserved 1114112K
  class space    used 8952K, committed 9856K, reserved 1048576K
}
Event: 7.185 GC heap after
{Heap after GC invocations=23 (full 0):
 garbage-first heap   total 121856K, used 64150K [0x0000000080000000, 0x0000000100000000)
  region size 1024K, 6 young (6144K), 6 survivors (6144K)
 Metaspace       used 65445K, committed 67200K, reserved 1114112K
  class space    used 8952K, committed 9856K, reserved 1048576K
}
Event: 7.545 GC heap before
{Heap before GC invocations=24 (full 0):
 garbage-first heap   total 121856K, used 97942K [0x0000000080000000, 0x0000000100000000)
  region size 1024K, 39 young (39936K), 6 survivors (6144K)
 Metaspace       used 68716K, committed 70400K, reserved 1114112K
  class space    used 9443K, committed 10304K, reserved 1048576K
}
Event: 7.551 GC heap after
{Heap after GC invocations=25 (full 0):
 garbage-first heap   total 121856K, used 66566K [0x0000000080000000, 0x0000000100000000)
  region size 1024K, 3 young (3072K), 3 survivors (3072K)
 Metaspace       used 68716K, committed 70400K, reserved 1114112K
  class space    used 9443K, committed 10304K, reserved 1048576K
}
Event: 7.962 GC heap before
{Heap before GC invocations=25 (full 0):
 garbage-first heap   total 121856K, used 98310K [0x0000000080000000, 0x0000000100000000)
  region size 1024K, 35 young (35840K), 3 survivors (3072K)
 Metaspace       used 72164K, committed 73920K, reserved 1114112K
  class space    used 9862K, committed 10752K, reserved 1048576K
}
Event: 7.967 GC heap after
{Heap after GC invocations=26 (full 0):
 garbage-first heap   total 121856K, used 70701K [0x0000000080000000, 0x0000000100000000)
  region size 1024K, 5 young (5120K), 5 survivors (5120K)
 Metaspace       used 72164K, committed 73920K, reserved 1114112K
  class space    used 9862K, committed 10752K, reserved 1048576K
}
Event: 8.352 GC heap before
{Heap before GC invocations=27 (full 0):
 garbage-first heap   total 128000K, used 98349K [0x0000000080000000, 0x0000000100000000)
  region size 1024K, 32 young (32768K), 5 survivors (5120K)
 Metaspace       used 75068K, committed 76928K, reserved 1179648K
  class space    used 10260K, committed 11200K, reserved 1048576K
}
Event: 8.358 GC heap after
{Heap after GC invocations=28 (full 0):
 garbage-first heap   total 128000K, used 74478K [0x0000000080000000, 0x0000000100000000)
  region size 1024K, 4 young (4096K), 4 survivors (4096K)
 Metaspace       used 75068K, committed 76928K, reserved 1179648K
  class space    used 10260K, committed 11200K, reserved 1048576K
}
Event: 8.524 GC heap before
{Heap before GC invocations=28 (full 0):
 garbage-first heap   total 128000K, used 102126K [0x0000000080000000, 0x0000000100000000)
  region size 1024K, 32 young (32768K), 4 survivors (4096K)
 Metaspace       used 75579K, committed 77376K, reserved 1179648K
  class space    used 10371K, committed 11264K, reserved 1048576K
}
Event: 8.528 GC heap after
{Heap after GC invocations=29 (full 0):
 garbage-first heap   total 128000K, used 76749K [0x0000000080000000, 0x0000000100000000)
  region size 1024K, 3 young (3072K), 3 survivors (3072K)
 Metaspace       used 75579K, committed 77376K, reserved 1179648K
  class space    used 10371K, committed 11264K, reserved 1048576K
}
Event: 8.715 GC heap before
{Heap before GC invocations=30 (full 0):
 garbage-first heap   total 150528K, used 102349K [0x0000000080000000, 0x0000000100000000)
  region size 1024K, 29 young (29696K), 3 survivors (3072K)
 Metaspace       used 75752K, committed 77504K, reserved 1179648K
  class space    used 10376K, committed 11264K, reserved 1048576K
}
Event: 8.718 GC heap after
{Heap after GC invocations=31 (full 0):
 garbage-first heap   total 150528K, used 78523K [0x0000000080000000, 0x0000000100000000)
  region size 1024K, 4 young (4096K), 4 survivors (4096K)
 Metaspace       used 75752K, committed 77504K, reserved 1179648K
  class space    used 10376K, committed 11264K, reserved 1048576K
}
Event: 8.733 GC heap before
{Heap before GC invocations=31 (full 0):
 garbage-first heap   total 150528K, used 80571K [0x0000000080000000, 0x0000000100000000)
  region size 1024K, 7 young (7168K), 4 survivors (4096K)
 Metaspace       used 75779K, committed 77568K, reserved 1179648K
  class space    used 10379K, committed 11264K, reserved 1048576K
}
Event: 8.736 GC heap after
{Heap after GC invocations=32 (full 0):
 garbage-first heap   total 150528K, used 79225K [0x0000000080000000, 0x0000000100000000)
  region size 1024K, 1 young (1024K), 1 survivors (1024K)
 Metaspace       used 75779K, committed 77568K, reserved 1179648K
  class space    used 10379K, committed 11264K, reserved 1048576K
}
Event: 8.982 GC heap before
{Heap before GC invocations=32 (full 0):
 garbage-first heap   total 150528K, used 119161K [0x0000000080000000, 0x0000000100000000)
  region size 1024K, 41 young (41984K), 1 survivors (1024K)
 Metaspace       used 76225K, committed 78080K, reserved 1179648K
  class space    used 10419K, committed 11328K, reserved 1048576K
}
Event: 8.987 GC heap after
{Heap after GC invocations=33 (full 0):
 garbage-first heap   total 250880K, used 81703K [0x0000000080000000, 0x0000000100000000)
  region size 1024K, 4 young (4096K), 4 survivors (4096K)
 Metaspace       used 76225K, committed 78080K, reserved 1179648K
  class space    used 10419K, committed 11328K, reserved 1048576K
}
Event: 9.678 GC heap before
{Heap before GC invocations=34 (full 0):
 garbage-first heap   total 250880K, used 184103K [0x0000000080000000, 0x0000000100000000)
  region size 1024K, 105 young (107520K), 4 survivors (4096K)
 Metaspace       used 80549K, committed 82432K, reserved 1179648K
  class space    used 10961K, committed 11904K, reserved 1048576K
}
Event: 9.685 GC heap after
{Heap after GC invocations=35 (full 0):
 garbage-first heap   total 250880K, used 88450K [0x0000000080000000, 0x0000000100000000)
  region size 1024K, 10 young (10240K), 10 survivors (10240K)
 Metaspace       used 80549K, committed 82432K, reserved 1179648K
  class space    used 10961K, committed 11904K, reserved 1048576K
}

Deoptimization events (20 events):
Event: 9.303 Thread 0x0000027a57855a70 Uncommon trap: trap_request=0xffffff45 fr.pc=0x0000027a3e6aa060 relative=0x00000000000005a0
Event: 9.303 Thread 0x0000027a57855a70 Uncommon trap: reason=unstable_if action=reinterpret pc=0x0000027a3e6aa060 method=java.lang.String.regionMatches(ZILjava/lang/String;II)Z @ 1 c2
Event: 9.303 Thread 0x0000027a57855a70 DEOPT PACKING pc=0x0000027a3e6aa060 sp=0x000000acf3ffadf0
Event: 9.303 Thread 0x0000027a57855a70 DEOPT UNPACKING pc=0x0000027a36b65c23 sp=0x000000acf3ffad98 mode 2
Event: 9.399 Thread 0x0000027a554960b0 DEOPT PACKING pc=0x0000027a378b11ea sp=0x000000acf41fa1b0
Event: 9.399 Thread 0x0000027a554960b0 DEOPT UNPACKING pc=0x0000027a36b66763 sp=0x000000acf41f96c0 mode 0
Event: 9.417 Thread 0x0000027a57855a70 Uncommon trap: trap_request=0xffffffd6 fr.pc=0x0000027a3e666c30 relative=0x0000000000000a10
Event: 9.417 Thread 0x0000027a57855a70 Uncommon trap: reason=array_check action=maybe_recompile pc=0x0000027a3e666c30 method=com.google.common.collect.RegularImmutableMap.fromEntryArray(I[Ljava/util/Map$Entry;)Lcom/google/common/collect/ImmutableMap; @ 157 c2
Event: 9.417 Thread 0x0000027a57855a70 DEOPT PACKING pc=0x0000027a3e666c30 sp=0x000000acf3ffa0a0
Event: 9.417 Thread 0x0000027a57855a70 DEOPT UNPACKING pc=0x0000027a36b65c23 sp=0x000000acf3ffa040 mode 2
Event: 9.418 Thread 0x0000027a57855a70 Uncommon trap: trap_request=0xffffffde fr.pc=0x0000027a3eb22264 relative=0x00000000000014a4
Event: 9.418 Thread 0x0000027a57855a70 Uncommon trap: reason=class_check action=maybe_recompile pc=0x0000027a3eb22264 method=org.gradle.internal.snapshot.impl.DefaultValueSnapshotter.processValue(Ljava/lang/Object;Lorg/gradle/internal/snapshot/impl/DefaultValueSnapshotter$ValueVisitor;)Ljava/l
Event: 9.418 Thread 0x0000027a57855a70 DEOPT PACKING pc=0x0000027a3eb22264 sp=0x000000acf3ffa700
Event: 9.418 Thread 0x0000027a57855a70 DEOPT UNPACKING pc=0x0000027a36b65c23 sp=0x000000acf3ffa6d0 mode 2
Event: 9.493 Thread 0x0000027a57855a70 Uncommon trap: trap_request=0xffffffd6 fr.pc=0x0000027a3e666c30 relative=0x0000000000000a10
Event: 9.493 Thread 0x0000027a57855a70 Uncommon trap: reason=array_check action=maybe_recompile pc=0x0000027a3e666c30 method=com.google.common.collect.RegularImmutableMap.fromEntryArray(I[Ljava/util/Map$Entry;)Lcom/google/common/collect/ImmutableMap; @ 157 c2
Event: 9.493 Thread 0x0000027a57855a70 DEOPT PACKING pc=0x0000027a3e666c30 sp=0x000000acf3ffb990
Event: 9.494 Thread 0x0000027a57855a70 DEOPT UNPACKING pc=0x0000027a36b65c23 sp=0x000000acf3ffb930 mode 2
Event: 9.675 Thread 0x0000027a554960b0 DEOPT PACKING pc=0x0000027a378b11c9 sp=0x000000acf41fc8b0
Event: 9.675 Thread 0x0000027a554960b0 DEOPT UNPACKING pc=0x0000027a36b66763 sp=0x000000acf41fbdc0 mode 0

Classes loaded (20 events):
Event: 8.126 Loading class java/time/Instant$1
Event: 8.127 Loading class java/time/Instant$1 done
Event: 8.166 Loading class java/util/stream/ReduceOps$6
Event: 8.166 Loading class java/util/stream/ReduceOps$6 done
Event: 8.167 Loading class java/util/stream/ReduceOps$5ReducingSink
Event: 8.167 Loading class java/util/stream/ReduceOps$5ReducingSink done
Event: 8.185 Loading class com/sun/org/apache/xerces/internal/util/URI
Event: 8.186 Loading class com/sun/org/apache/xerces/internal/util/URI done
Event: 8.186 Loading class java/net/HttpURLConnection
Event: 8.186 Loading class java/net/HttpURLConnection done
Event: 8.187 Loading class sun/net/ProgressMonitor
Event: 8.187 Loading class sun/net/ProgressMonitor done
Event: 8.187 Loading class sun/net/DefaultProgressMeteringPolicy
Event: 8.187 Loading class sun/net/ProgressMeteringPolicy
Event: 8.187 Loading class sun/net/ProgressMeteringPolicy done
Event: 8.187 Loading class sun/net/DefaultProgressMeteringPolicy done
Event: 8.725 Loading class java/util/stream/SortedOps$SizedRefSortingSink
Event: 8.725 Loading class java/util/stream/SortedOps$SizedRefSortingSink done
Event: 9.193 Loading class java/nio/file/FileTreeWalker$1
Event: 9.193 Loading class java/nio/file/FileTreeWalker$1 done

Classes unloaded (7 events):
Event: 9.067 Thread 0x0000027a2f24c9d0 Unloading class 0x00000008016fdc00 'java/lang/invoke/LambdaForm$DMH+0x00000008016fdc00'
Event: 9.067 Thread 0x0000027a2f24c9d0 Unloading class 0x00000008016fd800 'java/lang/invoke/LambdaForm$DMH+0x00000008016fd800'
Event: 9.067 Thread 0x0000027a2f24c9d0 Unloading class 0x00000008016fd400 'java/lang/invoke/LambdaForm$DMH+0x00000008016fd400'
Event: 9.067 Thread 0x0000027a2f24c9d0 Unloading class 0x00000008016fd000 'java/lang/invoke/LambdaForm$DMH+0x00000008016fd000'
Event: 9.067 Thread 0x0000027a2f24c9d0 Unloading class 0x00000008016fc800 'java/lang/invoke/LambdaForm$DMH+0x00000008016fc800'
Event: 9.067 Thread 0x0000027a2f24c9d0 Unloading class 0x00000008016fcc00 'java/lang/invoke/LambdaForm$DMH+0x00000008016fcc00'
Event: 9.067 Thread 0x0000027a2f24c9d0 Unloading class 0x00000008016fc000 'java/lang/invoke/LambdaForm$DMH+0x00000008016fc000'

Classes redefined (0 events):
No events

Internal exceptions (20 events):
Event: 8.913 Thread 0x0000027a533f0600 Exception <a 'java/lang/NoSuchMethodError'{0x0000000087beaa08}: static Lcom/android/build/gradle/internal/scope/InternalArtifactType;.<clinit>()V> (0x0000000087beaa08) 
thrown [s\open\src\hotspot\share\prims\jni.cpp, line 1104]
Event: 8.913 Thread 0x0000027a533f0600 Exception <a 'java/lang/NoSuchMethodError'{0x0000000087bee020}: static Lcom/android/build/api/artifact/Artifact$Single;.<clinit>()V> (0x0000000087bee020) 
thrown [s\open\src\hotspot\share\prims\jni.cpp, line 1104]
Event: 8.913 Thread 0x0000027a533f0600 Exception <a 'java/lang/NoSuchMethodError'{0x0000000087bf1018}: static Ljava/lang/Object;.<clinit>()V> (0x0000000087bf1018) 
thrown [s\open\src\hotspot\share\prims\jni.cpp, line 1104]
Event: 8.914 Thread 0x0000027a533f0600 Exception <a 'java/lang/NoSuchMethodError'{0x0000000087a15a90}: static Lcom/android/build/api/artifact/ArtifactKind;.<clinit>()V> (0x0000000087a15a90) 
thrown [s\open\src\hotspot\share\prims\jni.cpp, line 1104]
Event: 8.914 Thread 0x0000027a533f0600 Exception <a 'java/lang/NoSuchMethodError'{0x0000000087a176f0}: static Lcom/android/build/api/artifact/ArtifactKind;.<clinit>()V> (0x0000000087a176f0) 
thrown [s\open\src\hotspot\share\prims\jni.cpp, line 1104]
Event: 8.925 Thread 0x0000027a533f0600 Implicit null exception at 0x0000027a3e8949f5 to 0x0000027a3e895338
Event: 9.157 Thread 0x0000027a533f0600 Exception <a 'sun/nio/fs/WindowsException'{0x000000008e520580}> (0x000000008e520580) 
thrown [s\open\src\hotspot\share\prims\jni.cpp, line 516]
Event: 9.157 Thread 0x0000027a533f0600 Exception <a 'sun/nio/fs/WindowsException'{0x000000008e521bf0}> (0x000000008e521bf0) 
thrown [s\open\src\hotspot\share\prims\jni.cpp, line 516]
Event: 9.158 Thread 0x0000027a533f0600 Exception <a 'sun/nio/fs/WindowsException'{0x000000008e521fb0}> (0x000000008e521fb0) 
thrown [s\open\src\hotspot\share\prims\jni.cpp, line 516]
Event: 9.158 Thread 0x0000027a533f0600 Exception <a 'sun/nio/fs/WindowsException'{0x000000008e523608}> (0x000000008e523608) 
thrown [s\open\src\hotspot\share\prims\jni.cpp, line 516]
Event: 9.158 Thread 0x0000027a533f0600 Exception <a 'sun/nio/fs/WindowsException'{0x000000008e5238d0}> (0x000000008e5238d0) 
thrown [s\open\src\hotspot\share\prims\jni.cpp, line 516]
Event: 9.158 Thread 0x0000027a533f0600 Exception <a 'sun/nio/fs/WindowsException'{0x000000008e524f40}> (0x000000008e524f40) 
thrown [s\open\src\hotspot\share\prims\jni.cpp, line 516]
Event: 9.158 Thread 0x0000027a533f0600 Exception <a 'sun/nio/fs/WindowsException'{0x000000008e5251a8}> (0x000000008e5251a8) 
thrown [s\open\src\hotspot\share\prims\jni.cpp, line 516]
Event: 9.158 Thread 0x0000027a533f0600 Exception <a 'sun/nio/fs/WindowsException'{0x000000008e5267e8}> (0x000000008e5267e8) 
thrown [s\open\src\hotspot\share\prims\jni.cpp, line 516]
Event: 9.169 Thread 0x0000027a533f0600 Exception <a 'java/lang/NoSuchMethodError'{0x000000008e4851b8}: static Lcom/android/builder/internal/aapt/AaptOptions;.<clinit>()V> (0x000000008e4851b8) 
thrown [s\open\src\hotspot\share\prims\jni.cpp, line 1104]
Event: 9.172 Thread 0x0000027a533f0600 Exception <a 'java/lang/NoSuchMethodError'{0x000000008e4cefd8}: static [Ljava/lang/Object;.<clinit>()V> (0x000000008e4cefd8) 
thrown [s\open\src\hotspot\share\prims\jni.cpp, line 1104]
Event: 9.173 Thread 0x0000027a533f0600 Exception <a 'java/lang/NoSuchMethodError'{0x000000008e4e62f8}: static Ljava/lang/Object;.<clinit>()V> (0x000000008e4e62f8) 
thrown [s\open\src\hotspot\share\prims\jni.cpp, line 1104]
Event: 9.174 Thread 0x0000027a533f0600 Exception <a 'java/lang/NoSuchMethodError'{0x000000008e3103c8}: static Lcom/android/build/api/variant/impl/VariantOutputImpl$SerializedForm;.<clinit>()V> (0x000000008e3103c8) 
thrown [s\open\src\hotspot\share\prims\jni.cpp, line 1104]
Event: 9.175 Thread 0x0000027a533f0600 Exception <a 'java/lang/NoSuchMethodError'{0x000000008e3291f8}: static Lcom/android/build/api/variant/impl/VariantOutputConfigurationImpl;.<clinit>()V> (0x000000008e3291f8) 
thrown [s\open\src\hotspot\share\prims\jni.cpp, line 1104]
Event: 9.301 Thread 0x0000027a57855a70 Exception <a 'java/lang/NoSuchMethodError'{0x000000008cb62990}: 'int java.lang.invoke.DirectMethodHandle$Holder.invokeSpecial(java.lang.Object, java.lang.Object, java.lang.Object, java.lang.Object, java.lang.Object)'> (0x000000008cb62990) 
thrown [s\open\src\hotspot\share\interpreter\linkResolver.cpp, line 766]

VM Operations (20 events):
Event: 8.982 Executing VM operation: G1CollectForAllocation
Event: 8.989 Executing VM operation: G1CollectForAllocation done
Event: 9.066 Executing VM operation: G1Concurrent
Event: 9.074 Executing VM operation: G1Concurrent done
Event: 9.107 Executing VM operation: G1Concurrent
Event: 9.107 Executing VM operation: G1Concurrent done
Event: 9.179 Executing VM operation: HandshakeAllThreads
Event: 9.179 Executing VM operation: HandshakeAllThreads done
Event: 9.186 Executing VM operation: HandshakeAllThreads
Event: 9.187 Executing VM operation: HandshakeAllThreads done
Event: 9.188 Executing VM operation: HandshakeAllThreads
Event: 9.188 Executing VM operation: HandshakeAllThreads done
Event: 9.274 Executing VM operation: ICBufferFull
Event: 9.275 Executing VM operation: ICBufferFull done
Event: 9.298 Executing VM operation: HandshakeAllThreads
Event: 9.298 Executing VM operation: HandshakeAllThreads done
Event: 9.468 Executing VM operation: ICBufferFull
Event: 9.469 Executing VM operation: ICBufferFull done
Event: 9.678 Executing VM operation: G1CollectForAllocation
Event: 9.685 Executing VM operation: G1CollectForAllocation done

Events (20 events):
Event: 8.747 Thread 0x0000027a4d42f700 flushing nmethod 0x0000027a38057d10
Event: 8.747 Thread 0x0000027a4d42f700 flushing nmethod 0x0000027a380cf310
Event: 8.747 Thread 0x0000027a4d42f700 flushing nmethod 0x0000027a380dce90
Event: 8.747 Thread 0x0000027a4d42f700 flushing nmethod 0x0000027a380dde10
Event: 8.747 Thread 0x0000027a4d42f700 flushing nmethod 0x0000027a380e6190
Event: 8.747 Thread 0x0000027a4d42f700 flushing nmethod 0x0000027a380e7190
Event: 8.747 Thread 0x0000027a4d42f700 flushing nmethod 0x0000027a380eab90
Event: 8.747 Thread 0x0000027a4d42f700 flushing nmethod 0x0000027a380ed210
Event: 8.747 Thread 0x0000027a4d42f700 flushing nmethod 0x0000027a380edd90
Event: 8.747 Thread 0x0000027a4d42f700 flushing nmethod 0x0000027a380ee310
Event: 8.747 Thread 0x0000027a4d42f700 flushing nmethod 0x0000027a380f2610
Event: 8.748 Thread 0x0000027a4d42f700 flushing nmethod 0x0000027a38101990
Event: 8.748 Thread 0x0000027a4d42f700 flushing nmethod 0x0000027a38103290
Event: 8.748 Thread 0x0000027a4d42f700 flushing nmethod 0x0000027a38105510
Event: 8.748 Thread 0x0000027a4d42f700 flushing nmethod 0x0000027a38107490
Event: 8.748 Thread 0x0000027a4d42f700 flushing nmethod 0x0000027a38109110
Event: 8.748 Thread 0x0000027a4d42f700 flushing nmethod 0x0000027a3814c610
Event: 8.748 Thread 0x0000027a4d42f700 flushing nmethod 0x0000027a3815e910
Event: 8.748 Thread 0x0000027a4d42f700 flushing nmethod 0x0000027a381f1f10
Event: 9.180 Thread 0x0000027a554960b0 Thread added: 0x0000027a554960b0


Dynamic libraries:
0x00007ff789880000 - 0x00007ff789890000 	C:\Program Files\Java\jdk-18.0.1.1\bin\java.exe
0x00007fff42a90000 - 0x00007fff42c87000 	C:\Windows\SYSTEM32\ntdll.dll
0x00007fff41590000 - 0x00007fff4164d000 	C:\Windows\System32\KERNEL32.DLL
0x00007fff40380000 - 0x00007fff4064d000 	C:\Windows\System32\KERNELBASE.dll
0x00007fff40250000 - 0x00007fff40350000 	C:\Windows\System32\ucrtbase.dll
0x00007fff36500000 - 0x00007fff36518000 	C:\Program Files\Java\jdk-18.0.1.1\bin\jli.dll
0x00007fff35550000 - 0x00007fff3556a000 	C:\Program Files\Java\jdk-18.0.1.1\bin\VCRUNTIME140.dll
0x00007fff42080000 - 0x00007fff4212e000 	C:\Windows\System32\ADVAPI32.dll
0x00007fff41780000 - 0x00007fff4181e000 	C:\Windows\System32\msvcrt.dll
0x00007fff416b0000 - 0x00007fff4174c000 	C:\Windows\System32\sechost.dll
0x00007fff41e70000 - 0x00007fff41f95000 	C:\Windows\System32\RPCRT4.dll
0x00007fff413f0000 - 0x00007fff41590000 	C:\Windows\System32\USER32.dll
0x00007fff40220000 - 0x00007fff40242000 	C:\Windows\System32\win32u.dll
0x00007fff42130000 - 0x00007fff4215a000 	C:\Windows\System32\GDI32.dll
0x00007fff40930000 - 0x00007fff40a3b000 	C:\Windows\System32\gdi32full.dll
0x00007fff261b0000 - 0x00007fff2644a000 	C:\Windows\WinSxS\amd64_microsoft.windows.common-controls_6595b64144ccf1df_6.0.19041.1110_none_60b5254171f9507e\COMCTL32.dll
0x00007fff40890000 - 0x00007fff4092d000 	C:\Windows\System32\msvcp_win.dll
0x00007fff2e5c0000 - 0x00007fff2e5ca000 	C:\Windows\SYSTEM32\VERSION.dll
0x00007fff41750000 - 0x00007fff41780000 	C:\Windows\System32\IMM32.DLL
0x00007fff37e80000 - 0x00007fff37e8c000 	C:\Program Files\Java\jdk-18.0.1.1\bin\vcruntime140_1.dll
0x00007fff23f30000 - 0x00007fff23fbd000 	C:\Program Files\Java\jdk-18.0.1.1\bin\msvcp140.dll
0x00007ffee8db0000 - 0x00007ffee99c0000 	C:\Program Files\Java\jdk-18.0.1.1\bin\server\jvm.dll
0x00007fff427a0000 - 0x00007fff427a8000 	C:\Windows\System32\PSAPI.DLL
0x00007fff13c30000 - 0x00007fff13c39000 	C:\Windows\SYSTEM32\WSOCK32.dll
0x00007fff254f0000 - 0x00007fff25517000 	C:\Windows\SYSTEM32\WINMM.dll
0x00007fff42810000 - 0x00007fff4287b000 	C:\Windows\System32\WS2_32.dll
0x00007fff3e9f0000 - 0x00007fff3ea02000 	C:\Windows\SYSTEM32\kernel.appcore.dll
0x00007fff33560000 - 0x00007fff3356a000 	C:\Program Files\Java\jdk-18.0.1.1\bin\jimage.dll
0x00007fff3e550000 - 0x00007fff3e734000 	C:\Windows\SYSTEM32\DBGHELP.DLL
0x00007fff2ed80000 - 0x00007fff2edac000 	C:\Windows\SYSTEM32\dbgcore.DLL
0x00007fff40650000 - 0x00007fff406d2000 	C:\Windows\System32\bcryptPrimitives.dll
0x00007fff331f0000 - 0x00007fff33215000 	C:\Program Files\Java\jdk-18.0.1.1\bin\java.dll
0x00007fff23e50000 - 0x00007fff23f26000 	C:\Program Files\Java\jdk-18.0.1.1\bin\jsvml.dll
0x00007fff40ca0000 - 0x00007fff413e4000 	C:\Windows\System32\SHELL32.dll
0x00007fff3dcf0000 - 0x00007fff3e484000 	C:\Windows\SYSTEM32\windows.storage.dll
0x00007fff42310000 - 0x00007fff42664000 	C:\Windows\System32\combase.dll
0x00007fff3fc10000 - 0x00007fff3fc3c000 	C:\Windows\SYSTEM32\Wldp.dll
0x00007fff42200000 - 0x00007fff422ad000 	C:\Windows\System32\SHCORE.dll
0x00007fff422b0000 - 0x00007fff42305000 	C:\Windows\System32\shlwapi.dll
0x00007fff400f0000 - 0x00007fff4010f000 	C:\Windows\SYSTEM32\profapi.dll
0x00007fff33540000 - 0x00007fff33553000 	C:\Program Files\Java\jdk-18.0.1.1\bin\net.dll
0x00007fff36860000 - 0x00007fff3696a000 	C:\Windows\SYSTEM32\WINHTTP.dll
0x00007fff3f950000 - 0x00007fff3f9ba000 	C:\Windows\system32\mswsock.dll
0x00007fff331d0000 - 0x00007fff331e6000 	C:\Program Files\Java\jdk-18.0.1.1\bin\nio.dll
0x00007fff331b0000 - 0x00007fff331c8000 	C:\Program Files\Java\jdk-18.0.1.1\bin\zip.dll
0x00007fff331a0000 - 0x00007fff331b0000 	C:\Program Files\Java\jdk-18.0.1.1\bin\verify.dll
0x00007fff23b40000 - 0x00007fff23b67000 	C:\Program Files\Android\gradle-7.3.3\native\e1d6ef7f7dcc3fd88c89a11ec53ec762bb8ba0a96d01ffa2cd45eb1d1d8dd5c5\windows-amd64\native-platform.dll
0x00007fff0c500000 - 0x00007fff0c644000 	C:\Program Files\Android\gradle-7.3.3\native\5664cfc778a61ccfe75a443a1ab52a65af34e5dc3c78e0209fed803814484fcb\windows-amd64\native-platform-file-events.dll
0x00007fff32f90000 - 0x00007fff32f99000 	C:\Program Files\Java\jdk-18.0.1.1\bin\management.dll
0x00007fff32f80000 - 0x00007fff32f8b000 	C:\Program Files\Java\jdk-18.0.1.1\bin\management_ext.dll
0x00007fff3fb60000 - 0x00007fff3fb78000 	C:\Windows\SYSTEM32\CRYPTSP.dll
0x00007fff3f240000 - 0x00007fff3f274000 	C:\Windows\system32\rsaenh.dll
0x00007fff40350000 - 0x00007fff40377000 	C:\Windows\System32\bcrypt.dll
0x00007fff40070000 - 0x00007fff4009e000 	C:\Windows\SYSTEM32\USERENV.dll
0x00007fff3fb80000 - 0x00007fff3fb8c000 	C:\Windows\SYSTEM32\CRYPTBASE.dll
0x00007fff3f5e0000 - 0x00007fff3f61b000 	C:\Windows\SYSTEM32\IPHLPAPI.DLL
0x00007fff41970000 - 0x00007fff41978000 	C:\Windows\System32\NSI.dll
0x00007fff317a0000 - 0x00007fff317b7000 	C:\Windows\SYSTEM32\dhcpcsvc6.DLL
0x00007fff338a0000 - 0x00007fff338bd000 	C:\Windows\SYSTEM32\dhcpcsvc.DLL
0x00007fff3f640000 - 0x00007fff3f70b000 	C:\Windows\SYSTEM32\DNSAPI.dll

dbghelp: loaded successfully - version: 4.0.5 - missing functions: none
symbol engine: initialized successfully - sym options: 0x614 - pdb path: .;C:\Program Files\Java\jdk-18.0.1.1\bin;C:\Windows\SYSTEM32;C:\Windows\WinSxS\amd64_microsoft.windows.common-controls_6595b64144ccf1df_6.0.19041.1110_none_60b5254171f9507e;C:\Program Files\Java\jdk-18.0.1.1\bin\server;C:\Program Files\Android\gradle-7.3.3\native\e1d6ef7f7dcc3fd88c89a11ec53ec762bb8ba0a96d01ffa2cd45eb1d1d8dd5c5\windows-amd64;C:\Program Files\Android\gradle-7.3.3\native\5664cfc778a61ccfe75a443a1ab52a65af34e5dc3c78e0209fed803814484fcb\windows-amd64

VM Arguments:
jvm_args: --add-opens=java.base/java.util=ALL-UNNAMED --add-opens=java.base/java.lang=ALL-UNNAMED --add-opens=java.base/java.lang.invoke=ALL-UNNAMED --add-opens=java.base/java.util=ALL-UNNAMED --add-opens=java.prefs/java.util.prefs=ALL-UNNAMED --add-opens=java.prefs/java.util.prefs=ALL-UNNAMED --add-opens=java.base/java.nio.charset=ALL-UNNAMED --add-opens=java.base/java.net=ALL-UNNAMED --add-opens=java.base/java.util.concurrent.atomic=ALL-UNNAMED -Xmx2048m -Dfile.encoding=UTF-8 -Duser.country=IN -Duser.language=en -Duser.variant 
java_command: org.gradle.launcher.daemon.bootstrap.GradleDaemon 7.3.3
java_class_path (initial): C:\Program Files\Android\gradle-7.3.3\lib\gradle-launcher-7.3.3.jar
Launcher Type: SUN_STANDARD

[Global flags]
     intx CICompilerCount                          = 4                                         {product} {ergonomic}
     uint ConcGCThreads                            = 2                                         {product} {ergonomic}
     uint G1ConcRefinementThreads                  = 8                                         {product} {ergonomic}
   size_t G1HeapRegionSize                         = 1048576                                   {product} {ergonomic}
    uintx GCDrainStackTargetSize                   = 64                                        {product} {ergonomic}
   size_t InitialHeapSize                          = 132120576                                 {product} {ergonomic}
   size_t MarkStackSize                            = 4194304                                   {product} {ergonomic}
   size_t MaxHeapSize                              = 2147483648                                {product} {command line}
   size_t MaxNewSize                               = 1287651328                                {product} {ergonomic}
   size_t MinHeapDeltaBytes                        = 1048576                                   {product} {ergonomic}
   size_t MinHeapSize                              = 8388608                                   {product} {ergonomic}
    uintx NonNMethodCodeHeapSize                   = 5839372                                {pd product} {ergonomic}
    uintx NonProfiledCodeHeapSize                  = 122909434                              {pd product} {ergonomic}
    uintx ProfiledCodeHeapSize                     = 122909434                              {pd product} {ergonomic}
    uintx ReservedCodeCacheSize                    = 251658240                              {pd product} {ergonomic}
     bool SegmentedCodeCache                       = true                                      {product} {ergonomic}
   size_t SoftMaxHeapSize                          = 2147483648                             {manageable} {ergonomic}
     bool UseCompressedClassPointers               = true                           {product lp64_product} {ergonomic}
     bool UseCompressedOops                        = true                           {product lp64_product} {ergonomic}
     bool UseG1GC                                  = true                                      {product} {ergonomic}
     bool UseLargePagesIndividualAllocation        = false                                  {pd product} {ergonomic}

Logging:
Log output configuration:
 #0: stdout all=warning uptime,level,tags foldmultilines=false
 #1: stderr all=off uptime,level,tags foldmultilines=false

Environment Variables:
JAVA_HOME=C:\Program Files\Java\jdk-18.0.1.1
PATH=C:\Program Files\Common Files\Oracle\Java\javapath;C:\Windows\system32;C:\Windows;C:\Windows\System32\Wbem;C:\Windows\System32\WindowsPowerShell\v1.0\;C:\Windows\System32\OpenSSH\;C:\Program Files\Git\cmd;C:\Users\suraj\AppData\Local\Microsoft\WindowsApps
USERNAME=suraj
OS=Windows_NT
PROCESSOR_IDENTIFIER=Intel64 Family 6 Model 140 Stepping 1, GenuineIntel



---------------  S Y S T E M  ---------------

OS:
 Windows 10 , 64 bit Build 19041 (10.0.19041.1741)
OS uptime: 0 days 2:54 hours
Hyper-V role detected

CPU: total 8 (initial active 8) (4 cores per cpu, 2 threads per core) family 6 model 140 stepping 1 microcode 0x86, cx8, cmov, fxsr, ht, mmx, 3dnowpref, sse, sse2, sse3, ssse3, sse4.1, sse4.2, popcnt, lzcnt, tsc, tscinvbit, avx, avx2, aes, erms, clmul, bmi1, bmi2, adx, avx512f, avx512dq, avx512cd, avx512bw, avx512vl, sha, fma, vzeroupper, avx512_vpopcntdq, avx512_vpclmulqdq, avx512_vaes, avx512_vnni, clflush, clflushopt, clwb, avx512_vbmi2, avx512_vbmi, hv

Memory: 4k page, system-wide physical 7987M (459M free)
TotalPageFile size 7987M (AvailPageFile size 5M)
current process WorkingSet (physical memory assigned to process): 501M, peak: 501M
current process commit charge ("private bytes"): 548M, peak: 549M

vm_info: Java HotSpot(TM) 64-Bit Server VM (18.0.1.1+2-6) for windows-amd64 JRE (18.0.1.1+2-6), built on Apr 25 2022 21:53:15 by "mach5one" with MS VC++ 16.8 / 16.9 (VS2019)

END.
