#
# There is insufficient memory for the Java Runtime Environment to continue.
# Native memory allocation (mmap) failed to map 2195456 bytes for G1 virtual space
# Possible reasons:
#   The system is out of physical RAM or swap space
#   The process is running with CompressedOops enabled, and the Java Heap may be blocking the growth of the native heap
# Possible solutions:
#   Reduce memory load on the system
#   Increase physical memory or swap space
#   Check if swap backing store is full
#   Decrease Java heap size (-Xmx/-Xms)
#   Decrease number of Java threads
#   Decrease Java thread stack sizes (-Xss)
#   Set larger code cache with -XX:ReservedCodeCacheSize=
#   JVM is running with Unscaled Compressed Oops mode in which the Java heap is
#     placed in the first 4GB address space. The Java Heap base address is the
#     maximum limit for the native heap growth. Please use -XX:HeapBaseMinAddress
#     to set the Java Heap base and to place the Java Heap above 4GB virtual address.
# This output file may be truncated or incomplete.
#
#  Out of Memory Error (os_windows.cpp:3530), pid=10496, tid=10432
#
# JRE version: Java(TM) SE Runtime Environment (18.0.1.1+2) (build 18.0.1.1+2-6)
# Java VM: Java HotSpot(TM) 64-Bit Server VM (18.0.1.1+2-6, mixed mode, sharing, tiered, compressed oops, compressed class ptrs, g1 gc, windows-amd64)
# No core dump will be written. Minidumps are not enabled by default on client versions of Windows
#

---------------  S U M M A R Y ------------

Command Line: --add-opens=java.base/java.util=ALL-UNNAMED --add-opens=java.base/java.lang=ALL-UNNAMED --add-opens=java.base/java.lang.invoke=ALL-UNNAMED --add-opens=java.base/java.util=ALL-UNNAMED --add-opens=java.prefs/java.util.prefs=ALL-UNNAMED --add-opens=java.prefs/java.util.prefs=ALL-UNNAMED --add-opens=java.base/java.nio.charset=ALL-UNNAMED --add-opens=java.base/java.net=ALL-UNNAMED --add-opens=java.base/java.util.concurrent.atomic=ALL-UNNAMED -Xmx2048m -Dfile.encoding=UTF-8 -Duser.country=IN -Duser.language=en -Duser.variant org.gradle.launcher.daemon.bootstrap.GradleDaemon 7.3.3

Host: 11th Gen Intel(R) Core(TM) i5-1135G7 @ 2.40GHz, 8 cores, 7G,  Windows 10 , 64 bit Build 19041 (10.0.19041.1741)
Time: Thu Jun 16 23:13:12 2022 India Standard Time elapsed time: 881.540078 seconds (0d 0h 14m 41s)

---------------  T H R E A D  ---------------

Current thread (0x000001ec7f0aa710):  VMThread "VM Thread" [stack: 0x000000a78ab00000,0x000000a78ac00000] [id=10432]

Stack: [0x000000a78ab00000,0x000000a78ac00000]
Native frames: (J=compiled Java code, j=interpreted, Vv=VM code, C=native code)
V  [jvm.dll+0x69887a]
V  [jvm.dll+0x7f38bd]
V  [jvm.dll+0x7f51ce]
V  [jvm.dll+0x7f5883]
V  [jvm.dll+0x25ca3f]
V  [jvm.dll+0x6957c9]
V  [jvm.dll+0x68a2fa]
V  [jvm.dll+0x321efb]
V  [jvm.dll+0x3298d6]
V  [jvm.dll+0x37e4a8]
V  [jvm.dll+0x37e6af]
V  [jvm.dll+0x2f9c7a]
V  [jvm.dll+0x2f9d27]
V  [jvm.dll+0x33e262]
V  [jvm.dll+0x33c804]
V  [jvm.dll+0x2f9450]
V  [jvm.dll+0x33c0fd]
V  [jvm.dll+0x7fa66b]
V  [jvm.dll+0x7fb404]
V  [jvm.dll+0x7fb93c]
V  [jvm.dll+0x7fbd94]
V  [jvm.dll+0x7fbe57]
V  [jvm.dll+0x7a03ea]
V  [jvm.dll+0x697725]
C  [ucrtbase.dll+0x21bb2]
C  [KERNEL32.DLL+0x17034]
C  [ntdll.dll+0x52651]

VM_Operation (0x000000a78b8f5f30): G1TryInitiateConcMark, mode: safepoint, requested by thread 0x000001ec0eba0380


---------------  P R O C E S S  ---------------

Threads class SMR info:
_java_thread_list=0x000001ec06efe7c0, length=46, elements={
0x000001ec5ee92800, 0x000001ec7f0ada20, 0x000001ec7f0aea70, 0x000001ec7f0c93a0,
0x000001ec7f0cbc60, 0x000001ec7f0cc510, 0x000001ec7f0cd560, 0x000001ec7f0d1a40,
0x000001ec7f0d2ad0, 0x000001ec7f0d91b0, 0x000001ec7f30c740, 0x000001ec7f30d230,
0x000001ec04b484a0, 0x000001ec04d28e30, 0x000001ec04982330, 0x000001ec04f9d070,
0x000001ec04f9ed50, 0x000001ec04f9c6d0, 0x000001ec04f9cba0, 0x000001ec04f9d540,
0x000001ec06280110, 0x000001ec062805e0, 0x000001ec0627e900, 0x000001ec0627da90,
0x000001ec062822c0, 0x000001ec081bc400, 0x000001ec081bfdc0, 0x000001ec081bcda0,
0x000001ec081bd270, 0x000001ec081bd740, 0x000001ec081be5b0, 0x000001ec044a4470,
0x000001ec7f4687e0, 0x000001ec0eba0850, 0x000001ec0eba5550, 0x000001ec0eba5ef0,
0x000001ec0eba0380, 0x000001ec0eb9feb0, 0x000001ec0eba0d20, 0x000001ec0eba16c0,
0x000001ec0eba5a20, 0x000001ec099c6bc0, 0x000001ec0eba3d40, 0x000001ec0eba2530,
0x000001ec0eba7230, 0x000001ec0eb9f9e0
}

Java Threads: ( => current thread )
  0x000001ec5ee92800 JavaThread "main" [_thread_blocked, id=13784, stack(0x000000a78a500000,0x000000a78a600000)]
  0x000001ec7f0ada20 JavaThread "Reference Handler" daemon [_thread_blocked, id=6660, stack(0x000000a78ac00000,0x000000a78ad00000)]
  0x000001ec7f0aea70 JavaThread "Finalizer" daemon [_thread_blocked, id=10248, stack(0x000000a78ad00000,0x000000a78ae00000)]
  0x000001ec7f0c93a0 JavaThread "Signal Dispatcher" daemon [_thread_blocked, id=7756, stack(0x000000a78ae00000,0x000000a78af00000)]
  0x000001ec7f0cbc60 JavaThread "Attach Listener" daemon [_thread_blocked, id=5068, stack(0x000000a78af00000,0x000000a78b000000)]
  0x000001ec7f0cc510 JavaThread "Service Thread" daemon [_thread_blocked, id=14872, stack(0x000000a78b000000,0x000000a78b100000)]
  0x000001ec7f0cd560 JavaThread "Monitor Deflation Thread" daemon [_thread_blocked, id=6464, stack(0x000000a78b100000,0x000000a78b200000)]
  0x000001ec7f0d1a40 JavaThread "C2 CompilerThread0" daemon [_thread_blocked, id=14052, stack(0x000000a78b200000,0x000000a78b300000)]
  0x000001ec7f0d2ad0 JavaThread "C1 CompilerThread0" daemon [_thread_blocked, id=12368, stack(0x000000a78b300000,0x000000a78b400000)]
  0x000001ec7f0d91b0 JavaThread "Sweeper thread" daemon [_thread_blocked, id=2644, stack(0x000000a78b400000,0x000000a78b500000)]
  0x000001ec7f30c740 JavaThread "Common-Cleaner" daemon [_thread_blocked, id=6576, stack(0x000000a78b500000,0x000000a78b600000)]
  0x000001ec7f30d230 JavaThread "Notification Thread" daemon [_thread_blocked, id=9744, stack(0x000000a78b600000,0x000000a78b700000)]
  0x000001ec04b484a0 JavaThread "Daemon health stats" [_thread_blocked, id=7812, stack(0x000000a78bf00000,0x000000a78c000000)]
  0x000001ec04d28e30 JavaThread "Incoming local TCP Connector on port 55199" [_thread_in_native, id=12232, stack(0x000000a78c000000,0x000000a78c100000)]
  0x000001ec04982330 JavaThread "Daemon periodic checks" [_thread_blocked, id=14816, stack(0x000000a78c100000,0x000000a78c200000)]
  0x000001ec04f9d070 JavaThread "Cache worker for journal cache (C:\Program Files\Android\gradle-7.3.3\caches\journal-1)" [_thread_blocked, id=9536, stack(0x000000a78c900000,0x000000a78ca00000)]
  0x000001ec04f9ed50 JavaThread "File lock request listener" [_thread_in_native, id=10184, stack(0x000000a78ca00000,0x000000a78cb00000)]
  0x000001ec04f9c6d0 JavaThread "Cache worker for file hash cache (C:\Program Files\Android\gradle-7.3.3\caches\7.3.3\fileHashes)" [_thread_blocked, id=3208, stack(0x000000a78cb00000,0x000000a78cc00000)]
  0x000001ec04f9cba0 JavaThread "File watcher server" daemon [_thread_blocked, id=5904, stack(0x000000a78ce00000,0x000000a78cf00000)]
  0x000001ec04f9d540 JavaThread "File watcher consumer" daemon [_thread_blocked, id=4732, stack(0x000000a78cf00000,0x000000a78d000000)]
  0x000001ec06280110 JavaThread "Cache worker for execution history cache (C:\Program Files\Android\gradle-7.3.3\caches\7.3.3\executionHistory)" [_thread_blocked, id=12688, stack(0x000000a78d500000,0x000000a78d600000)]
  0x000001ec062805e0 JavaThread "jar transforms" [_thread_blocked, id=14328, stack(0x000000a78d600000,0x000000a78d700000)]
  0x000001ec0627e900 JavaThread "Cache worker for file content cache (C:\Program Files\Android\gradle-7.3.3\caches\7.3.3\fileContent)" [_thread_blocked, id=13088, stack(0x000000a78d700000,0x000000a78d800000)]
  0x000001ec0627da90 JavaThread "jar transforms Thread 2" [_thread_blocked, id=10084, stack(0x000000a78d800000,0x000000a78d900000)]
  0x000001ec062822c0 JavaThread "jar transforms Thread 3" [_thread_blocked, id=520, stack(0x000000a78da00000,0x000000a78db00000)]
  0x000001ec081bc400 JavaThread "jar transforms Thread 4" [_thread_blocked, id=76, stack(0x000000a792c00000,0x000000a792d00000)]
  0x000001ec081bfdc0 JavaThread "jar transforms Thread 5" [_thread_blocked, id=14252, stack(0x000000a792d00000,0x000000a792e00000)]
  0x000001ec081bcda0 JavaThread "jar transforms Thread 6" [_thread_blocked, id=9904, stack(0x000000a792e00000,0x000000a792f00000)]
  0x000001ec081bd270 JavaThread "jar transforms Thread 7" [_thread_blocked, id=10588, stack(0x000000a792f00000,0x000000a793000000)]
  0x000001ec081bd740 JavaThread "jar transforms Thread 8" [_thread_blocked, id=2556, stack(0x000000a793000000,0x000000a793100000)]
  0x000001ec081be5b0 JavaThread "Memory manager" [_thread_blocked, id=5072, stack(0x000000a793100000,0x000000a793200000)]
  0x000001ec044a4470 JavaThread "pool-3-thread-1" [_thread_blocked, id=7548, stack(0x000000a793300000,0x000000a793400000)]
  0x000001ec7f4687e0 JavaThread "Cache worker for Java compile cache (C:\Program Files\Android\gradle-7.3.3\caches\7.3.3\javaCompile)" [_thread_blocked, id=7236, stack(0x000000a794400000,0x000000a794500000)]
  0x000001ec0eba0850 JavaThread "Daemon Thread 2" [_thread_blocked, id=13396, stack(0x000000a78a200000,0x000000a78a300000)]
  0x000001ec0eba5550 JavaThread "Handler for socket connection from /127.0.0.1:55199 to /127.0.0.1:55285" [_thread_in_native, id=13964, stack(0x000000a78a300000,0x000000a78a400000)]
  0x000001ec0eba5ef0 JavaThread "Cancel handler" [_thread_blocked, id=12812, stack(0x000000a78a400000,0x000000a78a500000)]
  0x000001ec0eba0380 JavaThread "Daemon worker Thread 2" [_thread_blocked, id=1560, stack(0x000000a78b800000,0x000000a78b900000)]
  0x000001ec0eb9feb0 JavaThread "Asynchronous log dispatcher for DefaultDaemonConnection: socket connection from /127.0.0.1:55199 to /127.0.0.1:55285" [_thread_blocked, id=8240, stack(0x000000a78c200000,0x000000a78c300000)]
  0x000001ec0eba0d20 JavaThread "Stdin handler" [_thread_blocked, id=9224, stack(0x000000a78c300000,0x000000a78c400000)]
  0x000001ec0eba16c0 JavaThread "Daemon client event forwarder" [_thread_blocked, id=5768, stack(0x000000a78c400000,0x000000a78c500000)]
  0x000001ec0eba5a20 JavaThread "Cache worker for file hash cache (D:\EmailLogin\.gradle\7.3.3\fileHashes)" [_thread_blocked, id=8196, stack(0x000000a78c500000,0x000000a78c600000)]
  0x000001ec099c6bc0 JavaThread "C2 CompilerThread1" daemon [_thread_blocked, id=10428, stack(0x000000a78c600000,0x000000a78c700000)]
  0x000001ec0eba3d40 JavaThread "Cache worker for checksums cache (D:\EmailLogin\.gradle\7.3.3\checksums)" [_thread_blocked, id=12376, stack(0x000000a78c700000,0x000000a78c800000)]
  0x000001ec0eba2530 JavaThread "Cache worker for cache directory md-supplier (C:\Program Files\Android\gradle-7.3.3\caches\7.3.3\md-supplier)" [_thread_blocked, id=9068, stack(0x000000a78c800000,0x000000a78c900000)]
  0x000001ec0eba7230 JavaThread "Cache worker for cache directory md-rule (C:\Program Files\Android\gradle-7.3.3\caches\7.3.3\md-rule)" [_thread_blocked, id=7856, stack(0x000000a78cc00000,0x000000a78cd00000)]
  0x000001ec0eb9f9e0 JavaThread "Cache worker for dependencies-accessors (D:\EmailLogin\.gradle\7.3.3\dependencies-accessors)" [_thread_blocked, id=2592, stack(0x000000a78cd00000,0x000000a78ce00000)]

Other Threads:
=>0x000001ec7f0aa710 VMThread "VM Thread" [stack: 0x000000a78ab00000,0x000000a78ac00000] [id=10432]
  0x000001ec7f30e320 WatcherThread "VM Periodic Task Thread" [stack: 0x000000a78b700000,0x000000a78b800000] [id=10396]
  0x000001ec5eef2bd0 WorkerThread "GC Thread#0" [stack: 0x000000a78a600000,0x000000a78a700000] [id=10544]
  0x000001ec7f4cc5b0 WorkerThread "GC Thread#1" [stack: 0x000000a78b900000,0x000000a78ba00000] [id=3492]
  0x000001ec7fd50b00 WorkerThread "GC Thread#2" [stack: 0x000000a78ba00000,0x000000a78bb00000] [id=2104]
  0x000001ec7fe6eca0 WorkerThread "GC Thread#3" [stack: 0x000000a78bb00000,0x000000a78bc00000] [id=11328]
  0x000001ec7fc63d50 WorkerThread "GC Thread#4" [stack: 0x000000a78bc00000,0x000000a78bd00000] [id=7564]
  0x000001ec047a3dd0 WorkerThread "GC Thread#5" [stack: 0x000000a78bd00000,0x000000a78be00000] [id=9300]
  0x000001ec04d62430 WorkerThread "GC Thread#6" [stack: 0x000000a78be00000,0x000000a78bf00000] [id=11432]
  0x000001ec055c57a0 WorkerThread "GC Thread#7" [stack: 0x000000a78d000000,0x000000a78d100000] [id=15096]
  0x000001ec5ef03a10 ConcurrentGCThread "G1 Main Marker" [stack: 0x000000a78a700000,0x000000a78a800000] [id=12764]
  0x000001ec5ef04310 WorkerThread "G1 Conc#0" [stack: 0x000000a78a800000,0x000000a78a900000] [id=8160]
  0x000001ec05c2d080 WorkerThread "G1 Conc#1" [stack: 0x000000a78d300000,0x000000a78d400000] [id=8844]
  0x000001ec5ef55950 ConcurrentGCThread "G1 Refine#0" [stack: 0x000000a78a900000,0x000000a78aa00000] [id=1352]
  0x000001ec5ef56170 ConcurrentGCThread "G1 Service" [stack: 0x000000a78aa00000,0x000000a78ab00000] [id=8152]

Threads with active compile tasks:
C2 CompilerThread0   881559 18292       4       org.gradle.internal.service.DefaultServiceRegistry$SingletonService::get (5 bytes)
C2 CompilerThread1   881559 18264       4       groovy.lang.MetaClassImpl$1MOPIter::methodNameAction (325 bytes)

VM state: at safepoint (normal execution)

VM Mutex/Monitor currently owned by a thread:  ([mutex/lock_event])
[0x000001ec5ee8d910] Threads_lock - owner thread: 0x000001ec7f0aa710
[0x000001ec5ee8d9a0] Heap_lock - owner thread: 0x000001ec0eba0380

Heap address: 0x0000000080000000, size: 2048 MB, Compressed Oops mode: 32-bit

CDS archive(s) mapped at: [0x0000000800000000-0x0000000800ba0000-0x0000000800ba0000), size 12189696, SharedBaseAddress: 0x0000000800000000, ArchiveRelocationMode: 0.
Compressed class space mapped at: 0x0000000800c00000-0x0000000840c00000, reserved size: 1073741824
Narrow klass base: 0x0000000800000000, Narrow klass shift: 0, Narrow klass range: 0x100000000

GC Precious Log:
 CardTable entry size: 512
 Card Set container configuration: InlinePtr #cards 5 size 8 Array Of Cards #cards 12 size 40 Howl #buckets 4 coarsen threshold 1843 Howl Bitmap #cards 512 size 80 coarsen threshold 460 Card regions per heap region 1 cards per card region 2048
 CPUs: 8 total, 8 available
 Memory: 7987M
 Large Page Support: Disabled
 NUMA Support: Disabled
 Compressed Oops: Enabled (32-bit)
 Heap Region Size: 1M
 Heap Min Capacity: 8M
 Heap Initial Capacity: 126M
 Heap Max Capacity: 2G
 Pre-touch: Disabled
 Parallel Workers: 8
 Concurrent Workers: 2
 Concurrent Refinement Workers: 8
 Periodic GC: Disabled

Heap:
 garbage-first heap   total 201728K, used 117937K [0x0000000080000000, 0x0000000100000000)
  region size 1024K, 3 young (3072K), 3 survivors (3072K)
 Metaspace       used 120901K, committed 122880K, reserved 1179648K
  class space    used 16320K, committed 17344K, reserved 1048576K

Heap Regions: E=young(eden), S=young(survivor), O=old, HS=humongous(starts), HC=humongous(continues), CS=collection set, F=free, OA=open archive, CA=closed archive, TAMS=top-at-mark-start (previous, next)
|   0|0x0000000080000000, 0x0000000080100000, 0x0000000080100000|100%| O|  |TAMS 0x0000000080100000, 0x0000000080100000| Untracked 
|   1|0x0000000080100000, 0x0000000080200000, 0x0000000080200000|100%| O|  |TAMS 0x0000000080200000, 0x0000000080200000| Untracked 
|   2|0x0000000080200000, 0x0000000080300000, 0x0000000080300000|100%| O|  |TAMS 0x0000000080300000, 0x0000000080300000| Untracked 
|   3|0x0000000080300000, 0x0000000080400000, 0x0000000080400000|100%|HS|  |TAMS 0x0000000080400000, 0x0000000080400000| Complete 
|   4|0x0000000080400000, 0x0000000080500000, 0x0000000080500000|100%|HC|  |TAMS 0x0000000080500000, 0x0000000080500000| Complete 
|   5|0x0000000080500000, 0x0000000080600000, 0x0000000080600000|100%|HC|  |TAMS 0x0000000080600000, 0x0000000080600000| Complete 
|   6|0x0000000080600000, 0x0000000080700000, 0x0000000080700000|100%| O|  |TAMS 0x0000000080700000, 0x0000000080700000| Untracked 
|   7|0x0000000080700000, 0x0000000080800000, 0x0000000080800000|100%| O|  |TAMS 0x0000000080800000, 0x0000000080800000| Untracked 
|   8|0x0000000080800000, 0x0000000080900000, 0x0000000080900000|100%| O|  |TAMS 0x0000000080900000, 0x0000000080900000| Untracked 
|   9|0x0000000080900000, 0x0000000080a00000, 0x0000000080a00000|100%| O|  |TAMS 0x0000000080a00000, 0x0000000080a00000| Untracked 
|  10|0x0000000080a00000, 0x0000000080b00000, 0x0000000080b00000|100%| O|  |TAMS 0x0000000080b00000, 0x0000000080b00000| Untracked 
|  11|0x0000000080b00000, 0x0000000080c00000, 0x0000000080c00000|100%| O|  |TAMS 0x0000000080c00000, 0x0000000080c00000| Untracked 
|  12|0x0000000080c00000, 0x0000000080d00000, 0x0000000080d00000|100%| O|  |TAMS 0x0000000080d00000, 0x0000000080d00000| Untracked 
|  13|0x0000000080d00000, 0x0000000080e00000, 0x0000000080e00000|100%|HS|  |TAMS 0x0000000080e00000, 0x0000000080e00000| Complete 
|  14|0x0000000080e00000, 0x0000000080f00000, 0x0000000080f00000|100%| O|  |TAMS 0x0000000080f00000, 0x0000000080f00000| Untracked 
|  15|0x0000000080f00000, 0x0000000081000000, 0x0000000081000000|100%| O|  |TAMS 0x0000000081000000, 0x0000000081000000| Untracked 
|  16|0x0000000081000000, 0x0000000081100000, 0x0000000081100000|100%| O|  |TAMS 0x0000000081100000, 0x0000000081100000| Untracked 
|  17|0x0000000081100000, 0x0000000081200000, 0x0000000081200000|100%| O|  |TAMS 0x0000000081200000, 0x0000000081200000| Untracked 
|  18|0x0000000081200000, 0x0000000081300000, 0x0000000081300000|100%| O|  |TAMS 0x0000000081300000, 0x0000000081300000| Untracked 
|  19|0x0000000081300000, 0x0000000081400000, 0x0000000081400000|100%| O|  |TAMS 0x0000000081400000, 0x0000000081400000| Untracked 
|  20|0x0000000081400000, 0x0000000081500000, 0x0000000081500000|100%| O|  |TAMS 0x0000000081500000, 0x0000000081500000| Untracked 
|  21|0x0000000081500000, 0x0000000081600000, 0x0000000081600000|100%| O|  |TAMS 0x0000000081600000, 0x0000000081600000| Untracked 
|  22|0x0000000081600000, 0x0000000081700000, 0x0000000081700000|100%| O|  |TAMS 0x0000000081700000, 0x0000000081700000| Untracked 
|  23|0x0000000081700000, 0x0000000081800000, 0x0000000081800000|100%| O|  |TAMS 0x0000000081800000, 0x0000000081800000| Untracked 
|  24|0x0000000081800000, 0x0000000081900000, 0x0000000081900000|100%| O|  |TAMS 0x0000000081900000, 0x0000000081900000| Untracked 
|  25|0x0000000081900000, 0x0000000081a00000, 0x0000000081a00000|100%| O|  |TAMS 0x0000000081a00000, 0x0000000081a00000| Untracked 
|  26|0x0000000081a00000, 0x0000000081b00000, 0x0000000081b00000|100%| O|  |TAMS 0x0000000081b00000, 0x0000000081b00000| Untracked 
|  27|0x0000000081b00000, 0x0000000081c00000, 0x0000000081c00000|100%| O|  |TAMS 0x0000000081c00000, 0x0000000081c00000| Untracked 
|  28|0x0000000081c00000, 0x0000000081d00000, 0x0000000081d00000|100%| O|  |TAMS 0x0000000081d00000, 0x0000000081d00000| Untracked 
|  29|0x0000000081d00000, 0x0000000081e00000, 0x0000000081e00000|100%| O|  |TAMS 0x0000000081e00000, 0x0000000081e00000| Untracked 
|  30|0x0000000081e00000, 0x0000000081f00000, 0x0000000081f00000|100%| O|  |TAMS 0x0000000081f00000, 0x0000000081f00000| Untracked 
|  31|0x0000000081f00000, 0x0000000082000000, 0x0000000082000000|100%| O|  |TAMS 0x0000000082000000, 0x0000000082000000| Untracked 
|  32|0x0000000082000000, 0x0000000082100000, 0x0000000082100000|100%| O|  |TAMS 0x0000000082100000, 0x0000000082100000| Untracked 
|  33|0x0000000082100000, 0x0000000082200000, 0x0000000082200000|100%|HS|  |TAMS 0x0000000082200000, 0x0000000082200000| Complete 
|  34|0x0000000082200000, 0x0000000082300000, 0x0000000082300000|100%|HS|  |TAMS 0x0000000082300000, 0x0000000082300000| Complete 
|  35|0x0000000082300000, 0x0000000082400000, 0x0000000082400000|100%|HC|  |TAMS 0x0000000082400000, 0x0000000082400000| Complete 
|  36|0x0000000082400000, 0x0000000082500000, 0x0000000082500000|100%| O|  |TAMS 0x0000000082500000, 0x0000000082500000| Untracked 
|  37|0x0000000082500000, 0x0000000082600000, 0x0000000082600000|100%| O|  |TAMS 0x0000000082600000, 0x0000000082600000| Untracked 
|  38|0x0000000082600000, 0x0000000082700000, 0x0000000082700000|100%| O|  |TAMS 0x0000000082700000, 0x0000000082700000| Untracked 
|  39|0x0000000082700000, 0x0000000082800000, 0x0000000082800000|100%| O|  |TAMS 0x0000000082800000, 0x0000000082800000| Untracked 
|  40|0x0000000082800000, 0x0000000082900000, 0x0000000082900000|100%| O|  |TAMS 0x0000000082900000, 0x0000000082900000| Untracked 
|  41|0x0000000082900000, 0x0000000082a00000, 0x0000000082a00000|100%| O|  |TAMS 0x0000000082a00000, 0x0000000082a00000| Untracked 
|  42|0x0000000082a00000, 0x0000000082b00000, 0x0000000082b00000|100%| O|  |TAMS 0x0000000082b00000, 0x0000000082b00000| Untracked 
|  43|0x0000000082b00000, 0x0000000082c00000, 0x0000000082c00000|100%| O|  |TAMS 0x0000000082c00000, 0x0000000082c00000| Untracked 
|  44|0x0000000082c00000, 0x0000000082d00000, 0x0000000082d00000|100%| O|  |TAMS 0x0000000082d00000, 0x0000000082d00000| Untracked 
|  45|0x0000000082d00000, 0x0000000082e00000, 0x0000000082e00000|100%| O|  |TAMS 0x0000000082e00000, 0x0000000082e00000| Untracked 
|  46|0x0000000082e00000, 0x0000000082f00000, 0x0000000082f00000|100%| O|  |TAMS 0x0000000082f00000, 0x0000000082f00000| Untracked 
|  47|0x0000000082f00000, 0x0000000083000000, 0x0000000083000000|100%| O|  |TAMS 0x0000000083000000, 0x0000000083000000| Untracked 
|  48|0x0000000083000000, 0x0000000083100000, 0x0000000083100000|100%| O|  |TAMS 0x0000000083100000, 0x0000000083100000| Untracked 
|  49|0x0000000083100000, 0x0000000083200000, 0x0000000083200000|100%| O|  |TAMS 0x0000000083200000, 0x0000000083200000| Untracked 
|  50|0x0000000083200000, 0x0000000083300000, 0x0000000083300000|100%| O|  |TAMS 0x0000000083300000, 0x0000000083300000| Untracked 
|  51|0x0000000083300000, 0x0000000083400000, 0x0000000083400000|100%| O|  |TAMS 0x0000000083400000, 0x0000000083400000| Untracked 
|  52|0x0000000083400000, 0x0000000083500000, 0x0000000083500000|100%| O|  |TAMS 0x0000000083500000, 0x0000000083500000| Untracked 
|  53|0x0000000083500000, 0x0000000083600000, 0x0000000083600000|100%| O|  |TAMS 0x0000000083600000, 0x0000000083600000| Untracked 
|  54|0x0000000083600000, 0x0000000083700000, 0x0000000083700000|100%| O|  |TAMS 0x0000000083700000, 0x0000000083700000| Untracked 
|  55|0x0000000083700000, 0x0000000083800000, 0x0000000083800000|100%| O|  |TAMS 0x0000000083800000, 0x0000000083800000| Untracked 
|  56|0x0000000083800000, 0x0000000083900000, 0x0000000083900000|100%| O|  |TAMS 0x0000000083900000, 0x0000000083900000| Untracked 
|  57|0x0000000083900000, 0x0000000083a00000, 0x0000000083a00000|100%| O|  |TAMS 0x0000000083a00000, 0x0000000083a00000| Untracked 
|  58|0x0000000083a00000, 0x0000000083b00000, 0x0000000083b00000|100%|HS|  |TAMS 0x0000000083a00000, 0x0000000083b00000| Complete 
|  59|0x0000000083b00000, 0x0000000083c00000, 0x0000000083c00000|100%| O|  |TAMS 0x0000000083b00000, 0x0000000083c00000| Untracked 
|  60|0x0000000083c00000, 0x0000000083d00000, 0x0000000083d00000|100%| O|  |TAMS 0x0000000083c00000, 0x0000000083d00000| Untracked 
|  61|0x0000000083d00000, 0x0000000083e00000, 0x0000000083e00000|100%| O|  |TAMS 0x0000000083e00000, 0x0000000083e00000| Untracked 
|  62|0x0000000083e00000, 0x0000000083f00000, 0x0000000083f00000|100%| O|  |TAMS 0x0000000083f00000, 0x0000000083f00000| Untracked 
|  63|0x0000000083f00000, 0x0000000084000000, 0x0000000084000000|100%| O|  |TAMS 0x0000000084000000, 0x0000000084000000| Untracked 
|  64|0x0000000084000000, 0x0000000084100000, 0x0000000084100000|100%| O|  |TAMS 0x0000000084100000, 0x0000000084100000| Untracked 
|  65|0x0000000084100000, 0x0000000084200000, 0x0000000084200000|100%| O|  |TAMS 0x0000000084200000, 0x0000000084200000| Untracked 
|  66|0x0000000084200000, 0x0000000084300000, 0x0000000084300000|100%| O|  |TAMS 0x0000000084300000, 0x0000000084300000| Untracked 
|  67|0x0000000084300000, 0x0000000084400000, 0x0000000084400000|100%| O|  |TAMS 0x0000000084400000, 0x0000000084400000| Untracked 
|  68|0x0000000084400000, 0x0000000084500000, 0x0000000084500000|100%| O|  |TAMS 0x0000000084500000, 0x0000000084500000| Untracked 
|  69|0x0000000084500000, 0x0000000084600000, 0x0000000084600000|100%| O|  |TAMS 0x0000000084600000, 0x0000000084600000| Untracked 
|  70|0x0000000084600000, 0x0000000084700000, 0x0000000084700000|100%| O|  |TAMS 0x0000000084700000, 0x0000000084700000| Untracked 
|  71|0x0000000084700000, 0x0000000084800000, 0x0000000084800000|100%| O|  |TAMS 0x0000000084800000, 0x0000000084800000| Untracked 
|  72|0x0000000084800000, 0x0000000084900000, 0x0000000084900000|100%| O|  |TAMS 0x0000000084900000, 0x0000000084900000| Untracked 
|  73|0x0000000084900000, 0x0000000084a00000, 0x0000000084a00000|100%| O|  |TAMS 0x0000000084a00000, 0x0000000084a00000| Untracked 
|  74|0x0000000084a00000, 0x0000000084b00000, 0x0000000084b00000|100%| O|  |TAMS 0x0000000084b00000, 0x0000000084b00000| Untracked 
|  75|0x0000000084b00000, 0x0000000084c00000, 0x0000000084c00000|100%| O|  |TAMS 0x0000000084b00000, 0x0000000084c00000| Untracked 
|  76|0x0000000084c00000, 0x0000000084d00000, 0x0000000084d00000|100%|HS|  |TAMS 0x0000000084d00000, 0x0000000084d00000| Complete 
|  77|0x0000000084d00000, 0x0000000084e00000, 0x0000000084e00000|100%| O|  |TAMS 0x0000000084e00000, 0x0000000084e00000| Untracked 
|  78|0x0000000084e00000, 0x0000000084f00000, 0x0000000084f00000|100%| O|  |TAMS 0x0000000084f00000, 0x0000000084f00000| Untracked 
|  79|0x0000000084f00000, 0x0000000085000000, 0x0000000085000000|100%| O|  |TAMS 0x0000000085000000, 0x0000000085000000| Untracked 
|  80|0x0000000085000000, 0x0000000085100000, 0x0000000085100000|100%| O|  |TAMS 0x0000000085100000, 0x0000000085100000| Untracked 
|  81|0x0000000085100000, 0x0000000085200000, 0x0000000085200000|100%| O|  |TAMS 0x0000000085200000, 0x0000000085200000| Untracked 
|  82|0x0000000085200000, 0x0000000085300000, 0x0000000085300000|100%| O|  |TAMS 0x0000000085300000, 0x0000000085300000| Untracked 
|  83|0x0000000085300000, 0x0000000085400000, 0x0000000085400000|100%| O|  |TAMS 0x0000000085400000, 0x0000000085400000| Untracked 
|  84|0x0000000085400000, 0x0000000085500000, 0x0000000085500000|100%| O|  |TAMS 0x0000000085500000, 0x0000000085500000| Untracked 
|  85|0x0000000085500000, 0x0000000085600000, 0x0000000085600000|100%| O|  |TAMS 0x0000000085600000, 0x0000000085600000| Untracked 
|  86|0x0000000085600000, 0x0000000085700000, 0x0000000085700000|100%| O|  |TAMS 0x0000000085700000, 0x0000000085700000| Untracked 
|  87|0x0000000085700000, 0x0000000085800000, 0x0000000085800000|100%| O|  |TAMS 0x0000000085800000, 0x0000000085800000| Untracked 
|  88|0x0000000085800000, 0x0000000085900000, 0x0000000085900000|100%| O|  |TAMS 0x0000000085900000, 0x0000000085900000| Untracked 
|  89|0x0000000085900000, 0x0000000085a00000, 0x0000000085a00000|100%| O|  |TAMS 0x0000000085a00000, 0x0000000085a00000| Untracked 
|  90|0x0000000085a00000, 0x0000000085b00000, 0x0000000085b00000|100%| O|  |TAMS 0x0000000085a00000, 0x0000000085b00000| Untracked 
|  91|0x0000000085b00000, 0x0000000085bf6800, 0x0000000085c00000| 96%| O|  |TAMS 0x0000000085b00000, 0x0000000085bf6800| Untracked 
|  92|0x0000000085c00000, 0x0000000085d00000, 0x0000000085d00000|100%| O|  |TAMS 0x0000000085c00000, 0x0000000085d00000| Untracked 
|  93|0x0000000085d00000, 0x0000000085e00000, 0x0000000085e00000|100%| O|  |TAMS 0x0000000085e00000, 0x0000000085e00000| Untracked 
|  94|0x0000000085e00000, 0x0000000085f00000, 0x0000000085f00000|100%| O|  |TAMS 0x0000000085f00000, 0x0000000085f00000| Untracked 
|  95|0x0000000085f00000, 0x0000000086000000, 0x0000000086000000|100%| O|  |TAMS 0x0000000085f63800, 0x0000000086000000| Untracked 
|  96|0x0000000086000000, 0x0000000086100000, 0x0000000086100000|100%|HS|  |TAMS 0x0000000086100000, 0x0000000086100000| Complete 
|  97|0x0000000086100000, 0x0000000086200000, 0x0000000086200000|100%|HC|  |TAMS 0x0000000086200000, 0x0000000086200000| Complete 
|  98|0x0000000086200000, 0x0000000086300000, 0x0000000086300000|100%|HS|  |TAMS 0x0000000086300000, 0x0000000086300000| Complete 
|  99|0x0000000086300000, 0x0000000086400000, 0x0000000086400000|100%|HC|  |TAMS 0x0000000086400000, 0x0000000086400000| Complete 
| 100|0x0000000086400000, 0x0000000086500000, 0x0000000086500000|100%|HC|  |TAMS 0x0000000086500000, 0x0000000086500000| Complete 
| 101|0x0000000086500000, 0x0000000086600000, 0x0000000086600000|100%|HS|  |TAMS 0x0000000086600000, 0x0000000086600000| Complete 
| 102|0x0000000086600000, 0x0000000086700000, 0x0000000086700000|100%|HC|  |TAMS 0x0000000086700000, 0x0000000086700000| Complete 
| 103|0x0000000086700000, 0x0000000086800000, 0x0000000086800000|100%|HC|  |TAMS 0x0000000086800000, 0x0000000086800000| Complete 
| 104|0x0000000086800000, 0x0000000086900000, 0x0000000086900000|100%|HC|  |TAMS 0x0000000086900000, 0x0000000086900000| Complete 
| 105|0x0000000086900000, 0x0000000086a00000, 0x0000000086a00000|100%| O|  |TAMS 0x0000000086900000, 0x0000000086a00000| Untracked 
| 106|0x0000000086a00000, 0x0000000086b00000, 0x0000000086b00000|100%| O|  |TAMS 0x0000000086a00000, 0x0000000086b00000| Untracked 
| 107|0x0000000086b00000, 0x0000000086c00000, 0x0000000086c00000|100%| O|  |TAMS 0x0000000086b00000, 0x0000000086c00000| Untracked 
| 108|0x0000000086c00000, 0x0000000086d00000, 0x0000000086d00000|100%| O|  |TAMS 0x0000000086c00000, 0x0000000086d00000| Untracked 
| 109|0x0000000086d00000, 0x0000000086e00000, 0x0000000086e00000|100%| O|  |TAMS 0x0000000086d00000, 0x0000000086e00000| Untracked 
| 110|0x0000000086e00000, 0x0000000086f00000, 0x0000000086f00000|100%|HS|  |TAMS 0x0000000086e00000, 0x0000000086f00000| Complete 
| 111|0x0000000086f00000, 0x0000000087000000, 0x0000000087000000|100%|HC|  |TAMS 0x0000000086f00000, 0x0000000087000000| Complete 
| 112|0x0000000087000000, 0x0000000087100000, 0x0000000087100000|100%|HC|  |TAMS 0x0000000087000000, 0x0000000087100000| Complete 
| 113|0x0000000087100000, 0x0000000087100000, 0x0000000087200000|  0%| F|  |TAMS 0x0000000087100000, 0x0000000087100000| Untracked 
| 114|0x0000000087200000, 0x0000000087200000, 0x0000000087300000|  0%| F|  |TAMS 0x0000000087200000, 0x0000000087200000| Untracked 
| 115|0x0000000087300000, 0x0000000087300000, 0x0000000087400000|  0%| F|  |TAMS 0x0000000087300000, 0x0000000087300000| Untracked 
| 116|0x0000000087400000, 0x0000000087400000, 0x0000000087500000|  0%| F|  |TAMS 0x0000000087400000, 0x0000000087400000| Untracked 
| 117|0x0000000087500000, 0x0000000087500000, 0x0000000087600000|  0%| F|  |TAMS 0x0000000087500000, 0x0000000087500000| Untracked 
| 118|0x0000000087600000, 0x0000000087600000, 0x0000000087700000|  0%| F|  |TAMS 0x0000000087600000, 0x0000000087600000| Untracked 
| 119|0x0000000087700000, 0x0000000087700000, 0x0000000087800000|  0%| F|  |TAMS 0x0000000087700000, 0x0000000087700000| Untracked 
| 120|0x0000000087800000, 0x0000000087800000, 0x0000000087900000|  0%| F|  |TAMS 0x0000000087800000, 0x0000000087800000| Untracked 
| 121|0x0000000087900000, 0x0000000087900000, 0x0000000087a00000|  0%| F|  |TAMS 0x0000000087900000, 0x0000000087900000| Untracked 
| 122|0x0000000087a00000, 0x0000000087a00000, 0x0000000087b00000|  0%| F|  |TAMS 0x0000000087a00000, 0x0000000087a00000| Untracked 
| 123|0x0000000087b00000, 0x0000000087b00000, 0x0000000087c00000|  0%| F|  |TAMS 0x0000000087b00000, 0x0000000087b00000| Untracked 
| 124|0x0000000087c00000, 0x0000000087c00000, 0x0000000087d00000|  0%| F|  |TAMS 0x0000000087c00000, 0x0000000087c00000| Untracked 
| 125|0x0000000087d00000, 0x0000000087d00000, 0x0000000087e00000|  0%| F|  |TAMS 0x0000000087d00000, 0x0000000087d00000| Untracked 
| 126|0x0000000087e00000, 0x0000000087e00000, 0x0000000087f00000|  0%| F|  |TAMS 0x0000000087e00000, 0x0000000087e00000| Untracked 
| 127|0x0000000087f00000, 0x0000000087f00000, 0x0000000088000000|  0%| F|  |TAMS 0x0000000087f00000, 0x0000000087f00000| Untracked 
| 128|0x0000000088000000, 0x0000000088000000, 0x0000000088100000|  0%| F|  |TAMS 0x0000000088000000, 0x0000000088000000| Untracked 
| 129|0x0000000088100000, 0x0000000088100000, 0x0000000088200000|  0%| F|  |TAMS 0x0000000088100000, 0x0000000088100000| Untracked 
| 130|0x0000000088200000, 0x0000000088200000, 0x0000000088300000|  0%| F|  |TAMS 0x0000000088200000, 0x0000000088200000| Untracked 
| 131|0x0000000088300000, 0x0000000088300000, 0x0000000088400000|  0%| F|  |TAMS 0x0000000088300000, 0x0000000088300000| Untracked 
| 132|0x0000000088400000, 0x0000000088400000, 0x0000000088500000|  0%| F|  |TAMS 0x0000000088400000, 0x0000000088400000| Untracked 
| 133|0x0000000088500000, 0x0000000088500000, 0x0000000088600000|  0%| F|  |TAMS 0x0000000088500000, 0x0000000088500000| Untracked 
| 134|0x0000000088600000, 0x0000000088600000, 0x0000000088700000|  0%| F|  |TAMS 0x0000000088600000, 0x0000000088600000| Untracked 
| 135|0x0000000088700000, 0x0000000088700000, 0x0000000088800000|  0%| F|  |TAMS 0x0000000088700000, 0x0000000088700000| Untracked 
| 136|0x0000000088800000, 0x0000000088800000, 0x0000000088900000|  0%| F|  |TAMS 0x0000000088800000, 0x0000000088800000| Untracked 
| 137|0x0000000088900000, 0x0000000088900000, 0x0000000088a00000|  0%| F|  |TAMS 0x0000000088900000, 0x0000000088900000| Untracked 
| 138|0x0000000088a00000, 0x0000000088a00000, 0x0000000088b00000|  0%| F|  |TAMS 0x0000000088a00000, 0x0000000088a00000| Untracked 
| 139|0x0000000088b00000, 0x0000000088b00000, 0x0000000088c00000|  0%| F|  |TAMS 0x0000000088b00000, 0x0000000088b00000| Untracked 
| 140|0x0000000088c00000, 0x0000000088c00000, 0x0000000088d00000|  0%| F|  |TAMS 0x0000000088c00000, 0x0000000088c00000| Untracked 
| 141|0x0000000088d00000, 0x0000000088d00000, 0x0000000088e00000|  0%| F|  |TAMS 0x0000000088d00000, 0x0000000088d00000| Untracked 
| 142|0x0000000088e00000, 0x0000000088e00000, 0x0000000088f00000|  0%| F|  |TAMS 0x0000000088e00000, 0x0000000088e00000| Untracked 
| 143|0x0000000088f00000, 0x0000000088f00000, 0x0000000089000000|  0%| F|  |TAMS 0x0000000088f00000, 0x0000000088f00000| Untracked 
| 144|0x0000000089000000, 0x0000000089000000, 0x0000000089100000|  0%| F|  |TAMS 0x0000000089000000, 0x0000000089000000| Untracked 
| 145|0x0000000089100000, 0x0000000089100000, 0x0000000089200000|  0%| F|  |TAMS 0x0000000089100000, 0x0000000089100000| Untracked 
| 146|0x0000000089200000, 0x0000000089200000, 0x0000000089300000|  0%| F|  |TAMS 0x0000000089200000, 0x0000000089200000| Untracked 
| 147|0x0000000089300000, 0x0000000089300000, 0x0000000089400000|  0%| F|  |TAMS 0x0000000089300000, 0x0000000089300000| Untracked 
| 148|0x0000000089400000, 0x0000000089400000, 0x0000000089500000|  0%| F|  |TAMS 0x0000000089400000, 0x0000000089400000| Untracked 
| 149|0x0000000089500000, 0x0000000089500000, 0x0000000089600000|  0%| F|  |TAMS 0x0000000089500000, 0x0000000089500000| Untracked 
| 150|0x0000000089600000, 0x0000000089600000, 0x0000000089700000|  0%| F|  |TAMS 0x0000000089600000, 0x0000000089600000| Untracked 
| 151|0x0000000089700000, 0x0000000089700000, 0x0000000089800000|  0%| F|  |TAMS 0x0000000089700000, 0x0000000089700000| Untracked 
| 152|0x0000000089800000, 0x0000000089800000, 0x0000000089900000|  0%| F|  |TAMS 0x0000000089800000, 0x0000000089800000| Untracked 
| 153|0x0000000089900000, 0x0000000089900000, 0x0000000089a00000|  0%| F|  |TAMS 0x0000000089900000, 0x0000000089900000| Untracked 
| 154|0x0000000089a00000, 0x0000000089a00000, 0x0000000089b00000|  0%| F|  |TAMS 0x0000000089a00000, 0x0000000089a00000| Untracked 
| 155|0x0000000089b00000, 0x0000000089b00000, 0x0000000089c00000|  0%| F|  |TAMS 0x0000000089b00000, 0x0000000089b00000| Untracked 
| 156|0x0000000089c00000, 0x0000000089c00000, 0x0000000089d00000|  0%| F|  |TAMS 0x0000000089c00000, 0x0000000089c00000| Untracked 
| 157|0x0000000089d00000, 0x0000000089d00000, 0x0000000089e00000|  0%| F|  |TAMS 0x0000000089d00000, 0x0000000089d00000| Untracked 
| 158|0x0000000089e00000, 0x0000000089e00000, 0x0000000089f00000|  0%| F|  |TAMS 0x0000000089e00000, 0x0000000089e00000| Untracked 
| 159|0x0000000089f00000, 0x0000000089f00000, 0x000000008a000000|  0%| F|  |TAMS 0x0000000089f00000, 0x0000000089f00000| Untracked 
| 160|0x000000008a000000, 0x000000008a000000, 0x000000008a100000|  0%| F|  |TAMS 0x000000008a000000, 0x000000008a000000| Untracked 
| 161|0x000000008a100000, 0x000000008a100000, 0x000000008a200000|  0%| F|  |TAMS 0x000000008a100000, 0x000000008a100000| Untracked 
| 162|0x000000008a200000, 0x000000008a200000, 0x000000008a300000|  0%| F|  |TAMS 0x000000008a200000, 0x000000008a200000| Untracked 
| 163|0x000000008a300000, 0x000000008a300000, 0x000000008a400000|  0%| F|  |TAMS 0x000000008a300000, 0x000000008a300000| Untracked 
| 164|0x000000008a400000, 0x000000008a400000, 0x000000008a500000|  0%| F|  |TAMS 0x000000008a400000, 0x000000008a400000| Untracked 
| 165|0x000000008a500000, 0x000000008a500000, 0x000000008a600000|  0%| F|  |TAMS 0x000000008a500000, 0x000000008a500000| Untracked 
| 166|0x000000008a600000, 0x000000008a600000, 0x000000008a700000|  0%| F|  |TAMS 0x000000008a600000, 0x000000008a600000| Untracked 
| 167|0x000000008a700000, 0x000000008a700000, 0x000000008a800000|  0%| F|  |TAMS 0x000000008a700000, 0x000000008a700000| Untracked 
| 168|0x000000008a800000, 0x000000008a800000, 0x000000008a900000|  0%| F|  |TAMS 0x000000008a800000, 0x000000008a800000| Untracked 
| 169|0x000000008a900000, 0x000000008a900000, 0x000000008aa00000|  0%| F|  |TAMS 0x000000008a900000, 0x000000008a900000| Untracked 
| 170|0x000000008aa00000, 0x000000008aa00000, 0x000000008ab00000|  0%| F|  |TAMS 0x000000008aa00000, 0x000000008aa00000| Untracked 
| 171|0x000000008ab00000, 0x000000008ab00000, 0x000000008ac00000|  0%| F|  |TAMS 0x000000008ab00000, 0x000000008ab00000| Untracked 
| 172|0x000000008ac00000, 0x000000008ac00000, 0x000000008ad00000|  0%| F|  |TAMS 0x000000008ac00000, 0x000000008ac00000| Untracked 
| 173|0x000000008ad00000, 0x000000008ad00000, 0x000000008ae00000|  0%| F|  |TAMS 0x000000008ad00000, 0x000000008ad00000| Untracked 
| 174|0x000000008ae00000, 0x000000008ae00000, 0x000000008af00000|  0%| F|  |TAMS 0x000000008ae00000, 0x000000008ae00000| Untracked 
| 175|0x000000008af00000, 0x000000008af00000, 0x000000008b000000|  0%| F|  |TAMS 0x000000008af00000, 0x000000008af00000| Untracked 
| 176|0x000000008b000000, 0x000000008b000000, 0x000000008b100000|  0%| F|  |TAMS 0x000000008b000000, 0x000000008b000000| Untracked 
| 177|0x000000008b100000, 0x000000008b100000, 0x000000008b200000|  0%| F|  |TAMS 0x000000008b100000, 0x000000008b100000| Untracked 
| 178|0x000000008b200000, 0x000000008b200000, 0x000000008b300000|  0%| F|  |TAMS 0x000000008b200000, 0x000000008b200000| Untracked 
| 179|0x000000008b300000, 0x000000008b300000, 0x000000008b400000|  0%| F|  |TAMS 0x000000008b300000, 0x000000008b300000| Untracked 
| 180|0x000000008b400000, 0x000000008b400000, 0x000000008b500000|  0%| F|  |TAMS 0x000000008b400000, 0x000000008b400000| Untracked 
| 181|0x000000008b500000, 0x000000008b535ef8, 0x000000008b600000| 21%| S|CS|TAMS 0x000000008b500000, 0x000000008b500000| Complete 
| 182|0x000000008b600000, 0x000000008b700000, 0x000000008b700000|100%| S|CS|TAMS 0x000000008b600000, 0x000000008b600000| Complete 
| 183|0x000000008b700000, 0x000000008b800000, 0x000000008b800000|100%| S|CS|TAMS 0x000000008b700000, 0x000000008b700000| Complete 
| 184|0x000000008b800000, 0x000000008b800000, 0x000000008b900000|  0%| F|  |TAMS 0x000000008b800000, 0x000000008b800000| Untracked 
| 185|0x000000008b900000, 0x000000008b900000, 0x000000008ba00000|  0%| F|  |TAMS 0x000000008b900000, 0x000000008b900000| Untracked 
| 186|0x000000008ba00000, 0x000000008ba00000, 0x000000008bb00000|  0%| F|  |TAMS 0x000000008ba00000, 0x000000008ba00000| Untracked 
| 187|0x000000008bb00000, 0x000000008bb00000, 0x000000008bc00000|  0%| F|  |TAMS 0x000000008bb00000, 0x000000008bb00000| Untracked 
| 188|0x000000008bc00000, 0x000000008bc00000, 0x000000008bd00000|  0%| F|  |TAMS 0x000000008bc00000, 0x000000008bc00000| Untracked 
| 189|0x000000008bd00000, 0x000000008bd00000, 0x000000008be00000|  0%| F|  |TAMS 0x000000008bd00000, 0x000000008bd00000| Untracked 
| 190|0x000000008be00000, 0x000000008be00000, 0x000000008bf00000|  0%| F|  |TAMS 0x000000008be00000, 0x000000008be00000| Untracked 
| 191|0x000000008bf00000, 0x000000008bf00000, 0x000000008c000000|  0%| F|  |TAMS 0x000000008bf00000, 0x000000008bf00000| Untracked 
| 192|0x000000008c000000, 0x000000008c000000, 0x000000008c100000|  0%| F|  |TAMS 0x000000008c000000, 0x000000008c000000| Untracked 
| 193|0x000000008c100000, 0x000000008c100000, 0x000000008c200000|  0%| F|  |TAMS 0x000000008c100000, 0x000000008c100000| Untracked 
| 194|0x000000008c200000, 0x000000008c200000, 0x000000008c300000|  0%| F|  |TAMS 0x000000008c200000, 0x000000008c200000| Untracked 
| 195|0x000000008c300000, 0x000000008c300000, 0x000000008c400000|  0%| F|  |TAMS 0x000000008c300000, 0x000000008c300000| Untracked 
| 196|0x000000008c400000, 0x000000008c400000, 0x000000008c500000|  0%| F|  |TAMS 0x000000008c400000, 0x000000008c400000| Untracked 

Card table byte_map: [0x000001ec77e40000,0x000001ec78240000] _byte_map_base: 0x000001ec77a40000

Marking Bits (Prev, Next): (CMBitMap*) 0x000001ec5eef30e0, (CMBitMap*) 0x000001ec5eef3120
 Prev Bits: [0x000001ec78640000, 0x000001ec7a640000)
 Next Bits: [0x000001ec7a640000, 0x000001ec7c640000)

Polling page: 0x000001ec5ed50000

Metaspace:

Usage:
  Non-class:    102.13 MB used.
      Class:     15.94 MB used.
       Both:    118.07 MB used.

Virtual space:
  Non-class space:      128.00 MB reserved,     103.06 MB ( 81%) committed,  2 nodes.
      Class space:        1.00 GB reserved,      16.94 MB (  2%) committed,  1 nodes.
             Both:        1.12 GB reserved,     120.00 MB ( 10%) committed. 

Chunk freelists:
   Non-Class:  72.00 KB
       Class:  3.01 MB
        Both:  3.08 MB

MaxMetaspaceSize: unlimited
CompressedClassSpaceSize: 1.00 GB
Initial GC threshold: 21.00 MB
Current GC threshold: 194.19 MB
CDS: on
MetaspaceReclaimPolicy: balanced
 - commit_granule_bytes: 65536.
 - commit_granule_words: 8192.
 - virtual_space_node_default_size: 8388608.
 - enlarge_chunks_in_place: 1.
 - new_chunks_are_fully_committed: 0.
 - uncommit_free_chunks: 1.
 - use_allocation_guard: 0.


Internal statistics:

num_allocs_failed_limit: 9.
num_arena_births: 3632.
num_arena_deaths: 42.
num_vsnodes_births: 3.
num_vsnodes_deaths: 0.
num_space_committed: 1920.
num_space_uncommitted: 0.
num_chunks_returned_to_freelist: 66.
num_chunks_taken_from_freelist: 8825.
num_chunk_merges: 27.
num_chunk_splits: 5954.
num_chunks_enlarged: 3988.
num_inconsistent_stats: 0.

CodeHeap 'non-profiled nmethods': size=120000Kb used=9049Kb max_used=9049Kb free=110950Kb
 bounds [0x000001ec6faa0000, 0x000001ec70380000, 0x000001ec76fd0000]
CodeHeap 'profiled nmethods': size=120000Kb used=28015Kb max_used=28015Kb free=91984Kb
 bounds [0x000001ec68570000, 0x000001ec6a0d0000, 0x000001ec6faa0000]
CodeHeap 'non-nmethods': size=5760Kb used=2495Kb max_used=2559Kb free=3264Kb
 bounds [0x000001ec67fd0000, 0x000001ec68260000, 0x000001ec68570000]
 total_blobs=15932 nmethods=14918 adapters=925
 compilation: enabled
              stopped_count=0, restarted_count=0
 full_count=0

Compilation events (20 events):
Event: 881.512 Thread 0x000001ec7f0d1a40 nmethod 18285 0x000001ec70373c90 code [0x000001ec70373ea0, 0x000001ec70375200]
Event: 881.512 Thread 0x000001ec7f0d1a40 18288       4       org.gradle.internal.operations.DefaultBuildOperationListenerManager$ProgressShieldingBuildOperationListener::finished (26 bytes)
Event: 881.513 Thread 0x000001ec7f0d1a40 nmethod 18288 0x000001ec70375d90 code [0x000001ec70375f20, 0x000001ec70376048]
Event: 881.513 Thread 0x000001ec7f0d1a40 18261       4       java.lang.Character::isJavaIdentifierPart (9 bytes)
Event: 881.513 Thread 0x000001ec7f0d1a40 nmethod 18261 0x000001ec70376190 code [0x000001ec70376320, 0x000001ec70376418]
Event: 881.513 Thread 0x000001ec7f0d1a40 18292       4       org.gradle.internal.service.DefaultServiceRegistry$SingletonService::get (5 bytes)
Event: 881.519 Thread 0x000001ec7f0d2ad0 18297       3       java.util.concurrent.locks.ReentrantReadWriteLock$WriteLock::lock (9 bytes)
Event: 881.519 Thread 0x000001ec7f0d2ad0 nmethod 18297 0x000001ec6a0c6a10 code [0x000001ec6a0c6bc0, 0x000001ec6a0c6d08]
Event: 881.521 Thread 0x000001ec7f0d2ad0 18298       3       sun.reflect.misc.ReflectUtil::checkPackageAccess (77 bytes)
Event: 881.521 Thread 0x000001ec7f0d2ad0 nmethod 18298 0x000001ec6a0c6e10 code [0x000001ec6a0c6fc0, 0x000001ec6a0c7198]
Event: 881.531 Thread 0x000001ec7f0d2ad0 18301       3       org.gradle.internal.service.DefaultServiceRegistry::findProviderMethods (203 bytes)
Event: 881.533 Thread 0x000001ec7f0d2ad0 nmethod 18301 0x000001ec6a0c7290 code [0x000001ec6a0c77e0, 0x000001ec6a0caaf8]
Event: 881.533 Thread 0x000001ec7f0d2ad0 18305       3       org.gradle.internal.Pair::of (10 bytes)
Event: 881.533 Thread 0x000001ec7f0d2ad0 nmethod 18305 0x000001ec6a0cbb10 code [0x000001ec6a0cbcc0, 0x000001ec6a0cbf78]
Event: 881.533 Thread 0x000001ec7f0d2ad0 18306       3       org.gradle.internal.Pair::<init> (15 bytes)
Event: 881.533 Thread 0x000001ec7f0d2ad0 nmethod 18306 0x000001ec6a0cc090 code [0x000001ec6a0cc240, 0x000001ec6a0cc458]
Event: 881.533 Thread 0x000001ec7f0d2ad0 18302       3       org.gradle.internal.service.InjectUtil::isPackagePrivate (27 bytes)
Event: 881.533 Thread 0x000001ec7f0d2ad0 nmethod 18302 0x000001ec6a0cc510 code [0x000001ec6a0cc6c0, 0x000001ec6a0ccab8]
Event: 881.533 Thread 0x000001ec7f0d2ad0 18303       3       org.gradle.internal.service.DefaultServiceRegistry$1::add (24 bytes)
Event: 881.534 Thread 0x000001ec7f0d2ad0 nmethod 18303 0x000001ec6a0ccb90 code [0x000001ec6a0ccd60, 0x000001ec6a0ccff8]

GC Heap History (20 events):
Event: 15.102 GC heap after
{Heap after GC invocations=23 (full 0):
 garbage-first heap   total 189440K, used 91230K [0x0000000080000000, 0x0000000100000000)
  region size 1024K, 2 young (2048K), 2 survivors (2048K)
 Metaspace       used 95732K, committed 97600K, reserved 1179648K
  class space    used 12726K, committed 13696K, reserved 1048576K
}
Event: 15.665 GC heap before
{Heap before GC invocations=24 (full 0):
 garbage-first heap   total 189440K, used 156766K [0x0000000080000000, 0x0000000100000000)
  region size 1024K, 65 young (66560K), 2 survivors (2048K)
 Metaspace       used 104432K, committed 106304K, reserved 1179648K
  class space    used 14179K, committed 15104K, reserved 1048576K
}
Event: 15.672 GC heap after
{Heap after GC invocations=25 (full 0):
 garbage-first heap   total 189440K, used 99936K [0x0000000080000000, 0x0000000100000000)
  region size 1024K, 9 young (9216K), 9 survivors (9216K)
 Metaspace       used 104432K, committed 106304K, reserved 1179648K
  class space    used 14179K, committed 15104K, reserved 1048576K
}
Event: 15.966 GC heap before
{Heap before GC invocations=25 (full 0):
 garbage-first heap   total 189440K, used 137824K [0x0000000080000000, 0x0000000100000000)
  region size 1024K, 48 young (49152K), 9 survivors (9216K)
 Metaspace       used 106768K, committed 108608K, reserved 1179648K
  class space    used 14464K, committed 15424K, reserved 1048576K
}
Event: 15.970 GC heap after
{Heap after GC invocations=26 (full 0):
 garbage-first heap   total 189440K, used 98030K [0x0000000080000000, 0x0000000100000000)
  region size 1024K, 3 young (3072K), 3 survivors (3072K)
 Metaspace       used 106768K, committed 108608K, reserved 1179648K
  class space    used 14464K, committed 15424K, reserved 1048576K
}
Event: 16.826 GC heap before
{Heap before GC invocations=27 (full 0):
 garbage-first heap   total 189440K, used 163566K [0x0000000080000000, 0x0000000100000000)
  region size 1024K, 58 young (59392K), 3 survivors (3072K)
 Metaspace       used 112050K, committed 113984K, reserved 1179648K
  class space    used 15209K, committed 16192K, reserved 1048576K
}
Event: 16.830 GC heap after
{Heap after GC invocations=28 (full 0):
 garbage-first heap   total 189440K, used 97579K [0x0000000080000000, 0x0000000100000000)
  region size 1024K, 2 young (2048K), 2 survivors (2048K)
 Metaspace       used 112050K, committed 113984K, reserved 1179648K
  class space    used 15209K, committed 16192K, reserved 1048576K
}
Event: 41.294 GC heap before
{Heap before GC invocations=28 (full 0):
 garbage-first heap   total 189440K, used 103723K [0x0000000080000000, 0x0000000100000000)
  region size 1024K, 9 young (9216K), 2 survivors (2048K)
 Metaspace       used 113512K, committed 115456K, reserved 1179648K
  class space    used 15304K, committed 16256K, reserved 1048576K
}
Event: 41.298 GC heap after
{Heap after GC invocations=29 (full 0):
 garbage-first heap   total 189440K, used 97062K [0x0000000080000000, 0x0000000100000000)
  region size 1024K, 1 young (1024K), 1 survivors (1024K)
 Metaspace       used 113512K, committed 115456K, reserved 1179648K
  class space    used 15304K, committed 16256K, reserved 1048576K
}
Event: 880.477 GC heap before
{Heap before GC invocations=29 (full 0):
 garbage-first heap   total 189440K, used 165670K [0x0000000080000000, 0x0000000100000000)
  region size 1024K, 59 young (60416K), 1 survivors (1024K)
 Metaspace       used 117176K, committed 119168K, reserved 1179648K
  class space    used 15896K, committed 16896K, reserved 1048576K
}
Event: 880.482 GC heap after
{Heap after GC invocations=30 (full 0):
 garbage-first heap   total 189440K, used 112647K [0x0000000080000000, 0x0000000100000000)
  region size 1024K, 6 young (6144K), 6 survivors (6144K)
 Metaspace       used 117176K, committed 119168K, reserved 1179648K
  class space    used 15896K, committed 16896K, reserved 1048576K
}
Event: 880.722 GC heap before
{Heap before GC invocations=31 (full 0):
 garbage-first heap   total 201728K, used 152583K [0x0000000080000000, 0x0000000100000000)
  region size 1024K, 48 young (49152K), 6 survivors (6144K)
 Metaspace       used 117336K, committed 119360K, reserved 1179648K
  class space    used 15899K, committed 16960K, reserved 1048576K
}
Event: 880.726 GC heap after
{Heap after GC invocations=32 (full 0):
 garbage-first heap   total 201728K, used 111164K [0x0000000080000000, 0x0000000100000000)
  region size 1024K, 2 young (2048K), 2 survivors (2048K)
 Metaspace       used 117336K, committed 119360K, reserved 1179648K
  class space    used 15899K, committed 16960K, reserved 1048576K
}
Event: 880.738 GC heap before
{Heap before GC invocations=32 (full 0):
 garbage-first heap   total 201728K, used 118332K [0x0000000080000000, 0x0000000100000000)
  region size 1024K, 9 young (9216K), 2 survivors (2048K)
 Metaspace       used 117336K, committed 119360K, reserved 1179648K
  class space    used 15899K, committed 16960K, reserved 1048576K
}
Event: 880.741 GC heap after
{Heap after GC invocations=33 (full 0):
 garbage-first heap   total 201728K, used 108435K [0x0000000080000000, 0x0000000100000000)
  region size 1024K, 1 young (1024K), 1 survivors (1024K)
 Metaspace       used 117336K, committed 119360K, reserved 1179648K
  class space    used 15899K, committed 16960K, reserved 1048576K
}
Event: 881.140 GC heap before
{Heap before GC invocations=33 (full 0):
 garbage-first heap   total 201728K, used 170899K [0x0000000080000000, 0x0000000100000000)
  region size 1024K, 59 young (60416K), 1 survivors (1024K)
 Metaspace       used 119500K, committed 121472K, reserved 1179648K
  class space    used 16144K, committed 17152K, reserved 1048576K
}
Event: 881.143 GC heap after
{Heap after GC invocations=34 (full 0):
 garbage-first heap   total 201728K, used 115871K [0x0000000080000000, 0x0000000100000000)
  region size 1024K, 4 young (4096K), 4 survivors (4096K)
 Metaspace       used 119500K, committed 121472K, reserved 1179648K
  class space    used 16144K, committed 17152K, reserved 1048576K
}
Event: 881.372 GC heap before
{Heap before GC invocations=34 (full 0):
 garbage-first heap   total 201728K, used 168095K [0x0000000080000000, 0x0000000100000000)
  region size 1024K, 55 young (56320K), 4 survivors (4096K)
 Metaspace       used 119959K, committed 121920K, reserved 1179648K
  class space    used 16185K, committed 17216K, reserved 1048576K
}
Event: 881.376 GC heap after
{Heap after GC invocations=35 (full 0):
 garbage-first heap   total 201728K, used 116879K [0x0000000080000000, 0x0000000100000000)
  region size 1024K, 2 young (2048K), 2 survivors (2048K)
 Metaspace       used 119959K, committed 121920K, reserved 1179648K
  class space    used 16185K, committed 17216K, reserved 1048576K
}
Event: 881.534 GC heap before
{Heap before GC invocations=35 (full 0):
 garbage-first heap   total 201728K, used 129167K [0x0000000080000000, 0x0000000100000000)
  region size 1024K, 15 young (15360K), 2 survivors (2048K)
 Metaspace       used 120901K, committed 122880K, reserved 1179648K
  class space    used 16320K, committed 17344K, reserved 1048576K
}

Deoptimization events (20 events):
Event: 881.446 Thread 0x000001ec0eba0380 Uncommon trap: trap_request=0xffffff45 fr.pc=0x000001ec6fde4dd4 relative=0x0000000000000e14
Event: 881.446 Thread 0x000001ec0eba0380 Uncommon trap: reason=unstable_if action=reinterpret pc=0x000001ec6fde4dd4 method=org.codehaus.groovy.runtime.metaclass.MetaMethodIndex.copyNonPrivateNonNewMetaMethods(Lorg/codehaus/groovy/runtime/metaclass/MetaMethodIndex$Entry;Lorg/codehaus/groovy/runti
Event: 881.446 Thread 0x000001ec0eba0380 DEOPT PACKING pc=0x000001ec6fde4dd4 sp=0x000000a78b8f85f0
Event: 881.446 Thread 0x000001ec0eba0380 DEOPT UNPACKING pc=0x000001ec68025c23 sp=0x000000a78b8f85b0 mode 2
Event: 881.451 Thread 0x000001ec0eba0380 Uncommon trap: trap_request=0xffffff45 fr.pc=0x000001ec6fde1af0 relative=0x0000000000001130
Event: 881.451 Thread 0x000001ec0eba0380 Uncommon trap: reason=unstable_if action=reinterpret pc=0x000001ec6fde1af0 method=groovy.lang.MetaClassImpl.checkIfStdMethod(Lgroovy/lang/MetaMethod;)V @ 55 c2
Event: 881.451 Thread 0x000001ec0eba0380 DEOPT PACKING pc=0x000001ec6fde1af0 sp=0x000000a78b8f7ca0
Event: 881.451 Thread 0x000001ec0eba0380 DEOPT UNPACKING pc=0x000001ec68025c23 sp=0x000000a78b8f7c10 mode 2
Event: 881.451 Thread 0x000001ec0eba0380 Uncommon trap: trap_request=0xffffff45 fr.pc=0x000001ec6fddfd5c relative=0x00000000000009bc
Event: 881.451 Thread 0x000001ec0eba0380 Uncommon trap: reason=unstable_if action=reinterpret pc=0x000001ec6fddfd5c method=groovy.lang.MetaClassImpl.checkIfStdMethod(Lgroovy/lang/MetaMethod;)V @ 55 c2
Event: 881.451 Thread 0x000001ec0eba0380 DEOPT PACKING pc=0x000001ec6fddfd5c sp=0x000000a78b8f7c40
Event: 881.451 Thread 0x000001ec0eba0380 DEOPT UNPACKING pc=0x000001ec68025c23 sp=0x000000a78b8f7c08 mode 2
Event: 881.500 Thread 0x000001ec0eba0380 Uncommon trap: trap_request=0xffffff45 fr.pc=0x000001ec6ff216e4 relative=0x00000000000000e4
Event: 881.500 Thread 0x000001ec0eba0380 Uncommon trap: reason=unstable_if action=reinterpret pc=0x000001ec6ff216e4 method=java.lang.ThreadLocal$ThreadLocalMap.getEntryAfterMiss(Ljava/lang/ThreadLocal;ILjava/lang/ThreadLocal$ThreadLocalMap$Entry;)Ljava/lang/ThreadLocal$ThreadLocalMap$Entry; @ 30
Event: 881.500 Thread 0x000001ec0eba0380 DEOPT PACKING pc=0x000001ec6ff216e4 sp=0x000000a78b8f7390
Event: 881.500 Thread 0x000001ec0eba0380 DEOPT UNPACKING pc=0x000001ec68025c23 sp=0x000000a78b8f7310 mode 2
Event: 881.516 Thread 0x000001ec0eba0380 Uncommon trap: trap_request=0xffffff45 fr.pc=0x000001ec702dedf8 relative=0x0000000000000338
Event: 881.516 Thread 0x000001ec0eba0380 Uncommon trap: reason=unstable_if action=reinterpret pc=0x000001ec702dedf8 method=java.util.concurrent.locks.ReentrantReadWriteLock$Sync.tryAcquireShared(I)I @ 13 c2
Event: 881.516 Thread 0x000001ec0eba0380 DEOPT PACKING pc=0x000001ec702dedf8 sp=0x000000a78b8fc480
Event: 881.516 Thread 0x000001ec0eba0380 DEOPT UNPACKING pc=0x000001ec68025c23 sp=0x000000a78b8fc3c8 mode 2

Classes loaded (20 events):
Event: 881.404 Loading class java/security/SecureClassLoaderBeanInfo
Event: 881.404 Loading class java/security/SecureClassLoaderBeanInfo done
Event: 881.405 Loading class java/security/SecureClassLoaderBeanInfo
Event: 881.405 Loading class java/security/SecureClassLoaderBeanInfo done
Event: 881.405 Loading class java/lang/ClassLoaderBeanInfo
Event: 881.405 Loading class java/lang/ClassLoaderBeanInfo done
Event: 881.405 Loading class java/lang/ClassLoaderBeanInfo
Event: 881.405 Loading class java/lang/ClassLoaderBeanInfo done
Event: 881.405 Loading class java/lang/ClassLoaderCustomizer
Event: 881.405 Loading class java/lang/ClassLoaderCustomizer done
Event: 881.405 Loading class java/lang/ClassLoaderCustomizer
Event: 881.405 Loading class java/lang/ClassLoaderCustomizer done
Event: 881.406 Loading class java/security/SecureClassLoaderCustomizer
Event: 881.406 Loading class java/security/SecureClassLoaderCustomizer done
Event: 881.406 Loading class java/security/SecureClassLoaderCustomizer
Event: 881.406 Loading class java/security/SecureClassLoaderCustomizer done
Event: 881.406 Loading class java/net/URLClassLoaderCustomizer
Event: 881.406 Loading class java/net/URLClassLoaderCustomizer done
Event: 881.406 Loading class java/net/URLClassLoaderCustomizer
Event: 881.406 Loading class java/net/URLClassLoaderCustomizer done

Classes unloaded (20 events):
Event: 15.168 Thread 0x000001ec7f0aa710 Unloading class 0x00000008016e1800 'java/lang/invoke/LambdaForm$DMH+0x00000008016e1800'
Event: 15.168 Thread 0x000001ec7f0aa710 Unloading class 0x00000008016e1400 'java/lang/invoke/LambdaForm$DMH+0x00000008016e1400'
Event: 15.168 Thread 0x000001ec7f0aa710 Unloading class 0x00000008016e1000 'java/lang/invoke/LambdaForm$DMH+0x00000008016e1000'
Event: 15.168 Thread 0x000001ec7f0aa710 Unloading class 0x00000008016e0c00 'java/lang/invoke/LambdaForm$DMH+0x00000008016e0c00'
Event: 15.168 Thread 0x000001ec7f0aa710 Unloading class 0x00000008016e0800 'java/lang/invoke/LambdaForm$DMH+0x00000008016e0800'
Event: 15.168 Thread 0x000001ec7f0aa710 Unloading class 0x00000008016e0400 'java/lang/invoke/LambdaForm$DMH+0x00000008016e0400'
Event: 880.558 Thread 0x000001ec7f0aa710 Unloading class 0x0000000801b13400 'java/lang/invoke/LambdaForm$MH+0x0000000801b13400'
Event: 880.558 Thread 0x000001ec7f0aa710 Unloading class 0x0000000801b13000 'java/lang/invoke/LambdaForm$DMH+0x0000000801b13000'
Event: 880.558 Thread 0x000001ec7f0aa710 Unloading class 0x0000000801b11c00 'java/lang/invoke/LambdaForm$DMH+0x0000000801b11c00'
Event: 880.558 Thread 0x000001ec7f0aa710 Unloading class 0x0000000801b11400 'java/lang/invoke/LambdaForm$MH+0x0000000801b11400'
Event: 880.558 Thread 0x000001ec7f0aa710 Unloading class 0x0000000801b10800 'java/lang/invoke/LambdaForm$DMH+0x0000000801b10800'
Event: 880.558 Thread 0x000001ec7f0aa710 Unloading class 0x0000000801af8c00 'java/lang/invoke/LambdaForm$DMH+0x0000000801af8c00'
Event: 880.558 Thread 0x000001ec7f0aa710 Unloading class 0x0000000801af8800 'java/lang/invoke/LambdaForm$DMH+0x0000000801af8800'
Event: 880.558 Thread 0x000001ec7f0aa710 Unloading class 0x0000000801af8400 'java/lang/invoke/LambdaForm$DMH+0x0000000801af8400'
Event: 880.558 Thread 0x000001ec7f0aa710 Unloading class 0x0000000801ad8400 'java/lang/invoke/LambdaForm$DMH+0x0000000801ad8400'
Event: 880.558 Thread 0x000001ec7f0aa710 Unloading class 0x0000000801ad8800 'java/lang/invoke/LambdaForm$DMH+0x0000000801ad8800'
Event: 880.558 Thread 0x000001ec7f0aa710 Unloading class 0x0000000801a61000 'java/lang/invoke/LambdaForm$DMH+0x0000000801a61000'
Event: 880.558 Thread 0x000001ec7f0aa710 Unloading class 0x0000000801a60400 'java/lang/invoke/LambdaForm$DMH+0x0000000801a60400'
Event: 880.558 Thread 0x000001ec7f0aa710 Unloading class 0x0000000801a60000 'java/lang/invoke/LambdaForm$DMH+0x0000000801a60000'
Event: 880.558 Thread 0x000001ec7f0aa710 Unloading class 0x0000000801a60800 'java/lang/invoke/LambdaForm$DMH+0x0000000801a60800'

Classes redefined (0 events):
No events

Internal exceptions (20 events):
Event: 881.447 Thread 0x000001ec0eba0380 Exception <a 'java/lang/ClassNotFoundException'{0x000000008be497d8}: org/jetbrains/plugins/gradle/tooling/builder/ScalaModelBuilderImplBeanInfo> (0x000000008be497d8) 
thrown [s\open\src\hotspot\share\classfile\systemDictionary.cpp, line 255]
Event: 881.447 Thread 0x000001ec0eba0380 Exception <a 'java/lang/ClassNotFoundException'{0x000000008be54b88}: org/jetbrains/plugins/gradle/tooling/builder/ScalaModelBuilderImplCustomizer> (0x000000008be54b88) 
thrown [s\open\src\hotspot\share\classfile\systemDictionary.cpp, line 255]
Event: 881.452 Thread 0x000001ec0eba0380 Exception <a 'java/lang/ClassNotFoundException'{0x000000008beb38f8}: org/jetbrains/plugins/gradle/tooling/builder/ExternalProjectBuilderImpl$1BeanInfo> (0x000000008beb38f8) 
thrown [s\open\src\hotspot\share\classfile\systemDictionary.cpp, line 255]
Event: 881.452 Thread 0x000001ec0eba0380 Exception <a 'java/lang/ClassNotFoundException'{0x000000008bebed18}: org/jetbrains/plugins/gradle/tooling/builder/ExternalProjectBuilderImpl$1Customizer> (0x000000008bebed18) 
thrown [s\open\src\hotspot\share\classfile\systemDictionary.cpp, line 255]
Event: 881.456 Thread 0x000001ec0eba0380 Exception <a 'java/lang/ClassNotFoundException'{0x000000008bd1afa8}: org/jetbrains/plugins/gradle/tooling/builder/ExternalProjectBuilderImplBeanInfo> (0x000000008bd1afa8) 
thrown [s\open\src\hotspot\share\classfile\systemDictionary.cpp, line 255]
Event: 881.457 Thread 0x000001ec0eba0380 Exception <a 'java/lang/ClassNotFoundException'{0x000000008bd263b0}: org/jetbrains/plugins/gradle/tooling/builder/ExternalProjectBuilderImplCustomizer> (0x000000008bd263b0) 
thrown [s\open\src\hotspot\share\classfile\systemDictionary.cpp, line 255]
Event: 881.460 Thread 0x000001ec0eba0380 Exception <a 'java/lang/ClassNotFoundException'{0x000000008bd702d8}: org/jetbrains/plugins/gradle/tooling/builder/DependencyGraphModelBuilderImplBeanInfo> (0x000000008bd702d8) 
thrown [s\open\src\hotspot\share\classfile\systemDictionary.cpp, line 255]
Event: 881.460 Thread 0x000001ec0eba0380 Exception <a 'java/lang/ClassNotFoundException'{0x000000008bd7b700}: org/jetbrains/plugins/gradle/tooling/builder/DependencyGraphModelBuilderImplCustomizer> (0x000000008bd7b700) 
thrown [s\open\src\hotspot\share\classfile\systemDictionary.cpp, line 255]
Event: 881.464 Thread 0x000001ec0eba0380 Exception <a 'java/lang/ClassNotFoundException'{0x000000008bdba180}: org/jetbrains/plugins/gradle/tooling/builder/ExternalTestsModelBuilderImplBeanInfo> (0x000000008bdba180) 
thrown [s\open\src\hotspot\share\classfile\systemDictionary.cpp, line 255]
Event: 881.464 Thread 0x000001ec0eba0380 Exception <a 'java/lang/ClassNotFoundException'{0x000000008bdc55a0}: org/jetbrains/plugins/gradle/tooling/builder/ExternalTestsModelBuilderImplCustomizer> (0x000000008bdc55a0) 
thrown [s\open\src\hotspot\share\classfile\systemDictionary.cpp, line 255]
Event: 881.476 Thread 0x000001ec0eba0380 Exception <a 'java/lang/ClassNotFoundException'{0x000000008bca3f58}: org/jetbrains/plugins/gradle/tooling/builder/ProjectExtensionsDataBuilderImplBeanInfo> (0x000000008bca3f58) 
thrown [s\open\src\hotspot\share\classfile\systemDictionary.cpp, line 255]
Event: 881.477 Thread 0x000001ec0eba0380 Exception <a 'java/lang/ClassNotFoundException'{0x000000008bcaf390}: org/jetbrains/plugins/gradle/tooling/builder/ProjectExtensionsDataBuilderImplCustomizer> (0x000000008bcaf390) 
thrown [s\open\src\hotspot\share\classfile\systemDictionary.cpp, line 255]
Event: 881.479 Thread 0x000001ec0eba0380 Exception <a 'java/lang/ClassNotFoundException'{0x000000008bcdb190}: org/jetbrains/plugins/gradle/tooling/builder/IntelliJSettingsBuilderBeanInfo> (0x000000008bcdb190) 
thrown [s\open\src\hotspot\share\classfile\systemDictionary.cpp, line 255]
Event: 881.479 Thread 0x000001ec0eba0380 Exception <a 'java/lang/ClassNotFoundException'{0x000000008bce6548}: org/jetbrains/plugins/gradle/tooling/builder/IntelliJSettingsBuilderCustomizer> (0x000000008bce6548) 
thrown [s\open\src\hotspot\share\classfile\systemDictionary.cpp, line 255]
Event: 881.481 Thread 0x000001ec0eba0380 Exception <a 'java/lang/ClassNotFoundException'{0x000000008bb12100}: org/jetbrains/plugins/gradle/tooling/builder/IntelliJProjectSettingsBuilderBeanInfo> (0x000000008bb12100) 
thrown [s\open\src\hotspot\share\classfile\systemDictionary.cpp, line 255]
Event: 881.481 Thread 0x000001ec0eba0380 Exception <a 'java/lang/ClassNotFoundException'{0x000000008bb1d520}: org/jetbrains/plugins/gradle/tooling/builder/IntelliJProjectSettingsBuilderCustomizer> (0x000000008bb1d520) 
thrown [s\open\src\hotspot\share\classfile\systemDictionary.cpp, line 255]
Event: 881.521 Thread 0x000001ec0eba0380 Exception <a 'java/lang/ClassNotFoundException'{0x000000008b97db18}: org/jetbrains/plugins/gradle/model/web/WebConfigurationBeanInfo> (0x000000008b97db18) 
thrown [s\open\src\hotspot\share\classfile\systemDictionary.cpp, line 255]
Event: 881.521 Thread 0x000001ec0eba0380 Exception <a 'java/lang/ClassNotFoundException'{0x000000008b984b90}: org/jetbrains/plugins/gradle/model/web/WebConfigurationCustomizer> (0x000000008b984b90) 
thrown [s\open\src\hotspot\share\classfile\systemDictionary.cpp, line 255]
Event: 881.523 Thread 0x000001ec0eba0380 Exception <a 'java/lang/ClassNotFoundException'{0x000000008b9a9bc8}: org/jetbrains/plugins/gradle/model/scala/ScalaModelBeanInfo> (0x000000008b9a9bc8) 
thrown [s\open\src\hotspot\share\classfile\systemDictionary.cpp, line 255]
Event: 881.523 Thread 0x000001ec0eba0380 Exception <a 'java/lang/ClassNotFoundException'{0x000000008b9b0910}: org/jetbrains/plugins/gradle/model/scala/ScalaModelCustomizer> (0x000000008b9b0910) 
thrown [s\open\src\hotspot\share\classfile\systemDictionary.cpp, line 255]

VM Operations (20 events):
Event: 880.575 Executing VM operation: G1Concurrent done
Event: 880.614 Executing VM operation: G1Concurrent
Event: 880.632 Executing VM operation: G1Concurrent done
Event: 880.722 Executing VM operation: G1CollectForAllocation
Event: 880.726 Executing VM operation: G1CollectForAllocation done
Event: 880.737 Executing VM operation: G1CollectForAllocation
Event: 880.741 Executing VM operation: G1CollectForAllocation done
Event: 881.052 Executing VM operation: HandshakeAllThreads
Event: 881.052 Executing VM operation: HandshakeAllThreads done
Event: 881.054 Executing VM operation: ICBufferFull
Event: 881.054 Executing VM operation: ICBufferFull done
Event: 881.140 Executing VM operation: G1CollectForAllocation
Event: 881.143 Executing VM operation: G1CollectForAllocation done
Event: 881.281 Executing VM operation: HandshakeAllThreads
Event: 881.281 Executing VM operation: HandshakeAllThreads done
Event: 881.367 Executing VM operation: HandshakeAllThreads
Event: 881.367 Executing VM operation: HandshakeAllThreads done
Event: 881.372 Executing VM operation: G1CollectForAllocation
Event: 881.376 Executing VM operation: G1CollectForAllocation done
Event: 881.534 Executing VM operation: G1TryInitiateConcMark

Events (20 events):
Event: 521.310 Thread 0x000001ec7f0d91b0 flushing nmethod 0x000001ec69efa990
Event: 521.310 Thread 0x000001ec7f0d91b0 flushing nmethod 0x000001ec69f0ad10
Event: 521.310 Thread 0x000001ec7f0d91b0 flushing nmethod 0x000001ec69f19f90
Event: 521.310 Thread 0x000001ec7f0d91b0 flushing nmethod 0x000001ec69f1a310
Event: 521.310 Thread 0x000001ec7f0d91b0 flushing nmethod 0x000001ec69f1a690
Event: 521.310 Thread 0x000001ec7f0d91b0 flushing nmethod 0x000001ec69f54790
Event: 521.310 Thread 0x000001ec7f0d91b0 flushing nmethod 0x000001ec69f64310
Event: 879.913 Thread 0x000001ec0eba0850 Thread added: 0x000001ec0eba0850
Event: 879.913 Thread 0x000001ec0eba5550 Thread added: 0x000001ec0eba5550
Event: 879.929 Thread 0x000001ec0eba5ef0 Thread added: 0x000001ec0eba5ef0
Event: 879.933 Thread 0x000001ec0eba0380 Thread added: 0x000001ec0eba0380
Event: 879.937 Thread 0x000001ec0eb9feb0 Thread added: 0x000001ec0eb9feb0
Event: 879.937 Thread 0x000001ec0eba0d20 Thread added: 0x000001ec0eba0d20
Event: 879.938 Thread 0x000001ec0eba16c0 Thread added: 0x000001ec0eba16c0
Event: 879.943 Thread 0x000001ec0eba5a20 Thread added: 0x000001ec0eba5a20
Event: 879.964 Thread 0x000001ec099c6bc0 Thread added: 0x000001ec099c6bc0
Event: 880.118 Thread 0x000001ec0eba3d40 Thread added: 0x000001ec0eba3d40
Event: 880.121 Thread 0x000001ec0eba2530 Thread added: 0x000001ec0eba2530
Event: 880.126 Thread 0x000001ec0eba7230 Thread added: 0x000001ec0eba7230
Event: 881.528 Thread 0x000001ec0eb9f9e0 Thread added: 0x000001ec0eb9f9e0


Dynamic libraries:
0x00007ff61ae00000 - 0x00007ff61ae10000 	C:\Program Files\Java\jdk-18.0.1.1\bin\java.exe
0x00007ff877ed0000 - 0x00007ff8780c7000 	C:\Windows\SYSTEM32\ntdll.dll
0x00007ff876a30000 - 0x00007ff876aed000 	C:\Windows\System32\KERNEL32.DLL
0x00007ff875b90000 - 0x00007ff875e5d000 	C:\Windows\System32\KERNELBASE.dll
0x00007ff875a90000 - 0x00007ff875b90000 	C:\Windows\System32\ucrtbase.dll
0x00007ff84d520000 - 0x00007ff84d53a000 	C:\Program Files\Java\jdk-18.0.1.1\bin\VCRUNTIME140.dll
0x00007ff85a8a0000 - 0x00007ff85a8b8000 	C:\Program Files\Java\jdk-18.0.1.1\bin\jli.dll
0x00007ff877d80000 - 0x00007ff877e2e000 	C:\Windows\System32\ADVAPI32.dll
0x00007ff876e90000 - 0x00007ff876f2e000 	C:\Windows\System32\msvcrt.dll
0x00007ff876b60000 - 0x00007ff876bfc000 	C:\Windows\System32\sechost.dll
0x00007ff876840000 - 0x00007ff876965000 	C:\Windows\System32\RPCRT4.dll
0x00007ff875f30000 - 0x00007ff8760d0000 	C:\Windows\System32\USER32.dll
0x00007ff85be90000 - 0x00007ff85c12a000 	C:\Windows\WinSxS\amd64_microsoft.windows.common-controls_6595b64144ccf1df_6.0.19041.1110_none_60b5254171f9507e\COMCTL32.dll
0x00007ff875e60000 - 0x00007ff875e82000 	C:\Windows\System32\win32u.dll
0x00007ff8760d0000 - 0x00007ff8760fa000 	C:\Windows\System32\GDI32.dll
0x00007ff875730000 - 0x00007ff87583b000 	C:\Windows\System32\gdi32full.dll
0x00007ff875890000 - 0x00007ff87592d000 	C:\Windows\System32\msvcp_win.dll
0x00007ff8690d0000 - 0x00007ff8690da000 	C:\Windows\SYSTEM32\VERSION.dll
0x00007ff876100000 - 0x00007ff876130000 	C:\Windows\System32\IMM32.DLL
0x00007ff86aa10000 - 0x00007ff86aa1c000 	C:\Program Files\Java\jdk-18.0.1.1\bin\vcruntime140_1.dll
0x00007ff83aa70000 - 0x00007ff83aafd000 	C:\Program Files\Java\jdk-18.0.1.1\bin\msvcp140.dll
0x00007ff811860000 - 0x00007ff812470000 	C:\Program Files\Java\jdk-18.0.1.1\bin\server\jvm.dll
0x00007ff877bf0000 - 0x00007ff877bf8000 	C:\Windows\System32\PSAPI.DLL
0x00007ff853da0000 - 0x00007ff853da9000 	C:\Windows\SYSTEM32\WSOCK32.dll
0x00007ff85cb40000 - 0x00007ff85cb67000 	C:\Windows\SYSTEM32\WINMM.dll
0x00007ff876af0000 - 0x00007ff876b5b000 	C:\Windows\System32\WS2_32.dll
0x00007ff873e40000 - 0x00007ff873e52000 	C:\Windows\SYSTEM32\kernel.appcore.dll
0x00007ff86a9d0000 - 0x00007ff86a9da000 	C:\Program Files\Java\jdk-18.0.1.1\bin\jimage.dll
0x00007ff8739a0000 - 0x00007ff873b84000 	C:\Windows\SYSTEM32\DBGHELP.DLL
0x00007ff8604c0000 - 0x00007ff8604ec000 	C:\Windows\SYSTEM32\dbgcore.DLL
0x00007ff8755f0000 - 0x00007ff875672000 	C:\Windows\System32\bcryptPrimitives.dll
0x00007ff84d4f0000 - 0x00007ff84d515000 	C:\Program Files\Java\jdk-18.0.1.1\bin\java.dll
0x00007ff82da90000 - 0x00007ff82db66000 	C:\Program Files\Java\jdk-18.0.1.1\bin\jsvml.dll
0x00007ff876f30000 - 0x00007ff877674000 	C:\Windows\System32\SHELL32.dll
0x00007ff873130000 - 0x00007ff8738c4000 	C:\Windows\SYSTEM32\windows.storage.dll
0x00007ff8764e0000 - 0x00007ff876834000 	C:\Windows\System32\combase.dll
0x00007ff875050000 - 0x00007ff87507c000 	C:\Windows\SYSTEM32\Wldp.dll
0x00007ff876970000 - 0x00007ff876a1d000 	C:\Windows\System32\SHCORE.dll
0x00007ff876cd0000 - 0x00007ff876d25000 	C:\Windows\System32\shlwapi.dll
0x00007ff875530000 - 0x00007ff87554f000 	C:\Windows\SYSTEM32\profapi.dll
0x00007ff84c640000 - 0x00007ff84c653000 	C:\Program Files\Java\jdk-18.0.1.1\bin\net.dll
0x00007ff86cb80000 - 0x00007ff86cc8a000 	C:\Windows\SYSTEM32\WINHTTP.dll
0x00007ff874db0000 - 0x00007ff874e1a000 	C:\Windows\system32\mswsock.dll
0x00007ff84c620000 - 0x00007ff84c636000 	C:\Program Files\Java\jdk-18.0.1.1\bin\nio.dll
0x00007ff84adf0000 - 0x00007ff84ae08000 	C:\Program Files\Java\jdk-18.0.1.1\bin\zip.dll
0x00007ff85a7d0000 - 0x00007ff85a7e0000 	C:\Program Files\Java\jdk-18.0.1.1\bin\verify.dll
0x00007ff85a8c0000 - 0x00007ff85a8e7000 	C:\Program Files\Android\gradle-7.3.3\native\e1d6ef7f7dcc3fd88c89a11ec53ec762bb8ba0a96d01ffa2cd45eb1d1d8dd5c5\windows-amd64\native-platform.dll
0x00007ff816060000 - 0x00007ff8161a4000 	C:\Program Files\Android\gradle-7.3.3\native\5664cfc778a61ccfe75a443a1ab52a65af34e5dc3c78e0209fed803814484fcb\windows-amd64\native-platform-file-events.dll
0x00007ff85a6f0000 - 0x00007ff85a6f9000 	C:\Program Files\Java\jdk-18.0.1.1\bin\management.dll
0x00007ff84d4e0000 - 0x00007ff84d4eb000 	C:\Program Files\Java\jdk-18.0.1.1\bin\management_ext.dll
0x00007ff874fa0000 - 0x00007ff874fb8000 	C:\Windows\SYSTEM32\CRYPTSP.dll
0x00007ff874690000 - 0x00007ff8746c4000 	C:\Windows\system32\rsaenh.dll
0x00007ff875e90000 - 0x00007ff875eb7000 	C:\Windows\System32\bcrypt.dll
0x00007ff8754b0000 - 0x00007ff8754de000 	C:\Windows\SYSTEM32\USERENV.dll
0x00007ff874fc0000 - 0x00007ff874fcc000 	C:\Windows\SYSTEM32\CRYPTBASE.dll
0x00007ff874a50000 - 0x00007ff874a8b000 	C:\Windows\SYSTEM32\IPHLPAPI.DLL
0x00007ff877710000 - 0x00007ff877718000 	C:\Windows\System32\NSI.dll
0x00007ff869830000 - 0x00007ff869847000 	C:\Windows\SYSTEM32\dhcpcsvc6.DLL
0x00007ff869d30000 - 0x00007ff869d4d000 	C:\Windows\SYSTEM32\dhcpcsvc.DLL
0x00007ff874aa0000 - 0x00007ff874b6b000 	C:\Windows\SYSTEM32\DNSAPI.dll
0x00007ff8742b0000 - 0x00007ff8742e3000 	C:\Windows\SYSTEM32\ntmarta.dll
0x00007ff863010000 - 0x00007ff86301e000 	C:\Program Files\Java\jdk-18.0.1.1\bin\sunmscapi.dll
0x00007ff875930000 - 0x00007ff875a86000 	C:\Windows\System32\CRYPT32.dll
0x00007ff8750c0000 - 0x00007ff8750e7000 	C:\Windows\SYSTEM32\ncrypt.dll
0x00007ff875080000 - 0x00007ff8750bb000 	C:\Windows\SYSTEM32\NTASN1.dll

dbghelp: loaded successfully - version: 4.0.5 - missing functions: none
symbol engine: initialized successfully - sym options: 0x614 - pdb path: .;C:\Program Files\Java\jdk-18.0.1.1\bin;C:\Windows\SYSTEM32;C:\Windows\WinSxS\amd64_microsoft.windows.common-controls_6595b64144ccf1df_6.0.19041.1110_none_60b5254171f9507e;C:\Program Files\Java\jdk-18.0.1.1\bin\server;C:\Program Files\Android\gradle-7.3.3\native\e1d6ef7f7dcc3fd88c89a11ec53ec762bb8ba0a96d01ffa2cd45eb1d1d8dd5c5\windows-amd64;C:\Program Files\Android\gradle-7.3.3\native\5664cfc778a61ccfe75a443a1ab52a65af34e5dc3c78e0209fed803814484fcb\windows-amd64

VM Arguments:
jvm_args: --add-opens=java.base/java.util=ALL-UNNAMED --add-opens=java.base/java.lang=ALL-UNNAMED --add-opens=java.base/java.lang.invoke=ALL-UNNAMED --add-opens=java.base/java.util=ALL-UNNAMED --add-opens=java.prefs/java.util.prefs=ALL-UNNAMED --add-opens=java.prefs/java.util.prefs=ALL-UNNAMED --add-opens=java.base/java.nio.charset=ALL-UNNAMED --add-opens=java.base/java.net=ALL-UNNAMED --add-opens=java.base/java.util.concurrent.atomic=ALL-UNNAMED -Xmx2048m -Dfile.encoding=UTF-8 -Duser.country=IN -Duser.language=en -Duser.variant 
java_command: org.gradle.launcher.daemon.bootstrap.GradleDaemon 7.3.3
java_class_path (initial): C:\Program Files\Android\gradle-7.3.3\lib\gradle-launcher-7.3.3.jar
Launcher Type: SUN_STANDARD

[Global flags]
     intx CICompilerCount                          = 4                                         {product} {ergonomic}
     uint ConcGCThreads                            = 2                                         {product} {ergonomic}
     uint G1ConcRefinementThreads                  = 8                                         {product} {ergonomic}
   size_t G1HeapRegionSize                         = 1048576                                   {product} {ergonomic}
    uintx GCDrainStackTargetSize                   = 64                                        {product} {ergonomic}
   size_t InitialHeapSize                          = 132120576                                 {product} {ergonomic}
   size_t MarkStackSize                            = 4194304                                   {product} {ergonomic}
   size_t MaxHeapSize                              = 2147483648                                {product} {command line}
   size_t MaxNewSize                               = 1287651328                                {product} {ergonomic}
   size_t MinHeapDeltaBytes                        = 1048576                                   {product} {ergonomic}
   size_t MinHeapSize                              = 8388608                                   {product} {ergonomic}
    uintx NonNMethodCodeHeapSize                   = 5839372                                {pd product} {ergonomic}
    uintx NonProfiledCodeHeapSize                  = 122909434                              {pd product} {ergonomic}
    uintx ProfiledCodeHeapSize                     = 122909434                              {pd product} {ergonomic}
    uintx ReservedCodeCacheSize                    = 251658240                              {pd product} {ergonomic}
     bool SegmentedCodeCache                       = true                                      {product} {ergonomic}
   size_t SoftMaxHeapSize                          = 2147483648                             {manageable} {ergonomic}
     bool UseCompressedClassPointers               = true                           {product lp64_product} {ergonomic}
     bool UseCompressedOops                        = true                           {product lp64_product} {ergonomic}
     bool UseG1GC                                  = true                                      {product} {ergonomic}
     bool UseLargePagesIndividualAllocation        = false                                  {pd product} {ergonomic}

Logging:
Log output configuration:
 #0: stdout all=warning uptime,level,tags foldmultilines=false
 #1: stderr all=off uptime,level,tags foldmultilines=false

Environment Variables:
JAVA_HOME=C:\Program Files\Java\jdk-18.0.1.1
PATH=C:\Program Files\Common Files\Oracle\Java\javapath;C:\Windows\system32;C:\Windows;C:\Windows\System32\Wbem;C:\Windows\System32\WindowsPowerShell\v1.0\;C:\Windows\System32\OpenSSH\;C:\Program Files\Git\cmd;C:\Users\suraj\AppData\Local\Microsoft\WindowsApps
USERNAME=suraj
OS=Windows_NT
PROCESSOR_IDENTIFIER=Intel64 Family 6 Model 140 Stepping 1, GenuineIntel



---------------  S Y S T E M  ---------------

OS:
 Windows 10 , 64 bit Build 19041 (10.0.19041.1741)
OS uptime: 0 days 1:13 hours
Hyper-V role detected

CPU: total 8 (initial active 8) (4 cores per cpu, 2 threads per core) family 6 model 140 stepping 1 microcode 0x86, cx8, cmov, fxsr, ht, mmx, 3dnowpref, sse, sse2, sse3, ssse3, sse4.1, sse4.2, popcnt, lzcnt, tsc, tscinvbit, avx, avx2, aes, erms, clmul, bmi1, bmi2, adx, avx512f, avx512dq, avx512cd, avx512bw, avx512vl, sha, fma, vzeroupper, avx512_vpopcntdq, avx512_vpclmulqdq, avx512_vaes, avx512_vnni, clflush, clflushopt, clwb, avx512_vbmi2, avx512_vbmi, hv

Memory: 4k page, system-wide physical 7987M (493M free)
TotalPageFile size 7987M (AvailPageFile size 6M)
current process WorkingSet (physical memory assigned to process): 517M, peak: 517M
current process commit charge ("private bytes"): 687M, peak: 689M

vm_info: Java HotSpot(TM) 64-Bit Server VM (18.0.1.1+2-6) for windows-amd64 JRE (18.0.1.1+2-6), built on Apr 25 2022 21:53:15 by "mach5one" with MS VC++ 16.8 / 16.9 (VS2019)

END.
