#
# There is insufficient memory for the Java Runtime Environment to continue.
# Native memory allocation (malloc) failed to allocate 1726096 bytes for Chunk::new
# Possible reasons:
#   The system is out of physical RAM or swap space
#   The process is running with CompressedOops enabled, and the Java Heap may be blocking the growth of the native heap
# Possible solutions:
#   Reduce memory load on the system
#   Increase physical memory or swap space
#   Check if swap backing store is full
#   Decrease Java heap size (-Xmx/-Xms)
#   Decrease number of Java threads
#   Decrease Java thread stack sizes (-Xss)
#   Set larger code cache with -XX:ReservedCodeCacheSize=
#   JVM is running with Unscaled Compressed Oops mode in which the Java heap is
#     placed in the first 4GB address space. The Java Heap base address is the
#     maximum limit for the native heap growth. Please use -XX:HeapBaseMinAddress
#     to set the Java Heap base and to place the Java Heap above 4GB virtual address.
# This output file may be truncated or incomplete.
#
#  Out of Memory Error (./src/hotspot/share/memory/arena.cpp:197), pid=15952, tid=7828
#
# JRE version: OpenJDK Runtime Environment (11.0.12+7) (build 11.0.12+7-b1504.28-7817840)
# Java VM: OpenJDK 64-Bit Server VM (11.0.12+7-b1504.28-7817840, mixed mode, tiered, compressed oops, g1 gc, windows-amd64)
# No core dump will be written. Minidumps are not enabled by default on client versions of Windows
#

---------------  S U M M A R Y ------------

Command Line: --add-opens=java.base/java.util=ALL-UNNAMED --add-opens=java.base/java.lang=ALL-UNNAMED --add-opens=java.base/java.lang.invoke=ALL-UNNAMED --add-opens=java.base/java.util=ALL-UNNAMED --add-opens=java.prefs/java.util.prefs=ALL-UNNAMED --add-opens=java.prefs/java.util.prefs=ALL-UNNAMED --add-opens=java.base/java.nio.charset=ALL-UNNAMED --add-opens=java.base/java.net=ALL-UNNAMED --add-opens=java.base/java.util.concurrent.atomic=ALL-UNNAMED -Xmx2048m -Dfile.encoding=UTF-8 -Duser.country=IN -Duser.language=en -Duser.variant org.gradle.launcher.daemon.bootstrap.GradleDaemon 7.3.3

Host: 11th Gen Intel(R) Core(TM) i5-1135G7 @ 2.40GHz, 8 cores, 7G,  Windows 10 , 64 bit Build 19041 (10.0.19041.1741)
Time: Thu Jun 16 16:06:31 2022 India Standard Time elapsed time: 8.499065 seconds (0d 0h 0m 8s)

---------------  T H R E A D  ---------------

Current thread (0x00000232439a2800):  JavaThread "C2 CompilerThread0" daemon [_thread_in_native, id=7828, stack(0x000000e779700000,0x000000e779800000)]


Current CompileTask:
C2:   8499 9311       4       java.lang.Class::annotationData (44 bytes)

Stack: [0x000000e779700000,0x000000e779800000]
Native frames: (J=compiled Java code, j=interpreted, Vv=VM code, C=native code)
V  [jvm.dll+0x5fbcea]
V  [jvm.dll+0x731905]
V  [jvm.dll+0x732f1d]
V  [jvm.dll+0x7335d3]
V  [jvm.dll+0x247bf8]
V  [jvm.dll+0xc018c]
V  [jvm.dll+0xc06cc]
V  [jvm.dll+0x35b2db]
V  [jvm.dll+0x328803]
V  [jvm.dll+0x327cfa]
V  [jvm.dll+0x200602]
V  [jvm.dll+0x1ff794]
V  [jvm.dll+0x18868c]
V  [jvm.dll+0x20e0d7]
V  [jvm.dll+0x20c901]
V  [jvm.dll+0x6f9b7f]
V  [jvm.dll+0x6f26a5]
V  [jvm.dll+0x5fabf6]
C  [ucrtbase.dll+0x21bb2]
C  [KERNEL32.DLL+0x17034]
C  [ntdll.dll+0x52651]


---------------  P R O C E S S  ---------------

Threads class SMR info:
_java_thread_list=0x000002324b591870, length=126, elements={
0x0000023228d2a800, 0x0000023243980800, 0x000002324398a000, 0x000002324399c800,
0x000002324399f000, 0x00000232439a1000, 0x00000232439a2800, 0x00000232439a6000,
0x00000232439a7800, 0x000002324445f000, 0x0000023244630800, 0x000002324475c000,
0x0000023245858000, 0x00000232466ad800, 0x00000232449ca800, 0x0000023245269800,
0x000002324558b000, 0x0000023246664800, 0x0000023246413800, 0x00000232467e3000,
0x0000023246db3000, 0x0000023246725000, 0x0000023246728800, 0x0000023246727800,
0x0000023246722800, 0x0000023246726000, 0x0000023246729000, 0x0000023246726800,
0x0000023246723800, 0x0000023246724000, 0x000002324812b800, 0x000002324812e000,
0x000002324812f000, 0x0000023248130000, 0x000002324812d800, 0x000002324812b000,
0x0000023248131800, 0x000002324812c800, 0x0000023248130800, 0x0000023249279800,
0x000002324927b000, 0x0000023249277800, 0x000002324927c000, 0x0000023249276000,
0x0000023249278800, 0x000002324927c800, 0x0000023249277000, 0x000002324927e800,
0x0000023249280000, 0x0000023249283000, 0x0000023249280800, 0x000002324927d800,
0x0000023249281800, 0x0000023249282800, 0x0000023249284000, 0x000002324927f000,
0x000002324c15f000, 0x000002324c162800, 0x000002324c163000, 0x000002324c160000,
0x000002324c15d800, 0x000002324c164000, 0x000002324c15e800, 0x000002324c165000,
0x000002324c165800, 0x000002324c161000, 0x000002324c167800, 0x000002324c166800,
0x000002324c161800, 0x000002324c168000, 0x000002324c169800, 0x000002324c169000,
0x000002324c16a800, 0x000002324c16b800, 0x000002324c16c000, 0x00000232496dd000,
0x00000232496da000, 0x00000232496da800, 0x00000232496de000, 0x00000232496dc000,
0x00000232496db800, 0x00000232496d8000, 0x00000232496de800, 0x00000232496d9000,
0x00000232496e2800, 0x00000232496e3800, 0x00000232496e2000, 0x00000232496e5000,
0x00000232496e4800, 0x00000232496df800, 0x00000232496e6000, 0x00000232496e0800,
0x00000232496e7000, 0x00000232496e1000, 0x000002324d0e9000, 0x000002324d0eb800,
0x000002324d0e8800, 0x000002324d0ec800, 0x000002324d0ef800, 0x000002324d0ed000,
0x000002324d0ee000, 0x000002324d0ea800, 0x000002324d0ef000, 0x000002324d0ea000,
0x000002324d0f2000, 0x000002324d0f5800, 0x000002324d0f0800, 0x000002324d0f7000,
0x000002324d0f6000, 0x000002324d0f1000, 0x000002324d0f3000, 0x000002324d0f3800,
0x000002324d0f4800, 0x00000232492b9000, 0x00000232492b4800, 0x00000232492b5000,
0x00000232492bb000, 0x00000232492b8800, 0x00000232492b6000, 0x00000232492ba000,
0x00000232492bb800, 0x00000232492bc800, 0x00000232492b7000, 0x00000232492bd800,
0x00000232492b7800, 0x000002324ccd3800
}

Java Threads: ( => current thread )
  0x0000023228d2a800 JavaThread "main" [_thread_blocked, id=8852, stack(0x000000e778b00000,0x000000e778c00000)]
  0x0000023243980800 JavaThread "Reference Handler" daemon [_thread_blocked, id=16744, stack(0x000000e779200000,0x000000e779300000)]
  0x000002324398a000 JavaThread "Finalizer" daemon [_thread_blocked, id=4600, stack(0x000000e779300000,0x000000e779400000)]
  0x000002324399c800 JavaThread "Signal Dispatcher" daemon [_thread_blocked, id=14296, stack(0x000000e779400000,0x000000e779500000)]
  0x000002324399f000 JavaThread "Attach Listener" daemon [_thread_blocked, id=6044, stack(0x000000e779500000,0x000000e779600000)]
  0x00000232439a1000 JavaThread "Service Thread" daemon [_thread_blocked, id=15600, stack(0x000000e779600000,0x000000e779700000)]
=>0x00000232439a2800 JavaThread "C2 CompilerThread0" daemon [_thread_in_native, id=7828, stack(0x000000e779700000,0x000000e779800000)]
  0x00000232439a6000 JavaThread "C1 CompilerThread0" daemon [_thread_blocked, id=9780, stack(0x000000e779800000,0x000000e779900000)]
  0x00000232439a7800 JavaThread "Sweeper thread" daemon [_thread_blocked, id=5920, stack(0x000000e779900000,0x000000e779a00000)]
  0x000002324445f000 JavaThread "Common-Cleaner" daemon [_thread_blocked, id=6808, stack(0x000000e779a00000,0x000000e779b00000)]
  0x0000023244630800 JavaThread "C2 CompilerThread1" daemon [_thread_in_native, id=11616, stack(0x000000e779c00000,0x000000e779d00000)]
  0x000002324475c000 JavaThread "C2 CompilerThread2" daemon [_thread_in_native, id=12960, stack(0x000000e779d00000,0x000000e779e00000)]
  0x0000023245858000 JavaThread "Daemon health stats" [_thread_blocked, id=15424, stack(0x000000e77a000000,0x000000e77a100000)]
  0x00000232466ad800 JavaThread "Incoming local TCP Connector on port 54349" [_thread_in_native, id=9948, stack(0x000000e77a100000,0x000000e77a200000)]
  0x00000232449ca800 JavaThread "Daemon periodic checks" [_thread_blocked, id=11712, stack(0x000000e77a200000,0x000000e77a300000)]
  0x0000023245269800 JavaThread "Daemon" [_thread_blocked, id=15864, stack(0x000000e77a300000,0x000000e77a400000)]
  0x000002324558b000 JavaThread "Handler for socket connection from /127.0.0.1:54349 to /127.0.0.1:54350" [_thread_in_native, id=14348, stack(0x000000e77a400000,0x000000e77a500000)]
  0x0000023246664800 JavaThread "Cancel handler" [_thread_blocked, id=15700, stack(0x000000e77a500000,0x000000e77a600000)]
  0x0000023246413800 JavaThread "Daemon worker" [_thread_in_Java, id=9240, stack(0x000000e77a600000,0x000000e77a700000)]
  0x00000232467e3000 JavaThread "Asynchronous log dispatcher for DefaultDaemonConnection: socket connection from /127.0.0.1:54349 to /127.0.0.1:54350" [_thread_blocked, id=1752, stack(0x000000e77a700000,0x000000e77a800000)]
  0x0000023246db3000 JavaThread "Stdin handler" [_thread_blocked, id=8584, stack(0x000000e77a800000,0x000000e77a900000)]
  0x0000023246725000 JavaThread "Daemon client event forwarder" [_thread_blocked, id=9924, stack(0x000000e77a900000,0x000000e77aa00000)]
  0x0000023246728800 JavaThread "Cache worker for journal cache (C:\Program Files\Android\gradle-7.3.3\caches\journal-1)" [_thread_blocked, id=16428, stack(0x000000e77af00000,0x000000e77b000000)]
  0x0000023246727800 JavaThread "File lock request listener" [_thread_in_native, id=2488, stack(0x000000e77b000000,0x000000e77b100000)]
  0x0000023246722800 JavaThread "Cache worker for file hash cache (C:\Program Files\Android\gradle-7.3.3\caches\7.3.3\fileHashes)" [_thread_blocked, id=14360, stack(0x000000e77b200000,0x000000e77b300000)]
  0x0000023246726000 JavaThread "Cache worker for file hash cache (D:\EmailLogin\.gradle\7.3.3\fileHashes)" [_thread_blocked, id=1924, stack(0x000000e77b300000,0x000000e77b400000)]
  0x0000023246729000 JavaThread "File watcher server" daemon [_thread_in_native, id=11260, stack(0x000000e77b400000,0x000000e77b500000)]
  0x0000023246726800 JavaThread "File watcher consumer" daemon [_thread_blocked, id=2388, stack(0x000000e77b500000,0x000000e77b600000)]
  0x0000023246723800 JavaThread "jar transforms" [_thread_blocked, id=11492, stack(0x000000e77b600000,0x000000e77b700000)]
  0x0000023246724000 JavaThread "jar transforms Thread 2" [_thread_blocked, id=16280, stack(0x000000e77b700000,0x000000e77b800000)]
  0x000002324812b800 JavaThread "jar transforms Thread 3" [_thread_blocked, id=12392, stack(0x000000e77b800000,0x000000e77b900000)]
  0x000002324812e000 JavaThread "jar transforms Thread 4" [_thread_blocked, id=8220, stack(0x000000e77b900000,0x000000e77ba00000)]
  0x000002324812f000 JavaThread "jar transforms Thread 5" [_thread_blocked, id=1240, stack(0x000000e77ba00000,0x000000e77bb00000)]
  0x0000023248130000 JavaThread "jar transforms Thread 6" [_thread_blocked, id=8604, stack(0x000000e77bb00000,0x000000e77bc00000)]
  0x000002324812d800 JavaThread "jar transforms Thread 7" [_thread_blocked, id=15792, stack(0x000000e77bc00000,0x000000e77bd00000)]
  0x000002324812b000 JavaThread "jar transforms Thread 8" [_thread_blocked, id=17032, stack(0x000000e77bd00000,0x000000e77be00000)]
  0x0000023248131800 JavaThread "Cache worker for checksums cache (D:\EmailLogin\.gradle\7.3.3\checksums)" [_thread_blocked, id=16436, stack(0x000000e77be00000,0x000000e77bf00000)]
  0x000002324812c800 JavaThread "Cache worker for cache directory md-supplier (C:\Program Files\Android\gradle-7.3.3\caches\7.3.3\md-supplier)" [_thread_blocked, id=16056, stack(0x000000e77bf00000,0x000000e77c000000)]
  0x0000023248130800 JavaThread "Cache worker for cache directory md-rule (C:\Program Files\Android\gradle-7.3.3\caches\7.3.3\md-rule)" [_thread_blocked, id=1936, stack(0x000000e77c000000,0x000000e77c100000)]
  0x0000023249279800 JavaThread "Cache worker for execution history cache (C:\Program Files\Android\gradle-7.3.3\caches\7.3.3\executionHistory)" [_thread_blocked, id=14996, stack(0x000000e77c100000,0x000000e77c200000)]
  0x000002324927b000 JavaThread "Cache worker for file content cache (C:\Program Files\Android\gradle-7.3.3\caches\7.3.3\fileContent)" [_thread_blocked, id=9252, stack(0x000000e77c200000,0x000000e77c300000)]
  0x0000023249277800 JavaThread "Cache worker for dependencies-accessors (D:\EmailLogin\.gradle\7.3.3\dependencies-accessors)" [_thread_blocked, id=10676, stack(0x000000e77c300000,0x000000e77c400000)]
  0x000002324927c000 JavaThread "Cache worker for Build Output Cleanup Cache (D:\EmailLogin\.gradle\buildOutputCleanup)" [_thread_blocked, id=8292, stack(0x000000e77c400000,0x000000e77c500000)]
  0x0000023249276000 JavaThread "Unconstrained build operations" [_thread_blocked, id=7868, stack(0x000000e77c500000,0x000000e77c600000)]
  0x0000023249278800 JavaThread "Unconstrained build operations Thread 2" [_thread_blocked, id=8788, stack(0x000000e77c600000,0x000000e77c700000)]
  0x000002324927c800 JavaThread "Unconstrained build operations Thread 3" [_thread_blocked, id=16328, stack(0x000000e77c700000,0x000000e77c800000)]
  0x0000023249277000 JavaThread "Unconstrained build operations Thread 4" [_thread_blocked, id=15484, stack(0x000000e77c800000,0x000000e77c900000)]
  0x000002324927e800 JavaThread "Unconstrained build operations Thread 5" [_thread_blocked, id=9280, stack(0x000000e77c900000,0x000000e77ca00000)]
  0x0000023249280000 JavaThread "Unconstrained build operations Thread 6" [_thread_blocked, id=14148, stack(0x000000e77ca00000,0x000000e77cb00000)]
  0x0000023249283000 JavaThread "Unconstrained build operations Thread 7" [_thread_blocked, id=17320, stack(0x000000e77cb00000,0x000000e77cc00000)]
  0x0000023249280800 JavaThread "Unconstrained build operations Thread 8" [_thread_blocked, id=9476, stack(0x000000e77cc00000,0x000000e77cd00000)]
  0x000002324927d800 JavaThread "Unconstrained build operations Thread 9" [_thread_blocked, id=3576, stack(0x000000e77cd00000,0x000000e77ce00000)]
  0x0000023249281800 JavaThread "Unconstrained build operations Thread 10" [_thread_blocked, id=4492, stack(0x000000e77ce00000,0x000000e77cf00000)]
  0x0000023249282800 JavaThread "Unconstrained build operations Thread 11" [_thread_blocked, id=8484, stack(0x000000e77cf00000,0x000000e77d000000)]
  0x0000023249284000 JavaThread "Unconstrained build operations Thread 12" [_thread_blocked, id=13200, stack(0x000000e77d000000,0x000000e77d100000)]
  0x000002324927f000 JavaThread "Unconstrained build operations Thread 13" [_thread_blocked, id=4036, stack(0x000000e77d100000,0x000000e77d200000)]
  0x000002324c15f000 JavaThread "Unconstrained build operations Thread 14" [_thread_blocked, id=15156, stack(0x000000e77d200000,0x000000e77d300000)]
  0x000002324c162800 JavaThread "Unconstrained build operations Thread 15" [_thread_blocked, id=1912, stack(0x000000e77d300000,0x000000e77d400000)]
  0x000002324c163000 JavaThread "Unconstrained build operations Thread 16" [_thread_blocked, id=2084, stack(0x000000e77d400000,0x000000e77d500000)]
  0x000002324c160000 JavaThread "Unconstrained build operations Thread 17" [_thread_blocked, id=3292, stack(0x000000e77d500000,0x000000e77d600000)]
  0x000002324c15d800 JavaThread "Unconstrained build operations Thread 18" [_thread_blocked, id=14256, stack(0x000000e77d600000,0x000000e77d700000)]
  0x000002324c164000 JavaThread "Unconstrained build operations Thread 19" [_thread_blocked, id=15760, stack(0x000000e77d700000,0x000000e77d800000)]
  0x000002324c15e800 JavaThread "Unconstrained build operations Thread 20" [_thread_blocked, id=14624, stack(0x000000e77d800000,0x000000e77d900000)]
  0x000002324c165000 JavaThread "Unconstrained build operations Thread 21" [_thread_blocked, id=11516, stack(0x000000e77d900000,0x000000e77da00000)]
  0x000002324c165800 JavaThread "Unconstrained build operations Thread 22" [_thread_blocked, id=5604, stack(0x000000e77da00000,0x000000e77db00000)]
  0x000002324c161000 JavaThread "Unconstrained build operations Thread 23" [_thread_blocked, id=10256, stack(0x000000e77db00000,0x000000e77dc00000)]
  0x000002324c167800 JavaThread "Unconstrained build operations Thread 24" [_thread_blocked, id=5264, stack(0x000000e77dc00000,0x000000e77dd00000)]
  0x000002324c166800 JavaThread "Unconstrained build operations Thread 25" [_thread_blocked, id=14144, stack(0x000000e77dd00000,0x000000e77de00000)]
  0x000002324c161800 JavaThread "Unconstrained build operations Thread 26" [_thread_blocked, id=12636, stack(0x000000e77de00000,0x000000e77df00000)]
  0x000002324c168000 JavaThread "Unconstrained build operations Thread 27" [_thread_blocked, id=8188, stack(0x000000e77df00000,0x000000e77e000000)]
  0x000002324c169800 JavaThread "Unconstrained build operations Thread 28" [_thread_blocked, id=2988, stack(0x000000e77e000000,0x000000e77e100000)]
  0x000002324c169000 JavaThread "Unconstrained build operations Thread 29" [_thread_blocked, id=16688, stack(0x000000e77e100000,0x000000e77e200000)]
  0x000002324c16a800 JavaThread "Unconstrained build operations Thread 30" [_thread_blocked, id=15940, stack(0x000000e77e200000,0x000000e77e300000)]
  0x000002324c16b800 JavaThread "Unconstrained build operations Thread 31" [_thread_blocked, id=444, stack(0x000000e77e300000,0x000000e77e400000)]
  0x000002324c16c000 JavaThread "Unconstrained build operations Thread 32" [_thread_blocked, id=1780, stack(0x000000e77e400000,0x000000e77e500000)]
  0x00000232496dd000 JavaThread "Unconstrained build operations Thread 33" [_thread_blocked, id=15756, stack(0x000000e77e500000,0x000000e77e600000)]
  0x00000232496da000 JavaThread "Unconstrained build operations Thread 34" [_thread_blocked, id=10792, stack(0x000000e77e600000,0x000000e77e700000)]
  0x00000232496da800 JavaThread "Unconstrained build operations Thread 35" [_thread_blocked, id=9880, stack(0x000000e77e700000,0x000000e77e800000)]
  0x00000232496de000 JavaThread "Unconstrained build operations Thread 36" [_thread_blocked, id=17396, stack(0x000000e77e800000,0x000000e77e900000)]
  0x00000232496dc000 JavaThread "Unconstrained build operations Thread 37" [_thread_blocked, id=7012, stack(0x000000e77e900000,0x000000e77ea00000)]
  0x00000232496db800 JavaThread "Unconstrained build operations Thread 38" [_thread_blocked, id=8428, stack(0x000000e77ea00000,0x000000e77eb00000)]
  0x00000232496d8000 JavaThread "Unconstrained build operations Thread 39" [_thread_blocked, id=13792, stack(0x000000e77eb00000,0x000000e77ec00000)]
  0x00000232496de800 JavaThread "Unconstrained build operations Thread 40" [_thread_blocked, id=11080, stack(0x000000e77ec00000,0x000000e77ed00000)]
  0x00000232496d9000 JavaThread "Unconstrained build operations Thread 41" [_thread_blocked, id=1296, stack(0x000000e77ed00000,0x000000e77ee00000)]
  0x00000232496e2800 JavaThread "Unconstrained build operations Thread 42" [_thread_blocked, id=16172, stack(0x000000e77ee00000,0x000000e77ef00000)]
  0x00000232496e3800 JavaThread "Unconstrained build operations Thread 43" [_thread_blocked, id=13896, stack(0x000000e77ef00000,0x000000e77f000000)]
  0x00000232496e2000 JavaThread "Unconstrained build operations Thread 44" [_thread_blocked, id=13264, stack(0x000000e77f000000,0x000000e77f100000)]
  0x00000232496e5000 JavaThread "Unconstrained build operations Thread 45" [_thread_blocked, id=6272, stack(0x000000e77f100000,0x000000e77f200000)]
  0x00000232496e4800 JavaThread "Unconstrained build operations Thread 46" [_thread_blocked, id=16756, stack(0x000000e77f200000,0x000000e77f300000)]
  0x00000232496df800 JavaThread "Unconstrained build operations Thread 47" [_thread_blocked, id=2108, stack(0x000000e77f300000,0x000000e77f400000)]
  0x00000232496e6000 JavaThread "Unconstrained build operations Thread 48" [_thread_blocked, id=2540, stack(0x000000e77f400000,0x000000e77f500000)]
  0x00000232496e0800 JavaThread "Unconstrained build operations Thread 49" [_thread_blocked, id=16016, stack(0x000000e77f500000,0x000000e77f600000)]
  0x00000232496e7000 JavaThread "Unconstrained build operations Thread 50" [_thread_blocked, id=17276, stack(0x000000e77f600000,0x000000e77f700000)]
  0x00000232496e1000 JavaThread "Unconstrained build operations Thread 51" [_thread_blocked, id=15216, stack(0x000000e77f700000,0x000000e77f800000)]
  0x000002324d0e9000 JavaThread "Unconstrained build operations Thread 52" [_thread_blocked, id=1148, stack(0x000000e77f800000,0x000000e77f900000)]
  0x000002324d0eb800 JavaThread "Unconstrained build operations Thread 53" [_thread_blocked, id=9584, stack(0x000000e77f900000,0x000000e77fa00000)]
  0x000002324d0e8800 JavaThread "Unconstrained build operations Thread 54" [_thread_blocked, id=7372, stack(0x000000e77fa00000,0x000000e77fb00000)]
  0x000002324d0ec800 JavaThread "Unconstrained build operations Thread 55" [_thread_blocked, id=16080, stack(0x000000e77fb00000,0x000000e77fc00000)]
  0x000002324d0ef800 JavaThread "Unconstrained build operations Thread 56" [_thread_blocked, id=7764, stack(0x000000e77fc00000,0x000000e77fd00000)]
  0x000002324d0ed000 JavaThread "Unconstrained build operations Thread 57" [_thread_blocked, id=16468, stack(0x000000e77fd00000,0x000000e77fe00000)]
  0x000002324d0ee000 JavaThread "Unconstrained build operations Thread 58" [_thread_blocked, id=8, stack(0x000000e77fe00000,0x000000e77ff00000)]
  0x000002324d0ea800 JavaThread "Unconstrained build operations Thread 59" [_thread_blocked, id=9180, stack(0x000000e77ff00000,0x000000e780000000)]
  0x000002324d0ef000 JavaThread "Unconstrained build operations Thread 60" [_thread_blocked, id=12988, stack(0x000000e700000000,0x000000e700100000)]
  0x000002324d0ea000 JavaThread "Unconstrained build operations Thread 61" [_thread_blocked, id=7456, stack(0x000000e700100000,0x000000e700200000)]
  0x000002324d0f2000 JavaThread "Unconstrained build operations Thread 62" [_thread_blocked, id=16096, stack(0x000000e700200000,0x000000e700300000)]
  0x000002324d0f5800 JavaThread "Unconstrained build operations Thread 63" [_thread_blocked, id=11676, stack(0x000000e700300000,0x000000e700400000)]
  0x000002324d0f0800 JavaThread "Unconstrained build operations Thread 64" [_thread_blocked, id=6488, stack(0x000000e700400000,0x000000e700500000)]
  0x000002324d0f7000 JavaThread "Unconstrained build operations Thread 65" [_thread_blocked, id=3084, stack(0x000000e700500000,0x000000e700600000)]
  0x000002324d0f6000 JavaThread "Unconstrained build operations Thread 66" [_thread_blocked, id=17200, stack(0x000000e700600000,0x000000e700700000)]
  0x000002324d0f1000 JavaThread "Unconstrained build operations Thread 67" [_thread_blocked, id=8508, stack(0x000000e700700000,0x000000e700800000)]
  0x000002324d0f3000 JavaThread "Unconstrained build operations Thread 68" [_thread_blocked, id=4496, stack(0x000000e700800000,0x000000e700900000)]
  0x000002324d0f3800 JavaThread "Unconstrained build operations Thread 69" [_thread_blocked, id=10608, stack(0x000000e700900000,0x000000e700a00000)]
  0x000002324d0f4800 JavaThread "Unconstrained build operations Thread 70" [_thread_blocked, id=15788, stack(0x000000e700a00000,0x000000e700b00000)]
  0x00000232492b9000 JavaThread "Unconstrained build operations Thread 71" [_thread_blocked, id=3628, stack(0x000000e700b00000,0x000000e700c00000)]
  0x00000232492b4800 JavaThread "Unconstrained build operations Thread 72" [_thread_blocked, id=15544, stack(0x000000e700c00000,0x000000e700d00000)]
  0x00000232492b5000 JavaThread "Unconstrained build operations Thread 73" [_thread_blocked, id=11868, stack(0x000000e700d00000,0x000000e700e00000)]
  0x00000232492bb000 JavaThread "Unconstrained build operations Thread 74" [_thread_blocked, id=15980, stack(0x000000e700e00000,0x000000e700f00000)]
  0x00000232492b8800 JavaThread "Unconstrained build operations Thread 75" [_thread_blocked, id=1712, stack(0x000000e700f00000,0x000000e701000000)]
  0x00000232492b6000 JavaThread "Unconstrained build operations Thread 76" [_thread_blocked, id=16444, stack(0x000000e701000000,0x000000e701100000)]
  0x00000232492ba000 JavaThread "Unconstrained build operations Thread 77" [_thread_blocked, id=10252, stack(0x000000e701100000,0x000000e701200000)]
  0x00000232492bb800 JavaThread "Unconstrained build operations Thread 78" [_thread_blocked, id=8556, stack(0x000000e701200000,0x000000e701300000)]
  0x00000232492bc800 JavaThread "Unconstrained build operations Thread 79" [_thread_blocked, id=9812, stack(0x000000e701300000,0x000000e701400000)]
  0x00000232492b7000 JavaThread "Unconstrained build operations Thread 80" [_thread_blocked, id=15304, stack(0x000000e701400000,0x000000e701500000)]
  0x00000232492bd800 JavaThread "Memory manager" [_thread_blocked, id=15628, stack(0x000000e701500000,0x000000e701600000)]
  0x00000232492b7800 JavaThread "pool-3-thread-1" [_thread_blocked, id=9248, stack(0x000000e701600000,0x000000e701700000)]
  0x000002324ccd3800 JavaThread "Cache worker for execution history cache (D:\EmailLogin\.gradle\7.3.3\executionHistory)" [_thread_blocked, id=11900, stack(0x000000e701e00000,0x000000e701f00000)]

Other Threads:
  0x0000023243979000 VMThread "VM Thread" [stack: 0x000000e779100000,0x000000e779200000] [id=7976]
  0x0000023244475800 WatcherThread [stack: 0x000000e779b00000,0x000000e779c00000] [id=11048]
  0x0000023228d45000 GCTaskThread "GC Thread#0" [stack: 0x000000e778c00000,0x000000e778d00000] [id=13088]
  0x0000023244eb8800 GCTaskThread "GC Thread#1" [stack: 0x000000e779e00000,0x000000e779f00000] [id=12552]
  0x0000023244fc9800 GCTaskThread "GC Thread#2" [stack: 0x000000e779f00000,0x000000e77a000000] [id=16192]
  0x000002324650e800 GCTaskThread "GC Thread#3" [stack: 0x000000e77aa00000,0x000000e77ab00000] [id=12580]
  0x0000023246a3d000 GCTaskThread "GC Thread#4" [stack: 0x000000e77ab00000,0x000000e77ac00000] [id=9116]
  0x0000023246488800 GCTaskThread "GC Thread#5" [stack: 0x000000e77ac00000,0x000000e77ad00000] [id=6456]
  0x000002324743e000 GCTaskThread "GC Thread#6" [stack: 0x000000e77ad00000,0x000000e77ae00000] [id=17232]
  0x000002324743f000 GCTaskThread "GC Thread#7" [stack: 0x000000e77ae00000,0x000000e77af00000] [id=5116]
  0x0000023228d74800 ConcurrentGCThread "G1 Main Marker" [stack: 0x000000e778d00000,0x000000e778e00000] [id=17340]
  0x0000023228d75800 ConcurrentGCThread "G1 Conc#0" [stack: 0x000000e778e00000,0x000000e778f00000] [id=9916]
  0x0000023246db2000 ConcurrentGCThread "G1 Conc#1" [stack: 0x000000e77b100000,0x000000e77b200000] [id=8972]
  0x0000023228e07800 ConcurrentGCThread "G1 Refine#0" [stack: 0x000000e778f00000,0x000000e779000000] [id=11212]
  0x00000232437d0800 ConcurrentGCThread "G1 Young RemSet Sampling" [stack: 0x000000e779000000,0x000000e779100000] [id=5988]

Threads with active compile tasks:
C2 CompilerThread0   8522 9311       4       java.lang.Class::annotationData (44 bytes)
C2 CompilerThread1   8522 9305       4       org.gradle.internal.instantiation.generator.AbstractClassGenerator$ClassMetadata::property (42 bytes)
C2 CompilerThread2   8522 9270 %     4       org.gradle.internal.instantiation.generator.AbstractClassGenerator::inspectType @ 107 (560 bytes)

VM state:not at safepoint (normal execution)

VM Mutex/Monitor currently owned by a thread: None

Heap address: 0x0000000080000000, size: 2048 MB, Compressed Oops mode: 32-bit
Narrow klass base: 0x0000000000000000, Narrow klass shift: 3
Compressed class space size: 1073741824 Address: 0x0000000100000000

Heap:
 garbage-first heap   total 187392K, used 120753K [0x0000000080000000, 0x0000000100000000)
  region size 1024K, 17 young (17408K), 5 survivors (5120K)
 Metaspace       used 95427K, capacity 97849K, committed 97996K, reserved 1134592K
  class space    used 12361K, capacity 13205K, committed 13260K, reserved 1048576K
Heap Regions: E=young(eden), S=young(survivor), O=old, HS=humongous(starts), HC=humongous(continues), CS=collection set, F=free, A=archive, TAMS=top-at-mark-start (previous, next)
|   0|0x0000000080000000, 0x0000000080100000, 0x0000000080100000|100%| O|  |TAMS 0x0000000080100000, 0x0000000080000000| Untracked 
|   1|0x0000000080100000, 0x0000000080200000, 0x0000000080200000|100%| O|  |TAMS 0x0000000080200000, 0x0000000080100000| Untracked 
|   2|0x0000000080200000, 0x0000000080300000, 0x0000000080300000|100%| O|  |TAMS 0x0000000080300000, 0x0000000080200000| Untracked 
|   3|0x0000000080300000, 0x0000000080400000, 0x0000000080400000|100%|HS|  |TAMS 0x0000000080400000, 0x0000000080300000| Complete 
|   4|0x0000000080400000, 0x0000000080500000, 0x0000000080500000|100%|HC|  |TAMS 0x0000000080500000, 0x0000000080400000| Complete 
|   5|0x0000000080500000, 0x0000000080600000, 0x0000000080600000|100%|HC|  |TAMS 0x0000000080600000, 0x0000000080500000| Complete 
|   6|0x0000000080600000, 0x0000000080700000, 0x0000000080700000|100%| O|  |TAMS 0x0000000080700000, 0x0000000080600000| Untracked 
|   7|0x0000000080700000, 0x0000000080800000, 0x0000000080800000|100%| O|  |TAMS 0x0000000080800000, 0x0000000080700000| Untracked 
|   8|0x0000000080800000, 0x0000000080900000, 0x0000000080900000|100%| O|  |TAMS 0x0000000080900000, 0x0000000080800000| Untracked 
|   9|0x0000000080900000, 0x0000000080a00000, 0x0000000080a00000|100%| O|  |TAMS 0x0000000080a00000, 0x0000000080900000| Untracked 
|  10|0x0000000080a00000, 0x0000000080b00000, 0x0000000080b00000|100%| O|  |TAMS 0x0000000080b00000, 0x0000000080a00000| Untracked 
|  11|0x0000000080b00000, 0x0000000080c00000, 0x0000000080c00000|100%| O|  |TAMS 0x0000000080c00000, 0x0000000080b00000| Untracked 
|  12|0x0000000080c00000, 0x0000000080d00000, 0x0000000080d00000|100%| O|  |TAMS 0x0000000080d00000, 0x0000000080c00000| Untracked 
|  13|0x0000000080d00000, 0x0000000080e00000, 0x0000000080e00000|100%| O|  |TAMS 0x0000000080e00000, 0x0000000080d00000| Untracked 
|  14|0x0000000080e00000, 0x0000000080f00000, 0x0000000080f00000|100%| O|  |TAMS 0x0000000080f00000, 0x0000000080e00000| Untracked 
|  15|0x0000000080f00000, 0x0000000081000000, 0x0000000081000000|100%| O|  |TAMS 0x0000000081000000, 0x0000000080f00000| Untracked 
|  16|0x0000000081000000, 0x0000000081100000, 0x0000000081100000|100%|HS|  |TAMS 0x0000000081100000, 0x0000000081000000| Complete 
|  17|0x0000000081100000, 0x0000000081200000, 0x0000000081200000|100%|HC|  |TAMS 0x0000000081200000, 0x0000000081100000| Complete 
|  18|0x0000000081200000, 0x0000000081300000, 0x0000000081300000|100%|HS|  |TAMS 0x0000000081300000, 0x0000000081200000| Complete 
|  19|0x0000000081300000, 0x0000000081400000, 0x0000000081400000|100%|HC|  |TAMS 0x0000000081400000, 0x0000000081300000| Complete 
|  20|0x0000000081400000, 0x0000000081500000, 0x0000000081500000|100%|HC|  |TAMS 0x0000000081500000, 0x0000000081400000| Complete 
|  21|0x0000000081500000, 0x0000000081600000, 0x0000000081600000|100%|HS|  |TAMS 0x0000000081600000, 0x0000000081500000| Complete 
|  22|0x0000000081600000, 0x0000000081700000, 0x0000000081700000|100%|HS|  |TAMS 0x0000000081700000, 0x0000000081600000| Complete 
|  23|0x0000000081700000, 0x0000000081800000, 0x0000000081800000|100%|HC|  |TAMS 0x0000000081800000, 0x0000000081700000| Complete 
|  24|0x0000000081800000, 0x0000000081900000, 0x0000000081900000|100%|HC|  |TAMS 0x0000000081900000, 0x0000000081800000| Complete 
|  25|0x0000000081900000, 0x0000000081a00000, 0x0000000081a00000|100%|HC|  |TAMS 0x0000000081a00000, 0x0000000081900000| Complete 
|  26|0x0000000081a00000, 0x0000000081b00000, 0x0000000081b00000|100%| O|  |TAMS 0x0000000081b00000, 0x0000000081a00000| Untracked 
|  27|0x0000000081b00000, 0x0000000081c00000, 0x0000000081c00000|100%| O|  |TAMS 0x0000000081c00000, 0x0000000081b00000| Untracked 
|  28|0x0000000081c00000, 0x0000000081d00000, 0x0000000081d00000|100%| O|  |TAMS 0x0000000081d00000, 0x0000000081c00000| Untracked 
|  29|0x0000000081d00000, 0x0000000081e00000, 0x0000000081e00000|100%| O|  |TAMS 0x0000000081e00000, 0x0000000081d00000| Untracked 
|  30|0x0000000081e00000, 0x0000000081f00000, 0x0000000081f00000|100%| O|  |TAMS 0x0000000081f00000, 0x0000000081e00000| Untracked 
|  31|0x0000000081f00000, 0x0000000082000000, 0x0000000082000000|100%| O|  |TAMS 0x0000000082000000, 0x0000000081f00000| Untracked 
|  32|0x0000000082000000, 0x0000000082100000, 0x0000000082100000|100%| O|  |TAMS 0x0000000082100000, 0x0000000082000000| Untracked 
|  33|0x0000000082100000, 0x0000000082200000, 0x0000000082200000|100%| O|  |TAMS 0x0000000082200000, 0x0000000082100000| Untracked 
|  34|0x0000000082200000, 0x0000000082300000, 0x0000000082300000|100%| O|  |TAMS 0x0000000082300000, 0x0000000082200000| Untracked 
|  35|0x0000000082300000, 0x0000000082400000, 0x0000000082400000|100%| O|  |TAMS 0x0000000082400000, 0x0000000082300000| Untracked 
|  36|0x0000000082400000, 0x0000000082500000, 0x0000000082500000|100%| O|  |TAMS 0x0000000082500000, 0x0000000082400000| Untracked 
|  37|0x0000000082500000, 0x0000000082600000, 0x0000000082600000|100%| O|  |TAMS 0x0000000082600000, 0x0000000082500000| Untracked 
|  38|0x0000000082600000, 0x0000000082700000, 0x0000000082700000|100%| O|  |TAMS 0x0000000082700000, 0x0000000082600000| Untracked 
|  39|0x0000000082700000, 0x0000000082800000, 0x0000000082800000|100%|HS|  |TAMS 0x0000000082800000, 0x0000000082700000| Complete 
|  40|0x0000000082800000, 0x0000000082900000, 0x0000000082900000|100%|HS|  |TAMS 0x0000000082900000, 0x0000000082800000| Complete 
|  41|0x0000000082900000, 0x0000000082a00000, 0x0000000082a00000|100%|HC|  |TAMS 0x0000000082a00000, 0x0000000082900000| Complete 
|  42|0x0000000082a00000, 0x0000000082b00000, 0x0000000082b00000|100%|HC|  |TAMS 0x0000000082b00000, 0x0000000082a00000| Complete 
|  43|0x0000000082b00000, 0x0000000082c00000, 0x0000000082c00000|100%| O|  |TAMS 0x0000000082c00000, 0x0000000082b00000| Untracked 
|  44|0x0000000082c00000, 0x0000000082d00000, 0x0000000082d00000|100%| O|  |TAMS 0x0000000082d00000, 0x0000000082c00000| Untracked 
|  45|0x0000000082d00000, 0x0000000082e00000, 0x0000000082e00000|100%|HS|  |TAMS 0x0000000082e00000, 0x0000000082d00000| Complete 
|  46|0x0000000082e00000, 0x0000000082f00000, 0x0000000082f00000|100%|HC|  |TAMS 0x0000000082f00000, 0x0000000082e00000| Complete 
|  47|0x0000000082f00000, 0x0000000083000000, 0x0000000083000000|100%|HC|  |TAMS 0x0000000083000000, 0x0000000082f00000| Complete 
|  48|0x0000000083000000, 0x0000000083100000, 0x0000000083100000|100%|HC|  |TAMS 0x0000000083100000, 0x0000000083000000| Complete 
|  49|0x0000000083100000, 0x0000000083200000, 0x0000000083200000|100%| O|  |TAMS 0x0000000083200000, 0x0000000083100000| Untracked 
|  50|0x0000000083200000, 0x0000000083300000, 0x0000000083300000|100%| O|  |TAMS 0x0000000083300000, 0x0000000083200000| Untracked 
|  51|0x0000000083300000, 0x0000000083400000, 0x0000000083400000|100%| O|  |TAMS 0x0000000083400000, 0x0000000083300000| Untracked 
|  52|0x0000000083400000, 0x0000000083500000, 0x0000000083500000|100%| O|  |TAMS 0x0000000083500000, 0x0000000083400000| Untracked 
|  53|0x0000000083500000, 0x0000000083600000, 0x0000000083600000|100%|HS|  |TAMS 0x0000000083600000, 0x0000000083500000| Complete 
|  54|0x0000000083600000, 0x0000000083700000, 0x0000000083700000|100%|HS|  |TAMS 0x0000000083700000, 0x0000000083600000| Complete 
|  55|0x0000000083700000, 0x0000000083800000, 0x0000000083800000|100%|HS|  |TAMS 0x0000000083800000, 0x0000000083700000| Complete 
|  56|0x0000000083800000, 0x0000000083900000, 0x0000000083900000|100%|HC|  |TAMS 0x0000000083900000, 0x0000000083800000| Complete 
|  57|0x0000000083900000, 0x0000000083a00000, 0x0000000083a00000|100%| O|  |TAMS 0x0000000083a00000, 0x0000000083900000| Untracked 
|  58|0x0000000083a00000, 0x0000000083b00000, 0x0000000083b00000|100%| O|  |TAMS 0x0000000083b00000, 0x0000000083a00000| Untracked 
|  59|0x0000000083b00000, 0x0000000083c00000, 0x0000000083c00000|100%| O|  |TAMS 0x0000000083c00000, 0x0000000083b00000| Untracked 
|  60|0x0000000083c00000, 0x0000000083d00000, 0x0000000083d00000|100%| O|  |TAMS 0x0000000083d00000, 0x0000000083c00000| Untracked 
|  61|0x0000000083d00000, 0x0000000083e00000, 0x0000000083e00000|100%| O|  |TAMS 0x0000000083e00000, 0x0000000083d00000| Untracked 
|  62|0x0000000083e00000, 0x0000000083f00000, 0x0000000083f00000|100%| O|  |TAMS 0x0000000083f00000, 0x0000000083e00000| Untracked 
|  63|0x0000000083f00000, 0x0000000084000000, 0x0000000084000000|100%| O|  |TAMS 0x0000000084000000, 0x0000000083f00000| Untracked 
|  64|0x0000000084000000, 0x0000000084100000, 0x0000000084100000|100%| O|  |TAMS 0x0000000084100000, 0x0000000084000000| Untracked 
|  65|0x0000000084100000, 0x0000000084200000, 0x0000000084200000|100%| O|  |TAMS 0x0000000084200000, 0x0000000084100000| Untracked 
|  66|0x0000000084200000, 0x0000000084300000, 0x0000000084300000|100%| O|  |TAMS 0x0000000084300000, 0x0000000084200000| Untracked 
|  67|0x0000000084300000, 0x0000000084400000, 0x0000000084400000|100%| O|  |TAMS 0x0000000084400000, 0x0000000084300000| Untracked 
|  68|0x0000000084400000, 0x0000000084500000, 0x0000000084500000|100%| O|  |TAMS 0x0000000084500000, 0x0000000084400000| Untracked 
|  69|0x0000000084500000, 0x0000000084600000, 0x0000000084600000|100%| O|  |TAMS 0x0000000084600000, 0x0000000084500000| Untracked 
|  70|0x0000000084600000, 0x0000000084700000, 0x0000000084700000|100%| O|  |TAMS 0x0000000084700000, 0x0000000084600000| Untracked 
|  71|0x0000000084700000, 0x0000000084800000, 0x0000000084800000|100%| O|  |TAMS 0x0000000084800000, 0x0000000084700000| Untracked 
|  72|0x0000000084800000, 0x0000000084900000, 0x0000000084900000|100%| O|  |TAMS 0x0000000084900000, 0x0000000084800000| Untracked 
|  73|0x0000000084900000, 0x0000000084a00000, 0x0000000084a00000|100%| O|  |TAMS 0x0000000084a00000, 0x0000000084900000| Untracked 
|  74|0x0000000084a00000, 0x0000000084b00000, 0x0000000084b00000|100%| O|  |TAMS 0x0000000084b00000, 0x0000000084a00000| Untracked 
|  75|0x0000000084b00000, 0x0000000084c00000, 0x0000000084c00000|100%| O|  |TAMS 0x0000000084c00000, 0x0000000084b00000| Untracked 
|  76|0x0000000084c00000, 0x0000000084d00000, 0x0000000084d00000|100%| O|  |TAMS 0x0000000084d00000, 0x0000000084c00000| Untracked 
|  77|0x0000000084d00000, 0x0000000084e00000, 0x0000000084e00000|100%|HS|  |TAMS 0x0000000084e00000, 0x0000000084d00000| Complete 
|  78|0x0000000084e00000, 0x0000000084f00000, 0x0000000084f00000|100%|HC|  |TAMS 0x0000000084f00000, 0x0000000084e00000| Complete 
|  79|0x0000000084f00000, 0x0000000085000000, 0x0000000085000000|100%|HS|  |TAMS 0x0000000085000000, 0x0000000084f00000| Complete 
|  80|0x0000000085000000, 0x0000000085100000, 0x0000000085100000|100%|HC|  |TAMS 0x0000000085100000, 0x0000000085000000| Complete 
|  81|0x0000000085100000, 0x0000000085200000, 0x0000000085200000|100%|HC|  |TAMS 0x0000000085200000, 0x0000000085100000| Complete 
|  82|0x0000000085200000, 0x0000000085300000, 0x0000000085300000|100%| O|  |TAMS 0x0000000085300000, 0x0000000085200000| Untracked 
|  83|0x0000000085300000, 0x0000000085400000, 0x0000000085400000|100%| O|  |TAMS 0x0000000085400000, 0x0000000085300000| Untracked 
|  84|0x0000000085400000, 0x0000000085500000, 0x0000000085500000|100%| O|  |TAMS 0x0000000085500000, 0x0000000085400000| Untracked 
|  85|0x0000000085500000, 0x0000000085600000, 0x0000000085600000|100%| O|  |TAMS 0x0000000085600000, 0x0000000085500000| Untracked 
|  86|0x0000000085600000, 0x0000000085700000, 0x0000000085700000|100%|HS|  |TAMS 0x0000000085700000, 0x0000000085600000| Complete 
|  87|0x0000000085700000, 0x0000000085800000, 0x0000000085800000|100%|HS|  |TAMS 0x0000000085800000, 0x0000000085700000| Complete 
|  88|0x0000000085800000, 0x0000000085900000, 0x0000000085900000|100%|HC|  |TAMS 0x0000000085900000, 0x0000000085800000| Complete 
|  89|0x0000000085900000, 0x0000000085a00000, 0x0000000085a00000|100%|HC|  |TAMS 0x0000000085a00000, 0x0000000085900000| Complete 
|  90|0x0000000085a00000, 0x0000000085b00000, 0x0000000085b00000|100%|HC|  |TAMS 0x0000000085b00000, 0x0000000085a00000| Complete 
|  91|0x0000000085b00000, 0x0000000085c00000, 0x0000000085c00000|100%| O|  |TAMS 0x0000000085c00000, 0x0000000085b00000| Untracked 
|  92|0x0000000085c00000, 0x0000000085d00000, 0x0000000085d00000|100%| O|  |TAMS 0x0000000085d00000, 0x0000000085c00000| Untracked 
|  93|0x0000000085d00000, 0x0000000085e00000, 0x0000000085e00000|100%| O|  |TAMS 0x0000000085e00000, 0x0000000085d00000| Untracked 
|  94|0x0000000085e00000, 0x0000000085f00000, 0x0000000085f00000|100%| O|  |TAMS 0x0000000085f00000, 0x0000000085e00000| Untracked 
|  95|0x0000000085f00000, 0x0000000086000000, 0x0000000086000000|100%| O|  |TAMS 0x0000000086000000, 0x0000000085f00000| Untracked 
|  96|0x0000000086000000, 0x0000000086100000, 0x0000000086100000|100%| O|  |TAMS 0x0000000086100000, 0x0000000086000000| Untracked 
|  97|0x0000000086100000, 0x0000000086200000, 0x0000000086200000|100%| O|  |TAMS 0x0000000086200000, 0x0000000086100000| Untracked 
|  98|0x0000000086200000, 0x0000000086300000, 0x0000000086300000|100%| O|  |TAMS 0x0000000086300000, 0x0000000086200000| Untracked 
|  99|0x0000000086300000, 0x0000000086400000, 0x0000000086400000|100%| O|  |TAMS 0x0000000086400000, 0x0000000086300000| Untracked 
| 100|0x0000000086400000, 0x0000000086500000, 0x0000000086500000|100%| O|  |TAMS 0x0000000086500000, 0x0000000086400000| Untracked 
| 101|0x0000000086500000, 0x0000000086600000, 0x0000000086600000|100%| O|  |TAMS 0x0000000086600000, 0x0000000086500000| Untracked 
| 102|0x0000000086600000, 0x00000000866ce000, 0x0000000086700000| 80%| O|  |TAMS 0x00000000866ce000, 0x0000000086600000| Untracked 
| 103|0x0000000086700000, 0x0000000086700000, 0x0000000086800000|  0%| F|  |TAMS 0x0000000086700000, 0x0000000086700000| Untracked 
| 104|0x0000000086800000, 0x0000000086800000, 0x0000000086900000|  0%| F|  |TAMS 0x0000000086800000, 0x0000000086800000| Untracked 
| 105|0x0000000086900000, 0x0000000086900000, 0x0000000086a00000|  0%| F|  |TAMS 0x0000000086900000, 0x0000000086900000| Untracked 
| 106|0x0000000086a00000, 0x0000000086a00000, 0x0000000086b00000|  0%| F|  |TAMS 0x0000000086a00000, 0x0000000086a00000| Untracked 
| 107|0x0000000086b00000, 0x0000000086b00000, 0x0000000086c00000|  0%| F|  |TAMS 0x0000000086b00000, 0x0000000086b00000| Untracked 
| 108|0x0000000086c00000, 0x0000000086c00000, 0x0000000086d00000|  0%| F|  |TAMS 0x0000000086c00000, 0x0000000086c00000| Untracked 
| 109|0x0000000086d00000, 0x0000000086d00000, 0x0000000086e00000|  0%| F|  |TAMS 0x0000000086d00000, 0x0000000086d00000| Untracked 
| 110|0x0000000086e00000, 0x0000000086e00000, 0x0000000086f00000|  0%| F|  |TAMS 0x0000000086e00000, 0x0000000086e00000| Untracked 
| 111|0x0000000086f00000, 0x0000000086f00000, 0x0000000087000000|  0%| F|  |TAMS 0x0000000086f00000, 0x0000000086f00000| Untracked 
| 112|0x0000000087000000, 0x0000000087000000, 0x0000000087100000|  0%| F|  |TAMS 0x0000000087000000, 0x0000000087000000| Untracked 
| 113|0x0000000087100000, 0x0000000087100000, 0x0000000087200000|  0%| F|  |TAMS 0x0000000087100000, 0x0000000087100000| Untracked 
| 114|0x0000000087200000, 0x0000000087200000, 0x0000000087300000|  0%| F|  |TAMS 0x0000000087200000, 0x0000000087200000| Untracked 
| 115|0x0000000087300000, 0x0000000087300000, 0x0000000087400000|  0%| F|  |TAMS 0x0000000087300000, 0x0000000087300000| Untracked 
| 116|0x0000000087400000, 0x0000000087400000, 0x0000000087500000|  0%| F|  |TAMS 0x0000000087400000, 0x0000000087400000| Untracked 
| 117|0x0000000087500000, 0x0000000087500000, 0x0000000087600000|  0%| F|  |TAMS 0x0000000087500000, 0x0000000087500000| Untracked 
| 118|0x0000000087600000, 0x0000000087600000, 0x0000000087700000|  0%| F|  |TAMS 0x0000000087600000, 0x0000000087600000| Untracked 
| 119|0x0000000087700000, 0x0000000087700000, 0x0000000087800000|  0%| F|  |TAMS 0x0000000087700000, 0x0000000087700000| Untracked 
| 120|0x0000000087800000, 0x0000000087800000, 0x0000000087900000|  0%| F|  |TAMS 0x0000000087800000, 0x0000000087800000| Untracked 
| 121|0x0000000087900000, 0x0000000087900000, 0x0000000087a00000|  0%| F|  |TAMS 0x0000000087900000, 0x0000000087900000| Untracked 
| 122|0x0000000087a00000, 0x0000000087a00000, 0x0000000087b00000|  0%| F|  |TAMS 0x0000000087a00000, 0x0000000087a00000| Untracked 
| 123|0x0000000087b00000, 0x0000000087b00000, 0x0000000087c00000|  0%| F|  |TAMS 0x0000000087b00000, 0x0000000087b00000| Untracked 
| 124|0x0000000087c00000, 0x0000000087c00000, 0x0000000087d00000|  0%| F|  |TAMS 0x0000000087c00000, 0x0000000087c00000| Untracked 
| 125|0x0000000087d00000, 0x0000000087d00000, 0x0000000087e00000|  0%| F|  |TAMS 0x0000000087d00000, 0x0000000087d00000| Untracked 
| 126|0x0000000087e00000, 0x0000000087e00000, 0x0000000087f00000|  0%| F|  |TAMS 0x0000000087e00000, 0x0000000087e00000| Untracked 
| 127|0x0000000087f00000, 0x0000000087f00000, 0x0000000088000000|  0%| F|  |TAMS 0x0000000087f00000, 0x0000000087f00000| Untracked 
| 128|0x0000000088000000, 0x0000000088000000, 0x0000000088100000|  0%| F|  |TAMS 0x0000000088000000, 0x0000000088000000| Untracked 
| 129|0x0000000088100000, 0x0000000088100000, 0x0000000088200000|  0%| F|  |TAMS 0x0000000088100000, 0x0000000088100000| Untracked 
| 130|0x0000000088200000, 0x0000000088200000, 0x0000000088300000|  0%| F|  |TAMS 0x0000000088200000, 0x0000000088200000| Untracked 
| 131|0x0000000088300000, 0x0000000088300000, 0x0000000088400000|  0%| F|  |TAMS 0x0000000088300000, 0x0000000088300000| Untracked 
| 132|0x0000000088400000, 0x0000000088400000, 0x0000000088500000|  0%| F|  |TAMS 0x0000000088400000, 0x0000000088400000| Untracked 
| 133|0x0000000088500000, 0x0000000088500000, 0x0000000088600000|  0%| F|  |TAMS 0x0000000088500000, 0x0000000088500000| Untracked 
| 134|0x0000000088600000, 0x000000008861e5f0, 0x0000000088700000| 11%| S|CS|TAMS 0x0000000088600000, 0x0000000088600000| Complete 
| 135|0x0000000088700000, 0x0000000088800000, 0x0000000088800000|100%| S|CS|TAMS 0x0000000088700000, 0x0000000088700000| Complete 
| 136|0x0000000088800000, 0x0000000088900000, 0x0000000088900000|100%| S|CS|TAMS 0x0000000088800000, 0x0000000088800000| Complete 
| 137|0x0000000088900000, 0x0000000088a00000, 0x0000000088a00000|100%| S|CS|TAMS 0x0000000088900000, 0x0000000088900000| Complete 
| 138|0x0000000088a00000, 0x0000000088b00000, 0x0000000088b00000|100%| S|CS|TAMS 0x0000000088a00000, 0x0000000088a00000| Complete 
| 139|0x0000000088b00000, 0x0000000088b00000, 0x0000000088c00000|  0%| F|  |TAMS 0x0000000088b00000, 0x0000000088b00000| Untracked 
| 140|0x0000000088c00000, 0x0000000088c00000, 0x0000000088d00000|  0%| F|  |TAMS 0x0000000088c00000, 0x0000000088c00000| Untracked 
| 141|0x0000000088d00000, 0x0000000088d00000, 0x0000000088e00000|  0%| F|  |TAMS 0x0000000088d00000, 0x0000000088d00000| Untracked 
| 142|0x0000000088e00000, 0x0000000088e00000, 0x0000000088f00000|  0%| F|  |TAMS 0x0000000088e00000, 0x0000000088e00000| Untracked 
| 143|0x0000000088f00000, 0x0000000088f00000, 0x0000000089000000|  0%| F|  |TAMS 0x0000000088f00000, 0x0000000088f00000| Untracked 
| 144|0x0000000089000000, 0x0000000089000000, 0x0000000089100000|  0%| F|  |TAMS 0x0000000089000000, 0x0000000089000000| Untracked 
| 145|0x0000000089100000, 0x0000000089100000, 0x0000000089200000|  0%| F|  |TAMS 0x0000000089100000, 0x0000000089100000| Untracked 
| 146|0x0000000089200000, 0x0000000089200000, 0x0000000089300000|  0%| F|  |TAMS 0x0000000089200000, 0x0000000089200000| Untracked 
| 147|0x0000000089300000, 0x0000000089300000, 0x0000000089400000|  0%| F|  |TAMS 0x0000000089300000, 0x0000000089300000| Untracked 
| 148|0x0000000089400000, 0x0000000089400000, 0x0000000089500000|  0%| F|  |TAMS 0x0000000089400000, 0x0000000089400000| Untracked 
| 149|0x0000000089500000, 0x0000000089500000, 0x0000000089600000|  0%| F|  |TAMS 0x0000000089500000, 0x0000000089500000| Untracked 
| 150|0x0000000089600000, 0x0000000089600000, 0x0000000089700000|  0%| F|  |TAMS 0x0000000089600000, 0x0000000089600000| Untracked 
| 151|0x0000000089700000, 0x0000000089700000, 0x0000000089800000|  0%| F|  |TAMS 0x0000000089700000, 0x0000000089700000| Untracked 
| 152|0x0000000089800000, 0x0000000089800000, 0x0000000089900000|  0%| F|  |TAMS 0x0000000089800000, 0x0000000089800000| Untracked 
| 153|0x0000000089900000, 0x0000000089900000, 0x0000000089a00000|  0%| F|  |TAMS 0x0000000089900000, 0x0000000089900000| Untracked 
| 154|0x0000000089a00000, 0x0000000089a00000, 0x0000000089b00000|  0%| F|  |TAMS 0x0000000089a00000, 0x0000000089a00000| Untracked 
| 155|0x0000000089b00000, 0x0000000089b00000, 0x0000000089c00000|  0%| F|  |TAMS 0x0000000089b00000, 0x0000000089b00000| Untracked 
| 156|0x0000000089c00000, 0x0000000089c00000, 0x0000000089d00000|  0%| F|  |TAMS 0x0000000089c00000, 0x0000000089c00000| Untracked 
| 157|0x0000000089d00000, 0x0000000089d00000, 0x0000000089e00000|  0%| F|  |TAMS 0x0000000089d00000, 0x0000000089d00000| Untracked 
| 158|0x0000000089e00000, 0x0000000089e00000, 0x0000000089f00000|  0%| F|  |TAMS 0x0000000089e00000, 0x0000000089e00000| Untracked 
| 159|0x0000000089f00000, 0x0000000089f00000, 0x000000008a000000|  0%| F|  |TAMS 0x0000000089f00000, 0x0000000089f00000| Untracked 
| 160|0x000000008a000000, 0x000000008a000000, 0x000000008a100000|  0%| F|  |TAMS 0x000000008a000000, 0x000000008a000000| Untracked 
| 161|0x000000008a100000, 0x000000008a100000, 0x000000008a200000|  0%| F|  |TAMS 0x000000008a100000, 0x000000008a100000| Untracked 
| 162|0x000000008a200000, 0x000000008a200000, 0x000000008a300000|  0%| F|  |TAMS 0x000000008a200000, 0x000000008a200000| Untracked 
| 163|0x000000008a300000, 0x000000008a300000, 0x000000008a400000|  0%| F|  |TAMS 0x000000008a300000, 0x000000008a300000| Untracked 
| 164|0x000000008a400000, 0x000000008a400000, 0x000000008a500000|  0%| F|  |TAMS 0x000000008a400000, 0x000000008a400000| Untracked 
| 165|0x000000008a500000, 0x000000008a500000, 0x000000008a600000|  0%| F|  |TAMS 0x000000008a500000, 0x000000008a500000| Untracked 
| 166|0x000000008a600000, 0x000000008a600000, 0x000000008a700000|  0%| F|  |TAMS 0x000000008a600000, 0x000000008a600000| Untracked 
| 167|0x000000008a700000, 0x000000008a700000, 0x000000008a800000|  0%| F|  |TAMS 0x000000008a700000, 0x000000008a700000| Untracked 
| 168|0x000000008a800000, 0x000000008a800000, 0x000000008a900000|  0%| F|  |TAMS 0x000000008a800000, 0x000000008a800000| Untracked 
| 169|0x000000008a900000, 0x000000008a900000, 0x000000008aa00000|  0%| F|  |TAMS 0x000000008a900000, 0x000000008a900000| Untracked 
| 170|0x000000008aa00000, 0x000000008aa93448, 0x000000008ab00000| 57%| E|  |TAMS 0x000000008aa00000, 0x000000008aa00000| Complete 
| 171|0x000000008ab00000, 0x000000008ac00000, 0x000000008ac00000|100%| E|CS|TAMS 0x000000008ab00000, 0x000000008ab00000| Complete 
| 172|0x000000008ac00000, 0x000000008ad00000, 0x000000008ad00000|100%| E|CS|TAMS 0x000000008ac00000, 0x000000008ac00000| Complete 
| 173|0x000000008ad00000, 0x000000008ae00000, 0x000000008ae00000|100%| E|CS|TAMS 0x000000008ad00000, 0x000000008ad00000| Complete 
| 174|0x000000008ae00000, 0x000000008af00000, 0x000000008af00000|100%| E|CS|TAMS 0x000000008ae00000, 0x000000008ae00000| Complete 
| 175|0x000000008af00000, 0x000000008b000000, 0x000000008b000000|100%| E|CS|TAMS 0x000000008af00000, 0x000000008af00000| Complete 
| 176|0x000000008b000000, 0x000000008b100000, 0x000000008b100000|100%| E|CS|TAMS 0x000000008b000000, 0x000000008b000000| Complete 
| 177|0x000000008b100000, 0x000000008b200000, 0x000000008b200000|100%| E|CS|TAMS 0x000000008b100000, 0x000000008b100000| Complete 
| 178|0x000000008b200000, 0x000000008b300000, 0x000000008b300000|100%| E|CS|TAMS 0x000000008b200000, 0x000000008b200000| Complete 
| 179|0x000000008b300000, 0x000000008b400000, 0x000000008b400000|100%| E|CS|TAMS 0x000000008b300000, 0x000000008b300000| Complete 
| 180|0x000000008b400000, 0x000000008b500000, 0x000000008b500000|100%| E|CS|TAMS 0x000000008b400000, 0x000000008b400000| Complete 
| 181|0x000000008b500000, 0x000000008b600000, 0x000000008b600000|100%| E|CS|TAMS 0x000000008b500000, 0x000000008b500000| Complete 
| 182|0x000000008b600000, 0x000000008b700000, 0x000000008b700000|100%| E|CS|TAMS 0x000000008b600000, 0x000000008b600000| Complete 

Card table byte_map: [0x000002323c6b0000,0x000002323cab0000] _byte_map_base: 0x000002323c2b0000

Marking Bits (Prev, Next): (CMBitMap*) 0x0000023228d6b8f0, (CMBitMap*) 0x0000023228d6b8b8
 Prev Bits: [0x000002323eeb0000, 0x0000023240eb0000)
 Next Bits: [0x000002323ceb0000, 0x000002323eeb0000)

Polling page: 0x0000023227500000

Metaspace:

Usage:
  Non-class:     82.67 MB capacity,    81.17 MB ( 98%) used,     1.25 MB (  2%) free+waste,   248.50 KB ( <1%) overhead. 
      Class:     12.90 MB capacity,    12.08 MB ( 94%) used,   724.30 KB (  5%) free+waste,   115.56 KB ( <1%) overhead. 
       Both:     95.56 MB capacity,    93.25 MB ( 98%) used,     1.96 MB (  2%) free+waste,   364.06 KB ( <1%) overhead. 

Virtual space:
  Non-class space:       84.00 MB reserved,      82.75 MB ( 99%) committed 
      Class space:        1.00 GB reserved,      12.95 MB (  1%) committed 
             Both:        1.08 GB reserved,      95.70 MB (  9%) committed 

Chunk freelists:
   Non-Class:  23.00 KB
       Class:  10.00 KB
        Both:  33.00 KB

MaxMetaspaceSize: 17179869184.00 GB
CompressedClassSpaceSize: 1.00 GB
Initial GC threshold: 20.80 MB
Current GC threshold: 149.29 MB
CDS: off

CodeHeap 'non-profiled nmethods': size=120000Kb used=6200Kb max_used=6200Kb free=113799Kb
 bounds [0x0000023234310000, 0x0000023234920000, 0x000002323b840000]
CodeHeap 'profiled nmethods': size=120000Kb used=20205Kb max_used=20205Kb free=99794Kb
 bounds [0x000002322cde0000, 0x000002322e1a0000, 0x0000023234310000]
CodeHeap 'non-nmethods': size=5760Kb used=2422Kb max_used=2446Kb free=3338Kb
 bounds [0x000002322c840000, 0x000002322cac0000, 0x000002322cde0000]
 total_blobs=10254 nmethods=9345 adapters=819
 compilation: enabled
              stopped_count=0, restarted_count=0
 full_count=0

Compilation events (20 events):
Event: 8.487 Thread 0x00000232439a6000 9342       3       org.gradle.internal.reflect.annotations.impl.DefaultTypeAnnotationMetadataStore::shouldIgnore (30 bytes)
Event: 8.487 Thread 0x00000232439a6000 nmethod 9342 0x000002322e191190 code [0x000002322e1913c0, 0x000002322e191b58]
Event: 8.487 Thread 0x00000232439a6000 9344       1       org.gradle.internal.reflect.annotations.impl.DefaultTypeAnnotationMetadataStore$PropertyAnnotationMetadataBuilder::getPropertyName (5 bytes)
Event: 8.487 Thread 0x00000232439a6000 nmethod 9344 0x000002323491c990 code [0x000002323491cb40, 0x000002323491cbf8]
Event: 8.488 Thread 0x00000232439a6000 9357       3       java.lang.invoke.LambdaForm::<init> (115 bytes)
Event: 8.489 Thread 0x00000232439a6000 nmethod 9357 0x000002322e191d90 code [0x000002322e191fa0, 0x000002322e192608]
Event: 8.489 Thread 0x00000232439a6000 9358       3       jdk.internal.org.objectweb.asm.ClassWriter::visitSource (36 bytes)
Event: 8.489 Thread 0x00000232439a6000 nmethod 9358 0x000002322e192890 code [0x000002322e192a80, 0x000002322e192f18]
Event: 8.492 Thread 0x00000232439a6000 9360       1       org.gradle.api.internal.artifacts.configurations.DefaultConfiguration::isVisible (5 bytes)
Event: 8.492 Thread 0x00000232439a6000 nmethod 9360 0x000002323491d890 code [0x000002323491da40, 0x000002323491daf8]
Event: 8.492 Thread 0x00000232439a6000 9361       1       org.gradle.api.internal.artifacts.configurations.DefaultConfiguration::getDescription (5 bytes)
Event: 8.492 Thread 0x00000232439a6000 nmethod 9361 0x000002323491db90 code [0x000002323491dd40, 0x000002323491ddf8]
Event: 8.492 Thread 0x00000232439a6000 9362       3       java.util.LinkedList::get (14 bytes)
Event: 8.492 Thread 0x00000232439a6000 nmethod 9362 0x000002322e193090 code [0x000002322e193280, 0x000002322e193688]
Event: 8.492 Thread 0x00000232439a6000 9363       3       org.gradle.internal.typeconversion.TypeInfo::<init> (34 bytes)
Event: 8.492 Thread 0x00000232439a6000 nmethod 9363 0x000002322e193810 code [0x000002322e1939e0, 0x000002322e193bf8]
Event: 8.492 Thread 0x00000232439a6000 9365       3       org.gradle.internal.typeconversion.NotationConverterToNotationParserAdapter::<init> (10 bytes)
Event: 8.492 Thread 0x00000232439a6000 nmethod 9365 0x000002322e193d10 code [0x000002322e193ec0, 0x000002322e194078]
Event: 8.492 Thread 0x00000232439a6000 9364       1       org.gradle.api.internal.artifacts.configurations.DefaultConfiguration::isCanBeResolved (5 bytes)
Event: 8.492 Thread 0x00000232439a6000 nmethod 9364 0x000002323491de90 code [0x000002323491e040, 0x000002323491e0f8]

GC Heap History (20 events):
Event: 5.580 GC heap before
{Heap before GC invocations=16 (full 0):
 garbage-first heap   total 155648K, used 103413K [0x0000000080000000, 0x0000000100000000)
  region size 1024K, 30 young (30720K), 1 survivors (1024K)
 Metaspace       used 62225K, capacity 63936K, committed 64076K, reserved 1103872K
  class space    used 8102K, capacity 8680K, committed 8780K, reserved 1048576K
}
Event: 5.582 GC heap after
{Heap after GC invocations=17 (full 0):
 garbage-first heap   total 155648K, used 74125K [0x0000000080000000, 0x0000000100000000)
  region size 1024K, 2 young (2048K), 2 survivors (2048K)
 Metaspace       used 62225K, capacity 63936K, committed 64076K, reserved 1103872K
  class space    used 8102K, capacity 8680K, committed 8780K, reserved 1048576K
}
Event: 5.883 GC heap before
{Heap before GC invocations=17 (full 0):
 garbage-first heap   total 155648K, used 106893K [0x0000000080000000, 0x0000000100000000)
  region size 1024K, 34 young (34816K), 2 survivors (2048K)
 Metaspace       used 67585K, capacity 69404K, committed 69580K, reserved 1110016K
  class space    used 8707K, capacity 9328K, committed 9420K, reserved 1048576K
}
Event: 5.886 GC heap after
{Heap after GC invocations=18 (full 0):
 garbage-first heap   total 155648K, used 75419K [0x0000000080000000, 0x0000000100000000)
  region size 1024K, 3 young (3072K), 3 survivors (3072K)
 Metaspace       used 67585K, capacity 69404K, committed 69580K, reserved 1110016K
  class space    used 8707K, capacity 9328K, committed 9420K, reserved 1048576K
}
Event: 6.161 GC heap before
{Heap before GC invocations=19 (full 0):
 garbage-first heap   total 155648K, used 109211K [0x0000000080000000, 0x0000000100000000)
  region size 1024K, 37 young (37888K), 3 survivors (3072K)
 Metaspace       used 71048K, capacity 72869K, committed 73036K, reserved 1112064K
  class space    used 9106K, capacity 9733K, committed 9804K, reserved 1048576K
}
Event: 6.165 GC heap after
{Heap after GC invocations=20 (full 0):
 garbage-first heap   total 155648K, used 78608K [0x0000000080000000, 0x0000000100000000)
  region size 1024K, 5 young (5120K), 5 survivors (5120K)
 Metaspace       used 71048K, capacity 72869K, committed 73036K, reserved 1112064K
  class space    used 9106K, capacity 9733K, committed 9804K, reserved 1048576K
}
Event: 6.351 GC heap before
{Heap before GC invocations=20 (full 0):
 garbage-first heap   total 155648K, used 103184K [0x0000000080000000, 0x0000000100000000)
  region size 1024K, 30 young (30720K), 5 survivors (5120K)
 Metaspace       used 72876K, capacity 74719K, committed 74828K, reserved 1114112K
  class space    used 9348K, capacity 10006K, committed 10060K, reserved 1048576K
}
Event: 6.356 GC heap after
{Heap after GC invocations=21 (full 0):
 garbage-first heap   total 155648K, used 80778K [0x0000000080000000, 0x0000000100000000)
  region size 1024K, 3 young (3072K), 3 survivors (3072K)
 Metaspace       used 72876K, capacity 74719K, committed 74828K, reserved 1114112K
  class space    used 9348K, capacity 10006K, committed 10060K, reserved 1048576K
}
Event: 6.579 GC heap before
{Heap before GC invocations=22 (full 0):
 garbage-first heap   total 155648K, used 113546K [0x0000000080000000, 0x0000000100000000)
  region size 1024K, 35 young (35840K), 3 survivors (3072K)
 Metaspace       used 73840K, capacity 75857K, committed 76108K, reserved 1116160K
  class space    used 9491K, capacity 10187K, committed 10316K, reserved 1048576K
}
Event: 6.583 GC heap after
{Heap after GC invocations=23 (full 0):
 garbage-first heap   total 187392K, used 82271K [0x0000000080000000, 0x0000000100000000)
  region size 1024K, 4 young (4096K), 4 survivors (4096K)
 Metaspace       used 73840K, capacity 75857K, committed 76108K, reserved 1116160K
  class space    used 9491K, capacity 10187K, committed 10316K, reserved 1048576K
}
Event: 7.009 GC heap before
{Heap before GC invocations=23 (full 0):
 garbage-first heap   total 187392K, used 129375K [0x0000000080000000, 0x0000000100000000)
  region size 1024K, 50 young (51200K), 4 survivors (4096K)
 Metaspace       used 78283K, capacity 80352K, committed 80588K, reserved 1118208K
  class space    used 10218K, capacity 10938K, committed 10956K, reserved 1048576K
}
Event: 7.013 GC heap after
{Heap after GC invocations=24 (full 0):
 garbage-first heap   total 187392K, used 85161K [0x0000000080000000, 0x0000000100000000)
  region size 1024K, 7 young (7168K), 7 survivors (7168K)
 Metaspace       used 78283K, capacity 80352K, committed 80588K, reserved 1118208K
  class space    used 10218K, capacity 10938K, committed 10956K, reserved 1048576K
}
Event: 7.348 GC heap before
{Heap before GC invocations=24 (full 0):
 garbage-first heap   total 187392K, used 128169K [0x0000000080000000, 0x0000000100000000)
  region size 1024K, 46 young (47104K), 7 survivors (7168K)
 Metaspace       used 82332K, capacity 84493K, committed 84684K, reserved 1122304K
  class space    used 10656K, capacity 11386K, committed 11468K, reserved 1048576K
}
Event: 7.353 GC heap after
{Heap after GC invocations=25 (full 0):
 garbage-first heap   total 187392K, used 94599K [0x0000000080000000, 0x0000000100000000)
  region size 1024K, 7 young (7168K), 7 survivors (7168K)
 Metaspace       used 82332K, capacity 84493K, committed 84684K, reserved 1122304K
  class space    used 10656K, capacity 11386K, committed 11468K, reserved 1048576K
}
Event: 7.726 GC heap before
{Heap before GC invocations=26 (full 0):
 garbage-first heap   total 187392K, used 144775K [0x0000000080000000, 0x0000000100000000)
  region size 1024K, 52 young (53248K), 7 survivors (7168K)
 Metaspace       used 84478K, capacity 86725K, committed 86860K, reserved 1124352K
  class space    used 10967K, capacity 11757K, committed 11852K, reserved 1048576K
}
Event: 7.733 GC heap after
{Heap after GC invocations=27 (full 0):
 garbage-first heap   total 187392K, used 105560K [0x0000000080000000, 0x0000000100000000)
  region size 1024K, 6 young (6144K), 6 survivors (6144K)
 Metaspace       used 84478K, capacity 86725K, committed 86860K, reserved 1124352K
  class space    used 10967K, capacity 11757K, committed 11852K, reserved 1048576K
}
Event: 8.020 GC heap before
{Heap before GC invocations=27 (full 0):
 garbage-first heap   total 187392K, used 147544K [0x0000000080000000, 0x0000000100000000)
  region size 1024K, 47 young (48128K), 6 survivors (6144K)
 Metaspace       used 88177K, capacity 90500K, committed 90700K, reserved 1128448K
  class space    used 11452K, capacity 12307K, committed 12364K, reserved 1048576K
}
Event: 8.024 GC heap after
{Heap after GC invocations=28 (full 0):
 garbage-first heap   total 187392K, used 107925K [0x0000000080000000, 0x0000000100000000)
  region size 1024K, 3 young (3072K), 3 survivors (3072K)
 Metaspace       used 88177K, capacity 90500K, committed 90700K, reserved 1128448K
  class space    used 11452K, capacity 12307K, committed 12364K, reserved 1048576K
}
Event: 8.405 GC heap before
{Heap before GC invocations=29 (full 0):
 garbage-first heap   total 187392K, used 149909K [0x0000000080000000, 0x0000000100000000)
  region size 1024K, 44 young (45056K), 3 survivors (3072K)
 Metaspace       used 94458K, capacity 96840K, committed 97100K, reserved 1132544K
  class space    used 12209K, capacity 13042K, committed 13132K, reserved 1048576K
}
Event: 8.409 GC heap after
{Heap after GC invocations=30 (full 0):
 garbage-first heap   total 187392K, used 109489K [0x0000000080000000, 0x0000000100000000)
  region size 1024K, 5 young (5120K), 5 survivors (5120K)
 Metaspace       used 94458K, capacity 96840K, committed 97100K, reserved 1132544K
  class space    used 12209K, capacity 13042K, committed 13132K, reserved 1048576K
}

Deoptimization events (20 events):
Event: 8.328 Thread 0x0000023246413800 DEOPT PACKING pc=0x0000023234740538 sp=0x000000e77a6fa1d0
Event: 8.328 Thread 0x0000023246413800 DEOPT UNPACKING pc=0x000002322c8485af sp=0x000000e77a6f9f90 mode 2
Event: 8.339 Thread 0x0000023246413800 Uncommon trap: trap_request=0xffffff4d fr.pc=0x000002323457bb78 relative=0x0000000000000298
Event: 8.339 Thread 0x0000023246413800 Uncommon trap: reason=unstable_if action=reinterpret pc=0x000002323457bb78 method=java.lang.CharacterDataLatin1.digit(II)I @ 12 c2
Event: 8.339 Thread 0x0000023246413800 DEOPT PACKING pc=0x000002323457bb78 sp=0x000000e77a6fa140
Event: 8.339 Thread 0x0000023246413800 DEOPT UNPACKING pc=0x000002322c8485af sp=0x000000e77a6f9f60 mode 2
Event: 8.445 Thread 0x0000023246413800 Uncommon trap: trap_request=0xffffff4d fr.pc=0x000002323456d29c relative=0x000000000000007c
Event: 8.445 Thread 0x0000023246413800 Uncommon trap: reason=unstable_if action=reinterpret pc=0x000002323456d29c method=java.util.Spliterator.getExactSizeIfKnown()J @ 9 c2
Event: 8.445 Thread 0x0000023246413800 DEOPT PACKING pc=0x000002323456d29c sp=0x000000e77a6fae90
Event: 8.445 Thread 0x0000023246413800 DEOPT UNPACKING pc=0x000002322c8485af sp=0x000000e77a6fae28 mode 2
Event: 8.483 Thread 0x0000023246413800 Uncommon trap: trap_request=0xffffffd6 fr.pc=0x00000232348bb954 relative=0x0000000000000814
Event: 8.483 Thread 0x0000023246413800 Uncommon trap: reason=array_check action=maybe_recompile pc=0x00000232348bb954 method=java.util.TimSort.binarySort([Ljava/lang/Object;IIILjava/util/Comparator;)V @ 193 c2
Event: 8.483 Thread 0x0000023246413800 DEOPT PACKING pc=0x00000232348bb954 sp=0x000000e77a6f8b70
Event: 8.483 Thread 0x0000023246413800 DEOPT UNPACKING pc=0x000002322c8485af sp=0x000000e77a6f8b18 mode 2
Event: 8.483 Thread 0x0000023246413800 Uncommon trap: trap_request=0xffffffd6 fr.pc=0x00000232348bb954 relative=0x0000000000000814
Event: 8.483 Thread 0x0000023246413800 Uncommon trap: reason=array_check action=maybe_recompile pc=0x00000232348bb954 method=java.util.TimSort.binarySort([Ljava/lang/Object;IIILjava/util/Comparator;)V @ 193 c2
Event: 8.483 Thread 0x0000023246413800 DEOPT PACKING pc=0x00000232348bb954 sp=0x000000e77a6f9290
Event: 8.483 Thread 0x0000023246413800 DEOPT UNPACKING pc=0x000002322c8485af sp=0x000000e77a6f9238 mode 2
Event: 8.496 Thread 0x0000023246413800 DEOPT PACKING pc=0x000002322dca3427 sp=0x000000e77a6f7930
Event: 8.496 Thread 0x0000023246413800 DEOPT UNPACKING pc=0x000002322c889d0e sp=0x000000e77a6f6dc0 mode 0

Classes redefined (0 events):
No events

Internal exceptions (20 events):
Event: 7.859 Thread 0x0000023246413800 Exception <a 'java/lang/ClassNotFoundException'{0x000000008a214c60}: java/util/CollectionCustomizer> (0x000000008a214c60) thrown at [./src/hotspot/share/classfile/systemDictionary.cpp, line 231]
Event: 7.864 Thread 0x0000023246413800 Exception <a 'java/lang/ClassNotFoundException'{0x000000008a298c50}: org/gradle/api/tasks/SourceSetBeanInfo> (0x000000008a298c50) thrown at [./src/hotspot/share/classfile/systemDictionary.cpp, line 231]
Event: 7.864 Thread 0x0000023246413800 Exception <a 'java/lang/ClassNotFoundException'{0x000000008a2b4860}: org/gradle/api/tasks/SourceSetCustomizer> (0x000000008a2b4860) thrown at [./src/hotspot/share/classfile/systemDictionary.cpp, line 231]
Event: 7.866 Thread 0x0000023246413800 Exception <a 'java/lang/ClassNotFoundException'{0x000000008a12e9f0}: java/util/LinkedHashMapBeanInfo> (0x000000008a12e9f0) thrown at [./src/hotspot/share/classfile/systemDictionary.cpp, line 231]
Event: 7.866 Thread 0x0000023246413800 Exception <a 'java/lang/ClassNotFoundException'{0x000000008a137250}: java/util/HashMapBeanInfo> (0x000000008a137250) thrown at [./src/hotspot/share/classfile/systemDictionary.cpp, line 231]
Event: 7.866 Thread 0x0000023246413800 Exception <a 'java/lang/ClassNotFoundException'{0x000000008a140838}: java/util/AbstractMapBeanInfo> (0x000000008a140838) thrown at [./src/hotspot/share/classfile/systemDictionary.cpp, line 231]
Event: 7.866 Thread 0x0000023246413800 Exception <a 'java/lang/ClassNotFoundException'{0x000000008a149988}: java/util/AbstractMapCustomizer> (0x000000008a149988) thrown at [./src/hotspot/share/classfile/systemDictionary.cpp, line 231]
Event: 7.866 Thread 0x0000023246413800 Exception <a 'java/lang/ClassNotFoundException'{0x000000008a15c618}: java/util/HashMapCustomizer> (0x000000008a15c618) thrown at [./src/hotspot/share/classfile/systemDictionary.cpp, line 231]
Event: 7.867 Thread 0x0000023246413800 Exception <a 'java/lang/ClassNotFoundException'{0x000000008a17d470}: java/util/LinkedHashMapCustomizer> (0x000000008a17d470) thrown at [./src/hotspot/share/classfile/systemDictionary.cpp, line 231]
Event: 8.128 Thread 0x0000023246413800 Exception <a 'sun/nio/fs/WindowsException'{0x000000008af45858}> (0x000000008af45858) thrown at [./src/hotspot/share/prims/jni.cpp, line 615]
Event: 8.128 Thread 0x0000023246413800 Exception <a 'sun/nio/fs/WindowsException'{0x000000008af45c30}> (0x000000008af45c30) thrown at [./src/hotspot/share/prims/jni.cpp, line 615]
Event: 8.187 Thread 0x0000023246413800 Exception <a 'java/lang/NullPointerException'{0x000000008a691c38}> (0x000000008a691c38) thrown at [./src/hotspot/share/interpreter/linkResolver.cpp, line 1440]
Event: 8.228 Thread 0x0000023246413800 Implicit null exception at 0x000002323474a447 to 0x000002323474c33c
Event: 8.301 Thread 0x0000023246413800 Exception <a 'java/lang/NoSuchMethodError'{0x0000000089674b50}: 'int java.lang.invoke.DirectMethodHandle$Holder.invokeStatic(java.lang.Object, java.lang.Object, int, java.lang.Object)'> (0x0000000089674b50) thrown at [./src/hotspot/share/interpreter/linkResolver.cpp, line 773]
Event: 8.333 Thread 0x0000023246413800 Exception <a 'sun/nio/fs/WindowsException'{0x00000000895a5f58}> (0x00000000895a5f58) thrown at [./src/hotspot/share/prims/jni.cpp, line 615]
Event: 8.333 Thread 0x0000023246413800 Exception <a 'sun/nio/fs/WindowsException'{0x00000000895a7028}> (0x00000000895a7028) thrown at [./src/hotspot/share/prims/jni.cpp, line 615]
Event: 8.333 Thread 0x0000023246413800 Exception <a 'sun/nio/fs/WindowsException'{0x00000000895a8148}> (0x00000000895a8148) thrown at [./src/hotspot/share/prims/jni.cpp, line 615]
Event: 8.333 Thread 0x0000023246413800 Exception <a 'sun/nio/fs/WindowsException'{0x00000000895a9268}> (0x00000000895a9268) thrown at [./src/hotspot/share/prims/jni.cpp, line 615]
Event: 8.455 Thread 0x0000023246413800 Exception <a 'java/lang/NoSuchMethodError'{0x000000008b28bda8}: 'int java.lang.invoke.DirectMethodHandle$Holder.invokeSpecialIFC(java.lang.Object, java.lang.Object, java.lang.Object)'> (0x000000008b28bda8) thrown at [./src/hotspot/share/interpreter/linkResolver.cpp, line 773]
Event: 8.488 Thread 0x0000023246413800 Exception <a 'java/lang/NoSuchMethodError'{0x000000008af69b30}: 'java.lang.Object java.lang.invoke.Invokers$Holder.linkToTargetMethod(java.lang.Object, java.lang.Object, java.lang.Object, int, java.lang.Object, java.lang.Object)'> (0x000000008af69b30) thrown at [./src/hotspot/share/interpreter/linkResolver.cpp, line 773]

Events (20 events):
Event: 8.489 loading class org/gradle/api/internal/tasks/properties/AbstractPropertySpec
Event: 8.489 loading class org/gradle/api/internal/tasks/properties/AbstractPropertySpec done
Event: 8.490 loading class org/gradle/internal/fingerprint/OutputNormalizer
Event: 8.490 loading class org/gradle/internal/fingerprint/OutputNormalizer done
Event: 8.490 loading class com/android/build/gradle/internal/tasks/factory/BootClasspathConfigImpl$mockableJarArtifact$2$attributes$1
Event: 8.490 loading class com/android/build/gradle/internal/tasks/factory/BootClasspathConfigImpl$mockableJarArtifact$2$attributes$1 done
Event: 8.490 loading class com/android/build/gradle/internal/tasks/factory/BootClasspathConfigImpl$mockableJarArtifact$2$1
Event: 8.490 loading class com/android/build/gradle/internal/tasks/factory/BootClasspathConfigImpl$mockableJarArtifact$2$1 done
Event: 8.492 loading class org/gradle/internal/component/local/model/PublishArtifactLocalArtifactMetadata
Event: 8.492 loading class org/gradle/internal/component/local/model/PublishArtifactLocalArtifactMetadata done
Event: 8.493 loading class org/gradle/api/artifacts/PublishArtifact
Event: 8.493 loading class org/gradle/api/artifacts/PublishArtifact done
Event: 8.493 loading class org/gradle/api/artifacts/PublishArtifact
Event: 8.493 loading class org/gradle/api/artifacts/PublishArtifact done
Event: 8.493 loading class org/gradle/api/artifacts/PublishArtifact
Event: 8.493 loading class org/gradle/api/artifacts/PublishArtifact done
Event: 8.494 loading class org/gradle/api/internal/artifacts/ivyservice/moduleconverter/DefaultLocalComponentMetadataBuilder$NestedVariantIdentifier
Event: 8.494 loading class org/gradle/api/internal/artifacts/ivyservice/moduleconverter/DefaultLocalComponentMetadataBuilder$NestedVariantIdentifier done
Event: 8.497 loading class com/android/build/gradle/internal/packaging/JarCreatorType
Event: 8.497 loading class com/android/build/gradle/internal/packaging/JarCreatorType done


Dynamic libraries:
0x00007ff7ef660000 - 0x00007ff7ef66a000 	C:\Program Files\Android\Android Studio\jre\bin\java.exe
0x00007ff99d1d0000 - 0x00007ff99d3c7000 	C:\Windows\SYSTEM32\ntdll.dll
0x00007ff99ce20000 - 0x00007ff99cedd000 	C:\Windows\System32\KERNEL32.DLL
0x00007ff99a8f0000 - 0x00007ff99abbd000 	C:\Windows\System32\KERNELBASE.dll
0x00007ff99aee0000 - 0x00007ff99afe0000 	C:\Windows\System32\ucrtbase.dll
0x00007ff995ce0000 - 0x00007ff995cf9000 	C:\Program Files\Android\Android Studio\jre\bin\jli.dll
0x00007ff990110000 - 0x00007ff990127000 	C:\Program Files\Android\Android Studio\jre\bin\VCRUNTIME140.dll
0x00007ff99c010000 - 0x00007ff99c1b0000 	C:\Windows\System32\USER32.dll
0x00007ff99b0a0000 - 0x00007ff99b0c2000 	C:\Windows\System32\win32u.dll
0x00007ff97ef40000 - 0x00007ff97f1da000 	C:\Windows\WinSxS\amd64_microsoft.windows.common-controls_6595b64144ccf1df_6.0.19041.1110_none_60b5254171f9507e\COMCTL32.dll
0x00007ff99cc40000 - 0x00007ff99cc6a000 	C:\Windows\System32\GDI32.dll
0x00007ff99b230000 - 0x00007ff99b2ce000 	C:\Windows\System32\msvcrt.dll
0x00007ff99add0000 - 0x00007ff99aedb000 	C:\Windows\System32\gdi32full.dll
0x00007ff99b190000 - 0x00007ff99b22d000 	C:\Windows\System32\msvcp_win.dll
0x00007ff99bfe0000 - 0x00007ff99c010000 	C:\Windows\System32\IMM32.DLL
0x00007ff972f30000 - 0x00007ff972fcd000 	C:\Program Files\Android\Android Studio\jre\bin\msvcp140.dll
0x00007ff959ce0000 - 0x00007ff95a7c5000 	C:\Program Files\Android\Android Studio\jre\bin\server\jvm.dll
0x00007ff99cee0000 - 0x00007ff99cf8e000 	C:\Windows\System32\ADVAPI32.dll
0x00007ff99c2e0000 - 0x00007ff99c37c000 	C:\Windows\System32\sechost.dll
0x00007ff99c1b0000 - 0x00007ff99c2d5000 	C:\Windows\System32\RPCRT4.dll
0x00007ff99c9a0000 - 0x00007ff99c9a8000 	C:\Windows\System32\PSAPI.DLL
0x00007ff9892a0000 - 0x00007ff9892aa000 	C:\Windows\SYSTEM32\VERSION.dll
0x00007ff995cd0000 - 0x00007ff995cd9000 	C:\Windows\SYSTEM32\WSOCK32.dll
0x00007ff9831c0000 - 0x00007ff9831e7000 	C:\Windows\SYSTEM32\WINMM.dll
0x00007ff99cac0000 - 0x00007ff99cb2b000 	C:\Windows\System32\WS2_32.dll
0x00007ff999140000 - 0x00007ff999152000 	C:\Windows\SYSTEM32\kernel.appcore.dll
0x00007ff990d20000 - 0x00007ff990d31000 	C:\Program Files\Android\Android Studio\jre\bin\verify.dll
0x00007ff998ca0000 - 0x00007ff998e84000 	C:\Windows\SYSTEM32\DBGHELP.DLL
0x00007ff989720000 - 0x00007ff98974c000 	C:\Windows\SYSTEM32\dbgcore.DLL
0x00007ff99b010000 - 0x00007ff99b092000 	C:\Windows\System32\bcryptPrimitives.dll
0x00007ff98df60000 - 0x00007ff98df89000 	C:\Program Files\Android\Android Studio\jre\bin\java.dll
0x00007ff991620000 - 0x00007ff99162b000 	C:\Program Files\Android\Android Studio\jre\bin\jimage.dll
0x00007ff990af0000 - 0x00007ff990b08000 	C:\Program Files\Android\Android Studio\jre\bin\zip.dll
0x00007ff99b740000 - 0x00007ff99be84000 	C:\Windows\System32\SHELL32.dll
0x00007ff998430000 - 0x00007ff998bc4000 	C:\Windows\SYSTEM32\windows.storage.dll
0x00007ff99c3e0000 - 0x00007ff99c734000 	C:\Windows\System32\combase.dll
0x00007ff99a350000 - 0x00007ff99a37c000 	C:\Windows\SYSTEM32\Wldp.dll
0x00007ff99cb90000 - 0x00007ff99cc3d000 	C:\Windows\System32\SHCORE.dll
0x00007ff99c380000 - 0x00007ff99c3d5000 	C:\Windows\System32\shlwapi.dll
0x00007ff99a830000 - 0x00007ff99a84f000 	C:\Windows\SYSTEM32\profapi.dll
0x00007ff9900d0000 - 0x00007ff9900ea000 	C:\Program Files\Android\Android Studio\jre\bin\net.dll
0x00007ff990f20000 - 0x00007ff99102a000 	C:\Windows\SYSTEM32\WINHTTP.dll
0x00007ff99a0b0000 - 0x00007ff99a11a000 	C:\Windows\system32\mswsock.dll
0x00007ff98f160000 - 0x00007ff98f174000 	C:\Program Files\Android\Android Studio\jre\bin\nio.dll
0x00007ff98f890000 - 0x00007ff98f8b7000 	C:\Program Files\Android\gradle-7.3.3\native\e1d6ef7f7dcc3fd88c89a11ec53ec762bb8ba0a96d01ffa2cd45eb1d1d8dd5c5\windows-amd64\native-platform.dll
0x00007ff941f20000 - 0x00007ff942064000 	C:\Program Files\Android\gradle-7.3.3\native\5664cfc778a61ccfe75a443a1ab52a65af34e5dc3c78e0209fed803814484fcb\windows-amd64\native-platform-file-events.dll
0x00007ff98f8c0000 - 0x00007ff98f8ca000 	C:\Program Files\Android\Android Studio\jre\bin\management.dll
0x00007ff98f1e0000 - 0x00007ff98f1ed000 	C:\Program Files\Android\Android Studio\jre\bin\management_ext.dll
0x00007ff99a2a0000 - 0x00007ff99a2b8000 	C:\Windows\SYSTEM32\CRYPTSP.dll
0x00007ff999990000 - 0x00007ff9999c4000 	C:\Windows\system32\rsaenh.dll
0x00007ff99afe0000 - 0x00007ff99b007000 	C:\Windows\System32\bcrypt.dll
0x00007ff99a7b0000 - 0x00007ff99a7de000 	C:\Windows\SYSTEM32\USERENV.dll
0x00007ff99a2c0000 - 0x00007ff99a2cc000 	C:\Windows\SYSTEM32\CRYPTBASE.dll
0x00007ff999d50000 - 0x00007ff999d8b000 	C:\Windows\SYSTEM32\IPHLPAPI.DLL
0x00007ff99ce10000 - 0x00007ff99ce18000 	C:\Windows\System32\NSI.dll
0x00007ff9889b0000 - 0x00007ff9889c7000 	C:\Windows\SYSTEM32\dhcpcsvc6.DLL
0x00007ff9893a0000 - 0x00007ff9893bd000 	C:\Windows\SYSTEM32\dhcpcsvc.DLL
0x00007ff999da0000 - 0x00007ff999e6b000 	C:\Windows\SYSTEM32\DNSAPI.dll

dbghelp: loaded successfully - version: 4.0.5 - missing functions: none
symbol engine: initialized successfully - sym options: 0x614 - pdb path: .;C:\Program Files\Android\Android Studio\jre\bin;C:\Windows\SYSTEM32;C:\Windows\WinSxS\amd64_microsoft.windows.common-controls_6595b64144ccf1df_6.0.19041.1110_none_60b5254171f9507e;C:\Program Files\Android\Android Studio\jre\bin\server;C:\Program Files\Android\gradle-7.3.3\native\e1d6ef7f7dcc3fd88c89a11ec53ec762bb8ba0a96d01ffa2cd45eb1d1d8dd5c5\windows-amd64;C:\Program Files\Android\gradle-7.3.3\native\5664cfc778a61ccfe75a443a1ab52a65af34e5dc3c78e0209fed803814484fcb\windows-amd64

VM Arguments:
jvm_args: --add-opens=java.base/java.util=ALL-UNNAMED --add-opens=java.base/java.lang=ALL-UNNAMED --add-opens=java.base/java.lang.invoke=ALL-UNNAMED --add-opens=java.base/java.util=ALL-UNNAMED --add-opens=java.prefs/java.util.prefs=ALL-UNNAMED --add-opens=java.prefs/java.util.prefs=ALL-UNNAMED --add-opens=java.base/java.nio.charset=ALL-UNNAMED --add-opens=java.base/java.net=ALL-UNNAMED --add-opens=java.base/java.util.concurrent.atomic=ALL-UNNAMED -Xmx2048m -Dfile.encoding=UTF-8 -Duser.country=IN -Duser.language=en -Duser.variant 
java_command: org.gradle.launcher.daemon.bootstrap.GradleDaemon 7.3.3
java_class_path (initial): C:\Program Files\Android\gradle-7.3.3\wrapper\dists\gradle-7.3.3-bin\6a41zxkdtcxs8rphpq6y0069z\gradle-7.3.3\lib\gradle-launcher-7.3.3.jar
Launcher Type: SUN_STANDARD

[Global flags]
     intx CICompilerCount                          = 4                                         {product} {ergonomic}
     uint ConcGCThreads                            = 2                                         {product} {ergonomic}
     uint G1ConcRefinementThreads                  = 8                                         {product} {ergonomic}
   size_t G1HeapRegionSize                         = 1048576                                   {product} {ergonomic}
    uintx GCDrainStackTargetSize                   = 64                                        {product} {ergonomic}
   size_t InitialHeapSize                          = 132120576                                 {product} {ergonomic}
   size_t MarkStackSize                            = 4194304                                   {product} {ergonomic}
   size_t MaxHeapSize                              = 2147483648                                {product} {command line}
   size_t MaxNewSize                               = 1287651328                                {product} {ergonomic}
   size_t MinHeapDeltaBytes                        = 1048576                                   {product} {ergonomic}
    uintx NonNMethodCodeHeapSize                   = 5836300                                {pd product} {ergonomic}
    uintx NonProfiledCodeHeapSize                  = 122910970                              {pd product} {ergonomic}
    uintx ProfiledCodeHeapSize                     = 122910970                              {pd product} {ergonomic}
    uintx ReservedCodeCacheSize                    = 251658240                              {pd product} {ergonomic}
     bool SegmentedCodeCache                       = true                                      {product} {ergonomic}
     bool UseCompressedClassPointers               = true                                 {lp64_product} {ergonomic}
     bool UseCompressedOops                        = true                                 {lp64_product} {ergonomic}
     bool UseG1GC                                  = true                                      {product} {ergonomic}
     bool UseLargePagesIndividualAllocation        = false                                  {pd product} {ergonomic}

Logging:
Log output configuration:
 #0: stdout all=warning uptime,level,tags
 #1: stderr all=off uptime,level,tags

Environment Variables:
JAVA_HOME=C:\Program Files\Java\jdk-18.0.1.1
PATH=C:\Program Files\Common Files\Oracle\Java\javapath;C:\Windows\system32;C:\Windows;C:\Windows\System32\Wbem;C:\Windows\System32\WindowsPowerShell\v1.0\;C:\Windows\System32\OpenSSH\;C:\Program Files\Git\cmd;C:\Users\suraj\AppData\Local\Microsoft\WindowsApps
USERNAME=suraj
OS=Windows_NT
PROCESSOR_IDENTIFIER=Intel64 Family 6 Model 140 Stepping 1, GenuineIntel



---------------  S Y S T E M  ---------------

OS: Windows 10 , 64 bit Build 19041 (10.0.19041.1741)
OS uptime: 0 days 6:12 hours
Hyper-V role detected

CPU:total 8 (initial active 8) (4 cores per cpu, 2 threads per core) family 6 model 140 stepping 1 microcode 0x86, cmov, cx8, fxsr, mmx, sse, sse2, sse3, ssse3, sse4.1, sse4.2, popcnt, avx, avx2, aes, clmul, erms, 3dnowpref, lzcnt, ht, tsc, tscinvbit, bmi1, bmi2, adx, evex, sha, fma

Memory: 4k page, system-wide physical 7987M (399M free)
TotalPageFile size 7987M (AvailPageFile size 5M)
current process WorkingSet (physical memory assigned to process): 464M, peak: 464M
current process commit charge ("private bytes"): 500M, peak: 501M

vm_info: OpenJDK 64-Bit Server VM (11.0.12+7-b1504.28-7817840) for windows-amd64 JRE (11.0.12+7-b1504.28-7817840), built on Oct 13 2021 22:12:33 by "builder" with MS VC++ 14.0 (VS2015)

END.
