#
# There is insufficient memory for the Java Runtime Environment to continue.
# Native memory allocation (mmap) failed to map 234881024 bytes for G1 virtual space
# Possible reasons:
#   The system is out of physical RAM or swap space
#   The process is running with CompressedOops enabled, and the Java Heap may be blocking the growth of the native heap
# Possible solutions:
#   Reduce memory load on the system
#   Increase physical memory or swap space
#   Check if swap backing store is full
#   Decrease Java heap size (-Xmx/-Xms)
#   Decrease number of Java threads
#   Decrease Java thread stack sizes (-Xss)
#   Set larger code cache with -XX:ReservedCodeCacheSize=
#   JVM is running with Unscaled Compressed Oops mode in which the Java heap is
#     placed in the first 4GB address space. The Java Heap base address is the
#     maximum limit for the native heap growth. Please use -XX:HeapBaseMinAddress
#     to set the Java Heap base and to place the Java Heap above 4GB virtual address.
# This output file may be truncated or incomplete.
#
#  Out of Memory Error (os_windows.cpp:3530), pid=11496, tid=9204
#
# JRE version: Java(TM) SE Runtime Environment (18.0.1.1+2) (build 18.0.1.1+2-6)
# Java VM: Java HotSpot(TM) 64-Bit Server VM (18.0.1.1+2-6, mixed mode, sharing, tiered, compressed oops, compressed class ptrs, g1 gc, windows-amd64)
# No core dump will be written. Minidumps are not enabled by default on client versions of Windows
#

---------------  S U M M A R Y ------------

Command Line: --add-opens=java.base/java.util=ALL-UNNAMED --add-opens=java.base/java.lang=ALL-UNNAMED --add-opens=java.base/java.lang.invoke=ALL-UNNAMED --add-opens=java.base/java.util=ALL-UNNAMED --add-opens=java.prefs/java.util.prefs=ALL-UNNAMED --add-opens=java.prefs/java.util.prefs=ALL-UNNAMED --add-opens=java.base/java.nio.charset=ALL-UNNAMED --add-opens=java.base/java.net=ALL-UNNAMED --add-opens=java.base/java.util.concurrent.atomic=ALL-UNNAMED -Xmx2048m -Dfile.encoding=UTF-8 -Duser.country=IN -Duser.language=en -Duser.variant org.gradle.launcher.daemon.bootstrap.GradleDaemon 7.3.3

Host: 11th Gen Intel(R) Core(TM) i5-1135G7 @ 2.40GHz, 8 cores, 7G,  Windows 10 , 64 bit Build 19041 (10.0.19041.1806)
Time: Thu Jun 30 23:10:00 2022 India Standard Time elapsed time: 8.560130 seconds (0d 0h 0m 8s)

---------------  T H R E A D  ---------------

Current thread (0x0000018adef0c010):  VMThread "VM Thread" [stack: 0x000000767de00000,0x000000767df00000] [id=9204]

Stack: [0x000000767de00000,0x000000767df00000]
Native frames: (J=compiled Java code, j=interpreted, Vv=VM code, C=native code)
V  [jvm.dll+0x69887a]
V  [jvm.dll+0x7f38bd]
V  [jvm.dll+0x7f51ce]
V  [jvm.dll+0x7f5883]
V  [jvm.dll+0x25ca3f]
V  [jvm.dll+0x6957c9]
V  [jvm.dll+0x68a2fa]
V  [jvm.dll+0x321efb]
V  [jvm.dll+0x3298d6]
V  [jvm.dll+0x37e47e]
V  [jvm.dll+0x37e6af]
V  [jvm.dll+0x2f9c7a]
V  [jvm.dll+0x2f9d27]
V  [jvm.dll+0x33e262]
V  [jvm.dll+0x33c804]
V  [jvm.dll+0x2f9450]
V  [jvm.dll+0x33bddb]
V  [jvm.dll+0x7fa66b]
V  [jvm.dll+0x7fb404]
V  [jvm.dll+0x7fb93c]
V  [jvm.dll+0x7fbd94]
V  [jvm.dll+0x7fbe57]
V  [jvm.dll+0x7a03ea]
V  [jvm.dll+0x697725]
C  [ucrtbase.dll+0x21bb2]
C  [KERNEL32.DLL+0x17034]
C  [ntdll.dll+0x52651]

VM_Operation (0x00000076008fdaf0): G1CollectForAllocation, mode: safepoint, requested by thread 0x0000018ae8267f90


---------------  P R O C E S S  ---------------

Threads class SMR info:
_java_thread_list=0x0000018ae669bca0, length=140, elements={
0x0000018ac0ca1380, 0x0000018adef0ff40, 0x0000018adef107f0, 0x0000018adef2ffc0,
0x0000018adef30870, 0x0000018adef32150, 0x0000018adef357d0, 0x0000018adef385e0,
0x0000018adef3b2d0, 0x0000018adef47290, 0x0000018ae31e1880, 0x0000018ae31e2170,
0x0000018ae334b9d0, 0x0000018ae34c1b50, 0x0000018ae3e57d90, 0x0000018ae4521200,
0x0000018ae4cce890, 0x0000018ae4c4ed00, 0x0000018ae4859030, 0x0000018ae463bdb0,
0x0000018ae463d350, 0x0000018ae45fb7b0, 0x0000018ae45fe300, 0x0000018ae45fb2e0,
0x0000018ae45fc150, 0x0000018ae45fae10, 0x0000018ae45fcfc0, 0x0000018ae45fc620,
0x0000018ae45fcaf0, 0x0000018ae45fd490, 0x0000018ae45fd960, 0x0000018ae45fde30,
0x0000018ae45fa940, 0x0000018ae8267f90, 0x0000018ae8267120, 0x0000018ae8264100,
0x0000018ae8265440, 0x0000018ae82662b0, 0x0000018ae8262dc0, 0x0000018ae8267ac0,
0x0000018ae8269c70, 0x0000018ae82645d0, 0x0000018ae8264f70, 0x0000018ae8263290,
0x0000018ae8263760, 0x0000018ae8265de0, 0x0000018ae826a610, 0x0000018ae82697a0,
0x0000018ae8268460, 0x0000018ae8268930, 0x0000018ae8263c30, 0x0000018ae8264aa0,
0x0000018ae8265910, 0x0000018ae8268e00, 0x0000018ae82692d0, 0x0000018ae8109080,
0x0000018ae81086e0, 0x0000018ae8106060, 0x0000018ae8106a00, 0x0000018ae8107870,
0x0000018ae8108bb0, 0x0000018ae8109550, 0x0000018ae8109a20, 0x0000018ae8106530,
0x0000018ae8106ed0, 0x0000018ae81073a0, 0x0000018ae8107d40, 0x0000018ae8108210,
0x0000018ae902b0a0, 0x0000018ae902ba40, 0x0000018ae9029890, 0x0000018ae902cd80,
0x0000018ae9028080, 0x0000018ae902bf10, 0x0000018ae90293c0, 0x0000018ae902c8b0,
0x0000018ae9028a20, 0x0000018ae9028ef0, 0x0000018ae9029d60, 0x0000018ae902a230,
0x0000018ae902abd0, 0x0000018ae902a700, 0x0000018ae9028550, 0x0000018ae902c3e0,
0x0000018ae902b570, 0x0000018ae902d250, 0x0000018ae902d720, 0x0000018ae902dbf0,
0x0000018ae902e0c0, 0x0000018ae902e590, 0x0000018ae902ea60, 0x0000018ae902ef30,
0x0000018ae902f400, 0x0000018ae902f8d0, 0x0000018ae5410530, 0x0000018ae5410060,
0x0000018ae54113a0, 0x0000018ae5413550, 0x0000018ae54126e0, 0x0000018ae5410a00,
0x0000018ae5411870, 0x0000018ae5412bb0, 0x0000018ae5413a20, 0x0000018ae5415230,
0x0000018ae5416570, 0x0000018ae5415bd0, 0x0000018ae5416a40, 0x0000018ae5416f10,
0x0000018ae5413ef0, 0x0000018ae54143c0, 0x0000018ae5410ed0, 0x0000018ae5414890,
0x0000018ae5414d60, 0x0000018ae5415700, 0x0000018ae5412210, 0x0000018ae54160a0,
0x0000018ae54173e0, 0x0000018ae5411d40, 0x0000018ae54178b0, 0x0000018ae5413080,
0x0000018ae73d5830, 0x0000018ae73d0660, 0x0000018ae73d1e70, 0x0000018ae73cf7f0,
0x0000018ae73d0b30, 0x0000018ae73d5d00, 0x0000018ae73d31b0, 0x0000018ae73d2810,
0x0000018ae73d2ce0, 0x0000018ae73d3680, 0x0000018ae73d5360, 0x0000018ae73d49c0,
0x0000018ae73d4e90, 0x0000018ae9c95250, 0x0000018ae9c96590, 0x0000018ae9c95bf0,
0x0000018ae9c96a60, 0x0000018ae9c90a20, 0x0000018ae9c93570, 0x0000018ae9c90080
}

Java Threads: ( => current thread )
  0x0000018ac0ca1380 JavaThread "main" [_thread_blocked, id=1224, stack(0x000000767d800000,0x000000767d900000)]
  0x0000018adef0ff40 JavaThread "Reference Handler" daemon [_thread_blocked, id=10432, stack(0x000000767df00000,0x000000767e000000)]
  0x0000018adef107f0 JavaThread "Finalizer" daemon [_thread_blocked, id=8500, stack(0x000000767e000000,0x000000767e100000)]
  0x0000018adef2ffc0 JavaThread "Signal Dispatcher" daemon [_thread_blocked, id=6912, stack(0x000000767e100000,0x000000767e200000)]
  0x0000018adef30870 JavaThread "Attach Listener" daemon [_thread_blocked, id=7104, stack(0x000000767e200000,0x000000767e300000)]
  0x0000018adef32150 JavaThread "Service Thread" daemon [_thread_blocked, id=12460, stack(0x000000767e300000,0x000000767e400000)]
  0x0000018adef357d0 JavaThread "Monitor Deflation Thread" daemon [_thread_blocked, id=14204, stack(0x000000767e400000,0x000000767e500000)]
  0x0000018adef385e0 JavaThread "C2 CompilerThread0" daemon [_thread_blocked, id=8784, stack(0x000000767e500000,0x000000767e600000)]
  0x0000018adef3b2d0 JavaThread "C1 CompilerThread0" daemon [_thread_blocked, id=1736, stack(0x000000767e600000,0x000000767e700000)]
  0x0000018adef47290 JavaThread "Sweeper thread" daemon [_thread_blocked, id=7752, stack(0x000000767e700000,0x000000767e800000)]
  0x0000018ae31e1880 JavaThread "Common-Cleaner" daemon [_thread_blocked, id=9800, stack(0x000000767e800000,0x000000767e900000)]
  0x0000018ae31e2170 JavaThread "Notification Thread" daemon [_thread_blocked, id=5508, stack(0x000000767e900000,0x000000767ea00000)]
  0x0000018ae334b9d0 JavaThread "C2 CompilerThread1" daemon [_thread_blocked, id=2960, stack(0x000000767eb00000,0x000000767ec00000)]
  0x0000018ae34c1b50 JavaThread "C2 CompilerThread2" daemon [_thread_blocked, id=6656, stack(0x000000767ec00000,0x000000767ed00000)]
  0x0000018ae3e57d90 JavaThread "Daemon health stats" [_thread_blocked, id=10372, stack(0x000000767f300000,0x000000767f400000)]
  0x0000018ae4521200 JavaThread "Incoming local TCP Connector on port 51128" [_thread_in_native, id=1972, stack(0x000000767f400000,0x000000767f500000)]
  0x0000018ae4cce890 JavaThread "Daemon periodic checks" [_thread_blocked, id=7148, stack(0x000000767f500000,0x000000767f600000)]
  0x0000018ae4c4ed00 JavaThread "Daemon" [_thread_blocked, id=15924, stack(0x000000767f600000,0x000000767f700000)]
  0x0000018ae4859030 JavaThread "Handler for socket connection from /127.0.0.1:51128 to /127.0.0.1:51129" [_thread_in_native, id=16320, stack(0x000000767f700000,0x000000767f800000)]
  0x0000018ae463bdb0 JavaThread "Cancel handler" [_thread_blocked, id=12464, stack(0x000000767f800000,0x000000767f900000)]
  0x0000018ae463d350 JavaThread "Daemon worker" [_thread_blocked, id=15280, stack(0x000000767f900000,0x000000767fa00000)]
  0x0000018ae45fb7b0 JavaThread "Asynchronous log dispatcher for DefaultDaemonConnection: socket connection from /127.0.0.1:51128 to /127.0.0.1:51129" [_thread_blocked, id=7884, stack(0x000000767fa00000,0x000000767fb00000)]
  0x0000018ae45fe300 JavaThread "Stdin handler" [_thread_blocked, id=14148, stack(0x000000767fb00000,0x000000767fc00000)]
  0x0000018ae45fb2e0 JavaThread "Daemon client event forwarder" [_thread_blocked, id=9396, stack(0x000000767fc00000,0x000000767fd00000)]
  0x0000018ae45fc150 JavaThread "Cache worker for journal cache (C:\Program Files\Android\gradle-7.3.3\caches\journal-1)" [_thread_blocked, id=13324, stack(0x000000767fd00000,0x000000767fe00000)]
  0x0000018ae45fae10 JavaThread "File lock request listener" [_thread_in_native, id=13736, stack(0x000000767fe00000,0x000000767ff00000)]
  0x0000018ae45fcfc0 JavaThread "Cache worker for file hash cache (C:\Program Files\Android\gradle-7.3.3\caches\7.3.3\fileHashes)" [_thread_blocked, id=4928, stack(0x000000767ff00000,0x0000007680000000)]
  0x0000018ae45fc620 JavaThread "Cache worker for file hash cache (D:\EmailLogin\.gradle\7.3.3\fileHashes)" [_thread_blocked, id=7828, stack(0x0000007600000000,0x0000007600100000)]
  0x0000018ae45fcaf0 JavaThread "File watcher server" daemon [_thread_blocked, id=2188, stack(0x0000007600100000,0x0000007600200000)]
  0x0000018ae45fd490 JavaThread "File watcher consumer" daemon [_thread_blocked, id=8288, stack(0x0000007600200000,0x0000007600300000)]
  0x0000018ae45fd960 JavaThread "Cache worker for checksums cache (D:\EmailLogin\.gradle\7.3.3\checksums)" [_thread_blocked, id=14040, stack(0x0000007600400000,0x0000007600500000)]
  0x0000018ae45fde30 JavaThread "Cache worker for cache directory md-supplier (C:\Program Files\Android\gradle-7.3.3\caches\7.3.3\md-supplier)" [_thread_blocked, id=9792, stack(0x0000007600500000,0x0000007600600000)]
  0x0000018ae45fa940 JavaThread "Cache worker for cache directory md-rule (C:\Program Files\Android\gradle-7.3.3\caches\7.3.3\md-rule)" [_thread_blocked, id=4544, stack(0x0000007600700000,0x0000007600800000)]
  0x0000018ae8267f90 JavaThread "Cache worker for execution history cache (C:\Program Files\Android\gradle-7.3.3\caches\7.3.3\executionHistory)" [_thread_blocked, id=2080, stack(0x0000007600800000,0x0000007600900000)]
  0x0000018ae8267120 JavaThread "jar transforms" [_thread_blocked, id=11428, stack(0x0000007600900000,0x0000007600a00000)]
  0x0000018ae8264100 JavaThread "Cache worker for file content cache (C:\Program Files\Android\gradle-7.3.3\caches\7.3.3\fileContent)" [_thread_blocked, id=10400, stack(0x0000007600a00000,0x0000007600b00000)]
  0x0000018ae8265440 JavaThread "jar transforms Thread 2" [_thread_blocked, id=4932, stack(0x0000007600b00000,0x0000007600c00000)]
  0x0000018ae82662b0 JavaThread "Cache worker for dependencies-accessors (D:\EmailLogin\.gradle\7.3.3\dependencies-accessors)" [_thread_blocked, id=11304, stack(0x0000007600c00000,0x0000007600d00000)]
  0x0000018ae8262dc0 JavaThread "jar transforms Thread 3" [_thread_blocked, id=2620, stack(0x0000007600d00000,0x0000007600e00000)]
  0x0000018ae8267ac0 JavaThread "Cache worker for Build Output Cleanup Cache (D:\EmailLogin\.gradle\buildOutputCleanup)" [_thread_blocked, id=9240, stack(0x0000007600e00000,0x0000007600f00000)]
  0x0000018ae8269c70 JavaThread "Unconstrained build operations" [_thread_blocked, id=9404, stack(0x0000007600f00000,0x0000007601000000)]
  0x0000018ae82645d0 JavaThread "Unconstrained build operations Thread 2" [_thread_blocked, id=7624, stack(0x0000007601000000,0x0000007601100000)]
  0x0000018ae8264f70 JavaThread "Unconstrained build operations Thread 3" [_thread_blocked, id=9176, stack(0x0000007601100000,0x0000007601200000)]
  0x0000018ae8263290 JavaThread "Unconstrained build operations Thread 4" [_thread_blocked, id=8216, stack(0x0000007601200000,0x0000007601300000)]
  0x0000018ae8263760 JavaThread "Unconstrained build operations Thread 5" [_thread_blocked, id=11632, stack(0x0000007601300000,0x0000007601400000)]
  0x0000018ae8265de0 JavaThread "Unconstrained build operations Thread 6" [_thread_blocked, id=12780, stack(0x0000007601400000,0x0000007601500000)]
  0x0000018ae826a610 JavaThread "Unconstrained build operations Thread 7" [_thread_blocked, id=9484, stack(0x0000007601500000,0x0000007601600000)]
  0x0000018ae82697a0 JavaThread "Unconstrained build operations Thread 8" [_thread_blocked, id=8800, stack(0x0000007601600000,0x0000007601700000)]
  0x0000018ae8268460 JavaThread "Unconstrained build operations Thread 9" [_thread_blocked, id=15048, stack(0x0000007601700000,0x0000007601800000)]
  0x0000018ae8268930 JavaThread "Unconstrained build operations Thread 10" [_thread_blocked, id=11220, stack(0x0000007601800000,0x0000007601900000)]
  0x0000018ae8263c30 JavaThread "Unconstrained build operations Thread 11" [_thread_blocked, id=5860, stack(0x0000007601900000,0x0000007601a00000)]
  0x0000018ae8264aa0 JavaThread "Unconstrained build operations Thread 12" [_thread_blocked, id=8556, stack(0x0000007601a00000,0x0000007601b00000)]
  0x0000018ae8265910 JavaThread "Unconstrained build operations Thread 13" [_thread_blocked, id=2544, stack(0x0000007601b00000,0x0000007601c00000)]
  0x0000018ae8268e00 JavaThread "Unconstrained build operations Thread 14" [_thread_blocked, id=6540, stack(0x0000007601c00000,0x0000007601d00000)]
  0x0000018ae82692d0 JavaThread "Unconstrained build operations Thread 15" [_thread_blocked, id=16176, stack(0x0000007601d00000,0x0000007601e00000)]
  0x0000018ae8109080 JavaThread "Unconstrained build operations Thread 16" [_thread_blocked, id=10048, stack(0x0000007601e00000,0x0000007601f00000)]
  0x0000018ae81086e0 JavaThread "Unconstrained build operations Thread 17" [_thread_blocked, id=2396, stack(0x0000007601f00000,0x0000007602000000)]
  0x0000018ae8106060 JavaThread "Unconstrained build operations Thread 18" [_thread_blocked, id=2208, stack(0x0000007602000000,0x0000007602100000)]
  0x0000018ae8106a00 JavaThread "Unconstrained build operations Thread 19" [_thread_blocked, id=9884, stack(0x0000007602100000,0x0000007602200000)]
  0x0000018ae8107870 JavaThread "Unconstrained build operations Thread 20" [_thread_blocked, id=16120, stack(0x0000007602200000,0x0000007602300000)]
  0x0000018ae8108bb0 JavaThread "Unconstrained build operations Thread 21" [_thread_blocked, id=4052, stack(0x0000007602300000,0x0000007602400000)]
  0x0000018ae8109550 JavaThread "Unconstrained build operations Thread 22" [_thread_blocked, id=5188, stack(0x0000007602400000,0x0000007602500000)]
  0x0000018ae8109a20 JavaThread "Unconstrained build operations Thread 23" [_thread_blocked, id=15612, stack(0x0000007602500000,0x0000007602600000)]
  0x0000018ae8106530 JavaThread "Unconstrained build operations Thread 24" [_thread_blocked, id=15232, stack(0x0000007602600000,0x0000007602700000)]
  0x0000018ae8106ed0 JavaThread "Unconstrained build operations Thread 25" [_thread_blocked, id=14940, stack(0x0000007602700000,0x0000007602800000)]
  0x0000018ae81073a0 JavaThread "Unconstrained build operations Thread 26" [_thread_blocked, id=2360, stack(0x0000007602800000,0x0000007602900000)]
  0x0000018ae8107d40 JavaThread "Unconstrained build operations Thread 27" [_thread_blocked, id=10096, stack(0x0000007602900000,0x0000007602a00000)]
  0x0000018ae8108210 JavaThread "Unconstrained build operations Thread 28" [_thread_blocked, id=5552, stack(0x0000007602a00000,0x0000007602b00000)]
  0x0000018ae902b0a0 JavaThread "Unconstrained build operations Thread 29" [_thread_blocked, id=16100, stack(0x0000007602b00000,0x0000007602c00000)]
  0x0000018ae902ba40 JavaThread "Unconstrained build operations Thread 30" [_thread_blocked, id=6312, stack(0x0000007602c00000,0x0000007602d00000)]
  0x0000018ae9029890 JavaThread "Unconstrained build operations Thread 31" [_thread_blocked, id=14208, stack(0x0000007602d00000,0x0000007602e00000)]
  0x0000018ae902cd80 JavaThread "Unconstrained build operations Thread 32" [_thread_blocked, id=3868, stack(0x0000007602e00000,0x0000007602f00000)]
  0x0000018ae9028080 JavaThread "Unconstrained build operations Thread 33" [_thread_blocked, id=1900, stack(0x0000007602f00000,0x0000007603000000)]
  0x0000018ae902bf10 JavaThread "Unconstrained build operations Thread 34" [_thread_blocked, id=1096, stack(0x0000007603000000,0x0000007603100000)]
  0x0000018ae90293c0 JavaThread "Unconstrained build operations Thread 35" [_thread_blocked, id=8344, stack(0x0000007603100000,0x0000007603200000)]
  0x0000018ae902c8b0 JavaThread "Unconstrained build operations Thread 36" [_thread_blocked, id=11604, stack(0x0000007603200000,0x0000007603300000)]
  0x0000018ae9028a20 JavaThread "Unconstrained build operations Thread 37" [_thread_blocked, id=2552, stack(0x0000007603300000,0x0000007603400000)]
  0x0000018ae9028ef0 JavaThread "Unconstrained build operations Thread 38" [_thread_blocked, id=10212, stack(0x0000007603400000,0x0000007603500000)]
  0x0000018ae9029d60 JavaThread "Unconstrained build operations Thread 39" [_thread_blocked, id=6704, stack(0x0000007603500000,0x0000007603600000)]
  0x0000018ae902a230 JavaThread "Unconstrained build operations Thread 40" [_thread_blocked, id=16328, stack(0x0000007603600000,0x0000007603700000)]
  0x0000018ae902abd0 JavaThread "Unconstrained build operations Thread 41" [_thread_blocked, id=3568, stack(0x0000007603700000,0x0000007603800000)]
  0x0000018ae902a700 JavaThread "Unconstrained build operations Thread 42" [_thread_blocked, id=1668, stack(0x0000007603800000,0x0000007603900000)]
  0x0000018ae9028550 JavaThread "Unconstrained build operations Thread 43" [_thread_blocked, id=15244, stack(0x0000007603900000,0x0000007603a00000)]
  0x0000018ae902c3e0 JavaThread "Unconstrained build operations Thread 44" [_thread_blocked, id=10196, stack(0x0000007603a00000,0x0000007603b00000)]
  0x0000018ae902b570 JavaThread "Unconstrained build operations Thread 45" [_thread_blocked, id=9492, stack(0x0000007603b00000,0x0000007603c00000)]
  0x0000018ae902d250 JavaThread "Unconstrained build operations Thread 46" [_thread_blocked, id=6012, stack(0x0000007603c00000,0x0000007603d00000)]
  0x0000018ae902d720 JavaThread "Unconstrained build operations Thread 47" [_thread_blocked, id=13432, stack(0x0000007603d00000,0x0000007603e00000)]
  0x0000018ae902dbf0 JavaThread "Unconstrained build operations Thread 48" [_thread_blocked, id=6360, stack(0x0000007603e00000,0x0000007603f00000)]
  0x0000018ae902e0c0 JavaThread "Unconstrained build operations Thread 49" [_thread_blocked, id=3360, stack(0x0000007603f00000,0x0000007604000000)]
  0x0000018ae902e590 JavaThread "Unconstrained build operations Thread 50" [_thread_blocked, id=12972, stack(0x0000007604000000,0x0000007604100000)]
  0x0000018ae902ea60 JavaThread "Unconstrained build operations Thread 51" [_thread_blocked, id=13012, stack(0x0000007604100000,0x0000007604200000)]
  0x0000018ae902ef30 JavaThread "Unconstrained build operations Thread 52" [_thread_blocked, id=1724, stack(0x0000007604200000,0x0000007604300000)]
  0x0000018ae902f400 JavaThread "Unconstrained build operations Thread 53" [_thread_blocked, id=10312, stack(0x0000007604300000,0x0000007604400000)]
  0x0000018ae902f8d0 JavaThread "Unconstrained build operations Thread 54" [_thread_blocked, id=8092, stack(0x0000007604400000,0x0000007604500000)]
  0x0000018ae5410530 JavaThread "Unconstrained build operations Thread 55" [_thread_blocked, id=5200, stack(0x0000007604500000,0x0000007604600000)]
  0x0000018ae5410060 JavaThread "Unconstrained build operations Thread 56" [_thread_blocked, id=10328, stack(0x0000007604600000,0x0000007604700000)]
  0x0000018ae54113a0 JavaThread "Unconstrained build operations Thread 57" [_thread_blocked, id=9692, stack(0x0000007604700000,0x0000007604800000)]
  0x0000018ae5413550 JavaThread "Unconstrained build operations Thread 58" [_thread_blocked, id=1196, stack(0x0000007604800000,0x0000007604900000)]
  0x0000018ae54126e0 JavaThread "Unconstrained build operations Thread 59" [_thread_blocked, id=14408, stack(0x0000007604900000,0x0000007604a00000)]
  0x0000018ae5410a00 JavaThread "Unconstrained build operations Thread 60" [_thread_blocked, id=1132, stack(0x0000007604a00000,0x0000007604b00000)]
  0x0000018ae5411870 JavaThread "Unconstrained build operations Thread 61" [_thread_blocked, id=12140, stack(0x0000007604b00000,0x0000007604c00000)]
  0x0000018ae5412bb0 JavaThread "Unconstrained build operations Thread 62" [_thread_blocked, id=904, stack(0x0000007604c00000,0x0000007604d00000)]
  0x0000018ae5413a20 JavaThread "Unconstrained build operations Thread 63" [_thread_blocked, id=13848, stack(0x0000007604d00000,0x0000007604e00000)]
  0x0000018ae5415230 JavaThread "Unconstrained build operations Thread 64" [_thread_blocked, id=9580, stack(0x0000007604e00000,0x0000007604f00000)]
  0x0000018ae5416570 JavaThread "Unconstrained build operations Thread 65" [_thread_blocked, id=12540, stack(0x0000007604f00000,0x0000007605000000)]
  0x0000018ae5415bd0 JavaThread "Unconstrained build operations Thread 66" [_thread_blocked, id=4568, stack(0x0000007605000000,0x0000007605100000)]
  0x0000018ae5416a40 JavaThread "Unconstrained build operations Thread 67" [_thread_blocked, id=13412, stack(0x0000007605100000,0x0000007605200000)]
  0x0000018ae5416f10 JavaThread "Unconstrained build operations Thread 68" [_thread_blocked, id=8480, stack(0x0000007605200000,0x0000007605300000)]
  0x0000018ae5413ef0 JavaThread "Unconstrained build operations Thread 69" [_thread_blocked, id=12024, stack(0x0000007605300000,0x0000007605400000)]
  0x0000018ae54143c0 JavaThread "Unconstrained build operations Thread 70" [_thread_blocked, id=2804, stack(0x0000007605400000,0x0000007605500000)]
  0x0000018ae5410ed0 JavaThread "Unconstrained build operations Thread 71" [_thread_blocked, id=7964, stack(0x0000007605500000,0x0000007605600000)]
  0x0000018ae5414890 JavaThread "Unconstrained build operations Thread 72" [_thread_blocked, id=13800, stack(0x0000007605600000,0x0000007605700000)]
  0x0000018ae5414d60 JavaThread "Unconstrained build operations Thread 73" [_thread_blocked, id=8612, stack(0x0000007605700000,0x0000007605800000)]
  0x0000018ae5415700 JavaThread "Unconstrained build operations Thread 74" [_thread_blocked, id=11832, stack(0x0000007605800000,0x0000007605900000)]
  0x0000018ae5412210 JavaThread "Unconstrained build operations Thread 75" [_thread_blocked, id=10292, stack(0x0000007605900000,0x0000007605a00000)]
  0x0000018ae54160a0 JavaThread "Unconstrained build operations Thread 76" [_thread_blocked, id=5928, stack(0x0000007605a00000,0x0000007605b00000)]
  0x0000018ae54173e0 JavaThread "Unconstrained build operations Thread 77" [_thread_blocked, id=16076, stack(0x0000007605b00000,0x0000007605c00000)]
  0x0000018ae5411d40 JavaThread "Unconstrained build operations Thread 78" [_thread_blocked, id=12056, stack(0x0000007605c00000,0x0000007605d00000)]
  0x0000018ae54178b0 JavaThread "Unconstrained build operations Thread 79" [_thread_blocked, id=11464, stack(0x0000007605d00000,0x0000007605e00000)]
  0x0000018ae5413080 JavaThread "Unconstrained build operations Thread 80" [_thread_blocked, id=14144, stack(0x0000007605e00000,0x0000007605f00000)]
  0x0000018ae73d5830 JavaThread "jar transforms Thread 4" [_thread_blocked, id=11592, stack(0x0000007605f00000,0x0000007606000000)]
  0x0000018ae73d0660 JavaThread "jar transforms Thread 5" [_thread_blocked, id=436, stack(0x0000007606000000,0x0000007606100000)]
  0x0000018ae73d1e70 JavaThread "jar transforms Thread 6" [_thread_blocked, id=15672, stack(0x0000007606100000,0x0000007606200000)]
  0x0000018ae73cf7f0 JavaThread "jar transforms Thread 7" [_thread_blocked, id=12012, stack(0x0000007606200000,0x0000007606300000)]
  0x0000018ae73d0b30 JavaThread "jar transforms Thread 8" [_thread_blocked, id=7840, stack(0x0000007606300000,0x0000007606400000)]
  0x0000018ae73d5d00 JavaThread "Memory manager" [_thread_blocked, id=15192, stack(0x0000007606400000,0x0000007606500000)]
  0x0000018ae73d31b0 JavaThread "build event listener" [_thread_blocked, id=13404, stack(0x0000007606500000,0x0000007606600000)]
  0x0000018ae73d2810 JavaThread "pool-3-thread-1" [_thread_blocked, id=11436, stack(0x0000007606600000,0x0000007606700000)]
  0x0000018ae73d2ce0 JavaThread "build event listener" [_thread_blocked, id=15524, stack(0x0000007606700000,0x0000007606800000)]
  0x0000018ae73d3680 JavaThread "Execution worker for ':'" [_thread_blocked, id=8296, stack(0x0000007606800000,0x0000007606900000)]
  0x0000018ae73d5360 JavaThread "Execution worker for ':' Thread 2" [_thread_blocked, id=13236, stack(0x0000007606900000,0x0000007606a00000)]
  0x0000018ae73d49c0 JavaThread "Execution worker for ':' Thread 3" [_thread_blocked, id=9144, stack(0x0000007606a00000,0x0000007606b00000)]
  0x0000018ae73d4e90 JavaThread "Execution worker for ':' Thread 4" [_thread_blocked, id=3364, stack(0x0000007606b00000,0x0000007606c00000)]
  0x0000018ae9c95250 JavaThread "Execution worker for ':' Thread 5" [_thread_blocked, id=7436, stack(0x0000007606c00000,0x0000007606d00000)]
  0x0000018ae9c96590 JavaThread "Execution worker for ':' Thread 6" [_thread_blocked, id=12976, stack(0x0000007606d00000,0x0000007606e00000)]
  0x0000018ae9c95bf0 JavaThread "Execution worker for ':' Thread 7" [_thread_blocked, id=3712, stack(0x0000007606e00000,0x0000007606f00000)]
  0x0000018ae9c96a60 JavaThread "Cache worker for execution history cache (D:\EmailLogin\.gradle\7.3.3\executionHistory)" [_thread_blocked, id=5052, stack(0x0000007606f00000,0x0000007607000000)]
  0x0000018ae9c90a20 JavaThread "WorkerExecutor Queue" [_thread_blocked, id=15344, stack(0x0000007607400000,0x0000007607500000)]
  0x0000018ae9c93570 JavaThread "WorkerExecutor Queue Thread 2" [_thread_blocked, id=14680, stack(0x0000007607500000,0x0000007607600000)]
  0x0000018ae9c90080 JavaThread "WorkerExecutor Queue Thread 3" [_thread_blocked, id=14388, stack(0x0000007607600000,0x0000007607700000)]

Other Threads:
=>0x0000018adef0c010 VMThread "VM Thread" [stack: 0x000000767de00000,0x000000767df00000] [id=9204]
  0x0000018ae31eb070 WatcherThread "VM Periodic Task Thread" [stack: 0x000000767ea00000,0x000000767eb00000] [id=2240]
  0x0000018ac0d02860 WorkerThread "GC Thread#0" [stack: 0x000000767d900000,0x000000767da00000] [id=1416]
  0x0000018ae3eae510 WorkerThread "GC Thread#1" [stack: 0x000000767ed00000,0x000000767ee00000] [id=12832]
  0x0000018ae34f9910 WorkerThread "GC Thread#2" [stack: 0x000000767ee00000,0x000000767ef00000] [id=8816]
  0x0000018ae3e3e430 WorkerThread "GC Thread#3" [stack: 0x000000767ef00000,0x000000767f000000] [id=10128]
  0x0000018ae3e3e6d0 WorkerThread "GC Thread#4" [stack: 0x000000767f000000,0x000000767f100000] [id=9304]
  0x0000018ae4330160 WorkerThread "GC Thread#5" [stack: 0x000000767f100000,0x000000767f200000] [id=9556]
  0x0000018ae488a490 WorkerThread "GC Thread#6" [stack: 0x000000767f200000,0x000000767f300000] [id=11560]
  0x0000018ae66ed3b0 WorkerThread "GC Thread#7" [stack: 0x0000007600300000,0x0000007600400000] [id=6692]
  0x0000018ac0d136a0 ConcurrentGCThread "G1 Main Marker" [stack: 0x000000767da00000,0x000000767db00000] [id=13608]
  0x0000018ac0d13fa0 WorkerThread "G1 Conc#0" [stack: 0x000000767db00000,0x000000767dc00000] [id=9720]
  0x0000018ae66ec150 WorkerThread "G1 Conc#1" [stack: 0x0000007600600000,0x0000007600700000] [id=2212]
  0x0000018ac0d64c60 ConcurrentGCThread "G1 Refine#0" [stack: 0x000000767dc00000,0x000000767dd00000] [id=11956]
  0x0000018ae52fed70 ConcurrentGCThread "G1 Refine#1" [stack: 0x0000007607000000,0x0000007607100000] [id=7132]
  0x0000018ae59cdc40 ConcurrentGCThread "G1 Refine#2" [stack: 0x0000007607100000,0x0000007607200000] [id=15644]
  0x0000018ae9c8b610 ConcurrentGCThread "G1 Refine#3" [stack: 0x0000007607200000,0x0000007607300000] [id=10064]
  0x0000018ae9c88370 ConcurrentGCThread "G1 Refine#4" [stack: 0x0000007607300000,0x0000007607400000] [id=4996]
  0x0000018ac0d65480 ConcurrentGCThread "G1 Service" [stack: 0x000000767dd00000,0x000000767de00000] [id=6716]

Threads with active compile tasks:
C2 CompilerThread0     8577 11276       4       java.lang.invoke.DirectMethodHandle$Holder::newInvokeSpecial (28 bytes)
C1 CompilerThread0     8577 11321       3       com.ctc.wstx.sr.InputElementStack::resolveAndValidateElement (501 bytes)
C2 CompilerThread1     8577 11274       4       java.lang.invoke.Invokers$Holder::linkToTargetMethod (11 bytes)
C2 CompilerThread2     8577 11197       4       org.gradle.internal.reflect.MethodSet::add (50 bytes)

VM state: at safepoint (normal execution)

VM Mutex/Monitor currently owned by a thread:  ([mutex/lock_event])
[0x0000018ac0c9c370] Threads_lock - owner thread: 0x0000018adef0c010
[0x0000018ac0c9c520] Heap_lock - owner thread: 0x0000018ae8267f90

Heap address: 0x0000000080000000, size: 2048 MB, Compressed Oops mode: 32-bit

CDS archive(s) mapped at: [0x0000000800000000-0x0000000800ba0000-0x0000000800ba0000), size 12189696, SharedBaseAddress: 0x0000000800000000, ArchiveRelocationMode: 0.
Compressed class space mapped at: 0x0000000800c00000-0x0000000840c00000, reserved size: 1073741824
Narrow klass base: 0x0000000800000000, Narrow klass shift: 0, Narrow klass range: 0x100000000

GC Precious Log:
 CardTable entry size: 512
 Card Set container configuration: InlinePtr #cards 5 size 8 Array Of Cards #cards 12 size 40 Howl #buckets 4 coarsen threshold 1843 Howl Bitmap #cards 512 size 80 coarsen threshold 460 Card regions per heap region 1 cards per card region 2048
 CPUs: 8 total, 8 available
 Memory: 7987M
 Large Page Support: Disabled
 NUMA Support: Disabled
 Compressed Oops: Enabled (32-bit)
 Heap Region Size: 1M
 Heap Min Capacity: 8M
 Heap Initial Capacity: 126M
 Heap Max Capacity: 2G
 Pre-touch: Disabled
 Parallel Workers: 8
 Concurrent Workers: 2
 Concurrent Refinement Workers: 8
 Periodic GC: Disabled

Heap:
 garbage-first heap   total 215040K, used 109578K [0x0000000080000000, 0x0000000100000000)
  region size 1024K, 1 young (1024K), 1 survivors (1024K)
 Metaspace       used 80885K, committed 82816K, reserved 1179648K
  class space    used 10907K, committed 11904K, reserved 1048576K

Heap Regions: E=young(eden), S=young(survivor), O=old, HS=humongous(starts), HC=humongous(continues), CS=collection set, F=free, OA=open archive, CA=closed archive, TAMS=top-at-mark-start (previous, next)
|   0|0x0000000080000000, 0x0000000080100000, 0x0000000080100000|100%| O|  |TAMS 0x0000000080100000, 0x0000000080000000| Untracked 
|   1|0x0000000080100000, 0x0000000080200000, 0x0000000080200000|100%| O|  |TAMS 0x0000000080200000, 0x0000000080100000| Untracked 
|   2|0x0000000080200000, 0x0000000080300000, 0x0000000080300000|100%| O|  |TAMS 0x0000000080300000, 0x0000000080200000| Untracked 
|   3|0x0000000080300000, 0x0000000080400000, 0x0000000080400000|100%|HS|  |TAMS 0x0000000080400000, 0x0000000080300000| Complete 
|   4|0x0000000080400000, 0x0000000080500000, 0x0000000080500000|100%|HC|  |TAMS 0x0000000080500000, 0x0000000080400000| Complete 
|   5|0x0000000080500000, 0x0000000080600000, 0x0000000080600000|100%|HC|  |TAMS 0x0000000080600000, 0x0000000080500000| Complete 
|   6|0x0000000080600000, 0x0000000080700000, 0x0000000080700000|100%| O|  |TAMS 0x0000000080700000, 0x0000000080600000| Untracked 
|   7|0x0000000080700000, 0x0000000080800000, 0x0000000080800000|100%| O|  |TAMS 0x0000000080800000, 0x0000000080700000| Untracked 
|   8|0x0000000080800000, 0x0000000080900000, 0x0000000080900000|100%| O|  |TAMS 0x0000000080900000, 0x0000000080800000| Untracked 
|   9|0x0000000080900000, 0x0000000080a00000, 0x0000000080a00000|100%| O|  |TAMS 0x0000000080a00000, 0x0000000080900000| Untracked 
|  10|0x0000000080a00000, 0x0000000080b00000, 0x0000000080b00000|100%| O|  |TAMS 0x0000000080b00000, 0x0000000080a00000| Untracked 
|  11|0x0000000080b00000, 0x0000000080c00000, 0x0000000080c00000|100%| O|  |TAMS 0x0000000080c00000, 0x0000000080b00000| Untracked 
|  12|0x0000000080c00000, 0x0000000080d00000, 0x0000000080d00000|100%| O|  |TAMS 0x0000000080d00000, 0x0000000080c00000| Untracked 
|  13|0x0000000080d00000, 0x0000000080e00000, 0x0000000080e00000|100%| O|  |TAMS 0x0000000080e00000, 0x0000000080d00000| Untracked 
|  14|0x0000000080e00000, 0x0000000080f00000, 0x0000000080f00000|100%| O|  |TAMS 0x0000000080f00000, 0x0000000080e00000| Untracked 
|  15|0x0000000080f00000, 0x0000000081000000, 0x0000000081000000|100%| O|  |TAMS 0x0000000081000000, 0x0000000080f00000| Untracked 
|  16|0x0000000081000000, 0x0000000081100000, 0x0000000081100000|100%| O|  |TAMS 0x0000000081100000, 0x0000000081000000| Untracked 
|  17|0x0000000081100000, 0x0000000081200000, 0x0000000081200000|100%| O|  |TAMS 0x0000000081200000, 0x0000000081100000| Untracked 
|  18|0x0000000081200000, 0x0000000081300000, 0x0000000081300000|100%| O|  |TAMS 0x0000000081300000, 0x0000000081200000| Untracked 
|  19|0x0000000081300000, 0x0000000081400000, 0x0000000081400000|100%| O|  |TAMS 0x0000000081400000, 0x0000000081300000| Untracked 
|  20|0x0000000081400000, 0x0000000081500000, 0x0000000081500000|100%| O|  |TAMS 0x0000000081500000, 0x0000000081400000| Untracked 
|  21|0x0000000081500000, 0x0000000081600000, 0x0000000081600000|100%| O|  |TAMS 0x0000000081600000, 0x0000000081500000| Untracked 
|  22|0x0000000081600000, 0x0000000081700000, 0x0000000081700000|100%| O|  |TAMS 0x0000000081700000, 0x0000000081600000| Untracked 
|  23|0x0000000081700000, 0x0000000081800000, 0x0000000081800000|100%| O|  |TAMS 0x0000000081800000, 0x0000000081700000| Untracked 
|  24|0x0000000081800000, 0x0000000081900000, 0x0000000081900000|100%| O|  |TAMS 0x0000000081900000, 0x0000000081800000| Untracked 
|  25|0x0000000081900000, 0x0000000081a00000, 0x0000000081a00000|100%| O|  |TAMS 0x0000000081a00000, 0x0000000081900000| Untracked 
|  26|0x0000000081a00000, 0x0000000081b00000, 0x0000000081b00000|100%| O|  |TAMS 0x0000000081b00000, 0x0000000081a00000| Untracked 
|  27|0x0000000081b00000, 0x0000000081c00000, 0x0000000081c00000|100%| O|  |TAMS 0x0000000081c00000, 0x0000000081b00000| Untracked 
|  28|0x0000000081c00000, 0x0000000081d00000, 0x0000000081d00000|100%| O|  |TAMS 0x0000000081d00000, 0x0000000081c00000| Untracked 
|  29|0x0000000081d00000, 0x0000000081e00000, 0x0000000081e00000|100%| O|  |TAMS 0x0000000081e00000, 0x0000000081d00000| Untracked 
|  30|0x0000000081e00000, 0x0000000081f00000, 0x0000000081f00000|100%|HS|  |TAMS 0x0000000081f00000, 0x0000000081e00000| Complete 
|  31|0x0000000081f00000, 0x0000000082000000, 0x0000000082000000|100%|HS|  |TAMS 0x0000000082000000, 0x0000000081f00000| Complete 
|  32|0x0000000082000000, 0x0000000082100000, 0x0000000082100000|100%|HS|  |TAMS 0x0000000082100000, 0x0000000082000000| Complete 
|  33|0x0000000082100000, 0x0000000082200000, 0x0000000082200000|100%|HC|  |TAMS 0x0000000082200000, 0x0000000082100000| Complete 
|  34|0x0000000082200000, 0x0000000082300000, 0x0000000082300000|100%| O|  |TAMS 0x0000000082300000, 0x0000000082200000| Untracked 
|  35|0x0000000082300000, 0x0000000082400000, 0x0000000082400000|100%| O|  |TAMS 0x0000000082400000, 0x0000000082300000| Untracked 
|  36|0x0000000082400000, 0x0000000082500000, 0x0000000082500000|100%| O|  |TAMS 0x0000000082500000, 0x0000000082400000| Untracked 
|  37|0x0000000082500000, 0x0000000082600000, 0x0000000082600000|100%| O|  |TAMS 0x0000000082600000, 0x0000000082500000| Untracked 
|  38|0x0000000082600000, 0x0000000082700000, 0x0000000082700000|100%| O|  |TAMS 0x0000000082700000, 0x0000000082600000| Untracked 
|  39|0x0000000082700000, 0x0000000082800000, 0x0000000082800000|100%| O|  |TAMS 0x0000000082800000, 0x0000000082700000| Untracked 
|  40|0x0000000082800000, 0x0000000082900000, 0x0000000082900000|100%| O|  |TAMS 0x0000000082900000, 0x0000000082800000| Untracked 
|  41|0x0000000082900000, 0x0000000082a00000, 0x0000000082a00000|100%| O|  |TAMS 0x0000000082a00000, 0x0000000082900000| Untracked 
|  42|0x0000000082a00000, 0x0000000082b00000, 0x0000000082b00000|100%| O|  |TAMS 0x0000000082b00000, 0x0000000082a00000| Untracked 
|  43|0x0000000082b00000, 0x0000000082c00000, 0x0000000082c00000|100%| O|  |TAMS 0x0000000082c00000, 0x0000000082b00000| Untracked 
|  44|0x0000000082c00000, 0x0000000082d00000, 0x0000000082d00000|100%| O|  |TAMS 0x0000000082d00000, 0x0000000082c00000| Untracked 
|  45|0x0000000082d00000, 0x0000000082e00000, 0x0000000082e00000|100%| O|  |TAMS 0x0000000082e00000, 0x0000000082d00000| Untracked 
|  46|0x0000000082e00000, 0x0000000082f00000, 0x0000000082f00000|100%| O|  |TAMS 0x0000000082f00000, 0x0000000082e00000| Untracked 
|  47|0x0000000082f00000, 0x0000000083000000, 0x0000000083000000|100%| O|  |TAMS 0x0000000083000000, 0x0000000082f00000| Untracked 
|  48|0x0000000083000000, 0x0000000083100000, 0x0000000083100000|100%| O|  |TAMS 0x0000000083100000, 0x0000000083000000| Untracked 
|  49|0x0000000083100000, 0x0000000083200000, 0x0000000083200000|100%| O|  |TAMS 0x0000000083200000, 0x0000000083100000| Untracked 
|  50|0x0000000083200000, 0x0000000083300000, 0x0000000083300000|100%| O|  |TAMS 0x0000000083300000, 0x0000000083200000| Untracked 
|  51|0x0000000083300000, 0x0000000083400000, 0x0000000083400000|100%| O|  |TAMS 0x0000000083400000, 0x0000000083300000| Untracked 
|  52|0x0000000083400000, 0x0000000083500000, 0x0000000083500000|100%| O|  |TAMS 0x0000000083500000, 0x0000000083400000| Untracked 
|  53|0x0000000083500000, 0x0000000083600000, 0x0000000083600000|100%| O|  |TAMS 0x0000000083600000, 0x0000000083500000| Untracked 
|  54|0x0000000083600000, 0x0000000083700000, 0x0000000083700000|100%| O|  |TAMS 0x0000000083700000, 0x0000000083600000| Untracked 
|  55|0x0000000083700000, 0x0000000083800000, 0x0000000083800000|100%| O|  |TAMS 0x0000000083800000, 0x0000000083700000| Untracked 
|  56|0x0000000083800000, 0x0000000083900000, 0x0000000083900000|100%| O|  |TAMS 0x0000000083900000, 0x0000000083800000| Untracked 
|  57|0x0000000083900000, 0x0000000083a00000, 0x0000000083a00000|100%| O|  |TAMS 0x0000000083a00000, 0x0000000083900000| Untracked 
|  58|0x0000000083a00000, 0x0000000083b00000, 0x0000000083b00000|100%| O|  |TAMS 0x0000000083b00000, 0x0000000083a00000| Untracked 
|  59|0x0000000083b00000, 0x0000000083c00000, 0x0000000083c00000|100%| O|  |TAMS 0x0000000083c00000, 0x0000000083b00000| Untracked 
|  60|0x0000000083c00000, 0x0000000083d00000, 0x0000000083d00000|100%| O|  |TAMS 0x0000000083d00000, 0x0000000083c00000| Untracked 
|  61|0x0000000083d00000, 0x0000000083e00000, 0x0000000083e00000|100%| O|  |TAMS 0x0000000083e00000, 0x0000000083d00000| Untracked 
|  62|0x0000000083e00000, 0x0000000083f00000, 0x0000000083f00000|100%| O|  |TAMS 0x0000000083e00000, 0x0000000083e00000| Untracked 
|  63|0x0000000083f00000, 0x0000000084000000, 0x0000000084000000|100%| O|  |TAMS 0x0000000084000000, 0x0000000083f00000| Untracked 
|  64|0x0000000084000000, 0x0000000084100000, 0x0000000084100000|100%| O|  |TAMS 0x0000000084100000, 0x0000000084000000| Untracked 
|  65|0x0000000084100000, 0x0000000084200000, 0x0000000084200000|100%| O|  |TAMS 0x0000000084200000, 0x0000000084100000| Untracked 
|  66|0x0000000084200000, 0x0000000084300000, 0x0000000084300000|100%| O|  |TAMS 0x0000000084300000, 0x0000000084200000| Untracked 
|  67|0x0000000084300000, 0x0000000084400000, 0x0000000084400000|100%| O|  |TAMS 0x0000000084400000, 0x0000000084300000| Untracked 
|  68|0x0000000084400000, 0x0000000084500000, 0x0000000084500000|100%| O|  |TAMS 0x0000000084500000, 0x0000000084400000| Untracked 
|  69|0x0000000084500000, 0x0000000084600000, 0x0000000084600000|100%| O|  |TAMS 0x0000000084600000, 0x0000000084500000| Untracked 
|  70|0x0000000084600000, 0x0000000084700000, 0x0000000084700000|100%| O|  |TAMS 0x0000000084700000, 0x0000000084600000| Untracked 
|  71|0x0000000084700000, 0x0000000084800000, 0x0000000084800000|100%| O|  |TAMS 0x0000000084800000, 0x0000000084700000| Untracked 
|  72|0x0000000084800000, 0x0000000084900000, 0x0000000084900000|100%| O|  |TAMS 0x0000000084900000, 0x0000000084800000| Untracked 
|  73|0x0000000084900000, 0x0000000084a00000, 0x0000000084a00000|100%| O|  |TAMS 0x0000000084a00000, 0x0000000084900000| Untracked 
|  74|0x0000000084a00000, 0x0000000084b00000, 0x0000000084b00000|100%| O|  |TAMS 0x0000000084b00000, 0x0000000084a00000| Untracked 
|  75|0x0000000084b00000, 0x0000000084c00000, 0x0000000084c00000|100%| O|  |TAMS 0x0000000084c00000, 0x0000000084b00000| Untracked 
|  76|0x0000000084c00000, 0x0000000084d00000, 0x0000000084d00000|100%| O|  |TAMS 0x0000000084d00000, 0x0000000084c00000| Untracked 
|  77|0x0000000084d00000, 0x0000000084e00000, 0x0000000084e00000|100%| O|  |TAMS 0x0000000084e00000, 0x0000000084d00000| Untracked 
|  78|0x0000000084e00000, 0x0000000084f00000, 0x0000000084f00000|100%| O|  |TAMS 0x0000000084f00000, 0x0000000084e00000| Untracked 
|  79|0x0000000084f00000, 0x0000000085000000, 0x0000000085000000|100%| O|  |TAMS 0x0000000085000000, 0x0000000084f00000| Untracked 
|  80|0x0000000085000000, 0x0000000085100000, 0x0000000085100000|100%| O|  |TAMS 0x0000000085000000, 0x0000000085000000| Untracked 
|  81|0x0000000085100000, 0x0000000085200000, 0x0000000085200000|100%| O|  |TAMS 0x0000000085100000, 0x0000000085100000| Untracked 
|  82|0x0000000085200000, 0x0000000085300000, 0x0000000085300000|100%| O|  |TAMS 0x0000000085300000, 0x0000000085200000| Untracked 
|  83|0x0000000085300000, 0x0000000085300000, 0x0000000085400000|  0%| F|  |TAMS 0x0000000085300000, 0x0000000085300000| Untracked 
|  84|0x0000000085400000, 0x0000000085500000, 0x0000000085500000|100%| O|  |TAMS 0x0000000085500000, 0x0000000085400000| Untracked 
|  85|0x0000000085500000, 0x0000000085600000, 0x0000000085600000|100%| O|  |TAMS 0x0000000085600000, 0x0000000085500000| Untracked 
|  86|0x0000000085600000, 0x0000000085700000, 0x0000000085700000|100%| O|  |TAMS 0x0000000085700000, 0x0000000085600000| Untracked 
|  87|0x0000000085700000, 0x0000000085800000, 0x0000000085800000|100%| O|  |TAMS 0x0000000085800000, 0x0000000085700000| Untracked 
|  88|0x0000000085800000, 0x0000000085900000, 0x0000000085900000|100%| O|  |TAMS 0x0000000085900000, 0x0000000085800000| Untracked 
|  89|0x0000000085900000, 0x0000000085a00000, 0x0000000085a00000|100%| O|  |TAMS 0x0000000085a00000, 0x0000000085900000| Untracked 
|  90|0x0000000085a00000, 0x0000000085b00000, 0x0000000085b00000|100%| O|  |TAMS 0x0000000085b00000, 0x0000000085a00000| Untracked 
|  91|0x0000000085b00000, 0x0000000085c00000, 0x0000000085c00000|100%| O|  |TAMS 0x0000000085c00000, 0x0000000085b00000| Untracked 
|  92|0x0000000085c00000, 0x0000000085d00000, 0x0000000085d00000|100%| O|  |TAMS 0x0000000085d00000, 0x0000000085c00000| Untracked 
|  93|0x0000000085d00000, 0x0000000085e00000, 0x0000000085e00000|100%| O|  |TAMS 0x0000000085e00000, 0x0000000085d00000| Untracked 
|  94|0x0000000085e00000, 0x0000000085f00000, 0x0000000085f00000|100%| O|  |TAMS 0x0000000085f00000, 0x0000000085e00000| Untracked 
|  95|0x0000000085f00000, 0x0000000086000000, 0x0000000086000000|100%| O|  |TAMS 0x0000000085f00000, 0x0000000085f00000| Untracked 
|  96|0x0000000086000000, 0x0000000086100000, 0x0000000086100000|100%| O|  |TAMS 0x0000000086000000, 0x0000000086000000| Untracked 
|  97|0x0000000086100000, 0x0000000086200000, 0x0000000086200000|100%| O|  |TAMS 0x0000000086100000, 0x0000000086100000| Untracked 
|  98|0x0000000086200000, 0x0000000086300000, 0x0000000086300000|100%| O|  |TAMS 0x0000000086200000, 0x0000000086200000| Untracked 
|  99|0x0000000086300000, 0x0000000086357c00, 0x0000000086400000| 34%| O|  |TAMS 0x0000000086300000, 0x0000000086300000| Untracked 
| 100|0x0000000086400000, 0x0000000086400000, 0x0000000086500000|  0%| F|  |TAMS 0x0000000086400000, 0x0000000086400000| Untracked 
| 101|0x0000000086500000, 0x0000000086500000, 0x0000000086600000|  0%| F|  |TAMS 0x0000000086500000, 0x0000000086500000| Untracked 
| 102|0x0000000086600000, 0x0000000086700000, 0x0000000086700000|100%| O|  |TAMS 0x0000000086641a00, 0x0000000086600000| Untracked 
| 103|0x0000000086700000, 0x0000000086700000, 0x0000000086800000|  0%| F|  |TAMS 0x0000000086700000, 0x0000000086700000| Untracked 
| 104|0x0000000086800000, 0x0000000086800000, 0x0000000086900000|  0%| F|  |TAMS 0x0000000086800000, 0x0000000086800000| Untracked 
| 105|0x0000000086900000, 0x0000000086900000, 0x0000000086a00000|  0%| F|  |TAMS 0x0000000086900000, 0x0000000086900000| Untracked 
| 106|0x0000000086a00000, 0x0000000086a00000, 0x0000000086b00000|  0%| F|  |TAMS 0x0000000086a00000, 0x0000000086a00000| Untracked 
| 107|0x0000000086b00000, 0x0000000086b00000, 0x0000000086c00000|  0%| F|  |TAMS 0x0000000086b00000, 0x0000000086b00000| Untracked 
| 108|0x0000000086c00000, 0x0000000086c00000, 0x0000000086d00000|  0%| F|  |TAMS 0x0000000086c00000, 0x0000000086c00000| Untracked 
| 109|0x0000000086d00000, 0x0000000086d00000, 0x0000000086e00000|  0%| F|  |TAMS 0x0000000086d00000, 0x0000000086d00000| Untracked 
| 110|0x0000000086e00000, 0x0000000086e00000, 0x0000000086f00000|  0%| F|  |TAMS 0x0000000086e00000, 0x0000000086e00000| Untracked 
| 111|0x0000000086f00000, 0x0000000086f00000, 0x0000000087000000|  0%| F|  |TAMS 0x0000000086f00000, 0x0000000086f00000| Untracked 
| 112|0x0000000087000000, 0x0000000087000000, 0x0000000087100000|  0%| F|  |TAMS 0x0000000087000000, 0x0000000087000000| Untracked 
| 113|0x0000000087100000, 0x0000000087100000, 0x0000000087200000|  0%| F|  |TAMS 0x0000000087100000, 0x0000000087100000| Untracked 
| 114|0x0000000087200000, 0x0000000087200000, 0x0000000087300000|  0%| F|  |TAMS 0x0000000087200000, 0x0000000087200000| Untracked 
| 115|0x0000000087300000, 0x0000000087400000, 0x0000000087400000|100%| O|  |TAMS 0x0000000087300000, 0x0000000087300000| Untracked 
| 116|0x0000000087400000, 0x0000000087500000, 0x0000000087500000|100%| O|  |TAMS 0x0000000087400000, 0x0000000087400000| Untracked 
| 117|0x0000000087500000, 0x0000000087600000, 0x0000000087600000|100%| O|  |TAMS 0x0000000087500000, 0x0000000087500000| Untracked 
| 118|0x0000000087600000, 0x0000000087600000, 0x0000000087700000|  0%| F|  |TAMS 0x0000000087600000, 0x0000000087600000| Untracked 
| 119|0x0000000087700000, 0x0000000087700000, 0x0000000087800000|  0%| F|  |TAMS 0x0000000087700000, 0x0000000087700000| Untracked 
| 120|0x0000000087800000, 0x0000000087800000, 0x0000000087900000|  0%| F|  |TAMS 0x0000000087800000, 0x0000000087800000| Untracked 
| 121|0x0000000087900000, 0x0000000087900000, 0x0000000087a00000|  0%| F|  |TAMS 0x0000000087900000, 0x0000000087900000| Untracked 
| 122|0x0000000087a00000, 0x0000000087a00000, 0x0000000087b00000|  0%| F|  |TAMS 0x0000000087a00000, 0x0000000087a00000| Untracked 
| 123|0x0000000087b00000, 0x0000000087b00000, 0x0000000087c00000|  0%| F|  |TAMS 0x0000000087b00000, 0x0000000087b00000| Untracked 
| 124|0x0000000087c00000, 0x0000000087c00000, 0x0000000087d00000|  0%| F|  |TAMS 0x0000000087c00000, 0x0000000087c00000| Untracked 
| 125|0x0000000087d00000, 0x0000000087d00000, 0x0000000087e00000|  0%| F|  |TAMS 0x0000000087d00000, 0x0000000087d00000| Untracked 
| 126|0x0000000087e00000, 0x0000000087e00000, 0x0000000087f00000|  0%| F|  |TAMS 0x0000000087e00000, 0x0000000087e00000| Untracked 
| 127|0x0000000087f00000, 0x0000000087f00000, 0x0000000088000000|  0%| F|  |TAMS 0x0000000087f00000, 0x0000000087f00000| Untracked 
| 128|0x0000000088000000, 0x0000000088000000, 0x0000000088100000|  0%| F|  |TAMS 0x0000000088000000, 0x0000000088000000| Untracked 
| 129|0x0000000088100000, 0x0000000088100000, 0x0000000088200000|  0%| F|  |TAMS 0x0000000088100000, 0x0000000088100000| Untracked 
| 130|0x0000000088200000, 0x0000000088200000, 0x0000000088300000|  0%| F|  |TAMS 0x0000000088200000, 0x0000000088200000| Untracked 
| 131|0x0000000088300000, 0x0000000088300000, 0x0000000088400000|  0%| F|  |TAMS 0x0000000088300000, 0x0000000088300000| Untracked 
| 132|0x0000000088400000, 0x0000000088400000, 0x0000000088500000|  0%| F|  |TAMS 0x0000000088400000, 0x0000000088400000| Untracked 
| 133|0x0000000088500000, 0x0000000088500000, 0x0000000088600000|  0%| F|  |TAMS 0x0000000088500000, 0x0000000088500000| Untracked 
| 134|0x0000000088600000, 0x0000000088600000, 0x0000000088700000|  0%| F|  |TAMS 0x0000000088600000, 0x0000000088600000| Untracked 
| 135|0x0000000088700000, 0x0000000088700000, 0x0000000088800000|  0%| F|  |TAMS 0x0000000088700000, 0x0000000088700000| Untracked 
| 136|0x0000000088800000, 0x0000000088800000, 0x0000000088900000|  0%| F|  |TAMS 0x0000000088800000, 0x0000000088800000| Untracked 
| 137|0x0000000088900000, 0x0000000088900000, 0x0000000088a00000|  0%| F|  |TAMS 0x0000000088900000, 0x0000000088900000| Untracked 
| 138|0x0000000088a00000, 0x0000000088a00000, 0x0000000088b00000|  0%| F|  |TAMS 0x0000000088a00000, 0x0000000088a00000| Untracked 
| 139|0x0000000088b00000, 0x0000000088b00000, 0x0000000088c00000|  0%| F|  |TAMS 0x0000000088b00000, 0x0000000088b00000| Untracked 
| 140|0x0000000088c00000, 0x0000000088c00000, 0x0000000088d00000|  0%| F|  |TAMS 0x0000000088c00000, 0x0000000088c00000| Untracked 
| 141|0x0000000088d00000, 0x0000000088d00000, 0x0000000088e00000|  0%| F|  |TAMS 0x0000000088d00000, 0x0000000088d00000| Untracked 
| 142|0x0000000088e00000, 0x0000000088e00000, 0x0000000088f00000|  0%| F|  |TAMS 0x0000000088e00000, 0x0000000088e00000| Untracked 
| 143|0x0000000088f00000, 0x0000000088f00000, 0x0000000089000000|  0%| F|  |TAMS 0x0000000088f00000, 0x0000000088f00000| Untracked 
| 144|0x0000000089000000, 0x0000000089000000, 0x0000000089100000|  0%| F|  |TAMS 0x0000000089000000, 0x0000000089000000| Untracked 
| 145|0x0000000089100000, 0x0000000089100000, 0x0000000089200000|  0%| F|  |TAMS 0x0000000089100000, 0x0000000089100000| Untracked 
| 146|0x0000000089200000, 0x0000000089200000, 0x0000000089300000|  0%| F|  |TAMS 0x0000000089200000, 0x0000000089200000| Untracked 
| 147|0x0000000089300000, 0x0000000089300000, 0x0000000089400000|  0%| F|  |TAMS 0x0000000089300000, 0x0000000089300000| Untracked 
| 148|0x0000000089400000, 0x0000000089400000, 0x0000000089500000|  0%| F|  |TAMS 0x0000000089400000, 0x0000000089400000| Untracked 
| 149|0x0000000089500000, 0x0000000089500000, 0x0000000089600000|  0%| F|  |TAMS 0x0000000089500000, 0x0000000089500000| Untracked 
| 150|0x0000000089600000, 0x0000000089600000, 0x0000000089700000|  0%| F|  |TAMS 0x0000000089600000, 0x0000000089600000| Untracked 
| 151|0x0000000089700000, 0x0000000089700000, 0x0000000089800000|  0%| F|  |TAMS 0x0000000089700000, 0x0000000089700000| Untracked 
| 152|0x0000000089800000, 0x0000000089800000, 0x0000000089900000|  0%| F|  |TAMS 0x0000000089800000, 0x0000000089800000| Untracked 
| 153|0x0000000089900000, 0x0000000089900000, 0x0000000089a00000|  0%| F|  |TAMS 0x0000000089900000, 0x0000000089900000| Untracked 
| 154|0x0000000089a00000, 0x0000000089a00000, 0x0000000089b00000|  0%| F|  |TAMS 0x0000000089a00000, 0x0000000089a00000| Untracked 
| 155|0x0000000089b00000, 0x0000000089b00000, 0x0000000089c00000|  0%| F|  |TAMS 0x0000000089b00000, 0x0000000089b00000| Untracked 
| 156|0x0000000089c00000, 0x0000000089c00000, 0x0000000089d00000|  0%| F|  |TAMS 0x0000000089c00000, 0x0000000089c00000| Untracked 
| 157|0x0000000089d00000, 0x0000000089d00000, 0x0000000089e00000|  0%| F|  |TAMS 0x0000000089d00000, 0x0000000089d00000| Untracked 
| 158|0x0000000089e00000, 0x0000000089e00000, 0x0000000089f00000|  0%| F|  |TAMS 0x0000000089e00000, 0x0000000089e00000| Untracked 
| 159|0x0000000089f00000, 0x0000000089f00000, 0x000000008a000000|  0%| F|  |TAMS 0x0000000089f00000, 0x0000000089f00000| Untracked 
| 160|0x000000008a000000, 0x000000008a000000, 0x000000008a100000|  0%| F|  |TAMS 0x000000008a000000, 0x000000008a000000| Untracked 
| 161|0x000000008a100000, 0x000000008a100000, 0x000000008a200000|  0%| F|  |TAMS 0x000000008a100000, 0x000000008a100000| Untracked 
| 162|0x000000008a200000, 0x000000008a200000, 0x000000008a300000|  0%| F|  |TAMS 0x000000008a200000, 0x000000008a200000| Untracked 
| 163|0x000000008a300000, 0x000000008a300000, 0x000000008a400000|  0%| F|  |TAMS 0x000000008a300000, 0x000000008a300000| Untracked 
| 164|0x000000008a400000, 0x000000008a400000, 0x000000008a500000|  0%| F|  |TAMS 0x000000008a400000, 0x000000008a400000| Untracked 
| 165|0x000000008a500000, 0x000000008a500000, 0x000000008a600000|  0%| F|  |TAMS 0x000000008a500000, 0x000000008a500000| Untracked 
| 166|0x000000008a600000, 0x000000008a600000, 0x000000008a700000|  0%| F|  |TAMS 0x000000008a600000, 0x000000008a600000| Untracked 
| 167|0x000000008a700000, 0x000000008a700000, 0x000000008a800000|  0%| F|  |TAMS 0x000000008a700000, 0x000000008a700000| Untracked 
| 168|0x000000008a800000, 0x000000008a800000, 0x000000008a900000|  0%| F|  |TAMS 0x000000008a800000, 0x000000008a800000| Untracked 
| 169|0x000000008a900000, 0x000000008a900000, 0x000000008aa00000|  0%| F|  |TAMS 0x000000008a900000, 0x000000008a900000| Untracked 
| 170|0x000000008aa00000, 0x000000008aa00000, 0x000000008ab00000|  0%| F|  |TAMS 0x000000008aa00000, 0x000000008aa00000| Untracked 
| 171|0x000000008ab00000, 0x000000008ab00000, 0x000000008ac00000|  0%| F|  |TAMS 0x000000008ab00000, 0x000000008ab00000| Untracked 
| 172|0x000000008ac00000, 0x000000008ac00000, 0x000000008ad00000|  0%| F|  |TAMS 0x000000008ac00000, 0x000000008ac00000| Untracked 
| 173|0x000000008ad00000, 0x000000008ad00000, 0x000000008ae00000|  0%| F|  |TAMS 0x000000008ad00000, 0x000000008ad00000| Untracked 
| 174|0x000000008ae00000, 0x000000008ae00000, 0x000000008af00000|  0%| F|  |TAMS 0x000000008ae00000, 0x000000008ae00000| Untracked 
| 175|0x000000008af00000, 0x000000008af00000, 0x000000008b000000|  0%| F|  |TAMS 0x000000008af00000, 0x000000008af00000| Untracked 
| 176|0x000000008b000000, 0x000000008b000000, 0x000000008b100000|  0%| F|  |TAMS 0x000000008b000000, 0x000000008b000000| Untracked 
| 177|0x000000008b100000, 0x000000008b100000, 0x000000008b200000|  0%| F|  |TAMS 0x000000008b100000, 0x000000008b100000| Untracked 
| 178|0x000000008b200000, 0x000000008b200000, 0x000000008b300000|  0%| F|  |TAMS 0x000000008b200000, 0x000000008b200000| Untracked 
| 179|0x000000008b300000, 0x000000008b300000, 0x000000008b400000|  0%| F|  |TAMS 0x000000008b300000, 0x000000008b300000| Untracked 
| 180|0x000000008b400000, 0x000000008b400000, 0x000000008b500000|  0%| F|  |TAMS 0x000000008b400000, 0x000000008b400000| Untracked 
| 181|0x000000008b500000, 0x000000008b500000, 0x000000008b600000|  0%| F|  |TAMS 0x000000008b500000, 0x000000008b500000| Untracked 
| 182|0x000000008b600000, 0x000000008b600000, 0x000000008b700000|  0%| F|  |TAMS 0x000000008b600000, 0x000000008b600000| Untracked 
| 183|0x000000008b700000, 0x000000008b700000, 0x000000008b800000|  0%| F|  |TAMS 0x000000008b700000, 0x000000008b700000| Untracked 
| 184|0x000000008b800000, 0x000000008b800000, 0x000000008b900000|  0%| F|  |TAMS 0x000000008b800000, 0x000000008b800000| Untracked 
| 185|0x000000008b900000, 0x000000008b900000, 0x000000008ba00000|  0%| F|  |TAMS 0x000000008b900000, 0x000000008b900000| Untracked 
| 186|0x000000008ba00000, 0x000000008ba00000, 0x000000008bb00000|  0%| F|  |TAMS 0x000000008ba00000, 0x000000008ba00000| Untracked 
| 187|0x000000008bb00000, 0x000000008bb00000, 0x000000008bc00000|  0%| F|  |TAMS 0x000000008bb00000, 0x000000008bb00000| Untracked 
| 188|0x000000008bc00000, 0x000000008bc00000, 0x000000008bd00000|  0%| F|  |TAMS 0x000000008bc00000, 0x000000008bc00000| Untracked 
| 189|0x000000008bd00000, 0x000000008bd00000, 0x000000008be00000|  0%| F|  |TAMS 0x000000008bd00000, 0x000000008bd00000| Untracked 
| 190|0x000000008be00000, 0x000000008be00000, 0x000000008bf00000|  0%| F|  |TAMS 0x000000008be00000, 0x000000008be00000| Untracked 
| 191|0x000000008bf00000, 0x000000008bf00000, 0x000000008c000000|  0%| F|  |TAMS 0x000000008bf00000, 0x000000008bf00000| Untracked 
| 192|0x000000008c000000, 0x000000008c000000, 0x000000008c100000|  0%| F|  |TAMS 0x000000008c000000, 0x000000008c000000| Untracked 
| 193|0x000000008c100000, 0x000000008c100000, 0x000000008c200000|  0%| F|  |TAMS 0x000000008c100000, 0x000000008c100000| Untracked 
| 194|0x000000008c200000, 0x000000008c200000, 0x000000008c300000|  0%| F|  |TAMS 0x000000008c200000, 0x000000008c200000| Untracked 
| 195|0x000000008c300000, 0x000000008c300000, 0x000000008c400000|  0%| F|  |TAMS 0x000000008c300000, 0x000000008c300000| Untracked 
| 196|0x000000008c400000, 0x000000008c400000, 0x000000008c500000|  0%| F|  |TAMS 0x000000008c400000, 0x000000008c400000| Untracked 
| 197|0x000000008c500000, 0x000000008c500000, 0x000000008c600000|  0%| F|  |TAMS 0x000000008c500000, 0x000000008c500000| Untracked 
| 198|0x000000008c600000, 0x000000008c6aaee0, 0x000000008c700000| 66%| S|CS|TAMS 0x000000008c600000, 0x000000008c600000| Complete 
| 199|0x000000008c700000, 0x000000008c700000, 0x000000008c800000|  0%| F|  |TAMS 0x000000008c700000, 0x000000008c700000| Untracked 
| 200|0x000000008c800000, 0x000000008c800000, 0x000000008c900000|  0%| F|  |TAMS 0x000000008c800000, 0x000000008c800000| Untracked 
| 201|0x000000008c900000, 0x000000008c900000, 0x000000008ca00000|  0%| F|  |TAMS 0x000000008c900000, 0x000000008c900000| Untracked 
| 202|0x000000008ca00000, 0x000000008ca00000, 0x000000008cb00000|  0%| F|  |TAMS 0x000000008ca00000, 0x000000008ca00000| Untracked 
| 203|0x000000008cb00000, 0x000000008cb00000, 0x000000008cc00000|  0%| F|  |TAMS 0x000000008cb00000, 0x000000008cb00000| Untracked 
| 204|0x000000008cc00000, 0x000000008cc00000, 0x000000008cd00000|  0%| F|  |TAMS 0x000000008cc00000, 0x000000008cc00000| Untracked 
| 205|0x000000008cd00000, 0x000000008cd00000, 0x000000008ce00000|  0%| F|  |TAMS 0x000000008cd00000, 0x000000008cd00000| Untracked 
|2044|0x00000000ffc00000, 0x00000000ffd00000, 0x00000000ffd00000|100%| O|  |TAMS 0x00000000ffd00000, 0x00000000ffc00000| Untracked 
|2045|0x00000000ffd00000, 0x00000000ffe00000, 0x00000000ffe00000|100%| O|  |TAMS 0x00000000ffe00000, 0x00000000ffd00000| Untracked 
|2046|0x00000000ffe00000, 0x00000000fff00000, 0x00000000fff00000|100%| O|  |TAMS 0x00000000fff00000, 0x00000000ffe00000| Untracked 
|2047|0x00000000fff00000, 0x0000000100000000, 0x0000000100000000|100%| O|  |TAMS 0x0000000100000000, 0x00000000fff00000| Untracked 

Card table byte_map: [0x0000018ad7d10000,0x0000018ad8110000] _byte_map_base: 0x0000018ad7910000

Marking Bits (Prev, Next): (CMBitMap*) 0x0000018ac0d02d70, (CMBitMap*) 0x0000018ac0d02db0
 Prev Bits: [0x0000018ad8510000, 0x0000018ada510000)
 Next Bits: [0x0000018ada510000, 0x0000018adc510000)

Polling page: 0x0000018abeba0000

Metaspace:

Usage:
  Non-class:     68.34 MB used.
      Class:     10.65 MB used.
       Both:     78.99 MB used.

Virtual space:
  Non-class space:      128.00 MB reserved,      69.25 MB ( 54%) committed,  2 nodes.
      Class space:        1.00 GB reserved,      11.62 MB (  1%) committed,  1 nodes.
             Both:        1.12 GB reserved,      80.88 MB (  7%) committed. 

Chunk freelists:
   Non-Class:  1.97 MB
       Class:  432.00 KB
        Both:  2.39 MB

MaxMetaspaceSize: unlimited
CompressedClassSpaceSize: 1.00 GB
Initial GC threshold: 21.00 MB
Current GC threshold: 130.00 MB
CDS: on
MetaspaceReclaimPolicy: balanced
 - commit_granule_bytes: 65536.
 - commit_granule_words: 8192.
 - virtual_space_node_default_size: 8388608.
 - enlarge_chunks_in_place: 1.
 - new_chunks_are_fully_committed: 0.
 - uncommit_free_chunks: 1.
 - use_allocation_guard: 0.


Internal statistics:

num_allocs_failed_limit: 12.
num_arena_births: 3272.
num_arena_deaths: 14.
num_vsnodes_births: 3.
num_vsnodes_deaths: 0.
num_space_committed: 1293.
num_space_uncommitted: 0.
num_chunks_returned_to_freelist: 32.
num_chunks_taken_from_freelist: 6897.
num_chunk_merges: 20.
num_chunk_splits: 4522.
num_chunks_enlarged: 2825.
num_inconsistent_stats: 0.

CodeHeap 'non-profiled nmethods': size=120000Kb used=6102Kb max_used=6102Kb free=113897Kb
 bounds [0x0000018ad00b0000, 0x0000018ad06b0000, 0x0000018ad75e0000]
CodeHeap 'profiled nmethods': size=120000Kb used=18757Kb max_used=18757Kb free=101242Kb
 bounds [0x0000018ac8b80000, 0x0000018ac9de0000, 0x0000018ad00b0000]
CodeHeap 'non-nmethods': size=5760Kb used=2408Kb max_used=2454Kb free=3351Kb
 bounds [0x0000018ac85e0000, 0x0000018ac8850000, 0x0000018ac8b80000]
 total_blobs=10625 nmethods=9710 adapters=827
 compilation: enabled
              stopped_count=0, restarted_count=0
 full_count=0

Compilation events (20 events):
Event: 8.552 Thread 0x0000018ae334b9d0 nmethod 11265 0x0000018ad06a2390 code [0x0000018ad06a2560, 0x0000018ad06a2ea8]
Event: 8.552 Thread 0x0000018adef3b2d0 nmethod 11312 0x0000018ac9dcc610 code [0x0000018ac9dcc820, 0x0000018ac9dcce38]
Event: 8.552 Thread 0x0000018adef3b2d0 11322       3       com.ctc.wstx.sr.AttributeCollector::resolveNamespaces (370 bytes)
Event: 8.552 Thread 0x0000018ae334b9d0 11290       4       java.lang.Character::isWhitespace (9 bytes)
Event: 8.552 Thread 0x0000018adef385e0 nmethod 11273 0x0000018ad06a3690 code [0x0000018ad06a38a0, 0x0000018ad06a41a0]
Event: 8.553 Thread 0x0000018adef385e0 11277       4       org.gradle.internal.fingerprint.impl.DefaultFileSystemLocationFingerprint::hashForType (73 bytes)
Event: 8.553 Thread 0x0000018ae334b9d0 nmethod 11290 0x0000018ad06a4c10 code [0x0000018ad06a4da0, 0x0000018ad06a4e98]
Event: 8.553 Thread 0x0000018ae334b9d0 11280       4       java.util.stream.ReferencePipeline$3::opWrapSink (10 bytes)
Event: 8.553 Thread 0x0000018adef3b2d0 nmethod 11322 0x0000018ac9dcd090 code [0x0000018ac9dcd340, 0x0000018ac9dce378]
Event: 8.553 Thread 0x0000018adef3b2d0 11320       3       com.ctc.wstx.sr.BasicStreamReader::handleNsAttrs (537 bytes)
Event: 8.554 Thread 0x0000018adef385e0 nmethod 11277 0x0000018ad06a4f90 code [0x0000018ad06a5120, 0x0000018ad06a51f8]
Event: 8.554 Thread 0x0000018adef385e0 11275       4       org.gradle.cache.internal.btree.BlockPointer::hashCode (8 bytes)
Event: 8.554 Thread 0x0000018adef385e0 nmethod 11275 0x0000018ad06a5310 code [0x0000018ad06a5480, 0x0000018ad06a5518]
Event: 8.554 Thread 0x0000018adef385e0 11276       4       java.lang.invoke.DirectMethodHandle$Holder::newInvokeSpecial (28 bytes)
Event: 8.555 Thread 0x0000018adef3b2d0 nmethod 11320 0x0000018ac9dceb90 code [0x0000018ac9dcf000, 0x0000018ac9dd1068]
Event: 8.555 Thread 0x0000018adef3b2d0 11315       3       com.android.aaptcompiler.android.ResourceTypesKt::parseHex (103 bytes)
Event: 8.555 Thread 0x0000018ae334b9d0 nmethod 11280 0x0000018ad06a5610 code [0x0000018ad06a57a0, 0x0000018ad06a5978]
Event: 8.555 Thread 0x0000018ae334b9d0 11274       4       java.lang.invoke.Invokers$Holder::linkToTargetMethod (11 bytes)
Event: 8.555 Thread 0x0000018adef3b2d0 nmethod 11315 0x0000018ac9dd1a10 code [0x0000018ac9dd1bc0, 0x0000018ac9dd1fb8]
Event: 8.555 Thread 0x0000018adef3b2d0 11321       3       com.ctc.wstx.sr.InputElementStack::resolveAndValidateElement (501 bytes)

GC Heap History (20 events):
Event: 5.509 GC heap after
{Heap after GC invocations=17 (full 0):
 garbage-first heap   total 157696K, used 58328K [0x0000000080000000, 0x0000000100000000)
  region size 1024K, 6 young (6144K), 6 survivors (6144K)
 Metaspace       used 59169K, committed 60864K, reserved 1114112K
  class space    used 7892K, committed 8768K, reserved 1048576K
}
Event: 5.996 GC heap before
{Heap before GC invocations=17 (full 0):
 garbage-first heap   total 157696K, used 121816K [0x0000000080000000, 0x0000000100000000)
  region size 1024K, 68 young (69632K), 6 survivors (6144K)
 Metaspace       used 64440K, committed 66112K, reserved 1114112K
  class space    used 8797K, committed 9664K, reserved 1048576K
}
Event: 6.001 GC heap after
{Heap after GC invocations=18 (full 0):
 garbage-first heap   total 157696K, used 63992K [0x0000000080000000, 0x0000000100000000)
  region size 1024K, 6 young (6144K), 6 survivors (6144K)
 Metaspace       used 64440K, committed 66112K, reserved 1114112K
  class space    used 8797K, committed 9664K, reserved 1048576K
}
Event: 6.587 GC heap before
{Heap before GC invocations=18 (full 0):
 garbage-first heap   total 157696K, used 123384K [0x0000000080000000, 0x0000000100000000)
  region size 1024K, 64 young (65536K), 6 survivors (6144K)
 Metaspace       used 71098K, committed 72832K, reserved 1114112K
  class space    used 9726K, committed 10624K, reserved 1048576K
}
Event: 6.592 GC heap after
{Heap after GC invocations=19 (full 0):
 garbage-first heap   total 157696K, used 68974K [0x0000000080000000, 0x0000000100000000)
  region size 1024K, 5 young (5120K), 5 survivors (5120K)
 Metaspace       used 71098K, committed 72832K, reserved 1114112K
  class space    used 9726K, committed 10624K, reserved 1048576K
}
Event: 7.121 GC heap before
{Heap before GC invocations=19 (full 0):
 garbage-first heap   total 157696K, used 118126K [0x0000000080000000, 0x0000000100000000)
  region size 1024K, 55 young (56320K), 5 survivors (5120K)
 Metaspace       used 75183K, committed 76928K, reserved 1179648K
  class space    used 10273K, committed 11200K, reserved 1048576K
}
Event: 7.127 GC heap after
{Heap after GC invocations=20 (full 0):
 garbage-first heap   total 157696K, used 74988K [0x0000000080000000, 0x0000000100000000)
  region size 1024K, 7 young (7168K), 7 survivors (7168K)
 Metaspace       used 75183K, committed 76928K, reserved 1179648K
  class space    used 10273K, committed 11200K, reserved 1048576K
}
Event: 7.440 GC heap before
{Heap before GC invocations=21 (full 0):
 garbage-first heap   total 157696K, used 123116K [0x0000000080000000, 0x0000000100000000)
  region size 1024K, 55 young (56320K), 7 survivors (7168K)
 Metaspace       used 75799K, committed 77632K, reserved 1179648K
  class space    used 10379K, committed 11328K, reserved 1048576K
}
Event: 7.444 GC heap after
{Heap after GC invocations=22 (full 0):
 garbage-first heap   total 157696K, used 78731K [0x0000000080000000, 0x0000000100000000)
  region size 1024K, 4 young (4096K), 4 survivors (4096K)
 Metaspace       used 75799K, committed 77632K, reserved 1179648K
  class space    used 10379K, committed 11328K, reserved 1048576K
}
Event: 7.595 GC heap before
{Heap before GC invocations=22 (full 0):
 garbage-first heap   total 157696K, used 99211K [0x0000000080000000, 0x0000000100000000)
  region size 1024K, 26 young (26624K), 4 survivors (4096K)
 Metaspace       used 76325K, committed 78144K, reserved 1179648K
  class space    used 10457K, committed 11392K, reserved 1048576K
}
Event: 7.598 GC heap after
{Heap after GC invocations=23 (full 0):
 garbage-first heap   total 157696K, used 79914K [0x0000000080000000, 0x0000000100000000)
  region size 1024K, 5 young (5120K), 5 survivors (5120K)
 Metaspace       used 76325K, committed 78144K, reserved 1179648K
  class space    used 10457K, committed 11392K, reserved 1048576K
}
Event: 8.060 GC heap before
{Heap before GC invocations=24 (full 0):
 garbage-first heap   total 157696K, used 137258K [0x0000000080000000, 0x0000000100000000)
  region size 1024K, 52 young (53248K), 5 survivors (5120K)
 Metaspace       used 77799K, committed 79552K, reserved 1179648K
  class space    used 10607K, committed 11520K, reserved 1048576K
}
Event: 8.070 GC heap after
{Heap after GC invocations=25 (full 0):
 garbage-first heap   total 161792K, used 99977K [0x0000000080000000, 0x0000000100000000)
  region size 1024K, 7 young (7168K), 7 survivors (7168K)
 Metaspace       used 77799K, committed 79552K, reserved 1179648K
  class space    used 10607K, committed 11520K, reserved 1048576K
}
Event: 8.075 GC heap before
{Heap before GC invocations=25 (full 0):
 garbage-first heap   total 161792K, used 101001K [0x0000000080000000, 0x0000000100000000)
  region size 1024K, 8 young (8192K), 7 survivors (7168K)
 Metaspace       used 77799K, committed 79552K, reserved 1179648K
  class space    used 10607K, committed 11520K, reserved 1048576K
}
Event: 8.079 GC heap after
{Heap after GC invocations=26 (full 0):
 garbage-first heap   total 161792K, used 101638K [0x0000000080000000, 0x0000000100000000)
  region size 1024K, 1 young (1024K), 1 survivors (1024K)
 Metaspace       used 77799K, committed 79552K, reserved 1179648K
  class space    used 10607K, committed 11520K, reserved 1048576K
}
Event: 8.228 GC heap before
{Heap before GC invocations=26 (full 0):
 garbage-first heap   total 161792K, used 131334K [0x0000000080000000, 0x0000000100000000)
  region size 1024K, 30 young (30720K), 1 survivors (1024K)
 Metaspace       used 77858K, committed 79680K, reserved 1179648K
  class space    used 10610K, committed 11520K, reserved 1048576K
}
Event: 8.233 GC heap after
{Heap after GC invocations=27 (full 0):
 garbage-first heap   total 161792K, used 108362K [0x0000000080000000, 0x0000000100000000)
  region size 1024K, 4 young (4096K), 4 survivors (4096K)
 Metaspace       used 77858K, committed 79680K, reserved 1179648K
  class space    used 10610K, committed 11520K, reserved 1048576K
}
Event: 8.526 GC heap before
{Heap before GC invocations=28 (full 0):
 garbage-first heap   total 215040K, used 146250K [0x0000000080000000, 0x0000000100000000)
  region size 1024K, 27 young (27648K), 4 survivors (4096K)
 Metaspace       used 80557K, committed 82368K, reserved 1179648K
  class space    used 10874K, committed 11840K, reserved 1048576K
}
Event: 8.531 GC heap after
{Heap after GC invocations=29 (full 0):
 garbage-first heap   total 215040K, used 109411K [0x0000000080000000, 0x0000000100000000)
  region size 1024K, 3 young (3072K), 3 survivors (3072K)
 Metaspace       used 80557K, committed 82368K, reserved 1179648K
  class space    used 10874K, committed 11840K, reserved 1048576K
}
Event: 8.556 GC heap before
{Heap before GC invocations=29 (full 0):
 garbage-first heap   total 215040K, used 115555K [0x0000000080000000, 0x0000000100000000)
  region size 1024K, 10 young (10240K), 3 survivors (3072K)
 Metaspace       used 80885K, committed 82816K, reserved 1179648K
  class space    used 10907K, committed 11904K, reserved 1048576K
}

Deoptimization events (20 events):
Event: 8.443 Thread 0x0000018ae73d4e90 Uncommon trap: trap_request=0xffffffde fr.pc=0x0000018ad0627e98 relative=0x0000000000000818
Event: 8.443 Thread 0x0000018ae73d4e90 Uncommon trap: reason=class_check action=maybe_recompile pc=0x0000018ad0627e98 method=java.util.Iterator.forEachRemaining(Ljava/util/function/Consumer;)V @ 6 c2
Event: 8.443 Thread 0x0000018ae73d4e90 DEOPT PACKING pc=0x0000018ad0627e98 sp=0x0000007606bfb650
Event: 8.443 Thread 0x0000018ae73d4e90 DEOPT UNPACKING pc=0x0000018ac8635c23 sp=0x0000007606bfb610 mode 2
Event: 8.457 Thread 0x0000018ae73d4e90 Uncommon trap: trap_request=0xffffff45 fr.pc=0x0000018ad054fccc relative=0x000000000000056c
Event: 8.457 Thread 0x0000018ae73d4e90 Uncommon trap: reason=unstable_if action=reinterpret pc=0x0000018ad054fccc method=sun.security.provider.DigestBase.engineUpdate([BII)V @ 1 c2
Event: 8.457 Thread 0x0000018ae73d4e90 DEOPT PACKING pc=0x0000018ad054fccc sp=0x0000007606bfa2b0
Event: 8.457 Thread 0x0000018ae73d4e90 DEOPT UNPACKING pc=0x0000018ac8635c23 sp=0x0000007606bfa268 mode 2
Event: 8.484 Thread 0x0000018ae73d4e90 Uncommon trap: trap_request=0xffffff45 fr.pc=0x0000018ad0265da0 relative=0x00000000000006e0
Event: 8.484 Thread 0x0000018ae73d4e90 Uncommon trap: reason=unstable_if action=reinterpret pc=0x0000018ad0265da0 method=java.lang.Integer.stringSize(I)I @ 19 c2
Event: 8.484 Thread 0x0000018ae73d4e90 DEOPT PACKING pc=0x0000018ad0265da0 sp=0x0000007606bfac20
Event: 8.484 Thread 0x0000018ae73d4e90 DEOPT UNPACKING pc=0x0000018ac8635c23 sp=0x0000007606bfab10 mode 2
Event: 8.492 Thread 0x0000018ae9c90080 Uncommon trap: trap_request=0xffffff45 fr.pc=0x0000018ad06723c8 relative=0x00000000000014c8
Event: 8.492 Thread 0x0000018ae9c90080 Uncommon trap: reason=unstable_if action=reinterpret pc=0x0000018ad06723c8 method=java.io.ObjectInputStream.readObject0(Ljava/lang/Class;Z)Ljava/lang/Object; @ 113 c2
Event: 8.493 Thread 0x0000018ae9c90080 DEOPT PACKING pc=0x0000018ad06723c8 sp=0x00000076076fdd50
Event: 8.493 Thread 0x0000018ae9c90080 DEOPT UNPACKING pc=0x0000018ac8635c23 sp=0x00000076076fdd58 mode 2
Event: 8.499 Thread 0x0000018ae9c95250 Uncommon trap: trap_request=0xffffffc6 fr.pc=0x0000018ad066df24 relative=0x00000000000006e4
Event: 8.500 Thread 0x0000018ae9c95250 Uncommon trap: reason=bimorphic_or_optimized_type_check action=maybe_recompile pc=0x0000018ad066df24 method=org.gradle.internal.snapshot.SnapshotUtil$1.handleAsDescendantOfChild(Lorg/gradle/internal/snapshot/VfsRelativePath;Lorg/gradle/internal/snapshot/F
Event: 8.500 Thread 0x0000018ae9c95250 DEOPT PACKING pc=0x0000018ad066df24 sp=0x0000007606cfbf30
Event: 8.500 Thread 0x0000018ae9c95250 DEOPT UNPACKING pc=0x0000018ac8635c23 sp=0x0000007606cfbe00 mode 2

Classes loaded (20 events):
Event: 8.444 Loading class javax/xml/stream/events/EndElement
Event: 8.444 Loading class javax/xml/stream/events/EndElement done
Event: 8.459 Loading class javax/xml/stream/events/Namespace
Event: 8.459 Loading class javax/xml/stream/events/Namespace done
Event: 8.494 Loading class javax/xml/stream/events/Comment
Event: 8.494 Loading class javax/xml/stream/events/Comment done
Event: 8.515 Loading class java/util/zip/ZipInputStream
Event: 8.515 Loading class java/util/zip/ZipInputStream done
Event: 8.525 Loading class java/util/Spliterators$2Adapter
Event: 8.525 Loading class java/util/PrimitiveIterator$OfInt
Event: 8.525 Loading class java/util/PrimitiveIterator
Event: 8.525 Loading class java/util/PrimitiveIterator done
Event: 8.525 Loading class java/util/PrimitiveIterator$OfInt done
Event: 8.525 Loading class java/util/Spliterators$2Adapter done
Event: 8.546 Loading class java/nio/file/FileChannelLinesSpliterator
Event: 8.547 Loading class java/nio/file/FileChannelLinesSpliterator done
Event: 8.548 Loading class java/util/stream/Streams$1
Event: 8.548 Loading class java/util/stream/Streams$1 done
Event: 8.554 Loading class java/nio/file/FileChannelLinesSpliterator$1
Event: 8.554 Loading class java/nio/file/FileChannelLinesSpliterator$1 done

Classes unloaded (7 events):
Event: 8.314 Thread 0x0000018adef0c010 Unloading class 0x0000000801705c00 'java/lang/invoke/LambdaForm$DMH+0x0000000801705c00'
Event: 8.314 Thread 0x0000018adef0c010 Unloading class 0x0000000801705800 'java/lang/invoke/LambdaForm$DMH+0x0000000801705800'
Event: 8.314 Thread 0x0000018adef0c010 Unloading class 0x0000000801705400 'java/lang/invoke/LambdaForm$DMH+0x0000000801705400'
Event: 8.314 Thread 0x0000018adef0c010 Unloading class 0x0000000801705000 'java/lang/invoke/LambdaForm$DMH+0x0000000801705000'
Event: 8.314 Thread 0x0000018adef0c010 Unloading class 0x0000000801704c00 'java/lang/invoke/LambdaForm$DMH+0x0000000801704c00'
Event: 8.314 Thread 0x0000018adef0c010 Unloading class 0x0000000801704000 'java/lang/invoke/LambdaForm$DMH+0x0000000801704000'
Event: 8.314 Thread 0x0000018adef0c010 Unloading class 0x0000000801704800 'java/lang/invoke/LambdaForm$DMH+0x0000000801704800'

Classes redefined (0 events):
No events

Internal exceptions (20 events):
Event: 6.929 Thread 0x0000018ae73d49c0 Implicit null exception at 0x0000018ad02002d7 to 0x0000018ad020047c
Event: 6.935 Thread 0x0000018ae73d49c0 Exception <a 'java/lang/IncompatibleClassChangeError'{0x00000000877f6fc0}: Found class java.lang.Object, but interface was expected> (0x00000000877f6fc0) 
thrown [s\open\src\hotspot\share\interpreter\linkResolver.cpp, line 833]
Event: 6.956 Thread 0x0000018ae73d49c0 Exception <a 'java/lang/NoSuchMethodError'{0x000000008753d658}: 'int java.lang.invoke.DirectMethodHandle$Holder.invokeStaticInit(java.lang.Object, java.lang.Object, java.lang.Object, java.lang.Object, java.lang.Object)'> (0x000000008753d658) 
thrown [s\open\src\hotspot\share\interpreter\linkResolver.cpp, line 766]
Event: 7.110 Thread 0x0000018ae73d49c0 Exception <a 'java/lang/NoSuchMethodError'{0x0000000086f10670}: 'void java.lang.invoke.DirectMethodHandle$Holder.invokeStatic(java.lang.Object, java.lang.Object, java.lang.Object, java.lang.Object, int, java.lang.Object, java.lang.Object)'> (0x0000000086f10670) 
thrown [s\open\src\hotspot\share\interpreter\linkResolver.cpp, line 766]
Event: 7.117 Thread 0x0000018ae82645d0 Exception <a 'java/lang/NoSuchMethodError'{0x0000000086e18960}: 'void java.lang.invoke.DirectMethodHandle$Holder.invokeVirtual(java.lang.Object, java.lang.Object)'> (0x0000000086e18960) 
thrown [s\open\src\hotspot\share\interpreter\linkResolver.cpp, line 766]
Event: 7.137 Thread 0x0000018ae8264f70 Exception <a 'java/lang/NoSuchMethodError'{0x0000000089869018}: 'java.lang.Object java.lang.invoke.DirectMethodHandle$Holder.invokeSpecialIFC(java.lang.Object, java.lang.Object, java.lang.Object)'> (0x0000000089869018) 
thrown [s\open\src\hotspot\share\interpreter\linkResolver.cpp, line 766]
Event: 7.137 Thread 0x0000018ae82645d0 Exception <a 'java/lang/NoSuchMethodError'{0x000000008986c5d0}: 'java.lang.Object java.lang.invoke.DirectMethodHandle$Holder.invokeSpecialIFC(java.lang.Object, java.lang.Object, java.lang.Object)'> (0x000000008986c5d0) 
thrown [s\open\src\hotspot\share\interpreter\linkResolver.cpp, line 766]
Event: 7.137 Thread 0x0000018ae82697a0 Exception <a 'java/lang/NoSuchMethodError'{0x0000000089879a18}: 'java.lang.Object java.lang.invoke.DirectMethodHandle$Holder.invokeSpecialIFC(java.lang.Object, java.lang.Object, java.lang.Object)'> (0x0000000089879a18) 
thrown [s\open\src\hotspot\share\interpreter\linkResolver.cpp, line 766]
Event: 7.137 Thread 0x0000018ae8263760 Exception <a 'java/lang/NoSuchMethodError'{0x000000008984bf70}: 'java.lang.Object java.lang.invoke.DirectMethodHandle$Holder.invokeSpecialIFC(java.lang.Object, java.lang.Object, java.lang.Object)'> (0x000000008984bf70) 
thrown [s\open\src\hotspot\share\interpreter\linkResolver.cpp, line 766]
Event: 7.137 Thread 0x0000018ae8269c70 Exception <a 'java/lang/NoSuchMethodError'{0x0000000089827b00}: 'java.lang.Object java.lang.invoke.DirectMethodHandle$Holder.invokeSpecialIFC(java.lang.Object, java.lang.Object, java.lang.Object)'> (0x0000000089827b00) 
thrown [s\open\src\hotspot\share\interpreter\linkResolver.cpp, line 766]
Event: 7.137 Thread 0x0000018ae826a610 Exception <a 'java/lang/NoSuchMethodError'{0x000000008985a678}: 'java.lang.Object java.lang.invoke.DirectMethodHandle$Holder.invokeSpecialIFC(java.lang.Object, java.lang.Object, java.lang.Object)'> (0x000000008985a678) 
thrown [s\open\src\hotspot\share\interpreter\linkResolver.cpp, line 766]
Event: 7.137 Thread 0x0000018ae8265de0 Exception <a 'java/lang/NoSuchMethodError'{0x0000000089830ed0}: 'java.lang.Object java.lang.invoke.DirectMethodHandle$Holder.invokeSpecialIFC(java.lang.Object, java.lang.Object, java.lang.Object)'> (0x0000000089830ed0) 
thrown [s\open\src\hotspot\share\interpreter\linkResolver.cpp, line 766]
Event: 7.137 Thread 0x0000018ae8263290 Exception <a 'java/lang/NoSuchMethodError'{0x000000008983df38}: 'java.lang.Object java.lang.invoke.DirectMethodHandle$Holder.invokeSpecialIFC(java.lang.Object, java.lang.Object, java.lang.Object)'> (0x000000008983df38) 
thrown [s\open\src\hotspot\share\interpreter\linkResolver.cpp, line 766]
Event: 8.324 Thread 0x0000018ae73d49c0 Exception <a 'java/lang/NoSuchMethodError'{0x0000000089594c20}: static Lcom/android/ide/common/resources/CompileResourceRequest;.<clinit>()V> (0x0000000089594c20) 
thrown [s\open\src\hotspot\share\prims\jni.cpp, line 1104]
Event: 8.325 Thread 0x0000018ae73d49c0 Exception <a 'java/lang/NoSuchMethodError'{0x00000000895ab798}: static Ljava/lang/Object;.<clinit>()V> (0x00000000895ab798) 
thrown [s\open\src\hotspot\share\prims\jni.cpp, line 1104]
Event: 8.327 Thread 0x0000018ae73d49c0 Exception <a 'java/lang/NoSuchMethodError'{0x00000000895bcf00}: static Ljava/lang/Object;.<clinit>()V> (0x00000000895bcf00) 
thrown [s\open\src\hotspot\share\prims\jni.cpp, line 1104]
Event: 8.328 Thread 0x0000018ae73d49c0 Exception <a 'java/lang/NoSuchMethodError'{0x00000000895ce4b8}: static Ljava/lang/Object;.<clinit>()V> (0x00000000895ce4b8) 
thrown [s\open\src\hotspot\share\prims\jni.cpp, line 1104]
Event: 8.338 Thread 0x0000018ae73d49c0 Exception <a 'java/lang/NoSuchMethodError'{0x000000008cdb1598}: static Lkotlin/InitializedLazyImpl;.<clinit>()V> (0x000000008cdb1598) 
thrown [s\open\src\hotspot\share\prims\jni.cpp, line 1104]
Event: 8.348 Thread 0x0000018ae73d49c0 Exception <a 'java/lang/NoSuchMethodError'{0x000000008ccb1e40}: static [Ljava/lang/Object;.<clinit>()V> (0x000000008ccb1e40) 
thrown [s\open\src\hotspot\share\prims\jni.cpp, line 1104]
Event: 8.399 Thread 0x0000018ae73d4e90 Implicit null exception at 0x0000018ad05f5153 to 0x0000018ad05f5950

VM Operations (20 events):
Event: 8.240 Executing VM operation: HandshakeAllThreads done
Event: 8.314 Executing VM operation: G1Concurrent
Event: 8.322 Executing VM operation: G1Concurrent done
Event: 8.340 Executing VM operation: HandshakeAllThreads
Event: 8.340 Executing VM operation: HandshakeAllThreads done
Event: 8.362 Executing VM operation: G1Concurrent
Event: 8.365 Executing VM operation: G1Concurrent done
Event: 8.428 Executing VM operation: HandshakeAllThreads
Event: 8.428 Executing VM operation: HandshakeAllThreads done
Event: 8.429 Executing VM operation: HandshakeAllThreads
Event: 8.429 Executing VM operation: HandshakeAllThreads done
Event: 8.436 Executing VM operation: HandshakeAllThreads
Event: 8.436 Executing VM operation: HandshakeAllThreads done
Event: 8.437 Executing VM operation: HandshakeAllThreads
Event: 8.437 Executing VM operation: HandshakeAllThreads done
Event: 8.461 Executing VM operation: ICBufferFull
Event: 8.474 Executing VM operation: ICBufferFull done
Event: 8.526 Executing VM operation: G1CollectForAllocation
Event: 8.532 Executing VM operation: G1CollectForAllocation done
Event: 8.556 Executing VM operation: G1CollectForAllocation

Events (20 events):
Event: 7.236 Thread 0x0000018adef47290 flushing nmethod 0x0000018ac99b1790
Event: 7.236 Thread 0x0000018adef47290 flushing nmethod 0x0000018ac9a10410
Event: 7.236 Thread 0x0000018adef47290 flushing nmethod 0x0000018ac9a10890
Event: 7.236 Thread 0x0000018adef47290 flushing nmethod 0x0000018ac9a11910
Event: 7.236 Thread 0x0000018adef47290 flushing nmethod 0x0000018ac9a58710
Event: 7.236 Thread 0x0000018adef47290 flushing nmethod 0x0000018ac9a9ff90
Event: 7.236 Thread 0x0000018adef47290 flushing nmethod 0x0000018ac9aa1410
Event: 7.236 Thread 0x0000018adef47290 flushing nmethod 0x0000018ac9aa4510
Event: 7.236 Thread 0x0000018adef47290 flushing nmethod 0x0000018ac9aa9c10
Event: 7.236 Thread 0x0000018adef47290 flushing nmethod 0x0000018ac9aaae90
Event: 7.236 Thread 0x0000018adef47290 flushing nmethod 0x0000018ac9aabf10
Event: 7.237 Thread 0x0000018adef47290 flushing nmethod 0x0000018ac9bc6910
Event: 8.240 Thread 0x0000018adef47290 flushing nmethod 0x0000018ad0291190
Event: 8.241 Thread 0x0000018adef47290 flushing nmethod 0x0000018ad03fc790
Event: 8.244 Thread 0x0000018adef47290 flushing nmethod 0x0000018ac8e2a290
Event: 8.247 Thread 0x0000018adef47290 flushing nmethod 0x0000018ac944b190
Event: 8.248 Thread 0x0000018adef47290 flushing nmethod 0x0000018ac949f010
Event: 8.341 Thread 0x0000018ae9c90a20 Thread added: 0x0000018ae9c90a20
Event: 8.348 Thread 0x0000018ae9c93570 Thread added: 0x0000018ae9c93570
Event: 8.488 Thread 0x0000018ae9c90080 Thread added: 0x0000018ae9c90080


Dynamic libraries:
0x00007ff6f5da0000 - 0x00007ff6f5db0000 	C:\Program Files\Java\jdk-18.0.1.1\bin\java.exe
0x00007ffd3cbd0000 - 0x00007ffd3cdc8000 	C:\Windows\SYSTEM32\ntdll.dll
0x00007ffd3b910000 - 0x00007ffd3b9cd000 	C:\Windows\System32\KERNEL32.DLL
0x00007ffd3a690000 - 0x00007ffd3a95e000 	C:\Windows\System32\KERNELBASE.dll
0x00007ffd3a400000 - 0x00007ffd3a500000 	C:\Windows\System32\ucrtbase.dll
0x00007ffd23d10000 - 0x00007ffd23d28000 	C:\Program Files\Java\jdk-18.0.1.1\bin\jli.dll
0x00007ffd23cf0000 - 0x00007ffd23d0a000 	C:\Program Files\Java\jdk-18.0.1.1\bin\VCRUNTIME140.dll
0x00007ffd3c6f0000 - 0x00007ffd3c79e000 	C:\Windows\System32\ADVAPI32.dll
0x00007ffd3ba50000 - 0x00007ffd3baee000 	C:\Windows\System32\msvcrt.dll
0x00007ffd3ac60000 - 0x00007ffd3acfc000 	C:\Windows\System32\sechost.dll
0x00007ffd3ae80000 - 0x00007ffd3afa5000 	C:\Windows\System32\RPCRT4.dll
0x00007ffd3c870000 - 0x00007ffd3ca10000 	C:\Windows\System32\USER32.dll
0x00007ffd1ba40000 - 0x00007ffd1bcda000 	C:\Windows\WinSxS\amd64_microsoft.windows.common-controls_6595b64144ccf1df_6.0.19041.1110_none_60b5254171f9507e\COMCTL32.dll
0x00007ffd3ab50000 - 0x00007ffd3ab72000 	C:\Windows\System32\win32u.dll
0x00007ffd3b9f0000 - 0x00007ffd3ba1a000 	C:\Windows\System32\GDI32.dll
0x00007ffd3a2f0000 - 0x00007ffd3a3fb000 	C:\Windows\System32\gdi32full.dll
0x00007ffd3aa20000 - 0x00007ffd3aabd000 	C:\Windows\System32\msvcp_win.dll
0x00007ffd2e5e0000 - 0x00007ffd2e5ea000 	C:\Windows\SYSTEM32\VERSION.dll
0x00007ffd3ba20000 - 0x00007ffd3ba50000 	C:\Windows\System32\IMM32.DLL
0x00007ffd23ce0000 - 0x00007ffd23cec000 	C:\Program Files\Java\jdk-18.0.1.1\bin\vcruntime140_1.dll
0x00007ffd23c50000 - 0x00007ffd23cdd000 	C:\Program Files\Java\jdk-18.0.1.1\bin\msvcp140.dll
0x00007ffcd52a0000 - 0x00007ffcd5eb0000 	C:\Program Files\Java\jdk-18.0.1.1\bin\server\jvm.dll
0x00007ffd3b9d0000 - 0x00007ffd3b9d8000 	C:\Windows\System32\PSAPI.DLL
0x00007ffd2ffb0000 - 0x00007ffd2ffb9000 	C:\Windows\SYSTEM32\WSOCK32.dll
0x00007ffd23100000 - 0x00007ffd23127000 	C:\Windows\SYSTEM32\WINMM.dll
0x00007ffd3c800000 - 0x00007ffd3c86b000 	C:\Windows\System32\WS2_32.dll
0x00007ffd38b40000 - 0x00007ffd38b52000 	C:\Windows\SYSTEM32\kernel.appcore.dll
0x00007ffd23c40000 - 0x00007ffd23c4a000 	C:\Program Files\Java\jdk-18.0.1.1\bin\jimage.dll
0x00007ffd386a0000 - 0x00007ffd38884000 	C:\Windows\SYSTEM32\DBGHELP.DLL
0x00007ffd2ea70000 - 0x00007ffd2ea9c000 	C:\Windows\SYSTEM32\dbgcore.DLL
0x00007ffd3aac0000 - 0x00007ffd3ab42000 	C:\Windows\System32\bcryptPrimitives.dll
0x00007ffd23c10000 - 0x00007ffd23c35000 	C:\Program Files\Java\jdk-18.0.1.1\bin\java.dll
0x00007ffd0c920000 - 0x00007ffd0c9f6000 	C:\Program Files\Java\jdk-18.0.1.1\bin\jsvml.dll
0x00007ffd3bf20000 - 0x00007ffd3c664000 	C:\Windows\System32\SHELL32.dll
0x00007ffd37e30000 - 0x00007ffd385c4000 	C:\Windows\SYSTEM32\windows.storage.dll
0x00007ffd3b5b0000 - 0x00007ffd3b904000 	C:\Windows\System32\combase.dll
0x00007ffd39d50000 - 0x00007ffd39d80000 	C:\Windows\SYSTEM32\Wldp.dll
0x00007ffd3afb0000 - 0x00007ffd3b05d000 	C:\Windows\System32\SHCORE.dll
0x00007ffd3cb30000 - 0x00007ffd3cb85000 	C:\Windows\System32\shlwapi.dll
0x00007ffd3a230000 - 0x00007ffd3a24f000 	C:\Windows\SYSTEM32\profapi.dll
0x00007ffd23bf0000 - 0x00007ffd23c03000 	C:\Program Files\Java\jdk-18.0.1.1\bin\net.dll
0x00007ffd31c20000 - 0x00007ffd31d2a000 	C:\Windows\SYSTEM32\WINHTTP.dll
0x00007ffd39ab0000 - 0x00007ffd39b1a000 	C:\Windows\system32\mswsock.dll
0x00007ffd23bd0000 - 0x00007ffd23be6000 	C:\Program Files\Java\jdk-18.0.1.1\bin\nio.dll
0x00007ffd23bb0000 - 0x00007ffd23bc8000 	C:\Program Files\Java\jdk-18.0.1.1\bin\zip.dll
0x00007ffd23ba0000 - 0x00007ffd23bb0000 	C:\Program Files\Java\jdk-18.0.1.1\bin\verify.dll
0x00007ffd23d30000 - 0x00007ffd23d57000 	C:\Program Files\Android\gradle-7.3.3\native\e1d6ef7f7dcc3fd88c89a11ec53ec762bb8ba0a96d01ffa2cd45eb1d1d8dd5c5\windows-amd64\native-platform.dll
0x00007ffd0a910000 - 0x00007ffd0aa54000 	C:\Program Files\Android\gradle-7.3.3\native\5664cfc778a61ccfe75a443a1ab52a65af34e5dc3c78e0209fed803814484fcb\windows-amd64\native-platform-file-events.dll
0x00007ffd23b30000 - 0x00007ffd23b39000 	C:\Program Files\Java\jdk-18.0.1.1\bin\management.dll
0x00007ffd23a80000 - 0x00007ffd23a8b000 	C:\Program Files\Java\jdk-18.0.1.1\bin\management_ext.dll
0x00007ffd39ca0000 - 0x00007ffd39cb8000 	C:\Windows\SYSTEM32\CRYPTSP.dll
0x00007ffd39380000 - 0x00007ffd393b4000 	C:\Windows\system32\rsaenh.dll
0x00007ffd3a660000 - 0x00007ffd3a687000 	C:\Windows\System32\bcrypt.dll
0x00007ffd3a1b0000 - 0x00007ffd3a1de000 	C:\Windows\SYSTEM32\USERENV.dll
0x00007ffd39cc0000 - 0x00007ffd39ccc000 	C:\Windows\SYSTEM32\CRYPTBASE.dll
0x00007ffd39730000 - 0x00007ffd3976b000 	C:\Windows\SYSTEM32\IPHLPAPI.DLL
0x00007ffd3ac30000 - 0x00007ffd3ac38000 	C:\Windows\System32\NSI.dll
0x00007ffd2fcc0000 - 0x00007ffd2fcd7000 	C:\Windows\SYSTEM32\dhcpcsvc6.DLL
0x00007ffd30390000 - 0x00007ffd303ad000 	C:\Windows\SYSTEM32\dhcpcsvc.DLL
0x00007ffd397c0000 - 0x00007ffd3988b000 	C:\Windows\SYSTEM32\DNSAPI.dll
0x00007ffd38fb0000 - 0x00007ffd38fe3000 	C:\Windows\SYSTEM32\ntmarta.dll

dbghelp: loaded successfully - version: 4.0.5 - missing functions: none
symbol engine: initialized successfully - sym options: 0x614 - pdb path: .;C:\Program Files\Java\jdk-18.0.1.1\bin;C:\Windows\SYSTEM32;C:\Windows\WinSxS\amd64_microsoft.windows.common-controls_6595b64144ccf1df_6.0.19041.1110_none_60b5254171f9507e;C:\Program Files\Java\jdk-18.0.1.1\bin\server;C:\Program Files\Android\gradle-7.3.3\native\e1d6ef7f7dcc3fd88c89a11ec53ec762bb8ba0a96d01ffa2cd45eb1d1d8dd5c5\windows-amd64;C:\Program Files\Android\gradle-7.3.3\native\5664cfc778a61ccfe75a443a1ab52a65af34e5dc3c78e0209fed803814484fcb\windows-amd64

VM Arguments:
jvm_args: --add-opens=java.base/java.util=ALL-UNNAMED --add-opens=java.base/java.lang=ALL-UNNAMED --add-opens=java.base/java.lang.invoke=ALL-UNNAMED --add-opens=java.base/java.util=ALL-UNNAMED --add-opens=java.prefs/java.util.prefs=ALL-UNNAMED --add-opens=java.prefs/java.util.prefs=ALL-UNNAMED --add-opens=java.base/java.nio.charset=ALL-UNNAMED --add-opens=java.base/java.net=ALL-UNNAMED --add-opens=java.base/java.util.concurrent.atomic=ALL-UNNAMED -Xmx2048m -Dfile.encoding=UTF-8 -Duser.country=IN -Duser.language=en -Duser.variant 
java_command: org.gradle.launcher.daemon.bootstrap.GradleDaemon 7.3.3
java_class_path (initial): C:\Program Files\Android\gradle-7.3.3\lib\gradle-launcher-7.3.3.jar
Launcher Type: SUN_STANDARD

[Global flags]
     intx CICompilerCount                          = 4                                         {product} {ergonomic}
     uint ConcGCThreads                            = 2                                         {product} {ergonomic}
     uint G1ConcRefinementThreads                  = 8                                         {product} {ergonomic}
   size_t G1HeapRegionSize                         = 1048576                                   {product} {ergonomic}
    uintx GCDrainStackTargetSize                   = 64                                        {product} {ergonomic}
   size_t InitialHeapSize                          = 132120576                                 {product} {ergonomic}
   size_t MarkStackSize                            = 4194304                                   {product} {ergonomic}
   size_t MaxHeapSize                              = 2147483648                                {product} {command line}
   size_t MaxNewSize                               = 1287651328                                {product} {ergonomic}
   size_t MinHeapDeltaBytes                        = 1048576                                   {product} {ergonomic}
   size_t MinHeapSize                              = 8388608                                   {product} {ergonomic}
    uintx NonNMethodCodeHeapSize                   = 5839372                                {pd product} {ergonomic}
    uintx NonProfiledCodeHeapSize                  = 122909434                              {pd product} {ergonomic}
    uintx ProfiledCodeHeapSize                     = 122909434                              {pd product} {ergonomic}
    uintx ReservedCodeCacheSize                    = 251658240                              {pd product} {ergonomic}
     bool SegmentedCodeCache                       = true                                      {product} {ergonomic}
   size_t SoftMaxHeapSize                          = 2147483648                             {manageable} {ergonomic}
     bool UseCompressedClassPointers               = true                           {product lp64_product} {ergonomic}
     bool UseCompressedOops                        = true                           {product lp64_product} {ergonomic}
     bool UseG1GC                                  = true                                      {product} {ergonomic}
     bool UseLargePagesIndividualAllocation        = false                                  {pd product} {ergonomic}

Logging:
Log output configuration:
 #0: stdout all=warning uptime,level,tags foldmultilines=false
 #1: stderr all=off uptime,level,tags foldmultilines=false

Environment Variables:
JAVA_HOME=C:\Program Files\Java\jdk-18.0.1.1
PATH=C:\Program Files\Common Files\Oracle\Java\javapath;C:\Windows\system32;C:\Windows;C:\Windows\System32\Wbem;C:\Windows\System32\WindowsPowerShell\v1.0\;C:\Windows\System32\OpenSSH\;C:\Program Files\Git\cmd;C:\Users\suraj\AppData\Local\Microsoft\WindowsApps
USERNAME=suraj
OS=Windows_NT
PROCESSOR_IDENTIFIER=Intel64 Family 6 Model 140 Stepping 1, GenuineIntel



---------------  S Y S T E M  ---------------

OS:
 Windows 10 , 64 bit Build 19041 (10.0.19041.1806)
OS uptime: 0 days 1:25 hours
Hyper-V role detected

CPU: total 8 (initial active 8) (4 cores per cpu, 2 threads per core) family 6 model 140 stepping 1 microcode 0x86, cx8, cmov, fxsr, ht, mmx, 3dnowpref, sse, sse2, sse3, ssse3, sse4.1, sse4.2, popcnt, lzcnt, tsc, tscinvbit, avx, avx2, aes, erms, clmul, bmi1, bmi2, adx, avx512f, avx512dq, avx512cd, avx512bw, avx512vl, sha, fma, vzeroupper, avx512_vpopcntdq, avx512_vpclmulqdq, avx512_vaes, avx512_vnni, clflush, clflushopt, clwb, avx512_vbmi2, avx512_vbmi, hv

Memory: 4k page, system-wide physical 7987M (626M free)
TotalPageFile size 7987M (AvailPageFile size 164M)
current process WorkingSet (physical memory assigned to process): 430M, peak: 430M
current process commit charge ("private bytes"): 506M, peak: 730M

vm_info: Java HotSpot(TM) 64-Bit Server VM (18.0.1.1+2-6) for windows-amd64 JRE (18.0.1.1+2-6), built on Apr 25 2022 21:53:15 by "mach5one" with MS VC++ 16.8 / 16.9 (VS2019)

END.
