#
# There is insufficient memory for the Java Runtime Environment to continue.
# Native memory allocation (mmap) failed to map 89128960 bytes for G1 virtual space
# Possible reasons:
#   The system is out of physical RAM or swap space
#   The process is running with CompressedOops enabled, and the Java Heap may be blocking the growth of the native heap
# Possible solutions:
#   Reduce memory load on the system
#   Increase physical memory or swap space
#   Check if swap backing store is full
#   Decrease Java heap size (-Xmx/-Xms)
#   Decrease number of Java threads
#   Decrease Java thread stack sizes (-Xss)
#   Set larger code cache with -XX:ReservedCodeCacheSize=
#   JVM is running with Unscaled Compressed Oops mode in which the Java heap is
#     placed in the first 4GB address space. The Java Heap base address is the
#     maximum limit for the native heap growth. Please use -XX:HeapBaseMinAddress
#     to set the Java Heap base and to place the Java Heap above 4GB virtual address.
# This output file may be truncated or incomplete.
#
#  Out of Memory Error (os_windows.cpp:3530), pid=11612, tid=10416
#
# JRE version: Java(TM) SE Runtime Environment (18.0.1.1+2) (build 18.0.1.1+2-6)
# Java VM: Java HotSpot(TM) 64-Bit Server VM (18.0.1.1+2-6, mixed mode, sharing, tiered, compressed oops, compressed class ptrs, g1 gc, windows-amd64)
# No core dump will be written. Minidumps are not enabled by default on client versions of Windows
#

---------------  S U M M A R Y ------------

Command Line: --add-opens=java.base/java.util=ALL-UNNAMED --add-opens=java.base/java.lang=ALL-UNNAMED --add-opens=java.base/java.lang.invoke=ALL-UNNAMED --add-opens=java.base/java.util=ALL-UNNAMED --add-opens=java.prefs/java.util.prefs=ALL-UNNAMED --add-opens=java.prefs/java.util.prefs=ALL-UNNAMED --add-opens=java.base/java.nio.charset=ALL-UNNAMED --add-opens=java.base/java.net=ALL-UNNAMED --add-opens=java.base/java.util.concurrent.atomic=ALL-UNNAMED -Xmx2048m -Dfile.encoding=UTF-8 -Duser.country=IN -Duser.language=en -Duser.variant org.gradle.launcher.daemon.bootstrap.GradleDaemon 7.3.3

Host: 11th Gen Intel(R) Core(TM) i5-1135G7 @ 2.40GHz, 8 cores, 7G,  Windows 10 , 64 bit Build 19041 (10.0.19041.1741)
Time: Thu Jun 30 00:00:16 2022 India Standard Time elapsed time: 9.399061 seconds (0d 0h 0m 9s)

---------------  T H R E A D  ---------------

Current thread (0x000002117f4bfa10):  VMThread "VM Thread" [stack: 0x000000caf0e00000,0x000000caf0f00000] [id=10416]

Stack: [0x000000caf0e00000,0x000000caf0f00000]
Native frames: (J=compiled Java code, j=interpreted, Vv=VM code, C=native code)
V  [jvm.dll+0x69887a]
V  [jvm.dll+0x7f38bd]
V  [jvm.dll+0x7f51ce]
V  [jvm.dll+0x7f5883]
V  [jvm.dll+0x25ca3f]
V  [jvm.dll+0x6957c9]
V  [jvm.dll+0x68a2fa]
V  [jvm.dll+0x321efb]
V  [jvm.dll+0x3298d6]
V  [jvm.dll+0x37e47e]
V  [jvm.dll+0x37e6af]
V  [jvm.dll+0x2f9c7a]
V  [jvm.dll+0x2f9d27]
V  [jvm.dll+0x33e262]
V  [jvm.dll+0x33c804]
V  [jvm.dll+0x2f9450]
V  [jvm.dll+0x33bddb]
V  [jvm.dll+0x7fa66b]
V  [jvm.dll+0x7fb404]
V  [jvm.dll+0x7fb93c]
V  [jvm.dll+0x7fbd94]
V  [jvm.dll+0x7fbe57]
V  [jvm.dll+0x7a03ea]
V  [jvm.dll+0x697725]
C  [ucrtbase.dll+0x21bb2]
C  [KERNEL32.DLL+0x17034]
C  [ntdll.dll+0x52651]

VM_Operation (0x000000caf50fe2f0): G1CollectForAllocation, mode: safepoint, requested by thread 0x0000021118e0b100


---------------  P R O C E S S  ---------------

Threads class SMR info:
_java_thread_list=0x0000021117a683f0, length=138, elements={
0x0000021172292d70, 0x000002117f4c2580, 0x000002117f4c2e30, 0x000002117f4dde00,
0x000002117f4de6b0, 0x000002117f4def60, 0x000002117f4df810, 0x000002117f4e1540,
0x000002117f4e9f80, 0x000002117f5172f0, 0x000002117f7451a0, 0x000002117f745660,
0x000002117f8542c0, 0x000002111648dd60, 0x0000021115e0a8b0, 0x000002111622e300,
0x00000211165f3e00, 0x0000021115e0ad70, 0x00000211167d7d90, 0x00000211167d8aa0,
0x00000211160aeee0, 0x00000211169cb630, 0x00000211169cc4a0, 0x00000211169cdcb0,
0x00000211169ce180, 0x00000211169ceb20, 0x00000211169ceff0, 0x00000211169cbfd0,
0x00000211169cce40, 0x00000211169cc970, 0x00000211169cd310, 0x00000211181ebb70,
0x00000211181ea830, 0x00000211181ec9e0, 0x00000211181ead00, 0x00000211181e94f0,
0x00000211181ef060, 0x00000211181ef530, 0x00000211181eb6a0, 0x00000211181ed850,
0x00000211181edd20, 0x00000211181e99c0, 0x00000211181ee6c0, 0x00000211181ec510,
0x00000211181e9e90, 0x00000211181ea360, 0x00000211181efa00, 0x00000211181f03a0,
0x00000211181f0870, 0x0000021118e0c440, 0x0000021118e0f930, 0x0000021118e11ae0,
0x0000021118e0d780, 0x0000021118e0a760, 0x0000021118e0e5f0, 0x0000021118e11fb0,
0x0000021118e0b100, 0x0000021118e0ac30, 0x0000021118e0e120, 0x0000021118e0b5d0,
0x0000021118e0dc50, 0x0000021118e0baa0, 0x0000021118e0c910, 0x0000021118e0eac0,
0x0000021118e0bf70, 0x0000021118e0cde0, 0x0000021118e0d2b0, 0x0000021118e10c70,
0x0000021118e0ef90, 0x0000021118e0fe00, 0x0000021118e0f460, 0x0000021118e102d0,
0x0000021118e107a0, 0x0000021118e11140, 0x0000021118e11610, 0x0000021118e446b0,
0x0000021118e429d0, 0x0000021118e43d10, 0x0000021118e41690, 0x0000021118e44b80,
0x0000021118e40350, 0x0000021118e45ec0, 0x0000021118e45050, 0x0000021118e43370,
0x0000021118e42ea0, 0x0000021118e411c0, 0x0000021118e3f9b0, 0x0000021118e459f0,
0x0000021118e40820, 0x0000021118e45520, 0x0000021118e42030, 0x0000021118e46390,
0x0000021118e46860, 0x0000021118e441e0, 0x0000021118e41b60, 0x0000021118e42500,
0x0000021118e43840, 0x0000021118e40cf0, 0x0000021118e3f010, 0x0000021118e3f4e0,
0x0000021118e3fe80, 0x000002111912d450, 0x0000021119130470, 0x0000021119130940,
0x000002111912cf80, 0x0000021119132150, 0x0000021119132fc0, 0x0000021119133e30,
0x000002111912e2c0, 0x0000021119133960, 0x0000021119132620, 0x000002111912f130,
0x00000211191312e0, 0x000002111912c5e0, 0x000002111912e790, 0x000002111912cab0,
0x000002111912ddf0, 0x000002111912f600, 0x0000021119132af0, 0x0000021119133490,
0x000002111912d920, 0x000002111912ec60, 0x0000021119130e10, 0x000002111912fad0,
0x0000021119131c80, 0x000002111b04b0a0, 0x0000021118495b90, 0x00000211184986e0,
0x000002111849d3e0, 0x0000021118496060, 0x0000021118496530, 0x0000021118496a00,
0x0000021118499ef0, 0x0000021118496ed0, 0x000002111849ad60, 0x000002111849a890,
0x0000021118497d40, 0x00000211182c36c0
}

Java Threads: ( => current thread )
  0x0000021172292d70 JavaThread "main" [_thread_blocked, id=13632, stack(0x000000caf0800000,0x000000caf0900000)]
  0x000002117f4c2580 JavaThread "Reference Handler" daemon [_thread_blocked, id=11060, stack(0x000000caf0f00000,0x000000caf1000000)]
  0x000002117f4c2e30 JavaThread "Finalizer" daemon [_thread_blocked, id=15176, stack(0x000000caf1000000,0x000000caf1100000)]
  0x000002117f4dde00 JavaThread "Signal Dispatcher" daemon [_thread_blocked, id=15104, stack(0x000000caf1100000,0x000000caf1200000)]
  0x000002117f4de6b0 JavaThread "Attach Listener" daemon [_thread_blocked, id=6708, stack(0x000000caf1200000,0x000000caf1300000)]
  0x000002117f4def60 JavaThread "Service Thread" daemon [_thread_blocked, id=9888, stack(0x000000caf1300000,0x000000caf1400000)]
  0x000002117f4df810 JavaThread "Monitor Deflation Thread" daemon [_thread_blocked, id=9696, stack(0x000000caf1400000,0x000000caf1500000)]
  0x000002117f4e1540 JavaThread "C2 CompilerThread0" daemon [_thread_blocked, id=11220, stack(0x000000caf1500000,0x000000caf1600000)]
  0x000002117f4e9f80 JavaThread "C1 CompilerThread0" daemon [_thread_blocked, id=8108, stack(0x000000caf1600000,0x000000caf1700000)]
  0x000002117f5172f0 JavaThread "Sweeper thread" daemon [_thread_blocked, id=10492, stack(0x000000caf1700000,0x000000caf1800000)]
  0x000002117f7451a0 JavaThread "Common-Cleaner" daemon [_thread_blocked, id=8324, stack(0x000000caf1800000,0x000000caf1900000)]
  0x000002117f745660 JavaThread "Notification Thread" daemon [_thread_blocked, id=6268, stack(0x000000caf1900000,0x000000caf1a00000)]
  0x000002117f8542c0 JavaThread "C2 CompilerThread1" daemon [_thread_in_native, id=10616, stack(0x000000caf1b00000,0x000000caf1c00000)]
  0x000002111648dd60 JavaThread "Daemon health stats" [_thread_blocked, id=12064, stack(0x000000caf2300000,0x000000caf2400000)]
  0x0000021115e0a8b0 JavaThread "Incoming local TCP Connector on port 51335" [_thread_in_native, id=9840, stack(0x000000caf2400000,0x000000caf2500000)]
  0x000002111622e300 JavaThread "Daemon periodic checks" [_thread_blocked, id=14952, stack(0x000000caf2500000,0x000000caf2600000)]
  0x00000211165f3e00 JavaThread "Daemon" [_thread_blocked, id=1524, stack(0x000000caf2600000,0x000000caf2700000)]
  0x0000021115e0ad70 JavaThread "Handler for socket connection from /127.0.0.1:51335 to /127.0.0.1:51336" [_thread_in_native, id=2640, stack(0x000000caf2700000,0x000000caf2800000)]
  0x00000211167d7d90 JavaThread "Cancel handler" [_thread_blocked, id=12140, stack(0x000000caf2800000,0x000000caf2900000)]
  0x00000211167d8aa0 JavaThread "Daemon worker" [_thread_blocked, id=12376, stack(0x000000caf2900000,0x000000caf2a00000)]
  0x00000211160aeee0 JavaThread "Asynchronous log dispatcher for DefaultDaemonConnection: socket connection from /127.0.0.1:51335 to /127.0.0.1:51336" [_thread_blocked, id=1232, stack(0x000000caf2a00000,0x000000caf2b00000)]
  0x00000211169cb630 JavaThread "Stdin handler" [_thread_blocked, id=5548, stack(0x000000caf2b00000,0x000000caf2c00000)]
  0x00000211169cc4a0 JavaThread "Daemon client event forwarder" [_thread_blocked, id=14976, stack(0x000000caf2c00000,0x000000caf2d00000)]
  0x00000211169cdcb0 JavaThread "Cache worker for journal cache (C:\Program Files\Android\gradle-7.3.3\caches\journal-1)" [_thread_blocked, id=11216, stack(0x000000caf2d00000,0x000000caf2e00000)]
  0x00000211169ce180 JavaThread "File lock request listener" [_thread_in_native, id=6300, stack(0x000000caf2e00000,0x000000caf2f00000)]
  0x00000211169ceb20 JavaThread "Cache worker for file hash cache (C:\Program Files\Android\gradle-7.3.3\caches\7.3.3\fileHashes)" [_thread_blocked, id=2308, stack(0x000000caf2f00000,0x000000caf3000000)]
  0x00000211169ceff0 JavaThread "Cache worker for file hash cache (D:\EmailLogin\.gradle\7.3.3\fileHashes)" [_thread_blocked, id=11832, stack(0x000000caf3000000,0x000000caf3100000)]
  0x00000211169cbfd0 JavaThread "File watcher server" daemon [_thread_blocked, id=9584, stack(0x000000caf3100000,0x000000caf3200000)]
  0x00000211169cce40 JavaThread "File watcher consumer" daemon [_thread_blocked, id=5412, stack(0x000000caf3200000,0x000000caf3300000)]
  0x00000211169cc970 JavaThread "Cache worker for checksums cache (D:\EmailLogin\.gradle\7.3.3\checksums)" [_thread_blocked, id=14604, stack(0x000000caf3400000,0x000000caf3500000)]
  0x00000211169cd310 JavaThread "Cache worker for cache directory md-supplier (C:\Program Files\Android\gradle-7.3.3\caches\7.3.3\md-supplier)" [_thread_blocked, id=14748, stack(0x000000caf3500000,0x000000caf3600000)]
  0x00000211181ebb70 JavaThread "Cache worker for cache directory md-rule (C:\Program Files\Android\gradle-7.3.3\caches\7.3.3\md-rule)" [_thread_blocked, id=5404, stack(0x000000caf3700000,0x000000caf3800000)]
  0x00000211181ea830 JavaThread "Cache worker for execution history cache (C:\Program Files\Android\gradle-7.3.3\caches\7.3.3\executionHistory)" [_thread_blocked, id=6260, stack(0x000000caf3800000,0x000000caf3900000)]
  0x00000211181ec9e0 JavaThread "jar transforms" [_thread_blocked, id=10224, stack(0x000000caf3900000,0x000000caf3a00000)]
  0x00000211181ead00 JavaThread "Cache worker for file content cache (C:\Program Files\Android\gradle-7.3.3\caches\7.3.3\fileContent)" [_thread_blocked, id=11244, stack(0x000000caf3a00000,0x000000caf3b00000)]
  0x00000211181e94f0 JavaThread "jar transforms Thread 2" [_thread_blocked, id=13840, stack(0x000000caf3b00000,0x000000caf3c00000)]
  0x00000211181ef060 JavaThread "Cache worker for dependencies-accessors (D:\EmailLogin\.gradle\7.3.3\dependencies-accessors)" [_thread_blocked, id=11228, stack(0x000000caf3c00000,0x000000caf3d00000)]
  0x00000211181ef530 JavaThread "jar transforms Thread 3" [_thread_blocked, id=10152, stack(0x000000caf3d00000,0x000000caf3e00000)]
  0x00000211181eb6a0 JavaThread "Cache worker for Build Output Cleanup Cache (D:\EmailLogin\.gradle\buildOutputCleanup)" [_thread_blocked, id=3412, stack(0x000000caf3e00000,0x000000caf3f00000)]
  0x00000211181ed850 JavaThread "Unconstrained build operations" [_thread_blocked, id=11348, stack(0x000000caf3f00000,0x000000caf4000000)]
  0x00000211181edd20 JavaThread "Unconstrained build operations Thread 2" [_thread_blocked, id=13272, stack(0x000000caf4000000,0x000000caf4100000)]
  0x00000211181e99c0 JavaThread "Unconstrained build operations Thread 3" [_thread_blocked, id=6308, stack(0x000000caf4100000,0x000000caf4200000)]
  0x00000211181ee6c0 JavaThread "Unconstrained build operations Thread 4" [_thread_blocked, id=15004, stack(0x000000caf4200000,0x000000caf4300000)]
  0x00000211181ec510 JavaThread "Unconstrained build operations Thread 5" [_thread_blocked, id=14328, stack(0x000000caf4300000,0x000000caf4400000)]
  0x00000211181e9e90 JavaThread "Unconstrained build operations Thread 6" [_thread_blocked, id=6160, stack(0x000000caf4400000,0x000000caf4500000)]
  0x00000211181ea360 JavaThread "Unconstrained build operations Thread 7" [_thread_blocked, id=11184, stack(0x000000caf4500000,0x000000caf4600000)]
  0x00000211181efa00 JavaThread "Unconstrained build operations Thread 8" [_thread_blocked, id=2792, stack(0x000000caf4600000,0x000000caf4700000)]
  0x00000211181f03a0 JavaThread "Unconstrained build operations Thread 9" [_thread_blocked, id=11792, stack(0x000000caf4700000,0x000000caf4800000)]
  0x00000211181f0870 JavaThread "Unconstrained build operations Thread 10" [_thread_blocked, id=10916, stack(0x000000caf4800000,0x000000caf4900000)]
  0x0000021118e0c440 JavaThread "Unconstrained build operations Thread 11" [_thread_blocked, id=13808, stack(0x000000caf4900000,0x000000caf4a00000)]
  0x0000021118e0f930 JavaThread "Unconstrained build operations Thread 12" [_thread_blocked, id=14932, stack(0x000000caf4a00000,0x000000caf4b00000)]
  0x0000021118e11ae0 JavaThread "Unconstrained build operations Thread 13" [_thread_blocked, id=4284, stack(0x000000caf4b00000,0x000000caf4c00000)]
  0x0000021118e0d780 JavaThread "Unconstrained build operations Thread 14" [_thread_blocked, id=15292, stack(0x000000caf4c00000,0x000000caf4d00000)]
  0x0000021118e0a760 JavaThread "Unconstrained build operations Thread 15" [_thread_blocked, id=1620, stack(0x000000caf4d00000,0x000000caf4e00000)]
  0x0000021118e0e5f0 JavaThread "Unconstrained build operations Thread 16" [_thread_blocked, id=10600, stack(0x000000caf4e00000,0x000000caf4f00000)]
  0x0000021118e11fb0 JavaThread "Unconstrained build operations Thread 17" [_thread_blocked, id=9876, stack(0x000000caf4f00000,0x000000caf5000000)]
  0x0000021118e0b100 JavaThread "Unconstrained build operations Thread 18" [_thread_blocked, id=5380, stack(0x000000caf5000000,0x000000caf5100000)]
  0x0000021118e0ac30 JavaThread "Unconstrained build operations Thread 19" [_thread_blocked, id=496, stack(0x000000caf5100000,0x000000caf5200000)]
  0x0000021118e0e120 JavaThread "Unconstrained build operations Thread 20" [_thread_blocked, id=7280, stack(0x000000caf5200000,0x000000caf5300000)]
  0x0000021118e0b5d0 JavaThread "Unconstrained build operations Thread 21" [_thread_blocked, id=7812, stack(0x000000caf5300000,0x000000caf5400000)]
  0x0000021118e0dc50 JavaThread "Unconstrained build operations Thread 22" [_thread_blocked, id=10992, stack(0x000000caf5400000,0x000000caf5500000)]
  0x0000021118e0baa0 JavaThread "Unconstrained build operations Thread 23" [_thread_blocked, id=1768, stack(0x000000caf5500000,0x000000caf5600000)]
  0x0000021118e0c910 JavaThread "Unconstrained build operations Thread 24" [_thread_blocked, id=3424, stack(0x000000caf5600000,0x000000caf5700000)]
  0x0000021118e0eac0 JavaThread "Unconstrained build operations Thread 25" [_thread_blocked, id=13604, stack(0x000000caf5700000,0x000000caf5800000)]
  0x0000021118e0bf70 JavaThread "Unconstrained build operations Thread 26" [_thread_blocked, id=1396, stack(0x000000caf5800000,0x000000caf5900000)]
  0x0000021118e0cde0 JavaThread "Unconstrained build operations Thread 27" [_thread_blocked, id=13912, stack(0x000000caf5900000,0x000000caf5a00000)]
  0x0000021118e0d2b0 JavaThread "Unconstrained build operations Thread 28" [_thread_blocked, id=15136, stack(0x000000caf5a00000,0x000000caf5b00000)]
  0x0000021118e10c70 JavaThread "Unconstrained build operations Thread 29" [_thread_blocked, id=11488, stack(0x000000caf5b00000,0x000000caf5c00000)]
  0x0000021118e0ef90 JavaThread "Unconstrained build operations Thread 30" [_thread_blocked, id=8988, stack(0x000000caf5c00000,0x000000caf5d00000)]
  0x0000021118e0fe00 JavaThread "Unconstrained build operations Thread 31" [_thread_blocked, id=96, stack(0x000000caf5d00000,0x000000caf5e00000)]
  0x0000021118e0f460 JavaThread "Unconstrained build operations Thread 32" [_thread_blocked, id=2836, stack(0x000000caf5e00000,0x000000caf5f00000)]
  0x0000021118e102d0 JavaThread "Unconstrained build operations Thread 33" [_thread_blocked, id=9380, stack(0x000000caf5f00000,0x000000caf6000000)]
  0x0000021118e107a0 JavaThread "Unconstrained build operations Thread 34" [_thread_blocked, id=3608, stack(0x000000caf6000000,0x000000caf6100000)]
  0x0000021118e11140 JavaThread "Unconstrained build operations Thread 35" [_thread_blocked, id=492, stack(0x000000caf6100000,0x000000caf6200000)]
  0x0000021118e11610 JavaThread "Unconstrained build operations Thread 36" [_thread_blocked, id=2980, stack(0x000000caf6200000,0x000000caf6300000)]
  0x0000021118e446b0 JavaThread "Unconstrained build operations Thread 37" [_thread_blocked, id=14824, stack(0x000000caf6300000,0x000000caf6400000)]
  0x0000021118e429d0 JavaThread "Unconstrained build operations Thread 38" [_thread_blocked, id=2132, stack(0x000000caf6400000,0x000000caf6500000)]
  0x0000021118e43d10 JavaThread "Unconstrained build operations Thread 39" [_thread_blocked, id=5808, stack(0x000000caf6500000,0x000000caf6600000)]
  0x0000021118e41690 JavaThread "Unconstrained build operations Thread 40" [_thread_blocked, id=7396, stack(0x000000caf6600000,0x000000caf6700000)]
  0x0000021118e44b80 JavaThread "Unconstrained build operations Thread 41" [_thread_blocked, id=3104, stack(0x000000caf6700000,0x000000caf6800000)]
  0x0000021118e40350 JavaThread "Unconstrained build operations Thread 42" [_thread_blocked, id=12136, stack(0x000000caf6800000,0x000000caf6900000)]
  0x0000021118e45ec0 JavaThread "Unconstrained build operations Thread 43" [_thread_blocked, id=11556, stack(0x000000caf6900000,0x000000caf6a00000)]
  0x0000021118e45050 JavaThread "Unconstrained build operations Thread 44" [_thread_blocked, id=4424, stack(0x000000caf6a00000,0x000000caf6b00000)]
  0x0000021118e43370 JavaThread "Unconstrained build operations Thread 45" [_thread_blocked, id=15032, stack(0x000000caf6b00000,0x000000caf6c00000)]
  0x0000021118e42ea0 JavaThread "Unconstrained build operations Thread 46" [_thread_blocked, id=3468, stack(0x000000caf6c00000,0x000000caf6d00000)]
  0x0000021118e411c0 JavaThread "Unconstrained build operations Thread 47" [_thread_blocked, id=15220, stack(0x000000caf6d00000,0x000000caf6e00000)]
  0x0000021118e3f9b0 JavaThread "Unconstrained build operations Thread 48" [_thread_blocked, id=8016, stack(0x000000caf6e00000,0x000000caf6f00000)]
  0x0000021118e459f0 JavaThread "Unconstrained build operations Thread 49" [_thread_blocked, id=4880, stack(0x000000caf6f00000,0x000000caf7000000)]
  0x0000021118e40820 JavaThread "Unconstrained build operations Thread 50" [_thread_blocked, id=2684, stack(0x000000caf7000000,0x000000caf7100000)]
  0x0000021118e45520 JavaThread "Unconstrained build operations Thread 51" [_thread_blocked, id=11000, stack(0x000000caf7100000,0x000000caf7200000)]
  0x0000021118e42030 JavaThread "Unconstrained build operations Thread 52" [_thread_blocked, id=10816, stack(0x000000caf7200000,0x000000caf7300000)]
  0x0000021118e46390 JavaThread "Unconstrained build operations Thread 53" [_thread_blocked, id=12944, stack(0x000000caf7300000,0x000000caf7400000)]
  0x0000021118e46860 JavaThread "Unconstrained build operations Thread 54" [_thread_blocked, id=6928, stack(0x000000caf7400000,0x000000caf7500000)]
  0x0000021118e441e0 JavaThread "Unconstrained build operations Thread 55" [_thread_blocked, id=3696, stack(0x000000caf7500000,0x000000caf7600000)]
  0x0000021118e41b60 JavaThread "Unconstrained build operations Thread 56" [_thread_blocked, id=11992, stack(0x000000caf7600000,0x000000caf7700000)]
  0x0000021118e42500 JavaThread "Unconstrained build operations Thread 57" [_thread_blocked, id=1500, stack(0x000000caf7700000,0x000000caf7800000)]
  0x0000021118e43840 JavaThread "Unconstrained build operations Thread 58" [_thread_blocked, id=11776, stack(0x000000caf7800000,0x000000caf7900000)]
  0x0000021118e40cf0 JavaThread "Unconstrained build operations Thread 59" [_thread_blocked, id=1388, stack(0x000000caf7900000,0x000000caf7a00000)]
  0x0000021118e3f010 JavaThread "Unconstrained build operations Thread 60" [_thread_blocked, id=14324, stack(0x000000caf7a00000,0x000000caf7b00000)]
  0x0000021118e3f4e0 JavaThread "Unconstrained build operations Thread 61" [_thread_blocked, id=852, stack(0x000000caf7b00000,0x000000caf7c00000)]
  0x0000021118e3fe80 JavaThread "Unconstrained build operations Thread 62" [_thread_blocked, id=14396, stack(0x000000caf7c00000,0x000000caf7d00000)]
  0x000002111912d450 JavaThread "Unconstrained build operations Thread 63" [_thread_blocked, id=8964, stack(0x000000caf7d00000,0x000000caf7e00000)]
  0x0000021119130470 JavaThread "Unconstrained build operations Thread 64" [_thread_blocked, id=11124, stack(0x000000caf7e00000,0x000000caf7f00000)]
  0x0000021119130940 JavaThread "Unconstrained build operations Thread 65" [_thread_blocked, id=6368, stack(0x000000caf7f00000,0x000000caf8000000)]
  0x000002111912cf80 JavaThread "Unconstrained build operations Thread 66" [_thread_blocked, id=11768, stack(0x000000caf8000000,0x000000caf8100000)]
  0x0000021119132150 JavaThread "Unconstrained build operations Thread 67" [_thread_blocked, id=14636, stack(0x000000caf8100000,0x000000caf8200000)]
  0x0000021119132fc0 JavaThread "Unconstrained build operations Thread 68" [_thread_blocked, id=8380, stack(0x000000caf8200000,0x000000caf8300000)]
  0x0000021119133e30 JavaThread "Unconstrained build operations Thread 69" [_thread_blocked, id=736, stack(0x000000caf8300000,0x000000caf8400000)]
  0x000002111912e2c0 JavaThread "Unconstrained build operations Thread 70" [_thread_blocked, id=3856, stack(0x000000caf8400000,0x000000caf8500000)]
  0x0000021119133960 JavaThread "Unconstrained build operations Thread 71" [_thread_blocked, id=5732, stack(0x000000caf8500000,0x000000caf8600000)]
  0x0000021119132620 JavaThread "Unconstrained build operations Thread 72" [_thread_blocked, id=5348, stack(0x000000caf8600000,0x000000caf8700000)]
  0x000002111912f130 JavaThread "Unconstrained build operations Thread 73" [_thread_blocked, id=1932, stack(0x000000caf8700000,0x000000caf8800000)]
  0x00000211191312e0 JavaThread "Unconstrained build operations Thread 74" [_thread_blocked, id=5036, stack(0x000000caf8800000,0x000000caf8900000)]
  0x000002111912c5e0 JavaThread "Unconstrained build operations Thread 75" [_thread_blocked, id=6684, stack(0x000000caf8900000,0x000000caf8a00000)]
  0x000002111912e790 JavaThread "Unconstrained build operations Thread 76" [_thread_blocked, id=8436, stack(0x000000caf8a00000,0x000000caf8b00000)]
  0x000002111912cab0 JavaThread "Unconstrained build operations Thread 77" [_thread_blocked, id=8180, stack(0x000000caf8b00000,0x000000caf8c00000)]
  0x000002111912ddf0 JavaThread "Unconstrained build operations Thread 78" [_thread_blocked, id=6064, stack(0x000000caf8c00000,0x000000caf8d00000)]
  0x000002111912f600 JavaThread "Unconstrained build operations Thread 79" [_thread_blocked, id=11172, stack(0x000000caf8d00000,0x000000caf8e00000)]
  0x0000021119132af0 JavaThread "Unconstrained build operations Thread 80" [_thread_blocked, id=10212, stack(0x000000caf8e00000,0x000000caf8f00000)]
  0x0000021119133490 JavaThread "jar transforms Thread 4" [_thread_blocked, id=9992, stack(0x000000caf8f00000,0x000000caf9000000)]
  0x000002111912d920 JavaThread "jar transforms Thread 5" [_thread_blocked, id=10800, stack(0x000000caf9000000,0x000000caf9100000)]
  0x000002111912ec60 JavaThread "jar transforms Thread 6" [_thread_blocked, id=2600, stack(0x000000caf9100000,0x000000caf9200000)]
  0x0000021119130e10 JavaThread "jar transforms Thread 7" [_thread_blocked, id=5416, stack(0x000000caf9200000,0x000000caf9300000)]
  0x000002111912fad0 JavaThread "jar transforms Thread 8" [_thread_blocked, id=1392, stack(0x000000caf9300000,0x000000caf9400000)]
  0x0000021119131c80 JavaThread "Memory manager" [_thread_blocked, id=2536, stack(0x000000caf1c00000,0x000000caf1d00000)]
  0x000002111b04b0a0 JavaThread "C2 CompilerThread2" daemon [_thread_blocked, id=9856, stack(0x000000caf9400000,0x000000caf9500000)]
  0x0000021118495b90 JavaThread "build event listener" [_thread_blocked, id=10036, stack(0x000000caf9500000,0x000000caf9600000)]
  0x00000211184986e0 JavaThread "pool-3-thread-1" [_thread_blocked, id=7876, stack(0x000000caf9600000,0x000000caf9700000)]
  0x000002111849d3e0 JavaThread "build event listener" [_thread_blocked, id=5068, stack(0x000000caf9700000,0x000000caf9800000)]
  0x0000021118496060 JavaThread "Execution worker for ':'" [_thread_blocked, id=14632, stack(0x000000caf9800000,0x000000caf9900000)]
  0x0000021118496530 JavaThread "Execution worker for ':' Thread 2" [_thread_blocked, id=11132, stack(0x000000caf9900000,0x000000caf9a00000)]
  0x0000021118496a00 JavaThread "Execution worker for ':' Thread 3" [_thread_blocked, id=1048, stack(0x000000caf9a00000,0x000000caf9b00000)]
  0x0000021118499ef0 JavaThread "Execution worker for ':' Thread 4" [_thread_blocked, id=13400, stack(0x000000caf9b00000,0x000000caf9c00000)]
  0x0000021118496ed0 JavaThread "Execution worker for ':' Thread 5" [_thread_blocked, id=3352, stack(0x000000caf9c00000,0x000000caf9d00000)]
  0x000002111849ad60 JavaThread "Execution worker for ':' Thread 6" [_thread_blocked, id=14816, stack(0x000000caf9d00000,0x000000caf9e00000)]
  0x000002111849a890 JavaThread "Execution worker for ':' Thread 7" [_thread_blocked, id=9868, stack(0x000000caf9e00000,0x000000caf9f00000)]
  0x0000021118497d40 JavaThread "Cache worker for execution history cache (D:\EmailLogin\.gradle\7.3.3\executionHistory)" [_thread_blocked, id=14800, stack(0x000000caf9f00000,0x000000cafa000000)]
  0x00000211182c36c0 JavaThread "WorkerExecutor Queue" [_thread_blocked, id=14544, stack(0x000000cafa000000,0x000000cafa100000)]

Other Threads:
=>0x000002117f4bfa10 VMThread "VM Thread" [stack: 0x000000caf0e00000,0x000000caf0f00000] [id=10416]
  0x000002117f745f30 WatcherThread "VM Periodic Task Thread" [stack: 0x000000caf1a00000,0x000000caf1b00000] [id=11524]
  0x00000211722f12e0 WorkerThread "GC Thread#0" [stack: 0x000000caf0900000,0x000000caf0a00000] [id=6920]
  0x000002117f8501c0 WorkerThread "GC Thread#1" [stack: 0x000000caf1d00000,0x000000caf1e00000] [id=8040]
  0x00000211157f7cc0 WorkerThread "GC Thread#2" [stack: 0x000000caf1e00000,0x000000caf1f00000] [id=1184]
  0x00000211159822a0 WorkerThread "GC Thread#3" [stack: 0x000000caf1f00000,0x000000caf2000000] [id=11900]
  0x00000211159bbab0 WorkerThread "GC Thread#4" [stack: 0x000000caf2000000,0x000000caf2100000] [id=10304]
  0x000002111651dd70 WorkerThread "GC Thread#5" [stack: 0x000000caf2100000,0x000000caf2200000] [id=6984]
  0x0000021115b33970 WorkerThread "GC Thread#6" [stack: 0x000000caf2200000,0x000000caf2300000] [id=3212]
  0x000002111a906630 WorkerThread "GC Thread#7" [stack: 0x000000caf3300000,0x000000caf3400000] [id=1096]
  0x0000021172301fc0 ConcurrentGCThread "G1 Main Marker" [stack: 0x000000caf0a00000,0x000000caf0b00000] [id=3784]
  0x0000021172302760 WorkerThread "G1 Conc#0" [stack: 0x000000caf0b00000,0x000000caf0c00000] [id=7276]
  0x000002111a905bb0 WorkerThread "G1 Conc#1" [stack: 0x000000caf3600000,0x000000caf3700000] [id=8692]
  0x0000021172357bc0 ConcurrentGCThread "G1 Refine#0" [stack: 0x000000caf0c00000,0x000000caf0d00000] [id=8904]
  0x0000021172358280 ConcurrentGCThread "G1 Service" [stack: 0x000000caf0d00000,0x000000caf0e00000] [id=11192]

Threads with active compile tasks:
C2 CompilerThread0     9417 10954   !   4       org.gradle.internal.execution.fingerprint.impl.DefaultInputFingerprinter$InputCollectingVisitor::visitInputProperty (115 bytes)
C1 CompilerThread0     9417 11011       3       org.gradle.internal.execution.history.changes.DefaultExecutionStateChangeDetector::detectChanges (391 bytes)
C2 CompilerThread1     9417 10909       4       com.google.common.collect.ImmutableSortedMap$Builder::build (87 bytes)
C2 CompilerThread2     9417 10921       4       sun.nio.fs.WindowsPathParser::parse (384 bytes)

VM state: at safepoint (normal execution)

VM Mutex/Monitor currently owned by a thread:  ([mutex/lock_event])
[0x000002117228f410] Threads_lock - owner thread: 0x000002117f4bfa10
[0x0000021172291bc0] Heap_lock - owner thread: 0x0000021118e0b100

Heap address: 0x0000000080000000, size: 2048 MB, Compressed Oops mode: 32-bit

CDS archive(s) mapped at: [0x0000000800000000-0x0000000800ba0000-0x0000000800ba0000), size 12189696, SharedBaseAddress: 0x0000000800000000, ArchiveRelocationMode: 0.
Compressed class space mapped at: 0x0000000800c00000-0x0000000840c00000, reserved size: 1073741824
Narrow klass base: 0x0000000800000000, Narrow klass shift: 0, Narrow klass range: 0x100000000

GC Precious Log:
 CardTable entry size: 512
 Card Set container configuration: InlinePtr #cards 5 size 8 Array Of Cards #cards 12 size 40 Howl #buckets 4 coarsen threshold 1843 Howl Bitmap #cards 512 size 80 coarsen threshold 460 Card regions per heap region 1 cards per card region 2048
 CPUs: 8 total, 8 available
 Memory: 7987M
 Large Page Support: Disabled
 NUMA Support: Disabled
 Compressed Oops: Enabled (32-bit)
 Heap Region Size: 1M
 Heap Min Capacity: 8M
 Heap Initial Capacity: 126M
 Heap Max Capacity: 2G
 Pre-touch: Disabled
 Parallel Workers: 8
 Concurrent Workers: 2
 Concurrent Refinement Workers: 8
 Periodic GC: Disabled

Heap:
 garbage-first heap   total 164864K, used 88593K [0x0000000080000000, 0x0000000100000000)
  region size 1024K, 1 young (1024K), 1 survivors (1024K)
 Metaspace       used 78349K, committed 80192K, reserved 1179648K
  class space    used 10697K, committed 11648K, reserved 1048576K

Heap Regions: E=young(eden), S=young(survivor), O=old, HS=humongous(starts), HC=humongous(continues), CS=collection set, F=free, OA=open archive, CA=closed archive, TAMS=top-at-mark-start (previous, next)
|   0|0x0000000080000000, 0x0000000080100000, 0x0000000080100000|100%| O|  |TAMS 0x0000000080100000, 0x0000000080000000| Untracked 
|   1|0x0000000080100000, 0x0000000080200000, 0x0000000080200000|100%| O|  |TAMS 0x0000000080200000, 0x0000000080100000| Untracked 
|   2|0x0000000080200000, 0x0000000080300000, 0x0000000080300000|100%| O|  |TAMS 0x0000000080300000, 0x0000000080200000| Untracked 
|   3|0x0000000080300000, 0x0000000080400000, 0x0000000080400000|100%|HS|  |TAMS 0x0000000080400000, 0x0000000080300000| Complete 
|   4|0x0000000080400000, 0x0000000080500000, 0x0000000080500000|100%|HC|  |TAMS 0x0000000080500000, 0x0000000080400000| Complete 
|   5|0x0000000080500000, 0x0000000080600000, 0x0000000080600000|100%|HC|  |TAMS 0x0000000080600000, 0x0000000080500000| Complete 
|   6|0x0000000080600000, 0x0000000080700000, 0x0000000080700000|100%| O|  |TAMS 0x0000000080700000, 0x0000000080600000| Untracked 
|   7|0x0000000080700000, 0x0000000080800000, 0x0000000080800000|100%| O|  |TAMS 0x0000000080800000, 0x0000000080700000| Untracked 
|   8|0x0000000080800000, 0x0000000080900000, 0x0000000080900000|100%| O|  |TAMS 0x0000000080900000, 0x0000000080800000| Untracked 
|   9|0x0000000080900000, 0x0000000080a00000, 0x0000000080a00000|100%| O|  |TAMS 0x0000000080a00000, 0x0000000080900000| Untracked 
|  10|0x0000000080a00000, 0x0000000080b00000, 0x0000000080b00000|100%| O|  |TAMS 0x0000000080b00000, 0x0000000080a00000| Untracked 
|  11|0x0000000080b00000, 0x0000000080c00000, 0x0000000080c00000|100%| O|  |TAMS 0x0000000080c00000, 0x0000000080b00000| Untracked 
|  12|0x0000000080c00000, 0x0000000080d00000, 0x0000000080d00000|100%| O|  |TAMS 0x0000000080d00000, 0x0000000080c00000| Untracked 
|  13|0x0000000080d00000, 0x0000000080e00000, 0x0000000080e00000|100%| O|  |TAMS 0x0000000080e00000, 0x0000000080d00000| Untracked 
|  14|0x0000000080e00000, 0x0000000080f00000, 0x0000000080f00000|100%| O|  |TAMS 0x0000000080f00000, 0x0000000080e00000| Untracked 
|  15|0x0000000080f00000, 0x0000000081000000, 0x0000000081000000|100%| O|  |TAMS 0x0000000081000000, 0x0000000080f00000| Untracked 
|  16|0x0000000081000000, 0x0000000081100000, 0x0000000081100000|100%| O|  |TAMS 0x0000000081100000, 0x0000000081000000| Untracked 
|  17|0x0000000081100000, 0x0000000081200000, 0x0000000081200000|100%| O|  |TAMS 0x0000000081200000, 0x0000000081100000| Untracked 
|  18|0x0000000081200000, 0x0000000081300000, 0x0000000081300000|100%| O|  |TAMS 0x0000000081300000, 0x0000000081200000| Untracked 
|  19|0x0000000081300000, 0x0000000081400000, 0x0000000081400000|100%| O|  |TAMS 0x0000000081400000, 0x0000000081300000| Untracked 
|  20|0x0000000081400000, 0x0000000081500000, 0x0000000081500000|100%| O|  |TAMS 0x0000000081500000, 0x0000000081400000| Untracked 
|  21|0x0000000081500000, 0x0000000081600000, 0x0000000081600000|100%| O|  |TAMS 0x0000000081600000, 0x0000000081500000| Untracked 
|  22|0x0000000081600000, 0x0000000081700000, 0x0000000081700000|100%| O|  |TAMS 0x0000000081700000, 0x0000000081600000| Untracked 
|  23|0x0000000081700000, 0x0000000081800000, 0x0000000081800000|100%| O|  |TAMS 0x0000000081800000, 0x0000000081700000| Untracked 
|  24|0x0000000081800000, 0x0000000081900000, 0x0000000081900000|100%| O|  |TAMS 0x0000000081900000, 0x0000000081800000| Untracked 
|  25|0x0000000081900000, 0x0000000081a00000, 0x0000000081a00000|100%| O|  |TAMS 0x0000000081a00000, 0x0000000081900000| Untracked 
|  26|0x0000000081a00000, 0x0000000081b00000, 0x0000000081b00000|100%| O|  |TAMS 0x0000000081b00000, 0x0000000081a00000| Untracked 
|  27|0x0000000081b00000, 0x0000000081c00000, 0x0000000081c00000|100%| O|  |TAMS 0x0000000081c00000, 0x0000000081b00000| Untracked 
|  28|0x0000000081c00000, 0x0000000081d00000, 0x0000000081d00000|100%| O|  |TAMS 0x0000000081d00000, 0x0000000081c00000| Untracked 
|  29|0x0000000081d00000, 0x0000000081e00000, 0x0000000081e00000|100%|HS|  |TAMS 0x0000000081e00000, 0x0000000081d00000| Complete 
|  30|0x0000000081e00000, 0x0000000081f00000, 0x0000000081f00000|100%|HS|  |TAMS 0x0000000081f00000, 0x0000000081e00000| Complete 
|  31|0x0000000081f00000, 0x0000000082000000, 0x0000000082000000|100%| O|  |TAMS 0x0000000082000000, 0x0000000081f00000| Untracked 
|  32|0x0000000082000000, 0x0000000082100000, 0x0000000082100000|100%| O|  |TAMS 0x0000000082100000, 0x0000000082000000| Untracked 
|  33|0x0000000082100000, 0x0000000082200000, 0x0000000082200000|100%| O|  |TAMS 0x0000000082200000, 0x0000000082100000| Untracked 
|  34|0x0000000082200000, 0x0000000082300000, 0x0000000082300000|100%| O|  |TAMS 0x0000000082300000, 0x0000000082200000| Untracked 
|  35|0x0000000082300000, 0x0000000082400000, 0x0000000082400000|100%| O|  |TAMS 0x0000000082400000, 0x0000000082300000| Untracked 
|  36|0x0000000082400000, 0x0000000082500000, 0x0000000082500000|100%|HS|  |TAMS 0x0000000082500000, 0x0000000082400000| Complete 
|  37|0x0000000082500000, 0x0000000082600000, 0x0000000082600000|100%|HC|  |TAMS 0x0000000082600000, 0x0000000082500000| Complete 
|  38|0x0000000082600000, 0x0000000082700000, 0x0000000082700000|100%| O|  |TAMS 0x0000000082700000, 0x0000000082600000| Untracked 
|  39|0x0000000082700000, 0x0000000082800000, 0x0000000082800000|100%| O|  |TAMS 0x0000000082800000, 0x0000000082700000| Untracked 
|  40|0x0000000082800000, 0x0000000082900000, 0x0000000082900000|100%| O|  |TAMS 0x0000000082900000, 0x0000000082800000| Untracked 
|  41|0x0000000082900000, 0x0000000082a00000, 0x0000000082a00000|100%| O|  |TAMS 0x0000000082a00000, 0x0000000082900000| Untracked 
|  42|0x0000000082a00000, 0x0000000082b00000, 0x0000000082b00000|100%| O|  |TAMS 0x0000000082b00000, 0x0000000082a00000| Untracked 
|  43|0x0000000082b00000, 0x0000000082c00000, 0x0000000082c00000|100%| O|  |TAMS 0x0000000082c00000, 0x0000000082b00000| Untracked 
|  44|0x0000000082c00000, 0x0000000082d00000, 0x0000000082d00000|100%| O|  |TAMS 0x0000000082d00000, 0x0000000082c00000| Untracked 
|  45|0x0000000082d00000, 0x0000000082e00000, 0x0000000082e00000|100%| O|  |TAMS 0x0000000082e00000, 0x0000000082d00000| Untracked 
|  46|0x0000000082e00000, 0x0000000082f00000, 0x0000000082f00000|100%| O|  |TAMS 0x0000000082f00000, 0x0000000082e00000| Untracked 
|  47|0x0000000082f00000, 0x0000000083000000, 0x0000000083000000|100%| O|  |TAMS 0x0000000083000000, 0x0000000082f00000| Untracked 
|  48|0x0000000083000000, 0x0000000083100000, 0x0000000083100000|100%| O|  |TAMS 0x0000000083100000, 0x0000000083000000| Untracked 
|  49|0x0000000083100000, 0x0000000083200000, 0x0000000083200000|100%| O|  |TAMS 0x0000000083200000, 0x0000000083100000| Untracked 
|  50|0x0000000083200000, 0x0000000083300000, 0x0000000083300000|100%| O|  |TAMS 0x0000000083300000, 0x0000000083200000| Untracked 
|  51|0x0000000083300000, 0x0000000083400000, 0x0000000083400000|100%| O|  |TAMS 0x0000000083400000, 0x0000000083300000| Untracked 
|  52|0x0000000083400000, 0x0000000083500000, 0x0000000083500000|100%| O|  |TAMS 0x0000000083500000, 0x0000000083400000| Untracked 
|  53|0x0000000083500000, 0x0000000083600000, 0x0000000083600000|100%| O|  |TAMS 0x0000000083600000, 0x0000000083500000| Untracked 
|  54|0x0000000083600000, 0x0000000083700000, 0x0000000083700000|100%| O|  |TAMS 0x0000000083700000, 0x0000000083600000| Untracked 
|  55|0x0000000083700000, 0x0000000083800000, 0x0000000083800000|100%| O|  |TAMS 0x0000000083800000, 0x0000000083700000| Untracked 
|  56|0x0000000083800000, 0x0000000083900000, 0x0000000083900000|100%| O|  |TAMS 0x0000000083900000, 0x0000000083800000| Untracked 
|  57|0x0000000083900000, 0x0000000083a00000, 0x0000000083a00000|100%| O|  |TAMS 0x0000000083a00000, 0x0000000083900000| Untracked 
|  58|0x0000000083a00000, 0x0000000083b00000, 0x0000000083b00000|100%| O|  |TAMS 0x0000000083b00000, 0x0000000083a00000| Untracked 
|  59|0x0000000083b00000, 0x0000000083c00000, 0x0000000083c00000|100%| O|  |TAMS 0x0000000083c00000, 0x0000000083b00000| Untracked 
|  60|0x0000000083c00000, 0x0000000083d00000, 0x0000000083d00000|100%| O|  |TAMS 0x0000000083d00000, 0x0000000083c00000| Untracked 
|  61|0x0000000083d00000, 0x0000000083e00000, 0x0000000083e00000|100%| O|  |TAMS 0x0000000083e00000, 0x0000000083d00000| Untracked 
|  62|0x0000000083e00000, 0x0000000083f00000, 0x0000000083f00000|100%| O|  |TAMS 0x0000000083f00000, 0x0000000083e00000| Untracked 
|  63|0x0000000083f00000, 0x0000000084000000, 0x0000000084000000|100%| O|  |TAMS 0x0000000084000000, 0x0000000083f00000| Untracked 
|  64|0x0000000084000000, 0x0000000084100000, 0x0000000084100000|100%| O|  |TAMS 0x0000000084100000, 0x0000000084000000| Untracked 
|  65|0x0000000084100000, 0x0000000084200000, 0x0000000084200000|100%| O|  |TAMS 0x0000000084200000, 0x0000000084100000| Untracked 
|  66|0x0000000084200000, 0x0000000084300000, 0x0000000084300000|100%| O|  |TAMS 0x0000000084300000, 0x0000000084200000| Untracked 
|  67|0x0000000084300000, 0x0000000084400000, 0x0000000084400000|100%| O|  |TAMS 0x0000000084400000, 0x0000000084300000| Untracked 
|  68|0x0000000084400000, 0x0000000084400000, 0x0000000084500000|  0%| F|  |TAMS 0x0000000084400000, 0x0000000084400000| Untracked 
|  69|0x0000000084500000, 0x0000000084600000, 0x0000000084600000|100%| O|  |TAMS 0x0000000084600000, 0x0000000084500000| Untracked 
|  70|0x0000000084600000, 0x0000000084700000, 0x0000000084700000|100%| O|  |TAMS 0x0000000084700000, 0x0000000084600000| Untracked 
|  71|0x0000000084700000, 0x0000000084800000, 0x0000000084800000|100%| O|  |TAMS 0x0000000084800000, 0x0000000084700000| Untracked 
|  72|0x0000000084800000, 0x0000000084900000, 0x0000000084900000|100%| O|  |TAMS 0x0000000084900000, 0x0000000084800000| Untracked 
|  73|0x0000000084900000, 0x0000000084a00000, 0x0000000084a00000|100%| O|  |TAMS 0x0000000084a00000, 0x0000000084900000| Untracked 
|  74|0x0000000084a00000, 0x0000000084b00000, 0x0000000084b00000|100%| O|  |TAMS 0x0000000084b00000, 0x0000000084a00000| Untracked 
|  75|0x0000000084b00000, 0x0000000084c00000, 0x0000000084c00000|100%| O|  |TAMS 0x0000000084b52800, 0x0000000084b00000| Untracked 
|  76|0x0000000084c00000, 0x0000000084d00000, 0x0000000084d00000|100%| O|  |TAMS 0x0000000084c00000, 0x0000000084c00000| Untracked 
|  77|0x0000000084d00000, 0x0000000084e00000, 0x0000000084e00000|100%| O|  |TAMS 0x0000000084d00000, 0x0000000084d00000| Untracked 
|  78|0x0000000084e00000, 0x0000000084f00000, 0x0000000084f00000|100%| O|  |TAMS 0x0000000084e00000, 0x0000000084e00000| Untracked 
|  79|0x0000000084f00000, 0x0000000085000000, 0x0000000085000000|100%| O|  |TAMS 0x0000000084f00000, 0x0000000084f00000| Untracked 
|  80|0x0000000085000000, 0x0000000085100000, 0x0000000085100000|100%| O|  |TAMS 0x0000000085000000, 0x0000000085000000| Untracked 
|  81|0x0000000085100000, 0x0000000085200000, 0x0000000085200000|100%| O|  |TAMS 0x0000000085100000, 0x0000000085100000| Untracked 
|  82|0x0000000085200000, 0x0000000085300000, 0x0000000085300000|100%| O|  |TAMS 0x0000000085200000, 0x0000000085200000| Untracked 
|  83|0x0000000085300000, 0x0000000085400000, 0x0000000085400000|100%| O|  |TAMS 0x0000000085300000, 0x0000000085300000| Untracked 
|  84|0x0000000085400000, 0x0000000085500000, 0x0000000085500000|100%| O|  |TAMS 0x0000000085400000, 0x0000000085400000| Untracked 
|  85|0x0000000085500000, 0x0000000085600000, 0x0000000085600000|100%| O|  |TAMS 0x0000000085500000, 0x0000000085500000| Untracked 
|  86|0x0000000085600000, 0x00000000856cee00, 0x0000000085700000| 80%| O|  |TAMS 0x0000000085600000, 0x0000000085600000| Untracked 
|  87|0x0000000085700000, 0x0000000085700000, 0x0000000085800000|  0%| F|  |TAMS 0x0000000085700000, 0x0000000085700000| Untracked 
|  88|0x0000000085800000, 0x0000000085800000, 0x0000000085900000|  0%| F|  |TAMS 0x0000000085800000, 0x0000000085800000| Untracked 
|  89|0x0000000085900000, 0x0000000085900000, 0x0000000085a00000|  0%| F|  |TAMS 0x0000000085900000, 0x0000000085900000| Untracked 
|  90|0x0000000085a00000, 0x0000000085a00000, 0x0000000085b00000|  0%| F|  |TAMS 0x0000000085a00000, 0x0000000085a00000| Untracked 
|  91|0x0000000085b00000, 0x0000000085b00000, 0x0000000085c00000|  0%| F|  |TAMS 0x0000000085b00000, 0x0000000085b00000| Untracked 
|  92|0x0000000085c00000, 0x0000000085c00000, 0x0000000085d00000|  0%| F|  |TAMS 0x0000000085c00000, 0x0000000085c00000| Untracked 
|  93|0x0000000085d00000, 0x0000000085d00000, 0x0000000085e00000|  0%| F|  |TAMS 0x0000000085d00000, 0x0000000085d00000| Untracked 
|  94|0x0000000085e00000, 0x0000000085e00000, 0x0000000085f00000|  0%| F|  |TAMS 0x0000000085e00000, 0x0000000085e00000| Untracked 
|  95|0x0000000085f00000, 0x0000000085f00000, 0x0000000086000000|  0%| F|  |TAMS 0x0000000085f00000, 0x0000000085f00000| Untracked 
|  96|0x0000000086000000, 0x0000000086000000, 0x0000000086100000|  0%| F|  |TAMS 0x0000000086000000, 0x0000000086000000| Untracked 
|  97|0x0000000086100000, 0x0000000086100000, 0x0000000086200000|  0%| F|  |TAMS 0x0000000086100000, 0x0000000086100000| Untracked 
|  98|0x0000000086200000, 0x0000000086200000, 0x0000000086300000|  0%| F|  |TAMS 0x0000000086200000, 0x0000000086200000| Untracked 
|  99|0x0000000086300000, 0x0000000086300000, 0x0000000086400000|  0%| F|  |TAMS 0x0000000086300000, 0x0000000086300000| Untracked 
| 100|0x0000000086400000, 0x0000000086400000, 0x0000000086500000|  0%| F|  |TAMS 0x0000000086400000, 0x0000000086400000| Untracked 
| 101|0x0000000086500000, 0x0000000086500000, 0x0000000086600000|  0%| F|  |TAMS 0x0000000086500000, 0x0000000086500000| Untracked 
| 102|0x0000000086600000, 0x0000000086600000, 0x0000000086700000|  0%| F|  |TAMS 0x0000000086600000, 0x0000000086600000| Untracked 
| 103|0x0000000086700000, 0x0000000086700000, 0x0000000086800000|  0%| F|  |TAMS 0x0000000086700000, 0x0000000086700000| Untracked 
| 104|0x0000000086800000, 0x0000000086800000, 0x0000000086900000|  0%| F|  |TAMS 0x0000000086800000, 0x0000000086800000| Untracked 
| 105|0x0000000086900000, 0x0000000086900000, 0x0000000086a00000|  0%| F|  |TAMS 0x0000000086900000, 0x0000000086900000| Untracked 
| 106|0x0000000086a00000, 0x0000000086a00000, 0x0000000086b00000|  0%| F|  |TAMS 0x0000000086a00000, 0x0000000086a00000| Untracked 
| 107|0x0000000086b00000, 0x0000000086b00000, 0x0000000086c00000|  0%| F|  |TAMS 0x0000000086b00000, 0x0000000086b00000| Untracked 
| 108|0x0000000086c00000, 0x0000000086c00000, 0x0000000086d00000|  0%| F|  |TAMS 0x0000000086c00000, 0x0000000086c00000| Untracked 
| 109|0x0000000086d00000, 0x0000000086d00000, 0x0000000086e00000|  0%| F|  |TAMS 0x0000000086d00000, 0x0000000086d00000| Untracked 
| 110|0x0000000086e00000, 0x0000000086e00000, 0x0000000086f00000|  0%| F|  |TAMS 0x0000000086e00000, 0x0000000086e00000| Untracked 
| 111|0x0000000086f00000, 0x0000000086f00000, 0x0000000087000000|  0%| F|  |TAMS 0x0000000086f00000, 0x0000000086f00000| Untracked 
| 112|0x0000000087000000, 0x0000000087000000, 0x0000000087100000|  0%| F|  |TAMS 0x0000000087000000, 0x0000000087000000| Untracked 
| 113|0x0000000087100000, 0x0000000087100000, 0x0000000087200000|  0%| F|  |TAMS 0x0000000087100000, 0x0000000087100000| Untracked 
| 114|0x0000000087200000, 0x0000000087200000, 0x0000000087300000|  0%| F|  |TAMS 0x0000000087200000, 0x0000000087200000| Untracked 
| 115|0x0000000087300000, 0x0000000087300000, 0x0000000087400000|  0%| F|  |TAMS 0x0000000087300000, 0x0000000087300000| Untracked 
| 116|0x0000000087400000, 0x0000000087400000, 0x0000000087500000|  0%| F|  |TAMS 0x0000000087400000, 0x0000000087400000| Untracked 
| 117|0x0000000087500000, 0x0000000087500000, 0x0000000087600000|  0%| F|  |TAMS 0x0000000087500000, 0x0000000087500000| Untracked 
| 118|0x0000000087600000, 0x0000000087600000, 0x0000000087700000|  0%| F|  |TAMS 0x0000000087600000, 0x0000000087600000| Untracked 
| 119|0x0000000087700000, 0x0000000087700000, 0x0000000087800000|  0%| F|  |TAMS 0x0000000087700000, 0x0000000087700000| Untracked 
| 120|0x0000000087800000, 0x0000000087800000, 0x0000000087900000|  0%| F|  |TAMS 0x0000000087800000, 0x0000000087800000| Untracked 
| 121|0x0000000087900000, 0x0000000087900000, 0x0000000087a00000|  0%| F|  |TAMS 0x0000000087900000, 0x0000000087900000| Untracked 
| 122|0x0000000087a00000, 0x0000000087a00000, 0x0000000087b00000|  0%| F|  |TAMS 0x0000000087a00000, 0x0000000087a00000| Untracked 
| 123|0x0000000087b00000, 0x0000000087b00000, 0x0000000087c00000|  0%| F|  |TAMS 0x0000000087b00000, 0x0000000087b00000| Untracked 
| 124|0x0000000087c00000, 0x0000000087c00000, 0x0000000087d00000|  0%| F|  |TAMS 0x0000000087c00000, 0x0000000087c00000| Untracked 
| 125|0x0000000087d00000, 0x0000000087d00000, 0x0000000087e00000|  0%| F|  |TAMS 0x0000000087d00000, 0x0000000087d00000| Untracked 
| 126|0x0000000087e00000, 0x0000000087e00000, 0x0000000087f00000|  0%| F|  |TAMS 0x0000000087e00000, 0x0000000087e00000| Untracked 
| 127|0x0000000087f00000, 0x0000000087f00000, 0x0000000088000000|  0%| F|  |TAMS 0x0000000087f00000, 0x0000000087f00000| Untracked 
| 128|0x0000000088000000, 0x0000000088000000, 0x0000000088100000|  0%| F|  |TAMS 0x0000000088000000, 0x0000000088000000| Untracked 
| 129|0x0000000088100000, 0x0000000088100000, 0x0000000088200000|  0%| F|  |TAMS 0x0000000088100000, 0x0000000088100000| Untracked 
| 130|0x0000000088200000, 0x0000000088200000, 0x0000000088300000|  0%| F|  |TAMS 0x0000000088200000, 0x0000000088200000| Untracked 
| 131|0x0000000088300000, 0x0000000088300000, 0x0000000088400000|  0%| F|  |TAMS 0x0000000088300000, 0x0000000088300000| Untracked 
| 132|0x0000000088400000, 0x0000000088400000, 0x0000000088500000|  0%| F|  |TAMS 0x0000000088400000, 0x0000000088400000| Untracked 
| 133|0x0000000088500000, 0x0000000088500000, 0x0000000088600000|  0%| F|  |TAMS 0x0000000088500000, 0x0000000088500000| Untracked 
| 134|0x0000000088600000, 0x0000000088600000, 0x0000000088700000|  0%| F|  |TAMS 0x0000000088600000, 0x0000000088600000| Untracked 
| 135|0x0000000088700000, 0x0000000088700000, 0x0000000088800000|  0%| F|  |TAMS 0x0000000088700000, 0x0000000088700000| Untracked 
| 136|0x0000000088800000, 0x0000000088800000, 0x0000000088900000|  0%| F|  |TAMS 0x0000000088800000, 0x0000000088800000| Untracked 
| 137|0x0000000088900000, 0x0000000088900000, 0x0000000088a00000|  0%| F|  |TAMS 0x0000000088900000, 0x0000000088900000| Untracked 
| 138|0x0000000088a00000, 0x0000000088a00000, 0x0000000088b00000|  0%| F|  |TAMS 0x0000000088a00000, 0x0000000088a00000| Untracked 
| 139|0x0000000088b00000, 0x0000000088b00000, 0x0000000088c00000|  0%| F|  |TAMS 0x0000000088b00000, 0x0000000088b00000| Untracked 
| 140|0x0000000088c00000, 0x0000000088c00000, 0x0000000088d00000|  0%| F|  |TAMS 0x0000000088c00000, 0x0000000088c00000| Untracked 
| 141|0x0000000088d00000, 0x0000000088d00000, 0x0000000088e00000|  0%| F|  |TAMS 0x0000000088d00000, 0x0000000088d00000| Untracked 
| 142|0x0000000088e00000, 0x0000000088e00000, 0x0000000088f00000|  0%| F|  |TAMS 0x0000000088e00000, 0x0000000088e00000| Untracked 
| 143|0x0000000088f00000, 0x0000000088f00000, 0x0000000089000000|  0%| F|  |TAMS 0x0000000088f00000, 0x0000000088f00000| Untracked 
| 144|0x0000000089000000, 0x0000000089000000, 0x0000000089100000|  0%| F|  |TAMS 0x0000000089000000, 0x0000000089000000| Untracked 
| 145|0x0000000089100000, 0x0000000089100000, 0x0000000089200000|  0%| F|  |TAMS 0x0000000089100000, 0x0000000089100000| Untracked 
| 146|0x0000000089200000, 0x0000000089200000, 0x0000000089300000|  0%| F|  |TAMS 0x0000000089200000, 0x0000000089200000| Untracked 
| 147|0x0000000089300000, 0x0000000089300000, 0x0000000089400000|  0%| F|  |TAMS 0x0000000089300000, 0x0000000089300000| Untracked 
| 148|0x0000000089400000, 0x0000000089400000, 0x0000000089500000|  0%| F|  |TAMS 0x0000000089400000, 0x0000000089400000| Untracked 
| 149|0x0000000089500000, 0x0000000089500000, 0x0000000089600000|  0%| F|  |TAMS 0x0000000089500000, 0x0000000089500000| Untracked 
| 150|0x0000000089600000, 0x0000000089600000, 0x0000000089700000|  0%| F|  |TAMS 0x0000000089600000, 0x0000000089600000| Untracked 
| 151|0x0000000089700000, 0x0000000089700000, 0x0000000089800000|  0%| F|  |TAMS 0x0000000089700000, 0x0000000089700000| Untracked 
| 152|0x0000000089800000, 0x0000000089800000, 0x0000000089900000|  0%| F|  |TAMS 0x0000000089800000, 0x0000000089800000| Untracked 
| 153|0x0000000089900000, 0x0000000089900000, 0x0000000089a00000|  0%| F|  |TAMS 0x0000000089900000, 0x0000000089900000| Untracked 
| 154|0x0000000089a00000, 0x0000000089a00000, 0x0000000089b00000|  0%| F|  |TAMS 0x0000000089a00000, 0x0000000089a00000| Untracked 
| 155|0x0000000089b00000, 0x0000000089b00000, 0x0000000089c00000|  0%| F|  |TAMS 0x0000000089b00000, 0x0000000089b00000| Untracked 
| 156|0x0000000089c00000, 0x0000000089cb5780, 0x0000000089d00000| 70%| S|CS|TAMS 0x0000000089c00000, 0x0000000089c00000| Complete 
| 157|0x0000000089d00000, 0x0000000089d00000, 0x0000000089e00000|  0%| F|  |TAMS 0x0000000089d00000, 0x0000000089d00000| Untracked 
| 158|0x0000000089e00000, 0x0000000089e00000, 0x0000000089f00000|  0%| F|  |TAMS 0x0000000089e00000, 0x0000000089e00000| Untracked 
| 159|0x0000000089f00000, 0x0000000089f00000, 0x000000008a000000|  0%| F|  |TAMS 0x0000000089f00000, 0x0000000089f00000| Untracked 
| 160|0x000000008a000000, 0x000000008a000000, 0x000000008a100000|  0%| F|  |TAMS 0x000000008a000000, 0x000000008a000000| Untracked 

Card table byte_map: [0x000002117a300000,0x000002117a700000] _byte_map_base: 0x0000021179f00000

Marking Bits (Prev, Next): (CMBitMap*) 0x00000211722f16d0, (CMBitMap*) 0x00000211722f1690
 Prev Bits: [0x000002117cb00000, 0x000002117eb00000)
 Next Bits: [0x000002117ab00000, 0x000002117cb00000)

Polling page: 0x0000021170110000

Metaspace:

Usage:
  Non-class:     66.07 MB used.
      Class:     10.45 MB used.
       Both:     76.51 MB used.

Virtual space:
  Non-class space:      128.00 MB reserved,      66.94 MB ( 52%) committed,  2 nodes.
      Class space:        1.00 GB reserved,      11.38 MB (  1%) committed,  1 nodes.
             Both:        1.12 GB reserved,      78.31 MB (  7%) committed. 

Chunk freelists:
   Non-Class:  976.00 KB
       Class:  608.00 KB
        Both:  1.55 MB

MaxMetaspaceSize: unlimited
CompressedClassSpaceSize: 1.00 GB
Initial GC threshold: 21.00 MB
Current GC threshold: 128.75 MB
CDS: on
MetaspaceReclaimPolicy: balanced
 - commit_granule_bytes: 65536.
 - commit_granule_words: 8192.
 - virtual_space_node_default_size: 8388608.
 - enlarge_chunks_in_place: 1.
 - new_chunks_are_fully_committed: 0.
 - uncommit_free_chunks: 1.
 - use_allocation_guard: 0.


Internal statistics:

num_allocs_failed_limit: 6.
num_arena_births: 3292.
num_arena_deaths: 14.
num_vsnodes_births: 3.
num_vsnodes_deaths: 0.
num_space_committed: 1253.
num_space_uncommitted: 0.
num_chunks_returned_to_freelist: 23.
num_chunks_taken_from_freelist: 6831.
num_chunk_merges: 13.
num_chunk_splits: 4472.
num_chunks_enlarged: 2786.
num_inconsistent_stats: 0.

CodeHeap 'non-profiled nmethods': size=120000Kb used=5386Kb max_used=5386Kb free=114613Kb
 bounds [0x0000021107ad0000, 0x0000021108020000, 0x000002110f000000]
CodeHeap 'profiled nmethods': size=120000Kb used=17992Kb max_used=18677Kb free=102007Kb
 bounds [0x00000211005a0000, 0x00000211017f0000, 0x0000021107ad0000]
CodeHeap 'non-nmethods': size=5760Kb used=2400Kb max_used=2458Kb free=3359Kb
 bounds [0x0000021100000000, 0x0000021100270000, 0x00000211005a0000]
 total_blobs=10282 nmethods=9378 adapters=815
 compilation: enabled
              stopped_count=0, restarted_count=0
 full_count=0

Compilation events (20 events):
Event: 9.384 Thread 0x000002117f4e9f80 nmethod 11008 0x00000211010f5590 code [0x00000211010f5720, 0x00000211010f58d8]
Event: 9.384 Thread 0x000002117f4e9f80 11003       3       org.gradle.internal.execution.steps.ResolveCachingStateStep$1::getValidationProblems (10 bytes)
Event: 9.384 Thread 0x000002117f4e9f80 nmethod 11003 0x00000211010f4f90 code [0x00000211010f5140, 0x00000211010f5308]
Event: 9.384 Thread 0x000002117f4e9f80 11004       3       org.gradle.internal.execution.history.changes.PreviousSuccessChanges::<init> (10 bytes)
Event: 9.385 Thread 0x000002117f4e9f80 nmethod 11004 0x0000021101327210 code [0x00000211013273a0, 0x0000021101327518]
Event: 9.385 Thread 0x000002117f4e9f80 11005       3       org.gradle.internal.execution.history.impl.DefaultBeforeExecutionState::getDetectedOverlappingOutputs (8 bytes)
Event: 9.385 Thread 0x000002117f4e9f80 nmethod 11005 0x0000021101326c10 code [0x0000021101326dc0, 0x00000211013270f8]
Event: 9.385 Thread 0x000002117f4e9f80 11007       3       org.gradle.internal.execution.steps.ResolveChangesStep$$Lambda$943/0x00000008016e6878::apply (20 bytes)
Event: 9.385 Thread 0x000002117f4e9f80 nmethod 11007 0x0000021101326690 code [0x0000021101326840, 0x0000021101326b08]
Event: 9.385 Thread 0x000002117f4e9f80 11009       3       org.gradle.internal.execution.steps.ResolveChangesStep::execute (51 bytes)
Event: 9.387 Thread 0x000002117f4e9f80 nmethod 11009 0x0000021100c19910 code [0x0000021100c19d00, 0x0000021100c1bdf8]
Event: 9.387 Thread 0x000002117f4e9f80 11021       2       java.util.Arrays::sort (47 bytes)
Event: 9.387 Thread 0x000002117f4e9f80 nmethod 11021 0x0000021101326210 code [0x00000211013263c0, 0x0000021101326588]
Event: 9.387 Thread 0x000002117f4e9f80 11018       3       com.google.common.collect.AbstractIterator::hasNext (65 bytes)
Event: 9.388 Thread 0x000002117f4e9f80 nmethod 11018 0x0000021101325a90 code [0x0000021101325c80, 0x0000021101326098]
Event: 9.388 Thread 0x000002117f4e9f80 11010       3       java.util.stream.Collectors::mapping (46 bytes)
Event: 9.388 Thread 0x000002117f4e9f80 nmethod 11010 0x0000021100f4ef90 code [0x0000021100f4f1c0, 0x0000021100f4fc68]
Event: 9.388 Thread 0x000002117f4e9f80 11017       3       org.gradle.internal.execution.workspace.impl.DefaultImmutableWorkspaceProvider::withWorkspace (18 bytes)
Event: 9.389 Thread 0x000002117f4e9f80 nmethod 11017 0x0000021100f4e390 code [0x0000021100f4e5a0, 0x0000021100f4ecf8]
Event: 9.389 Thread 0x000002117f4e9f80 11011       3       org.gradle.internal.execution.history.changes.DefaultExecutionStateChangeDetector::detectChanges (391 bytes)

GC Heap History (20 events):
Event: 5.956 GC heap after
{Heap after GC invocations=17 (full 0):
 garbage-first heap   total 103424K, used 56922K [0x0000000080000000, 0x0000000100000000)
  region size 1024K, 1 young (1024K), 1 survivors (1024K)
 Metaspace       used 57463K, committed 59136K, reserved 1114112K
  class space    used 7661K, committed 8512K, reserved 1048576K
}
Event: 6.151 GC heap before
{Heap before GC invocations=17 (full 0):
 garbage-first heap   total 103424K, used 81498K [0x0000000080000000, 0x0000000100000000)
  region size 1024K, 26 young (26624K), 1 survivors (1024K)
 Metaspace       used 58119K, committed 59840K, reserved 1114112K
  class space    used 7788K, committed 8704K, reserved 1048576K
}
Event: 6.154 GC heap after
{Heap after GC invocations=18 (full 0):
 garbage-first heap   total 103424K, used 58545K [0x0000000080000000, 0x0000000100000000)
  region size 1024K, 3 young (3072K), 3 survivors (3072K)
 Metaspace       used 58119K, committed 59840K, reserved 1114112K
  class space    used 7788K, committed 8704K, reserved 1048576K
}
Event: 6.344 GC heap before
{Heap before GC invocations=19 (full 0):
 garbage-first heap   total 112640K, used 82097K [0x0000000080000000, 0x0000000100000000)
  region size 1024K, 26 young (26624K), 3 survivors (3072K)
 Metaspace       used 59569K, committed 61248K, reserved 1114112K
  class space    used 7974K, committed 8832K, reserved 1048576K
}
Event: 6.348 GC heap after
{Heap after GC invocations=20 (full 0):
 garbage-first heap   total 112640K, used 60809K [0x0000000080000000, 0x0000000100000000)
  region size 1024K, 3 young (3072K), 3 survivors (3072K)
 Metaspace       used 59569K, committed 61248K, reserved 1114112K
  class space    used 7974K, committed 8832K, reserved 1048576K
}
Event: 6.367 GC heap before
{Heap before GC invocations=20 (full 0):
 garbage-first heap   total 112640K, used 62857K [0x0000000080000000, 0x0000000100000000)
  region size 1024K, 5 young (5120K), 3 survivors (3072K)
 Metaspace       used 59735K, committed 61440K, reserved 1114112K
  class space    used 8000K, committed 8896K, reserved 1048576K
}
Event: 6.369 GC heap after
{Heap after GC invocations=21 (full 0):
 garbage-first heap   total 164864K, used 60549K [0x0000000080000000, 0x0000000100000000)
  region size 1024K, 1 young (1024K), 1 survivors (1024K)
 Metaspace       used 59735K, committed 61440K, reserved 1114112K
  class space    used 8000K, committed 8896K, reserved 1048576K
}
Event: 7.051 GC heap before
{Heap before GC invocations=21 (full 0):
 garbage-first heap   total 164864K, used 124037K [0x0000000080000000, 0x0000000100000000)
  region size 1024K, 64 young (65536K), 1 survivors (1024K)
 Metaspace       used 65010K, committed 66752K, reserved 1114112K
  class space    used 8901K, committed 9792K, reserved 1048576K
}
Event: 7.056 GC heap after
{Heap after GC invocations=22 (full 0):
 garbage-first heap   total 164864K, used 65613K [0x0000000080000000, 0x0000000100000000)
  region size 1024K, 6 young (6144K), 6 survivors (6144K)
 Metaspace       used 65010K, committed 66752K, reserved 1114112K
  class space    used 8901K, committed 9792K, reserved 1048576K
}
Event: 7.747 GC heap before
{Heap before GC invocations=22 (full 0):
 garbage-first heap   total 164864K, used 127053K [0x0000000080000000, 0x0000000100000000)
  region size 1024K, 66 young (67584K), 6 survivors (6144K)
 Metaspace       used 71374K, committed 73216K, reserved 1114112K
  class space    used 9776K, committed 10752K, reserved 1048576K
}
Event: 7.754 GC heap after
{Heap after GC invocations=23 (full 0):
 garbage-first heap   total 164864K, used 70684K [0x0000000080000000, 0x0000000100000000)
  region size 1024K, 5 young (5120K), 5 survivors (5120K)
 Metaspace       used 71374K, committed 73216K, reserved 1114112K
  class space    used 9776K, committed 10752K, reserved 1048576K
}
Event: 8.360 GC heap before
{Heap before GC invocations=23 (full 0):
 garbage-first heap   total 164864K, used 128028K [0x0000000080000000, 0x0000000100000000)
  region size 1024K, 62 young (63488K), 5 survivors (5120K)
 Metaspace       used 75590K, committed 77440K, reserved 1179648K
  class space    used 10390K, committed 11328K, reserved 1048576K
}
Event: 8.369 GC heap after
{Heap after GC invocations=24 (full 0):
 garbage-first heap   total 164864K, used 77361K [0x0000000080000000, 0x0000000100000000)
  region size 1024K, 7 young (7168K), 7 survivors (7168K)
 Metaspace       used 75590K, committed 77440K, reserved 1179648K
  class space    used 10390K, committed 11328K, reserved 1048576K
}
Event: 8.717 GC heap before
{Heap before GC invocations=24 (full 0):
 garbage-first heap   total 164864K, used 129585K [0x0000000080000000, 0x0000000100000000)
  region size 1024K, 59 young (60416K), 7 survivors (7168K)
 Metaspace       used 76074K, committed 77952K, reserved 1179648K
  class space    used 10424K, committed 11392K, reserved 1048576K
}
Event: 8.723 GC heap after
{Heap after GC invocations=25 (full 0):
 garbage-first heap   total 164864K, used 81223K [0x0000000080000000, 0x0000000100000000)
  region size 1024K, 4 young (4096K), 4 survivors (4096K)
 Metaspace       used 76074K, committed 77952K, reserved 1179648K
  class space    used 10424K, committed 11392K, reserved 1048576K
}
Event: 9.081 GC heap before
{Heap before GC invocations=25 (full 0):
 garbage-first heap   total 164864K, used 131399K [0x0000000080000000, 0x0000000100000000)
  region size 1024K, 54 young (55296K), 4 survivors (4096K)
 Metaspace       used 77015K, committed 78848K, reserved 1179648K
  class space    used 10527K, committed 11456K, reserved 1048576K
}
Event: 9.087 GC heap after
{Heap after GC invocations=26 (full 0):
 garbage-first heap   total 164864K, used 85274K [0x0000000080000000, 0x0000000100000000)
  region size 1024K, 7 young (7168K), 7 survivors (7168K)
 Metaspace       used 77015K, committed 78848K, reserved 1179648K
  class space    used 10527K, committed 11456K, reserved 1048576K
}
Event: 9.367 GC heap before
{Heap before GC invocations=27 (full 0):
 garbage-first heap   total 164864K, used 132378K [0x0000000080000000, 0x0000000100000000)
  region size 1024K, 54 young (55296K), 7 survivors (7168K)
 Metaspace       used 78272K, committed 80128K, reserved 1179648K
  class space    used 10692K, committed 11648K, reserved 1048576K
}
Event: 9.374 GC heap after
{Heap after GC invocations=28 (full 0):
 garbage-first heap   total 164864K, used 88775K [0x0000000080000000, 0x0000000100000000)
  region size 1024K, 4 young (4096K), 4 survivors (4096K)
 Metaspace       used 78272K, committed 80128K, reserved 1179648K
  class space    used 10692K, committed 11648K, reserved 1048576K
}
Event: 9.391 GC heap before
{Heap before GC invocations=28 (full 0):
 garbage-first heap   total 164864K, used 92871K [0x0000000080000000, 0x0000000100000000)
  region size 1024K, 8 young (8192K), 4 survivors (4096K)
 Metaspace       used 78349K, committed 80192K, reserved 1179648K
  class space    used 10697K, committed 11648K, reserved 1048576K
}

Deoptimization events (20 events):
Event: 9.359 Thread 0x000002111912ddf0 DEOPT PACKING pc=0x0000021107cabc04 sp=0x000000caf8cfd910
Event: 9.359 Thread 0x000002111912ddf0 DEOPT UNPACKING pc=0x0000021100055c23 sp=0x000000caf8cfd7b0 mode 2
Event: 9.359 Thread 0x0000021118e446b0 DEOPT PACKING pc=0x0000021107cabc04 sp=0x000000caf63fccd0
Event: 9.359 Thread 0x0000021118e446b0 DEOPT UNPACKING pc=0x0000021100055c23 sp=0x000000caf63fcb70 mode 2
Event: 9.360 Thread 0x0000021118e11fb0 Uncommon trap: trap_request=0xffffffbe fr.pc=0x0000021107cabc04 relative=0x0000000000000fc4
Event: 9.360 Thread 0x0000021118e0c910 Uncommon trap: trap_request=0xffffffbe fr.pc=0x0000021107cabc04 relative=0x0000000000000fc4
Event: 9.360 Thread 0x0000021118e10c70 Uncommon trap: trap_request=0xffffffbe fr.pc=0x0000021107cabc04 relative=0x0000000000000fc4
Event: 9.360 Thread 0x0000021118e11fb0 Uncommon trap: reason=profile_predicate action=maybe_recompile pc=0x0000021107cabc04 method=java.util.TimSort.reverseRange([Ljava/lang/Object;II)V @ 5 c2
Event: 9.360 Thread 0x0000021118e0c910 Uncommon trap: reason=profile_predicate action=maybe_recompile pc=0x0000021107cabc04 method=java.util.TimSort.reverseRange([Ljava/lang/Object;II)V @ 5 c2
Event: 9.360 Thread 0x0000021118e10c70 Uncommon trap: reason=profile_predicate action=maybe_recompile pc=0x0000021107cabc04 method=java.util.TimSort.reverseRange([Ljava/lang/Object;II)V @ 5 c2
Event: 9.360 Thread 0x0000021118e11fb0 DEOPT PACKING pc=0x0000021107cabc04 sp=0x000000caf4ffc4b0
Event: 9.360 Thread 0x0000021118e0c910 DEOPT PACKING pc=0x0000021107cabc04 sp=0x000000caf56fc6f0
Event: 9.361 Thread 0x0000021118e11fb0 DEOPT UNPACKING pc=0x0000021100055c23 sp=0x000000caf4ffc350 mode 2
Event: 9.361 Thread 0x0000021118e0c910 DEOPT UNPACKING pc=0x0000021100055c23 sp=0x000000caf56fc590 mode 2
Event: 9.361 Thread 0x0000021118e10c70 DEOPT PACKING pc=0x0000021107cabc04 sp=0x000000caf5bfcc70
Event: 9.361 Thread 0x0000021118e10c70 DEOPT UNPACKING pc=0x0000021100055c23 sp=0x000000caf5bfcb10 mode 2
Event: 9.377 Thread 0x0000021118e3f4e0 Uncommon trap: trap_request=0xffffffbe fr.pc=0x0000021108011f2c relative=0x000000000000104c
Event: 9.377 Thread 0x0000021118e3f4e0 Uncommon trap: reason=profile_predicate action=maybe_recompile pc=0x0000021108011f2c method=java.util.TimSort.reverseRange([Ljava/lang/Object;II)V @ 5 c2
Event: 9.377 Thread 0x0000021118e3f4e0 DEOPT PACKING pc=0x0000021108011f2c sp=0x000000caf7bfde50
Event: 9.377 Thread 0x0000021118e3f4e0 DEOPT UNPACKING pc=0x0000021100055c23 sp=0x000000caf7bfdc88 mode 2

Classes loaded (20 events):
Event: 8.033 Loading class java/time/Instant$1
Event: 8.033 Loading class java/time/Instant$1 done
Event: 8.073 Loading class java/util/stream/ReduceOps$6
Event: 8.073 Loading class java/util/stream/ReduceOps$6 done
Event: 8.073 Loading class java/util/stream/ReduceOps$5ReducingSink
Event: 8.073 Loading class java/util/stream/ReduceOps$5ReducingSink done
Event: 8.091 Loading class com/sun/org/apache/xerces/internal/util/URI
Event: 8.091 Loading class com/sun/org/apache/xerces/internal/util/URI done
Event: 8.092 Loading class java/net/HttpURLConnection
Event: 8.092 Loading class java/net/HttpURLConnection done
Event: 8.092 Loading class sun/net/ProgressMonitor
Event: 8.092 Loading class sun/net/ProgressMonitor done
Event: 8.092 Loading class sun/net/DefaultProgressMeteringPolicy
Event: 8.092 Loading class sun/net/ProgressMeteringPolicy
Event: 8.092 Loading class sun/net/ProgressMeteringPolicy done
Event: 8.092 Loading class sun/net/DefaultProgressMeteringPolicy done
Event: 8.615 Loading class java/util/stream/SortedOps$SizedRefSortingSink
Event: 8.615 Loading class java/util/stream/SortedOps$SizedRefSortingSink done
Event: 9.060 Loading class java/nio/file/FileTreeWalker$1
Event: 9.060 Loading class java/nio/file/FileTreeWalker$1 done

Classes unloaded (7 events):
Event: 9.164 Thread 0x000002117f4bfa10 Unloading class 0x000000080170dc00 'java/lang/invoke/LambdaForm$DMH+0x000000080170dc00'
Event: 9.164 Thread 0x000002117f4bfa10 Unloading class 0x000000080170d800 'java/lang/invoke/LambdaForm$DMH+0x000000080170d800'
Event: 9.164 Thread 0x000002117f4bfa10 Unloading class 0x000000080170d400 'java/lang/invoke/LambdaForm$DMH+0x000000080170d400'
Event: 9.164 Thread 0x000002117f4bfa10 Unloading class 0x000000080170d000 'java/lang/invoke/LambdaForm$DMH+0x000000080170d000'
Event: 9.164 Thread 0x000002117f4bfa10 Unloading class 0x000000080170cc00 'java/lang/invoke/LambdaForm$DMH+0x000000080170cc00'
Event: 9.164 Thread 0x000002117f4bfa10 Unloading class 0x000000080170c800 'java/lang/invoke/LambdaForm$DMH+0x000000080170c800'
Event: 9.164 Thread 0x000002117f4bfa10 Unloading class 0x000000080170c400 'java/lang/invoke/LambdaForm$DMH+0x000000080170c400'

Classes redefined (0 events):
No events

Internal exceptions (20 events):
Event: 8.711 Thread 0x0000021118496060 Implicit null exception at 0x0000021107fe0288 to 0x0000021107fe0cd4
Event: 8.711 Thread 0x0000021118496060 Implicit null exception at 0x0000021107fe0288 to 0x0000021107fe0cd4
Event: 8.739 Thread 0x00000211181ed850 Implicit null exception at 0x0000021107fe0288 to 0x0000021107fe0cd4
Event: 8.780 Thread 0x0000021118e43840 Implicit null exception at 0x0000021107ff85da to 0x0000021107ff9330
Event: 8.833 Thread 0x0000021118496060 Exception <a 'java/lang/NoSuchMethodError'{0x00000000893efac0}: static Lcom/android/build/gradle/internal/scope/InternalArtifactType;.<clinit>()V> (0x00000000893efac0) 
thrown [s\open\src\hotspot\share\prims\jni.cpp, line 1104]
Event: 8.833 Thread 0x0000021118496060 Exception <a 'java/lang/NoSuchMethodError'{0x00000000893f1068}: static Lcom/android/build/gradle/internal/scope/InternalArtifactType;.<clinit>()V> (0x00000000893f1068) 
thrown [s\open\src\hotspot\share\prims\jni.cpp, line 1104]
Event: 8.833 Thread 0x0000021118496060 Exception <a 'java/lang/NoSuchMethodError'{0x00000000893f3be0}: static Lcom/android/build/api/artifact/Artifact$Single;.<clinit>()V> (0x00000000893f3be0) 
thrown [s\open\src\hotspot\share\prims\jni.cpp, line 1104]
Event: 8.833 Thread 0x0000021118496060 Exception <a 'java/lang/NoSuchMethodError'{0x00000000893f6138}: static Ljava/lang/Object;.<clinit>()V> (0x00000000893f6138) 
thrown [s\open\src\hotspot\share\prims\jni.cpp, line 1104]
Event: 8.834 Thread 0x0000021118496060 Exception <a 'java/lang/NoSuchMethodError'{0x000000008920bf60}: static Lcom/android/build/api/artifact/ArtifactKind;.<clinit>()V> (0x000000008920bf60) 
thrown [s\open\src\hotspot\share\prims\jni.cpp, line 1104]
Event: 8.834 Thread 0x0000021118496060 Exception <a 'java/lang/NoSuchMethodError'{0x000000008920d120}: static Lcom/android/build/api/artifact/ArtifactKind;.<clinit>()V> (0x000000008920d120) 
thrown [s\open\src\hotspot\share\prims\jni.cpp, line 1104]
Event: 9.023 Thread 0x0000021118496060 Exception <a 'sun/nio/fs/WindowsException'{0x00000000875719c0}> (0x00000000875719c0) 
thrown [s\open\src\hotspot\share\prims\jni.cpp, line 516]
Event: 9.023 Thread 0x0000021118496060 Exception <a 'sun/nio/fs/WindowsException'{0x0000000087572838}> (0x0000000087572838) 
thrown [s\open\src\hotspot\share\prims\jni.cpp, line 516]
Event: 9.025 Thread 0x0000021118496060 Exception <a 'sun/nio/fs/WindowsException'{0x00000000875735b0}> (0x00000000875735b0) 
thrown [s\open\src\hotspot\share\prims\jni.cpp, line 516]
Event: 9.025 Thread 0x0000021118496060 Exception <a 'sun/nio/fs/WindowsException'{0x0000000087574428}> (0x0000000087574428) 
thrown [s\open\src\hotspot\share\prims\jni.cpp, line 516]
Event: 9.036 Thread 0x0000021118496060 Exception <a 'java/lang/NoSuchMethodError'{0x00000000874f6980}: static Lcom/android/builder/internal/aapt/AaptOptions;.<clinit>()V> (0x00000000874f6980) 
thrown [s\open\src\hotspot\share\prims\jni.cpp, line 1104]
Event: 9.038 Thread 0x0000021118496060 Exception <a 'java/lang/NoSuchMethodError'{0x0000000087328d18}: static [Ljava/lang/Object;.<clinit>()V> (0x0000000087328d18) 
thrown [s\open\src\hotspot\share\prims\jni.cpp, line 1104]
Event: 9.038 Thread 0x0000021118496060 Exception <a 'java/lang/NoSuchMethodError'{0x00000000873398a0}: static Ljava/lang/Object;.<clinit>()V> (0x00000000873398a0) 
thrown [s\open\src\hotspot\share\prims\jni.cpp, line 1104]
Event: 9.040 Thread 0x0000021118496060 Exception <a 'java/lang/NoSuchMethodError'{0x000000008735ce80}: static Lcom/android/build/api/variant/impl/VariantOutputImpl$SerializedForm;.<clinit>()V> (0x000000008735ce80) 
thrown [s\open\src\hotspot\share\prims\jni.cpp, line 1104]
Event: 9.041 Thread 0x0000021118496060 Exception <a 'java/lang/NoSuchMethodError'{0x000000008736f270}: static Lcom/android/build/api/variant/impl/VariantOutputConfigurationImpl;.<clinit>()V> (0x000000008736f270) 
thrown [s\open\src\hotspot\share\prims\jni.cpp, line 1104]
Event: 9.247 Thread 0x000002111849ad60 Exception <a 'java/lang/NoSuchMethodError'{0x0000000088b23570}: 'int java.lang.invoke.DirectMethodHandle$Holder.invokeSpecial(java.lang.Object, java.lang.Object, java.lang.Object, java.lang.Object, java.lang.Object)'> (0x0000000088b23570) 
thrown [s\open\src\hotspot\share\interpreter\linkResolver.cpp, line 766]

VM Operations (20 events):
Event: 9.005 Executing VM operation: HandshakeAllThreads done
Event: 9.006 Executing VM operation: HandshakeAllThreads
Event: 9.006 Executing VM operation: HandshakeAllThreads done
Event: 9.045 Executing VM operation: HandshakeAllThreads
Event: 9.045 Executing VM operation: HandshakeAllThreads done
Event: 9.052 Executing VM operation: HandshakeAllThreads
Event: 9.052 Executing VM operation: HandshakeAllThreads done
Event: 9.053 Executing VM operation: HandshakeAllThreads
Event: 9.053 Executing VM operation: HandshakeAllThreads done
Event: 9.081 Executing VM operation: G1CollectForAllocation
Event: 9.090 Executing VM operation: G1CollectForAllocation done
Event: 9.163 Executing VM operation: G1Concurrent
Event: 9.174 Executing VM operation: G1Concurrent done
Event: 9.218 Executing VM operation: G1Concurrent
Event: 9.219 Executing VM operation: G1Concurrent done
Event: 9.245 Executing VM operation: HandshakeAllThreads
Event: 9.245 Executing VM operation: HandshakeAllThreads done
Event: 9.367 Executing VM operation: G1CollectForAllocation
Event: 9.375 Executing VM operation: G1CollectForAllocation done
Event: 9.391 Executing VM operation: G1CollectForAllocation

Events (20 events):
Event: 8.841 Thread 0x000002117f5172f0 flushing nmethod 0x00000211015ef390
Event: 8.841 Thread 0x000002117f5172f0 flushing nmethod 0x00000211015f1510
Event: 8.841 Thread 0x000002117f5172f0 flushing nmethod 0x00000211015f3790
Event: 8.841 Thread 0x000002117f5172f0 flushing nmethod 0x00000211015f7f90
Event: 8.841 Thread 0x000002117f5172f0 flushing nmethod 0x00000211015f9010
Event: 8.841 Thread 0x000002117f5172f0 flushing nmethod 0x00000211015f9590
Event: 8.841 Thread 0x000002117f5172f0 flushing nmethod 0x00000211015f9a90
Event: 8.841 Thread 0x000002117f5172f0 flushing nmethod 0x0000021101605210
Event: 8.841 Thread 0x000002117f5172f0 flushing nmethod 0x0000021101638490
Event: 8.841 Thread 0x000002117f5172f0 flushing nmethod 0x0000021101639290
Event: 8.841 Thread 0x000002117f5172f0 flushing nmethod 0x0000021101639910
Event: 8.841 Thread 0x000002117f5172f0 flushing nmethod 0x000002110163a810
Event: 8.841 Thread 0x000002117f5172f0 flushing nmethod 0x000002110163cc90
Event: 8.841 Thread 0x000002117f5172f0 flushing nmethod 0x0000021101649890
Event: 8.841 Thread 0x000002117f5172f0 flushing nmethod 0x0000021101663290
Event: 8.842 Thread 0x000002117f5172f0 flushing nmethod 0x00000211016d7c10
Event: 8.842 Thread 0x000002117f5172f0 flushing nmethod 0x00000211016dee10
Event: 8.842 Thread 0x000002117f5172f0 flushing nmethod 0x00000211016e8110
Event: 8.842 Thread 0x000002117f5172f0 flushing nmethod 0x0000021101763f90
Event: 9.046 Thread 0x00000211182c36c0 Thread added: 0x00000211182c36c0


Dynamic libraries:
0x00007ff789880000 - 0x00007ff789890000 	C:\Program Files\Java\jdk-18.0.1.1\bin\java.exe
0x00007fff42a90000 - 0x00007fff42c87000 	C:\Windows\SYSTEM32\ntdll.dll
0x00007fff41590000 - 0x00007fff4164d000 	C:\Windows\System32\KERNEL32.DLL
0x00007fff40380000 - 0x00007fff4064d000 	C:\Windows\System32\KERNELBASE.dll
0x00007fff40250000 - 0x00007fff40350000 	C:\Windows\System32\ucrtbase.dll
0x00007fff36500000 - 0x00007fff36518000 	C:\Program Files\Java\jdk-18.0.1.1\bin\jli.dll
0x00007fff35550000 - 0x00007fff3556a000 	C:\Program Files\Java\jdk-18.0.1.1\bin\VCRUNTIME140.dll
0x00007fff42080000 - 0x00007fff4212e000 	C:\Windows\System32\ADVAPI32.dll
0x00007fff41780000 - 0x00007fff4181e000 	C:\Windows\System32\msvcrt.dll
0x00007fff416b0000 - 0x00007fff4174c000 	C:\Windows\System32\sechost.dll
0x00007fff41e70000 - 0x00007fff41f95000 	C:\Windows\System32\RPCRT4.dll
0x00007fff413f0000 - 0x00007fff41590000 	C:\Windows\System32\USER32.dll
0x00007fff40220000 - 0x00007fff40242000 	C:\Windows\System32\win32u.dll
0x00007fff261b0000 - 0x00007fff2644a000 	C:\Windows\WinSxS\amd64_microsoft.windows.common-controls_6595b64144ccf1df_6.0.19041.1110_none_60b5254171f9507e\COMCTL32.dll
0x00007fff42130000 - 0x00007fff4215a000 	C:\Windows\System32\GDI32.dll
0x00007fff40930000 - 0x00007fff40a3b000 	C:\Windows\System32\gdi32full.dll
0x00007fff40890000 - 0x00007fff4092d000 	C:\Windows\System32\msvcp_win.dll
0x00007fff2e5c0000 - 0x00007fff2e5ca000 	C:\Windows\SYSTEM32\VERSION.dll
0x00007fff41750000 - 0x00007fff41780000 	C:\Windows\System32\IMM32.DLL
0x00007fff37e80000 - 0x00007fff37e8c000 	C:\Program Files\Java\jdk-18.0.1.1\bin\vcruntime140_1.dll
0x00007fff23f30000 - 0x00007fff23fbd000 	C:\Program Files\Java\jdk-18.0.1.1\bin\msvcp140.dll
0x00007ffee8db0000 - 0x00007ffee99c0000 	C:\Program Files\Java\jdk-18.0.1.1\bin\server\jvm.dll
0x00007fff427a0000 - 0x00007fff427a8000 	C:\Windows\System32\PSAPI.DLL
0x00007fff254f0000 - 0x00007fff25517000 	C:\Windows\SYSTEM32\WINMM.dll
0x00007fff13c30000 - 0x00007fff13c39000 	C:\Windows\SYSTEM32\WSOCK32.dll
0x00007fff42810000 - 0x00007fff4287b000 	C:\Windows\System32\WS2_32.dll
0x00007fff3e9f0000 - 0x00007fff3ea02000 	C:\Windows\SYSTEM32\kernel.appcore.dll
0x00007fff33560000 - 0x00007fff3356a000 	C:\Program Files\Java\jdk-18.0.1.1\bin\jimage.dll
0x00007fff3e550000 - 0x00007fff3e734000 	C:\Windows\SYSTEM32\DBGHELP.DLL
0x00007fff2ed80000 - 0x00007fff2edac000 	C:\Windows\SYSTEM32\dbgcore.DLL
0x00007fff40650000 - 0x00007fff406d2000 	C:\Windows\System32\bcryptPrimitives.dll
0x00007fff331f0000 - 0x00007fff33215000 	C:\Program Files\Java\jdk-18.0.1.1\bin\java.dll
0x00007fff23e50000 - 0x00007fff23f26000 	C:\Program Files\Java\jdk-18.0.1.1\bin\jsvml.dll
0x00007fff40ca0000 - 0x00007fff413e4000 	C:\Windows\System32\SHELL32.dll
0x00007fff3dcf0000 - 0x00007fff3e484000 	C:\Windows\SYSTEM32\windows.storage.dll
0x00007fff42310000 - 0x00007fff42664000 	C:\Windows\System32\combase.dll
0x00007fff3fc10000 - 0x00007fff3fc3c000 	C:\Windows\SYSTEM32\Wldp.dll
0x00007fff42200000 - 0x00007fff422ad000 	C:\Windows\System32\SHCORE.dll
0x00007fff422b0000 - 0x00007fff42305000 	C:\Windows\System32\shlwapi.dll
0x00007fff400f0000 - 0x00007fff4010f000 	C:\Windows\SYSTEM32\profapi.dll
0x00007fff33540000 - 0x00007fff33553000 	C:\Program Files\Java\jdk-18.0.1.1\bin\net.dll
0x00007fff36860000 - 0x00007fff3696a000 	C:\Windows\SYSTEM32\WINHTTP.dll
0x00007fff3f950000 - 0x00007fff3f9ba000 	C:\Windows\system32\mswsock.dll
0x00007fff331d0000 - 0x00007fff331e6000 	C:\Program Files\Java\jdk-18.0.1.1\bin\nio.dll
0x00007fff331b0000 - 0x00007fff331c8000 	C:\Program Files\Java\jdk-18.0.1.1\bin\zip.dll
0x00007fff331a0000 - 0x00007fff331b0000 	C:\Program Files\Java\jdk-18.0.1.1\bin\verify.dll
0x00007fff23b40000 - 0x00007fff23b67000 	C:\Program Files\Android\gradle-7.3.3\native\e1d6ef7f7dcc3fd88c89a11ec53ec762bb8ba0a96d01ffa2cd45eb1d1d8dd5c5\windows-amd64\native-platform.dll
0x00007fff0c500000 - 0x00007fff0c644000 	C:\Program Files\Android\gradle-7.3.3\native\5664cfc778a61ccfe75a443a1ab52a65af34e5dc3c78e0209fed803814484fcb\windows-amd64\native-platform-file-events.dll
0x00007fff2f750000 - 0x00007fff2f759000 	C:\Program Files\Java\jdk-18.0.1.1\bin\management.dll
0x00007fff2f740000 - 0x00007fff2f74b000 	C:\Program Files\Java\jdk-18.0.1.1\bin\management_ext.dll
0x00007fff3fb60000 - 0x00007fff3fb78000 	C:\Windows\SYSTEM32\CRYPTSP.dll
0x00007fff3f240000 - 0x00007fff3f274000 	C:\Windows\system32\rsaenh.dll
0x00007fff40350000 - 0x00007fff40377000 	C:\Windows\System32\bcrypt.dll
0x00007fff40070000 - 0x00007fff4009e000 	C:\Windows\SYSTEM32\USERENV.dll
0x00007fff3fb80000 - 0x00007fff3fb8c000 	C:\Windows\SYSTEM32\CRYPTBASE.dll
0x00007fff3f5e0000 - 0x00007fff3f61b000 	C:\Windows\SYSTEM32\IPHLPAPI.DLL
0x00007fff41970000 - 0x00007fff41978000 	C:\Windows\System32\NSI.dll
0x00007fff317a0000 - 0x00007fff317b7000 	C:\Windows\SYSTEM32\dhcpcsvc6.DLL
0x00007fff338a0000 - 0x00007fff338bd000 	C:\Windows\SYSTEM32\dhcpcsvc.DLL
0x00007fff3f640000 - 0x00007fff3f70b000 	C:\Windows\SYSTEM32\DNSAPI.dll

dbghelp: loaded successfully - version: 4.0.5 - missing functions: none
symbol engine: initialized successfully - sym options: 0x614 - pdb path: .;C:\Program Files\Java\jdk-18.0.1.1\bin;C:\Windows\SYSTEM32;C:\Windows\WinSxS\amd64_microsoft.windows.common-controls_6595b64144ccf1df_6.0.19041.1110_none_60b5254171f9507e;C:\Program Files\Java\jdk-18.0.1.1\bin\server;C:\Program Files\Android\gradle-7.3.3\native\e1d6ef7f7dcc3fd88c89a11ec53ec762bb8ba0a96d01ffa2cd45eb1d1d8dd5c5\windows-amd64;C:\Program Files\Android\gradle-7.3.3\native\5664cfc778a61ccfe75a443a1ab52a65af34e5dc3c78e0209fed803814484fcb\windows-amd64

VM Arguments:
jvm_args: --add-opens=java.base/java.util=ALL-UNNAMED --add-opens=java.base/java.lang=ALL-UNNAMED --add-opens=java.base/java.lang.invoke=ALL-UNNAMED --add-opens=java.base/java.util=ALL-UNNAMED --add-opens=java.prefs/java.util.prefs=ALL-UNNAMED --add-opens=java.prefs/java.util.prefs=ALL-UNNAMED --add-opens=java.base/java.nio.charset=ALL-UNNAMED --add-opens=java.base/java.net=ALL-UNNAMED --add-opens=java.base/java.util.concurrent.atomic=ALL-UNNAMED -Xmx2048m -Dfile.encoding=UTF-8 -Duser.country=IN -Duser.language=en -Duser.variant 
java_command: org.gradle.launcher.daemon.bootstrap.GradleDaemon 7.3.3
java_class_path (initial): C:\Program Files\Android\gradle-7.3.3\lib\gradle-launcher-7.3.3.jar
Launcher Type: SUN_STANDARD

[Global flags]
     intx CICompilerCount                          = 4                                         {product} {ergonomic}
     uint ConcGCThreads                            = 2                                         {product} {ergonomic}
     uint G1ConcRefinementThreads                  = 8                                         {product} {ergonomic}
   size_t G1HeapRegionSize                         = 1048576                                   {product} {ergonomic}
    uintx GCDrainStackTargetSize                   = 64                                        {product} {ergonomic}
   size_t InitialHeapSize                          = 132120576                                 {product} {ergonomic}
   size_t MarkStackSize                            = 4194304                                   {product} {ergonomic}
   size_t MaxHeapSize                              = 2147483648                                {product} {command line}
   size_t MaxNewSize                               = 1287651328                                {product} {ergonomic}
   size_t MinHeapDeltaBytes                        = 1048576                                   {product} {ergonomic}
   size_t MinHeapSize                              = 8388608                                   {product} {ergonomic}
    uintx NonNMethodCodeHeapSize                   = 5839372                                {pd product} {ergonomic}
    uintx NonProfiledCodeHeapSize                  = 122909434                              {pd product} {ergonomic}
    uintx ProfiledCodeHeapSize                     = 122909434                              {pd product} {ergonomic}
    uintx ReservedCodeCacheSize                    = 251658240                              {pd product} {ergonomic}
     bool SegmentedCodeCache                       = true                                      {product} {ergonomic}
   size_t SoftMaxHeapSize                          = 2147483648                             {manageable} {ergonomic}
     bool UseCompressedClassPointers               = true                           {product lp64_product} {ergonomic}
     bool UseCompressedOops                        = true                           {product lp64_product} {ergonomic}
     bool UseG1GC                                  = true                                      {product} {ergonomic}
     bool UseLargePagesIndividualAllocation        = false                                  {pd product} {ergonomic}

Logging:
Log output configuration:
 #0: stdout all=warning uptime,level,tags foldmultilines=false
 #1: stderr all=off uptime,level,tags foldmultilines=false

Environment Variables:
JAVA_HOME=C:\Program Files\Java\jdk-18.0.1.1
PATH=C:\Program Files\Common Files\Oracle\Java\javapath;C:\Windows\system32;C:\Windows;C:\Windows\System32\Wbem;C:\Windows\System32\WindowsPowerShell\v1.0\;C:\Windows\System32\OpenSSH\;C:\Program Files\Git\cmd;C:\Users\suraj\AppData\Local\Microsoft\WindowsApps
USERNAME=suraj
OS=Windows_NT
PROCESSOR_IDENTIFIER=Intel64 Family 6 Model 140 Stepping 1, GenuineIntel



---------------  S Y S T E M  ---------------

OS:
 Windows 10 , 64 bit Build 19041 (10.0.19041.1741)
OS uptime: 0 days 2:54 hours
Hyper-V role detected

CPU: total 8 (initial active 8) (4 cores per cpu, 2 threads per core) family 6 model 140 stepping 1 microcode 0x86, cx8, cmov, fxsr, ht, mmx, 3dnowpref, sse, sse2, sse3, ssse3, sse4.1, sse4.2, popcnt, lzcnt, tsc, tscinvbit, avx, avx2, aes, erms, clmul, bmi1, bmi2, adx, avx512f, avx512dq, avx512cd, avx512bw, avx512vl, sha, fma, vzeroupper, avx512_vpopcntdq, avx512_vpclmulqdq, avx512_vaes, avx512_vnni, clflush, clflushopt, clwb, avx512_vbmi2, avx512_vbmi, hv

Memory: 4k page, system-wide physical 7987M (491M free)
TotalPageFile size 7987M (AvailPageFile size 75M)
current process WorkingSet (physical memory assigned to process): 413M, peak: 413M
current process commit charge ("private bytes"): 456M, peak: 541M

vm_info: Java HotSpot(TM) 64-Bit Server VM (18.0.1.1+2-6) for windows-amd64 JRE (18.0.1.1+2-6), built on Apr 25 2022 21:53:15 by "mach5one" with MS VC++ 16.8 / 16.9 (VS2019)

END.
