#
# There is insufficient memory for the Java Runtime Environment to continue.
# Native memory allocation (mmap) failed to map 347078656 bytes for G1 virtual space
# Possible reasons:
#   The system is out of physical RAM or swap space
#   The process is running with CompressedOops enabled, and the Java Heap may be blocking the growth of the native heap
# Possible solutions:
#   Reduce memory load on the system
#   Increase physical memory or swap space
#   Check if swap backing store is full
#   Decrease Java heap size (-Xmx/-Xms)
#   Decrease number of Java threads
#   Decrease Java thread stack sizes (-Xss)
#   Set larger code cache with -XX:ReservedCodeCacheSize=
#   JVM is running with Unscaled Compressed Oops mode in which the Java heap is
#     placed in the first 4GB address space. The Java Heap base address is the
#     maximum limit for the native heap growth. Please use -XX:HeapBaseMinAddress
#     to set the Java Heap base and to place the Java Heap above 4GB virtual address.
# This output file may be truncated or incomplete.
#
#  Out of Memory Error (os_windows.cpp:3530), pid=13656, tid=15060
#
# JRE version: Java(TM) SE Runtime Environment (18.0.1.1+2) (build 18.0.1.1+2-6)
# Java VM: Java HotSpot(TM) 64-Bit Server VM (18.0.1.1+2-6, mixed mode, sharing, tiered, compressed oops, compressed class ptrs, g1 gc, windows-amd64)
# No core dump will be written. Minidumps are not enabled by default on client versions of Windows
#

---------------  S U M M A R Y ------------

Command Line: --add-opens=java.base/java.util=ALL-UNNAMED --add-opens=java.base/java.lang=ALL-UNNAMED --add-opens=java.base/java.lang.invoke=ALL-UNNAMED --add-opens=java.base/java.util=ALL-UNNAMED --add-opens=java.prefs/java.util.prefs=ALL-UNNAMED --add-opens=java.prefs/java.util.prefs=ALL-UNNAMED --add-opens=java.base/java.nio.charset=ALL-UNNAMED --add-opens=java.base/java.net=ALL-UNNAMED --add-opens=java.base/java.util.concurrent.atomic=ALL-UNNAMED -Xmx2048m -Dfile.encoding=UTF-8 -Duser.country=IN -Duser.language=en -Duser.variant org.gradle.launcher.daemon.bootstrap.GradleDaemon 7.3.3

Host: 11th Gen Intel(R) Core(TM) i5-1135G7 @ 2.40GHz, 8 cores, 7G,  Windows 10 , 64 bit Build 19041 (10.0.19041.1741)
Time: Thu Jun 30 19:52:55 2022 India Standard Time elapsed time: 10.360887 seconds (0d 0h 0m 10s)

---------------  T H R E A D  ---------------

Current thread (0x000001e09de2cb30):  VMThread "VM Thread" [stack: 0x0000003f78e00000,0x0000003f78f00000] [id=15060]

Stack: [0x0000003f78e00000,0x0000003f78f00000]
Native frames: (J=compiled Java code, j=interpreted, Vv=VM code, C=native code)
V  [jvm.dll+0x69887a]
V  [jvm.dll+0x7f38bd]
V  [jvm.dll+0x7f51ce]
V  [jvm.dll+0x7f5883]
V  [jvm.dll+0x25ca3f]
V  [jvm.dll+0x6957c9]
V  [jvm.dll+0x68a2fa]
V  [jvm.dll+0x321efb]
V  [jvm.dll+0x3298d6]
V  [jvm.dll+0x37e47e]
V  [jvm.dll+0x37e6af]
V  [jvm.dll+0x2f9c7a]
V  [jvm.dll+0x2f9d27]
V  [jvm.dll+0x33e262]
V  [jvm.dll+0x33c804]
V  [jvm.dll+0x2f9450]
V  [jvm.dll+0x33bddb]
V  [jvm.dll+0x7fa66b]
V  [jvm.dll+0x7fb404]
V  [jvm.dll+0x7fb93c]
V  [jvm.dll+0x7fbd94]
V  [jvm.dll+0x7fbe57]
V  [jvm.dll+0x7a03ea]
V  [jvm.dll+0x697725]
C  [ucrtbase.dll+0x21bb2]
C  [KERNEL32.DLL+0x17034]
C  [ntdll.dll+0x52651]

VM_Operation (0x0000003f023fd340): G1CollectForAllocation, mode: safepoint, requested by thread 0x000001e0a5084210


---------------  P R O C E S S  ---------------

Threads class SMR info:
_java_thread_list=0x000001e0a2ecdce0, length=142, elements={
0x000001e0ffb21850, 0x000001e09de301e0, 0x000001e09de30a90, 0x000001e09de4ca20,
0x000001e09de4d2d0, 0x000001e09de4db80, 0x000001e09de4f440, 0x000001e09de5f960,
0x000001e09de60250, 0x000001e09de62c90, 0x000001e0a20a1c70, 0x000001e0a20a17a0,
0x000001e0a20a42f0, 0x000001e0a20a3480, 0x000001e0a20a2fb0, 0x000001e0a20a3950,
0x000001e0a20a0e00, 0x000001e0a20a2140, 0x000001e0a20a12d0, 0x000001e0a20a0930,
0x000001e0a20a2610, 0x000001e0a20a2ae0, 0x000001e0a3f051d0, 0x000001e0a3f069e0,
0x000001e0a3f03e90, 0x000001e0a3f0a870, 0x000001e0a3f07d20, 0x000001e0a3f09060,
0x000001e0a3f04830, 0x000001e0a3f081f0, 0x000001e0a3f09530, 0x000001e0a3f09a00,
0x000001e0a3f05b70, 0x000001e0a3f07850, 0x000001e0a3f06040, 0x000001e0a3f06510,
0x000001e0a3f086c0, 0x000001e0a3f0b6e0, 0x000001e0a3f0a3a0, 0x000001e0a3f0ad40,
0x000001e0a3f056a0, 0x000001e0a3f08b90, 0x000001e0a3f04360, 0x000001e0a3f04d00,
0x000001e0a808c720, 0x000001e0a808a0a0, 0x000001e0a8089bd0, 0x000001e0a8087080,
0x000001e0a8086210, 0x000001e0a8087550, 0x000001e0a8088890, 0x000001e0a80866e0,
0x000001e0a8087a20, 0x000001e0a8088d60, 0x000001e0a8086bb0, 0x000001e0a808d0c0,
0x000001e0a808c250, 0x000001e0a808cbf0, 0x000001e0a808af10, 0x000001e0a808b8b0,
0x000001e0a808d590, 0x000001e0a8087ef0, 0x000001e0a80883c0, 0x000001e0a808da60,
0x000001e0a8089230, 0x000001e0a8089700, 0x000001e0a808aa40, 0x000001e0a808a570,
0x000001e0a808b3e0, 0x000001e0a808bd80, 0x000001e0a6c5b460, 0x000001e0a6c5a5f0,
0x000001e0a6c58910, 0x000001e0a6c5af90, 0x000001e0a6c5aac0, 0x000001e0a6c575d0,
0x000001e0a6c5c7a0, 0x000001e0a6c5be00, 0x000001e0a6c5b930, 0x000001e0a6c57aa0,
0x000001e0a6c5cc70, 0x000001e0a6c592b0, 0x000001e0a6c5c2d0, 0x000001e0a6c56760,
0x000001e0a6c58de0, 0x000001e0a6c58440, 0x000001e0a6c57f70, 0x000001e0a6c5a120,
0x000001e0a6c59780, 0x000001e0a6c5d140, 0x000001e0a6c59c50, 0x000001e0a6c5d610,
0x000001e0a6c55dc0, 0x000001e0a6c56290, 0x000001e0a6c56c30, 0x000001e0a6c57100,
0x000001e0a7fe4710, 0x000001e0a7fe03b0, 0x000001e0a7fdfa10, 0x000001e0a7fe5580,
0x000001e0a7fe3d70, 0x000001e0a7fe2560, 0x000001e0a7fe0880, 0x000001e0a7fe4be0,
0x000001e0a7fdf540, 0x000001e0a7fe5f20, 0x000001e0a7fe68c0, 0x000001e0a7fe5a50,
0x000001e0a7fe63f0, 0x000001e0a7fe1bc0, 0x000001e0a7fe2a30, 0x000001e0a7fe2f00,
0x000001e0a7fdf070, 0x000001e0a7fdfee0, 0x000001e0a7fe50b0, 0x000001e0a7fe38a0,
0x000001e0a7fe0d50, 0x000001e0a7fe1220, 0x000001e0a7fe16f0, 0x000001e0a7fe2090,
0x000001e0a7fe33d0, 0x000001e0a7fe4240, 0x000001e0a6d59920, 0x000001e0a3b89ca0,
0x000001e0a6d5c940, 0x000001e0a3033950, 0x000001e0a6d5ac60, 0x000001e0a6d5dc80,
0x000001e0a6d5bad0, 0x000001e0a6d5b130, 0x000001e0a6d5b600, 0x000001e0a6d5d2e0,
0x000001e0a6d5d7b0, 0x000001e0a6d5eaf0, 0x000001e0a6d5e150, 0x000001e0a6d585e0,
0x000001e0a20a3e20, 0x000001e0a5087bd0, 0x000001e0a5084210, 0x000001e0a5086890,
0x000001e0a5088570, 0x000001e0a50846e0
}

Java Threads: ( => current thread )
  0x000001e0ffb21850 JavaThread "main" [_thread_blocked, id=9120, stack(0x0000003f78800000,0x0000003f78900000)]
  0x000001e09de301e0 JavaThread "Reference Handler" daemon [_thread_blocked, id=12200, stack(0x0000003f78f00000,0x0000003f79000000)]
  0x000001e09de30a90 JavaThread "Finalizer" daemon [_thread_blocked, id=15108, stack(0x0000003f79000000,0x0000003f79100000)]
  0x000001e09de4ca20 JavaThread "Signal Dispatcher" daemon [_thread_blocked, id=2260, stack(0x0000003f79100000,0x0000003f79200000)]
  0x000001e09de4d2d0 JavaThread "Attach Listener" daemon [_thread_blocked, id=15544, stack(0x0000003f79200000,0x0000003f79300000)]
  0x000001e09de4db80 JavaThread "Service Thread" daemon [_thread_blocked, id=1812, stack(0x0000003f79300000,0x0000003f79400000)]
  0x000001e09de4f440 JavaThread "Monitor Deflation Thread" daemon [_thread_blocked, id=8992, stack(0x0000003f79400000,0x0000003f79500000)]
  0x000001e09de5f960 JavaThread "C2 CompilerThread0" daemon [_thread_blocked, id=9588, stack(0x0000003f79500000,0x0000003f79600000)]
  0x000001e09de60250 JavaThread "C1 CompilerThread0" daemon [_thread_blocked, id=7268, stack(0x0000003f79600000,0x0000003f79700000)]
  0x000001e09de62c90 JavaThread "Sweeper thread" daemon [_thread_blocked, id=1112, stack(0x0000003f79700000,0x0000003f79800000)]
  0x000001e0a20a1c70 JavaThread "Common-Cleaner" daemon [_thread_blocked, id=6080, stack(0x0000003f79800000,0x0000003f79900000)]
  0x000001e0a20a17a0 JavaThread "Notification Thread" daemon [_thread_blocked, id=9108, stack(0x0000003f79900000,0x0000003f79a00000)]
  0x000001e0a20a42f0 JavaThread "Daemon health stats" [_thread_blocked, id=13036, stack(0x0000003f7a300000,0x0000003f7a400000)]
  0x000001e0a20a3480 JavaThread "Incoming local TCP Connector on port 53875" [_thread_in_native, id=3840, stack(0x0000003f7a400000,0x0000003f7a500000)]
  0x000001e0a20a2fb0 JavaThread "Daemon periodic checks" [_thread_blocked, id=9268, stack(0x0000003f7a500000,0x0000003f7a600000)]
  0x000001e0a20a3950 JavaThread "Daemon" [_thread_blocked, id=14992, stack(0x0000003f7a600000,0x0000003f7a700000)]
  0x000001e0a20a0e00 JavaThread "Handler for socket connection from /127.0.0.1:53875 to /127.0.0.1:53876" [_thread_in_native, id=14312, stack(0x0000003f7a700000,0x0000003f7a800000)]
  0x000001e0a20a2140 JavaThread "Cancel handler" [_thread_blocked, id=13772, stack(0x0000003f7a800000,0x0000003f7a900000)]
  0x000001e0a20a12d0 JavaThread "Daemon worker" [_thread_blocked, id=5388, stack(0x0000003f7a900000,0x0000003f7aa00000)]
  0x000001e0a20a0930 JavaThread "Asynchronous log dispatcher for DefaultDaemonConnection: socket connection from /127.0.0.1:53875 to /127.0.0.1:53876" [_thread_blocked, id=13928, stack(0x0000003f7aa00000,0x0000003f7ab00000)]
  0x000001e0a20a2610 JavaThread "Stdin handler" [_thread_blocked, id=9664, stack(0x0000003f7ab00000,0x0000003f7ac00000)]
  0x000001e0a20a2ae0 JavaThread "Daemon client event forwarder" [_thread_blocked, id=11348, stack(0x0000003f7ac00000,0x0000003f7ad00000)]
  0x000001e0a3f051d0 JavaThread "Cache worker for journal cache (C:\Program Files\Android\gradle-7.3.3\caches\journal-1)" [_thread_blocked, id=13368, stack(0x0000003f7ad00000,0x0000003f7ae00000)]
  0x000001e0a3f069e0 JavaThread "File lock request listener" [_thread_in_native, id=12608, stack(0x0000003f7ae00000,0x0000003f7af00000)]
  0x000001e0a3f03e90 JavaThread "Cache worker for file hash cache (C:\Program Files\Android\gradle-7.3.3\caches\7.3.3\fileHashes)" [_thread_blocked, id=7336, stack(0x0000003f7af00000,0x0000003f7b000000)]
  0x000001e0a3f0a870 JavaThread "Cache worker for file hash cache (D:\EmailLogin\.gradle\7.3.3\fileHashes)" [_thread_blocked, id=3752, stack(0x0000003f7b000000,0x0000003f7b100000)]
  0x000001e0a3f07d20 JavaThread "File watcher server" daemon [_thread_blocked, id=16008, stack(0x0000003f7b100000,0x0000003f7b200000)]
  0x000001e0a3f09060 JavaThread "File watcher consumer" daemon [_thread_blocked, id=15636, stack(0x0000003f7b200000,0x0000003f7b300000)]
  0x000001e0a3f04830 JavaThread "Cache worker for checksums cache (D:\EmailLogin\.gradle\7.3.3\checksums)" [_thread_blocked, id=4236, stack(0x0000003f7b400000,0x0000003f7b500000)]
  0x000001e0a3f081f0 JavaThread "Cache worker for cache directory md-supplier (C:\Program Files\Android\gradle-7.3.3\caches\7.3.3\md-supplier)" [_thread_blocked, id=1532, stack(0x0000003f7b500000,0x0000003f7b600000)]
  0x000001e0a3f09530 JavaThread "Cache worker for cache directory md-rule (C:\Program Files\Android\gradle-7.3.3\caches\7.3.3\md-rule)" [_thread_blocked, id=9584, stack(0x0000003f7b700000,0x0000003f7b800000)]
  0x000001e0a3f09a00 JavaThread "Cache worker for execution history cache (C:\Program Files\Android\gradle-7.3.3\caches\7.3.3\executionHistory)" [_thread_blocked, id=14512, stack(0x0000003f7b800000,0x0000003f7b900000)]
  0x000001e0a3f05b70 JavaThread "jar transforms" [_thread_blocked, id=11764, stack(0x0000003f7b900000,0x0000003f7ba00000)]
  0x000001e0a3f07850 JavaThread "Cache worker for file content cache (C:\Program Files\Android\gradle-7.3.3\caches\7.3.3\fileContent)" [_thread_blocked, id=15184, stack(0x0000003f7ba00000,0x0000003f7bb00000)]
  0x000001e0a3f06040 JavaThread "jar transforms Thread 2" [_thread_blocked, id=8440, stack(0x0000003f7bb00000,0x0000003f7bc00000)]
  0x000001e0a3f06510 JavaThread "Cache worker for dependencies-accessors (D:\EmailLogin\.gradle\7.3.3\dependencies-accessors)" [_thread_blocked, id=9480, stack(0x0000003f7bc00000,0x0000003f7bd00000)]
  0x000001e0a3f086c0 JavaThread "jar transforms Thread 3" [_thread_blocked, id=15592, stack(0x0000003f7bd00000,0x0000003f7be00000)]
  0x000001e0a3f0b6e0 JavaThread "Cache worker for Build Output Cleanup Cache (D:\EmailLogin\.gradle\buildOutputCleanup)" [_thread_blocked, id=2276, stack(0x0000003f7be00000,0x0000003f7bf00000)]
  0x000001e0a3f0a3a0 JavaThread "Unconstrained build operations" [_thread_blocked, id=13128, stack(0x0000003f7bf00000,0x0000003f7c000000)]
  0x000001e0a3f0ad40 JavaThread "Unconstrained build operations Thread 2" [_thread_blocked, id=14384, stack(0x0000003f7c000000,0x0000003f7c100000)]
  0x000001e0a3f056a0 JavaThread "Unconstrained build operations Thread 3" [_thread_blocked, id=7624, stack(0x0000003f7c100000,0x0000003f7c200000)]
  0x000001e0a3f08b90 JavaThread "Unconstrained build operations Thread 4" [_thread_blocked, id=8244, stack(0x0000003f7c200000,0x0000003f7c300000)]
  0x000001e0a3f04360 JavaThread "Unconstrained build operations Thread 5" [_thread_blocked, id=9512, stack(0x0000003f7c300000,0x0000003f7c400000)]
  0x000001e0a3f04d00 JavaThread "Unconstrained build operations Thread 6" [_thread_blocked, id=6712, stack(0x0000003f7c400000,0x0000003f7c500000)]
  0x000001e0a808c720 JavaThread "Unconstrained build operations Thread 7" [_thread_blocked, id=6588, stack(0x0000003f7c500000,0x0000003f7c600000)]
  0x000001e0a808a0a0 JavaThread "Unconstrained build operations Thread 8" [_thread_blocked, id=14016, stack(0x0000003f7c600000,0x0000003f7c700000)]
  0x000001e0a8089bd0 JavaThread "Unconstrained build operations Thread 9" [_thread_blocked, id=3200, stack(0x0000003f7c700000,0x0000003f7c800000)]
  0x000001e0a8087080 JavaThread "Unconstrained build operations Thread 10" [_thread_blocked, id=6180, stack(0x0000003f7c800000,0x0000003f7c900000)]
  0x000001e0a8086210 JavaThread "Unconstrained build operations Thread 11" [_thread_blocked, id=5512, stack(0x0000003f7c900000,0x0000003f7ca00000)]
  0x000001e0a8087550 JavaThread "Unconstrained build operations Thread 12" [_thread_blocked, id=6508, stack(0x0000003f7ca00000,0x0000003f7cb00000)]
  0x000001e0a8088890 JavaThread "Unconstrained build operations Thread 13" [_thread_blocked, id=11180, stack(0x0000003f7cb00000,0x0000003f7cc00000)]
  0x000001e0a80866e0 JavaThread "Unconstrained build operations Thread 14" [_thread_blocked, id=15740, stack(0x0000003f7cc00000,0x0000003f7cd00000)]
  0x000001e0a8087a20 JavaThread "Unconstrained build operations Thread 15" [_thread_blocked, id=5916, stack(0x0000003f7cd00000,0x0000003f7ce00000)]
  0x000001e0a8088d60 JavaThread "Unconstrained build operations Thread 16" [_thread_blocked, id=9276, stack(0x0000003f7ce00000,0x0000003f7cf00000)]
  0x000001e0a8086bb0 JavaThread "Unconstrained build operations Thread 17" [_thread_blocked, id=2604, stack(0x0000003f7cf00000,0x0000003f7d000000)]
  0x000001e0a808d0c0 JavaThread "Unconstrained build operations Thread 18" [_thread_blocked, id=10080, stack(0x0000003f7d000000,0x0000003f7d100000)]
  0x000001e0a808c250 JavaThread "Unconstrained build operations Thread 19" [_thread_blocked, id=1780, stack(0x0000003f7d100000,0x0000003f7d200000)]
  0x000001e0a808cbf0 JavaThread "Unconstrained build operations Thread 20" [_thread_blocked, id=3584, stack(0x0000003f7d200000,0x0000003f7d300000)]
  0x000001e0a808af10 JavaThread "Unconstrained build operations Thread 21" [_thread_blocked, id=5568, stack(0x0000003f7d300000,0x0000003f7d400000)]
  0x000001e0a808b8b0 JavaThread "Unconstrained build operations Thread 22" [_thread_blocked, id=2132, stack(0x0000003f7d400000,0x0000003f7d500000)]
  0x000001e0a808d590 JavaThread "Unconstrained build operations Thread 23" [_thread_blocked, id=15172, stack(0x0000003f7d500000,0x0000003f7d600000)]
  0x000001e0a8087ef0 JavaThread "Unconstrained build operations Thread 24" [_thread_blocked, id=15584, stack(0x0000003f7d600000,0x0000003f7d700000)]
  0x000001e0a80883c0 JavaThread "Unconstrained build operations Thread 25" [_thread_blocked, id=14556, stack(0x0000003f7d700000,0x0000003f7d800000)]
  0x000001e0a808da60 JavaThread "Unconstrained build operations Thread 26" [_thread_blocked, id=8928, stack(0x0000003f7d800000,0x0000003f7d900000)]
  0x000001e0a8089230 JavaThread "Unconstrained build operations Thread 27" [_thread_blocked, id=15416, stack(0x0000003f7d900000,0x0000003f7da00000)]
  0x000001e0a8089700 JavaThread "Unconstrained build operations Thread 28" [_thread_blocked, id=10440, stack(0x0000003f7da00000,0x0000003f7db00000)]
  0x000001e0a808aa40 JavaThread "Unconstrained build operations Thread 29" [_thread_blocked, id=4328, stack(0x0000003f7db00000,0x0000003f7dc00000)]
  0x000001e0a808a570 JavaThread "Unconstrained build operations Thread 30" [_thread_blocked, id=4732, stack(0x0000003f7dc00000,0x0000003f7dd00000)]
  0x000001e0a808b3e0 JavaThread "Unconstrained build operations Thread 31" [_thread_blocked, id=7228, stack(0x0000003f7dd00000,0x0000003f7de00000)]
  0x000001e0a808bd80 JavaThread "Unconstrained build operations Thread 32" [_thread_blocked, id=13028, stack(0x0000003f7de00000,0x0000003f7df00000)]
  0x000001e0a6c5b460 JavaThread "Unconstrained build operations Thread 33" [_thread_blocked, id=13700, stack(0x0000003f7df00000,0x0000003f7e000000)]
  0x000001e0a6c5a5f0 JavaThread "Unconstrained build operations Thread 34" [_thread_blocked, id=11392, stack(0x0000003f7e000000,0x0000003f7e100000)]
  0x000001e0a6c58910 JavaThread "Unconstrained build operations Thread 35" [_thread_blocked, id=7384, stack(0x0000003f7e100000,0x0000003f7e200000)]
  0x000001e0a6c5af90 JavaThread "Unconstrained build operations Thread 36" [_thread_blocked, id=15972, stack(0x0000003f7e200000,0x0000003f7e300000)]
  0x000001e0a6c5aac0 JavaThread "Unconstrained build operations Thread 37" [_thread_blocked, id=15688, stack(0x0000003f7e300000,0x0000003f7e400000)]
  0x000001e0a6c575d0 JavaThread "Unconstrained build operations Thread 38" [_thread_blocked, id=4252, stack(0x0000003f7e400000,0x0000003f7e500000)]
  0x000001e0a6c5c7a0 JavaThread "Unconstrained build operations Thread 39" [_thread_blocked, id=1016, stack(0x0000003f7e500000,0x0000003f7e600000)]
  0x000001e0a6c5be00 JavaThread "Unconstrained build operations Thread 40" [_thread_blocked, id=15356, stack(0x0000003f7e600000,0x0000003f7e700000)]
  0x000001e0a6c5b930 JavaThread "Unconstrained build operations Thread 41" [_thread_blocked, id=15432, stack(0x0000003f7e700000,0x0000003f7e800000)]
  0x000001e0a6c57aa0 JavaThread "Unconstrained build operations Thread 42" [_thread_blocked, id=11164, stack(0x0000003f7e800000,0x0000003f7e900000)]
  0x000001e0a6c5cc70 JavaThread "Unconstrained build operations Thread 43" [_thread_blocked, id=12672, stack(0x0000003f7e900000,0x0000003f7ea00000)]
  0x000001e0a6c592b0 JavaThread "Unconstrained build operations Thread 44" [_thread_blocked, id=512, stack(0x0000003f7ea00000,0x0000003f7eb00000)]
  0x000001e0a6c5c2d0 JavaThread "Unconstrained build operations Thread 45" [_thread_blocked, id=15904, stack(0x0000003f7eb00000,0x0000003f7ec00000)]
  0x000001e0a6c56760 JavaThread "Unconstrained build operations Thread 46" [_thread_blocked, id=4244, stack(0x0000003f7ec00000,0x0000003f7ed00000)]
  0x000001e0a6c58de0 JavaThread "Unconstrained build operations Thread 47" [_thread_blocked, id=8984, stack(0x0000003f7ed00000,0x0000003f7ee00000)]
  0x000001e0a6c58440 JavaThread "Unconstrained build operations Thread 48" [_thread_blocked, id=7340, stack(0x0000003f7ee00000,0x0000003f7ef00000)]
  0x000001e0a6c57f70 JavaThread "Unconstrained build operations Thread 49" [_thread_blocked, id=3828, stack(0x0000003f7ef00000,0x0000003f7f000000)]
  0x000001e0a6c5a120 JavaThread "Unconstrained build operations Thread 50" [_thread_blocked, id=14604, stack(0x0000003f7f000000,0x0000003f7f100000)]
  0x000001e0a6c59780 JavaThread "Unconstrained build operations Thread 51" [_thread_blocked, id=15572, stack(0x0000003f7f100000,0x0000003f7f200000)]
  0x000001e0a6c5d140 JavaThread "Unconstrained build operations Thread 52" [_thread_blocked, id=11296, stack(0x0000003f7f200000,0x0000003f7f300000)]
  0x000001e0a6c59c50 JavaThread "Unconstrained build operations Thread 53" [_thread_blocked, id=7044, stack(0x0000003f7f300000,0x0000003f7f400000)]
  0x000001e0a6c5d610 JavaThread "Unconstrained build operations Thread 54" [_thread_blocked, id=1732, stack(0x0000003f7f400000,0x0000003f7f500000)]
  0x000001e0a6c55dc0 JavaThread "Unconstrained build operations Thread 55" [_thread_blocked, id=15604, stack(0x0000003f7f500000,0x0000003f7f600000)]
  0x000001e0a6c56290 JavaThread "Unconstrained build operations Thread 56" [_thread_blocked, id=3700, stack(0x0000003f7f600000,0x0000003f7f700000)]
  0x000001e0a6c56c30 JavaThread "Unconstrained build operations Thread 57" [_thread_blocked, id=9796, stack(0x0000003f7f700000,0x0000003f7f800000)]
  0x000001e0a6c57100 JavaThread "Unconstrained build operations Thread 58" [_thread_blocked, id=9004, stack(0x0000003f7f800000,0x0000003f7f900000)]
  0x000001e0a7fe4710 JavaThread "Unconstrained build operations Thread 59" [_thread_blocked, id=4232, stack(0x0000003f7f900000,0x0000003f7fa00000)]
  0x000001e0a7fe03b0 JavaThread "Unconstrained build operations Thread 60" [_thread_blocked, id=10348, stack(0x0000003f7fa00000,0x0000003f7fb00000)]
  0x000001e0a7fdfa10 JavaThread "Unconstrained build operations Thread 61" [_thread_blocked, id=14028, stack(0x0000003f7fb00000,0x0000003f7fc00000)]
  0x000001e0a7fe5580 JavaThread "Unconstrained build operations Thread 62" [_thread_blocked, id=13380, stack(0x0000003f7fc00000,0x0000003f7fd00000)]
  0x000001e0a7fe3d70 JavaThread "Unconstrained build operations Thread 63" [_thread_blocked, id=14196, stack(0x0000003f7fd00000,0x0000003f7fe00000)]
  0x000001e0a7fe2560 JavaThread "Unconstrained build operations Thread 64" [_thread_blocked, id=2780, stack(0x0000003f7fe00000,0x0000003f7ff00000)]
  0x000001e0a7fe0880 JavaThread "Unconstrained build operations Thread 65" [_thread_blocked, id=7304, stack(0x0000003f7ff00000,0x0000003f80000000)]
  0x000001e0a7fe4be0 JavaThread "Unconstrained build operations Thread 66" [_thread_blocked, id=14500, stack(0x0000003f00000000,0x0000003f00100000)]
  0x000001e0a7fdf540 JavaThread "Unconstrained build operations Thread 67" [_thread_blocked, id=9196, stack(0x0000003f00100000,0x0000003f00200000)]
  0x000001e0a7fe5f20 JavaThread "Unconstrained build operations Thread 68" [_thread_blocked, id=8516, stack(0x0000003f00200000,0x0000003f00300000)]
  0x000001e0a7fe68c0 JavaThread "Unconstrained build operations Thread 69" [_thread_blocked, id=10204, stack(0x0000003f00300000,0x0000003f00400000)]
  0x000001e0a7fe5a50 JavaThread "Unconstrained build operations Thread 70" [_thread_blocked, id=5056, stack(0x0000003f00400000,0x0000003f00500000)]
  0x000001e0a7fe63f0 JavaThread "Unconstrained build operations Thread 71" [_thread_blocked, id=4484, stack(0x0000003f00500000,0x0000003f00600000)]
  0x000001e0a7fe1bc0 JavaThread "Unconstrained build operations Thread 72" [_thread_blocked, id=12692, stack(0x0000003f00600000,0x0000003f00700000)]
  0x000001e0a7fe2a30 JavaThread "Unconstrained build operations Thread 73" [_thread_blocked, id=624, stack(0x0000003f00700000,0x0000003f00800000)]
  0x000001e0a7fe2f00 JavaThread "Unconstrained build operations Thread 74" [_thread_blocked, id=13512, stack(0x0000003f00800000,0x0000003f00900000)]
  0x000001e0a7fdf070 JavaThread "Unconstrained build operations Thread 75" [_thread_blocked, id=12556, stack(0x0000003f00900000,0x0000003f00a00000)]
  0x000001e0a7fdfee0 JavaThread "Unconstrained build operations Thread 76" [_thread_blocked, id=2760, stack(0x0000003f00a00000,0x0000003f00b00000)]
  0x000001e0a7fe50b0 JavaThread "Unconstrained build operations Thread 77" [_thread_blocked, id=9364, stack(0x0000003f00b00000,0x0000003f00c00000)]
  0x000001e0a7fe38a0 JavaThread "Unconstrained build operations Thread 78" [_thread_blocked, id=7312, stack(0x0000003f00c00000,0x0000003f00d00000)]
  0x000001e0a7fe0d50 JavaThread "Unconstrained build operations Thread 79" [_thread_blocked, id=2992, stack(0x0000003f00d00000,0x0000003f00e00000)]
  0x000001e0a7fe1220 JavaThread "Unconstrained build operations Thread 80" [_thread_blocked, id=10712, stack(0x0000003f00e00000,0x0000003f00f00000)]
  0x000001e0a7fe16f0 JavaThread "jar transforms Thread 4" [_thread_blocked, id=9884, stack(0x0000003f00f00000,0x0000003f01000000)]
  0x000001e0a7fe2090 JavaThread "jar transforms Thread 5" [_thread_blocked, id=5428, stack(0x0000003f01000000,0x0000003f01100000)]
  0x000001e0a7fe33d0 JavaThread "jar transforms Thread 6" [_thread_blocked, id=16292, stack(0x0000003f01100000,0x0000003f01200000)]
  0x000001e0a7fe4240 JavaThread "jar transforms Thread 7" [_thread_blocked, id=10120, stack(0x0000003f01200000,0x0000003f01300000)]
  0x000001e0a6d59920 JavaThread "jar transforms Thread 8" [_thread_blocked, id=12512, stack(0x0000003f01300000,0x0000003f01400000)]
  0x000001e0a3b89ca0 JavaThread "C2 CompilerThread1" daemon [_thread_blocked, id=10068, stack(0x0000003f01400000,0x0000003f01500000)]
  0x000001e0a6d5c940 JavaThread "Memory manager" [_thread_blocked, id=7876, stack(0x0000003f01500000,0x0000003f01600000)]
  0x000001e0a3033950 JavaThread "C2 CompilerThread2" daemon [_thread_blocked, id=3660, stack(0x0000003f01600000,0x0000003f01700000)]
  0x000001e0a6d5ac60 JavaThread "build event listener" [_thread_blocked, id=14152, stack(0x0000003f01700000,0x0000003f01800000)]
  0x000001e0a6d5dc80 JavaThread "pool-3-thread-1" [_thread_blocked, id=13764, stack(0x0000003f01800000,0x0000003f01900000)]
  0x000001e0a6d5bad0 JavaThread "build event listener" [_thread_blocked, id=9092, stack(0x0000003f01900000,0x0000003f01a00000)]
  0x000001e0a6d5b130 JavaThread "Execution worker for ':'" [_thread_blocked, id=14684, stack(0x0000003f01a00000,0x0000003f01b00000)]
  0x000001e0a6d5b600 JavaThread "Execution worker for ':' Thread 2" [_thread_blocked, id=16268, stack(0x0000003f01b00000,0x0000003f01c00000)]
  0x000001e0a6d5d2e0 JavaThread "Execution worker for ':' Thread 3" [_thread_blocked, id=13356, stack(0x0000003f01c00000,0x0000003f01d00000)]
  0x000001e0a6d5d7b0 JavaThread "Execution worker for ':' Thread 4" [_thread_blocked, id=13768, stack(0x0000003f01d00000,0x0000003f01e00000)]
  0x000001e0a6d5eaf0 JavaThread "Execution worker for ':' Thread 5" [_thread_blocked, id=15936, stack(0x0000003f01e00000,0x0000003f01f00000)]
  0x000001e0a6d5e150 JavaThread "Execution worker for ':' Thread 6" [_thread_blocked, id=8472, stack(0x0000003f01f00000,0x0000003f02000000)]
  0x000001e0a6d585e0 JavaThread "Execution worker for ':' Thread 7" [_thread_blocked, id=5348, stack(0x0000003f02000000,0x0000003f02100000)]
  0x000001e0a20a3e20 JavaThread "Cache worker for execution history cache (D:\EmailLogin\.gradle\7.3.3\executionHistory)" [_thread_blocked, id=6504, stack(0x0000003f02100000,0x0000003f02200000)]
  0x000001e0a5087bd0 JavaThread "WorkerExecutor Queue" [_thread_blocked, id=16336, stack(0x0000003f02200000,0x0000003f02300000)]
  0x000001e0a5084210 JavaThread "WorkerExecutor Queue Thread 2" [_thread_blocked, id=10148, stack(0x0000003f02300000,0x0000003f02400000)]
  0x000001e0a5086890 JavaThread "WorkerExecutor Queue Thread 3" [_thread_blocked, id=10888, stack(0x0000003f02400000,0x0000003f02500000)]
  0x000001e0a5088570 JavaThread "WorkerExecutor Queue Thread 4" [_thread_blocked, id=5280, stack(0x0000003f02500000,0x0000003f02600000)]
  0x000001e0a50846e0 JavaThread "WorkerExecutor Queue Thread 5" [_thread_blocked, id=11716, stack(0x0000003f02600000,0x0000003f02700000)]

Other Threads:
=>0x000001e09de2cb30 VMThread "VM Thread" [stack: 0x0000003f78e00000,0x0000003f78f00000] [id=15060]
  0x000001e0a20acf30 WatcherThread "VM Periodic Task Thread" [stack: 0x0000003f79a00000,0x0000003f79b00000] [id=13924]
  0x000001e0ffb81d20 WorkerThread "GC Thread#0" [stack: 0x0000003f78900000,0x0000003f78a00000] [id=16012]
  0x000001e0a21b17d0 WorkerThread "GC Thread#1" [stack: 0x0000003f79d00000,0x0000003f79e00000] [id=12928]
  0x000001e0a2baaca0 WorkerThread "GC Thread#2" [stack: 0x0000003f79e00000,0x0000003f79f00000] [id=3228]
  0x000001e0a2d3ef70 WorkerThread "GC Thread#3" [stack: 0x0000003f79f00000,0x0000003f7a000000] [id=744]
  0x000001e0a2d72470 WorkerThread "GC Thread#4" [stack: 0x0000003f7a000000,0x0000003f7a100000] [id=10640]
  0x000001e0a3692e10 WorkerThread "GC Thread#5" [stack: 0x0000003f7a100000,0x0000003f7a200000] [id=13420]
  0x000001e0a2e32440 WorkerThread "GC Thread#6" [stack: 0x0000003f7a200000,0x0000003f7a300000] [id=11524]
  0x000001e0a3685460 WorkerThread "GC Thread#7" [stack: 0x0000003f7b300000,0x0000003f7b400000] [id=12248]
  0x000001e0ffb92b60 ConcurrentGCThread "G1 Main Marker" [stack: 0x0000003f78a00000,0x0000003f78b00000] [id=10548]
  0x000001e0ffb93c00 WorkerThread "G1 Conc#0" [stack: 0x0000003f78b00000,0x0000003f78c00000] [id=15456]
  0x000001e0a6aca370 WorkerThread "G1 Conc#1" [stack: 0x0000003f7b600000,0x0000003f7b700000] [id=11992]
  0x000001e0ffbe8040 ConcurrentGCThread "G1 Refine#0" [stack: 0x0000003f78c00000,0x0000003f78d00000] [id=1516]
  0x000001e0a7a150e0 ConcurrentGCThread "G1 Refine#1" [stack: 0x0000003f02700000,0x0000003f02800000] [id=12656]
  0x000001e0a7a15950 ConcurrentGCThread "G1 Refine#2" [stack: 0x0000003f02800000,0x0000003f02900000] [id=11608]
  0x000001e0a7a153b0 ConcurrentGCThread "G1 Refine#3" [stack: 0x0000003f02900000,0x0000003f02a00000] [id=13228]
  0x000001e0a7a142d0 ConcurrentGCThread "G1 Refine#4" [stack: 0x0000003f02a00000,0x0000003f02b00000] [id=8240]
  0x000001e0ffbe8860 ConcurrentGCThread "G1 Service" [stack: 0x0000003f78d00000,0x0000003f78e00000] [id=14032]

Threads with active compile tasks:
C2 CompilerThread0    10379 11850       4       java.util.function.Predicate$$Lambda$105/0x0000000800d5e038::test (15 bytes)
C1 CompilerThread0    10379 11867       2       com.android.tools.build.apkzlib.bytestorage.LruTracker::lambda$new$0 (10 bytes)
C2 CompilerThread1    10379 11786       4       com.android.tools.r8.graph.R0::d0 (37 bytes)
C2 CompilerThread2    10379 11581       4       com.android.tools.r8.internal.Xt::b (639 bytes)

VM state: at safepoint (normal execution)

VM Mutex/Monitor currently owned by a thread:  ([mutex/lock_event])
[0x000001e0ffb1dd10] Threads_lock - owner thread: 0x000001e09de2cb30
[0x000001e0ffb1c600] Heap_lock - owner thread: 0x000001e0a5084210

Heap address: 0x0000000080000000, size: 2048 MB, Compressed Oops mode: 32-bit

CDS archive(s) mapped at: [0x0000000800000000-0x0000000800ba0000-0x0000000800ba0000), size 12189696, SharedBaseAddress: 0x0000000800000000, ArchiveRelocationMode: 0.
Compressed class space mapped at: 0x0000000800c00000-0x0000000840c00000, reserved size: 1073741824
Narrow klass base: 0x0000000800000000, Narrow klass shift: 0, Narrow klass range: 0x100000000

GC Precious Log:
 CardTable entry size: 512
 Card Set container configuration: InlinePtr #cards 5 size 8 Array Of Cards #cards 12 size 40 Howl #buckets 4 coarsen threshold 1843 Howl Bitmap #cards 512 size 80 coarsen threshold 460 Card regions per heap region 1 cards per card region 2048
 CPUs: 8 total, 8 available
 Memory: 7987M
 Large Page Support: Disabled
 NUMA Support: Disabled
 Compressed Oops: Enabled (32-bit)
 Heap Region Size: 1M
 Heap Min Capacity: 8M
 Heap Initial Capacity: 126M
 Heap Max Capacity: 2G
 Pre-touch: Disabled
 Parallel Workers: 8
 Concurrent Workers: 2
 Concurrent Refinement Workers: 8
 Periodic GC: Disabled

Heap:
 garbage-first heap   total 209920K, used 126587K [0x0000000080000000, 0x0000000100000000)
  region size 1024K, 2 young (2048K), 2 survivors (2048K)
 Metaspace       used 84895K, committed 86720K, reserved 1179648K
  class space    used 11553K, committed 12480K, reserved 1048576K

Heap Regions: E=young(eden), S=young(survivor), O=old, HS=humongous(starts), HC=humongous(continues), CS=collection set, F=free, OA=open archive, CA=closed archive, TAMS=top-at-mark-start (previous, next)
|   0|0x0000000080000000, 0x0000000080100000, 0x0000000080100000|100%| O|  |TAMS 0x0000000080100000, 0x0000000080000000| Untracked 
|   1|0x0000000080100000, 0x0000000080200000, 0x0000000080200000|100%| O|  |TAMS 0x0000000080200000, 0x0000000080100000| Untracked 
|   2|0x0000000080200000, 0x0000000080300000, 0x0000000080300000|100%| O|  |TAMS 0x0000000080300000, 0x0000000080200000| Untracked 
|   3|0x0000000080300000, 0x0000000080400000, 0x0000000080400000|100%|HS|  |TAMS 0x0000000080400000, 0x0000000080300000| Complete 
|   4|0x0000000080400000, 0x0000000080500000, 0x0000000080500000|100%|HC|  |TAMS 0x0000000080500000, 0x0000000080400000| Complete 
|   5|0x0000000080500000, 0x0000000080600000, 0x0000000080600000|100%|HC|  |TAMS 0x0000000080600000, 0x0000000080500000| Complete 
|   6|0x0000000080600000, 0x0000000080700000, 0x0000000080700000|100%| O|  |TAMS 0x0000000080700000, 0x0000000080600000| Untracked 
|   7|0x0000000080700000, 0x0000000080800000, 0x0000000080800000|100%| O|  |TAMS 0x0000000080800000, 0x0000000080700000| Untracked 
|   8|0x0000000080800000, 0x0000000080900000, 0x0000000080900000|100%| O|  |TAMS 0x0000000080900000, 0x0000000080800000| Untracked 
|   9|0x0000000080900000, 0x0000000080a00000, 0x0000000080a00000|100%| O|  |TAMS 0x0000000080a00000, 0x0000000080900000| Untracked 
|  10|0x0000000080a00000, 0x0000000080b00000, 0x0000000080b00000|100%| O|  |TAMS 0x0000000080b00000, 0x0000000080a00000| Untracked 
|  11|0x0000000080b00000, 0x0000000080c00000, 0x0000000080c00000|100%| O|  |TAMS 0x0000000080c00000, 0x0000000080b00000| Untracked 
|  12|0x0000000080c00000, 0x0000000080d00000, 0x0000000080d00000|100%| O|  |TAMS 0x0000000080d00000, 0x0000000080c00000| Untracked 
|  13|0x0000000080d00000, 0x0000000080e00000, 0x0000000080e00000|100%| O|  |TAMS 0x0000000080e00000, 0x0000000080d00000| Untracked 
|  14|0x0000000080e00000, 0x0000000080f00000, 0x0000000080f00000|100%| O|  |TAMS 0x0000000080f00000, 0x0000000080e00000| Untracked 
|  15|0x0000000080f00000, 0x0000000081000000, 0x0000000081000000|100%| O|  |TAMS 0x0000000081000000, 0x0000000080f00000| Untracked 
|  16|0x0000000081000000, 0x0000000081100000, 0x0000000081100000|100%| O|  |TAMS 0x0000000081100000, 0x0000000081000000| Untracked 
|  17|0x0000000081100000, 0x0000000081200000, 0x0000000081200000|100%| O|  |TAMS 0x0000000081200000, 0x0000000081100000| Untracked 
|  18|0x0000000081200000, 0x0000000081300000, 0x0000000081300000|100%| O|  |TAMS 0x0000000081300000, 0x0000000081200000| Untracked 
|  19|0x0000000081300000, 0x0000000081400000, 0x0000000081400000|100%|HS|  |TAMS 0x0000000081400000, 0x0000000081300000| Complete 
|  20|0x0000000081400000, 0x0000000081500000, 0x0000000081500000|100%| O|  |TAMS 0x0000000081500000, 0x0000000081400000| Untracked 
|  21|0x0000000081500000, 0x0000000081600000, 0x0000000081600000|100%| O|  |TAMS 0x0000000081600000, 0x0000000081500000| Untracked 
|  22|0x0000000081600000, 0x0000000081700000, 0x0000000081700000|100%| O|  |TAMS 0x0000000081600000, 0x0000000081600000| Untracked 
|  23|0x0000000081700000, 0x0000000081800000, 0x0000000081800000|100%| O|  |TAMS 0x0000000081800000, 0x0000000081700000| Untracked 
|  24|0x0000000081800000, 0x0000000081900000, 0x0000000081900000|100%| O|  |TAMS 0x0000000081900000, 0x0000000081800000| Untracked 
|  25|0x0000000081900000, 0x0000000081a00000, 0x0000000081a00000|100%|HS|  |TAMS 0x0000000081a00000, 0x0000000081900000| Complete 
|  26|0x0000000081a00000, 0x0000000081b00000, 0x0000000081b00000|100%| O|  |TAMS 0x0000000081b00000, 0x0000000081a00000| Untracked 
|  27|0x0000000081b00000, 0x0000000081c00000, 0x0000000081c00000|100%| O|  |TAMS 0x0000000081c00000, 0x0000000081b00000| Untracked 
|  28|0x0000000081c00000, 0x0000000081d00000, 0x0000000081d00000|100%|HS|  |TAMS 0x0000000081d00000, 0x0000000081c00000| Complete 
|  29|0x0000000081d00000, 0x0000000081e00000, 0x0000000081e00000|100%|HS|  |TAMS 0x0000000081e00000, 0x0000000081d00000| Complete 
|  30|0x0000000081e00000, 0x0000000081f00000, 0x0000000081f00000|100%|HC|  |TAMS 0x0000000081f00000, 0x0000000081e00000| Complete 
|  31|0x0000000081f00000, 0x0000000082000000, 0x0000000082000000|100%| O|  |TAMS 0x0000000082000000, 0x0000000081f00000| Untracked 
|  32|0x0000000082000000, 0x0000000082100000, 0x0000000082100000|100%| O|  |TAMS 0x0000000082100000, 0x0000000082000000| Untracked 
|  33|0x0000000082100000, 0x0000000082200000, 0x0000000082200000|100%| O|  |TAMS 0x0000000082200000, 0x0000000082100000| Untracked 
|  34|0x0000000082200000, 0x0000000082300000, 0x0000000082300000|100%| O|  |TAMS 0x0000000082300000, 0x0000000082200000| Untracked 
|  35|0x0000000082300000, 0x0000000082400000, 0x0000000082400000|100%| O|  |TAMS 0x0000000082400000, 0x0000000082300000| Untracked 
|  36|0x0000000082400000, 0x0000000082500000, 0x0000000082500000|100%| O|  |TAMS 0x0000000082500000, 0x0000000082400000| Untracked 
|  37|0x0000000082500000, 0x0000000082600000, 0x0000000082600000|100%| O|  |TAMS 0x0000000082600000, 0x0000000082500000| Untracked 
|  38|0x0000000082600000, 0x0000000082700000, 0x0000000082700000|100%| O|  |TAMS 0x0000000082700000, 0x0000000082600000| Untracked 
|  39|0x0000000082700000, 0x0000000082800000, 0x0000000082800000|100%| O|  |TAMS 0x0000000082800000, 0x0000000082700000| Untracked 
|  40|0x0000000082800000, 0x0000000082900000, 0x0000000082900000|100%| O|  |TAMS 0x0000000082900000, 0x0000000082800000| Untracked 
|  41|0x0000000082900000, 0x0000000082a00000, 0x0000000082a00000|100%| O|  |TAMS 0x0000000082a00000, 0x0000000082900000| Untracked 
|  42|0x0000000082a00000, 0x0000000082b00000, 0x0000000082b00000|100%| O|  |TAMS 0x0000000082b00000, 0x0000000082a00000| Untracked 
|  43|0x0000000082b00000, 0x0000000082c00000, 0x0000000082c00000|100%| O|  |TAMS 0x0000000082c00000, 0x0000000082b00000| Untracked 
|  44|0x0000000082c00000, 0x0000000082d00000, 0x0000000082d00000|100%| O|  |TAMS 0x0000000082d00000, 0x0000000082c00000| Untracked 
|  45|0x0000000082d00000, 0x0000000082e00000, 0x0000000082e00000|100%| O|  |TAMS 0x0000000082e00000, 0x0000000082d00000| Untracked 
|  46|0x0000000082e00000, 0x0000000082f00000, 0x0000000082f00000|100%| O|  |TAMS 0x0000000082f00000, 0x0000000082e00000| Untracked 
|  47|0x0000000082f00000, 0x0000000083000000, 0x0000000083000000|100%| O|  |TAMS 0x0000000083000000, 0x0000000082f00000| Untracked 
|  48|0x0000000083000000, 0x0000000083100000, 0x0000000083100000|100%| O|  |TAMS 0x0000000083100000, 0x0000000083000000| Untracked 
|  49|0x0000000083100000, 0x0000000083200000, 0x0000000083200000|100%| O|  |TAMS 0x0000000083200000, 0x0000000083100000| Untracked 
|  50|0x0000000083200000, 0x0000000083300000, 0x0000000083300000|100%| O|  |TAMS 0x0000000083300000, 0x0000000083200000| Untracked 
|  51|0x0000000083300000, 0x0000000083400000, 0x0000000083400000|100%| O|  |TAMS 0x0000000083400000, 0x0000000083300000| Untracked 
|  52|0x0000000083400000, 0x0000000083500000, 0x0000000083500000|100%| O|  |TAMS 0x0000000083500000, 0x0000000083400000| Untracked 
|  53|0x0000000083500000, 0x0000000083600000, 0x0000000083600000|100%| O|  |TAMS 0x0000000083600000, 0x0000000083500000| Untracked 
|  54|0x0000000083600000, 0x0000000083700000, 0x0000000083700000|100%| O|  |TAMS 0x0000000083700000, 0x0000000083600000| Untracked 
|  55|0x0000000083700000, 0x0000000083800000, 0x0000000083800000|100%| O|  |TAMS 0x0000000083800000, 0x0000000083700000| Untracked 
|  56|0x0000000083800000, 0x0000000083900000, 0x0000000083900000|100%| O|  |TAMS 0x0000000083900000, 0x0000000083800000| Untracked 
|  57|0x0000000083900000, 0x0000000083a00000, 0x0000000083a00000|100%| O|  |TAMS 0x0000000083a00000, 0x0000000083900000| Untracked 
|  58|0x0000000083a00000, 0x0000000083b00000, 0x0000000083b00000|100%| O|  |TAMS 0x0000000083b00000, 0x0000000083a00000| Untracked 
|  59|0x0000000083b00000, 0x0000000083c00000, 0x0000000083c00000|100%| O|  |TAMS 0x0000000083c00000, 0x0000000083b00000| Untracked 
|  60|0x0000000083c00000, 0x0000000083d00000, 0x0000000083d00000|100%| O|  |TAMS 0x0000000083d00000, 0x0000000083c00000| Untracked 
|  61|0x0000000083d00000, 0x0000000083e00000, 0x0000000083e00000|100%| O|  |TAMS 0x0000000083e00000, 0x0000000083d00000| Untracked 
|  62|0x0000000083e00000, 0x0000000083f00000, 0x0000000083f00000|100%| O|  |TAMS 0x0000000083f00000, 0x0000000083e00000| Untracked 
|  63|0x0000000083f00000, 0x0000000084000000, 0x0000000084000000|100%| O|  |TAMS 0x0000000084000000, 0x0000000083f00000| Untracked 
|  64|0x0000000084000000, 0x0000000084100000, 0x0000000084100000|100%| O|  |TAMS 0x0000000084100000, 0x0000000084000000| Untracked 
|  65|0x0000000084100000, 0x0000000084200000, 0x0000000084200000|100%| O|  |TAMS 0x0000000084200000, 0x0000000084100000| Untracked 
|  66|0x0000000084200000, 0x0000000084300000, 0x0000000084300000|100%| O|  |TAMS 0x0000000084300000, 0x0000000084200000| Untracked 
|  67|0x0000000084300000, 0x0000000084400000, 0x0000000084400000|100%| O|  |TAMS 0x0000000084400000, 0x0000000084300000| Untracked 
|  68|0x0000000084400000, 0x0000000084500000, 0x0000000084500000|100%| O|  |TAMS 0x0000000084500000, 0x0000000084400000| Untracked 
|  69|0x0000000084500000, 0x0000000084600000, 0x0000000084600000|100%| O|  |TAMS 0x0000000084600000, 0x0000000084500000| Untracked 
|  70|0x0000000084600000, 0x0000000084700000, 0x0000000084700000|100%| O|  |TAMS 0x0000000084700000, 0x0000000084600000| Untracked 
|  71|0x0000000084700000, 0x0000000084800000, 0x0000000084800000|100%| O|  |TAMS 0x0000000084800000, 0x0000000084700000| Untracked 
|  72|0x0000000084800000, 0x0000000084900000, 0x0000000084900000|100%| O|  |TAMS 0x0000000084900000, 0x0000000084800000| Untracked 
|  73|0x0000000084900000, 0x0000000084a00000, 0x0000000084a00000|100%| O|  |TAMS 0x0000000084a00000, 0x0000000084900000| Untracked 
|  74|0x0000000084a00000, 0x0000000084b00000, 0x0000000084b00000|100%| O|  |TAMS 0x0000000084b00000, 0x0000000084a00000| Untracked 
|  75|0x0000000084b00000, 0x0000000084c00000, 0x0000000084c00000|100%| O|  |TAMS 0x0000000084c00000, 0x0000000084b00000| Untracked 
|  76|0x0000000084c00000, 0x0000000084d00000, 0x0000000084d00000|100%| O|  |TAMS 0x0000000084d00000, 0x0000000084c00000| Untracked 
|  77|0x0000000084d00000, 0x0000000084e00000, 0x0000000084e00000|100%| O|  |TAMS 0x0000000084e00000, 0x0000000084d00000| Untracked 
|  78|0x0000000084e00000, 0x0000000084f00000, 0x0000000084f00000|100%| O|  |TAMS 0x0000000084f00000, 0x0000000084e00000| Untracked 
|  79|0x0000000084f00000, 0x0000000085000000, 0x0000000085000000|100%| O|  |TAMS 0x0000000085000000, 0x0000000084f00000| Untracked 
|  80|0x0000000085000000, 0x0000000085100000, 0x0000000085100000|100%| O|  |TAMS 0x0000000085100000, 0x0000000085000000| Untracked 
|  81|0x0000000085100000, 0x0000000085200000, 0x0000000085200000|100%| O|  |TAMS 0x0000000085200000, 0x0000000085100000| Untracked 
|  82|0x0000000085200000, 0x0000000085300000, 0x0000000085300000|100%| O|  |TAMS 0x0000000085300000, 0x0000000085200000| Untracked 
|  83|0x0000000085300000, 0x0000000085400000, 0x0000000085400000|100%| O|  |TAMS 0x0000000085400000, 0x0000000085300000| Untracked 
|  84|0x0000000085400000, 0x0000000085500000, 0x0000000085500000|100%|HS|  |TAMS 0x0000000085500000, 0x0000000085400000| Complete 
|  85|0x0000000085500000, 0x0000000085600000, 0x0000000085600000|100%|HC|  |TAMS 0x0000000085600000, 0x0000000085500000| Complete 
|  86|0x0000000085600000, 0x0000000085700000, 0x0000000085700000|100%|HS|  |TAMS 0x0000000085700000, 0x0000000085600000| Complete 
|  87|0x0000000085700000, 0x0000000085800000, 0x0000000085800000|100%|HS|  |TAMS 0x0000000085800000, 0x0000000085700000| Complete 
|  88|0x0000000085800000, 0x0000000085900000, 0x0000000085900000|100%|HS|  |TAMS 0x0000000085900000, 0x0000000085800000| Complete 
|  89|0x0000000085900000, 0x0000000085a00000, 0x0000000085a00000|100%| O|  |TAMS 0x0000000085a00000, 0x0000000085900000| Untracked 
|  90|0x0000000085a00000, 0x0000000085a00000, 0x0000000085b00000|  0%| F|  |TAMS 0x0000000085a00000, 0x0000000085a00000| Untracked 
|  91|0x0000000085b00000, 0x0000000085c00000, 0x0000000085c00000|100%| O|  |TAMS 0x0000000085c00000, 0x0000000085b00000| Untracked 
|  92|0x0000000085c00000, 0x0000000085d00000, 0x0000000085d00000|100%|HS|  |TAMS 0x0000000085d00000, 0x0000000085c00000| Complete 
|  93|0x0000000085d00000, 0x0000000085e00000, 0x0000000085e00000|100%|HC|  |TAMS 0x0000000085e00000, 0x0000000085d00000| Complete 
|  94|0x0000000085e00000, 0x0000000085f00000, 0x0000000085f00000|100%| O|  |TAMS 0x0000000085f00000, 0x0000000085e00000| Untracked 
|  95|0x0000000085f00000, 0x0000000086000000, 0x0000000086000000|100%|HS|  |TAMS 0x0000000086000000, 0x0000000085f00000| Complete 
|  96|0x0000000086000000, 0x0000000086100000, 0x0000000086100000|100%| O|  |TAMS 0x0000000086100000, 0x0000000086000000| Untracked 
|  97|0x0000000086100000, 0x0000000086200000, 0x0000000086200000|100%|HS|  |TAMS 0x0000000086200000, 0x0000000086100000| Complete 
|  98|0x0000000086200000, 0x0000000086300000, 0x0000000086300000|100%| O|  |TAMS 0x0000000086300000, 0x0000000086200000| Untracked 
|  99|0x0000000086300000, 0x0000000086400000, 0x0000000086400000|100%|HS|  |TAMS 0x0000000086400000, 0x0000000086300000| Complete 
| 100|0x0000000086400000, 0x0000000086500000, 0x0000000086500000|100%| O|  |TAMS 0x0000000086500000, 0x0000000086400000| Untracked 
| 101|0x0000000086500000, 0x0000000086600000, 0x0000000086600000|100%| O|  |TAMS 0x0000000086600000, 0x0000000086500000| Untracked 
| 102|0x0000000086600000, 0x0000000086700000, 0x0000000086700000|100%| O|  |TAMS 0x0000000086700000, 0x0000000086600000| Untracked 
| 103|0x0000000086700000, 0x0000000086800000, 0x0000000086800000|100%| O|  |TAMS 0x0000000086800000, 0x0000000086700000| Untracked 
| 104|0x0000000086800000, 0x0000000086900000, 0x0000000086900000|100%| O|  |TAMS 0x0000000086900000, 0x0000000086800000| Untracked 
| 105|0x0000000086900000, 0x0000000086a00000, 0x0000000086a00000|100%| O|  |TAMS 0x0000000086a00000, 0x0000000086900000| Untracked 
| 106|0x0000000086a00000, 0x0000000086b00000, 0x0000000086b00000|100%|HS|  |TAMS 0x0000000086a00000, 0x0000000086a00000| Complete 
| 107|0x0000000086b00000, 0x0000000086c00000, 0x0000000086c00000|100%| O|  |TAMS 0x0000000086b00000, 0x0000000086b00000| Untracked 
| 108|0x0000000086c00000, 0x0000000086d00000, 0x0000000086d00000|100%| O|  |TAMS 0x0000000086c00000, 0x0000000086c00000| Untracked 
| 109|0x0000000086d00000, 0x0000000086e00000, 0x0000000086e00000|100%| O|  |TAMS 0x0000000086d00000, 0x0000000086d00000| Untracked 
| 110|0x0000000086e00000, 0x0000000086f00000, 0x0000000086f00000|100%| O|  |TAMS 0x0000000086e00000, 0x0000000086e00000| Untracked 
| 111|0x0000000086f00000, 0x0000000087000000, 0x0000000087000000|100%| O|  |TAMS 0x0000000087000000, 0x0000000086f00000| Untracked 
| 112|0x0000000087000000, 0x0000000087100000, 0x0000000087100000|100%| O|  |TAMS 0x0000000087100000, 0x0000000087000000| Untracked 
| 113|0x0000000087100000, 0x0000000087200000, 0x0000000087200000|100%| O|  |TAMS 0x0000000087200000, 0x0000000087100000| Untracked 
| 114|0x0000000087200000, 0x0000000087300000, 0x0000000087300000|100%| O|  |TAMS 0x0000000087296c00, 0x0000000087200000| Untracked 
| 115|0x0000000087300000, 0x0000000087400000, 0x0000000087400000|100%| O|  |TAMS 0x0000000087300000, 0x0000000087300000| Untracked 
| 116|0x0000000087400000, 0x0000000087500000, 0x0000000087500000|100%| O|  |TAMS 0x0000000087400000, 0x0000000087400000| Untracked 
| 117|0x0000000087500000, 0x0000000087600000, 0x0000000087600000|100%| O|  |TAMS 0x0000000087500000, 0x0000000087500000| Untracked 
| 118|0x0000000087600000, 0x0000000087700000, 0x0000000087700000|100%| O|  |TAMS 0x0000000087600000, 0x0000000087600000| Untracked 
| 119|0x0000000087700000, 0x0000000087800000, 0x0000000087800000|100%| O|  |TAMS 0x0000000087700000, 0x0000000087700000| Untracked 
| 120|0x0000000087800000, 0x0000000087900000, 0x0000000087900000|100%| O|  |TAMS 0x0000000087800000, 0x0000000087800000| Untracked 
| 121|0x0000000087900000, 0x000000008793d400, 0x0000000087a00000| 23%| O|  |TAMS 0x0000000087900000, 0x0000000087900000| Untracked 
| 122|0x0000000087a00000, 0x0000000087a00000, 0x0000000087b00000|  0%| F|  |TAMS 0x0000000087a00000, 0x0000000087a00000| Untracked 
| 123|0x0000000087b00000, 0x0000000087b00000, 0x0000000087c00000|  0%| F|  |TAMS 0x0000000087b00000, 0x0000000087b00000| Untracked 
| 124|0x0000000087c00000, 0x0000000087c00000, 0x0000000087d00000|  0%| F|  |TAMS 0x0000000087c00000, 0x0000000087c00000| Untracked 
| 125|0x0000000087d00000, 0x0000000087d00000, 0x0000000087e00000|  0%| F|  |TAMS 0x0000000087d00000, 0x0000000087d00000| Untracked 
| 126|0x0000000087e00000, 0x0000000087e00000, 0x0000000087f00000|  0%| F|  |TAMS 0x0000000087e00000, 0x0000000087e00000| Untracked 
| 127|0x0000000087f00000, 0x0000000087f00000, 0x0000000088000000|  0%| F|  |TAMS 0x0000000087f00000, 0x0000000087f00000| Untracked 
| 128|0x0000000088000000, 0x0000000088000000, 0x0000000088100000|  0%| F|  |TAMS 0x0000000088000000, 0x0000000088000000| Untracked 
| 129|0x0000000088100000, 0x0000000088100000, 0x0000000088200000|  0%| F|  |TAMS 0x0000000088100000, 0x0000000088100000| Untracked 
| 130|0x0000000088200000, 0x0000000088200000, 0x0000000088300000|  0%| F|  |TAMS 0x0000000088200000, 0x0000000088200000| Untracked 
| 131|0x0000000088300000, 0x0000000088300000, 0x0000000088400000|  0%| F|  |TAMS 0x0000000088300000, 0x0000000088300000| Untracked 
| 132|0x0000000088400000, 0x0000000088400000, 0x0000000088500000|  0%| F|  |TAMS 0x0000000088400000, 0x0000000088400000| Untracked 
| 133|0x0000000088500000, 0x0000000088500000, 0x0000000088600000|  0%| F|  |TAMS 0x0000000088500000, 0x0000000088500000| Untracked 
| 134|0x0000000088600000, 0x0000000088600000, 0x0000000088700000|  0%| F|  |TAMS 0x0000000088600000, 0x0000000088600000| Untracked 
| 135|0x0000000088700000, 0x0000000088700000, 0x0000000088800000|  0%| F|  |TAMS 0x0000000088700000, 0x0000000088700000| Untracked 
| 136|0x0000000088800000, 0x0000000088800000, 0x0000000088900000|  0%| F|  |TAMS 0x0000000088800000, 0x0000000088800000| Untracked 
| 137|0x0000000088900000, 0x0000000088900000, 0x0000000088a00000|  0%| F|  |TAMS 0x0000000088900000, 0x0000000088900000| Untracked 
| 138|0x0000000088a00000, 0x0000000088a00000, 0x0000000088b00000|  0%| F|  |TAMS 0x0000000088a00000, 0x0000000088a00000| Untracked 
| 139|0x0000000088b00000, 0x0000000088b00000, 0x0000000088c00000|  0%| F|  |TAMS 0x0000000088b00000, 0x0000000088b00000| Untracked 
| 140|0x0000000088c00000, 0x0000000088c00000, 0x0000000088d00000|  0%| F|  |TAMS 0x0000000088c00000, 0x0000000088c00000| Untracked 
| 141|0x0000000088d00000, 0x0000000088d00000, 0x0000000088e00000|  0%| F|  |TAMS 0x0000000088d00000, 0x0000000088d00000| Untracked 
| 142|0x0000000088e00000, 0x0000000088e00000, 0x0000000088f00000|  0%| F|  |TAMS 0x0000000088e00000, 0x0000000088e00000| Untracked 
| 143|0x0000000088f00000, 0x0000000088f00000, 0x0000000089000000|  0%| F|  |TAMS 0x0000000088f00000, 0x0000000088f00000| Untracked 
| 144|0x0000000089000000, 0x0000000089000000, 0x0000000089100000|  0%| F|  |TAMS 0x0000000089000000, 0x0000000089000000| Untracked 
| 145|0x0000000089100000, 0x0000000089100000, 0x0000000089200000|  0%| F|  |TAMS 0x0000000089100000, 0x0000000089100000| Untracked 
| 146|0x0000000089200000, 0x0000000089200000, 0x0000000089300000|  0%| F|  |TAMS 0x0000000089200000, 0x0000000089200000| Untracked 
| 147|0x0000000089300000, 0x0000000089300000, 0x0000000089400000|  0%| F|  |TAMS 0x0000000089300000, 0x0000000089300000| Untracked 
| 148|0x0000000089400000, 0x0000000089400000, 0x0000000089500000|  0%| F|  |TAMS 0x0000000089400000, 0x0000000089400000| Untracked 
| 149|0x0000000089500000, 0x0000000089500000, 0x0000000089600000|  0%| F|  |TAMS 0x0000000089500000, 0x0000000089500000| Untracked 
| 150|0x0000000089600000, 0x0000000089600000, 0x0000000089700000|  0%| F|  |TAMS 0x0000000089600000, 0x0000000089600000| Untracked 
| 151|0x0000000089700000, 0x0000000089700000, 0x0000000089800000|  0%| F|  |TAMS 0x0000000089700000, 0x0000000089700000| Untracked 
| 152|0x0000000089800000, 0x0000000089800000, 0x0000000089900000|  0%| F|  |TAMS 0x0000000089800000, 0x0000000089800000| Untracked 
| 153|0x0000000089900000, 0x0000000089900000, 0x0000000089a00000|  0%| F|  |TAMS 0x0000000089900000, 0x0000000089900000| Untracked 
| 154|0x0000000089a00000, 0x0000000089a00000, 0x0000000089b00000|  0%| F|  |TAMS 0x0000000089a00000, 0x0000000089a00000| Untracked 
| 155|0x0000000089b00000, 0x0000000089b00000, 0x0000000089c00000|  0%| F|  |TAMS 0x0000000089b00000, 0x0000000089b00000| Untracked 
| 156|0x0000000089c00000, 0x0000000089c00000, 0x0000000089d00000|  0%| F|  |TAMS 0x0000000089c00000, 0x0000000089c00000| Untracked 
| 157|0x0000000089d00000, 0x0000000089d00000, 0x0000000089e00000|  0%| F|  |TAMS 0x0000000089d00000, 0x0000000089d00000| Untracked 
| 158|0x0000000089e00000, 0x0000000089e00000, 0x0000000089f00000|  0%| F|  |TAMS 0x0000000089e00000, 0x0000000089e00000| Untracked 
| 159|0x0000000089f00000, 0x0000000089f00000, 0x000000008a000000|  0%| F|  |TAMS 0x0000000089f00000, 0x0000000089f00000| Untracked 
| 160|0x000000008a000000, 0x000000008a000000, 0x000000008a100000|  0%| F|  |TAMS 0x000000008a000000, 0x000000008a000000| Untracked 
| 161|0x000000008a100000, 0x000000008a100000, 0x000000008a200000|  0%| F|  |TAMS 0x000000008a100000, 0x000000008a100000| Untracked 
| 162|0x000000008a200000, 0x000000008a200000, 0x000000008a300000|  0%| F|  |TAMS 0x000000008a200000, 0x000000008a200000| Untracked 
| 163|0x000000008a300000, 0x000000008a300000, 0x000000008a400000|  0%| F|  |TAMS 0x000000008a300000, 0x000000008a300000| Untracked 
| 164|0x000000008a400000, 0x000000008a400000, 0x000000008a500000|  0%| F|  |TAMS 0x000000008a400000, 0x000000008a400000| Untracked 
| 165|0x000000008a500000, 0x000000008a500000, 0x000000008a600000|  0%| F|  |TAMS 0x000000008a500000, 0x000000008a500000| Untracked 
| 166|0x000000008a600000, 0x000000008a600000, 0x000000008a700000|  0%| F|  |TAMS 0x000000008a600000, 0x000000008a600000| Untracked 
| 167|0x000000008a700000, 0x000000008a700000, 0x000000008a800000|  0%| F|  |TAMS 0x000000008a700000, 0x000000008a700000| Untracked 
| 168|0x000000008a800000, 0x000000008a800000, 0x000000008a900000|  0%| F|  |TAMS 0x000000008a800000, 0x000000008a800000| Untracked 
| 169|0x000000008a900000, 0x000000008a900000, 0x000000008aa00000|  0%| F|  |TAMS 0x000000008a900000, 0x000000008a900000| Untracked 
| 170|0x000000008aa00000, 0x000000008aa00000, 0x000000008ab00000|  0%| F|  |TAMS 0x000000008aa00000, 0x000000008aa00000| Untracked 
| 171|0x000000008ab00000, 0x000000008ab00000, 0x000000008ac00000|  0%| F|  |TAMS 0x000000008ab00000, 0x000000008ab00000| Untracked 
| 172|0x000000008ac00000, 0x000000008ac00000, 0x000000008ad00000|  0%| F|  |TAMS 0x000000008ac00000, 0x000000008ac00000| Untracked 
| 173|0x000000008ad00000, 0x000000008ad00000, 0x000000008ae00000|  0%| F|  |TAMS 0x000000008ad00000, 0x000000008ad00000| Untracked 
| 174|0x000000008ae00000, 0x000000008ae00000, 0x000000008af00000|  0%| F|  |TAMS 0x000000008ae00000, 0x000000008ae00000| Untracked 
| 175|0x000000008af00000, 0x000000008af00000, 0x000000008b000000|  0%| F|  |TAMS 0x000000008af00000, 0x000000008af00000| Untracked 
| 176|0x000000008b000000, 0x000000008b000000, 0x000000008b100000|  0%| F|  |TAMS 0x000000008b000000, 0x000000008b000000| Untracked 
| 177|0x000000008b100000, 0x000000008b100000, 0x000000008b200000|  0%| F|  |TAMS 0x000000008b100000, 0x000000008b100000| Untracked 
| 178|0x000000008b200000, 0x000000008b200000, 0x000000008b300000|  0%| F|  |TAMS 0x000000008b200000, 0x000000008b200000| Untracked 
| 179|0x000000008b300000, 0x000000008b300000, 0x000000008b400000|  0%| F|  |TAMS 0x000000008b300000, 0x000000008b300000| Untracked 
| 180|0x000000008b400000, 0x000000008b400000, 0x000000008b500000|  0%| F|  |TAMS 0x000000008b400000, 0x000000008b400000| Untracked 
| 181|0x000000008b500000, 0x000000008b500000, 0x000000008b600000|  0%| F|  |TAMS 0x000000008b500000, 0x000000008b500000| Untracked 
| 182|0x000000008b600000, 0x000000008b600000, 0x000000008b700000|  0%| F|  |TAMS 0x000000008b600000, 0x000000008b600000| Untracked 
| 183|0x000000008b700000, 0x000000008b700000, 0x000000008b800000|  0%| F|  |TAMS 0x000000008b700000, 0x000000008b700000| Untracked 
| 184|0x000000008b800000, 0x000000008b800000, 0x000000008b900000|  0%| F|  |TAMS 0x000000008b800000, 0x000000008b800000| Untracked 
| 185|0x000000008b900000, 0x000000008b900000, 0x000000008ba00000|  0%| F|  |TAMS 0x000000008b900000, 0x000000008b900000| Untracked 
| 186|0x000000008ba00000, 0x000000008ba00000, 0x000000008bb00000|  0%| F|  |TAMS 0x000000008ba00000, 0x000000008ba00000| Untracked 
| 187|0x000000008bb00000, 0x000000008bb00000, 0x000000008bc00000|  0%| F|  |TAMS 0x000000008bb00000, 0x000000008bb00000| Untracked 
| 188|0x000000008bc00000, 0x000000008bc00000, 0x000000008bd00000|  0%| F|  |TAMS 0x000000008bc00000, 0x000000008bc00000| Untracked 
| 189|0x000000008bd00000, 0x000000008bd00000, 0x000000008be00000|  0%| F|  |TAMS 0x000000008bd00000, 0x000000008bd00000| Untracked 
| 190|0x000000008be00000, 0x000000008be00000, 0x000000008bf00000|  0%| F|  |TAMS 0x000000008be00000, 0x000000008be00000| Untracked 
| 191|0x000000008bf00000, 0x000000008bf00000, 0x000000008c000000|  0%| F|  |TAMS 0x000000008bf00000, 0x000000008bf00000| Untracked 
| 192|0x000000008c000000, 0x000000008c000000, 0x000000008c100000|  0%| F|  |TAMS 0x000000008c000000, 0x000000008c000000| Untracked 
| 193|0x000000008c100000, 0x000000008c100000, 0x000000008c200000|  0%| F|  |TAMS 0x000000008c100000, 0x000000008c100000| Untracked 
| 194|0x000000008c200000, 0x000000008c200000, 0x000000008c300000|  0%| F|  |TAMS 0x000000008c200000, 0x000000008c200000| Untracked 
| 195|0x000000008c300000, 0x000000008c361a20, 0x000000008c400000| 38%| S|CS|TAMS 0x000000008c300000, 0x000000008c300000| Complete 
| 196|0x000000008c400000, 0x000000008c500000, 0x000000008c500000|100%| S|CS|TAMS 0x000000008c400000, 0x000000008c400000| Complete 
| 197|0x000000008c500000, 0x000000008c500000, 0x000000008c600000|  0%| F|  |TAMS 0x000000008c500000, 0x000000008c500000| Untracked 
| 198|0x000000008c600000, 0x000000008c600000, 0x000000008c700000|  0%| F|  |TAMS 0x000000008c600000, 0x000000008c600000| Untracked 
| 199|0x000000008c700000, 0x000000008c700000, 0x000000008c800000|  0%| F|  |TAMS 0x000000008c700000, 0x000000008c700000| Untracked 
| 200|0x000000008c800000, 0x000000008c800000, 0x000000008c900000|  0%| F|  |TAMS 0x000000008c800000, 0x000000008c800000| Untracked 
| 201|0x000000008c900000, 0x000000008c900000, 0x000000008ca00000|  0%| F|  |TAMS 0x000000008c900000, 0x000000008c900000| Untracked 
| 202|0x000000008ca00000, 0x000000008ca00000, 0x000000008cb00000|  0%| F|  |TAMS 0x000000008ca00000, 0x000000008ca00000| Untracked 
|2046|0x00000000ffe00000, 0x00000000fff00000, 0x00000000fff00000|100%| O|  |TAMS 0x00000000fff00000, 0x00000000ffe00000| Untracked 
|2047|0x00000000fff00000, 0x0000000100000000, 0x0000000100000000|100%| O|  |TAMS 0x0000000100000000, 0x00000000fff00000| Untracked 

Card table byte_map: [0x000001e096c70000,0x000001e097070000] _byte_map_base: 0x000001e096870000

Marking Bits (Prev, Next): (CMBitMap*) 0x000001e0ffb82270, (CMBitMap*) 0x000001e0ffb82230
 Prev Bits: [0x000001e099470000, 0x000001e09b470000)
 Next Bits: [0x000001e097470000, 0x000001e099470000)

Polling page: 0x000001e0ff2f0000

Metaspace:

Usage:
  Non-class:     71.62 MB used.
      Class:     11.28 MB used.
       Both:     82.91 MB used.

Virtual space:
  Non-class space:      128.00 MB reserved,      72.50 MB ( 57%) committed,  2 nodes.
      Class space:        1.00 GB reserved,      12.19 MB (  1%) committed,  1 nodes.
             Both:        1.12 GB reserved,      84.69 MB (  7%) committed. 

Chunk freelists:
   Non-Class:  3.55 MB
       Class:  3.81 MB
        Both:  7.36 MB

MaxMetaspaceSize: unlimited
CompressedClassSpaceSize: 1.00 GB
Initial GC threshold: 21.00 MB
Current GC threshold: 140.25 MB
CDS: on
MetaspaceReclaimPolicy: balanced
 - commit_granule_bytes: 65536.
 - commit_granule_words: 8192.
 - virtual_space_node_default_size: 8388608.
 - enlarge_chunks_in_place: 1.
 - new_chunks_are_fully_committed: 0.
 - uncommit_free_chunks: 1.
 - use_allocation_guard: 0.


Internal statistics:

num_allocs_failed_limit: 6.
num_arena_births: 3310.
num_arena_deaths: 14.
num_vsnodes_births: 3.
num_vsnodes_deaths: 0.
num_space_committed: 1355.
num_space_uncommitted: 0.
num_chunks_returned_to_freelist: 24.
num_chunks_taken_from_freelist: 7180.
num_chunk_merges: 14.
num_chunk_splits: 4684.
num_chunks_enlarged: 2881.
num_inconsistent_stats: 0.

CodeHeap 'non-profiled nmethods': size=120000Kb used=6099Kb max_used=6099Kb free=113900Kb
 bounds [0x000001e08f340000, 0x000001e08f940000, 0x000001e096870000]
CodeHeap 'profiled nmethods': size=120000Kb used=19691Kb max_used=19691Kb free=100308Kb
 bounds [0x000001e087e10000, 0x000001e089150000, 0x000001e08f340000]
CodeHeap 'non-nmethods': size=5760Kb used=2423Kb max_used=2493Kb free=3336Kb
 bounds [0x000001e087870000, 0x000001e087af0000, 0x000001e087e10000]
 total_blobs=11127 nmethods=10197 adapters=842
 compilation: enabled
              stopped_count=0, restarted_count=0
 full_count=0

Compilation events (20 events):
Event: 10.351 Thread 0x000001e09de60250 nmethod 11857 0x000001e089149610 code [0x000001e089149840, 0x000001e089149d98]
Event: 10.351 Thread 0x000001e09de60250 11859       2       com.android.build.gradle.internal.packaging.ParsedPackagingOptions$getAction$1::<init> (10 bytes)
Event: 10.351 Thread 0x000001e09de60250 nmethod 11859 0x000001e08914a090 code [0x000001e08914a220, 0x000001e08914a378]
Event: 10.351 Thread 0x000001e09de60250 11860       2       com.android.build.gradle.internal.packaging.ParsedPackagingOptions$getAction$2::<init> (10 bytes)
Event: 10.351 Thread 0x000001e09de60250 nmethod 11860 0x000001e08914a410 code [0x000001e08914a5a0, 0x000001e08914a6f8]
Event: 10.351 Thread 0x000001e09de60250 11861       2       com.android.build.gradle.internal.packaging.ParsedPackagingOptions$getAction$3::<init> (10 bytes)
Event: 10.351 Thread 0x000001e09de60250 nmethod 11861 0x000001e08914a790 code [0x000001e08914a920, 0x000001e08914aa78]
Event: 10.351 Thread 0x000001e09de60250 11862       2       com.android.builder.merge.IncrementalFileMerger::lambda$getInputsForFile$5 (79 bytes)
Event: 10.352 Thread 0x000001e09de5f960 nmethod 11844 0x000001e08f934010 code [0x000001e08f9341c0, 0x000001e08f9345d8]
Event: 10.352 Thread 0x000001e09de60250 nmethod 11862 0x000001e08914ab10 code [0x000001e08914ad40, 0x000001e08914b0e8]
Event: 10.352 Thread 0x000001e09de5f960 11850       4       java.util.function.Predicate$$Lambda$105/0x0000000800d5e038::test (15 bytes)
Event: 10.352 Thread 0x000001e09de60250 11838       1       sun.util.calendar.BaseCalendar$Date::getCachedJan1 (5 bytes)
Event: 10.352 Thread 0x000001e09de60250 nmethod 11838 0x000001e08f934990 code [0x000001e08f934b20, 0x000001e08f934bf8]
Event: 10.352 Thread 0x000001e09de60250 11863       2       kotlin.reflect.jvm.internal.ReflectProperties$Val::getValue (5 bytes)
Event: 10.352 Thread 0x000001e09de60250 nmethod 11863 0x000001e08914b310 code [0x000001e08914b4a0, 0x000001e08914b5c8]
Event: 10.352 Thread 0x000001e09de60250 11864       2       com.android.build.gradle.internal.packaging.ParsedPackagingOptions::getAction (149 bytes)
Event: 10.353 Thread 0x000001e09de60250 nmethod 11864 0x000001e08914b690 code [0x000001e08914b9a0, 0x000001e08914c518]
Event: 10.353 Thread 0x000001e09de60250 11866       2       com.android.tools.build.apkzlib.bytestorage.LruTracker$$Lambda$1183/0x0000000801760e68::compare (12 bytes)
Event: 10.353 Thread 0x000001e09de60250 nmethod 11866 0x000001e08914cb90 code [0x000001e08914cd20, 0x000001e08914ceb8]
Event: 10.353 Thread 0x000001e09de60250 11867       2       com.android.tools.build.apkzlib.bytestorage.LruTracker::lambda$new$0 (10 bytes)

GC Heap History (20 events):
Event: 8.501 GC heap after
{Heap after GC invocations=29 (full 0):
 garbage-first heap   total 129024K, used 76629K [0x0000000080000000, 0x0000000100000000)
  region size 1024K, 3 young (3072K), 3 survivors (3072K)
 Metaspace       used 75533K, committed 77440K, reserved 1179648K
  class space    used 10363K, committed 11328K, reserved 1048576K
}
Event: 8.733 GC heap before
{Heap before GC invocations=30 (full 0):
 garbage-first heap   total 147456K, used 104277K [0x0000000080000000, 0x0000000100000000)
  region size 1024K, 31 young (31744K), 3 survivors (3072K)
 Metaspace       used 75738K, committed 77568K, reserved 1179648K
  class space    used 10367K, committed 11328K, reserved 1048576K
}
Event: 8.737 GC heap after
{Heap after GC invocations=31 (full 0):
 garbage-first heap   total 147456K, used 78295K [0x0000000080000000, 0x0000000100000000)
  region size 1024K, 4 young (4096K), 4 survivors (4096K)
 Metaspace       used 75738K, committed 77568K, reserved 1179648K
  class space    used 10367K, committed 11328K, reserved 1048576K
}
Event: 9.026 GC heap before
{Heap before GC invocations=31 (full 0):
 garbage-first heap   total 147456K, used 118231K [0x0000000080000000, 0x0000000100000000)
  region size 1024K, 44 young (45056K), 4 survivors (4096K)
 Metaspace       used 76216K, committed 78080K, reserved 1179648K
  class space    used 10408K, committed 11392K, reserved 1048576K
}
Event: 9.031 GC heap after
{Heap after GC invocations=32 (full 0):
 garbage-first heap   total 147456K, used 81833K [0x0000000080000000, 0x0000000100000000)
  region size 1024K, 6 young (6144K), 6 survivors (6144K)
 Metaspace       used 76216K, committed 78080K, reserved 1179648K
  class space    used 10408K, committed 11392K, reserved 1048576K
}
Event: 9.354 GC heap before
{Heap before GC invocations=33 (full 0):
 garbage-first heap   total 155648K, used 118697K [0x0000000080000000, 0x0000000100000000)
  region size 1024K, 43 young (44032K), 6 survivors (6144K)
 Metaspace       used 77220K, committed 79104K, reserved 1179648K
  class space    used 10532K, committed 11520K, reserved 1048576K
}
Event: 9.360 GC heap after
{Heap after GC invocations=34 (full 0):
 garbage-first heap   total 155648K, used 84755K [0x0000000080000000, 0x0000000100000000)
  region size 1024K, 4 young (4096K), 4 survivors (4096K)
 Metaspace       used 77220K, committed 79104K, reserved 1179648K
  class space    used 10532K, committed 11520K, reserved 1048576K
}
Event: 9.370 GC heap before
{Heap before GC invocations=34 (full 0):
 garbage-first heap   total 155648K, used 87827K [0x0000000080000000, 0x0000000100000000)
  region size 1024K, 7 young (7168K), 4 survivors (4096K)
 Metaspace       used 77265K, committed 79168K, reserved 1179648K
  class space    used 10534K, committed 11520K, reserved 1048576K
}
Event: 9.373 GC heap after
{Heap after GC invocations=35 (full 0):
 garbage-first heap   total 187392K, used 85180K [0x0000000080000000, 0x0000000100000000)
  region size 1024K, 1 young (1024K), 1 survivors (1024K)
 Metaspace       used 77265K, committed 79168K, reserved 1179648K
  class space    used 10534K, committed 11520K, reserved 1048576K
}
Event: 9.724 GC heap before
{Heap before GC invocations=35 (full 0):
 garbage-first heap   total 187392K, used 151740K [0x0000000080000000, 0x0000000100000000)
  region size 1024K, 67 young (68608K), 1 survivors (1024K)
 Metaspace       used 79586K, committed 81408K, reserved 1179648K
  class space    used 10843K, committed 11776K, reserved 1048576K
}
Event: 9.729 GC heap after
{Heap after GC invocations=36 (full 0):
 garbage-first heap   total 187392K, used 88783K [0x0000000080000000, 0x0000000100000000)
  region size 1024K, 5 young (5120K), 5 survivors (5120K)
 Metaspace       used 79586K, committed 81408K, reserved 1179648K
  class space    used 10843K, committed 11776K, reserved 1048576K
}
Event: 10.116 GC heap before
{Heap before GC invocations=37 (full 0):
 garbage-first heap   total 187392K, used 169679K [0x0000000080000000, 0x0000000100000000)
  region size 1024K, 68 young (69632K), 5 survivors (5120K)
 Metaspace       used 84089K, committed 85952K, reserved 1179648K
  class space    used 11442K, committed 12416K, reserved 1048576K
}
Event: 10.124 GC heap after
{Heap after GC invocations=38 (full 0):
 garbage-first heap   total 189440K, used 113569K [0x0000000080000000, 0x0000000100000000)
  region size 1024K, 9 young (9216K), 9 survivors (9216K)
 Metaspace       used 84089K, committed 85952K, reserved 1179648K
  class space    used 11442K, committed 12416K, reserved 1048576K
}
Event: 10.128 GC heap before
{Heap before GC invocations=38 (full 0):
 garbage-first heap   total 189440K, used 113569K [0x0000000080000000, 0x0000000100000000)
  region size 1024K, 10 young (10240K), 9 survivors (9216K)
 Metaspace       used 84091K, committed 85952K, reserved 1179648K
  class space    used 11442K, committed 12416K, reserved 1048576K
}
Event: 10.132 GC heap after
{Heap after GC invocations=39 (full 0):
 garbage-first heap   total 189440K, used 113715K [0x0000000080000000, 0x0000000100000000)
  region size 1024K, 1 young (1024K), 1 survivors (1024K)
 Metaspace       used 84091K, committed 85952K, reserved 1179648K
  class space    used 11442K, committed 12416K, reserved 1048576K
}
Event: 10.133 GC heap before
{Heap before GC invocations=39 (full 0):
 garbage-first heap   total 189440K, used 113715K [0x0000000080000000, 0x0000000100000000)
  region size 1024K, 3 young (3072K), 1 survivors (1024K)
 Metaspace       used 84092K, committed 85952K, reserved 1179648K
  class space    used 11442K, committed 12416K, reserved 1048576K
}
Event: 10.135 GC heap after
{Heap after GC invocations=40 (full 0):
 garbage-first heap   total 189440K, used 114360K [0x0000000080000000, 0x0000000100000000)
  region size 1024K, 2 young (2048K), 2 survivors (2048K)
 Metaspace       used 84092K, committed 85952K, reserved 1179648K
  class space    used 11442K, committed 12416K, reserved 1048576K
}
Event: 10.335 GC heap before
{Heap before GC invocations=41 (full 0):
 garbage-first heap   total 209920K, used 145080K [0x0000000080000000, 0x0000000100000000)
  region size 1024K, 31 young (31744K), 2 survivors (2048K)
 Metaspace       used 84866K, committed 86656K, reserved 1179648K
  class space    used 11553K, committed 12480K, reserved 1048576K
}
Event: 10.342 GC heap after
{Heap after GC invocations=42 (full 0):
 garbage-first heap   total 209920K, used 125144K [0x0000000080000000, 0x0000000100000000)
  region size 1024K, 4 young (4096K), 4 survivors (4096K)
 Metaspace       used 84866K, committed 86656K, reserved 1179648K
  class space    used 11553K, committed 12480K, reserved 1048576K
}
Event: 10.353 GC heap before
{Heap before GC invocations=42 (full 0):
 garbage-first heap   total 209920K, used 131288K [0x0000000080000000, 0x0000000100000000)
  region size 1024K, 10 young (10240K), 4 survivors (4096K)
 Metaspace       used 84895K, committed 86720K, reserved 1179648K
  class space    used 11553K, committed 12480K, reserved 1048576K
}

Deoptimization events (20 events):
Event: 10.328 Thread 0x000001e0a5084210 DEOPT PACKING pc=0x000001e08f8d0014 sp=0x0000003f023fd950
Event: 10.328 Thread 0x000001e0a5084210 DEOPT UNPACKING pc=0x000001e0878c5c23 sp=0x0000003f023fd8d8 mode 2
Event: 10.330 Thread 0x000001e0a5084210 Uncommon trap: trap_request=0xffffffde fr.pc=0x000001e08f8d0014 relative=0x0000000000000074
Event: 10.330 Thread 0x000001e0a5084210 Uncommon trap: reason=class_check action=maybe_recompile pc=0x000001e08f8d0014 method=com.android.tools.build.apkzlib.zip.CentralDirectoryHeader.getCompressionInfoWithWait()Lcom/android/tools/build/apkzlib/zip/CentralDirectoryHeaderCompressInfo; @ 4 c2
Event: 10.330 Thread 0x000001e0a5084210 DEOPT PACKING pc=0x000001e08f8d0014 sp=0x0000003f023fd920
Event: 10.330 Thread 0x000001e0a5084210 DEOPT UNPACKING pc=0x000001e0878c5c23 sp=0x0000003f023fd8a0 mode 2
Event: 10.331 Thread 0x000001e0a5084210 DEOPT PACKING pc=0x000001e088b0fe86 sp=0x0000003f023fd5c0
Event: 10.331 Thread 0x000001e0a5084210 DEOPT UNPACKING pc=0x000001e0878c6763 sp=0x0000003f023fcb20 mode 0
Event: 10.333 Thread 0x000001e0a5084210 Uncommon trap: trap_request=0xffffffde fr.pc=0x000001e08f8d0014 relative=0x0000000000000074
Event: 10.333 Thread 0x000001e0a5084210 Uncommon trap: reason=class_check action=maybe_recompile pc=0x000001e08f8d0014 method=com.android.tools.build.apkzlib.zip.CentralDirectoryHeader.getCompressionInfoWithWait()Lcom/android/tools/build/apkzlib/zip/CentralDirectoryHeaderCompressInfo; @ 4 c2
Event: 10.333 Thread 0x000001e0a5084210 DEOPT PACKING pc=0x000001e08f8d0014 sp=0x0000003f023fd930
Event: 10.333 Thread 0x000001e0a5084210 DEOPT UNPACKING pc=0x000001e0878c5c23 sp=0x0000003f023fd8b0 mode 2
Event: 10.344 Thread 0x000001e0a5084210 DEOPT PACKING pc=0x000001e088b0fe86 sp=0x0000003f023fd620
Event: 10.345 Thread 0x000001e0a5084210 DEOPT UNPACKING pc=0x000001e0878c6763 sp=0x0000003f023fcb80 mode 0
Event: 10.345 Thread 0x000001e0a5087bd0 Uncommon trap: trap_request=0xffffffcc fr.pc=0x000001e08f915d14 relative=0x00000000000023f4
Event: 10.345 Thread 0x000001e0a5087bd0 Uncommon trap: reason=intrinsic_or_type_checked_inlining action=make_not_entrant pc=0x000001e08f915d14 method=java.util.ArrayList$SubList.toArray([Ljava/lang/Object;)[Ljava/lang/Object; @ 58 c2
Event: 10.345 Thread 0x000001e0a5087bd0 DEOPT PACKING pc=0x000001e08f915d14 sp=0x0000003f022fc780
Event: 10.345 Thread 0x000001e0a5087bd0 DEOPT UNPACKING pc=0x000001e0878c5c23 sp=0x0000003f022fc708 mode 2
Event: 10.350 Thread 0x000001e0a5084210 DEOPT PACKING pc=0x000001e088b0fe86 sp=0x0000003f023fd6b0
Event: 10.350 Thread 0x000001e0a5084210 DEOPT UNPACKING pc=0x000001e0878c6763 sp=0x0000003f023fcc10 mode 0

Classes loaded (20 events):
Event: 10.317 Loading class sun/nio/cs/Surrogate
Event: 10.317 Loading class sun/nio/cs/Surrogate done
Event: 10.317 Loading class java/nio/StringCharBuffer
Event: 10.317 Loading class java/nio/StringCharBuffer done
Event: 10.318 Loading class sun/nio/cs/ThreadLocalCoders
Event: 10.318 Loading class sun/nio/cs/ThreadLocalCoders done
Event: 10.318 Loading class sun/nio/cs/ThreadLocalCoders$1
Event: 10.318 Loading class sun/nio/cs/ThreadLocalCoders$Cache
Event: 10.318 Loading class sun/nio/cs/ThreadLocalCoders$Cache done
Event: 10.318 Loading class sun/nio/cs/ThreadLocalCoders$1 done
Event: 10.318 Loading class sun/nio/cs/ThreadLocalCoders$2
Event: 10.318 Loading class sun/nio/cs/ThreadLocalCoders$2 done
Event: 10.319 Loading class java/util/zip/Deflater
Event: 10.320 Loading class java/util/zip/Deflater done
Event: 10.320 Loading class java/util/zip/Deflater$DeflaterZStreamRef
Event: 10.320 Loading class java/util/zip/Deflater$DeflaterZStreamRef done
Event: 10.329 Loading class java/util/TreeMap$AscendingSubMap
Event: 10.329 Loading class java/util/TreeMap$AscendingSubMap done
Event: 10.329 Loading class java/util/TreeMap$NavigableSubMap$SubMapKeyIterator
Event: 10.329 Loading class java/util/TreeMap$NavigableSubMap$SubMapKeyIterator done

Classes unloaded (7 events):
Event: 9.822 Thread 0x000001e09de2cb30 Unloading class 0x00000008016fdc00 'java/lang/invoke/LambdaForm$DMH+0x00000008016fdc00'
Event: 9.822 Thread 0x000001e09de2cb30 Unloading class 0x00000008016fd800 'java/lang/invoke/LambdaForm$DMH+0x00000008016fd800'
Event: 9.822 Thread 0x000001e09de2cb30 Unloading class 0x00000008016fd400 'java/lang/invoke/LambdaForm$DMH+0x00000008016fd400'
Event: 9.822 Thread 0x000001e09de2cb30 Unloading class 0x00000008016fcc00 'java/lang/invoke/LambdaForm$DMH+0x00000008016fcc00'
Event: 9.822 Thread 0x000001e09de2cb30 Unloading class 0x00000008016fc400 'java/lang/invoke/LambdaForm$DMH+0x00000008016fc400'
Event: 9.822 Thread 0x000001e09de2cb30 Unloading class 0x00000008016fc800 'java/lang/invoke/LambdaForm$DMH+0x00000008016fc800'
Event: 9.822 Thread 0x000001e09de2cb30 Unloading class 0x00000008016fd000 'java/lang/invoke/LambdaForm$DMH+0x00000008016fd000'

Classes redefined (0 events):
No events

Internal exceptions (20 events):
Event: 9.227 Thread 0x000001e0a6d5b130 Exception <a 'sun/nio/fs/WindowsException'{0x0000000088407060}> (0x0000000088407060) 
thrown [s\open\src\hotspot\share\prims\jni.cpp, line 516]
Event: 9.227 Thread 0x000001e0a6d5b130 Exception <a 'sun/nio/fs/WindowsException'{0x0000000088407420}> (0x0000000088407420) 
thrown [s\open\src\hotspot\share\prims\jni.cpp, line 516]
Event: 9.227 Thread 0x000001e0a6d5b130 Exception <a 'sun/nio/fs/WindowsException'{0x0000000088408280}> (0x0000000088408280) 
thrown [s\open\src\hotspot\share\prims\jni.cpp, line 516]
Event: 9.227 Thread 0x000001e0a6d5b130 Exception <a 'sun/nio/fs/WindowsException'{0x0000000088408548}> (0x0000000088408548) 
thrown [s\open\src\hotspot\share\prims\jni.cpp, line 516]
Event: 9.227 Thread 0x000001e0a6d5b130 Exception <a 'sun/nio/fs/WindowsException'{0x00000000884093c0}> (0x00000000884093c0) 
thrown [s\open\src\hotspot\share\prims\jni.cpp, line 516]
Event: 9.227 Thread 0x000001e0a6d5b130 Exception <a 'sun/nio/fs/WindowsException'{0x0000000088409628}> (0x0000000088409628) 
thrown [s\open\src\hotspot\share\prims\jni.cpp, line 516]
Event: 9.227 Thread 0x000001e0a6d5b130 Exception <a 'sun/nio/fs/WindowsException'{0x000000008840a470}> (0x000000008840a470) 
thrown [s\open\src\hotspot\share\prims\jni.cpp, line 516]
Event: 9.239 Thread 0x000001e0a6d5b130 Exception <a 'java/lang/NoSuchMethodError'{0x000000008834c058}: static Lcom/android/builder/internal/aapt/AaptOptions;.<clinit>()V> (0x000000008834c058) 
thrown [s\open\src\hotspot\share\prims\jni.cpp, line 1104]
Event: 9.242 Thread 0x000001e0a6d5b130 Exception <a 'java/lang/NoSuchMethodError'{0x000000008837e500}: static [Ljava/lang/Object;.<clinit>()V> (0x000000008837e500) 
thrown [s\open\src\hotspot\share\prims\jni.cpp, line 1104]
Event: 9.243 Thread 0x000001e0a6d5b130 Exception <a 'java/lang/NoSuchMethodError'{0x000000008838f088}: static Ljava/lang/Object;.<clinit>()V> (0x000000008838f088) 
thrown [s\open\src\hotspot\share\prims\jni.cpp, line 1104]
Event: 9.244 Thread 0x000001e0a6d5b130 Exception <a 'java/lang/NoSuchMethodError'{0x00000000883b2238}: static Lcom/android/build/api/variant/impl/VariantOutputImpl$SerializedForm;.<clinit>()V> (0x00000000883b2238) 
thrown [s\open\src\hotspot\share\prims\jni.cpp, line 1104]
Event: 9.245 Thread 0x000001e0a6d5b130 Exception <a 'java/lang/NoSuchMethodError'{0x00000000883c4878}: static Lcom/android/build/api/variant/impl/VariantOutputConfigurationImpl;.<clinit>()V> (0x00000000883c4878) 
thrown [s\open\src\hotspot\share\prims\jni.cpp, line 1104]
Event: 9.401 Thread 0x000001e0a6d5d7b0 Exception <a 'java/lang/NoSuchMethodError'{0x000000008b1a9148}: 'int java.lang.invoke.DirectMethodHandle$Holder.invokeSpecial(java.lang.Object, java.lang.Object, java.lang.Object, java.lang.Object, java.lang.Object)'> (0x000000008b1a9148) 
thrown [s\open\src\hotspot\share\interpreter\linkResolver.cpp, line 766]
Event: 9.410 Thread 0x000001e0a6d5d7b0 Exception <a 'sun/nio/fs/WindowsException'{0x000000008b072a68}> (0x000000008b072a68) 
thrown [s\open\src\hotspot\share\prims\jni.cpp, line 516]
Event: 9.411 Thread 0x000001e0a6d5d7b0 Exception <a 'sun/nio/fs/WindowsException'{0x000000008b0738a8}> (0x000000008b0738a8) 
thrown [s\open\src\hotspot\share\prims\jni.cpp, line 516]
Event: 9.422 Thread 0x000001e0a5084210 Exception <a 'sun/nio/fs/WindowsException'{0x000000008ae150b0}> (0x000000008ae150b0) 
thrown [s\open\src\hotspot\share\prims\jni.cpp, line 516]
Event: 9.422 Thread 0x000001e0a5084210 Exception <a 'sun/nio/fs/WindowsException'{0x000000008ae15320}> (0x000000008ae15320) 
thrown [s\open\src\hotspot\share\prims\jni.cpp, line 516]
Event: 9.944 Thread 0x000001e0a50846e0 Exception <a 'sun/nio/fs/WindowsException'{0x000000008999c440}> (0x000000008999c440) 
thrown [s\open\src\hotspot\share\prims\jni.cpp, line 516]
Event: 10.102 Thread 0x000001e0a50846e0 Exception <a 'java/lang/NoSuchMethodError'{0x000000008813ead8}: 'java.lang.Object java.lang.invoke.DirectMethodHandle$Holder.invokeStaticInit(java.lang.Object, java.lang.Object, java.lang.Object, java.lang.Object, java.lang.Object, java.lang.Object, java.lang.Object, java.lang.Object, java.lang.Object, java.lang.Object, java.lang.Object, java.lang.Object, java.lang.Object, java.lang.Object, java.lang.Object, java.lang.Object, java.lang.Object, java.lang.Object, int, java.lang.Object, java.lang.Object)'> (0
Event: 10.256 Thread 0x000001e0a5084210 Exception <a 'java/lang/NoSuchMethodError'{0x000000008c9fd9d8}: 'java.lang.Object java.lang.invoke.DirectMethodHandle$Holder.invokeVirtual(java.lang.Object, java.lang.Object, int)'> (0x000000008c9fd9d8) 
thrown [s\open\src\hotspot\share\interpreter\linkResolver.cpp, line 766]

VM Operations (20 events):
Event: 9.895 Executing VM operation: G1Concurrent done
Event: 9.948 Executing VM operation: HandshakeAllThreads
Event: 9.948 Executing VM operation: HandshakeAllThreads done
Event: 9.986 Executing VM operation: HandshakeAllThreads
Event: 9.986 Executing VM operation: HandshakeAllThreads done
Event: 10.116 Executing VM operation: G1CollectForAllocation
Event: 10.125 Executing VM operation: G1CollectForAllocation done
Event: 10.128 Executing VM operation: G1CollectForAllocation
Event: 10.132 Executing VM operation: G1CollectForAllocation done
Event: 10.133 Executing VM operation: G1TryInitiateConcMark
Event: 10.135 Executing VM operation: G1TryInitiateConcMark done
Event: 10.231 Executing VM operation: G1Concurrent
Event: 10.236 Executing VM operation: G1Concurrent done
Event: 10.276 Executing VM operation: G1Concurrent
Event: 10.276 Executing VM operation: G1Concurrent done
Event: 10.305 Executing VM operation: HandshakeAllThreads
Event: 10.305 Executing VM operation: HandshakeAllThreads done
Event: 10.335 Executing VM operation: G1CollectForAllocation
Event: 10.342 Executing VM operation: G1CollectForAllocation done
Event: 10.353 Executing VM operation: G1CollectForAllocation

Events (20 events):
Event: 9.149 Thread 0x000001e09de62c90 flushing nmethod 0x000001e088e09190
Event: 9.149 Thread 0x000001e09de62c90 flushing nmethod 0x000001e088e19c90
Event: 9.149 Thread 0x000001e09de62c90 flushing nmethod 0x000001e088e1c410
Event: 9.149 Thread 0x000001e09de62c90 flushing nmethod 0x000001e088e1c790
Event: 9.149 Thread 0x000001e09de62c90 flushing nmethod 0x000001e088e1d590
Event: 9.149 Thread 0x000001e09de62c90 flushing nmethod 0x000001e088e1f410
Event: 9.149 Thread 0x000001e09de62c90 flushing nmethod 0x000001e088e1fc90
Event: 9.149 Thread 0x000001e09de62c90 flushing nmethod 0x000001e088e28d90
Event: 9.149 Thread 0x000001e09de62c90 flushing nmethod 0x000001e088e2b690
Event: 9.149 Thread 0x000001e09de62c90 flushing nmethod 0x000001e088e2c390
Event: 9.149 Thread 0x000001e09de62c90 flushing nmethod 0x000001e088e43410
Event: 9.149 Thread 0x000001e09de62c90 flushing nmethod 0x000001e088e68490
Event: 9.149 Thread 0x000001e09de62c90 flushing nmethod 0x000001e088e6bd90
Event: 9.150 Thread 0x000001e09de62c90 flushing nmethod 0x000001e088eebf90
Event: 9.150 Thread 0x000001e09de62c90 flushing nmethod 0x000001e088f7ec10
Event: 9.248 Thread 0x000001e0a5087bd0 Thread added: 0x000001e0a5087bd0
Event: 9.418 Thread 0x000001e0a5084210 Thread added: 0x000001e0a5084210
Event: 9.637 Thread 0x000001e0a5086890 Thread added: 0x000001e0a5086890
Event: 9.748 Thread 0x000001e0a5088570 Thread added: 0x000001e0a5088570
Event: 9.748 Thread 0x000001e0a50846e0 Thread added: 0x000001e0a50846e0


Dynamic libraries:
0x00007ff698540000 - 0x00007ff698550000 	C:\Program Files\Java\jdk-18.0.1.1\bin\java.exe
0x00007ffb4f070000 - 0x00007ffb4f267000 	C:\Windows\SYSTEM32\ntdll.dll
0x00007ffb4d2b0000 - 0x00007ffb4d36d000 	C:\Windows\System32\KERNEL32.DLL
0x00007ffb4c9e0000 - 0x00007ffb4ccad000 	C:\Windows\System32\KERNELBASE.dll
0x00007ffb4cd50000 - 0x00007ffb4ce50000 	C:\Windows\System32\ucrtbase.dll
0x00007ffb34cb0000 - 0x00007ffb34cca000 	C:\Program Files\Java\jdk-18.0.1.1\bin\VCRUNTIME140.dll
0x00007ffb34580000 - 0x00007ffb34598000 	C:\Program Files\Java\jdk-18.0.1.1\bin\jli.dll
0x00007ffb4eeb0000 - 0x00007ffb4ef5e000 	C:\Windows\System32\ADVAPI32.dll
0x00007ffb4d9f0000 - 0x00007ffb4da8e000 	C:\Windows\System32\msvcrt.dll
0x00007ffb4e2a0000 - 0x00007ffb4e33c000 	C:\Windows\System32\sechost.dll
0x00007ffb4d860000 - 0x00007ffb4d985000 	C:\Windows\System32\RPCRT4.dll
0x00007ffb4e560000 - 0x00007ffb4e700000 	C:\Windows\System32\USER32.dll
0x00007ffb4c800000 - 0x00007ffb4c822000 	C:\Windows\System32\win32u.dll
0x00007ffb374c0000 - 0x00007ffb3775a000 	C:\Windows\WinSxS\amd64_microsoft.windows.common-controls_6595b64144ccf1df_6.0.19041.1110_none_60b5254171f9507e\COMCTL32.dll
0x00007ffb4e250000 - 0x00007ffb4e27a000 	C:\Windows\System32\GDI32.dll
0x00007ffb4cfc0000 - 0x00007ffb4d0cb000 	C:\Windows\System32\gdi32full.dll
0x00007ffb4ccb0000 - 0x00007ffb4cd4d000 	C:\Windows\System32\msvcp_win.dll
0x00007ffb40be0000 - 0x00007ffb40bea000 	C:\Windows\SYSTEM32\VERSION.dll
0x00007ffb4e220000 - 0x00007ffb4e250000 	C:\Windows\System32\IMM32.DLL
0x00007ffb433b0000 - 0x00007ffb433bc000 	C:\Program Files\Java\jdk-18.0.1.1\bin\vcruntime140_1.dll
0x00007ffb0bfc0000 - 0x00007ffb0c04d000 	C:\Program Files\Java\jdk-18.0.1.1\bin\msvcp140.dll
0x00007ffaecd90000 - 0x00007ffaed9a0000 	C:\Program Files\Java\jdk-18.0.1.1\bin\server\jvm.dll
0x00007ffb4dd30000 - 0x00007ffb4dd38000 	C:\Windows\System32\PSAPI.DLL
0x00007ffb2bdb0000 - 0x00007ffb2bdb9000 	C:\Windows\SYSTEM32\WSOCK32.dll
0x00007ffb35690000 - 0x00007ffb356b7000 	C:\Windows\SYSTEM32\WINMM.dll
0x00007ffb4dd40000 - 0x00007ffb4ddab000 	C:\Windows\System32\WS2_32.dll
0x00007ffb4afe0000 - 0x00007ffb4aff2000 	C:\Windows\SYSTEM32\kernel.appcore.dll
0x00007ffb40d50000 - 0x00007ffb40d5a000 	C:\Program Files\Java\jdk-18.0.1.1\bin\jimage.dll
0x00007ffb4ab40000 - 0x00007ffb4ad24000 	C:\Windows\SYSTEM32\DBGHELP.DLL
0x00007ffb2f2a0000 - 0x00007ffb2f2cc000 	C:\Windows\SYSTEM32\dbgcore.DLL
0x00007ffb4cf30000 - 0x00007ffb4cfb2000 	C:\Windows\System32\bcryptPrimitives.dll
0x00007ffb34410000 - 0x00007ffb34435000 	C:\Program Files\Java\jdk-18.0.1.1\bin\java.dll
0x00007ffb0b3c0000 - 0x00007ffb0b496000 	C:\Program Files\Java\jdk-18.0.1.1\bin\jsvml.dll
0x00007ffb4e700000 - 0x00007ffb4ee44000 	C:\Windows\System32\SHELL32.dll
0x00007ffb4a1f0000 - 0x00007ffb4a984000 	C:\Windows\SYSTEM32\windows.storage.dll
0x00007ffb4d500000 - 0x00007ffb4d854000 	C:\Windows\System32\combase.dll
0x00007ffb4c1f0000 - 0x00007ffb4c21c000 	C:\Windows\SYSTEM32\Wldp.dll
0x00007ffb4d0d0000 - 0x00007ffb4d17d000 	C:\Windows\System32\SHCORE.dll
0x00007ffb4ee50000 - 0x00007ffb4eea5000 	C:\Windows\System32\shlwapi.dll
0x00007ffb4c6d0000 - 0x00007ffb4c6ef000 	C:\Windows\SYSTEM32\profapi.dll
0x00007ffb34560000 - 0x00007ffb34573000 	C:\Program Files\Java\jdk-18.0.1.1\bin\net.dll
0x00007ffb43b60000 - 0x00007ffb43c6a000 	C:\Windows\SYSTEM32\WINHTTP.dll
0x00007ffb4bf50000 - 0x00007ffb4bfba000 	C:\Windows\system32\mswsock.dll
0x00007ffb343f0000 - 0x00007ffb34406000 	C:\Program Files\Java\jdk-18.0.1.1\bin\nio.dll
0x00007ffb343d0000 - 0x00007ffb343e8000 	C:\Program Files\Java\jdk-18.0.1.1\bin\zip.dll
0x00007ffb36ad0000 - 0x00007ffb36ae0000 	C:\Program Files\Java\jdk-18.0.1.1\bin\verify.dll
0x00007ffb34ab0000 - 0x00007ffb34ad7000 	C:\Program Files\Android\gradle-7.3.3\native\e1d6ef7f7dcc3fd88c89a11ec53ec762bb8ba0a96d01ffa2cd45eb1d1d8dd5c5\windows-amd64\native-platform.dll
0x00007ffaee780000 - 0x00007ffaee8c4000 	C:\Program Files\Android\gradle-7.3.3\native\5664cfc778a61ccfe75a443a1ab52a65af34e5dc3c78e0209fed803814484fcb\windows-amd64\native-platform-file-events.dll
0x00007ffb36960000 - 0x00007ffb36969000 	C:\Program Files\Java\jdk-18.0.1.1\bin\management.dll
0x00007ffb35b30000 - 0x00007ffb35b3b000 	C:\Program Files\Java\jdk-18.0.1.1\bin\management_ext.dll
0x00007ffb4c140000 - 0x00007ffb4c158000 	C:\Windows\SYSTEM32\CRYPTSP.dll
0x00007ffb4b830000 - 0x00007ffb4b864000 	C:\Windows\system32\rsaenh.dll
0x00007ffb4cf00000 - 0x00007ffb4cf27000 	C:\Windows\System32\bcrypt.dll
0x00007ffb4c650000 - 0x00007ffb4c67e000 	C:\Windows\SYSTEM32\USERENV.dll
0x00007ffb4c160000 - 0x00007ffb4c16c000 	C:\Windows\SYSTEM32\CRYPTBASE.dll
0x00007ffb4bbf0000 - 0x00007ffb4bc2b000 	C:\Windows\SYSTEM32\IPHLPAPI.DLL
0x00007ffb4e460000 - 0x00007ffb4e468000 	C:\Windows\System32\NSI.dll
0x00007ffb40ba0000 - 0x00007ffb40bb7000 	C:\Windows\SYSTEM32\dhcpcsvc6.DLL
0x00007ffb3bf80000 - 0x00007ffb3bf9d000 	C:\Windows\SYSTEM32\dhcpcsvc.DLL
0x00007ffb4bc40000 - 0x00007ffb4bd0b000 	C:\Windows\SYSTEM32\DNSAPI.dll

dbghelp: loaded successfully - version: 4.0.5 - missing functions: none
symbol engine: initialized successfully - sym options: 0x614 - pdb path: .;C:\Program Files\Java\jdk-18.0.1.1\bin;C:\Windows\SYSTEM32;C:\Windows\WinSxS\amd64_microsoft.windows.common-controls_6595b64144ccf1df_6.0.19041.1110_none_60b5254171f9507e;C:\Program Files\Java\jdk-18.0.1.1\bin\server;C:\Program Files\Android\gradle-7.3.3\native\e1d6ef7f7dcc3fd88c89a11ec53ec762bb8ba0a96d01ffa2cd45eb1d1d8dd5c5\windows-amd64;C:\Program Files\Android\gradle-7.3.3\native\5664cfc778a61ccfe75a443a1ab52a65af34e5dc3c78e0209fed803814484fcb\windows-amd64

VM Arguments:
jvm_args: --add-opens=java.base/java.util=ALL-UNNAMED --add-opens=java.base/java.lang=ALL-UNNAMED --add-opens=java.base/java.lang.invoke=ALL-UNNAMED --add-opens=java.base/java.util=ALL-UNNAMED --add-opens=java.prefs/java.util.prefs=ALL-UNNAMED --add-opens=java.prefs/java.util.prefs=ALL-UNNAMED --add-opens=java.base/java.nio.charset=ALL-UNNAMED --add-opens=java.base/java.net=ALL-UNNAMED --add-opens=java.base/java.util.concurrent.atomic=ALL-UNNAMED -Xmx2048m -Dfile.encoding=UTF-8 -Duser.country=IN -Duser.language=en -Duser.variant 
java_command: org.gradle.launcher.daemon.bootstrap.GradleDaemon 7.3.3
java_class_path (initial): C:\Program Files\Android\gradle-7.3.3\lib\gradle-launcher-7.3.3.jar
Launcher Type: SUN_STANDARD

[Global flags]
     intx CICompilerCount                          = 4                                         {product} {ergonomic}
     uint ConcGCThreads                            = 2                                         {product} {ergonomic}
     uint G1ConcRefinementThreads                  = 8                                         {product} {ergonomic}
   size_t G1HeapRegionSize                         = 1048576                                   {product} {ergonomic}
    uintx GCDrainStackTargetSize                   = 64                                        {product} {ergonomic}
   size_t InitialHeapSize                          = 132120576                                 {product} {ergonomic}
   size_t MarkStackSize                            = 4194304                                   {product} {ergonomic}
   size_t MaxHeapSize                              = 2147483648                                {product} {command line}
   size_t MaxNewSize                               = 1287651328                                {product} {ergonomic}
   size_t MinHeapDeltaBytes                        = 1048576                                   {product} {ergonomic}
   size_t MinHeapSize                              = 8388608                                   {product} {ergonomic}
    uintx NonNMethodCodeHeapSize                   = 5839372                                {pd product} {ergonomic}
    uintx NonProfiledCodeHeapSize                  = 122909434                              {pd product} {ergonomic}
    uintx ProfiledCodeHeapSize                     = 122909434                              {pd product} {ergonomic}
    uintx ReservedCodeCacheSize                    = 251658240                              {pd product} {ergonomic}
     bool SegmentedCodeCache                       = true                                      {product} {ergonomic}
   size_t SoftMaxHeapSize                          = 2147483648                             {manageable} {ergonomic}
     bool UseCompressedClassPointers               = true                           {product lp64_product} {ergonomic}
     bool UseCompressedOops                        = true                           {product lp64_product} {ergonomic}
     bool UseG1GC                                  = true                                      {product} {ergonomic}
     bool UseLargePagesIndividualAllocation        = false                                  {pd product} {ergonomic}

Logging:
Log output configuration:
 #0: stdout all=warning uptime,level,tags foldmultilines=false
 #1: stderr all=off uptime,level,tags foldmultilines=false

Environment Variables:
JAVA_HOME=C:\Program Files\Java\jdk-18.0.1.1
PATH=C:\Program Files\Common Files\Oracle\Java\javapath;C:\Windows\system32;C:\Windows;C:\Windows\System32\Wbem;C:\Windows\System32\WindowsPowerShell\v1.0\;C:\Windows\System32\OpenSSH\;C:\Program Files\Git\cmd;C:\Users\suraj\AppData\Local\Microsoft\WindowsApps
USERNAME=suraj
OS=Windows_NT
PROCESSOR_IDENTIFIER=Intel64 Family 6 Model 140 Stepping 1, GenuineIntel



---------------  S Y S T E M  ---------------

OS:
 Windows 10 , 64 bit Build 19041 (10.0.19041.1741)
OS uptime: 0 days 3:10 hours
Hyper-V role detected

CPU: total 8 (initial active 8) (4 cores per cpu, 2 threads per core) family 6 model 140 stepping 1 microcode 0x86, cx8, cmov, fxsr, ht, mmx, 3dnowpref, sse, sse2, sse3, ssse3, sse4.1, sse4.2, popcnt, lzcnt, tsc, tscinvbit, avx, avx2, aes, erms, clmul, bmi1, bmi2, adx, avx512f, avx512dq, avx512cd, avx512bw, avx512vl, sha, fma, vzeroupper, avx512_vpopcntdq, avx512_vpclmulqdq, avx512_vaes, avx512_vnni, clflush, clflushopt, clwb, avx512_vbmi2, avx512_vbmi, hv

Memory: 4k page, system-wide physical 7987M (549M free)
TotalPageFile size 7987M (AvailPageFile size 282M)
current process WorkingSet (physical memory assigned to process): 466M, peak: 466M
current process commit charge ("private bytes"): 514M, peak: 845M

vm_info: Java HotSpot(TM) 64-Bit Server VM (18.0.1.1+2-6) for windows-amd64 JRE (18.0.1.1+2-6), built on Apr 25 2022 21:53:15 by "mach5one" with MS VC++ 16.8 / 16.9 (VS2019)

END.
