#
# There is insufficient memory for the Java Runtime Environment to continue.
# Native memory allocation (malloc) failed to allocate 645936 bytes for Chunk::new
# Possible reasons:
#   The system is out of physical RAM or swap space
#   The process is running with CompressedOops enabled, and the Java Heap may be blocking the growth of the native heap
# Possible solutions:
#   Reduce memory load on the system
#   Increase physical memory or swap space
#   Check if swap backing store is full
#   Decrease Java heap size (-Xmx/-Xms)
#   Decrease number of Java threads
#   Decrease Java thread stack sizes (-Xss)
#   Set larger code cache with -XX:ReservedCodeCacheSize=
#   JVM is running with Unscaled Compressed Oops mode in which the Java heap is
#     placed in the first 4GB address space. The Java Heap base address is the
#     maximum limit for the native heap growth. Please use -XX:HeapBaseMinAddress
#     to set the Java Heap base and to place the Java Heap above 4GB virtual address.
# This output file may be truncated or incomplete.
#
#  Out of Memory Error (arena.cpp:184), pid=7344, tid=4996
#
# JRE version: Java(TM) SE Runtime Environment (18.0.1.1+2) (build 18.0.1.1+2-6)
# Java VM: Java HotSpot(TM) 64-Bit Server VM (18.0.1.1+2-6, mixed mode, sharing, tiered, compressed oops, compressed class ptrs, g1 gc, windows-amd64)
# No core dump will be written. Minidumps are not enabled by default on client versions of Windows
#

---------------  S U M M A R Y ------------

Command Line: --add-opens=java.base/java.util=ALL-UNNAMED --add-opens=java.base/java.lang=ALL-UNNAMED --add-opens=java.base/java.lang.invoke=ALL-UNNAMED --add-opens=java.base/java.util=ALL-UNNAMED --add-opens=java.prefs/java.util.prefs=ALL-UNNAMED --add-opens=java.prefs/java.util.prefs=ALL-UNNAMED --add-opens=java.base/java.nio.charset=ALL-UNNAMED --add-opens=java.base/java.net=ALL-UNNAMED --add-opens=java.base/java.util.concurrent.atomic=ALL-UNNAMED -Xmx2048m -Dfile.encoding=UTF-8 -Duser.country=IN -Duser.language=en -Duser.variant org.gradle.launcher.daemon.bootstrap.GradleDaemon 7.3.3

Host: 11th Gen Intel(R) Core(TM) i5-1135G7 @ 2.40GHz, 8 cores, 7G,  Windows 11 , 64 bit Build 22621 (10.0.22621.1105)
Time: Thu Feb  2 21:21:05 2023 India Standard Time elapsed time: 7.193858 seconds (0d 0h 0m 7s)

---------------  T H R E A D  ---------------

Current thread (0x0000015dc02b7c00):  JavaThread "C2 CompilerThread1" daemon [_thread_in_native, id=4996, stack(0x0000000aa4d00000,0x0000000aa4e00000)]


Current CompileTask:
C2:   7193 6761       4       org.objectweb.asm.MethodWriter::computeAllFrames (510 bytes)

Stack: [0x0000000aa4d00000,0x0000000aa4e00000]
Native frames: (J=compiled Java code, j=interpreted, Vv=VM code, C=native code)
V  [jvm.dll+0x69887a]
V  [jvm.dll+0x7f38bd]
V  [jvm.dll+0x7f51ce]
V  [jvm.dll+0x7f5883]
V  [jvm.dll+0x25ca3f]
V  [jvm.dll+0xb8c2f]
V  [jvm.dll+0xb8fa5]
V  [jvm.dll+0x385a6b]
V  [jvm.dll+0x34f811]
V  [jvm.dll+0x34ecaa]
V  [jvm.dll+0x22fc21]
V  [jvm.dll+0x22eff1]
V  [jvm.dll+0x1b9cfc]
V  [jvm.dll+0x23e8ca]
V  [jvm.dll+0x23cbb5]
V  [jvm.dll+0x7a5fb1]
V  [jvm.dll+0x7a03ea]
V  [jvm.dll+0x697725]
C  [ucrtbase.dll+0x29363]
C  [KERNEL32.DLL+0x126bd]
C  [ntdll.dll+0x5dfb8]


---------------  P R O C E S S  ---------------

Threads class SMR info:
_java_thread_list=0x0000015dc02a47d0, length=125, elements={
0x0000015d9dcd0880, 0x0000015dbbf0fbe0, 0x0000015dbbf10580, 0x0000015dbbf29be0,
0x0000015dbbf2c590, 0x0000015dbbf2ef40, 0x0000015dbbf2f8e0, 0x0000015dbbf325c0,
0x0000015dbbf32fa0, 0x0000015dbbf33890, 0x0000015dc01b8f10, 0x0000015dc01b95f0,
0x0000015dc02b7c00, 0x0000015dc0f7a310, 0x0000015dc13f3ba0, 0x0000015dc117b010,
0x0000015dc19320e0, 0x0000015dc1c63030, 0x0000015dc195ce30, 0x0000015dc19184e0,
0x0000015dc1c0bbc0, 0x0000015dc1c0a880, 0x0000015dc1c0a3b0, 0x0000015dc1c0ad50,
0x0000015dc1c09070, 0x0000015dc1c09ee0, 0x0000015dc1c0c560, 0x0000015dc1c0ca30,
0x0000015dc1c09a10, 0x0000015dc1c0b220, 0x0000015dc1c0c090, 0x0000015dc1fcf210,
0x0000015dc1fce3a0, 0x0000015dc1fcbd20, 0x0000015dc1fcd530, 0x0000015dc1fcb380,
0x0000015dc1fce870, 0x0000015dc1fcc6c0, 0x0000015dc1fd0ef0, 0x0000015dc1fced40,
0x0000015dc1fca040, 0x0000015dc1fccb90, 0x0000015dc1fcaeb0, 0x0000015dc1fd13c0,
0x0000015dc1fca510, 0x0000015dc1fcd060, 0x0000015dc1fcf6e0, 0x0000015dc1fcfbb0,
0x0000015dc1fca9e0, 0x0000015dc3ca5eb0, 0x0000015dc3ca24f0, 0x0000015dc3ca8ed0,
0x0000015dc3ca3830, 0x0000015dc3ca59e0, 0x0000015dc3ca1b50, 0x0000015dc3ca6380,
0x0000015dc3ca6d20, 0x0000015dc3ca71f0, 0x0000015dc3ca76c0, 0x0000015dc3ca3d00,
0x0000015dc3ca41d0, 0x0000015dc3ca46a0, 0x0000015dc3ca2e90, 0x0000015dc3ca29c0,
0x0000015dc3ca3360, 0x0000015dc3ca7b90, 0x0000015dc3ca8060, 0x0000015dc3ca6850,
0x0000015dc3ca8530, 0x0000015dc3ca4b70, 0x0000015dc3ca2020, 0x0000015dc3ca5040,
0x0000015dc3ca8a00, 0x0000015dc3ca5510, 0x0000015dc3ca1680, 0x0000015dc3cf0550,
0x0000015dc3cee870, 0x0000015dc3cf1d60, 0x0000015dc3cea510, 0x0000015dc3cea9e0,
0x0000015dc3cec1f0, 0x0000015dc3cf0ef0, 0x0000015dc3ceded0, 0x0000015dc3ceda00,
0x0000015dc3ceb380, 0x0000015dc3ceb850, 0x0000015dc3cec6c0, 0x0000015dc3ceaeb0,
0x0000015dc3cebd20, 0x0000015dc3cecb90, 0x0000015dc3ced060, 0x0000015dc3ced530,
0x0000015dc3cee3a0, 0x0000015dc3ceed40, 0x0000015dc3cef210, 0x0000015dc3cef6e0,
0x0000015dc3cefbb0, 0x0000015dc3cf0080, 0x0000015dc3cf0a20, 0x0000015dc3cf13c0,
0x0000015dc3cf1890, 0x0000015dc2a52450, 0x0000015dc2a52920, 0x0000015dc2a52df0,
0x0000015dc2a53c60, 0x0000015dc2a53790, 0x0000015dc2a55470, 0x0000015dc2a532c0,
0x0000015dc2a502a0, 0x0000015dc2a51ab0, 0x0000015dc2a54130, 0x0000015dc2a55e10,
0x0000015dc2a55940, 0x0000015dc2a4f900, 0x0000015dc2a562e0, 0x0000015dc2a54ad0,
0x0000015dc2a515e0, 0x0000015dc2a50770, 0x0000015dc2a4ea90, 0x0000015dc2a54600,
0x0000015dc2a54fa0, 0x0000015dc2a4ef60, 0x0000015dc2a4f430, 0x0000015dc2a4fdd0,
0x0000015dc1fd0550
}

Java Threads: ( => current thread )
  0x0000015d9dcd0880 JavaThread "main" [_thread_blocked, id=1996, stack(0x0000000aa3a00000,0x0000000aa3b00000)]
  0x0000015dbbf0fbe0 JavaThread "Reference Handler" daemon [_thread_blocked, id=14160, stack(0x0000000aa4100000,0x0000000aa4200000)]
  0x0000015dbbf10580 JavaThread "Finalizer" daemon [_thread_blocked, id=6040, stack(0x0000000aa4200000,0x0000000aa4300000)]
  0x0000015dbbf29be0 JavaThread "Signal Dispatcher" daemon [_thread_blocked, id=14884, stack(0x0000000aa4300000,0x0000000aa4400000)]
  0x0000015dbbf2c590 JavaThread "Attach Listener" daemon [_thread_blocked, id=9256, stack(0x0000000aa4400000,0x0000000aa4500000)]
  0x0000015dbbf2ef40 JavaThread "Service Thread" daemon [_thread_blocked, id=11608, stack(0x0000000aa4500000,0x0000000aa4600000)]
  0x0000015dbbf2f8e0 JavaThread "Monitor Deflation Thread" daemon [_thread_blocked, id=11604, stack(0x0000000aa4600000,0x0000000aa4700000)]
  0x0000015dbbf325c0 JavaThread "C2 CompilerThread0" daemon [_thread_blocked, id=1816, stack(0x0000000aa4700000,0x0000000aa4800000)]
  0x0000015dbbf32fa0 JavaThread "C1 CompilerThread0" daemon [_thread_blocked, id=15232, stack(0x0000000aa4800000,0x0000000aa4900000)]
  0x0000015dbbf33890 JavaThread "Sweeper thread" daemon [_thread_blocked, id=9416, stack(0x0000000aa4900000,0x0000000aa4a00000)]
  0x0000015dc01b8f10 JavaThread "Common-Cleaner" daemon [_thread_blocked, id=14764, stack(0x0000000aa4a00000,0x0000000aa4b00000)]
  0x0000015dc01b95f0 JavaThread "Notification Thread" daemon [_thread_blocked, id=2816, stack(0x0000000aa4b00000,0x0000000aa4c00000)]
=>0x0000015dc02b7c00 JavaThread "C2 CompilerThread1" daemon [_thread_in_native, id=4996, stack(0x0000000aa4d00000,0x0000000aa4e00000)]
  0x0000015dc0f7a310 JavaThread "Daemon health stats" [_thread_blocked, id=3624, stack(0x0000000aa5500000,0x0000000aa5600000)]
  0x0000015dc13f3ba0 JavaThread "Incoming local TCP Connector on port 49914" [_thread_in_native, id=11552, stack(0x0000000aa5600000,0x0000000aa5700000)]
  0x0000015dc117b010 JavaThread "Daemon periodic checks" [_thread_blocked, id=8884, stack(0x0000000aa5700000,0x0000000aa5800000)]
  0x0000015dc19320e0 JavaThread "Daemon" [_thread_blocked, id=5640, stack(0x0000000aa5800000,0x0000000aa5900000)]
  0x0000015dc1c63030 JavaThread "Handler for socket connection from /127.0.0.1:49914 to /127.0.0.1:49915" [_thread_in_native, id=12220, stack(0x0000000aa5900000,0x0000000aa5a00000)]
  0x0000015dc195ce30 JavaThread "Cancel handler" [_thread_blocked, id=7080, stack(0x0000000aa5a00000,0x0000000aa5b00000)]
  0x0000015dc19184e0 JavaThread "Daemon worker" [_thread_blocked, id=6316, stack(0x0000000aa5b00000,0x0000000aa5c00000)]
  0x0000015dc1c0bbc0 JavaThread "Asynchronous log dispatcher for DefaultDaemonConnection: socket connection from /127.0.0.1:49914 to /127.0.0.1:49915" [_thread_blocked, id=7840, stack(0x0000000aa5c00000,0x0000000aa5d00000)]
  0x0000015dc1c0a880 JavaThread "Stdin handler" [_thread_blocked, id=6544, stack(0x0000000aa5d00000,0x0000000aa5e00000)]
  0x0000015dc1c0a3b0 JavaThread "Daemon client event forwarder" [_thread_blocked, id=12592, stack(0x0000000aa5e00000,0x0000000aa5f00000)]
  0x0000015dc1c0ad50 JavaThread "Cache worker for journal cache (C:\Program Files\Android\gradle-7.3.3\caches\journal-1)" [_thread_blocked, id=604, stack(0x0000000aa5f00000,0x0000000aa6000000)]
  0x0000015dc1c09070 JavaThread "File lock request listener" [_thread_in_native, id=8504, stack(0x0000000aa6000000,0x0000000aa6100000)]
  0x0000015dc1c09ee0 JavaThread "Cache worker for file hash cache (C:\Program Files\Android\gradle-7.3.3\caches\7.3.3\fileHashes)" [_thread_blocked, id=12064, stack(0x0000000aa6100000,0x0000000aa6200000)]
  0x0000015dc1c0c560 JavaThread "Cache worker for file hash cache (D:\EmailLogin\.gradle\7.3.3\fileHashes)" [_thread_blocked, id=12272, stack(0x0000000aa6200000,0x0000000aa6300000)]
  0x0000015dc1c0ca30 JavaThread "File watcher server" daemon [_thread_in_native, id=12060, stack(0x0000000aa6300000,0x0000000aa6400000)]
  0x0000015dc1c09a10 JavaThread "File watcher consumer" daemon [_thread_blocked, id=2964, stack(0x0000000aa6400000,0x0000000aa6500000)]
  0x0000015dc1c0b220 JavaThread "Cache worker for checksums cache (D:\EmailLogin\.gradle\7.3.3\checksums)" [_thread_blocked, id=7620, stack(0x0000000aa6600000,0x0000000aa6700000)]
  0x0000015dc1c0c090 JavaThread "Cache worker for cache directory md-supplier (C:\Program Files\Android\gradle-7.3.3\caches\7.3.3\md-supplier)" [_thread_blocked, id=14472, stack(0x0000000aa6700000,0x0000000aa6800000)]
  0x0000015dc1fcf210 JavaThread "Cache worker for cache directory md-rule (C:\Program Files\Android\gradle-7.3.3\caches\7.3.3\md-rule)" [_thread_blocked, id=1168, stack(0x0000000aa6900000,0x0000000aa6a00000)]
  0x0000015dc1fce3a0 JavaThread "Cache worker for execution history cache (C:\Program Files\Android\gradle-7.3.3\caches\7.3.3\executionHistory)" [_thread_blocked, id=3224, stack(0x0000000aa6a00000,0x0000000aa6b00000)]
  0x0000015dc1fcbd20 JavaThread "jar transforms" [_thread_blocked, id=11072, stack(0x0000000aa6b00000,0x0000000aa6c00000)]
  0x0000015dc1fcd530 JavaThread "Cache worker for file content cache (C:\Program Files\Android\gradle-7.3.3\caches\7.3.3\fileContent)" [_thread_blocked, id=8300, stack(0x0000000aa6c00000,0x0000000aa6d00000)]
  0x0000015dc1fcb380 JavaThread "jar transforms Thread 2" [_thread_blocked, id=11992, stack(0x0000000aa6d00000,0x0000000aa6e00000)]
  0x0000015dc1fce870 JavaThread "Cache worker for dependencies-accessors (D:\EmailLogin\.gradle\7.3.3\dependencies-accessors)" [_thread_blocked, id=7832, stack(0x0000000aa6e00000,0x0000000aa6f00000)]
  0x0000015dc1fcc6c0 JavaThread "jar transforms Thread 3" [_thread_blocked, id=11636, stack(0x0000000aa6f00000,0x0000000aa7000000)]
  0x0000015dc1fd0ef0 JavaThread "Cache worker for Build Output Cleanup Cache (D:\EmailLogin\.gradle\buildOutputCleanup)" [_thread_blocked, id=12756, stack(0x0000000aa7000000,0x0000000aa7100000)]
  0x0000015dc1fced40 JavaThread "Unconstrained build operations" [_thread_blocked, id=7512, stack(0x0000000aa7100000,0x0000000aa7200000)]
  0x0000015dc1fca040 JavaThread "Unconstrained build operations Thread 2" [_thread_blocked, id=8532, stack(0x0000000aa7200000,0x0000000aa7300000)]
  0x0000015dc1fccb90 JavaThread "Unconstrained build operations Thread 3" [_thread_blocked, id=10880, stack(0x0000000aa7300000,0x0000000aa7400000)]
  0x0000015dc1fcaeb0 JavaThread "Unconstrained build operations Thread 4" [_thread_blocked, id=4816, stack(0x0000000aa7400000,0x0000000aa7500000)]
  0x0000015dc1fd13c0 JavaThread "Unconstrained build operations Thread 5" [_thread_blocked, id=1056, stack(0x0000000aa7500000,0x0000000aa7600000)]
  0x0000015dc1fca510 JavaThread "Unconstrained build operations Thread 6" [_thread_blocked, id=10876, stack(0x0000000aa7600000,0x0000000aa7700000)]
  0x0000015dc1fcd060 JavaThread "Unconstrained build operations Thread 7" [_thread_blocked, id=12548, stack(0x0000000aa7700000,0x0000000aa7800000)]
  0x0000015dc1fcf6e0 JavaThread "Unconstrained build operations Thread 8" [_thread_blocked, id=15084, stack(0x0000000aa7800000,0x0000000aa7900000)]
  0x0000015dc1fcfbb0 JavaThread "Unconstrained build operations Thread 9" [_thread_blocked, id=8820, stack(0x0000000aa7900000,0x0000000aa7a00000)]
  0x0000015dc1fca9e0 JavaThread "Unconstrained build operations Thread 10" [_thread_blocked, id=14432, stack(0x0000000aa7a00000,0x0000000aa7b00000)]
  0x0000015dc3ca5eb0 JavaThread "Unconstrained build operations Thread 11" [_thread_blocked, id=15272, stack(0x0000000aa7b00000,0x0000000aa7c00000)]
  0x0000015dc3ca24f0 JavaThread "Unconstrained build operations Thread 12" [_thread_blocked, id=7728, stack(0x0000000aa7c00000,0x0000000aa7d00000)]
  0x0000015dc3ca8ed0 JavaThread "Unconstrained build operations Thread 13" [_thread_blocked, id=15088, stack(0x0000000aa7d00000,0x0000000aa7e00000)]
  0x0000015dc3ca3830 JavaThread "Unconstrained build operations Thread 14" [_thread_blocked, id=4796, stack(0x0000000aa7e00000,0x0000000aa7f00000)]
  0x0000015dc3ca59e0 JavaThread "Unconstrained build operations Thread 15" [_thread_blocked, id=11468, stack(0x0000000aa7f00000,0x0000000aa8000000)]
  0x0000015dc3ca1b50 JavaThread "Unconstrained build operations Thread 16" [_thread_blocked, id=7128, stack(0x0000000aa8000000,0x0000000aa8100000)]
  0x0000015dc3ca6380 JavaThread "Unconstrained build operations Thread 17" [_thread_blocked, id=2792, stack(0x0000000aa8100000,0x0000000aa8200000)]
  0x0000015dc3ca6d20 JavaThread "Unconstrained build operations Thread 18" [_thread_blocked, id=12888, stack(0x0000000aa8200000,0x0000000aa8300000)]
  0x0000015dc3ca71f0 JavaThread "Unconstrained build operations Thread 19" [_thread_blocked, id=4216, stack(0x0000000aa8300000,0x0000000aa8400000)]
  0x0000015dc3ca76c0 JavaThread "Unconstrained build operations Thread 20" [_thread_blocked, id=5480, stack(0x0000000aa8400000,0x0000000aa8500000)]
  0x0000015dc3ca3d00 JavaThread "Unconstrained build operations Thread 21" [_thread_blocked, id=11080, stack(0x0000000aa8500000,0x0000000aa8600000)]
  0x0000015dc3ca41d0 JavaThread "Unconstrained build operations Thread 22" [_thread_blocked, id=15228, stack(0x0000000aa8600000,0x0000000aa8700000)]
  0x0000015dc3ca46a0 JavaThread "Unconstrained build operations Thread 23" [_thread_blocked, id=12920, stack(0x0000000aa8700000,0x0000000aa8800000)]
  0x0000015dc3ca2e90 JavaThread "Unconstrained build operations Thread 24" [_thread_blocked, id=12780, stack(0x0000000aa8800000,0x0000000aa8900000)]
  0x0000015dc3ca29c0 JavaThread "Unconstrained build operations Thread 25" [_thread_blocked, id=3992, stack(0x0000000aa8900000,0x0000000aa8a00000)]
  0x0000015dc3ca3360 JavaThread "Unconstrained build operations Thread 26" [_thread_blocked, id=12928, stack(0x0000000aa8a00000,0x0000000aa8b00000)]
  0x0000015dc3ca7b90 JavaThread "Unconstrained build operations Thread 27" [_thread_blocked, id=1696, stack(0x0000000aa8b00000,0x0000000aa8c00000)]
  0x0000015dc3ca8060 JavaThread "Unconstrained build operations Thread 28" [_thread_blocked, id=14176, stack(0x0000000aa8c00000,0x0000000aa8d00000)]
  0x0000015dc3ca6850 JavaThread "Unconstrained build operations Thread 29" [_thread_blocked, id=5140, stack(0x0000000aa8d00000,0x0000000aa8e00000)]
  0x0000015dc3ca8530 JavaThread "Unconstrained build operations Thread 30" [_thread_blocked, id=5992, stack(0x0000000aa8e00000,0x0000000aa8f00000)]
  0x0000015dc3ca4b70 JavaThread "Unconstrained build operations Thread 31" [_thread_blocked, id=15116, stack(0x0000000aa8f00000,0x0000000aa9000000)]
  0x0000015dc3ca2020 JavaThread "Unconstrained build operations Thread 32" [_thread_blocked, id=15024, stack(0x0000000aa9000000,0x0000000aa9100000)]
  0x0000015dc3ca5040 JavaThread "Unconstrained build operations Thread 33" [_thread_blocked, id=7032, stack(0x0000000aa9100000,0x0000000aa9200000)]
  0x0000015dc3ca8a00 JavaThread "Unconstrained build operations Thread 34" [_thread_blocked, id=13644, stack(0x0000000aa9200000,0x0000000aa9300000)]
  0x0000015dc3ca5510 JavaThread "Unconstrained build operations Thread 35" [_thread_blocked, id=14116, stack(0x0000000aa9300000,0x0000000aa9400000)]
  0x0000015dc3ca1680 JavaThread "Unconstrained build operations Thread 36" [_thread_blocked, id=7596, stack(0x0000000aa9400000,0x0000000aa9500000)]
  0x0000015dc3cf0550 JavaThread "Unconstrained build operations Thread 37" [_thread_blocked, id=3128, stack(0x0000000aa9500000,0x0000000aa9600000)]
  0x0000015dc3cee870 JavaThread "Unconstrained build operations Thread 38" [_thread_blocked, id=6640, stack(0x0000000aa9600000,0x0000000aa9700000)]
  0x0000015dc3cf1d60 JavaThread "Unconstrained build operations Thread 39" [_thread_blocked, id=8016, stack(0x0000000aa9700000,0x0000000aa9800000)]
  0x0000015dc3cea510 JavaThread "Unconstrained build operations Thread 40" [_thread_blocked, id=12256, stack(0x0000000aa9800000,0x0000000aa9900000)]
  0x0000015dc3cea9e0 JavaThread "Unconstrained build operations Thread 41" [_thread_blocked, id=12420, stack(0x0000000aa9900000,0x0000000aa9a00000)]
  0x0000015dc3cec1f0 JavaThread "Unconstrained build operations Thread 42" [_thread_blocked, id=8004, stack(0x0000000aa9a00000,0x0000000aa9b00000)]
  0x0000015dc3cf0ef0 JavaThread "Unconstrained build operations Thread 43" [_thread_blocked, id=4268, stack(0x0000000aa9b00000,0x0000000aa9c00000)]
  0x0000015dc3ceded0 JavaThread "Unconstrained build operations Thread 44" [_thread_blocked, id=4220, stack(0x0000000aa9c00000,0x0000000aa9d00000)]
  0x0000015dc3ceda00 JavaThread "Unconstrained build operations Thread 45" [_thread_blocked, id=1912, stack(0x0000000aa9d00000,0x0000000aa9e00000)]
  0x0000015dc3ceb380 JavaThread "Unconstrained build operations Thread 46" [_thread_blocked, id=1580, stack(0x0000000aa9e00000,0x0000000aa9f00000)]
  0x0000015dc3ceb850 JavaThread "Unconstrained build operations Thread 47" [_thread_blocked, id=7208, stack(0x0000000aa9f00000,0x0000000aaa000000)]
  0x0000015dc3cec6c0 JavaThread "Unconstrained build operations Thread 48" [_thread_blocked, id=4224, stack(0x0000000aaa000000,0x0000000aaa100000)]
  0x0000015dc3ceaeb0 JavaThread "Unconstrained build operations Thread 49" [_thread_blocked, id=3620, stack(0x0000000aaa100000,0x0000000aaa200000)]
  0x0000015dc3cebd20 JavaThread "Unconstrained build operations Thread 50" [_thread_blocked, id=1624, stack(0x0000000aaa200000,0x0000000aaa300000)]
  0x0000015dc3cecb90 JavaThread "Unconstrained build operations Thread 51" [_thread_blocked, id=10804, stack(0x0000000aaa300000,0x0000000aaa400000)]
  0x0000015dc3ced060 JavaThread "Unconstrained build operations Thread 52" [_thread_blocked, id=10068, stack(0x0000000aaa400000,0x0000000aaa500000)]
  0x0000015dc3ced530 JavaThread "Unconstrained build operations Thread 53" [_thread_blocked, id=5804, stack(0x0000000aaa500000,0x0000000aaa600000)]
  0x0000015dc3cee3a0 JavaThread "Unconstrained build operations Thread 54" [_thread_blocked, id=14412, stack(0x0000000aaa600000,0x0000000aaa700000)]
  0x0000015dc3ceed40 JavaThread "Unconstrained build operations Thread 55" [_thread_blocked, id=10208, stack(0x0000000aaa700000,0x0000000aaa800000)]
  0x0000015dc3cef210 JavaThread "Unconstrained build operations Thread 56" [_thread_blocked, id=6808, stack(0x0000000aaa800000,0x0000000aaa900000)]
  0x0000015dc3cef6e0 JavaThread "Unconstrained build operations Thread 57" [_thread_blocked, id=9132, stack(0x0000000aaa900000,0x0000000aaaa00000)]
  0x0000015dc3cefbb0 JavaThread "Unconstrained build operations Thread 58" [_thread_blocked, id=11820, stack(0x0000000aaaa00000,0x0000000aaab00000)]
  0x0000015dc3cf0080 JavaThread "Unconstrained build operations Thread 59" [_thread_blocked, id=4284, stack(0x0000000aaab00000,0x0000000aaac00000)]
  0x0000015dc3cf0a20 JavaThread "Unconstrained build operations Thread 60" [_thread_blocked, id=2716, stack(0x0000000aaac00000,0x0000000aaad00000)]
  0x0000015dc3cf13c0 JavaThread "Unconstrained build operations Thread 61" [_thread_blocked, id=8520, stack(0x0000000aaad00000,0x0000000aaae00000)]
  0x0000015dc3cf1890 JavaThread "Unconstrained build operations Thread 62" [_thread_blocked, id=6468, stack(0x0000000aaae00000,0x0000000aaaf00000)]
  0x0000015dc2a52450 JavaThread "Unconstrained build operations Thread 63" [_thread_blocked, id=7524, stack(0x0000000aaaf00000,0x0000000aab000000)]
  0x0000015dc2a52920 JavaThread "Unconstrained build operations Thread 64" [_thread_blocked, id=15312, stack(0x0000000aab000000,0x0000000aab100000)]
  0x0000015dc2a52df0 JavaThread "Unconstrained build operations Thread 65" [_thread_blocked, id=5672, stack(0x0000000aab100000,0x0000000aab200000)]
  0x0000015dc2a53c60 JavaThread "Unconstrained build operations Thread 66" [_thread_blocked, id=6284, stack(0x0000000aab200000,0x0000000aab300000)]
  0x0000015dc2a53790 JavaThread "Unconstrained build operations Thread 67" [_thread_blocked, id=348, stack(0x0000000aab300000,0x0000000aab400000)]
  0x0000015dc2a55470 JavaThread "Unconstrained build operations Thread 68" [_thread_blocked, id=7980, stack(0x0000000aab400000,0x0000000aab500000)]
  0x0000015dc2a532c0 JavaThread "Unconstrained build operations Thread 69" [_thread_blocked, id=8072, stack(0x0000000aab500000,0x0000000aab600000)]
  0x0000015dc2a502a0 JavaThread "Unconstrained build operations Thread 70" [_thread_blocked, id=9588, stack(0x0000000aab600000,0x0000000aab700000)]
  0x0000015dc2a51ab0 JavaThread "Unconstrained build operations Thread 71" [_thread_blocked, id=8224, stack(0x0000000aab700000,0x0000000aab800000)]
  0x0000015dc2a54130 JavaThread "Unconstrained build operations Thread 72" [_thread_blocked, id=12760, stack(0x0000000aab800000,0x0000000aab900000)]
  0x0000015dc2a55e10 JavaThread "Unconstrained build operations Thread 73" [_thread_blocked, id=6132, stack(0x0000000aab900000,0x0000000aaba00000)]
  0x0000015dc2a55940 JavaThread "Unconstrained build operations Thread 74" [_thread_blocked, id=12124, stack(0x0000000aaba00000,0x0000000aabb00000)]
  0x0000015dc2a4f900 JavaThread "Unconstrained build operations Thread 75" [_thread_blocked, id=13932, stack(0x0000000aabb00000,0x0000000aabc00000)]
  0x0000015dc2a562e0 JavaThread "Unconstrained build operations Thread 76" [_thread_blocked, id=14404, stack(0x0000000aabc00000,0x0000000aabd00000)]
  0x0000015dc2a54ad0 JavaThread "Unconstrained build operations Thread 77" [_thread_blocked, id=5636, stack(0x0000000aabd00000,0x0000000aabe00000)]
  0x0000015dc2a515e0 JavaThread "Unconstrained build operations Thread 78" [_thread_blocked, id=3600, stack(0x0000000aabe00000,0x0000000aabf00000)]
  0x0000015dc2a50770 JavaThread "Unconstrained build operations Thread 79" [_thread_blocked, id=6280, stack(0x0000000aabf00000,0x0000000aac000000)]
  0x0000015dc2a4ea90 JavaThread "Unconstrained build operations Thread 80" [_thread_blocked, id=15020, stack(0x0000000aac000000,0x0000000aac100000)]
  0x0000015dc2a54600 JavaThread "jar transforms Thread 4" [_thread_blocked, id=10872, stack(0x0000000aac100000,0x0000000aac200000)]
  0x0000015dc2a54fa0 JavaThread "jar transforms Thread 5" [_thread_blocked, id=7316, stack(0x0000000aac200000,0x0000000aac300000)]
  0x0000015dc2a4ef60 JavaThread "jar transforms Thread 6" [_thread_blocked, id=7976, stack(0x0000000aac300000,0x0000000aac400000)]
  0x0000015dc2a4f430 JavaThread "jar transforms Thread 7" [_thread_blocked, id=1356, stack(0x0000000aac400000,0x0000000aac500000)]
  0x0000015dc2a4fdd0 JavaThread "jar transforms Thread 8" [_thread_blocked, id=5624, stack(0x0000000aac500000,0x0000000aac600000)]
  0x0000015dc1fd0550 JavaThread "Memory manager" [_thread_blocked, id=7012, stack(0x0000000aa4e00000,0x0000000aa4f00000)]

Other Threads:
  0x0000015d9dd49af0 VMThread "VM Thread" [stack: 0x0000000aa4000000,0x0000000aa4100000] [id=9840]
  0x0000015dc01b9ab0 WatcherThread "VM Periodic Task Thread" [stack: 0x0000000aa4c00000,0x0000000aa4d00000] [id=7528]
  0x0000015d9dd305b0 WorkerThread "GC Thread#0" [stack: 0x0000000aa3b00000,0x0000000aa3c00000] [id=10788]
  0x0000015dc02cb5d0 WorkerThread "GC Thread#1" [stack: 0x0000000aa4f00000,0x0000000aa5000000] [id=8556]
  0x0000015dc0be4f50 WorkerThread "GC Thread#2" [stack: 0x0000000aa5000000,0x0000000aa5100000] [id=14208]
  0x0000015dc0c08be0 WorkerThread "GC Thread#3" [stack: 0x0000000aa5100000,0x0000000aa5200000] [id=6648]
  0x0000015dc0cf9830 WorkerThread "GC Thread#4" [stack: 0x0000000aa5200000,0x0000000aa5300000] [id=12900]
  0x0000015dc17e5a30 WorkerThread "GC Thread#5" [stack: 0x0000000aa5300000,0x0000000aa5400000] [id=900]
  0x0000015dc15cb7d0 WorkerThread "GC Thread#6" [stack: 0x0000000aa5400000,0x0000000aa5500000] [id=11412]
  0x0000015dc36f9d50 WorkerThread "GC Thread#7" [stack: 0x0000000aa6500000,0x0000000aa6600000] [id=8528]
  0x0000015d9dd41380 ConcurrentGCThread "G1 Main Marker" [stack: 0x0000000aa3c00000,0x0000000aa3d00000] [id=1176]
  0x0000015d9dd423b0 WorkerThread "G1 Conc#0" [stack: 0x0000000aa3d00000,0x0000000aa3e00000] [id=13308]
  0x0000015dc3de8b70 WorkerThread "G1 Conc#1" [stack: 0x0000000aa6800000,0x0000000aa6900000] [id=5168]
  0x0000015dbbdc60b0 ConcurrentGCThread "G1 Refine#0" [stack: 0x0000000aa3e00000,0x0000000aa3f00000] [id=14192]
  0x0000015dbbdc6860 ConcurrentGCThread "G1 Service" [stack: 0x0000000aa3f00000,0x0000000aa4000000] [id=13616]

Threads with active compile tasks:
C2 CompilerThread0     7218 6794       4       org.objectweb.asm.Attribute::computeAttributesSize (62 bytes)
C2 CompilerThread1     7218 6761       4       org.objectweb.asm.MethodWriter::computeAllFrames (510 bytes)

VM state: at safepoint (normal execution)

VM Mutex/Monitor currently owned by a thread:  ([mutex/lock_event])
[0x0000015d9dcccdd0] Threads_lock - owner thread: 0x0000015d9dd49af0
[0x0000015d9dccc950] Heap_lock - owner thread: 0x0000015d9dd41380

Heap address: 0x0000000080000000, size: 2048 MB, Compressed Oops mode: 32-bit

CDS archive(s) mapped at: [0x0000000800000000-0x0000000800ba0000-0x0000000800ba0000), size 12189696, SharedBaseAddress: 0x0000000800000000, ArchiveRelocationMode: 0.
Compressed class space mapped at: 0x0000000800c00000-0x0000000840c00000, reserved size: 1073741824
Narrow klass base: 0x0000000800000000, Narrow klass shift: 0, Narrow klass range: 0x100000000

GC Precious Log:
 CardTable entry size: 512
 Card Set container configuration: InlinePtr #cards 5 size 8 Array Of Cards #cards 12 size 40 Howl #buckets 4 coarsen threshold 1843 Howl Bitmap #cards 512 size 80 coarsen threshold 460 Card regions per heap region 1 cards per card region 2048
 CPUs: 8 total, 8 available
 Memory: 7987M
 Large Page Support: Disabled
 NUMA Support: Disabled
 Compressed Oops: Enabled (32-bit)
 Heap Region Size: 1M
 Heap Min Capacity: 8M
 Heap Initial Capacity: 126M
 Heap Max Capacity: 2G
 Pre-touch: Disabled
 Parallel Workers: 8
 Concurrent Workers: 2
 Concurrent Refinement Workers: 8
 Periodic GC: Disabled

Heap:
 garbage-first heap   total 91136K, used 55005K [0x0000000080000000, 0x0000000100000000)
  region size 1024K, 7 young (7168K), 3 survivors (3072K)
 Metaspace       used 55820K, committed 57408K, reserved 1114112K
  class space    used 7484K, committed 8320K, reserved 1048576K

Heap Regions: E=young(eden), S=young(survivor), O=old, HS=humongous(starts), HC=humongous(continues), CS=collection set, F=free, OA=open archive, CA=closed archive, TAMS=top-at-mark-start (previous, next)
|   0|0x0000000080000000, 0x0000000080100000, 0x0000000080100000|100%| O|  |TAMS 0x0000000080100000, 0x0000000080000000| Untracked 
|   1|0x0000000080100000, 0x0000000080200000, 0x0000000080200000|100%| O|  |TAMS 0x0000000080200000, 0x0000000080100000| Untracked 
|   2|0x0000000080200000, 0x0000000080300000, 0x0000000080300000|100%| O|  |TAMS 0x0000000080300000, 0x0000000080200000| Untracked 
|   3|0x0000000080300000, 0x0000000080400000, 0x0000000080400000|100%|HS|  |TAMS 0x0000000080400000, 0x0000000080300000| Complete 
|   4|0x0000000080400000, 0x0000000080500000, 0x0000000080500000|100%|HC|  |TAMS 0x0000000080500000, 0x0000000080400000| Complete 
|   5|0x0000000080500000, 0x0000000080600000, 0x0000000080600000|100%|HC|  |TAMS 0x0000000080600000, 0x0000000080500000| Complete 
|   6|0x0000000080600000, 0x0000000080700000, 0x0000000080700000|100%| O|  |TAMS 0x0000000080700000, 0x0000000080600000| Untracked 
|   7|0x0000000080700000, 0x0000000080800000, 0x0000000080800000|100%| O|  |TAMS 0x0000000080800000, 0x0000000080700000| Updating 
|   8|0x0000000080800000, 0x0000000080900000, 0x0000000080900000|100%| O|  |TAMS 0x0000000080900000, 0x0000000080800000| Untracked 
|   9|0x0000000080900000, 0x0000000080a00000, 0x0000000080a00000|100%| O|  |TAMS 0x0000000080a00000, 0x0000000080900000| Updating 
|  10|0x0000000080a00000, 0x0000000080b00000, 0x0000000080b00000|100%| O|  |TAMS 0x0000000080b00000, 0x0000000080a00000| Untracked 
|  11|0x0000000080b00000, 0x0000000080c00000, 0x0000000080c00000|100%| O|  |TAMS 0x0000000080c00000, 0x0000000080b00000| Untracked 
|  12|0x0000000080c00000, 0x0000000080d00000, 0x0000000080d00000|100%| O|  |TAMS 0x0000000080d00000, 0x0000000080c00000| Untracked 
|  13|0x0000000080d00000, 0x0000000080e00000, 0x0000000080e00000|100%| O|  |TAMS 0x0000000080e00000, 0x0000000080d00000| Untracked 
|  14|0x0000000080e00000, 0x0000000080f00000, 0x0000000080f00000|100%| O|  |TAMS 0x0000000080f00000, 0x0000000080e00000| Untracked 
|  15|0x0000000080f00000, 0x0000000081000000, 0x0000000081000000|100%| O|  |TAMS 0x0000000081000000, 0x0000000080f00000| Untracked 
|  16|0x0000000081000000, 0x0000000081100000, 0x0000000081100000|100%| O|  |TAMS 0x0000000081100000, 0x0000000081000000| Untracked 
|  17|0x0000000081100000, 0x0000000081200000, 0x0000000081200000|100%| O|  |TAMS 0x0000000081200000, 0x0000000081100000| Untracked 
|  18|0x0000000081200000, 0x0000000081300000, 0x0000000081300000|100%| O|  |TAMS 0x0000000081300000, 0x0000000081200000| Untracked 
|  19|0x0000000081300000, 0x00000000813a4200, 0x0000000081400000| 64%| O|  |TAMS 0x00000000813a4200, 0x0000000081300000| Updating 
|  20|0x0000000081400000, 0x0000000081500000, 0x0000000081500000|100%| O|  |TAMS 0x0000000081500000, 0x0000000081400000| Untracked 
|  21|0x0000000081500000, 0x0000000081600000, 0x0000000081600000|100%| O|  |TAMS 0x0000000081600000, 0x0000000081500000| Untracked 
|  22|0x0000000081600000, 0x0000000081700000, 0x0000000081700000|100%| O|  |TAMS 0x0000000081700000, 0x0000000081600000| Updating 
|  23|0x0000000081700000, 0x0000000081800000, 0x0000000081800000|100%| O|  |TAMS 0x0000000081800000, 0x0000000081700000| Untracked 
|  24|0x0000000081800000, 0x0000000081900000, 0x0000000081900000|100%| O|  |TAMS 0x0000000081900000, 0x0000000081800000| Untracked 
|  25|0x0000000081900000, 0x0000000081a00000, 0x0000000081a00000|100%| O|  |TAMS 0x0000000081a00000, 0x0000000081900000| Updating 
|  26|0x0000000081a00000, 0x0000000081b00000, 0x0000000081b00000|100%|HS|  |TAMS 0x0000000081b00000, 0x0000000081a00000| Complete 
|  27|0x0000000081b00000, 0x0000000081c00000, 0x0000000081c00000|100%|HS|  |TAMS 0x0000000081c00000, 0x0000000081b00000| Complete 
|  28|0x0000000081c00000, 0x0000000081d00000, 0x0000000081d00000|100%|HS|  |TAMS 0x0000000081d00000, 0x0000000081c00000| Complete 
|  29|0x0000000081d00000, 0x0000000081e00000, 0x0000000081e00000|100%|HC|  |TAMS 0x0000000081e00000, 0x0000000081d00000| Complete 
|  30|0x0000000081e00000, 0x0000000081f00000, 0x0000000081f00000|100%| O|  |TAMS 0x0000000081f00000, 0x0000000081e00000| Untracked 
|  31|0x0000000081f00000, 0x0000000082000000, 0x0000000082000000|100%| O|  |TAMS 0x0000000082000000, 0x0000000081f00000| Untracked 
|  32|0x0000000082000000, 0x0000000082100000, 0x0000000082100000|100%| O|  |TAMS 0x0000000082100000, 0x0000000082000000| Untracked 
|  33|0x0000000082100000, 0x0000000082200000, 0x0000000082200000|100%| O|  |TAMS 0x0000000082200000, 0x0000000082100000| Untracked 
|  34|0x0000000082200000, 0x0000000082300000, 0x0000000082300000|100%| O|  |TAMS 0x0000000082300000, 0x0000000082200000| Untracked 
|  35|0x0000000082300000, 0x0000000082400000, 0x0000000082400000|100%| O|  |TAMS 0x0000000082400000, 0x0000000082300000| Untracked 
|  36|0x0000000082400000, 0x0000000082500000, 0x0000000082500000|100%| O|  |TAMS 0x0000000082500000, 0x0000000082400000| Untracked 
|  37|0x0000000082500000, 0x0000000082600000, 0x0000000082600000|100%| O|  |TAMS 0x0000000082600000, 0x0000000082500000| Untracked 
|  38|0x0000000082600000, 0x0000000082700000, 0x0000000082700000|100%| O|  |TAMS 0x0000000082700000, 0x0000000082600000| Untracked 
|  39|0x0000000082700000, 0x0000000082800000, 0x0000000082800000|100%| O|  |TAMS 0x0000000082800000, 0x0000000082700000| Untracked 
|  40|0x0000000082800000, 0x0000000082900000, 0x0000000082900000|100%| O|  |TAMS 0x0000000082900000, 0x0000000082800000| Updating 
|  41|0x0000000082900000, 0x0000000082a00000, 0x0000000082a00000|100%| O|  |TAMS 0x0000000082a00000, 0x0000000082900000| Untracked 
|  42|0x0000000082a00000, 0x0000000082b00000, 0x0000000082b00000|100%| O|  |TAMS 0x0000000082b00000, 0x0000000082a00000| Untracked 
|  43|0x0000000082b00000, 0x0000000082c00000, 0x0000000082c00000|100%| O|  |TAMS 0x0000000082b68e00, 0x0000000082b00000| Untracked 
|  44|0x0000000082c00000, 0x0000000082d00000, 0x0000000082d00000|100%| O|  |TAMS 0x0000000082c00000, 0x0000000082c00000| Untracked 
|  45|0x0000000082d00000, 0x0000000082e00000, 0x0000000082e00000|100%| O|  |TAMS 0x0000000082e00000, 0x0000000082d00000| Untracked 
|  46|0x0000000082e00000, 0x0000000082f00000, 0x0000000082f00000|100%| O|  |TAMS 0x0000000082f00000, 0x0000000082e00000| Untracked 
|  47|0x0000000082f00000, 0x0000000083000000, 0x0000000083000000|100%| O|  |TAMS 0x0000000082f00000, 0x0000000082f00000| Untracked 
|  48|0x0000000083000000, 0x000000008303a000, 0x0000000083100000| 22%| O|  |TAMS 0x0000000083000000, 0x0000000083000000| Updating 
|  49|0x0000000083100000, 0x0000000083100000, 0x0000000083200000|  0%| F|  |TAMS 0x0000000083100000, 0x0000000083100000| Untracked 
|  50|0x0000000083200000, 0x0000000083200000, 0x0000000083300000|  0%| F|  |TAMS 0x0000000083200000, 0x0000000083200000| Untracked 
|  51|0x0000000083300000, 0x0000000083300000, 0x0000000083400000|  0%| F|  |TAMS 0x0000000083300000, 0x0000000083300000| Untracked 
|  52|0x0000000083400000, 0x0000000083400000, 0x0000000083500000|  0%| F|  |TAMS 0x0000000083400000, 0x0000000083400000| Untracked 
|  53|0x0000000083500000, 0x0000000083500000, 0x0000000083600000|  0%| F|  |TAMS 0x0000000083500000, 0x0000000083500000| Untracked 
|  54|0x0000000083600000, 0x0000000083600000, 0x0000000083700000|  0%| F|  |TAMS 0x0000000083600000, 0x0000000083600000| Untracked 
|  55|0x0000000083700000, 0x0000000083700000, 0x0000000083800000|  0%| F|  |TAMS 0x0000000083700000, 0x0000000083700000| Untracked 
|  56|0x0000000083800000, 0x0000000083800000, 0x0000000083900000|  0%| F|  |TAMS 0x0000000083800000, 0x0000000083800000| Untracked 
|  57|0x0000000083900000, 0x0000000083900000, 0x0000000083a00000|  0%| F|  |TAMS 0x0000000083900000, 0x0000000083900000| Untracked 
|  58|0x0000000083a00000, 0x0000000083a00000, 0x0000000083b00000|  0%| F|  |TAMS 0x0000000083a00000, 0x0000000083a00000| Untracked 
|  59|0x0000000083b00000, 0x0000000083b00000, 0x0000000083c00000|  0%| F|  |TAMS 0x0000000083b00000, 0x0000000083b00000| Untracked 
|  60|0x0000000083c00000, 0x0000000083c00000, 0x0000000083d00000|  0%| F|  |TAMS 0x0000000083c00000, 0x0000000083c00000| Untracked 
|  61|0x0000000083d00000, 0x0000000083d00000, 0x0000000083e00000|  0%| F|  |TAMS 0x0000000083d00000, 0x0000000083d00000| Untracked 
|  62|0x0000000083e00000, 0x0000000083ed92a8, 0x0000000083f00000| 84%| S|CS|TAMS 0x0000000083e00000, 0x0000000083e00000| Complete 
|  63|0x0000000083f00000, 0x0000000083f00000, 0x0000000084000000|  0%| F|  |TAMS 0x0000000083f00000, 0x0000000083f00000| Untracked 
|  64|0x0000000084000000, 0x0000000084000000, 0x0000000084100000|  0%| F|  |TAMS 0x0000000084000000, 0x0000000084000000| Untracked 
|  65|0x0000000084100000, 0x0000000084200000, 0x0000000084200000|100%| S|CS|TAMS 0x0000000084100000, 0x0000000084100000| Complete 
|  66|0x0000000084200000, 0x0000000084300000, 0x0000000084300000|100%| S|CS|TAMS 0x0000000084200000, 0x0000000084200000| Complete 
|  67|0x0000000084300000, 0x0000000084300000, 0x0000000084400000|  0%| F|  |TAMS 0x0000000084300000, 0x0000000084300000| Untracked 
|  68|0x0000000084400000, 0x0000000084400000, 0x0000000084500000|  0%| F|  |TAMS 0x0000000084400000, 0x0000000084400000| Untracked 
|  69|0x0000000084500000, 0x0000000084500000, 0x0000000084600000|  0%| F|  |TAMS 0x0000000084500000, 0x0000000084500000| Untracked 
|  70|0x0000000084600000, 0x0000000084600000, 0x0000000084700000|  0%| F|  |TAMS 0x0000000084600000, 0x0000000084600000| Untracked 
|  71|0x0000000084700000, 0x0000000084700000, 0x0000000084800000|  0%| F|  |TAMS 0x0000000084700000, 0x0000000084700000| Untracked 
|  72|0x0000000084800000, 0x0000000084800000, 0x0000000084900000|  0%| F|  |TAMS 0x0000000084800000, 0x0000000084800000| Untracked 
|  73|0x0000000084900000, 0x0000000084900000, 0x0000000084a00000|  0%| F|  |TAMS 0x0000000084900000, 0x0000000084900000| Untracked 
|  74|0x0000000084a00000, 0x0000000084a00000, 0x0000000084b00000|  0%| F|  |TAMS 0x0000000084a00000, 0x0000000084a00000| Untracked 
|  75|0x0000000084b00000, 0x0000000084b00000, 0x0000000084c00000|  0%| F|  |TAMS 0x0000000084b00000, 0x0000000084b00000| Untracked 
|  76|0x0000000084c00000, 0x0000000084c00000, 0x0000000084d00000|  0%| F|  |TAMS 0x0000000084c00000, 0x0000000084c00000| Untracked 
|  77|0x0000000084d00000, 0x0000000084d00000, 0x0000000084e00000|  0%| F|  |TAMS 0x0000000084d00000, 0x0000000084d00000| Untracked 
|  78|0x0000000084e00000, 0x0000000084e00000, 0x0000000084f00000|  0%| F|  |TAMS 0x0000000084e00000, 0x0000000084e00000| Untracked 
|  79|0x0000000084f00000, 0x0000000084f00000, 0x0000000085000000|  0%| F|  |TAMS 0x0000000084f00000, 0x0000000084f00000| Untracked 
|  80|0x0000000085000000, 0x0000000085000000, 0x0000000085100000|  0%| F|  |TAMS 0x0000000085000000, 0x0000000085000000| Untracked 
|  81|0x0000000085100000, 0x0000000085100000, 0x0000000085200000|  0%| F|  |TAMS 0x0000000085100000, 0x0000000085100000| Untracked 
|  82|0x0000000085200000, 0x0000000085200000, 0x0000000085300000|  0%| F|  |TAMS 0x0000000085200000, 0x0000000085200000| Untracked 
|  83|0x0000000085300000, 0x0000000085300000, 0x0000000085400000|  0%| F|  |TAMS 0x0000000085300000, 0x0000000085300000| Untracked 
|  84|0x0000000085400000, 0x0000000085400000, 0x0000000085500000|  0%| F|  |TAMS 0x0000000085400000, 0x0000000085400000| Untracked 
|  85|0x0000000085500000, 0x0000000085571188, 0x0000000085600000| 44%| E|  |TAMS 0x0000000085500000, 0x0000000085500000| Complete 
|  86|0x0000000085600000, 0x0000000085700000, 0x0000000085700000|100%| E|CS|TAMS 0x0000000085600000, 0x0000000085600000| Complete 
| 111|0x0000000086f00000, 0x0000000087000000, 0x0000000087000000|100%| E|CS|TAMS 0x0000000086f00000, 0x0000000086f00000| Complete 
| 125|0x0000000087d00000, 0x0000000087e00000, 0x0000000087e00000|100%| E|CS|TAMS 0x0000000087d00000, 0x0000000087d00000| Complete 

Card table byte_map: [0x0000015db4d30000,0x0000015db5130000] _byte_map_base: 0x0000015db4930000

Marking Bits (Prev, Next): (CMBitMap*) 0x0000015d9dd30a50, (CMBitMap*) 0x0000015d9dd30a90
 Prev Bits: [0x0000015db5530000, 0x0000015db7530000)
 Next Bits: [0x0000015db7530000, 0x0000015db9530000)

Polling page: 0x0000015d9bc50000

Metaspace:

Usage:
  Non-class:     47.20 MB used.
      Class:      7.31 MB used.
       Both:     54.51 MB used.

Virtual space:
  Non-class space:       64.00 MB reserved,      47.94 MB ( 75%) committed,  1 nodes.
      Class space:        1.00 GB reserved,       8.12 MB ( <1%) committed,  1 nodes.
             Both:        1.06 GB reserved,      56.06 MB (  5%) committed. 

Chunk freelists:
   Non-Class:  3.31 MB
       Class:  3.83 MB
        Both:  7.14 MB

MaxMetaspaceSize: unlimited
CompressedClassSpaceSize: 1.00 GB
Initial GC threshold: 21.00 MB
Current GC threshold: 82.31 MB
CDS: on
MetaspaceReclaimPolicy: balanced
 - commit_granule_bytes: 65536.
 - commit_granule_words: 8192.
 - virtual_space_node_default_size: 8388608.
 - enlarge_chunks_in_place: 1.
 - new_chunks_are_fully_committed: 0.
 - uncommit_free_chunks: 1.
 - use_allocation_guard: 0.


Internal statistics:

num_allocs_failed_limit: 6.
num_arena_births: 2784.
num_arena_deaths: 0.
num_vsnodes_births: 2.
num_vsnodes_deaths: 0.
num_space_committed: 897.
num_space_uncommitted: 0.
num_chunks_returned_to_freelist: 6.
num_chunks_taken_from_freelist: 5215.
num_chunk_merges: 6.
num_chunk_splits: 3453.
num_chunks_enlarged: 2192.
num_inconsistent_stats: 0.

CodeHeap 'non-profiled nmethods': size=120000Kb used=3109Kb max_used=3109Kb free=116890Kb
 bounds [0x0000015dad0d0000, 0x0000015dad3e0000, 0x0000015db4600000]
CodeHeap 'profiled nmethods': size=120000Kb used=11320Kb max_used=11320Kb free=108679Kb
 bounds [0x0000015da5ba0000, 0x0000015da66c0000, 0x0000015dad0d0000]
CodeHeap 'non-nmethods': size=5760Kb used=2366Kb max_used=2396Kb free=3393Kb
 bounds [0x0000015da5600000, 0x0000015da5870000, 0x0000015da5ba0000]
 total_blobs=6798 nmethods=5934 adapters=776
 compilation: enabled
              stopped_count=0, restarted_count=0
 full_count=0

Compilation events (20 events):
Event: 7.181 Thread 0x0000015dbbf325c0 nmethod 6779 0x0000015dad217690 code [0x0000015dad217820, 0x0000015dad2179f8]
Event: 7.181 Thread 0x0000015dbbf325c0 6785       4       org.objectweb.asm.AnnotationWriter::putAnnotations (67 bytes)
Event: 7.181 Thread 0x0000015dbbf32fa0 6786       3       org.gradle.internal.instantiation.generator.AbstractClassGenerator::assembleProperties (239 bytes)
Event: 7.182 Thread 0x0000015dbbf325c0 nmethod 6785 0x0000015dad3d9310 code [0x0000015dad3d94a0, 0x0000015dad3d95f8]
Event: 7.183 Thread 0x0000015dbbf32fa0 nmethod 6786 0x0000015da66a8110 code [0x0000015da66a8620, 0x0000015da66ab328]
Event: 7.183 Thread 0x0000015dbbf32fa0 6787       3       java.lang.reflect.Method::toShortSignature (78 bytes)
Event: 7.184 Thread 0x0000015dbbf32fa0 nmethod 6787 0x0000015da66ac210 code [0x0000015da66ac4a0, 0x0000015da66ace58]
Event: 7.184 Thread 0x0000015dbbf32fa0 6788       3       org.objectweb.asm.SymbolTable::put (150 bytes)
Event: 7.185 Thread 0x0000015dbbf32fa0 nmethod 6788 0x0000015da66ad210 code [0x0000015da66ad400, 0x0000015da66adc98]
Event: 7.185 Thread 0x0000015dbbf32fa0 6789       3       org.objectweb.asm.ByteVector::putInt (74 bytes)
Event: 7.185 Thread 0x0000015dbbf32fa0 nmethod 6789 0x0000015da66adf90 code [0x0000015da66ae140, 0x0000015da66ae3a8]
Event: 7.188 Thread 0x0000015dbbf32fa0 6790       3       kotlin.text.StringsKt__StringsKt::removePrefix (55 bytes)
Event: 7.189 Thread 0x0000015dbbf32fa0 nmethod 6790 0x0000015da66ae510 code [0x0000015da66ae800, 0x0000015da66af618]
Event: 7.189 Thread 0x0000015dbbf32fa0 6791       3       java.util.Collections::singleton (9 bytes)
Event: 7.189 Thread 0x0000015dbbf32fa0 nmethod 6791 0x0000015da66afb90 code [0x0000015da66afd40, 0x0000015da66b0058]
Event: 7.189 Thread 0x0000015dbbf32fa0 6792       3       java.util.Collections$SingletonSet::<init> (10 bytes)
Event: 7.190 Thread 0x0000015dbbf32fa0 nmethod 6792 0x0000015da66b0190 code [0x0000015da66b0340, 0x0000015da66b05b8]
Event: 7.190 Thread 0x0000015dbbf32fa0 6793       3       sun.reflect.annotation.AnnotationParser::parseIntArray (84 bytes)
Event: 7.191 Thread 0x0000015dbbf32fa0 nmethod 6793 0x0000015da66b0690 code [0x0000015da66b08a0, 0x0000015da66b0ec8]
Event: 7.191 Thread 0x0000015dbbf325c0 6794       4       org.objectweb.asm.Attribute::computeAttributesSize (62 bytes)

GC Heap History (20 events):
Event: 3.628 GC heap before
{Heap before GC invocations=5 (full 0):
 garbage-first heap   total 75776K, used 65148K [0x0000000080000000, 0x0000000100000000)
  region size 1024K, 44 young (45056K), 1 survivors (1024K)
 Metaspace       used 29426K, committed 30464K, reserved 1114112K
  class space    used 4155K, committed 4672K, reserved 1048576K
}
Event: 3.636 GC heap after
{Heap after GC invocations=6 (full 0):
 garbage-first heap   total 75776K, used 25703K [0x0000000080000000, 0x0000000100000000)
  region size 1024K, 6 young (6144K), 6 survivors (6144K)
 Metaspace       used 29426K, committed 30464K, reserved 1114112K
  class space    used 4155K, committed 4672K, reserved 1048576K
}
Event: 3.935 GC heap before
{Heap before GC invocations=6 (full 0):
 garbage-first heap   total 75776K, used 57447K [0x0000000080000000, 0x0000000100000000)
  region size 1024K, 34 young (34816K), 6 survivors (6144K)
 Metaspace       used 31690K, committed 32768K, reserved 1114112K
  class space    used 4402K, committed 4928K, reserved 1048576K
}
Event: 3.943 GC heap after
{Heap after GC invocations=7 (full 0):
 garbage-first heap   total 75776K, used 27976K [0x0000000080000000, 0x0000000100000000)
  region size 1024K, 4 young (4096K), 4 survivors (4096K)
 Metaspace       used 31690K, committed 32768K, reserved 1114112K
  class space    used 4402K, committed 4928K, reserved 1048576K
}
Event: 4.282 GC heap before
{Heap before GC invocations=7 (full 0):
 garbage-first heap   total 75776K, used 53576K [0x0000000080000000, 0x0000000100000000)
  region size 1024K, 30 young (30720K), 4 survivors (4096K)
 Metaspace       used 34560K, committed 35712K, reserved 1114112K
  class space    used 4826K, committed 5440K, reserved 1048576K
}
Event: 4.287 GC heap after
{Heap after GC invocations=8 (full 0):
 garbage-first heap   total 75776K, used 29913K [0x0000000080000000, 0x0000000100000000)
  region size 1024K, 3 young (3072K), 3 survivors (3072K)
 Metaspace       used 34560K, committed 35712K, reserved 1114112K
  class space    used 4826K, committed 5440K, reserved 1048576K
}
Event: 4.336 GC heap before
{Heap before GC invocations=8 (full 0):
 garbage-first heap   total 75776K, used 31961K [0x0000000080000000, 0x0000000100000000)
  region size 1024K, 6 young (6144K), 3 survivors (3072K)
 Metaspace       used 34959K, committed 36096K, reserved 1114112K
  class space    used 4884K, committed 5504K, reserved 1048576K
}
Event: 4.340 GC heap after
{Heap after GC invocations=9 (full 0):
 garbage-first heap   total 91136K, used 30235K [0x0000000080000000, 0x0000000100000000)
  region size 1024K, 1 young (1024K), 1 survivors (1024K)
 Metaspace       used 34959K, committed 36096K, reserved 1114112K
  class space    used 4884K, committed 5504K, reserved 1048576K
}
Event: 5.132 GC heap before
{Heap before GC invocations=10 (full 0):
 garbage-first heap   total 91136K, used 70171K [0x0000000080000000, 0x0000000100000000)
  region size 1024K, 40 young (40960K), 1 survivors (1024K)
 Metaspace       used 40026K, committed 41408K, reserved 1114112K
  class space    used 5562K, committed 6272K, reserved 1048576K
}
Event: 5.137 GC heap after
{Heap after GC invocations=11 (full 0):
 garbage-first heap   total 91136K, used 33192K [0x0000000080000000, 0x0000000100000000)
  region size 1024K, 4 young (4096K), 4 survivors (4096K)
 Metaspace       used 40026K, committed 41408K, reserved 1114112K
  class space    used 5562K, committed 6272K, reserved 1048576K
}
Event: 5.728 GC heap before
{Heap before GC invocations=11 (full 0):
 garbage-first heap   total 91136K, used 75176K [0x0000000080000000, 0x0000000100000000)
  region size 1024K, 41 young (41984K), 4 survivors (4096K)
 Metaspace       used 41080K, committed 42432K, reserved 1114112K
  class space    used 5686K, committed 6400K, reserved 1048576K
}
Event: 5.735 GC heap after
{Heap after GC invocations=12 (full 0):
 garbage-first heap   total 91136K, used 44877K [0x0000000080000000, 0x0000000100000000)
  region size 1024K, 6 young (6144K), 6 survivors (6144K)
 Metaspace       used 41080K, committed 42432K, reserved 1114112K
  class space    used 5686K, committed 6400K, reserved 1048576K
}
Event: 6.065 GC heap before
{Heap before GC invocations=12 (full 0):
 garbage-first heap   total 91136K, used 68429K [0x0000000080000000, 0x0000000100000000)
  region size 1024K, 29 young (29696K), 6 survivors (6144K)
 Metaspace       used 44284K, committed 45760K, reserved 1114112K
  class space    used 6088K, committed 6848K, reserved 1048576K
}
Event: 6.068 GC heap after
{Heap after GC invocations=13 (full 0):
 garbage-first heap   total 91136K, used 46233K [0x0000000080000000, 0x0000000100000000)
  region size 1024K, 2 young (2048K), 2 survivors (2048K)
 Metaspace       used 44284K, committed 45760K, reserved 1114112K
  class space    used 6088K, committed 6848K, reserved 1048576K
}
Event: 6.433 GC heap before
{Heap before GC invocations=13 (full 0):
 garbage-first heap   total 91136K, used 69785K [0x0000000080000000, 0x0000000100000000)
  region size 1024K, 26 young (26624K), 2 survivors (2048K)
 Metaspace       used 48785K, committed 50304K, reserved 1114112K
  class space    used 6612K, committed 7360K, reserved 1048576K
}
Event: 6.437 GC heap after
{Heap after GC invocations=14 (full 0):
 garbage-first heap   total 91136K, used 47136K [0x0000000080000000, 0x0000000100000000)
  region size 1024K, 3 young (3072K), 3 survivors (3072K)
 Metaspace       used 48785K, committed 50304K, reserved 1114112K
  class space    used 6612K, committed 7360K, reserved 1048576K
}
Event: 6.854 GC heap before
{Heap before GC invocations=15 (full 0):
 garbage-first heap   total 91136K, used 71712K [0x0000000080000000, 0x0000000100000000)
  region size 1024K, 27 young (27648K), 3 survivors (3072K)
 Metaspace       used 53242K, committed 54848K, reserved 1114112K
  class space    used 7175K, committed 8000K, reserved 1048576K
}
Event: 6.859 GC heap after
{Heap after GC invocations=16 (full 0):
 garbage-first heap   total 91136K, used 49731K [0x0000000080000000, 0x0000000100000000)
  region size 1024K, 4 young (4096K), 4 survivors (4096K)
 Metaspace       used 53242K, committed 54848K, reserved 1114112K
  class space    used 7175K, committed 8000K, reserved 1048576K
}
Event: 7.147 GC heap before
{Heap before GC invocations=16 (full 0):
 garbage-first heap   total 91136K, used 71235K [0x0000000080000000, 0x0000000100000000)
  region size 1024K, 26 young (26624K), 4 survivors (4096K)
 Metaspace       used 55571K, committed 57216K, reserved 1114112K
  class space    used 7448K, committed 8320K, reserved 1048576K
}
Event: 7.152 GC heap after
{Heap after GC invocations=17 (full 0):
 garbage-first heap   total 91136K, used 51933K [0x0000000080000000, 0x0000000100000000)
  region size 1024K, 3 young (3072K), 3 survivors (3072K)
 Metaspace       used 55571K, committed 57216K, reserved 1114112K
  class space    used 7448K, committed 8320K, reserved 1048576K
}

Deoptimization events (20 events):
Event: 6.926 Thread 0x0000015dc19184e0 DEOPT PACKING pc=0x0000015da5d99d00 sp=0x0000000aa5bf3be0
Event: 6.927 Thread 0x0000015dc19184e0 DEOPT UNPACKING pc=0x0000015da5656763 sp=0x0000000aa5bf3050 mode 0
Event: 6.927 Thread 0x0000015dc19184e0 DEOPT PACKING pc=0x0000015da5d99d00 sp=0x0000000aa5bf3be0
Event: 6.927 Thread 0x0000015dc19184e0 DEOPT UNPACKING pc=0x0000015da5656763 sp=0x0000000aa5bf3050 mode 0
Event: 6.927 Thread 0x0000015dc19184e0 Uncommon trap: trap_request=0xffffff45 fr.pc=0x0000015dad3b2db8 relative=0x0000000000000298
Event: 6.927 Thread 0x0000015dc19184e0 Uncommon trap: reason=unstable_if action=reinterpret pc=0x0000015dad3b2db8 method=java.util.LinkedHashMap.get(Ljava/lang/Object;)Ljava/lang/Object; @ 16 c2
Event: 6.927 Thread 0x0000015dc19184e0 DEOPT PACKING pc=0x0000015dad3b2db8 sp=0x0000000aa5bf37a0
Event: 6.927 Thread 0x0000015dc19184e0 DEOPT UNPACKING pc=0x0000015da5655c23 sp=0x0000000aa5bf3758 mode 2
Event: 6.927 Thread 0x0000015dc19184e0 Uncommon trap: trap_request=0xffffff45 fr.pc=0x0000015dad145560 relative=0x0000000000000060
Event: 6.927 Thread 0x0000015dc19184e0 Uncommon trap: reason=unstable_if action=reinterpret pc=0x0000015dad145560 method=java.util.LinkedHashMap.afterNodeAccess(Ljava/util/HashMap$Node;)V @ 4 c2
Event: 6.927 Thread 0x0000015dc19184e0 DEOPT PACKING pc=0x0000015dad145560 sp=0x0000000aa5bf3740
Event: 6.927 Thread 0x0000015dc19184e0 DEOPT UNPACKING pc=0x0000015da5655c23 sp=0x0000000aa5bf36c0 mode 2
Event: 6.939 Thread 0x0000015dc19184e0 Uncommon trap: trap_request=0xffffff45 fr.pc=0x0000015dad308794 relative=0x00000000000001f4
Event: 6.939 Thread 0x0000015dc19184e0 Uncommon trap: reason=unstable_if action=reinterpret pc=0x0000015dad308794 method=java.util.jar.JarFile.maybeInstantiateVerifier()V @ 4 c2
Event: 6.939 Thread 0x0000015dc19184e0 DEOPT PACKING pc=0x0000015dad308794 sp=0x0000000aa5bf3ef0
Event: 6.939 Thread 0x0000015dc19184e0 DEOPT UNPACKING pc=0x0000015da5655c23 sp=0x0000000aa5bf3e48 mode 2
Event: 6.941 Thread 0x0000015dc19184e0 Uncommon trap: trap_request=0xffffff45 fr.pc=0x0000015dad35a43c relative=0x000000000000009c
Event: 6.941 Thread 0x0000015dc19184e0 Uncommon trap: reason=unstable_if action=reinterpret pc=0x0000015dad35a43c method=java.security.CodeSource.matchCerts(Ljava/security/CodeSource;Z)Z @ 11 c2
Event: 6.941 Thread 0x0000015dc19184e0 DEOPT PACKING pc=0x0000015dad35a43c sp=0x0000000aa5bf20d0
Event: 6.941 Thread 0x0000015dc19184e0 DEOPT UNPACKING pc=0x0000015da5655c23 sp=0x0000000aa5bf2068 mode 2

Classes loaded (20 events):
Event: 6.907 Loading class sun/security/util/KeyUtil
Event: 6.907 Loading class sun/security/util/KeyUtil done
Event: 6.907 Loading class sun/security/util/Length
Event: 6.907 Loading class sun/security/util/Length done
Event: 6.907 Loading class javax/crypto/SecretKey
Event: 6.907 Loading class javax/crypto/SecretKey done
Event: 6.908 Loading class java/util/Base64
Event: 6.908 Loading class java/util/Base64 done
Event: 6.908 Loading class java/util/Base64$Decoder
Event: 6.909 Loading class java/util/Base64$Decoder done
Event: 6.909 Loading class java/util/Base64$Encoder
Event: 6.909 Loading class java/util/Base64$Encoder done
Event: 6.910 Loading class java/util/jar/JarVerifier$VerifierStream
Event: 6.910 Loading class java/util/jar/JarVerifier$VerifierStream done
Event: 6.910 Loading class sun/security/util/ManifestEntryVerifier$SunProviderHolder
Event: 6.910 Loading class sun/security/util/ManifestEntryVerifier$SunProviderHolder done
Event: 6.942 Loading class java/security/KeyStore$ProtectionParameter
Event: 6.942 Loading class java/security/KeyStore$ProtectionParameter done
Event: 6.971 Loading class sun/nio/fs/WindowsException
Event: 6.971 Loading class sun/nio/fs/WindowsException done

Classes unloaded (0 events):
No events

Classes redefined (0 events):
No events

Internal exceptions (20 events):
Event: 5.841 Thread 0x0000015dc19184e0 Exception <a 'java/lang/ClassNotFoundException'{0x0000000085275310}: org/gradle/api/internal/plugins/DefaultObjectConfigurationActionCustomizer> (0x0000000085275310) 
thrown [s\open\src\hotspot\share\classfile\systemDictionary.cpp, line 255]
Event: 5.961 Thread 0x0000015dc19184e0 Exception <a 'java/lang/NoSuchMethodError'{0x00000000849c6bf0}: 'java.lang.Object java.lang.invoke.DirectMethodHandle$Holder.newInvokeSpecial(java.lang.Object, java.lang.Object, java.lang.Object, java.lang.Object, int)'> (0x00000000849c6bf0) 
thrown [s\open\src\hotspot\share\interpreter\linkResolver.cpp, line 766]
Event: 5.962 Thread 0x0000015dc19184e0 Exception <a 'java/lang/NoSuchMethodError'{0x00000000849cbeb0}: 'java.lang.Object java.lang.invoke.DirectMethodHandle$Holder.invokeSpecial(java.lang.Object, java.lang.Object, java.lang.Object, java.lang.Object, java.lang.Object, int)'> (0x00000000849cbeb0) 
thrown [s\open\src\hotspot\share\interpreter\linkResolver.cpp, line 766]
Event: 5.962 Thread 0x0000015dc19184e0 Exception <a 'java/lang/NoSuchMethodError'{0x00000000849d0b20}: 'java.lang.Object java.lang.invoke.Invokers$Holder.linkToTargetMethod(java.lang.Object, java.lang.Object, java.lang.Object, int, java.lang.Object)'> (0x00000000849d0b20) 
thrown [s\open\src\hotspot\share\interpreter\linkResolver.cpp, line 766]
Event: 5.975 Thread 0x0000015dc19184e0 Exception <a 'java/lang/NoSuchMethodError'{0x000000008487d9f0}: 'void java.lang.invoke.DirectMethodHandle$Holder.invokeSpecial(java.lang.Object, java.lang.Object, int)'> (0x000000008487d9f0) 
thrown [s\open\src\hotspot\share\interpreter\linkResolver.cpp, line 766]
Event: 5.975 Thread 0x0000015dc19184e0 Exception <a 'java/lang/NoSuchMethodError'{0x00000000848823a8}: 'void java.lang.invoke.Invokers$Holder.invokeExact_MT(java.lang.Object, int, java.lang.Object)'> (0x00000000848823a8) 
thrown [s\open\src\hotspot\share\interpreter\linkResolver.cpp, line 766]
Event: 6.099 Thread 0x0000015dc19184e0 Exception <a 'java/lang/NoSuchMethodError'{0x00000000856a3620}: 'void java.lang.invoke.Invokers$Holder.invokeExact_MT(java.lang.Object, java.lang.Object, java.lang.Object, java.lang.Object)'> (0x00000000856a3620) 
thrown [s\open\src\hotspot\share\interpreter\linkResolver.cpp, line 766]
Event: 6.100 Thread 0x0000015dc19184e0 Exception <a 'java/lang/NoSuchMethodError'{0x00000000856a9a10}: 'void java.lang.invoke.DirectMethodHandle$Holder.invokeSpecial(java.lang.Object, java.lang.Object, java.lang.Object, int)'> (0x00000000856a9a10) 
thrown [s\open\src\hotspot\share\interpreter\linkResolver.cpp, line 766]
Event: 6.100 Thread 0x0000015dc19184e0 Exception <a 'java/lang/NoSuchMethodError'{0x00000000856ae360}: 'void java.lang.invoke.DelegatingMethodHandle$Holder.reinvoke_L(java.lang.Object, java.lang.Object, int)'> (0x00000000856ae360) 
thrown [s\open\src\hotspot\share\interpreter\linkResolver.cpp, line 766]
Event: 6.101 Thread 0x0000015dc19184e0 Exception <a 'java/lang/NoSuchMethodError'{0x00000000856b5fb0}: 'void java.lang.invoke.Invokers$Holder.invokeExact_MT(java.lang.Object, java.lang.Object, int, java.lang.Object)'> (0x00000000856b5fb0) 
thrown [s\open\src\hotspot\share\interpreter\linkResolver.cpp, line 766]
Event: 6.300 Thread 0x0000015dc19184e0 Exception <a 'java/lang/NoSuchMethodError'{0x0000000084a35f98}: 'int java.lang.invoke.DirectMethodHandle$Holder.invokeInterface(java.lang.Object, java.lang.Object, java.lang.Object, java.lang.Object)'> (0x0000000084a35f98) 
thrown [s\open\src\hotspot\share\interpreter\linkResolver.cpp, line 766]
Event: 6.659 Thread 0x0000015dc19184e0 Exception <a 'java/lang/NoSuchMethodError'{0x000000008496a078}: 'java.lang.Object java.lang.invoke.DirectMethodHandle$Holder.newInvokeSpecial(java.lang.Object, java.lang.Object, java.lang.Object, java.lang.Object, java.lang.Object, java.lang.Object, java.lang.Object, java.lang.Object, java.lang.Object, java.lang.Object, java.lang.Object, java.lang.Object, java.lang.Object, java.lang.Object, java.lang.Object)'> (0x000000008496a078) 
thrown [s\open\src\hotspot\share\interpreter\linkResolver.cpp, line 766]
Event: 6.689 Thread 0x0000015dc19184e0 Exception <a 'java/lang/IncompatibleClassChangeError'{0x000000008488bd30}: Found class java.lang.Object, but interface was expected> (0x000000008488bd30) 
thrown [s\open\src\hotspot\share\interpreter\linkResolver.cpp, line 833]
Event: 6.744 Thread 0x0000015dc19184e0 Implicit null exception at 0x0000015dad35f7d4 to 0x0000015dad35f988
Event: 6.744 Thread 0x0000015dc19184e0 Implicit null exception at 0x0000015dad2b8c09 to 0x0000015dad2ba768
Event: 6.745 Thread 0x0000015dc19184e0 Exception <a 'java/lang/IncompatibleClassChangeError'{0x00000000847e9d88}: Found class java.lang.Object, but interface was expected> (0x00000000847e9d88) 
thrown [s\open\src\hotspot\share\interpreter\linkResolver.cpp, line 833]
Event: 6.745 Thread 0x0000015dc19184e0 Exception <a 'java/lang/NoSuchMethodError'{0x00000000847ebd80}: 'long java.lang.invoke.DelegatingMethodHandle$Holder.reinvoke_L(java.lang.Object, java.lang.Object)'> (0x00000000847ebd80) 
thrown [s\open\src\hotspot\share\interpreter\linkResolver.cpp, line 766]
Event: 6.746 Thread 0x0000015dc19184e0 Exception <a 'java/lang/IncompatibleClassChangeError'{0x00000000847f7850}: Found class java.lang.Object, but interface was expected> (0x00000000847f7850) 
thrown [s\open\src\hotspot\share\interpreter\linkResolver.cpp, line 833]
Event: 6.876 Thread 0x0000015dc19184e0 Implicit null exception at 0x0000015dad29a48c to 0x0000015dad29a5be
Event: 6.971 Thread 0x0000015dc19184e0 Exception <a 'sun/nio/fs/WindowsException'{0x0000000084f1a3e0}> (0x0000000084f1a3e0) 
thrown [s\open\src\hotspot\share\prims\jni.cpp, line 516]

VM Operations (20 events):
Event: 6.299 Executing VM operation: HandshakeAllThreads done
Event: 6.433 Executing VM operation: G1CollectForAllocation
Event: 6.437 Executing VM operation: G1CollectForAllocation done
Event: 6.464 Executing VM operation: G1Concurrent
Event: 6.468 Executing VM operation: G1Concurrent done
Event: 6.483 Executing VM operation: G1Concurrent
Event: 6.483 Executing VM operation: G1Concurrent done
Event: 6.824 Executing VM operation: HandshakeAllThreads
Event: 6.825 Executing VM operation: HandshakeAllThreads done
Event: 6.828 Executing VM operation: HandshakeAllThreads
Event: 6.829 Executing VM operation: HandshakeAllThreads done
Event: 6.854 Executing VM operation: G1CollectForAllocation
Event: 6.859 Executing VM operation: G1CollectForAllocation done
Event: 6.884 Executing VM operation: HandshakeAllThreads
Event: 6.884 Executing VM operation: HandshakeAllThreads done
Event: 6.885 Executing VM operation: HandshakeAllThreads
Event: 6.885 Executing VM operation: HandshakeAllThreads done
Event: 7.147 Executing VM operation: G1CollectForAllocation
Event: 7.152 Executing VM operation: G1CollectForAllocation done
Event: 7.191 Executing VM operation: G1Concurrent

Events (20 events):
Event: 5.544 Thread 0x0000015dbbf33890 flushing nmethod 0x0000015da64b2310
Event: 5.544 Thread 0x0000015dbbf33890 flushing nmethod 0x0000015da64b2d90
Event: 5.544 Thread 0x0000015dbbf33890 flushing nmethod 0x0000015da64d1210
Event: 5.544 Thread 0x0000015dbbf33890 flushing nmethod 0x0000015da64f1990
Event: 5.544 Thread 0x0000015dbbf33890 flushing nmethod 0x0000015da6506910
Event: 5.544 Thread 0x0000015dbbf33890 flushing nmethod 0x0000015da650b810
Event: 5.544 Thread 0x0000015dbbf33890 flushing nmethod 0x0000015da6524810
Event: 5.544 Thread 0x0000015dbbf33890 flushing nmethod 0x0000015da6529210
Event: 5.544 Thread 0x0000015dbbf33890 flushing nmethod 0x0000015da6529a10
Event: 5.544 Thread 0x0000015dbbf33890 flushing nmethod 0x0000015da653bd90
Event: 5.544 Thread 0x0000015dbbf33890 flushing nmethod 0x0000015da65abe90
Event: 5.544 Thread 0x0000015dbbf33890 flushing nmethod 0x0000015da65aeb90
Event: 5.544 Thread 0x0000015dbbf33890 flushing nmethod 0x0000015da65b9e90
Event: 5.545 Thread 0x0000015dbbf33890 flushing nmethod 0x0000015da65f9b10
Event: 5.545 Thread 0x0000015dbbf33890 flushing nmethod 0x0000015da65fd790
Event: 5.545 Thread 0x0000015dbbf33890 flushing nmethod 0x0000015da65fde90
Event: 5.545 Thread 0x0000015dbbf33890 flushing nmethod 0x0000015da6608190
Event: 5.545 Thread 0x0000015dbbf33890 flushing nmethod 0x0000015da660aa90
Event: 5.698 Thread 0x0000015dc0350ba0 Thread exited: 0x0000015dc0350ba0
Event: 6.747 Thread 0x0000015dc1fd0550 Thread added: 0x0000015dc1fd0550


Dynamic libraries:
0x00007ff706030000 - 0x00007ff706040000 	C:\Program Files\Java\jdk-18.0.1.1\bin\java.exe
0x00007ffe96830000 - 0x00007ffe96a44000 	C:\WINDOWS\SYSTEM32\ntdll.dll
0x00007ffe94bd0000 - 0x00007ffe94c93000 	C:\WINDOWS\System32\KERNEL32.DLL
0x00007ffe94280000 - 0x00007ffe9461d000 	C:\WINDOWS\System32\KERNELBASE.dll
0x00007ffe93d70000 - 0x00007ffe93e81000 	C:\WINDOWS\System32\ucrtbase.dll
0x00007ffe605e0000 - 0x00007ffe605f8000 	C:\Program Files\Java\jdk-18.0.1.1\bin\jli.dll
0x00007ffe68360000 - 0x00007ffe6837a000 	C:\Program Files\Java\jdk-18.0.1.1\bin\VCRUNTIME140.dll
0x00007ffe95900000 - 0x00007ffe959ae000 	C:\WINDOWS\System32\ADVAPI32.dll
0x00007ffe94ef0000 - 0x00007ffe94f97000 	C:\WINDOWS\System32\msvcrt.dll
0x00007ffe94e40000 - 0x00007ffe94ee4000 	C:\WINDOWS\System32\sechost.dll
0x00007ffe94620000 - 0x00007ffe94735000 	C:\WINDOWS\System32\RPCRT4.dll
0x00007ffe96640000 - 0x00007ffe967ed000 	C:\WINDOWS\System32\USER32.dll
0x00007ffe94070000 - 0x00007ffe94096000 	C:\WINDOWS\System32\win32u.dll
0x00007ffe95b10000 - 0x00007ffe95b39000 	C:\WINDOWS\System32\GDI32.dll
0x00007ffe72780000 - 0x00007ffe72a0e000 	C:\WINDOWS\WinSxS\amd64_microsoft.windows.common-controls_6595b64144ccf1df_6.0.22621.608_none_a9444ca7c10bb01d\COMCTL32.dll
0x00007ffe93c50000 - 0x00007ffe93d62000 	C:\WINDOWS\System32\gdi32full.dll
0x00007ffe93e90000 - 0x00007ffe93f2a000 	C:\WINDOWS\System32\msvcp_win.dll
0x00007ffe877e0000 - 0x00007ffe877ea000 	C:\WINDOWS\SYSTEM32\VERSION.dll
0x00007ffe95890000 - 0x00007ffe958c2000 	C:\WINDOWS\System32\IMM32.DLL
0x00007ffe7d4d0000 - 0x00007ffe7d4dc000 	C:\Program Files\Java\jdk-18.0.1.1\bin\vcruntime140_1.dll
0x00007ffe4ac70000 - 0x00007ffe4acfd000 	C:\Program Files\Java\jdk-18.0.1.1\bin\msvcp140.dll
0x00007ffe2e390000 - 0x00007ffe2efa0000 	C:\Program Files\Java\jdk-18.0.1.1\bin\server\jvm.dll
0x00007ffe95af0000 - 0x00007ffe95af8000 	C:\WINDOWS\System32\PSAPI.DLL
0x00007ffe88e90000 - 0x00007ffe88ec4000 	C:\WINDOWS\SYSTEM32\WINMM.dll
0x00007ffe7c580000 - 0x00007ffe7c589000 	C:\WINDOWS\SYSTEM32\WSOCK32.dll
0x00007ffe94750000 - 0x00007ffe947c1000 	C:\WINDOWS\System32\WS2_32.dll
0x00007ffe92d90000 - 0x00007ffe92da8000 	C:\WINDOWS\SYSTEM32\kernel.appcore.dll
0x00007ffe6b0c0000 - 0x00007ffe6b0ca000 	C:\Program Files\Java\jdk-18.0.1.1\bin\jimage.dll
0x00007ffe91420000 - 0x00007ffe9164e000 	C:\WINDOWS\SYSTEM32\DBGHELP.DLL
0x00007ffe95cf0000 - 0x00007ffe9607a000 	C:\WINDOWS\System32\combase.dll
0x00007ffe96560000 - 0x00007ffe96637000 	C:\WINDOWS\System32\OLEAUT32.dll
0x00007ffe75880000 - 0x00007ffe758b2000 	C:\WINDOWS\SYSTEM32\dbgcore.DLL
0x00007ffe93ff0000 - 0x00007ffe9406b000 	C:\WINDOWS\System32\bcryptPrimitives.dll
0x00007ffe5af20000 - 0x00007ffe5af45000 	C:\Program Files\Java\jdk-18.0.1.1\bin\java.dll
0x00007ffe2f980000 - 0x00007ffe2fa56000 	C:\Program Files\Java\jdk-18.0.1.1\bin\jsvml.dll
0x00007ffe950a0000 - 0x00007ffe9588f000 	C:\WINDOWS\System32\SHELL32.dll
0x00007ffe91c20000 - 0x00007ffe924e8000 	C:\WINDOWS\SYSTEM32\windows.storage.dll
0x00007ffe91ae0000 - 0x00007ffe91c1e000 	C:\WINDOWS\SYSTEM32\wintypes.dll
0x00007ffe95ba0000 - 0x00007ffe95c91000 	C:\WINDOWS\System32\SHCORE.dll
0x00007ffe96500000 - 0x00007ffe9655e000 	C:\WINDOWS\System32\shlwapi.dll
0x00007ffe93b80000 - 0x00007ffe93ba1000 	C:\WINDOWS\SYSTEM32\profapi.dll
0x00007ffe573d0000 - 0x00007ffe573e3000 	C:\Program Files\Java\jdk-18.0.1.1\bin\net.dll
0x00007ffe897e0000 - 0x00007ffe8990f000 	C:\WINDOWS\SYSTEM32\WINHTTP.dll
0x00007ffe93200000 - 0x00007ffe93269000 	C:\WINDOWS\system32\mswsock.dll
0x00007ffe573b0000 - 0x00007ffe573c6000 	C:\Program Files\Java\jdk-18.0.1.1\bin\nio.dll
0x00007ffe57340000 - 0x00007ffe57358000 	C:\Program Files\Java\jdk-18.0.1.1\bin\zip.dll
0x00007ffe679e0000 - 0x00007ffe679f0000 	C:\Program Files\Java\jdk-18.0.1.1\bin\verify.dll
0x00007ffe5e030000 - 0x00007ffe5e057000 	C:\Program Files\Android\gradle-7.3.3\native\e1d6ef7f7dcc3fd88c89a11ec53ec762bb8ba0a96d01ffa2cd45eb1d1d8dd5c5\windows-amd64\native-platform.dll
0x00007ffe2e240000 - 0x00007ffe2e384000 	C:\Program Files\Android\gradle-7.3.3\native\5664cfc778a61ccfe75a443a1ab52a65af34e5dc3c78e0209fed803814484fcb\windows-amd64\native-platform-file-events.dll
0x00007ffe66f40000 - 0x00007ffe66f49000 	C:\Program Files\Java\jdk-18.0.1.1\bin\management.dll
0x00007ffe60520000 - 0x00007ffe6052b000 	C:\Program Files\Java\jdk-18.0.1.1\bin\management_ext.dll
0x00007ffe93450000 - 0x00007ffe9346b000 	C:\WINDOWS\SYSTEM32\CRYPTSP.dll
0x00007ffe92d00000 - 0x00007ffe92d35000 	C:\WINDOWS\system32\rsaenh.dll
0x00007ffe932f0000 - 0x00007ffe93318000 	C:\WINDOWS\SYSTEM32\USERENV.dll
0x00007ffe935f0000 - 0x00007ffe93618000 	C:\WINDOWS\SYSTEM32\bcrypt.dll
0x00007ffe93470000 - 0x00007ffe9347c000 	C:\WINDOWS\SYSTEM32\CRYPTBASE.dll
0x00007ffe92750000 - 0x00007ffe9277d000 	C:\WINDOWS\SYSTEM32\IPHLPAPI.DLL
0x00007ffe958f0000 - 0x00007ffe958f9000 	C:\WINDOWS\System32\NSI.dll
0x00007ffe89250000 - 0x00007ffe89269000 	C:\WINDOWS\SYSTEM32\dhcpcsvc6.DLL
0x00007ffe89110000 - 0x00007ffe8912f000 	C:\WINDOWS\SYSTEM32\dhcpcsvc.DLL
0x00007ffe927c0000 - 0x00007ffe928b2000 	C:\WINDOWS\SYSTEM32\DNSAPI.dll

dbghelp: loaded successfully - version: 4.0.5 - missing functions: none
symbol engine: initialized successfully - sym options: 0x614 - pdb path: .;C:\Program Files\Java\jdk-18.0.1.1\bin;C:\WINDOWS\SYSTEM32;C:\WINDOWS\WinSxS\amd64_microsoft.windows.common-controls_6595b64144ccf1df_6.0.22621.608_none_a9444ca7c10bb01d;C:\Program Files\Java\jdk-18.0.1.1\bin\server;C:\Program Files\Android\gradle-7.3.3\native\e1d6ef7f7dcc3fd88c89a11ec53ec762bb8ba0a96d01ffa2cd45eb1d1d8dd5c5\windows-amd64;C:\Program Files\Android\gradle-7.3.3\native\5664cfc778a61ccfe75a443a1ab52a65af34e5dc3c78e0209fed803814484fcb\windows-amd64

VM Arguments:
jvm_args: --add-opens=java.base/java.util=ALL-UNNAMED --add-opens=java.base/java.lang=ALL-UNNAMED --add-opens=java.base/java.lang.invoke=ALL-UNNAMED --add-opens=java.base/java.util=ALL-UNNAMED --add-opens=java.prefs/java.util.prefs=ALL-UNNAMED --add-opens=java.prefs/java.util.prefs=ALL-UNNAMED --add-opens=java.base/java.nio.charset=ALL-UNNAMED --add-opens=java.base/java.net=ALL-UNNAMED --add-opens=java.base/java.util.concurrent.atomic=ALL-UNNAMED -Xmx2048m -Dfile.encoding=UTF-8 -Duser.country=IN -Duser.language=en -Duser.variant 
java_command: org.gradle.launcher.daemon.bootstrap.GradleDaemon 7.3.3
java_class_path (initial): C:\Program Files\Android\gradle-7.3.3\lib\gradle-launcher-7.3.3.jar
Launcher Type: SUN_STANDARD

[Global flags]
     intx CICompilerCount                          = 4                                         {product} {ergonomic}
     uint ConcGCThreads                            = 2                                         {product} {ergonomic}
     uint G1ConcRefinementThreads                  = 8                                         {product} {ergonomic}
   size_t G1HeapRegionSize                         = 1048576                                   {product} {ergonomic}
    uintx GCDrainStackTargetSize                   = 64                                        {product} {ergonomic}
   size_t InitialHeapSize                          = 132120576                                 {product} {ergonomic}
   size_t MarkStackSize                            = 4194304                                   {product} {ergonomic}
   size_t MaxHeapSize                              = 2147483648                                {product} {command line}
   size_t MaxNewSize                               = 1287651328                                {product} {ergonomic}
   size_t MinHeapDeltaBytes                        = 1048576                                   {product} {ergonomic}
   size_t MinHeapSize                              = 8388608                                   {product} {ergonomic}
    uintx NonNMethodCodeHeapSize                   = 5839372                                {pd product} {ergonomic}
    uintx NonProfiledCodeHeapSize                  = 122909434                              {pd product} {ergonomic}
    uintx ProfiledCodeHeapSize                     = 122909434                              {pd product} {ergonomic}
    uintx ReservedCodeCacheSize                    = 251658240                              {pd product} {ergonomic}
     bool SegmentedCodeCache                       = true                                      {product} {ergonomic}
   size_t SoftMaxHeapSize                          = 2147483648                             {manageable} {ergonomic}
     bool UseCompressedClassPointers               = true                           {product lp64_product} {ergonomic}
     bool UseCompressedOops                        = true                           {product lp64_product} {ergonomic}
     bool UseG1GC                                  = true                                      {product} {ergonomic}
     bool UseLargePagesIndividualAllocation        = false                                  {pd product} {ergonomic}

Logging:
Log output configuration:
 #0: stdout all=warning uptime,level,tags foldmultilines=false
 #1: stderr all=off uptime,level,tags foldmultilines=false

Environment Variables:
JAVA_HOME=C:\Program Files\Java\jdk-18.0.1.1
PATH=C:\Program Files\Python310\Scripts\;C:\Program Files\Python310\;C:\Program Files\Common Files\Oracle\Java\javapath;C:\WINDOWS\system32;C:\WINDOWS;C:\WINDOWS\System32\Wbem;C:\WINDOWS\System32\WindowsPowerShell\v1.0\;C:\WINDOWS\System32\OpenSSH\;C:\Program Files\Git\cmd;C:\Program Files\dotnet\;C:\Program Files\Microsoft SQL Server\150\Tools\Binn\;C:\Program Files\Microsoft SQL Server\Client SDK\ODBC\170\Tools\Binn\;C:\Users\suraj\AppData\Local\Microsoft\WindowsApps;;C:\Users\suraj\AppData\Local\Programs\Microsoft VS Code\bin;C:\Users\suraj\.dotnet\tools
USERNAME=suraj
OS=Windows_NT
PROCESSOR_IDENTIFIER=Intel64 Family 6 Model 140 Stepping 1, GenuineIntel



---------------  S Y S T E M  ---------------

OS:
 Windows 11 , 64 bit Build 22621 (10.0.22621.1105)
OS uptime: 0 days 0:15 hours
Hyper-V role detected

CPU: total 8 (initial active 8) (4 cores per cpu, 2 threads per core) family 6 model 140 stepping 1 microcode 0x86, cx8, cmov, fxsr, ht, mmx, 3dnowpref, sse, sse2, sse3, ssse3, sse4.1, sse4.2, popcnt, lzcnt, tsc, tscinvbit, avx, avx2, aes, erms, clmul, bmi1, bmi2, adx, avx512f, avx512dq, avx512cd, avx512bw, avx512vl, sha, fma, vzeroupper, avx512_vpopcntdq, avx512_vpclmulqdq, avx512_vaes, avx512_vnni, clflush, clflushopt, clwb, avx512_vbmi2, avx512_vbmi, hv

Memory: 4k page, system-wide physical 7987M (500M free)
TotalPageFile size 7987M (AvailPageFile size 5M)
current process WorkingSet (physical memory assigned to process): 278M, peak: 280M
current process commit charge ("private bytes"): 322M, peak: 327M

vm_info: Java HotSpot(TM) 64-Bit Server VM (18.0.1.1+2-6) for windows-amd64 JRE (18.0.1.1+2-6), built on Apr 25 2022 21:53:15 by "mach5one" with MS VC++ 16.8 / 16.9 (VS2019)

END.
