#
# There is insufficient memory for the Java Runtime Environment to continue.
# Native memory allocation (mmap) failed to map 40894464 bytes for G1 virtual space
# Possible reasons:
#   The system is out of physical RAM or swap space
#   The process is running with CompressedOops enabled, and the Java Heap may be blocking the growth of the native heap
# Possible solutions:
#   Reduce memory load on the system
#   Increase physical memory or swap space
#   Check if swap backing store is full
#   Decrease Java heap size (-Xmx/-Xms)
#   Decrease number of Java threads
#   Decrease Java thread stack sizes (-Xss)
#   Set larger code cache with -XX:ReservedCodeCacheSize=
#   JVM is running with Unscaled Compressed Oops mode in which the Java heap is
#     placed in the first 4GB address space. The Java Heap base address is the
#     maximum limit for the native heap growth. Please use -XX:HeapBaseMinAddress
#     to set the Java Heap base and to place the Java Heap above 4GB virtual address.
# This output file may be truncated or incomplete.
#
#  Out of Memory Error (os_windows.cpp:3530), pid=12252, tid=9728
#
# JRE version: Java(TM) SE Runtime Environment (18.0.1.1+2) (build 18.0.1.1+2-6)
# Java VM: Java HotSpot(TM) 64-Bit Server VM (18.0.1.1+2-6, mixed mode, sharing, tiered, compressed oops, compressed class ptrs, g1 gc, windows-amd64)
# No core dump will be written. Minidumps are not enabled by default on client versions of Windows
#

---------------  S U M M A R Y ------------

Command Line: --add-opens=java.base/java.util=ALL-UNNAMED --add-opens=java.base/java.lang=ALL-UNNAMED --add-opens=java.base/java.lang.invoke=ALL-UNNAMED --add-opens=java.base/java.util=ALL-UNNAMED --add-opens=java.prefs/java.util.prefs=ALL-UNNAMED --add-opens=java.prefs/java.util.prefs=ALL-UNNAMED --add-opens=java.base/java.nio.charset=ALL-UNNAMED --add-opens=java.base/java.net=ALL-UNNAMED --add-opens=java.base/java.util.concurrent.atomic=ALL-UNNAMED -Xmx2048m -Dfile.encoding=UTF-8 -Duser.country=IN -Duser.language=en -Duser.variant org.gradle.launcher.daemon.bootstrap.GradleDaemon 7.3.3

Host: 11th Gen Intel(R) Core(TM) i5-1135G7 @ 2.40GHz, 8 cores, 7G,  Windows 11 , 64 bit Build 22621 (10.0.22621.1105)
Time: Thu Feb  2 21:23:27 2023 India Standard Time elapsed time: 4.682484 seconds (0d 0h 0m 4s)

---------------  T H R E A D  ---------------

Current thread (0x0000017ac0befec0):  VMThread "VM Thread" [stack: 0x0000003b30000000,0x0000003b30100000] [id=9728]

Stack: [0x0000003b30000000,0x0000003b30100000]
Native frames: (J=compiled Java code, j=interpreted, Vv=VM code, C=native code)
V  [jvm.dll+0x69887a]
V  [jvm.dll+0x7f38bd]
V  [jvm.dll+0x7f51ce]
V  [jvm.dll+0x7f5883]
V  [jvm.dll+0x25ca3f]
V  [jvm.dll+0x6957c9]
V  [jvm.dll+0x68a2fa]
V  [jvm.dll+0x321efb]
V  [jvm.dll+0x3298d6]
V  [jvm.dll+0x37e47e]
V  [jvm.dll+0x37e6af]
V  [jvm.dll+0x2f9c7a]
V  [jvm.dll+0x2f9d27]
V  [jvm.dll+0x33e262]
V  [jvm.dll+0x33c804]
V  [jvm.dll+0x2f9450]
V  [jvm.dll+0x33bddb]
V  [jvm.dll+0x7fa66b]
V  [jvm.dll+0x7fb404]
V  [jvm.dll+0x7fb93c]
V  [jvm.dll+0x7fbd94]
V  [jvm.dll+0x7fbe57]
V  [jvm.dll+0x7a03ea]
V  [jvm.dll+0x697725]
C  [ucrtbase.dll+0x29363]
C  [KERNEL32.DLL+0x126bd]
C  [ntdll.dll+0x5dfb8]

VM_Operation (0x0000003b320fe060): G1CollectForAllocation, mode: safepoint, requested by thread 0x0000017ac6b398f0


---------------  P R O C E S S  ---------------

Threads class SMR info:
_java_thread_list=0x0000017ac9bb2950, length=120, elements={
0x0000017aa2ca2380, 0x0000017ac0bf24e0, 0x0000017ac0bf2e80, 0x0000017ac0c0d8f0,
0x0000017ac0c102a0, 0x0000017ac0c11250, 0x0000017ac0c14210, 0x0000017ac0c19300,
0x0000017ac0c21c00, 0x0000017ac0c22cd0, 0x0000017ac51ebb80, 0x0000017ac51f0770,
0x0000017ac530deb0, 0x0000017ac6b61420, 0x0000017ac530e3b0, 0x0000017ac6cc9b50,
0x0000017ac6c85050, 0x0000017ac6cca010, 0x0000017ac66b0190, 0x0000017ac66b0650,
0x0000017ac6b3a290, 0x0000017ac6b39420, 0x0000017ac6b3cde0, 0x0000017ac6b3b5d0,
0x0000017ac6b3ac30, 0x0000017ac6b398f0, 0x0000017ac6b3bf70, 0x0000017ac6b3b100,
0x0000017ac6b3baa0, 0x0000017ac76b65b0, 0x0000017ac6b3c440, 0x0000017ac6b3a760,
0x0000017ac6b3c910, 0x0000017ac6fc0910, 0x0000017ac6fbada0, 0x0000017ac6fbddc0,
0x0000017ac6fbe290, 0x0000017ac6fc0de0, 0x0000017ac6fbb740, 0x0000017ac6fbca80,
0x0000017ac6fbbc10, 0x0000017ac6fbf5d0, 0x0000017ac6fbe760, 0x0000017ac6fc12b0,
0x0000017ac6fbcf50, 0x0000017ac6fbd420, 0x0000017ac6fc0440, 0x0000017ac6fbfaa0,
0x0000017ac6fc2120, 0x0000017ac6fc25f0, 0x0000017ac6fbd8f0, 0x0000017ac6fbec30,
0x0000017ac6fbff70, 0x0000017ac9b08220, 0x0000017ac9b0a3d0, 0x0000017ac9b06070,
0x0000017ac9b09560, 0x0000017ac9b0b710, 0x0000017ac9b09f00, 0x0000017ac9b09a30,
0x0000017ac9b0bbe0, 0x0000017ac9b08bc0, 0x0000017ac9b06540, 0x0000017ac9b07d50,
0x0000017ac9b0a8a0, 0x0000017ac9b086f0, 0x0000017ac9b0ad70, 0x0000017ac9b09090,
0x0000017ac9b06a10, 0x0000017ac9b0ca50, 0x0000017ac9b0c580, 0x0000017ac9b0b240,
0x0000017ac9b0c0b0, 0x0000017ac9b0cf20, 0x0000017ac9b06ee0, 0x0000017ac9b073b0,
0x0000017ac9b0d3f0, 0x0000017ac9b0d8c0, 0x0000017ac9b07880, 0x0000017aca117c00,
0x0000017aca11d770, 0x0000017aca11c900, 0x0000017aca11eab0, 0x0000017aca11b0f0,
0x0000017aca11b5c0, 0x0000017aca11c430, 0x0000017aca11ac20, 0x0000017aca11dc40,
0x0000017aca118f40, 0x0000017aca1185a0, 0x0000017aca119db0, 0x0000017aca118a70,
0x0000017aca119410, 0x0000017aca1180d0, 0x0000017aca11cdd0, 0x0000017aca117730,
0x0000017aca11ba90, 0x0000017aca1198e0, 0x0000017aca11e110, 0x0000017aca11a280,
0x0000017aca11e5e0, 0x0000017aca11a750, 0x0000017aca11bf60, 0x0000017aca117260,
0x0000017aca11d2a0, 0x0000017ac9bc3530, 0x0000017ac9bc7890, 0x0000017ac9bc6550,
0x0000017ac9bc5210, 0x0000017ac9bc56e0, 0x0000017ac9bc8230, 0x0000017ac9bc6ef0,
0x0000017ac9bc73c0, 0x0000017ac9bc8bd0, 0x0000017ac9bc43a0, 0x0000017ac9bc7d60,
0x0000017ac9bc8700, 0x0000017ac9bc90a0, 0x0000017ac9bc9570, 0x0000017ac9bc9a40
}

Java Threads: ( => current thread )
  0x0000017aa2ca2380 JavaThread "main" [_thread_blocked, id=2688, stack(0x0000003b2fa00000,0x0000003b2fb00000)]
  0x0000017ac0bf24e0 JavaThread "Reference Handler" daemon [_thread_blocked, id=15268, stack(0x0000003b30100000,0x0000003b30200000)]
  0x0000017ac0bf2e80 JavaThread "Finalizer" daemon [_thread_blocked, id=10644, stack(0x0000003b30200000,0x0000003b30300000)]
  0x0000017ac0c0d8f0 JavaThread "Signal Dispatcher" daemon [_thread_blocked, id=11848, stack(0x0000003b30300000,0x0000003b30400000)]
  0x0000017ac0c102a0 JavaThread "Attach Listener" daemon [_thread_blocked, id=9324, stack(0x0000003b30400000,0x0000003b30500000)]
  0x0000017ac0c11250 JavaThread "Service Thread" daemon [_thread_blocked, id=12156, stack(0x0000003b30500000,0x0000003b30600000)]
  0x0000017ac0c14210 JavaThread "Monitor Deflation Thread" daemon [_thread_blocked, id=9532, stack(0x0000003b30600000,0x0000003b30700000)]
  0x0000017ac0c19300 JavaThread "C2 CompilerThread0" daemon [_thread_blocked, id=5344, stack(0x0000003b30700000,0x0000003b30800000)]
  0x0000017ac0c21c00 JavaThread "C1 CompilerThread0" daemon [_thread_blocked, id=8548, stack(0x0000003b30800000,0x0000003b30900000)]
  0x0000017ac0c22cd0 JavaThread "Sweeper thread" daemon [_thread_blocked, id=9648, stack(0x0000003b30900000,0x0000003b30a00000)]
  0x0000017ac51ebb80 JavaThread "Common-Cleaner" daemon [_thread_blocked, id=9716, stack(0x0000003b30a00000,0x0000003b30b00000)]
  0x0000017ac51f0770 JavaThread "Notification Thread" daemon [_thread_blocked, id=10140, stack(0x0000003b30b00000,0x0000003b30c00000)]
  0x0000017ac530deb0 JavaThread "C2 CompilerThread1" daemon [_thread_blocked, id=1724, stack(0x0000003b30d00000,0x0000003b30e00000)]
  0x0000017ac6b61420 JavaThread "Daemon health stats" [_thread_blocked, id=15144, stack(0x0000003b31500000,0x0000003b31600000)]
  0x0000017ac530e3b0 JavaThread "Incoming local TCP Connector on port 49935" [_thread_in_native, id=4764, stack(0x0000003b30e00000,0x0000003b30f00000)]
  0x0000017ac6cc9b50 JavaThread "Daemon periodic checks" [_thread_blocked, id=1404, stack(0x0000003b31600000,0x0000003b31700000)]
  0x0000017ac6c85050 JavaThread "Daemon" [_thread_blocked, id=11756, stack(0x0000003b31700000,0x0000003b31800000)]
  0x0000017ac6cca010 JavaThread "Handler for socket connection from /127.0.0.1:49935 to /127.0.0.1:49936" [_thread_in_native, id=5348, stack(0x0000003b31800000,0x0000003b31900000)]
  0x0000017ac66b0190 JavaThread "Cancel handler" [_thread_blocked, id=7652, stack(0x0000003b31900000,0x0000003b31a00000)]
  0x0000017ac66b0650 JavaThread "Daemon worker" [_thread_blocked, id=10860, stack(0x0000003b31a00000,0x0000003b31b00000)]
  0x0000017ac6b3a290 JavaThread "Asynchronous log dispatcher for DefaultDaemonConnection: socket connection from /127.0.0.1:49935 to /127.0.0.1:49936" [_thread_blocked, id=11116, stack(0x0000003b31b00000,0x0000003b31c00000)]
  0x0000017ac6b39420 JavaThread "Stdin handler" [_thread_blocked, id=3020, stack(0x0000003b31c00000,0x0000003b31d00000)]
  0x0000017ac6b3cde0 JavaThread "Daemon client event forwarder" [_thread_blocked, id=12764, stack(0x0000003b31d00000,0x0000003b31e00000)]
  0x0000017ac6b3b5d0 JavaThread "Cache worker for journal cache (C:\Program Files\Android\gradle-7.3.3\caches\journal-1)" [_thread_blocked, id=7968, stack(0x0000003b31e00000,0x0000003b31f00000)]
  0x0000017ac6b3ac30 JavaThread "File lock request listener" [_thread_in_native, id=8120, stack(0x0000003b31f00000,0x0000003b32000000)]
  0x0000017ac6b398f0 JavaThread "Cache worker for file hash cache (C:\Program Files\Android\gradle-7.3.3\caches\7.3.3\fileHashes)" [_thread_blocked, id=11516, stack(0x0000003b32000000,0x0000003b32100000)]
  0x0000017ac6b3bf70 JavaThread "Cache worker for file hash cache (D:\EmailLogin\.gradle\7.3.3\fileHashes)" [_thread_blocked, id=6032, stack(0x0000003b32100000,0x0000003b32200000)]
  0x0000017ac6b3b100 JavaThread "File watcher server" daemon [_thread_in_native, id=6620, stack(0x0000003b32200000,0x0000003b32300000)]
  0x0000017ac6b3baa0 JavaThread "File watcher consumer" daemon [_thread_blocked, id=1276, stack(0x0000003b32300000,0x0000003b32400000)]
  0x0000017ac76b65b0 JavaThread "C2 CompilerThread2" daemon [_thread_blocked, id=10100, stack(0x0000003b32500000,0x0000003b32600000)]
  0x0000017ac6b3c440 JavaThread "Cache worker for checksums cache (D:\EmailLogin\.gradle\7.3.3\checksums)" [_thread_blocked, id=3252, stack(0x0000003b32600000,0x0000003b32700000)]
  0x0000017ac6b3a760 JavaThread "Cache worker for cache directory md-supplier (C:\Program Files\Android\gradle-7.3.3\caches\7.3.3\md-supplier)" [_thread_blocked, id=8940, stack(0x0000003b32700000,0x0000003b32800000)]
  0x0000017ac6b3c910 JavaThread "Cache worker for cache directory md-rule (C:\Program Files\Android\gradle-7.3.3\caches\7.3.3\md-rule)" [_thread_blocked, id=11088, stack(0x0000003b32900000,0x0000003b32a00000)]
  0x0000017ac6fc0910 JavaThread "Cache worker for execution history cache (C:\Program Files\Android\gradle-7.3.3\caches\7.3.3\executionHistory)" [_thread_blocked, id=1420, stack(0x0000003b32a00000,0x0000003b32b00000)]
  0x0000017ac6fbada0 JavaThread "jar transforms" [_thread_blocked, id=11084, stack(0x0000003b32b00000,0x0000003b32c00000)]
  0x0000017ac6fbddc0 JavaThread "Cache worker for file content cache (C:\Program Files\Android\gradle-7.3.3\caches\7.3.3\fileContent)" [_thread_blocked, id=11424, stack(0x0000003b32c00000,0x0000003b32d00000)]
  0x0000017ac6fbe290 JavaThread "jar transforms Thread 2" [_thread_blocked, id=5936, stack(0x0000003b32d00000,0x0000003b32e00000)]
  0x0000017ac6fc0de0 JavaThread "Cache worker for dependencies-accessors (D:\EmailLogin\.gradle\7.3.3\dependencies-accessors)" [_thread_blocked, id=10856, stack(0x0000003b32e00000,0x0000003b32f00000)]
  0x0000017ac6fbb740 JavaThread "jar transforms Thread 3" [_thread_blocked, id=2028, stack(0x0000003b32f00000,0x0000003b33000000)]
  0x0000017ac6fbca80 JavaThread "Cache worker for Build Output Cleanup Cache (D:\EmailLogin\.gradle\buildOutputCleanup)" [_thread_blocked, id=5336, stack(0x0000003b33000000,0x0000003b33100000)]
  0x0000017ac6fbbc10 JavaThread "Unconstrained build operations" [_thread_blocked, id=5880, stack(0x0000003b33100000,0x0000003b33200000)]
  0x0000017ac6fbf5d0 JavaThread "Unconstrained build operations Thread 2" [_thread_blocked, id=11236, stack(0x0000003b33200000,0x0000003b33300000)]
  0x0000017ac6fbe760 JavaThread "Unconstrained build operations Thread 3" [_thread_blocked, id=11288, stack(0x0000003b33300000,0x0000003b33400000)]
  0x0000017ac6fc12b0 JavaThread "Unconstrained build operations Thread 4" [_thread_blocked, id=11728, stack(0x0000003b33400000,0x0000003b33500000)]
  0x0000017ac6fbcf50 JavaThread "Unconstrained build operations Thread 5" [_thread_blocked, id=7056, stack(0x0000003b33500000,0x0000003b33600000)]
  0x0000017ac6fbd420 JavaThread "Unconstrained build operations Thread 6" [_thread_blocked, id=1648, stack(0x0000003b33600000,0x0000003b33700000)]
  0x0000017ac6fc0440 JavaThread "Unconstrained build operations Thread 7" [_thread_blocked, id=4560, stack(0x0000003b33700000,0x0000003b33800000)]
  0x0000017ac6fbfaa0 JavaThread "Unconstrained build operations Thread 8" [_thread_blocked, id=10016, stack(0x0000003b33800000,0x0000003b33900000)]
  0x0000017ac6fc2120 JavaThread "Unconstrained build operations Thread 9" [_thread_blocked, id=8752, stack(0x0000003b33900000,0x0000003b33a00000)]
  0x0000017ac6fc25f0 JavaThread "Unconstrained build operations Thread 10" [_thread_blocked, id=2604, stack(0x0000003b33a00000,0x0000003b33b00000)]
  0x0000017ac6fbd8f0 JavaThread "Unconstrained build operations Thread 11" [_thread_blocked, id=1904, stack(0x0000003b33b00000,0x0000003b33c00000)]
  0x0000017ac6fbec30 JavaThread "Unconstrained build operations Thread 12" [_thread_blocked, id=772, stack(0x0000003b33c00000,0x0000003b33d00000)]
  0x0000017ac6fbff70 JavaThread "Unconstrained build operations Thread 13" [_thread_blocked, id=11592, stack(0x0000003b33d00000,0x0000003b33e00000)]
  0x0000017ac9b08220 JavaThread "Unconstrained build operations Thread 14" [_thread_blocked, id=2004, stack(0x0000003b33e00000,0x0000003b33f00000)]
  0x0000017ac9b0a3d0 JavaThread "Unconstrained build operations Thread 15" [_thread_blocked, id=7744, stack(0x0000003b33f00000,0x0000003b34000000)]
  0x0000017ac9b06070 JavaThread "Unconstrained build operations Thread 16" [_thread_blocked, id=8948, stack(0x0000003b34000000,0x0000003b34100000)]
  0x0000017ac9b09560 JavaThread "Unconstrained build operations Thread 17" [_thread_blocked, id=4756, stack(0x0000003b34100000,0x0000003b34200000)]
  0x0000017ac9b0b710 JavaThread "Unconstrained build operations Thread 18" [_thread_blocked, id=3328, stack(0x0000003b34200000,0x0000003b34300000)]
  0x0000017ac9b09f00 JavaThread "Unconstrained build operations Thread 19" [_thread_blocked, id=1676, stack(0x0000003b34300000,0x0000003b34400000)]
  0x0000017ac9b09a30 JavaThread "Unconstrained build operations Thread 20" [_thread_blocked, id=11860, stack(0x0000003b34400000,0x0000003b34500000)]
  0x0000017ac9b0bbe0 JavaThread "Unconstrained build operations Thread 21" [_thread_blocked, id=11272, stack(0x0000003b34500000,0x0000003b34600000)]
  0x0000017ac9b08bc0 JavaThread "Unconstrained build operations Thread 22" [_thread_blocked, id=12128, stack(0x0000003b34600000,0x0000003b34700000)]
  0x0000017ac9b06540 JavaThread "Unconstrained build operations Thread 23" [_thread_blocked, id=1792, stack(0x0000003b34700000,0x0000003b34800000)]
  0x0000017ac9b07d50 JavaThread "Unconstrained build operations Thread 24" [_thread_blocked, id=3272, stack(0x0000003b34800000,0x0000003b34900000)]
  0x0000017ac9b0a8a0 JavaThread "Unconstrained build operations Thread 25" [_thread_blocked, id=12372, stack(0x0000003b34900000,0x0000003b34a00000)]
  0x0000017ac9b086f0 JavaThread "Unconstrained build operations Thread 26" [_thread_blocked, id=11680, stack(0x0000003b34a00000,0x0000003b34b00000)]
  0x0000017ac9b0ad70 JavaThread "Unconstrained build operations Thread 27" [_thread_blocked, id=1820, stack(0x0000003b34b00000,0x0000003b34c00000)]
  0x0000017ac9b09090 JavaThread "Unconstrained build operations Thread 28" [_thread_blocked, id=9524, stack(0x0000003b34c00000,0x0000003b34d00000)]
  0x0000017ac9b06a10 JavaThread "Unconstrained build operations Thread 29" [_thread_blocked, id=14172, stack(0x0000003b34d00000,0x0000003b34e00000)]
  0x0000017ac9b0ca50 JavaThread "Unconstrained build operations Thread 30" [_thread_blocked, id=7424, stack(0x0000003b34e00000,0x0000003b34f00000)]
  0x0000017ac9b0c580 JavaThread "Unconstrained build operations Thread 31" [_thread_blocked, id=3424, stack(0x0000003b34f00000,0x0000003b35000000)]
  0x0000017ac9b0b240 JavaThread "Unconstrained build operations Thread 32" [_thread_blocked, id=13228, stack(0x0000003b35000000,0x0000003b35100000)]
  0x0000017ac9b0c0b0 JavaThread "Unconstrained build operations Thread 33" [_thread_blocked, id=14456, stack(0x0000003b35100000,0x0000003b35200000)]
  0x0000017ac9b0cf20 JavaThread "Unconstrained build operations Thread 34" [_thread_blocked, id=8088, stack(0x0000003b35200000,0x0000003b35300000)]
  0x0000017ac9b06ee0 JavaThread "Unconstrained build operations Thread 35" [_thread_blocked, id=4712, stack(0x0000003b35300000,0x0000003b35400000)]
  0x0000017ac9b073b0 JavaThread "Unconstrained build operations Thread 36" [_thread_blocked, id=10544, stack(0x0000003b35400000,0x0000003b35500000)]
  0x0000017ac9b0d3f0 JavaThread "Unconstrained build operations Thread 37" [_thread_blocked, id=9512, stack(0x0000003b35500000,0x0000003b35600000)]
  0x0000017ac9b0d8c0 JavaThread "Unconstrained build operations Thread 38" [_thread_blocked, id=6180, stack(0x0000003b35600000,0x0000003b35700000)]
  0x0000017ac9b07880 JavaThread "Unconstrained build operations Thread 39" [_thread_blocked, id=768, stack(0x0000003b35700000,0x0000003b35800000)]
  0x0000017aca117c00 JavaThread "Unconstrained build operations Thread 40" [_thread_blocked, id=6116, stack(0x0000003b35800000,0x0000003b35900000)]
  0x0000017aca11d770 JavaThread "Unconstrained build operations Thread 41" [_thread_blocked, id=12352, stack(0x0000003b35900000,0x0000003b35a00000)]
  0x0000017aca11c900 JavaThread "Unconstrained build operations Thread 42" [_thread_blocked, id=12768, stack(0x0000003b35a00000,0x0000003b35b00000)]
  0x0000017aca11eab0 JavaThread "Unconstrained build operations Thread 43" [_thread_blocked, id=11016, stack(0x0000003b35b00000,0x0000003b35c00000)]
  0x0000017aca11b0f0 JavaThread "Unconstrained build operations Thread 44" [_thread_blocked, id=2044, stack(0x0000003b35c00000,0x0000003b35d00000)]
  0x0000017aca11b5c0 JavaThread "Unconstrained build operations Thread 45" [_thread_blocked, id=8512, stack(0x0000003b35d00000,0x0000003b35e00000)]
  0x0000017aca11c430 JavaThread "Unconstrained build operations Thread 46" [_thread_blocked, id=6252, stack(0x0000003b35e00000,0x0000003b35f00000)]
  0x0000017aca11ac20 JavaThread "Unconstrained build operations Thread 47" [_thread_blocked, id=12984, stack(0x0000003b35f00000,0x0000003b36000000)]
  0x0000017aca11dc40 JavaThread "Unconstrained build operations Thread 48" [_thread_blocked, id=4736, stack(0x0000003b36000000,0x0000003b36100000)]
  0x0000017aca118f40 JavaThread "Unconstrained build operations Thread 49" [_thread_blocked, id=14468, stack(0x0000003b36100000,0x0000003b36200000)]
  0x0000017aca1185a0 JavaThread "Unconstrained build operations Thread 50" [_thread_blocked, id=12936, stack(0x0000003b36200000,0x0000003b36300000)]
  0x0000017aca119db0 JavaThread "Unconstrained build operations Thread 51" [_thread_blocked, id=11276, stack(0x0000003b36300000,0x0000003b36400000)]
  0x0000017aca118a70 JavaThread "Unconstrained build operations Thread 52" [_thread_blocked, id=8988, stack(0x0000003b36400000,0x0000003b36500000)]
  0x0000017aca119410 JavaThread "Unconstrained build operations Thread 53" [_thread_blocked, id=13532, stack(0x0000003b36500000,0x0000003b36600000)]
  0x0000017aca1180d0 JavaThread "Unconstrained build operations Thread 54" [_thread_blocked, id=11676, stack(0x0000003b36600000,0x0000003b36700000)]
  0x0000017aca11cdd0 JavaThread "Unconstrained build operations Thread 55" [_thread_blocked, id=8080, stack(0x0000003b36700000,0x0000003b36800000)]
  0x0000017aca117730 JavaThread "Unconstrained build operations Thread 56" [_thread_blocked, id=7996, stack(0x0000003b36800000,0x0000003b36900000)]
  0x0000017aca11ba90 JavaThread "Unconstrained build operations Thread 57" [_thread_blocked, id=15256, stack(0x0000003b36900000,0x0000003b36a00000)]
  0x0000017aca1198e0 JavaThread "Unconstrained build operations Thread 58" [_thread_blocked, id=7220, stack(0x0000003b36a00000,0x0000003b36b00000)]
  0x0000017aca11e110 JavaThread "Unconstrained build operations Thread 59" [_thread_blocked, id=14120, stack(0x0000003b36b00000,0x0000003b36c00000)]
  0x0000017aca11a280 JavaThread "Unconstrained build operations Thread 60" [_thread_blocked, id=6272, stack(0x0000003b36c00000,0x0000003b36d00000)]
  0x0000017aca11e5e0 JavaThread "Unconstrained build operations Thread 61" [_thread_blocked, id=15216, stack(0x0000003b36d00000,0x0000003b36e00000)]
  0x0000017aca11a750 JavaThread "Unconstrained build operations Thread 62" [_thread_blocked, id=3060, stack(0x0000003b36e00000,0x0000003b36f00000)]
  0x0000017aca11bf60 JavaThread "Unconstrained build operations Thread 63" [_thread_blocked, id=11448, stack(0x0000003b36f00000,0x0000003b37000000)]
  0x0000017aca117260 JavaThread "Unconstrained build operations Thread 64" [_thread_blocked, id=12728, stack(0x0000003b37000000,0x0000003b37100000)]
  0x0000017aca11d2a0 JavaThread "Unconstrained build operations Thread 65" [_thread_blocked, id=15356, stack(0x0000003b37100000,0x0000003b37200000)]
  0x0000017ac9bc3530 JavaThread "Unconstrained build operations Thread 66" [_thread_blocked, id=2600, stack(0x0000003b37200000,0x0000003b37300000)]
  0x0000017ac9bc7890 JavaThread "Unconstrained build operations Thread 67" [_thread_blocked, id=9640, stack(0x0000003b37300000,0x0000003b37400000)]
  0x0000017ac9bc6550 JavaThread "Unconstrained build operations Thread 68" [_thread_blocked, id=13144, stack(0x0000003b37400000,0x0000003b37500000)]
  0x0000017ac9bc5210 JavaThread "Unconstrained build operations Thread 69" [_thread_blocked, id=3320, stack(0x0000003b37500000,0x0000003b37600000)]
  0x0000017ac9bc56e0 JavaThread "Unconstrained build operations Thread 70" [_thread_blocked, id=1104, stack(0x0000003b37600000,0x0000003b37700000)]
  0x0000017ac9bc8230 JavaThread "Unconstrained build operations Thread 71" [_thread_blocked, id=2052, stack(0x0000003b37700000,0x0000003b37800000)]
  0x0000017ac9bc6ef0 JavaThread "Unconstrained build operations Thread 72" [_thread_blocked, id=10380, stack(0x0000003b37800000,0x0000003b37900000)]
  0x0000017ac9bc73c0 JavaThread "Unconstrained build operations Thread 73" [_thread_blocked, id=5468, stack(0x0000003b37900000,0x0000003b37a00000)]
  0x0000017ac9bc8bd0 JavaThread "Unconstrained build operations Thread 74" [_thread_blocked, id=11168, stack(0x0000003b37a00000,0x0000003b37b00000)]
  0x0000017ac9bc43a0 JavaThread "Unconstrained build operations Thread 75" [_thread_blocked, id=14228, stack(0x0000003b37b00000,0x0000003b37c00000)]
  0x0000017ac9bc7d60 JavaThread "Unconstrained build operations Thread 76" [_thread_blocked, id=7096, stack(0x0000003b37c00000,0x0000003b37d00000)]
  0x0000017ac9bc8700 JavaThread "Unconstrained build operations Thread 77" [_thread_blocked, id=9988, stack(0x0000003b37d00000,0x0000003b37e00000)]
  0x0000017ac9bc90a0 JavaThread "Unconstrained build operations Thread 78" [_thread_blocked, id=724, stack(0x0000003b37e00000,0x0000003b37f00000)]
  0x0000017ac9bc9570 JavaThread "Unconstrained build operations Thread 79" [_thread_blocked, id=11716, stack(0x0000003b37f00000,0x0000003b38000000)]
  0x0000017ac9bc9a40 JavaThread "Unconstrained build operations Thread 80" [_thread_blocked, id=6684, stack(0x0000003b38000000,0x0000003b38100000)]

Other Threads:
=>0x0000017ac0befec0 VMThread "VM Thread" [stack: 0x0000003b30000000,0x0000003b30100000] [id=9728]
  0x0000017ac51f0c30 WatcherThread "VM Periodic Task Thread" [stack: 0x0000003b30c00000,0x0000003b30d00000] [id=4252]
  0x0000017aa2d020b0 WorkerThread "GC Thread#0" [stack: 0x0000003b2fb00000,0x0000003b2fc00000] [id=11840]
  0x0000017ac523aac0 WorkerThread "GC Thread#1" [stack: 0x0000003b30f00000,0x0000003b31000000] [id=1268]
  0x0000017ac5dcc8f0 WorkerThread "GC Thread#2" [stack: 0x0000003b31000000,0x0000003b31100000] [id=2924]
  0x0000017ac5c3d570 WorkerThread "GC Thread#3" [stack: 0x0000003b31100000,0x0000003b31200000] [id=10372]
  0x0000017ac5c94b20 WorkerThread "GC Thread#4" [stack: 0x0000003b31200000,0x0000003b31300000] [id=1812]
  0x0000017ac672c720 WorkerThread "GC Thread#5" [stack: 0x0000003b31300000,0x0000003b31400000] [id=10008]
  0x0000017ac6c42b20 WorkerThread "GC Thread#6" [stack: 0x0000003b31400000,0x0000003b31500000] [id=14224]
  0x0000017ac8609cd0 WorkerThread "GC Thread#7" [stack: 0x0000003b32400000,0x0000003b32500000] [id=11368]
  0x0000017aa2d12e80 ConcurrentGCThread "G1 Main Marker" [stack: 0x0000003b2fc00000,0x0000003b2fd00000] [id=4524]
  0x0000017aa2d13710 WorkerThread "G1 Conc#0" [stack: 0x0000003b2fd00000,0x0000003b2fe00000] [id=7580]
  0x0000017ac8609f70 WorkerThread "G1 Conc#1" [stack: 0x0000003b32800000,0x0000003b32900000] [id=10964]
  0x0000017aa2d52030 ConcurrentGCThread "G1 Refine#0" [stack: 0x0000003b2fe00000,0x0000003b2ff00000] [id=13204]
  0x0000017aa2d527e0 ConcurrentGCThread "G1 Service" [stack: 0x0000003b2ff00000,0x0000003b30000000] [id=1128]

Threads with active compile tasks:
C2 CompilerThread0     4701 5522       4       jdk.internal.misc.Unsafe::weakCompareAndSetReference (11 bytes)
C2 CompilerThread1     4701 5519 %     4       java.util.Arrays::fill @ 5 (21 bytes)

VM state: at safepoint (normal execution)

VM Mutex/Monitor currently owned by a thread:  ([mutex/lock_event])
[0x0000017aa0c1ab80] Threads_lock - owner thread: 0x0000017ac0befec0
[0x0000017aa0c1ac10] Heap_lock - owner thread: 0x0000017ac6b398f0

Heap address: 0x0000000080000000, size: 2048 MB, Compressed Oops mode: 32-bit

CDS archive(s) mapped at: [0x0000000800000000-0x0000000800ba0000-0x0000000800ba0000), size 12189696, SharedBaseAddress: 0x0000000800000000, ArchiveRelocationMode: 0.
Compressed class space mapped at: 0x0000000800c00000-0x0000000840c00000, reserved size: 1073741824
Narrow klass base: 0x0000000800000000, Narrow klass shift: 0, Narrow klass range: 0x100000000

GC Precious Log:
 CardTable entry size: 512
 Card Set container configuration: InlinePtr #cards 5 size 8 Array Of Cards #cards 12 size 40 Howl #buckets 4 coarsen threshold 1843 Howl Bitmap #cards 512 size 80 coarsen threshold 460 Card regions per heap region 1 cards per card region 2048
 CPUs: 8 total, 8 available
 Memory: 7987M
 Large Page Support: Disabled
 NUMA Support: Disabled
 Compressed Oops: Enabled (32-bit)
 Heap Region Size: 1M
 Heap Min Capacity: 8M
 Heap Initial Capacity: 126M
 Heap Max Capacity: 2G
 Pre-touch: Disabled
 Parallel Workers: 8
 Concurrent Workers: 2
 Concurrent Refinement Workers: 8
 Periodic GC: Disabled

Heap:
 garbage-first heap   total 129024K, used 34003K [0x0000000080000000, 0x0000000100000000)
  region size 1024K, 4 young (4096K), 4 survivors (4096K)
 Metaspace       used 40624K, committed 41984K, reserved 1114112K
  class space    used 5630K, committed 6336K, reserved 1048576K

Heap Regions: E=young(eden), S=young(survivor), O=old, HS=humongous(starts), HC=humongous(continues), CS=collection set, F=free, OA=open archive, CA=closed archive, TAMS=top-at-mark-start (previous, next)
|   0|0x0000000080000000, 0x0000000080100000, 0x0000000080100000|100%| O|  |TAMS 0x0000000080100000, 0x0000000080000000| Untracked 
|   1|0x0000000080100000, 0x0000000080200000, 0x0000000080200000|100%| O|  |TAMS 0x0000000080200000, 0x0000000080100000| Untracked 
|   2|0x0000000080200000, 0x0000000080300000, 0x0000000080300000|100%| O|  |TAMS 0x0000000080300000, 0x0000000080200000| Untracked 
|   3|0x0000000080300000, 0x0000000080400000, 0x0000000080400000|100%|HS|  |TAMS 0x0000000080400000, 0x0000000080300000| Complete 
|   4|0x0000000080400000, 0x0000000080500000, 0x0000000080500000|100%|HC|  |TAMS 0x0000000080500000, 0x0000000080400000| Complete 
|   5|0x0000000080500000, 0x0000000080600000, 0x0000000080600000|100%|HC|  |TAMS 0x0000000080600000, 0x0000000080500000| Complete 
|   6|0x0000000080600000, 0x0000000080700000, 0x0000000080700000|100%| O|  |TAMS 0x0000000080700000, 0x0000000080600000| Untracked 
|   7|0x0000000080700000, 0x0000000080800000, 0x0000000080800000|100%| O|  |TAMS 0x0000000080800000, 0x0000000080700000| Untracked 
|   8|0x0000000080800000, 0x0000000080900000, 0x0000000080900000|100%| O|  |TAMS 0x0000000080900000, 0x0000000080800000| Untracked 
|   9|0x0000000080900000, 0x0000000080a00000, 0x0000000080a00000|100%| O|  |TAMS 0x0000000080a00000, 0x0000000080900000| Untracked 
|  10|0x0000000080a00000, 0x0000000080b00000, 0x0000000080b00000|100%| O|  |TAMS 0x0000000080b00000, 0x0000000080a00000| Untracked 
|  11|0x0000000080b00000, 0x0000000080c00000, 0x0000000080c00000|100%| O|  |TAMS 0x0000000080c00000, 0x0000000080b00000| Untracked 
|  12|0x0000000080c00000, 0x0000000080d00000, 0x0000000080d00000|100%| O|  |TAMS 0x0000000080d00000, 0x0000000080c00000| Untracked 
|  13|0x0000000080d00000, 0x0000000080e00000, 0x0000000080e00000|100%| O|  |TAMS 0x0000000080e00000, 0x0000000080d00000| Untracked 
|  14|0x0000000080e00000, 0x0000000080f00000, 0x0000000080f00000|100%| O|  |TAMS 0x0000000080f00000, 0x0000000080e00000| Untracked 
|  15|0x0000000080f00000, 0x0000000081000000, 0x0000000081000000|100%| O|  |TAMS 0x0000000081000000, 0x0000000080f00000| Untracked 
|  16|0x0000000081000000, 0x0000000081100000, 0x0000000081100000|100%| O|  |TAMS 0x0000000081100000, 0x0000000081000000| Untracked 
|  17|0x0000000081100000, 0x0000000081200000, 0x0000000081200000|100%| O|  |TAMS 0x0000000081200000, 0x0000000081100000| Untracked 
|  18|0x0000000081200000, 0x0000000081300000, 0x0000000081300000|100%| O|  |TAMS 0x0000000081300000, 0x0000000081200000| Untracked 
|  19|0x0000000081300000, 0x0000000081400000, 0x0000000081400000|100%| O|  |TAMS 0x0000000081300000, 0x0000000081300000| Untracked 
|  20|0x0000000081400000, 0x0000000081500000, 0x0000000081500000|100%| O|  |TAMS 0x0000000081500000, 0x0000000081400000| Untracked 
|  21|0x0000000081500000, 0x0000000081600000, 0x0000000081600000|100%| O|  |TAMS 0x0000000081600000, 0x0000000081500000| Untracked 
|  22|0x0000000081600000, 0x0000000081700000, 0x0000000081700000|100%| O|  |TAMS 0x0000000081700000, 0x0000000081600000| Untracked 
|  23|0x0000000081700000, 0x0000000081800000, 0x0000000081800000|100%| O|  |TAMS 0x0000000081800000, 0x0000000081700000| Untracked 
|  24|0x0000000081800000, 0x0000000081900000, 0x0000000081900000|100%| O|  |TAMS 0x00000000818ad200, 0x0000000081800000| Untracked 
|  25|0x0000000081900000, 0x0000000081a00000, 0x0000000081a00000|100%| O|  |TAMS 0x0000000081900000, 0x0000000081900000| Untracked 
|  26|0x0000000081a00000, 0x0000000081b00000, 0x0000000081b00000|100%| O|  |TAMS 0x0000000081a00000, 0x0000000081a00000| Untracked 
|  27|0x0000000081b00000, 0x0000000081c00000, 0x0000000081c00000|100%| O|  |TAMS 0x0000000081b00000, 0x0000000081b00000| Untracked 
|  28|0x0000000081c00000, 0x0000000081d00000, 0x0000000081d00000|100%| O|  |TAMS 0x0000000081c00000, 0x0000000081c00000| Untracked 
|  29|0x0000000081d00000, 0x0000000081d34e00, 0x0000000081e00000| 20%| O|  |TAMS 0x0000000081d00000, 0x0000000081d00000| Untracked 
|  30|0x0000000081e00000, 0x0000000081e00000, 0x0000000081f00000|  0%| F|  |TAMS 0x0000000081e00000, 0x0000000081e00000| Untracked 
|  31|0x0000000081f00000, 0x0000000081f00000, 0x0000000082000000|  0%| F|  |TAMS 0x0000000081f00000, 0x0000000081f00000| Untracked 
|  32|0x0000000082000000, 0x0000000082000000, 0x0000000082100000|  0%| F|  |TAMS 0x0000000082000000, 0x0000000082000000| Untracked 
|  33|0x0000000082100000, 0x0000000082100000, 0x0000000082200000|  0%| F|  |TAMS 0x0000000082100000, 0x0000000082100000| Untracked 
|  34|0x0000000082200000, 0x0000000082200000, 0x0000000082300000|  0%| F|  |TAMS 0x0000000082200000, 0x0000000082200000| Untracked 
|  35|0x0000000082300000, 0x0000000082300000, 0x0000000082400000|  0%| F|  |TAMS 0x0000000082300000, 0x0000000082300000| Untracked 
|  36|0x0000000082400000, 0x0000000082400000, 0x0000000082500000|  0%| F|  |TAMS 0x0000000082400000, 0x0000000082400000| Untracked 
|  37|0x0000000082500000, 0x0000000082500000, 0x0000000082600000|  0%| F|  |TAMS 0x0000000082500000, 0x0000000082500000| Untracked 
|  38|0x0000000082600000, 0x0000000082600000, 0x0000000082700000|  0%| F|  |TAMS 0x0000000082600000, 0x0000000082600000| Untracked 
|  39|0x0000000082700000, 0x0000000082700000, 0x0000000082800000|  0%| F|  |TAMS 0x0000000082700000, 0x0000000082700000| Untracked 
|  40|0x0000000082800000, 0x0000000082800000, 0x0000000082900000|  0%| F|  |TAMS 0x0000000082800000, 0x0000000082800000| Untracked 
|  41|0x0000000082900000, 0x0000000082a00000, 0x0000000082a00000|100%| S|CS|TAMS 0x0000000082900000, 0x0000000082900000| Complete 
|  42|0x0000000082a00000, 0x0000000082a00000, 0x0000000082b00000|  0%| F|  |TAMS 0x0000000082a00000, 0x0000000082a00000| Untracked 
|  43|0x0000000082b00000, 0x0000000082b00000, 0x0000000082c00000|  0%| F|  |TAMS 0x0000000082b00000, 0x0000000082b00000| Untracked 
|  44|0x0000000082c00000, 0x0000000082c00000, 0x0000000082d00000|  0%| F|  |TAMS 0x0000000082c00000, 0x0000000082c00000| Untracked 
|  45|0x0000000082d00000, 0x0000000082d00000, 0x0000000082e00000|  0%| F|  |TAMS 0x0000000082d00000, 0x0000000082d00000| Untracked 
|  46|0x0000000082e00000, 0x0000000082f00000, 0x0000000082f00000|100%| S|CS|TAMS 0x0000000082e00000, 0x0000000082e00000| Complete 
|  47|0x0000000082f00000, 0x0000000083000000, 0x0000000083000000|100%| S|CS|TAMS 0x0000000082f00000, 0x0000000082f00000| Complete 
|  48|0x0000000083000000, 0x0000000083100000, 0x0000000083100000|100%| S|CS|TAMS 0x0000000083000000, 0x0000000083000000| Complete 
|  49|0x0000000083100000, 0x0000000083100000, 0x0000000083200000|  0%| F|  |TAMS 0x0000000083100000, 0x0000000083100000| Untracked 
|  50|0x0000000083200000, 0x0000000083200000, 0x0000000083300000|  0%| F|  |TAMS 0x0000000083200000, 0x0000000083200000| Untracked 
|  51|0x0000000083300000, 0x0000000083300000, 0x0000000083400000|  0%| F|  |TAMS 0x0000000083300000, 0x0000000083300000| Untracked 
|  52|0x0000000083400000, 0x0000000083400000, 0x0000000083500000|  0%| F|  |TAMS 0x0000000083400000, 0x0000000083400000| Untracked 
|  53|0x0000000083500000, 0x0000000083500000, 0x0000000083600000|  0%| F|  |TAMS 0x0000000083500000, 0x0000000083500000| Untracked 
|  54|0x0000000083600000, 0x0000000083600000, 0x0000000083700000|  0%| F|  |TAMS 0x0000000083600000, 0x0000000083600000| Untracked 
|  55|0x0000000083700000, 0x0000000083700000, 0x0000000083800000|  0%| F|  |TAMS 0x0000000083700000, 0x0000000083700000| Untracked 
|  56|0x0000000083800000, 0x0000000083800000, 0x0000000083900000|  0%| F|  |TAMS 0x0000000083800000, 0x0000000083800000| Untracked 
|  57|0x0000000083900000, 0x0000000083900000, 0x0000000083a00000|  0%| F|  |TAMS 0x0000000083900000, 0x0000000083900000| Untracked 
|  58|0x0000000083a00000, 0x0000000083a00000, 0x0000000083b00000|  0%| F|  |TAMS 0x0000000083a00000, 0x0000000083a00000| Untracked 
|  59|0x0000000083b00000, 0x0000000083b00000, 0x0000000083c00000|  0%| F|  |TAMS 0x0000000083b00000, 0x0000000083b00000| Untracked 
|  60|0x0000000083c00000, 0x0000000083c00000, 0x0000000083d00000|  0%| F|  |TAMS 0x0000000083c00000, 0x0000000083c00000| Untracked 
|  61|0x0000000083d00000, 0x0000000083d00000, 0x0000000083e00000|  0%| F|  |TAMS 0x0000000083d00000, 0x0000000083d00000| Untracked 
|  62|0x0000000083e00000, 0x0000000083e00000, 0x0000000083f00000|  0%| F|  |TAMS 0x0000000083e00000, 0x0000000083e00000| Untracked 
|  63|0x0000000083f00000, 0x0000000083f00000, 0x0000000084000000|  0%| F|  |TAMS 0x0000000083f00000, 0x0000000083f00000| Untracked 
|  64|0x0000000084000000, 0x0000000084000000, 0x0000000084100000|  0%| F|  |TAMS 0x0000000084000000, 0x0000000084000000| Untracked 
|  65|0x0000000084100000, 0x0000000084100000, 0x0000000084200000|  0%| F|  |TAMS 0x0000000084100000, 0x0000000084100000| Untracked 
|  66|0x0000000084200000, 0x0000000084200000, 0x0000000084300000|  0%| F|  |TAMS 0x0000000084200000, 0x0000000084200000| Untracked 
|  67|0x0000000084300000, 0x0000000084300000, 0x0000000084400000|  0%| F|  |TAMS 0x0000000084300000, 0x0000000084300000| Untracked 
|  68|0x0000000084400000, 0x0000000084400000, 0x0000000084500000|  0%| F|  |TAMS 0x0000000084400000, 0x0000000084400000| Untracked 
|  69|0x0000000084500000, 0x0000000084500000, 0x0000000084600000|  0%| F|  |TAMS 0x0000000084500000, 0x0000000084500000| Untracked 
|  70|0x0000000084600000, 0x0000000084600000, 0x0000000084700000|  0%| F|  |TAMS 0x0000000084600000, 0x0000000084600000| Untracked 
|  71|0x0000000084700000, 0x0000000084700000, 0x0000000084800000|  0%| F|  |TAMS 0x0000000084700000, 0x0000000084700000| Untracked 
|  72|0x0000000084800000, 0x0000000084800000, 0x0000000084900000|  0%| F|  |TAMS 0x0000000084800000, 0x0000000084800000| Untracked 
|  73|0x0000000084900000, 0x0000000084900000, 0x0000000084a00000|  0%| F|  |TAMS 0x0000000084900000, 0x0000000084900000| Untracked 
|  74|0x0000000084a00000, 0x0000000084a00000, 0x0000000084b00000|  0%| F|  |TAMS 0x0000000084a00000, 0x0000000084a00000| Untracked 
|  75|0x0000000084b00000, 0x0000000084b00000, 0x0000000084c00000|  0%| F|  |TAMS 0x0000000084b00000, 0x0000000084b00000| Untracked 
|  76|0x0000000084c00000, 0x0000000084c00000, 0x0000000084d00000|  0%| F|  |TAMS 0x0000000084c00000, 0x0000000084c00000| Untracked 
|  77|0x0000000084d00000, 0x0000000084d00000, 0x0000000084e00000|  0%| F|  |TAMS 0x0000000084d00000, 0x0000000084d00000| Untracked 
|  78|0x0000000084e00000, 0x0000000084e00000, 0x0000000084f00000|  0%| F|  |TAMS 0x0000000084e00000, 0x0000000084e00000| Untracked 
|  79|0x0000000084f00000, 0x0000000084f00000, 0x0000000085000000|  0%| F|  |TAMS 0x0000000084f00000, 0x0000000084f00000| Untracked 
|  80|0x0000000085000000, 0x0000000085000000, 0x0000000085100000|  0%| F|  |TAMS 0x0000000085000000, 0x0000000085000000| Untracked 
|  81|0x0000000085100000, 0x0000000085100000, 0x0000000085200000|  0%| F|  |TAMS 0x0000000085100000, 0x0000000085100000| Untracked 
|  82|0x0000000085200000, 0x0000000085200000, 0x0000000085300000|  0%| F|  |TAMS 0x0000000085200000, 0x0000000085200000| Untracked 
|  83|0x0000000085300000, 0x0000000085300000, 0x0000000085400000|  0%| F|  |TAMS 0x0000000085300000, 0x0000000085300000| Untracked 
|  84|0x0000000085400000, 0x0000000085400000, 0x0000000085500000|  0%| F|  |TAMS 0x0000000085400000, 0x0000000085400000| Untracked 
|  85|0x0000000085500000, 0x0000000085500000, 0x0000000085600000|  0%| F|  |TAMS 0x0000000085500000, 0x0000000085500000| Untracked 
|  86|0x0000000085600000, 0x0000000085600000, 0x0000000085700000|  0%| F|  |TAMS 0x0000000085600000, 0x0000000085600000| Untracked 
|  87|0x0000000085700000, 0x0000000085700000, 0x0000000085800000|  0%| F|  |TAMS 0x0000000085700000, 0x0000000085700000| Untracked 
|  88|0x0000000085800000, 0x0000000085800000, 0x0000000085900000|  0%| F|  |TAMS 0x0000000085800000, 0x0000000085800000| Untracked 
|  89|0x0000000085900000, 0x0000000085900000, 0x0000000085a00000|  0%| F|  |TAMS 0x0000000085900000, 0x0000000085900000| Untracked 
|  90|0x0000000085a00000, 0x0000000085a00000, 0x0000000085b00000|  0%| F|  |TAMS 0x0000000085a00000, 0x0000000085a00000| Untracked 
|  91|0x0000000085b00000, 0x0000000085b00000, 0x0000000085c00000|  0%| F|  |TAMS 0x0000000085b00000, 0x0000000085b00000| Untracked 
|  92|0x0000000085c00000, 0x0000000085c00000, 0x0000000085d00000|  0%| F|  |TAMS 0x0000000085c00000, 0x0000000085c00000| Untracked 
|  93|0x0000000085d00000, 0x0000000085d00000, 0x0000000085e00000|  0%| F|  |TAMS 0x0000000085d00000, 0x0000000085d00000| Untracked 
|  94|0x0000000085e00000, 0x0000000085e00000, 0x0000000085f00000|  0%| F|  |TAMS 0x0000000085e00000, 0x0000000085e00000| Untracked 
|  95|0x0000000085f00000, 0x0000000085f00000, 0x0000000086000000|  0%| F|  |TAMS 0x0000000085f00000, 0x0000000085f00000| Untracked 
|  96|0x0000000086000000, 0x0000000086000000, 0x0000000086100000|  0%| F|  |TAMS 0x0000000086000000, 0x0000000086000000| Untracked 
|  97|0x0000000086100000, 0x0000000086100000, 0x0000000086200000|  0%| F|  |TAMS 0x0000000086100000, 0x0000000086100000| Untracked 
|  98|0x0000000086200000, 0x0000000086200000, 0x0000000086300000|  0%| F|  |TAMS 0x0000000086200000, 0x0000000086200000| Untracked 
|  99|0x0000000086300000, 0x0000000086300000, 0x0000000086400000|  0%| F|  |TAMS 0x0000000086300000, 0x0000000086300000| Untracked 
| 100|0x0000000086400000, 0x0000000086400000, 0x0000000086500000|  0%| F|  |TAMS 0x0000000086400000, 0x0000000086400000| Untracked 
| 101|0x0000000086500000, 0x0000000086500000, 0x0000000086600000|  0%| F|  |TAMS 0x0000000086500000, 0x0000000086500000| Untracked 
| 102|0x0000000086600000, 0x0000000086600000, 0x0000000086700000|  0%| F|  |TAMS 0x0000000086600000, 0x0000000086600000| Untracked 
| 103|0x0000000086700000, 0x0000000086700000, 0x0000000086800000|  0%| F|  |TAMS 0x0000000086700000, 0x0000000086700000| Untracked 
| 104|0x0000000086800000, 0x0000000086800000, 0x0000000086900000|  0%| F|  |TAMS 0x0000000086800000, 0x0000000086800000| Untracked 
| 105|0x0000000086900000, 0x0000000086900000, 0x0000000086a00000|  0%| F|  |TAMS 0x0000000086900000, 0x0000000086900000| Untracked 
| 106|0x0000000086a00000, 0x0000000086a00000, 0x0000000086b00000|  0%| F|  |TAMS 0x0000000086a00000, 0x0000000086a00000| Untracked 
| 107|0x0000000086b00000, 0x0000000086b00000, 0x0000000086c00000|  0%| F|  |TAMS 0x0000000086b00000, 0x0000000086b00000| Untracked 
| 108|0x0000000086c00000, 0x0000000086c00000, 0x0000000086d00000|  0%| F|  |TAMS 0x0000000086c00000, 0x0000000086c00000| Untracked 
| 109|0x0000000086d00000, 0x0000000086d00000, 0x0000000086e00000|  0%| F|  |TAMS 0x0000000086d00000, 0x0000000086d00000| Untracked 
| 110|0x0000000086e00000, 0x0000000086e00000, 0x0000000086f00000|  0%| F|  |TAMS 0x0000000086e00000, 0x0000000086e00000| Untracked 
| 111|0x0000000086f00000, 0x0000000086f00000, 0x0000000087000000|  0%| F|  |TAMS 0x0000000086f00000, 0x0000000086f00000| Untracked 
| 112|0x0000000087000000, 0x0000000087000000, 0x0000000087100000|  0%| F|  |TAMS 0x0000000087000000, 0x0000000087000000| Untracked 
| 113|0x0000000087100000, 0x0000000087100000, 0x0000000087200000|  0%| F|  |TAMS 0x0000000087100000, 0x0000000087100000| Untracked 
| 114|0x0000000087200000, 0x0000000087200000, 0x0000000087300000|  0%| F|  |TAMS 0x0000000087200000, 0x0000000087200000| Untracked 
| 115|0x0000000087300000, 0x0000000087300000, 0x0000000087400000|  0%| F|  |TAMS 0x0000000087300000, 0x0000000087300000| Untracked 
| 116|0x0000000087400000, 0x0000000087400000, 0x0000000087500000|  0%| F|  |TAMS 0x0000000087400000, 0x0000000087400000| Untracked 
| 117|0x0000000087500000, 0x0000000087500000, 0x0000000087600000|  0%| F|  |TAMS 0x0000000087500000, 0x0000000087500000| Untracked 
| 118|0x0000000087600000, 0x0000000087600000, 0x0000000087700000|  0%| F|  |TAMS 0x0000000087600000, 0x0000000087600000| Untracked 
| 119|0x0000000087700000, 0x0000000087700000, 0x0000000087800000|  0%| F|  |TAMS 0x0000000087700000, 0x0000000087700000| Untracked 
| 120|0x0000000087800000, 0x0000000087800000, 0x0000000087900000|  0%| F|  |TAMS 0x0000000087800000, 0x0000000087800000| Untracked 
| 121|0x0000000087900000, 0x0000000087900000, 0x0000000087a00000|  0%| F|  |TAMS 0x0000000087900000, 0x0000000087900000| Untracked 
| 122|0x0000000087a00000, 0x0000000087a00000, 0x0000000087b00000|  0%| F|  |TAMS 0x0000000087a00000, 0x0000000087a00000| Untracked 
| 123|0x0000000087b00000, 0x0000000087b00000, 0x0000000087c00000|  0%| F|  |TAMS 0x0000000087b00000, 0x0000000087b00000| Untracked 
| 124|0x0000000087c00000, 0x0000000087c00000, 0x0000000087d00000|  0%| F|  |TAMS 0x0000000087c00000, 0x0000000087c00000| Untracked 
| 125|0x0000000087d00000, 0x0000000087d00000, 0x0000000087e00000|  0%| F|  |TAMS 0x0000000087d00000, 0x0000000087d00000| Untracked 

Card table byte_map: [0x0000017ab9d10000,0x0000017aba110000] _byte_map_base: 0x0000017ab9910000

Marking Bits (Prev, Next): (CMBitMap*) 0x0000017aa2d02550, (CMBitMap*) 0x0000017aa2d02590
 Prev Bits: [0x0000017aba510000, 0x0000017abc510000)
 Next Bits: [0x0000017abc510000, 0x0000017abe510000)

Polling page: 0x0000017aa2460000

Metaspace:

Usage:
  Non-class:     34.17 MB used.
      Class:      5.50 MB used.
       Both:     39.67 MB used.

Virtual space:
  Non-class space:       64.00 MB reserved,      34.81 MB ( 54%) committed,  1 nodes.
      Class space:        1.00 GB reserved,       6.19 MB ( <1%) committed,  1 nodes.
             Both:        1.06 GB reserved,      41.00 MB (  4%) committed. 

Chunk freelists:
   Non-Class:  320.00 KB
       Class:  1.81 MB
        Both:  2.12 MB

MaxMetaspaceSize: unlimited
CompressedClassSpaceSize: 1.00 GB
Initial GC threshold: 21.00 MB
Current GC threshold: 59.06 MB
CDS: on
MetaspaceReclaimPolicy: balanced
 - commit_granule_bytes: 65536.
 - commit_granule_words: 8192.
 - virtual_space_node_default_size: 8388608.
 - enlarge_chunks_in_place: 1.
 - new_chunks_are_fully_committed: 0.
 - uncommit_free_chunks: 1.
 - use_allocation_guard: 0.


Internal statistics:

num_allocs_failed_limit: 6.
num_arena_births: 2462.
num_arena_deaths: 0.
num_vsnodes_births: 2.
num_vsnodes_deaths: 0.
num_space_committed: 656.
num_space_uncommitted: 0.
num_chunks_returned_to_freelist: 6.
num_chunks_taken_from_freelist: 4374.
num_chunk_merges: 6.
num_chunk_splits: 2836.
num_chunks_enlarged: 1703.
num_inconsistent_stats: 0.

CodeHeap 'non-profiled nmethods': size=120000Kb used=3020Kb max_used=3020Kb free=116979Kb
 bounds [0x0000017ab20a0000, 0x0000017ab23a0000, 0x0000017ab95d0000]
CodeHeap 'profiled nmethods': size=120000Kb used=10713Kb max_used=10713Kb free=109286Kb
 bounds [0x0000017aaab70000, 0x0000017aab5f0000, 0x0000017ab20a0000]
CodeHeap 'non-nmethods': size=5760Kb used=2324Kb max_used=2358Kb free=3435Kb
 bounds [0x0000017aaa5d0000, 0x0000017aaa840000, 0x0000017aaab70000]
 total_blobs=6335 nmethods=5521 adapters=726
 compilation: enabled
              stopped_count=0, restarted_count=0
 full_count=0

Compilation events (20 events):
Event: 4.670 Thread 0x0000017ac0c21c00 5512       3       com.google.common.cache.LocalCache$AccessQueue::peek (5 bytes)
Event: 4.670 Thread 0x0000017ac0c21c00 nmethod 5512 0x0000017aab5e1a90 code [0x0000017aab5e1c40, 0x0000017aab5e1ec8]
Event: 4.670 Thread 0x0000017ac0c21c00 5513       3       com.google.common.cache.LocalCache$AccessQueue::peek (24 bytes)
Event: 4.670 Thread 0x0000017ac0c21c00 nmethod 5513 0x0000017aab5e2010 code [0x0000017aab5e21c0, 0x0000017aab5e23e8]
Event: 4.670 Thread 0x0000017ac0c21c00 5515       3       com.google.common.cache.LocalCache$StrongEntry::<init> (27 bytes)
Event: 4.671 Thread 0x0000017ac0c21c00 nmethod 5515 0x0000017aab5e2510 code [0x0000017aab5e26c0, 0x0000017aab5e2a18]
Event: 4.671 Thread 0x0000017ac0c21c00 5516       3       org.gradle.internal.snapshot.SnapshotUtil$1::handleAsDescendantOfChild (10 bytes)
Event: 4.671 Thread 0x0000017ac0c21c00 nmethod 5516 0x0000017aab5e2b10 code [0x0000017aab5e2cc0, 0x0000017aab5e3028]
Event: 4.671 Thread 0x0000017ac0c21c00 5517       3       org.gradle.internal.snapshot.SnapshotUtil$1::handleAsDescendantOfChild (12 bytes)
Event: 4.671 Thread 0x0000017ac0c21c00 nmethod 5517 0x0000017aab5e3190 code [0x0000017aab5e3340, 0x0000017aab5e3528]
Event: 4.671 Thread 0x0000017ac530deb0 5519 %     4       java.util.Arrays::fill @ 5 (21 bytes)
Event: 4.671 Thread 0x0000017ac0c21c00 5518       3       org.gradle.internal.snapshot.SingletonChildMap::withNode (11 bytes)
Event: 4.671 Thread 0x0000017ac0c21c00 nmethod 5518 0x0000017aab5e3610 code [0x0000017aab5e3860, 0x0000017aab5e41f8]
Event: 4.671 Thread 0x0000017ac0c21c00 5520       3       org.gradle.internal.snapshot.MediumChildMap::withNode (67 bytes)
Event: 4.672 Thread 0x0000017ac0c21c00 nmethod 5520 0x0000017aab5e4590 code [0x0000017aab5e47c0, 0x0000017aab5e5098]
Event: 4.672 Thread 0x0000017ac0c21c00 5521       3       java.util.concurrent.locks.LockSupport::park (23 bytes)
Event: 4.672 Thread 0x0000017ac0c21c00 nmethod 5521 0x0000017aab5e5390 code [0x0000017aab5e5540, 0x0000017aab5e5708]
Event: 4.672 Thread 0x0000017ac0c19300 5522       4       jdk.internal.misc.Unsafe::weakCompareAndSetReference (11 bytes)
Event: 4.672 Thread 0x0000017ac0c21c00 5523       3       org.gradle.internal.snapshot.SearchUtil::binarySearch (160 bytes)
Event: 4.673 Thread 0x0000017ac0c21c00 nmethod 5523 0x0000017aab5e5810 code [0x0000017aab5e5a40, 0x0000017aab5e6288]

GC Heap History (19 events):
Event: 0.592 GC heap before
{Heap before GC invocations=0 (full 0):
 garbage-first heap   total 129024K, used 28672K [0x0000000080000000, 0x0000000100000000)
  region size 1024K, 23 young (23552K), 0 survivors (0K)
 Metaspace       used 3752K, committed 3904K, reserved 1114112K
  class space    used 468K, committed 576K, reserved 1048576K
}
Event: 0.597 GC heap after
{Heap after GC invocations=1 (full 0):
 garbage-first heap   total 129024K, used 8910K [0x0000000080000000, 0x0000000100000000)
  region size 1024K, 3 young (3072K), 3 survivors (3072K)
 Metaspace       used 3752K, committed 3904K, reserved 1114112K
  class space    used 468K, committed 576K, reserved 1048576K
}
Event: 1.037 GC heap before
{Heap before GC invocations=1 (full 0):
 garbage-first heap   total 129024K, used 38606K [0x0000000080000000, 0x0000000100000000)
  region size 1024K, 32 young (32768K), 3 survivors (3072K)
 Metaspace       used 4813K, committed 4992K, reserved 1114112K
  class space    used 633K, committed 704K, reserved 1048576K
}
Event: 1.043 GC heap after
{Heap after GC invocations=2 (full 0):
 garbage-first heap   total 129024K, used 14239K [0x0000000080000000, 0x0000000100000000)
  region size 1024K, 4 young (4096K), 4 survivors (4096K)
 Metaspace       used 4813K, committed 4992K, reserved 1114112K
  class space    used 633K, committed 704K, reserved 1048576K
}
Event: 2.261 GC heap before
{Heap before GC invocations=2 (full 0):
 garbage-first heap   total 129024K, used 86943K [0x0000000080000000, 0x0000000100000000)
  region size 1024K, 75 young (76800K), 4 survivors (4096K)
 Metaspace       used 18854K, committed 19520K, reserved 1114112K
  class space    used 2742K, committed 3072K, reserved 1048576K
}
Event: 2.274 GC heap after
{Heap after GC invocations=3 (full 0):
 garbage-first heap   total 129024K, used 20092K [0x0000000080000000, 0x0000000100000000)
  region size 1024K, 10 young (10240K), 10 survivors (10240K)
 Metaspace       used 18854K, committed 19520K, reserved 1114112K
  class space    used 2742K, committed 3072K, reserved 1048576K
}
Event: 2.488 GC heap before
{Heap before GC invocations=3 (full 0):
 garbage-first heap   total 129024K, used 34428K [0x0000000080000000, 0x0000000100000000)
  region size 1024K, 25 young (25600K), 10 survivors (10240K)
 Metaspace       used 20700K, committed 21504K, reserved 1114112K
  class space    used 3056K, committed 3456K, reserved 1048576K
}
Event: 2.495 GC heap after
{Heap after GC invocations=4 (full 0):
 garbage-first heap   total 129024K, used 20661K [0x0000000080000000, 0x0000000100000000)
  region size 1024K, 2 young (2048K), 2 survivors (2048K)
 Metaspace       used 20700K, committed 21504K, reserved 1114112K
  class space    used 3056K, committed 3456K, reserved 1048576K
}
Event: 3.134 GC heap before
{Heap before GC invocations=5 (full 0):
 garbage-first heap   total 78848K, used 64693K [0x0000000080000000, 0x0000000100000000)
  region size 1024K, 46 young (47104K), 2 survivors (2048K)
 Metaspace       used 29412K, committed 30400K, reserved 1114112K
  class space    used 4149K, committed 4672K, reserved 1048576K
}
Event: 3.140 GC heap after
{Heap after GC invocations=6 (full 0):
 garbage-first heap   total 78848K, used 25101K [0x0000000080000000, 0x0000000100000000)
  region size 1024K, 6 young (6144K), 6 survivors (6144K)
 Metaspace       used 29412K, committed 30400K, reserved 1114112K
  class space    used 4149K, committed 4672K, reserved 1048576K
}
Event: 3.146 GC heap before
{Heap before GC invocations=6 (full 0):
 garbage-first heap   total 78848K, used 26125K [0x0000000080000000, 0x0000000100000000)
  region size 1024K, 7 young (7168K), 6 survivors (6144K)
 Metaspace       used 29423K, committed 30400K, reserved 1114112K
  class space    used 4149K, committed 4672K, reserved 1048576K
}
Event: 3.153 GC heap after
{Heap after GC invocations=7 (full 0):
 garbage-first heap   total 78848K, used 24536K [0x0000000080000000, 0x0000000100000000)
  region size 1024K, 1 young (1024K), 1 survivors (1024K)
 Metaspace       used 29423K, committed 30400K, reserved 1114112K
  class space    used 4149K, committed 4672K, reserved 1048576K
}
Event: 3.481 GC heap before
{Heap before GC invocations=7 (full 0):
 garbage-first heap   total 78848K, used 59352K [0x0000000080000000, 0x0000000100000000)
  region size 1024K, 33 young (33792K), 1 survivors (1024K)
 Metaspace       used 31735K, committed 32768K, reserved 1114112K
  class space    used 4411K, committed 4928K, reserved 1048576K
}
Event: 3.486 GC heap after
{Heap after GC invocations=8 (full 0):
 garbage-first heap   total 78848K, used 28297K [0x0000000080000000, 0x0000000100000000)
  region size 1024K, 4 young (4096K), 4 survivors (4096K)
 Metaspace       used 31735K, committed 32768K, reserved 1114112K
  class space    used 4411K, committed 4928K, reserved 1048576K
}
Event: 3.814 GC heap before
{Heap before GC invocations=8 (full 0):
 garbage-first heap   total 78848K, used 50825K [0x0000000080000000, 0x0000000100000000)
  region size 1024K, 27 young (27648K), 4 survivors (4096K)
 Metaspace       used 34938K, committed 36096K, reserved 1114112K
  class space    used 4883K, committed 5504K, reserved 1048576K
}
Event: 3.819 GC heap after
{Heap after GC invocations=9 (full 0):
 garbage-first heap   total 78848K, used 30436K [0x0000000080000000, 0x0000000100000000)
  region size 1024K, 3 young (3072K), 3 survivors (3072K)
 Metaspace       used 34938K, committed 36096K, reserved 1114112K
  class space    used 4883K, committed 5504K, reserved 1048576K
}
Event: 4.244 GC heap before
{Heap before GC invocations=10 (full 0):
 garbage-first heap   total 78848K, used 59108K [0x0000000080000000, 0x0000000100000000)
  region size 1024K, 31 young (31744K), 3 survivors (3072K)
 Metaspace       used 38880K, committed 40256K, reserved 1114112K
  class space    used 5413K, committed 6144K, reserved 1048576K
}
Event: 4.248 GC heap after
{Heap after GC invocations=11 (full 0):
 garbage-first heap   total 78848K, used 31869K [0x0000000080000000, 0x0000000100000000)
  region size 1024K, 4 young (4096K), 4 survivors (4096K)
 Metaspace       used 38880K, committed 40256K, reserved 1114112K
  class space    used 5413K, committed 6144K, reserved 1048576K
}
Event: 4.673 GC heap before
{Heap before GC invocations=11 (full 0):
 garbage-first heap   total 78848K, used 60541K [0x0000000080000000, 0x0000000100000000)
  region size 1024K, 32 young (32768K), 4 survivors (4096K)
 Metaspace       used 40624K, committed 41984K, reserved 1114112K
  class space    used 5630K, committed 6336K, reserved 1048576K
}

Deoptimization events (20 events):
Event: 4.595 Thread 0x0000017ac6fbbc10 DEOPT PACKING pc=0x0000017ab214f5c8 sp=0x0000003b331fd850
Event: 4.595 Thread 0x0000017ac6fbbc10 DEOPT UNPACKING pc=0x0000017aaa625c23 sp=0x0000003b331fd7c0 mode 2
Event: 4.595 Thread 0x0000017ac6fbbc10 Uncommon trap: trap_request=0xffffff45 fr.pc=0x0000017ab2193e4c relative=0x0000000000000dac
Event: 4.595 Thread 0x0000017ac6fbbc10 Uncommon trap: reason=unstable_if action=reinterpret pc=0x0000017ab2193e4c method=java.util.concurrent.ConcurrentHashMap.addCount(JI)V @ 171 c2
Event: 4.595 Thread 0x0000017ac6fbbc10 DEOPT PACKING pc=0x0000017ab2193e4c sp=0x0000003b331fd930
Event: 4.595 Thread 0x0000017ac6fbbc10 DEOPT UNPACKING pc=0x0000017aaa625c23 sp=0x0000003b331fd7f0 mode 2
Event: 4.595 Thread 0x0000017ac6fbbc10 Uncommon trap: trap_request=0xffffff45 fr.pc=0x0000017ab2165d0c relative=0x000000000000016c
Event: 4.595 Thread 0x0000017ac6fbbc10 Uncommon trap: reason=unstable_if action=reinterpret pc=0x0000017ab2165d0c method=java.util.concurrent.ConcurrentHashMap.addCount(JI)V @ 171 c2
Event: 4.595 Thread 0x0000017ac6fbbc10 DEOPT PACKING pc=0x0000017ab2165d0c sp=0x0000003b331fdd40
Event: 4.595 Thread 0x0000017ac6fbbc10 DEOPT UNPACKING pc=0x0000017aaa625c23 sp=0x0000003b331fdca0 mode 2
Event: 4.609 Thread 0x0000017aca11ac20 DEOPT PACKING pc=0x0000017aaac221fe sp=0x0000003b35ffd550
Event: 4.609 Thread 0x0000017aca11ac20 DEOPT UNPACKING pc=0x0000017aaa626763 sp=0x0000003b35ffcab0 mode 0
Event: 4.617 Thread 0x0000017ac6fc25f0 DEOPT PACKING pc=0x0000017aaac221fe sp=0x0000003b33afcf40
Event: 4.617 Thread 0x0000017ac6fc25f0 DEOPT UNPACKING pc=0x0000017aaa626763 sp=0x0000003b33afc4a0 mode 0
Event: 4.626 Thread 0x0000017aca11eab0 DEOPT PACKING pc=0x0000017aaac221fe sp=0x0000003b35bfdef0
Event: 4.626 Thread 0x0000017aca11eab0 DEOPT UNPACKING pc=0x0000017aaa626763 sp=0x0000003b35bfd450 mode 0
Event: 4.632 Thread 0x0000017ac6fbfaa0 DEOPT PACKING pc=0x0000017aaac221fe sp=0x0000003b338fdbf0
Event: 4.632 Thread 0x0000017ac6fbfaa0 DEOPT UNPACKING pc=0x0000017aaa626763 sp=0x0000003b338fd150 mode 0
Event: 4.637 Thread 0x0000017ac6fbbc10 DEOPT PACKING pc=0x0000017aaac221fe sp=0x0000003b331fdaf0
Event: 4.637 Thread 0x0000017ac6fbbc10 DEOPT UNPACKING pc=0x0000017aaa626763 sp=0x0000003b331fd050 mode 0

Classes loaded (20 events):
Event: 4.160 Loading class javax/naming/InvalidNameException
Event: 4.160 Loading class javax/naming/InvalidNameException done
Event: 4.160 Loading class java/security/cert/CertificateParsingException
Event: 4.160 Loading class java/security/cert/CertificateException
Event: 4.160 Loading class java/security/cert/CertificateException done
Event: 4.160 Loading class java/security/cert/CertificateParsingException done
Event: 4.211 Loading class java/util/Collections$ReverseComparator
Event: 4.211 Loading class java/util/Collections$ReverseComparator done
Event: 4.211 Loading class java/util/Comparators$NaturalOrderComparator
Event: 4.211 Loading class java/util/Comparators$NaturalOrderComparator done
Event: 4.211 Loading class java/util/Collections$ReverseComparator2
Event: 4.211 Loading class java/util/Collections$ReverseComparator2 done
Event: 4.256 Loading class java/util/Collections$2
Event: 4.256 Loading class java/util/Collections$2 done
Event: 4.305 Loading class java/util/zip/GZIPInputStream
Event: 4.305 Loading class java/util/zip/GZIPInputStream done
Event: 4.305 Loading class java/util/zip/GZIPOutputStream
Event: 4.305 Loading class java/util/zip/GZIPOutputStream done
Event: 4.307 Loading class java/lang/ThreadLocal$SuppliedThreadLocal
Event: 4.307 Loading class java/lang/ThreadLocal$SuppliedThreadLocal done

Classes unloaded (0 events):
No events

Classes redefined (0 events):
No events

Internal exceptions (20 events):
Event: 4.039 Thread 0x0000017ac66b0650 Exception <a 'java/lang/ClassNotFoundException'{0x0000000083f69e70}: org/gradle/api/internal/artifacts/dsl/dependencies/DefaultDependencyHandler_DecoratedBeanInfo> (0x0000000083f69e70) 
thrown [s\open\src\hotspot\share\classfile\systemDictionary.cpp, line 255]
Event: 4.040 Thread 0x0000017ac66b0650 Exception <a 'java/lang/ClassNotFoundException'{0x0000000083f7bfd8}: org/gradle/api/internal/artifacts/dsl/dependencies/DefaultDependencyHandlerBeanInfo> (0x0000000083f7bfd8) 
thrown [s\open\src\hotspot\share\classfile\systemDictionary.cpp, line 255]
Event: 4.040 Thread 0x0000017ac66b0650 Exception <a 'java/lang/ClassNotFoundException'{0x0000000083f8e370}: org/gradle/api/internal/artifacts/dsl/dependencies/DefaultDependencyHandlerCustomizer> (0x0000000083f8e370) 
thrown [s\open\src\hotspot\share\classfile\systemDictionary.cpp, line 255]
Event: 4.042 Thread 0x0000017ac66b0650 Exception <a 'java/lang/ClassNotFoundException'{0x0000000083fc56c8}: org/gradle/api/internal/artifacts/dsl/dependencies/DefaultDependencyHandler_DecoratedCustomizer> (0x0000000083fc56c8) 
thrown [s\open\src\hotspot\share\classfile\systemDictionary.cpp, line 255]
Event: 4.067 Thread 0x0000017ac66b0650 Exception <a 'java/lang/ClassNotFoundException'{0x0000000083eaecf0}: org/gradle/plugin/use/internal/PluginRequestCollector$PluginDependenciesSpecImplBeanInfo> (0x0000000083eaecf0) 
thrown [s\open\src\hotspot\share\classfile\systemDictionary.cpp, line 255]
Event: 4.068 Thread 0x0000017ac66b0650 Exception <a 'java/lang/ClassNotFoundException'{0x0000000083ebd358}: org/gradle/plugin/use/internal/PluginRequestCollector$PluginDependenciesSpecImplCustomizer> (0x0000000083ebd358) 
thrown [s\open\src\hotspot\share\classfile\systemDictionary.cpp, line 255]
Event: 4.069 Thread 0x0000017ac66b0650 Exception <a 'java/lang/NoSuchMethodError'{0x0000000083ecb620}: 'java.lang.Object java.lang.invoke.DirectMethodHandle$Holder.invokeVirtual(java.lang.Object, java.lang.Object, java.lang.Object, int)'> (0x0000000083ecb620) 
thrown [s\open\src\hotspot\share\interpreter\linkResolver.cpp, line 766]
Event: 4.072 Thread 0x0000017ac66b0650 Exception <a 'java/lang/ClassNotFoundException'{0x0000000083d001d0}: org/gradle/plugin/use/internal/PluginRequestCollector$PluginDependencySpecImplBeanInfo> (0x0000000083d001d0) 
thrown [s\open\src\hotspot\share\classfile\systemDictionary.cpp, line 255]
Event: 4.073 Thread 0x0000017ac66b0650 Exception <a 'java/lang/ClassNotFoundException'{0x0000000083d0ea40}: org/gradle/plugin/use/internal/PluginRequestCollector$PluginDependencySpecImplCustomizer> (0x0000000083d0ea40) 
thrown [s\open\src\hotspot\share\classfile\systemDictionary.cpp, line 255]
Event: 4.132 Thread 0x0000017ac66b0650 Exception <a 'java/lang/NoSuchMethodError'{0x0000000083a7bb20}: 'java.lang.Object java.lang.invoke.DirectMethodHandle$Holder.newInvokeSpecial(java.lang.Object, int, java.lang.Object)'> (0x0000000083a7bb20) 
thrown [s\open\src\hotspot\share\interpreter\linkResolver.cpp, line 766]
Event: 4.211 Thread 0x0000017ac66b0650 Exception <a 'java/lang/NoSuchMethodError'{0x0000000083014be8}: 'int java.lang.invoke.DirectMethodHandle$Holder.invokeInterface(java.lang.Object, java.lang.Object)'> (0x0000000083014be8) 
thrown [s\open\src\hotspot\share\interpreter\linkResolver.cpp, line 766]
Event: 4.211 Thread 0x0000017ac66b0650 Exception <a 'java/lang/IncompatibleClassChangeError'{0x0000000083018e48}: Found class java.lang.Object, but interface was expected> (0x0000000083018e48) 
thrown [s\open\src\hotspot\share\interpreter\linkResolver.cpp, line 833]
Event: 4.211 Thread 0x0000017ac66b0650 Exception <a 'java/lang/NoSuchMethodError'{0x0000000083020bc8}: 'int java.lang.invoke.DirectMethodHandle$Holder.invokeSpecialIFC(java.lang.Object, java.lang.Object, java.lang.Object, java.lang.Object, java.lang.Object)'> (0x0000000083020bc8) 
thrown [s\open\src\hotspot\share\interpreter\linkResolver.cpp, line 766]
Event: 4.259 Thread 0x0000017ac66b0650 Exception <a 'java/lang/NoSuchMethodError'{0x0000000086e1a668}: 'int java.lang.invoke.DirectMethodHandle$Holder.invokeStatic(java.lang.Object)'> (0x0000000086e1a668) 
thrown [s\open\src\hotspot\share\interpreter\linkResolver.cpp, line 766]
Event: 4.260 Thread 0x0000017ac66b0650 Exception <a 'java/lang/NoSuchMethodError'{0x0000000086e1e9e0}: 'int java.lang.invoke.DirectMethodHandle$Holder.invokeStaticInit(java.lang.Object)'> (0x0000000086e1e9e0) 
thrown [s\open\src\hotspot\share\interpreter\linkResolver.cpp, line 766]
Event: 4.281 Thread 0x0000017ac66b0650 Exception <a 'java/lang/NoSuchMethodError'{0x0000000086d95308}: 'void java.lang.invoke.DirectMethodHandle$Holder.invokeStatic(java.lang.Object, java.lang.Object, java.lang.Object, int, java.lang.Object)'> (0x0000000086d95308) 
thrown [s\open\src\hotspot\share\interpreter\linkResolver.cpp, line 766]
Event: 4.316 Thread 0x0000017ac66b0650 Exception <a 'java/lang/NoSuchMethodError'{0x00000000848b5858}: 'java.lang.Object java.lang.invoke.DirectMethodHandle$Holder.invokeSpecial(java.lang.Object, java.lang.Object, java.lang.Object, java.lang.Object, java.lang.Object, java.lang.Object, java.lang.Object, java.lang.Object, java.lang.Object, java.lang.Object, java.lang.Object, java.lang.Object, java.lang.Object, java.lang.Object, java.lang.Object, java.lang.Object, java.lang.Object, java.lang.Object, java.lang.Object, java.lang.Object)'> (0x0000000
Event: 4.316 Thread 0x0000017ac66b0650 Exception <a 'java/lang/NoSuchMethodError'{0x00000000848bb4c8}: 'java.lang.Object java.lang.invoke.Invokers$Holder.invoker(java.lang.Object, java.lang.Object, java.lang.Object, java.lang.Object, java.lang.Object, java.lang.Object, java.lang.Object, java.lang.Object, java.lang.Object, java.lang.Object, java.lang.Object, java.lang.Object, java.lang.Object, java.lang.Object, java.lang.Object, java.lang.Object, java.lang.Object, java.lang.Object, java.lang.Object, java.lang.Object)'> (0x00000000848bb4c8) 
thro
Event: 4.316 Thread 0x0000017ac66b0650 Exception <a 'java/lang/NoSuchMethodError'{0x00000000848c1ba8}: 'java.lang.Object java.lang.invoke.DelegatingMethodHandle$Holder.delegate(java.lang.Object, java.lang.Object, java.lang.Object, java.lang.Object, java.lang.Object, java.lang.Object, java.lang.Object, java.lang.Object, java.lang.Object, java.lang.Object, java.lang.Object, java.lang.Object, java.lang.Object, java.lang.Object, java.lang.Object, java.lang.Object, java.lang.Object, java.lang.Object, java.lang.Object, java.lang.Object)'> (0x00000000
Event: 4.523 Thread 0x0000017ac66b0650 Exception <a 'java/lang/NoSuchMethodError'{0x0000000083e1fdf8}: 'void java.lang.invoke.DirectMethodHandle$Holder.invokeStatic(java.lang.Object, java.lang.Object, java.lang.Object, java.lang.Object, java.lang.Object, java.lang.Object)'> (0x0000000083e1fdf8) 
thrown [s\open\src\hotspot\share\interpreter\linkResolver.cpp, line 766]

VM Operations (20 events):
Event: 3.786 Executing VM operation: HandshakeAllThreads done
Event: 3.814 Executing VM operation: CollectForMetadataAllocation
Event: 3.822 Executing VM operation: CollectForMetadataAllocation done
Event: 3.839 Executing VM operation: G1Concurrent
Event: 3.842 Executing VM operation: G1Concurrent done
Event: 3.850 Executing VM operation: G1Concurrent
Event: 3.850 Executing VM operation: G1Concurrent done
Event: 4.024 Executing VM operation: HandshakeAllThreads
Event: 4.024 Executing VM operation: HandshakeAllThreads done
Event: 4.025 Executing VM operation: HandshakeAllThreads
Event: 4.025 Executing VM operation: HandshakeAllThreads done
Event: 4.243 Executing VM operation: G1CollectForAllocation
Event: 4.248 Executing VM operation: G1CollectForAllocation done
Event: 4.492 Executing VM operation: ICBufferFull
Event: 4.492 Executing VM operation: ICBufferFull done
Event: 4.519 Executing VM operation: HandshakeAllThreads
Event: 4.519 Executing VM operation: HandshakeAllThreads done
Event: 4.661 Executing VM operation: ICBufferFull
Event: 4.661 Executing VM operation: ICBufferFull done
Event: 4.673 Executing VM operation: G1CollectForAllocation

Events (20 events):
Event: 4.608 Thread 0x0000017aca11e5e0 Thread added: 0x0000017aca11e5e0
Event: 4.608 Thread 0x0000017aca11a750 Thread added: 0x0000017aca11a750
Event: 4.610 Thread 0x0000017aca11bf60 Thread added: 0x0000017aca11bf60
Event: 4.610 Thread 0x0000017aca117260 Thread added: 0x0000017aca117260
Event: 4.610 Thread 0x0000017aca11d2a0 Thread added: 0x0000017aca11d2a0
Event: 4.611 Thread 0x0000017ac9bc3530 Thread added: 0x0000017ac9bc3530
Event: 4.611 Thread 0x0000017ac9bc7890 Thread added: 0x0000017ac9bc7890
Event: 4.611 Thread 0x0000017ac9bc6550 Thread added: 0x0000017ac9bc6550
Event: 4.612 Thread 0x0000017ac9bc5210 Thread added: 0x0000017ac9bc5210
Event: 4.612 Thread 0x0000017ac9bc56e0 Thread added: 0x0000017ac9bc56e0
Event: 4.612 Thread 0x0000017ac9bc8230 Thread added: 0x0000017ac9bc8230
Event: 4.613 Thread 0x0000017ac9bc6ef0 Thread added: 0x0000017ac9bc6ef0
Event: 4.613 Thread 0x0000017ac9bc73c0 Thread added: 0x0000017ac9bc73c0
Event: 4.613 Thread 0x0000017ac9bc8bd0 Thread added: 0x0000017ac9bc8bd0
Event: 4.613 Thread 0x0000017ac9bc43a0 Thread added: 0x0000017ac9bc43a0
Event: 4.615 Thread 0x0000017ac9bc7d60 Thread added: 0x0000017ac9bc7d60
Event: 4.615 Thread 0x0000017ac9bc8700 Thread added: 0x0000017ac9bc8700
Event: 4.615 Thread 0x0000017ac9bc90a0 Thread added: 0x0000017ac9bc90a0
Event: 4.616 Thread 0x0000017ac9bc9570 Thread added: 0x0000017ac9bc9570
Event: 4.616 Thread 0x0000017ac9bc9a40 Thread added: 0x0000017ac9bc9a40


Dynamic libraries:
0x00007ff706030000 - 0x00007ff706040000 	C:\Program Files\Java\jdk-18.0.1.1\bin\java.exe
0x00007ffe96830000 - 0x00007ffe96a44000 	C:\WINDOWS\SYSTEM32\ntdll.dll
0x00007ffe94bd0000 - 0x00007ffe94c93000 	C:\WINDOWS\System32\KERNEL32.DLL
0x00007ffe94280000 - 0x00007ffe9461d000 	C:\WINDOWS\System32\KERNELBASE.dll
0x00007ffe93d70000 - 0x00007ffe93e81000 	C:\WINDOWS\System32\ucrtbase.dll
0x00007ffe8d220000 - 0x00007ffe8d238000 	C:\Program Files\Java\jdk-18.0.1.1\bin\jli.dll
0x00007ffe8d010000 - 0x00007ffe8d02a000 	C:\Program Files\Java\jdk-18.0.1.1\bin\VCRUNTIME140.dll
0x00007ffe95900000 - 0x00007ffe959ae000 	C:\WINDOWS\System32\ADVAPI32.dll
0x00007ffe94ef0000 - 0x00007ffe94f97000 	C:\WINDOWS\System32\msvcrt.dll
0x00007ffe94e40000 - 0x00007ffe94ee4000 	C:\WINDOWS\System32\sechost.dll
0x00007ffe94620000 - 0x00007ffe94735000 	C:\WINDOWS\System32\RPCRT4.dll
0x00007ffe96640000 - 0x00007ffe967ed000 	C:\WINDOWS\System32\USER32.dll
0x00007ffe94070000 - 0x00007ffe94096000 	C:\WINDOWS\System32\win32u.dll
0x00007ffe95b10000 - 0x00007ffe95b39000 	C:\WINDOWS\System32\GDI32.dll
0x00007ffe72780000 - 0x00007ffe72a0e000 	C:\WINDOWS\WinSxS\amd64_microsoft.windows.common-controls_6595b64144ccf1df_6.0.22621.608_none_a9444ca7c10bb01d\COMCTL32.dll
0x00007ffe93c50000 - 0x00007ffe93d62000 	C:\WINDOWS\System32\gdi32full.dll
0x00007ffe93e90000 - 0x00007ffe93f2a000 	C:\WINDOWS\System32\msvcp_win.dll
0x00007ffe877e0000 - 0x00007ffe877ea000 	C:\WINDOWS\SYSTEM32\VERSION.dll
0x00007ffe95890000 - 0x00007ffe958c2000 	C:\WINDOWS\System32\IMM32.DLL
0x00007ffe7dfd0000 - 0x00007ffe7dfdc000 	C:\Program Files\Java\jdk-18.0.1.1\bin\vcruntime140_1.dll
0x00007ffe7c970000 - 0x00007ffe7c9fd000 	C:\Program Files\Java\jdk-18.0.1.1\bin\msvcp140.dll
0x00007ffe2ea30000 - 0x00007ffe2f640000 	C:\Program Files\Java\jdk-18.0.1.1\bin\server\jvm.dll
0x00007ffe95af0000 - 0x00007ffe95af8000 	C:\WINDOWS\System32\PSAPI.DLL
0x00007ffe7c580000 - 0x00007ffe7c589000 	C:\WINDOWS\SYSTEM32\WSOCK32.dll
0x00007ffe94750000 - 0x00007ffe947c1000 	C:\WINDOWS\System32\WS2_32.dll
0x00007ffe88e90000 - 0x00007ffe88ec4000 	C:\WINDOWS\SYSTEM32\WINMM.dll
0x00007ffe92d90000 - 0x00007ffe92da8000 	C:\WINDOWS\SYSTEM32\kernel.appcore.dll
0x00007ffe7dfc0000 - 0x00007ffe7dfca000 	C:\Program Files\Java\jdk-18.0.1.1\bin\jimage.dll
0x00007ffe91420000 - 0x00007ffe9164e000 	C:\WINDOWS\SYSTEM32\DBGHELP.DLL
0x00007ffe95cf0000 - 0x00007ffe9607a000 	C:\WINDOWS\System32\combase.dll
0x00007ffe96560000 - 0x00007ffe96637000 	C:\WINDOWS\System32\OLEAUT32.dll
0x00007ffe75880000 - 0x00007ffe758b2000 	C:\WINDOWS\SYSTEM32\dbgcore.DLL
0x00007ffe93ff0000 - 0x00007ffe9406b000 	C:\WINDOWS\System32\bcryptPrimitives.dll
0x00007ffe7d4e0000 - 0x00007ffe7d505000 	C:\Program Files\Java\jdk-18.0.1.1\bin\java.dll
0x00007ffe605e0000 - 0x00007ffe606b6000 	C:\Program Files\Java\jdk-18.0.1.1\bin\jsvml.dll
0x00007ffe950a0000 - 0x00007ffe9588f000 	C:\WINDOWS\System32\SHELL32.dll
0x00007ffe91c20000 - 0x00007ffe924e8000 	C:\WINDOWS\SYSTEM32\windows.storage.dll
0x00007ffe91ae0000 - 0x00007ffe91c1e000 	C:\WINDOWS\SYSTEM32\wintypes.dll
0x00007ffe95ba0000 - 0x00007ffe95c91000 	C:\WINDOWS\System32\SHCORE.dll
0x00007ffe96500000 - 0x00007ffe9655e000 	C:\WINDOWS\System32\shlwapi.dll
0x00007ffe93b80000 - 0x00007ffe93ba1000 	C:\WINDOWS\SYSTEM32\profapi.dll
0x00007ffe7d6c0000 - 0x00007ffe7d6d3000 	C:\Program Files\Java\jdk-18.0.1.1\bin\net.dll
0x00007ffe897e0000 - 0x00007ffe8990f000 	C:\WINDOWS\SYSTEM32\WINHTTP.dll
0x00007ffe93200000 - 0x00007ffe93269000 	C:\WINDOWS\system32\mswsock.dll
0x00007ffe6a0d0000 - 0x00007ffe6a0e6000 	C:\Program Files\Java\jdk-18.0.1.1\bin\nio.dll
0x00007ffe68360000 - 0x00007ffe68378000 	C:\Program Files\Java\jdk-18.0.1.1\bin\zip.dll
0x00007ffe7d4d0000 - 0x00007ffe7d4e0000 	C:\Program Files\Java\jdk-18.0.1.1\bin\verify.dll
0x00007ffe5e030000 - 0x00007ffe5e057000 	C:\Program Files\Android\gradle-7.3.3\native\e1d6ef7f7dcc3fd88c89a11ec53ec762bb8ba0a96d01ffa2cd45eb1d1d8dd5c5\windows-amd64\native-platform.dll
0x00007ffe4ae80000 - 0x00007ffe4afc4000 	C:\Program Files\Android\gradle-7.3.3\native\5664cfc778a61ccfe75a443a1ab52a65af34e5dc3c78e0209fed803814484fcb\windows-amd64\native-platform-file-events.dll
0x00007ffe6b0c0000 - 0x00007ffe6b0c9000 	C:\Program Files\Java\jdk-18.0.1.1\bin\management.dll
0x00007ffe67a30000 - 0x00007ffe67a3b000 	C:\Program Files\Java\jdk-18.0.1.1\bin\management_ext.dll
0x00007ffe93450000 - 0x00007ffe9346b000 	C:\WINDOWS\SYSTEM32\CRYPTSP.dll
0x00007ffe92d00000 - 0x00007ffe92d35000 	C:\WINDOWS\system32\rsaenh.dll
0x00007ffe932f0000 - 0x00007ffe93318000 	C:\WINDOWS\SYSTEM32\USERENV.dll
0x00007ffe935f0000 - 0x00007ffe93618000 	C:\WINDOWS\SYSTEM32\bcrypt.dll
0x00007ffe93470000 - 0x00007ffe9347c000 	C:\WINDOWS\SYSTEM32\CRYPTBASE.dll
0x00007ffe92750000 - 0x00007ffe9277d000 	C:\WINDOWS\SYSTEM32\IPHLPAPI.DLL
0x00007ffe958f0000 - 0x00007ffe958f9000 	C:\WINDOWS\System32\NSI.dll
0x00007ffe89250000 - 0x00007ffe89269000 	C:\WINDOWS\SYSTEM32\dhcpcsvc6.DLL
0x00007ffe89110000 - 0x00007ffe8912f000 	C:\WINDOWS\SYSTEM32\dhcpcsvc.DLL
0x00007ffe927c0000 - 0x00007ffe928b2000 	C:\WINDOWS\SYSTEM32\DNSAPI.dll

dbghelp: loaded successfully - version: 4.0.5 - missing functions: none
symbol engine: initialized successfully - sym options: 0x614 - pdb path: .;C:\Program Files\Java\jdk-18.0.1.1\bin;C:\WINDOWS\SYSTEM32;C:\WINDOWS\WinSxS\amd64_microsoft.windows.common-controls_6595b64144ccf1df_6.0.22621.608_none_a9444ca7c10bb01d;C:\Program Files\Java\jdk-18.0.1.1\bin\server;C:\Program Files\Android\gradle-7.3.3\native\e1d6ef7f7dcc3fd88c89a11ec53ec762bb8ba0a96d01ffa2cd45eb1d1d8dd5c5\windows-amd64;C:\Program Files\Android\gradle-7.3.3\native\5664cfc778a61ccfe75a443a1ab52a65af34e5dc3c78e0209fed803814484fcb\windows-amd64

VM Arguments:
jvm_args: --add-opens=java.base/java.util=ALL-UNNAMED --add-opens=java.base/java.lang=ALL-UNNAMED --add-opens=java.base/java.lang.invoke=ALL-UNNAMED --add-opens=java.base/java.util=ALL-UNNAMED --add-opens=java.prefs/java.util.prefs=ALL-UNNAMED --add-opens=java.prefs/java.util.prefs=ALL-UNNAMED --add-opens=java.base/java.nio.charset=ALL-UNNAMED --add-opens=java.base/java.net=ALL-UNNAMED --add-opens=java.base/java.util.concurrent.atomic=ALL-UNNAMED -Xmx2048m -Dfile.encoding=UTF-8 -Duser.country=IN -Duser.language=en -Duser.variant 
java_command: org.gradle.launcher.daemon.bootstrap.GradleDaemon 7.3.3
java_class_path (initial): C:\Program Files\Android\gradle-7.3.3\lib\gradle-launcher-7.3.3.jar
Launcher Type: SUN_STANDARD

[Global flags]
     intx CICompilerCount                          = 4                                         {product} {ergonomic}
     uint ConcGCThreads                            = 2                                         {product} {ergonomic}
     uint G1ConcRefinementThreads                  = 8                                         {product} {ergonomic}
   size_t G1HeapRegionSize                         = 1048576                                   {product} {ergonomic}
    uintx GCDrainStackTargetSize                   = 64                                        {product} {ergonomic}
   size_t InitialHeapSize                          = 132120576                                 {product} {ergonomic}
   size_t MarkStackSize                            = 4194304                                   {product} {ergonomic}
   size_t MaxHeapSize                              = 2147483648                                {product} {command line}
   size_t MaxNewSize                               = 1287651328                                {product} {ergonomic}
   size_t MinHeapDeltaBytes                        = 1048576                                   {product} {ergonomic}
   size_t MinHeapSize                              = 8388608                                   {product} {ergonomic}
    uintx NonNMethodCodeHeapSize                   = 5839372                                {pd product} {ergonomic}
    uintx NonProfiledCodeHeapSize                  = 122909434                              {pd product} {ergonomic}
    uintx ProfiledCodeHeapSize                     = 122909434                              {pd product} {ergonomic}
    uintx ReservedCodeCacheSize                    = 251658240                              {pd product} {ergonomic}
     bool SegmentedCodeCache                       = true                                      {product} {ergonomic}
   size_t SoftMaxHeapSize                          = 2147483648                             {manageable} {ergonomic}
     bool UseCompressedClassPointers               = true                           {product lp64_product} {ergonomic}
     bool UseCompressedOops                        = true                           {product lp64_product} {ergonomic}
     bool UseG1GC                                  = true                                      {product} {ergonomic}
     bool UseLargePagesIndividualAllocation        = false                                  {pd product} {ergonomic}

Logging:
Log output configuration:
 #0: stdout all=warning uptime,level,tags foldmultilines=false
 #1: stderr all=off uptime,level,tags foldmultilines=false

Environment Variables:
JAVA_HOME=C:\Program Files\Java\jdk-18.0.1.1
PATH=C:\Program Files\Python310\Scripts\;C:\Program Files\Python310\;C:\Program Files\Common Files\Oracle\Java\javapath;C:\WINDOWS\system32;C:\WINDOWS;C:\WINDOWS\System32\Wbem;C:\WINDOWS\System32\WindowsPowerShell\v1.0\;C:\WINDOWS\System32\OpenSSH\;C:\Program Files\Git\cmd;C:\Program Files\dotnet\;C:\Program Files\Microsoft SQL Server\150\Tools\Binn\;C:\Program Files\Microsoft SQL Server\Client SDK\ODBC\170\Tools\Binn\;C:\Users\suraj\AppData\Local\Microsoft\WindowsApps;;C:\Users\suraj\AppData\Local\Programs\Microsoft VS Code\bin;C:\Users\suraj\.dotnet\tools
USERNAME=suraj
OS=Windows_NT
PROCESSOR_IDENTIFIER=Intel64 Family 6 Model 140 Stepping 1, GenuineIntel



---------------  S Y S T E M  ---------------

OS:
 Windows 11 , 64 bit Build 22621 (10.0.22621.1105)
OS uptime: 0 days 0:18 hours
Hyper-V role detected

CPU: total 8 (initial active 8) (4 cores per cpu, 2 threads per core) family 6 model 140 stepping 1 microcode 0x86, cx8, cmov, fxsr, ht, mmx, 3dnowpref, sse, sse2, sse3, ssse3, sse4.1, sse4.2, popcnt, lzcnt, tsc, tscinvbit, avx, avx2, aes, erms, clmul, bmi1, bmi2, adx, avx512f, avx512dq, avx512cd, avx512bw, avx512vl, sha, fma, vzeroupper, avx512_vpopcntdq, avx512_vpclmulqdq, avx512_vaes, avx512_vnni, clflush, clflushopt, clwb, avx512_vbmi2, avx512_vbmi, hv

Memory: 4k page, system-wide physical 7987M (998M free)
TotalPageFile size 7987M (AvailPageFile size 38M)
current process WorkingSet (physical memory assigned to process): 245M, peak: 245M
current process commit charge ("private bytes"): 338M, peak: 377M

vm_info: Java HotSpot(TM) 64-Bit Server VM (18.0.1.1+2-6) for windows-amd64 JRE (18.0.1.1+2-6), built on Apr 25 2022 21:53:15 by "mach5one" with MS VC++ 16.8 / 16.9 (VS2019)

END.
