#
# There is insufficient memory for the Java Runtime Environment to continue.
# Native memory allocation (malloc) failed to allocate 237616 bytes for Chunk::new
# Possible reasons:
#   The system is out of physical RAM or swap space
#   The process is running with CompressedOops enabled, and the Java Heap may be blocking the growth of the native heap
# Possible solutions:
#   Reduce memory load on the system
#   Increase physical memory or swap space
#   Check if swap backing store is full
#   Decrease Java heap size (-Xmx/-Xms)
#   Decrease number of Java threads
#   Decrease Java thread stack sizes (-Xss)
#   Set larger code cache with -XX:ReservedCodeCacheSize=
#   JVM is running with Unscaled Compressed Oops mode in which the Java heap is
#     placed in the first 4GB address space. The Java Heap base address is the
#     maximum limit for the native heap growth. Please use -XX:HeapBaseMinAddress
#     to set the Java Heap base and to place the Java Heap above 4GB virtual address.
# This output file may be truncated or incomplete.
#
#  Out of Memory Error (arena.cpp:184), pid=6556, tid=15464
#
# JRE version: Java(TM) SE Runtime Environment (18.0.1.1+2) (build 18.0.1.1+2-6)
# Java VM: Java HotSpot(TM) 64-Bit Server VM (18.0.1.1+2-6, mixed mode, sharing, tiered, compressed oops, compressed class ptrs, g1 gc, windows-amd64)
# No core dump will be written. Minidumps are not enabled by default on client versions of Windows
#

---------------  S U M M A R Y ------------

Command Line: --add-opens=java.base/java.util=ALL-UNNAMED --add-opens=java.base/java.lang=ALL-UNNAMED --add-opens=java.base/java.lang.invoke=ALL-UNNAMED --add-opens=java.base/java.util=ALL-UNNAMED --add-opens=java.prefs/java.util.prefs=ALL-UNNAMED --add-opens=java.prefs/java.util.prefs=ALL-UNNAMED --add-opens=java.base/java.nio.charset=ALL-UNNAMED --add-opens=java.base/java.net=ALL-UNNAMED --add-opens=java.base/java.util.concurrent.atomic=ALL-UNNAMED -Xmx2048m -Dfile.encoding=UTF-8 -Duser.country=IN -Duser.language=en -Duser.variant org.gradle.launcher.daemon.bootstrap.GradleDaemon 7.3.3

Host: 11th Gen Intel(R) Core(TM) i5-1135G7 @ 2.40GHz, 8 cores, 7G,  Windows 10 , 64 bit Build 19041 (10.0.19041.1741)
Time: Tue Jun 28 16:17:18 2022 India Standard Time elapsed time: 10.661618 seconds (0d 0h 0m 10s)

---------------  T H R E A D  ---------------

Current thread (0x0000024214b60620):  JavaThread "C2 CompilerThread2" daemon [_thread_in_native, id=15464, stack(0x000000fe06c00000,0x000000fe06d00000)]


Current CompileTask:
C2:  10661 10184       4       org.gradle.cache.internal.btree.FreeListBlockStore::read (12 bytes)

Stack: [0x000000fe06c00000,0x000000fe06d00000]
Native frames: (J=compiled Java code, j=interpreted, Vv=VM code, C=native code)
V  [jvm.dll+0x69887a]
V  [jvm.dll+0x7f38bd]
V  [jvm.dll+0x7f51ce]
V  [jvm.dll+0x7f5883]
V  [jvm.dll+0x25ca3f]
V  [jvm.dll+0xb8c2f]
V  [jvm.dll+0xb8fa5]
V  [jvm.dll+0x581840]
V  [jvm.dll+0x34f840]
V  [jvm.dll+0x34ecaa]
V  [jvm.dll+0x22fc21]
V  [jvm.dll+0x22eff1]
V  [jvm.dll+0x1b9cfc]
V  [jvm.dll+0x23e8ca]
V  [jvm.dll+0x23cbb5]
V  [jvm.dll+0x7a5fb1]
V  [jvm.dll+0x7a03ea]
V  [jvm.dll+0x697725]
C  [ucrtbase.dll+0x21bb2]
C  [KERNEL32.DLL+0x17034]
C  [ntdll.dll+0x52651]


---------------  P R O C E S S  ---------------

Threads class SMR info:
_java_thread_list=0x0000024215d10fc0, length=128, elements={
0x000002426e642210, 0x000002427d89eb90, 0x000002427d89f440, 0x000002427d8bb4f0,
0x000002427d8bbda0, 0x000002427d8bc790, 0x000002427d8c0680, 0x000002427d8c4400,
0x000002427d8c2f50, 0x000002427d8e10f0, 0x000002427db05c00, 0x000002427db0a700,
0x000002427e2f3830, 0x000002427f0a0030, 0x000002427ea3cf10, 0x000002427f4c5050,
0x000002427ea6aeb0, 0x000002427f436f70, 0x000002427eeca220, 0x000002427f4e3d60,
0x000002421311d430, 0x000002427f529a20, 0x000002427f527d40, 0x000002427f529080,
0x000002427f529550, 0x000002427f528210, 0x000002427f5273a0, 0x0000024214b60620,
0x000002427f5286e0, 0x000002427f526530, 0x000002427f527870, 0x000002427f528bb0,
0x000002427f526a00, 0x00000242131c46b0, 0x00000242131c5520, 0x00000242131c4b80,
0x00000242131c2030, 0x00000242131c0350, 0x00000242131c5ec0, 0x00000242131c0820,
0x00000242131c5050, 0x00000242131bfe80, 0x00000242131c1b60, 0x00000242131c3d10,
0x00000242151a9410, 0x00000242151a85a0, 0x00000242151a7260, 0x00000242151a7730,
0x00000242151a6d90, 0x00000242151a98e0, 0x00000242151a8a70, 0x00000242151a7c00,
0x00000242151a5f20, 0x00000242151a63f0, 0x00000242151a68c0, 0x00000242151a8f40,
0x000002427f526060, 0x0000024213c476b0, 0x0000024213c48520, 0x0000024213c46d10,
0x0000024213c46370, 0x0000024213c4b070, 0x0000024213c49d30, 0x0000024213c489f0,
0x0000024213c49860, 0x0000024213c4a200, 0x0000024213c46840, 0x0000024213c48ec0,
0x0000024213c471e0, 0x0000024213c47b80, 0x0000024213c44690, 0x0000024213c44b60,
0x0000024213c48050, 0x0000024213c4a6d0, 0x0000024213c49390, 0x0000024213c4aba0,
0x0000024213c4b540, 0x0000024213c4ba10, 0x0000024213c4bee0, 0x0000024213c45030,
0x0000024213c45500, 0x0000024213c459d0, 0x0000024213c45ea0, 0x000002427e824c80,
0x000002427e8247b0, 0x000002427e822600, 0x000002427e822fa0, 0x000002427e825150,
0x000002427e822ad0, 0x000002427e8277d0, 0x000002427e827ca0, 0x000002427e828170,
0x000002427e823470, 0x000002427e825620, 0x000002427e821790, 0x000002427e825af0,
0x000002427e823940, 0x000002427e820920, 0x000002427e825fc0, 0x000002427e826490,
0x000002427e826960, 0x000002427e826e30, 0x000002427e827300, 0x000002427e820df0,
0x000002427e8212c0, 0x000002427e821c60, 0x000002427e822130, 0x000002427e823e10,
0x000002427e8242e0, 0x000002421533e1a0, 0x000002421533d800, 0x0000024215338fd0,
0x000002421533b180, 0x0000024215336950, 0x000002421533dcd0, 0x0000024215339e40,
0x0000024215336e20, 0x00000242153377c0, 0x000002421533bff0, 0x000002421533d330,
0x000002421533bb20, 0x000002421533b650, 0x00000242153372f0, 0x000002421533acb0,
0x0000024215337c90, 0x0000024215339970, 0x000002427f144ef0, 0x000002427f146700
}

Java Threads: ( => current thread )
  0x000002426e642210 JavaThread "main" [_thread_blocked, id=15948, stack(0x000000fe04400000,0x000000fe04500000)]
  0x000002427d89eb90 JavaThread "Reference Handler" daemon [_thread_blocked, id=15772, stack(0x000000fe04b00000,0x000000fe04c00000)]
  0x000002427d89f440 JavaThread "Finalizer" daemon [_thread_blocked, id=1692, stack(0x000000fe04c00000,0x000000fe04d00000)]
  0x000002427d8bb4f0 JavaThread "Signal Dispatcher" daemon [_thread_blocked, id=1820, stack(0x000000fe04d00000,0x000000fe04e00000)]
  0x000002427d8bbda0 JavaThread "Attach Listener" daemon [_thread_blocked, id=1660, stack(0x000000fe04e00000,0x000000fe04f00000)]
  0x000002427d8bc790 JavaThread "Service Thread" daemon [_thread_blocked, id=4400, stack(0x000000fe04f00000,0x000000fe05000000)]
  0x000002427d8c0680 JavaThread "Monitor Deflation Thread" daemon [_thread_blocked, id=5204, stack(0x000000fe05000000,0x000000fe05100000)]
  0x000002427d8c4400 JavaThread "C2 CompilerThread0" daemon [_thread_in_native, id=7264, stack(0x000000fe05100000,0x000000fe05200000)]
  0x000002427d8c2f50 JavaThread "C1 CompilerThread0" daemon [_thread_in_native, id=5352, stack(0x000000fe05200000,0x000000fe05300000)]
  0x000002427d8e10f0 JavaThread "Sweeper thread" daemon [_thread_blocked, id=10772, stack(0x000000fe05300000,0x000000fe05400000)]
  0x000002427db05c00 JavaThread "Common-Cleaner" daemon [_thread_blocked, id=8488, stack(0x000000fe05400000,0x000000fe05500000)]
  0x000002427db0a700 JavaThread "Notification Thread" daemon [_thread_blocked, id=7348, stack(0x000000fe05500000,0x000000fe05600000)]
  0x000002427e2f3830 JavaThread "C2 CompilerThread1" daemon [_thread_in_vm, id=10356, stack(0x000000fe05700000,0x000000fe05800000)]
  0x000002427f0a0030 JavaThread "Daemon health stats" [_thread_blocked, id=11608, stack(0x000000fe05e00000,0x000000fe05f00000)]
  0x000002427ea3cf10 JavaThread "Incoming local TCP Connector on port 53320" [_thread_in_native, id=1100, stack(0x000000fe05f00000,0x000000fe06000000)]
  0x000002427f4c5050 JavaThread "Daemon periodic checks" [_thread_blocked, id=12620, stack(0x000000fe06000000,0x000000fe06100000)]
  0x000002427ea6aeb0 JavaThread "Daemon" [_thread_blocked, id=7816, stack(0x000000fe06100000,0x000000fe06200000)]
  0x000002427f436f70 JavaThread "Handler for socket connection from /127.0.0.1:53320 to /127.0.0.1:53321" [_thread_in_native, id=14932, stack(0x000000fe06200000,0x000000fe06300000)]
  0x000002427eeca220 JavaThread "Cancel handler" [_thread_blocked, id=15724, stack(0x000000fe06300000,0x000000fe06400000)]
  0x000002427f4e3d60 JavaThread "Daemon worker" [_thread_blocked, id=8660, stack(0x000000fe06400000,0x000000fe06500000)]
  0x000002421311d430 JavaThread "Asynchronous log dispatcher for DefaultDaemonConnection: socket connection from /127.0.0.1:53320 to /127.0.0.1:53321" [_thread_blocked, id=8532, stack(0x000000fe06500000,0x000000fe06600000)]
  0x000002427f529a20 JavaThread "Stdin handler" [_thread_blocked, id=15200, stack(0x000000fe06600000,0x000000fe06700000)]
  0x000002427f527d40 JavaThread "Daemon client event forwarder" [_thread_blocked, id=16292, stack(0x000000fe06700000,0x000000fe06800000)]
  0x000002427f529080 JavaThread "Cache worker for journal cache (C:\Program Files\Android\gradle-7.3.3\caches\journal-1)" [_thread_blocked, id=1492, stack(0x000000fe06800000,0x000000fe06900000)]
  0x000002427f529550 JavaThread "File lock request listener" [_thread_in_native, id=15484, stack(0x000000fe06900000,0x000000fe06a00000)]
  0x000002427f528210 JavaThread "Cache worker for file hash cache (C:\Program Files\Android\gradle-7.3.3\caches\7.3.3\fileHashes)" [_thread_blocked, id=7612, stack(0x000000fe06a00000,0x000000fe06b00000)]
  0x000002427f5273a0 JavaThread "Cache worker for file hash cache (D:\EmailLogin\.gradle\7.3.3\fileHashes)" [_thread_blocked, id=15116, stack(0x000000fe06b00000,0x000000fe06c00000)]
=>0x0000024214b60620 JavaThread "C2 CompilerThread2" daemon [_thread_in_native, id=15464, stack(0x000000fe06c00000,0x000000fe06d00000)]
  0x000002427f5286e0 JavaThread "File watcher server" daemon [_thread_in_native, id=15024, stack(0x000000fe06d00000,0x000000fe06e00000)]
  0x000002427f526530 JavaThread "File watcher consumer" daemon [_thread_blocked, id=14216, stack(0x000000fe06e00000,0x000000fe06f00000)]
  0x000002427f527870 JavaThread "jar transforms" [_thread_blocked, id=5596, stack(0x000000fe07000000,0x000000fe07100000)]
  0x000002427f528bb0 JavaThread "jar transforms Thread 2" [_thread_blocked, id=1876, stack(0x000000fe07100000,0x000000fe07200000)]
  0x000002427f526a00 JavaThread "jar transforms Thread 3" [_thread_blocked, id=15960, stack(0x000000fe07200000,0x000000fe07300000)]
  0x00000242131c46b0 JavaThread "jar transforms Thread 4" [_thread_blocked, id=15008, stack(0x000000fe07300000,0x000000fe07400000)]
  0x00000242131c5520 JavaThread "jar transforms Thread 5" [_thread_blocked, id=1412, stack(0x000000fe07400000,0x000000fe07500000)]
  0x00000242131c4b80 JavaThread "jar transforms Thread 6" [_thread_blocked, id=10824, stack(0x000000fe07500000,0x000000fe07600000)]
  0x00000242131c2030 JavaThread "jar transforms Thread 7" [_thread_blocked, id=5664, stack(0x000000fe07600000,0x000000fe07700000)]
  0x00000242131c0350 JavaThread "jar transforms Thread 8" [_thread_blocked, id=12920, stack(0x000000fe07700000,0x000000fe07800000)]
  0x00000242131c5ec0 JavaThread "Cache worker for checksums cache (D:\EmailLogin\.gradle\7.3.3\checksums)" [_thread_blocked, id=10064, stack(0x000000fe07900000,0x000000fe07a00000)]
  0x00000242131c0820 JavaThread "Cache worker for cache directory md-supplier (C:\Program Files\Android\gradle-7.3.3\caches\7.3.3\md-supplier)" [_thread_blocked, id=10024, stack(0x000000fe07a00000,0x000000fe07b00000)]
  0x00000242131c5050 JavaThread "Cache worker for cache directory md-rule (C:\Program Files\Android\gradle-7.3.3\caches\7.3.3\md-rule)" [_thread_blocked, id=6968, stack(0x000000fe07b00000,0x000000fe07c00000)]
  0x00000242131bfe80 JavaThread "Cache worker for execution history cache (C:\Program Files\Android\gradle-7.3.3\caches\7.3.3\executionHistory)" [_thread_blocked, id=7028, stack(0x000000fe07c00000,0x000000fe07d00000)]
  0x00000242131c1b60 JavaThread "Cache worker for file content cache (C:\Program Files\Android\gradle-7.3.3\caches\7.3.3\fileContent)" [_thread_blocked, id=3052, stack(0x000000fe07d00000,0x000000fe07e00000)]
  0x00000242131c3d10 JavaThread "Cache worker for dependencies-accessors (D:\EmailLogin\.gradle\7.3.3\dependencies-accessors)" [_thread_blocked, id=7196, stack(0x000000fe07e00000,0x000000fe07f00000)]
  0x00000242151a9410 JavaThread "Cache worker for Build Output Cleanup Cache (D:\EmailLogin\.gradle\buildOutputCleanup)" [_thread_blocked, id=15912, stack(0x000000fe07f00000,0x000000fe08000000)]
  0x00000242151a85a0 JavaThread "Unconstrained build operations" [_thread_blocked, id=7848, stack(0x000000fe08000000,0x000000fe08100000)]
  0x00000242151a7260 JavaThread "Unconstrained build operations Thread 2" [_thread_blocked, id=9688, stack(0x000000fe08100000,0x000000fe08200000)]
  0x00000242151a7730 JavaThread "Unconstrained build operations Thread 3" [_thread_blocked, id=4048, stack(0x000000fe08200000,0x000000fe08300000)]
  0x00000242151a6d90 JavaThread "Unconstrained build operations Thread 4" [_thread_blocked, id=1484, stack(0x000000fe08300000,0x000000fe08400000)]
  0x00000242151a98e0 JavaThread "Unconstrained build operations Thread 5" [_thread_blocked, id=8236, stack(0x000000fe08400000,0x000000fe08500000)]
  0x00000242151a8a70 JavaThread "Unconstrained build operations Thread 6" [_thread_blocked, id=4368, stack(0x000000fe08500000,0x000000fe08600000)]
  0x00000242151a7c00 JavaThread "Unconstrained build operations Thread 7" [_thread_blocked, id=4124, stack(0x000000fe08600000,0x000000fe08700000)]
  0x00000242151a5f20 JavaThread "Unconstrained build operations Thread 8" [_thread_blocked, id=11416, stack(0x000000fe08700000,0x000000fe08800000)]
  0x00000242151a63f0 JavaThread "Unconstrained build operations Thread 9" [_thread_blocked, id=10984, stack(0x000000fe08800000,0x000000fe08900000)]
  0x00000242151a68c0 JavaThread "Unconstrained build operations Thread 10" [_thread_blocked, id=5624, stack(0x000000fe08900000,0x000000fe08a00000)]
  0x00000242151a8f40 JavaThread "Unconstrained build operations Thread 11" [_thread_blocked, id=8168, stack(0x000000fe08a00000,0x000000fe08b00000)]
  0x000002427f526060 JavaThread "Unconstrained build operations Thread 12" [_thread_blocked, id=12408, stack(0x000000fe08b00000,0x000000fe08c00000)]
  0x0000024213c476b0 JavaThread "Unconstrained build operations Thread 13" [_thread_blocked, id=2968, stack(0x000000fe08c00000,0x000000fe08d00000)]
  0x0000024213c48520 JavaThread "Unconstrained build operations Thread 14" [_thread_blocked, id=1240, stack(0x000000fe08d00000,0x000000fe08e00000)]
  0x0000024213c46d10 JavaThread "Unconstrained build operations Thread 15" [_thread_blocked, id=6996, stack(0x000000fe08e00000,0x000000fe08f00000)]
  0x0000024213c46370 JavaThread "Unconstrained build operations Thread 16" [_thread_blocked, id=16144, stack(0x000000fe08f00000,0x000000fe09000000)]
  0x0000024213c4b070 JavaThread "Unconstrained build operations Thread 17" [_thread_blocked, id=7444, stack(0x000000fe09000000,0x000000fe09100000)]
  0x0000024213c49d30 JavaThread "Unconstrained build operations Thread 18" [_thread_blocked, id=6676, stack(0x000000fe09100000,0x000000fe09200000)]
  0x0000024213c489f0 JavaThread "Unconstrained build operations Thread 19" [_thread_blocked, id=2756, stack(0x000000fe09200000,0x000000fe09300000)]
  0x0000024213c49860 JavaThread "Unconstrained build operations Thread 20" [_thread_blocked, id=14412, stack(0x000000fe09300000,0x000000fe09400000)]
  0x0000024213c4a200 JavaThread "Unconstrained build operations Thread 21" [_thread_blocked, id=5580, stack(0x000000fe09400000,0x000000fe09500000)]
  0x0000024213c46840 JavaThread "Unconstrained build operations Thread 22" [_thread_blocked, id=7616, stack(0x000000fe09500000,0x000000fe09600000)]
  0x0000024213c48ec0 JavaThread "Unconstrained build operations Thread 23" [_thread_blocked, id=6416, stack(0x000000fe09600000,0x000000fe09700000)]
  0x0000024213c471e0 JavaThread "Unconstrained build operations Thread 24" [_thread_blocked, id=11528, stack(0x000000fe09700000,0x000000fe09800000)]
  0x0000024213c47b80 JavaThread "Unconstrained build operations Thread 25" [_thread_blocked, id=8808, stack(0x000000fe09800000,0x000000fe09900000)]
  0x0000024213c44690 JavaThread "Unconstrained build operations Thread 26" [_thread_blocked, id=7244, stack(0x000000fe09900000,0x000000fe09a00000)]
  0x0000024213c44b60 JavaThread "Unconstrained build operations Thread 27" [_thread_blocked, id=5640, stack(0x000000fe09a00000,0x000000fe09b00000)]
  0x0000024213c48050 JavaThread "Unconstrained build operations Thread 28" [_thread_blocked, id=10172, stack(0x000000fe09b00000,0x000000fe09c00000)]
  0x0000024213c4a6d0 JavaThread "Unconstrained build operations Thread 29" [_thread_blocked, id=8720, stack(0x000000fe09c00000,0x000000fe09d00000)]
  0x0000024213c49390 JavaThread "Unconstrained build operations Thread 30" [_thread_blocked, id=6576, stack(0x000000fe09d00000,0x000000fe09e00000)]
  0x0000024213c4aba0 JavaThread "Unconstrained build operations Thread 31" [_thread_blocked, id=2460, stack(0x000000fe09e00000,0x000000fe09f00000)]
  0x0000024213c4b540 JavaThread "Unconstrained build operations Thread 32" [_thread_blocked, id=4896, stack(0x000000fe09f00000,0x000000fe0a000000)]
  0x0000024213c4ba10 JavaThread "Unconstrained build operations Thread 33" [_thread_blocked, id=9508, stack(0x000000fe0a000000,0x000000fe0a100000)]
  0x0000024213c4bee0 JavaThread "Unconstrained build operations Thread 34" [_thread_blocked, id=13128, stack(0x000000fe0a100000,0x000000fe0a200000)]
  0x0000024213c45030 JavaThread "Unconstrained build operations Thread 35" [_thread_blocked, id=15016, stack(0x000000fe0a200000,0x000000fe0a300000)]
  0x0000024213c45500 JavaThread "Unconstrained build operations Thread 36" [_thread_blocked, id=8216, stack(0x000000fe0a300000,0x000000fe0a400000)]
  0x0000024213c459d0 JavaThread "Unconstrained build operations Thread 37" [_thread_blocked, id=15228, stack(0x000000fe0a400000,0x000000fe0a500000)]
  0x0000024213c45ea0 JavaThread "Unconstrained build operations Thread 38" [_thread_blocked, id=4472, stack(0x000000fe0a500000,0x000000fe0a600000)]
  0x000002427e824c80 JavaThread "Unconstrained build operations Thread 39" [_thread_blocked, id=10552, stack(0x000000fe0a600000,0x000000fe0a700000)]
  0x000002427e8247b0 JavaThread "Unconstrained build operations Thread 40" [_thread_blocked, id=8760, stack(0x000000fe0a700000,0x000000fe0a800000)]
  0x000002427e822600 JavaThread "Unconstrained build operations Thread 41" [_thread_blocked, id=12776, stack(0x000000fe0a800000,0x000000fe0a900000)]
  0x000002427e822fa0 JavaThread "Unconstrained build operations Thread 42" [_thread_blocked, id=15620, stack(0x000000fe0a900000,0x000000fe0aa00000)]
  0x000002427e825150 JavaThread "Unconstrained build operations Thread 43" [_thread_in_native, id=12924, stack(0x000000fe0aa00000,0x000000fe0ab00000)]
  0x000002427e822ad0 JavaThread "Unconstrained build operations Thread 44" [_thread_blocked, id=13976, stack(0x000000fe0ab00000,0x000000fe0ac00000)]
  0x000002427e8277d0 JavaThread "Unconstrained build operations Thread 45" [_thread_blocked, id=8428, stack(0x000000fe0ac00000,0x000000fe0ad00000)]
  0x000002427e827ca0 JavaThread "Unconstrained build operations Thread 46" [_thread_blocked, id=10496, stack(0x000000fe0ad00000,0x000000fe0ae00000)]
  0x000002427e828170 JavaThread "Unconstrained build operations Thread 47" [_thread_blocked, id=3728, stack(0x000000fe0ae00000,0x000000fe0af00000)]
  0x000002427e823470 JavaThread "Unconstrained build operations Thread 48" [_thread_blocked, id=1376, stack(0x000000fe0af00000,0x000000fe0b000000)]
  0x000002427e825620 JavaThread "Unconstrained build operations Thread 49" [_thread_blocked, id=10384, stack(0x000000fe0b000000,0x000000fe0b100000)]
  0x000002427e821790 JavaThread "Unconstrained build operations Thread 50" [_thread_blocked, id=14764, stack(0x000000fe0b100000,0x000000fe0b200000)]
  0x000002427e825af0 JavaThread "Unconstrained build operations Thread 51" [_thread_blocked, id=8960, stack(0x000000fe0b200000,0x000000fe0b300000)]
  0x000002427e823940 JavaThread "Unconstrained build operations Thread 52" [_thread_blocked, id=11912, stack(0x000000fe0b300000,0x000000fe0b400000)]
  0x000002427e820920 JavaThread "Unconstrained build operations Thread 53" [_thread_blocked, id=6484, stack(0x000000fe0b400000,0x000000fe0b500000)]
  0x000002427e825fc0 JavaThread "Unconstrained build operations Thread 54" [_thread_blocked, id=10868, stack(0x000000fe0b500000,0x000000fe0b600000)]
  0x000002427e826490 JavaThread "Unconstrained build operations Thread 55" [_thread_blocked, id=2580, stack(0x000000fe0b600000,0x000000fe0b700000)]
  0x000002427e826960 JavaThread "Unconstrained build operations Thread 56" [_thread_blocked, id=8448, stack(0x000000fe0b700000,0x000000fe0b800000)]
  0x000002427e826e30 JavaThread "Unconstrained build operations Thread 57" [_thread_blocked, id=6404, stack(0x000000fe0b800000,0x000000fe0b900000)]
  0x000002427e827300 JavaThread "Unconstrained build operations Thread 58" [_thread_blocked, id=15528, stack(0x000000fe0b900000,0x000000fe0ba00000)]
  0x000002427e820df0 JavaThread "Unconstrained build operations Thread 59" [_thread_blocked, id=11956, stack(0x000000fe0ba00000,0x000000fe0bb00000)]
  0x000002427e8212c0 JavaThread "Unconstrained build operations Thread 60" [_thread_blocked, id=15264, stack(0x000000fe0bb00000,0x000000fe0bc00000)]
  0x000002427e821c60 JavaThread "Unconstrained build operations Thread 61" [_thread_blocked, id=2872, stack(0x000000fe0bc00000,0x000000fe0bd00000)]
  0x000002427e822130 JavaThread "Unconstrained build operations Thread 62" [_thread_blocked, id=10180, stack(0x000000fe0bd00000,0x000000fe0be00000)]
  0x000002427e823e10 JavaThread "Unconstrained build operations Thread 63" [_thread_blocked, id=9060, stack(0x000000fe0be00000,0x000000fe0bf00000)]
  0x000002427e8242e0 JavaThread "Unconstrained build operations Thread 64" [_thread_blocked, id=11148, stack(0x000000fe0bf00000,0x000000fe0c000000)]
  0x000002421533e1a0 JavaThread "Unconstrained build operations Thread 65" [_thread_blocked, id=14876, stack(0x000000fe0c000000,0x000000fe0c100000)]
  0x000002421533d800 JavaThread "Unconstrained build operations Thread 66" [_thread_blocked, id=10004, stack(0x000000fe0c100000,0x000000fe0c200000)]
  0x0000024215338fd0 JavaThread "Unconstrained build operations Thread 67" [_thread_blocked, id=4536, stack(0x000000fe0c200000,0x000000fe0c300000)]
  0x000002421533b180 JavaThread "Unconstrained build operations Thread 68" [_thread_blocked, id=11204, stack(0x000000fe0c300000,0x000000fe0c400000)]
  0x0000024215336950 JavaThread "Unconstrained build operations Thread 69" [_thread_blocked, id=12804, stack(0x000000fe0c400000,0x000000fe0c500000)]
  0x000002421533dcd0 JavaThread "Unconstrained build operations Thread 70" [_thread_blocked, id=6636, stack(0x000000fe0c500000,0x000000fe0c600000)]
  0x0000024215339e40 JavaThread "Unconstrained build operations Thread 71" [_thread_blocked, id=4268, stack(0x000000fe0c600000,0x000000fe0c700000)]
  0x0000024215336e20 JavaThread "Unconstrained build operations Thread 72" [_thread_blocked, id=6856, stack(0x000000fe0c700000,0x000000fe0c800000)]
  0x00000242153377c0 JavaThread "Unconstrained build operations Thread 73" [_thread_blocked, id=14476, stack(0x000000fe0c800000,0x000000fe0c900000)]
  0x000002421533bff0 JavaThread "Unconstrained build operations Thread 74" [_thread_blocked, id=14260, stack(0x000000fe0c900000,0x000000fe0ca00000)]
  0x000002421533d330 JavaThread "Unconstrained build operations Thread 75" [_thread_blocked, id=10760, stack(0x000000fe0ca00000,0x000000fe0cb00000)]
  0x000002421533bb20 JavaThread "Unconstrained build operations Thread 76" [_thread_blocked, id=16240, stack(0x000000fe0cb00000,0x000000fe0cc00000)]
  0x000002421533b650 JavaThread "Unconstrained build operations Thread 77" [_thread_blocked, id=10516, stack(0x000000fe0cc00000,0x000000fe0cd00000)]
  0x00000242153372f0 JavaThread "Unconstrained build operations Thread 78" [_thread_blocked, id=10388, stack(0x000000fe0cd00000,0x000000fe0ce00000)]
  0x000002421533acb0 JavaThread "Unconstrained build operations Thread 79" [_thread_blocked, id=9856, stack(0x000000fe0ce00000,0x000000fe0cf00000)]
  0x0000024215337c90 JavaThread "Unconstrained build operations Thread 80" [_thread_blocked, id=16084, stack(0x000000fe0cf00000,0x000000fe0d000000)]
  0x0000024215339970 JavaThread "Memory manager" [_thread_blocked, id=15072, stack(0x000000fe0d000000,0x000000fe0d100000)]
  0x000002427f144ef0 JavaThread "pool-3-thread-1" [_thread_blocked, id=8904, stack(0x000000fe0d100000,0x000000fe0d200000)]
  0x000002427f146700 JavaThread "Cache worker for execution history cache (D:\EmailLogin\.gradle\7.3.3\executionHistory)" [_thread_blocked, id=3724, stack(0x000000fe0d900000,0x000000fe0da00000)]

Other Threads:
  0x000002427d89c020 VMThread "VM Thread" [stack: 0x000000fe04a00000,0x000000fe04b00000] [id=4900]
  0x000002427db0b7f0 WatcherThread "VM Periodic Task Thread" [stack: 0x000000fe05600000,0x000000fe05700000] [id=16068]
  0x000002426e6a2e00 WorkerThread "GC Thread#0" [stack: 0x000000fe04500000,0x000000fe04600000] [id=8224]
  0x000002427db66ee0 WorkerThread "GC Thread#1" [stack: 0x000000fe05800000,0x000000fe05900000] [id=16052]
  0x000002427e2cd650 WorkerThread "GC Thread#2" [stack: 0x000000fe05900000,0x000000fe05a00000] [id=15884]
  0x000002427e5fee50 WorkerThread "GC Thread#3" [stack: 0x000000fe05a00000,0x000000fe05b00000] [id=3232]
  0x000002427e5ff0f0 WorkerThread "GC Thread#4" [stack: 0x000000fe05b00000,0x000000fe05c00000] [id=15560]
  0x000002427f41de40 WorkerThread "GC Thread#5" [stack: 0x000000fe05c00000,0x000000fe05d00000] [id=12900]
  0x000002427e3b06f0 WorkerThread "GC Thread#6" [stack: 0x000000fe05d00000,0x000000fe05e00000] [id=5508]
  0x0000024213c3c320 WorkerThread "GC Thread#7" [stack: 0x000000fe06f00000,0x000000fe07000000] [id=3564]
  0x000002426e6b3ae0 ConcurrentGCThread "G1 Main Marker" [stack: 0x000000fe04600000,0x000000fe04700000] [id=12508]
  0x000002426e6b4a20 WorkerThread "G1 Conc#0" [stack: 0x000000fe04700000,0x000000fe04800000] [id=14264]
  0x0000024213fcec50 WorkerThread "G1 Conc#1" [stack: 0x000000fe07800000,0x000000fe07900000] [id=2332]
  0x000002427d753580 ConcurrentGCThread "G1 Refine#0" [stack: 0x000000fe04800000,0x000000fe04900000] [id=4644]
  0x000002427d753c40 ConcurrentGCThread "G1 Service" [stack: 0x000000fe04900000,0x000000fe04a00000] [id=10684]

Threads with active compile tasks:
C2 CompilerThread0    10686 10178       4       org.gradle.cache.internal.btree.CachingBlockStore::read (56 bytes)
C1 CompilerThread0    10686 10392   !   3       sun.nio.ch.IOUtil::readIntoNativeBuffer (173 bytes)
C2 CompilerThread1    10686 10307       4       org.gradle.cache.internal.btree.BTreePersistentIndexedCache$IndexBlock::find (140 bytes)
C2 CompilerThread2    10686 10184       4       org.gradle.cache.internal.btree.FreeListBlockStore::read (12 bytes)

VM state: not at safepoint (normal execution)

VM Mutex/Monitor currently owned by a thread: None

Heap address: 0x0000000080000000, size: 2048 MB, Compressed Oops mode: 32-bit

CDS archive(s) mapped at: [0x0000000800000000-0x0000000800ba0000-0x0000000800ba0000), size 12189696, SharedBaseAddress: 0x0000000800000000, ArchiveRelocationMode: 0.
Compressed class space mapped at: 0x0000000800c00000-0x0000000840c00000, reserved size: 1073741824
Narrow klass base: 0x0000000800000000, Narrow klass shift: 0, Narrow klass range: 0x100000000

GC Precious Log:
 CardTable entry size: 512
 Card Set container configuration: InlinePtr #cards 5 size 8 Array Of Cards #cards 12 size 40 Howl #buckets 4 coarsen threshold 1843 Howl Bitmap #cards 512 size 80 coarsen threshold 460 Card regions per heap region 1 cards per card region 2048
 CPUs: 8 total, 8 available
 Memory: 7987M
 Large Page Support: Disabled
 NUMA Support: Disabled
 Compressed Oops: Enabled (32-bit)
 Heap Region Size: 1M
 Heap Min Capacity: 8M
 Heap Initial Capacity: 126M
 Heap Max Capacity: 2G
 Pre-touch: Disabled
 Parallel Workers: 8
 Concurrent Workers: 2
 Concurrent Refinement Workers: 8
 Periodic GC: Disabled

Heap:
 garbage-first heap   total 238592K, used 130207K [0x0000000080000000, 0x0000000100000000)
  region size 1024K, 15 young (15360K), 2 survivors (2048K)
 Metaspace       used 85402K, committed 87424K, reserved 1179648K
  class space    used 11450K, committed 12480K, reserved 1048576K

Heap Regions: E=young(eden), S=young(survivor), O=old, HS=humongous(starts), HC=humongous(continues), CS=collection set, F=free, OA=open archive, CA=closed archive, TAMS=top-at-mark-start (previous, next)
|   0|0x0000000080000000, 0x0000000080100000, 0x0000000080100000|100%|HS|  |TAMS 0x0000000080100000, 0x0000000080000000| Complete 
|   1|0x0000000080100000, 0x0000000080200000, 0x0000000080200000|100%| O|  |TAMS 0x0000000080200000, 0x0000000080100000| Untracked 
|   2|0x0000000080200000, 0x0000000080300000, 0x0000000080300000|100%| O|  |TAMS 0x0000000080300000, 0x0000000080200000| Untracked 
|   3|0x0000000080300000, 0x0000000080400000, 0x0000000080400000|100%|HS|  |TAMS 0x0000000080400000, 0x0000000080300000| Complete 
|   4|0x0000000080400000, 0x0000000080500000, 0x0000000080500000|100%|HC|  |TAMS 0x0000000080500000, 0x0000000080400000| Complete 
|   5|0x0000000080500000, 0x0000000080600000, 0x0000000080600000|100%|HC|  |TAMS 0x0000000080600000, 0x0000000080500000| Complete 
|   6|0x0000000080600000, 0x0000000080700000, 0x0000000080700000|100%| O|  |TAMS 0x0000000080700000, 0x0000000080600000| Untracked 
|   7|0x0000000080700000, 0x0000000080800000, 0x0000000080800000|100%| O|  |TAMS 0x0000000080800000, 0x0000000080700000| Untracked 
|   8|0x0000000080800000, 0x0000000080900000, 0x0000000080900000|100%| O|  |TAMS 0x0000000080900000, 0x0000000080800000| Untracked 
|   9|0x0000000080900000, 0x0000000080a00000, 0x0000000080a00000|100%| O|  |TAMS 0x0000000080a00000, 0x0000000080900000| Untracked 
|  10|0x0000000080a00000, 0x0000000080b00000, 0x0000000080b00000|100%| O|  |TAMS 0x0000000080b00000, 0x0000000080a00000| Untracked 
|  11|0x0000000080b00000, 0x0000000080c00000, 0x0000000080c00000|100%| O|  |TAMS 0x0000000080c00000, 0x0000000080b00000| Untracked 
|  12|0x0000000080c00000, 0x0000000080d00000, 0x0000000080d00000|100%|HS|  |TAMS 0x0000000080d00000, 0x0000000080c00000| Complete 
|  13|0x0000000080d00000, 0x0000000080e00000, 0x0000000080e00000|100%|HC|  |TAMS 0x0000000080e00000, 0x0000000080d00000| Complete 
|  14|0x0000000080e00000, 0x0000000080f00000, 0x0000000080f00000|100%|HS|  |TAMS 0x0000000080f00000, 0x0000000080e00000| Complete 
|  15|0x0000000080f00000, 0x0000000081000000, 0x0000000081000000|100%|HC|  |TAMS 0x0000000081000000, 0x0000000080f00000| Complete 
|  16|0x0000000081000000, 0x0000000081100000, 0x0000000081100000|100%|HC|  |TAMS 0x0000000081100000, 0x0000000081000000| Complete 
|  17|0x0000000081100000, 0x0000000081200000, 0x0000000081200000|100%|HS|  |TAMS 0x0000000081200000, 0x0000000081100000| Complete 
|  18|0x0000000081200000, 0x0000000081300000, 0x0000000081300000|100%|HC|  |TAMS 0x0000000081300000, 0x0000000081200000| Complete 
|  19|0x0000000081300000, 0x0000000081400000, 0x0000000081400000|100%|HC|  |TAMS 0x0000000081400000, 0x0000000081300000| Complete 
|  20|0x0000000081400000, 0x0000000081500000, 0x0000000081500000|100%|HC|  |TAMS 0x0000000081500000, 0x0000000081400000| Complete 
|  21|0x0000000081500000, 0x0000000081600000, 0x0000000081600000|100%| O|  |TAMS 0x0000000081600000, 0x0000000081500000| Untracked 
|  22|0x0000000081600000, 0x0000000081700000, 0x0000000081700000|100%| O|  |TAMS 0x0000000081700000, 0x0000000081600000| Untracked 
|  23|0x0000000081700000, 0x0000000081800000, 0x0000000081800000|100%| O|  |TAMS 0x0000000081800000, 0x0000000081700000| Untracked 
|  24|0x0000000081800000, 0x0000000081900000, 0x0000000081900000|100%| O|  |TAMS 0x0000000081900000, 0x0000000081800000| Untracked 
|  25|0x0000000081900000, 0x0000000081a00000, 0x0000000081a00000|100%| O|  |TAMS 0x0000000081a00000, 0x0000000081900000| Untracked 
|  26|0x0000000081a00000, 0x0000000081b00000, 0x0000000081b00000|100%| O|  |TAMS 0x0000000081b00000, 0x0000000081a00000| Untracked 
|  27|0x0000000081b00000, 0x0000000081c00000, 0x0000000081c00000|100%| O|  |TAMS 0x0000000081c00000, 0x0000000081b00000| Untracked 
|  28|0x0000000081c00000, 0x0000000081d00000, 0x0000000081d00000|100%| O|  |TAMS 0x0000000081d00000, 0x0000000081c00000| Untracked 
|  29|0x0000000081d00000, 0x0000000081d00000, 0x0000000081e00000|  0%| F|  |TAMS 0x0000000081d00000, 0x0000000081d00000| Untracked 
|  30|0x0000000081e00000, 0x0000000081f00000, 0x0000000081f00000|100%| O|  |TAMS 0x0000000081f00000, 0x0000000081e00000| Untracked 
|  31|0x0000000081f00000, 0x0000000082000000, 0x0000000082000000|100%|HS|  |TAMS 0x0000000082000000, 0x0000000081f00000| Complete 
|  32|0x0000000082000000, 0x0000000082100000, 0x0000000082100000|100%| O|  |TAMS 0x0000000082100000, 0x0000000082000000| Untracked 
|  33|0x0000000082100000, 0x0000000082200000, 0x0000000082200000|100%| O|  |TAMS 0x0000000082200000, 0x0000000082100000| Untracked 
|  34|0x0000000082200000, 0x0000000082300000, 0x0000000082300000|100%| O|  |TAMS 0x0000000082300000, 0x0000000082200000| Untracked 
|  35|0x0000000082300000, 0x0000000082400000, 0x0000000082400000|100%| O|  |TAMS 0x0000000082400000, 0x0000000082300000| Untracked 
|  36|0x0000000082400000, 0x0000000082500000, 0x0000000082500000|100%| O|  |TAMS 0x0000000082500000, 0x0000000082400000| Untracked 
|  37|0x0000000082500000, 0x0000000082600000, 0x0000000082600000|100%| O|  |TAMS 0x0000000082600000, 0x0000000082500000| Untracked 
|  38|0x0000000082600000, 0x0000000082700000, 0x0000000082700000|100%| O|  |TAMS 0x0000000082700000, 0x0000000082600000| Untracked 
|  39|0x0000000082700000, 0x0000000082800000, 0x0000000082800000|100%| O|  |TAMS 0x0000000082800000, 0x0000000082700000| Untracked 
|  40|0x0000000082800000, 0x0000000082900000, 0x0000000082900000|100%| O|  |TAMS 0x0000000082900000, 0x0000000082800000| Untracked 
|  41|0x0000000082900000, 0x0000000082a00000, 0x0000000082a00000|100%| O|  |TAMS 0x0000000082a00000, 0x0000000082900000| Untracked 
|  42|0x0000000082a00000, 0x0000000082b00000, 0x0000000082b00000|100%|HS|  |TAMS 0x0000000082b00000, 0x0000000082a00000| Complete 
|  43|0x0000000082b00000, 0x0000000082c00000, 0x0000000082c00000|100%|HC|  |TAMS 0x0000000082c00000, 0x0000000082b00000| Complete 
|  44|0x0000000082c00000, 0x0000000082d00000, 0x0000000082d00000|100%|HC|  |TAMS 0x0000000082d00000, 0x0000000082c00000| Complete 
|  45|0x0000000082d00000, 0x0000000082e00000, 0x0000000082e00000|100%| O|  |TAMS 0x0000000082e00000, 0x0000000082d00000| Untracked 
|  46|0x0000000082e00000, 0x0000000082f00000, 0x0000000082f00000|100%| O|  |TAMS 0x0000000082f00000, 0x0000000082e00000| Untracked 
|  47|0x0000000082f00000, 0x0000000083000000, 0x0000000083000000|100%|HS|  |TAMS 0x0000000083000000, 0x0000000082f00000| Complete 
|  48|0x0000000083000000, 0x0000000083100000, 0x0000000083100000|100%|HC|  |TAMS 0x0000000083100000, 0x0000000083000000| Complete 
|  49|0x0000000083100000, 0x0000000083200000, 0x0000000083200000|100%|HC|  |TAMS 0x0000000083200000, 0x0000000083100000| Complete 
|  50|0x0000000083200000, 0x0000000083300000, 0x0000000083300000|100%|HC|  |TAMS 0x0000000083300000, 0x0000000083200000| Complete 
|  51|0x0000000083300000, 0x0000000083400000, 0x0000000083400000|100%| O|  |TAMS 0x0000000083400000, 0x0000000083300000| Untracked 
|  52|0x0000000083400000, 0x0000000083500000, 0x0000000083500000|100%| O|  |TAMS 0x0000000083500000, 0x0000000083400000| Untracked 
|  53|0x0000000083500000, 0x0000000083600000, 0x0000000083600000|100%| O|  |TAMS 0x0000000083600000, 0x0000000083500000| Untracked 
|  54|0x0000000083600000, 0x0000000083700000, 0x0000000083700000|100%| O|  |TAMS 0x0000000083700000, 0x0000000083600000| Untracked 
|  55|0x0000000083700000, 0x0000000083800000, 0x0000000083800000|100%| O|  |TAMS 0x0000000083800000, 0x0000000083700000| Untracked 
|  56|0x0000000083800000, 0x0000000083900000, 0x0000000083900000|100%| O|  |TAMS 0x0000000083900000, 0x0000000083800000| Untracked 
|  57|0x0000000083900000, 0x0000000083a00000, 0x0000000083a00000|100%| O|  |TAMS 0x0000000083a00000, 0x0000000083900000| Untracked 
|  58|0x0000000083a00000, 0x0000000083b00000, 0x0000000083b00000|100%| O|  |TAMS 0x0000000083b00000, 0x0000000083a00000| Untracked 
|  59|0x0000000083b00000, 0x0000000083c00000, 0x0000000083c00000|100%| O|  |TAMS 0x0000000083c00000, 0x0000000083b00000| Untracked 
|  60|0x0000000083c00000, 0x0000000083d00000, 0x0000000083d00000|100%|HS|  |TAMS 0x0000000083d00000, 0x0000000083c00000| Complete 
|  61|0x0000000083d00000, 0x0000000083e00000, 0x0000000083e00000|100%|HS|  |TAMS 0x0000000083e00000, 0x0000000083d00000| Complete 
|  62|0x0000000083e00000, 0x0000000083f00000, 0x0000000083f00000|100%| O|  |TAMS 0x0000000083f00000, 0x0000000083e00000| Untracked 
|  63|0x0000000083f00000, 0x0000000084000000, 0x0000000084000000|100%|HS|  |TAMS 0x0000000084000000, 0x0000000083f00000| Complete 
|  64|0x0000000084000000, 0x0000000084100000, 0x0000000084100000|100%|HC|  |TAMS 0x0000000084100000, 0x0000000084000000| Complete 
|  65|0x0000000084100000, 0x0000000084200000, 0x0000000084200000|100%| O|  |TAMS 0x0000000084200000, 0x0000000084100000| Untracked 
|  66|0x0000000084200000, 0x0000000084300000, 0x0000000084300000|100%| O|  |TAMS 0x0000000084300000, 0x0000000084200000| Untracked 
|  67|0x0000000084300000, 0x0000000084400000, 0x0000000084400000|100%| O|  |TAMS 0x0000000084400000, 0x0000000084300000| Untracked 
|  68|0x0000000084400000, 0x0000000084500000, 0x0000000084500000|100%| O|  |TAMS 0x0000000084500000, 0x0000000084400000| Untracked 
|  69|0x0000000084500000, 0x0000000084600000, 0x0000000084600000|100%| O|  |TAMS 0x0000000084600000, 0x0000000084500000| Untracked 
|  70|0x0000000084600000, 0x0000000084700000, 0x0000000084700000|100%| O|  |TAMS 0x0000000084700000, 0x0000000084600000| Untracked 
|  71|0x0000000084700000, 0x0000000084800000, 0x0000000084800000|100%| O|  |TAMS 0x0000000084800000, 0x0000000084700000| Untracked 
|  72|0x0000000084800000, 0x0000000084900000, 0x0000000084900000|100%| O|  |TAMS 0x0000000084900000, 0x0000000084800000| Untracked 
|  73|0x0000000084900000, 0x0000000084a00000, 0x0000000084a00000|100%| O|  |TAMS 0x0000000084a00000, 0x0000000084900000| Untracked 
|  74|0x0000000084a00000, 0x0000000084b00000, 0x0000000084b00000|100%| O|  |TAMS 0x0000000084b00000, 0x0000000084a00000| Untracked 
|  75|0x0000000084b00000, 0x0000000084c00000, 0x0000000084c00000|100%| O|  |TAMS 0x0000000084c00000, 0x0000000084b00000| Untracked 
|  76|0x0000000084c00000, 0x0000000084d00000, 0x0000000084d00000|100%| O|  |TAMS 0x0000000084d00000, 0x0000000084c00000| Untracked 
|  77|0x0000000084d00000, 0x0000000084e00000, 0x0000000084e00000|100%| O|  |TAMS 0x0000000084e00000, 0x0000000084d00000| Untracked 
|  78|0x0000000084e00000, 0x0000000084f00000, 0x0000000084f00000|100%| O|  |TAMS 0x0000000084f00000, 0x0000000084e00000| Untracked 
|  79|0x0000000084f00000, 0x0000000085000000, 0x0000000085000000|100%| O|  |TAMS 0x0000000085000000, 0x0000000084f00000| Untracked 
|  80|0x0000000085000000, 0x0000000085100000, 0x0000000085100000|100%| O|  |TAMS 0x0000000085100000, 0x0000000085000000| Untracked 
|  81|0x0000000085100000, 0x0000000085200000, 0x0000000085200000|100%| O|  |TAMS 0x0000000085200000, 0x0000000085100000| Untracked 
|  82|0x0000000085200000, 0x0000000085300000, 0x0000000085300000|100%| O|  |TAMS 0x0000000085300000, 0x0000000085200000| Untracked 
|  83|0x0000000085300000, 0x0000000085400000, 0x0000000085400000|100%| O|  |TAMS 0x0000000085400000, 0x0000000085300000| Untracked 
|  84|0x0000000085400000, 0x0000000085500000, 0x0000000085500000|100%| O|  |TAMS 0x0000000085500000, 0x0000000085400000| Untracked 
|  85|0x0000000085500000, 0x0000000085600000, 0x0000000085600000|100%| O|  |TAMS 0x0000000085600000, 0x0000000085500000| Untracked 
|  86|0x0000000085600000, 0x0000000085700000, 0x0000000085700000|100%|HS|  |TAMS 0x0000000085700000, 0x0000000085600000| Complete 
|  87|0x0000000085700000, 0x0000000085800000, 0x0000000085800000|100%|HC|  |TAMS 0x0000000085800000, 0x0000000085700000| Complete 
|  88|0x0000000085800000, 0x0000000085900000, 0x0000000085900000|100%|HS|  |TAMS 0x0000000085900000, 0x0000000085800000| Complete 
|  89|0x0000000085900000, 0x0000000085a00000, 0x0000000085a00000|100%|HC|  |TAMS 0x0000000085a00000, 0x0000000085900000| Complete 
|  90|0x0000000085a00000, 0x0000000085b00000, 0x0000000085b00000|100%|HC|  |TAMS 0x0000000085b00000, 0x0000000085a00000| Complete 
|  91|0x0000000085b00000, 0x0000000085c00000, 0x0000000085c00000|100%|HS|  |TAMS 0x0000000085c00000, 0x0000000085b00000| Complete 
|  92|0x0000000085c00000, 0x0000000085d00000, 0x0000000085d00000|100%|HS|  |TAMS 0x0000000085d00000, 0x0000000085c00000| Complete 
|  93|0x0000000085d00000, 0x0000000085e00000, 0x0000000085e00000|100%|HC|  |TAMS 0x0000000085e00000, 0x0000000085d00000| Complete 
|  94|0x0000000085e00000, 0x0000000085f00000, 0x0000000085f00000|100%|HC|  |TAMS 0x0000000085f00000, 0x0000000085e00000| Complete 
|  95|0x0000000085f00000, 0x0000000086000000, 0x0000000086000000|100%|HC|  |TAMS 0x0000000086000000, 0x0000000085f00000| Complete 
|  96|0x0000000086000000, 0x0000000086100000, 0x0000000086100000|100%| O|  |TAMS 0x0000000086100000, 0x0000000086000000| Untracked 
|  97|0x0000000086100000, 0x0000000086200000, 0x0000000086200000|100%| O|  |TAMS 0x0000000086200000, 0x0000000086100000| Untracked 
|  98|0x0000000086200000, 0x0000000086300000, 0x0000000086300000|100%| O|  |TAMS 0x0000000086300000, 0x0000000086200000| Untracked 
|  99|0x0000000086300000, 0x0000000086400000, 0x0000000086400000|100%| O|  |TAMS 0x0000000086400000, 0x0000000086300000| Untracked 
| 100|0x0000000086400000, 0x0000000086500000, 0x0000000086500000|100%| O|  |TAMS 0x0000000086500000, 0x0000000086400000| Untracked 
| 101|0x0000000086500000, 0x0000000086600000, 0x0000000086600000|100%| O|  |TAMS 0x0000000086600000, 0x0000000086500000| Untracked 
| 102|0x0000000086600000, 0x0000000086700000, 0x0000000086700000|100%| O|  |TAMS 0x0000000086700000, 0x0000000086600000| Untracked 
| 103|0x0000000086700000, 0x0000000086800000, 0x0000000086800000|100%| O|  |TAMS 0x0000000086800000, 0x0000000086700000| Untracked 
| 104|0x0000000086800000, 0x0000000086900000, 0x0000000086900000|100%| O|  |TAMS 0x0000000086900000, 0x0000000086800000| Untracked 
| 105|0x0000000086900000, 0x0000000086a00000, 0x0000000086a00000|100%| O|  |TAMS 0x000000008694e600, 0x0000000086900000| Untracked 
| 106|0x0000000086a00000, 0x0000000086b00000, 0x0000000086b00000|100%| O|  |TAMS 0x0000000086a00000, 0x0000000086a00000| Untracked 
| 107|0x0000000086b00000, 0x0000000086c00000, 0x0000000086c00000|100%| O|  |TAMS 0x0000000086b00000, 0x0000000086b00000| Untracked 
| 108|0x0000000086c00000, 0x0000000086d00000, 0x0000000086d00000|100%| O|  |TAMS 0x0000000086c00000, 0x0000000086c00000| Untracked 
| 109|0x0000000086d00000, 0x0000000086e00000, 0x0000000086e00000|100%| O|  |TAMS 0x0000000086d00000, 0x0000000086d00000| Untracked 
| 110|0x0000000086e00000, 0x0000000086f00000, 0x0000000086f00000|100%| O|  |TAMS 0x0000000086e00000, 0x0000000086e00000| Untracked 
| 111|0x0000000086f00000, 0x0000000087000000, 0x0000000087000000|100%| O|  |TAMS 0x0000000086f00000, 0x0000000086f00000| Untracked 
| 112|0x0000000087000000, 0x0000000087100000, 0x0000000087100000|100%| O|  |TAMS 0x0000000087000000, 0x0000000087000000| Untracked 
| 113|0x0000000087100000, 0x0000000087200000, 0x0000000087200000|100%| O|  |TAMS 0x0000000087100000, 0x0000000087100000| Untracked 
| 114|0x0000000087200000, 0x0000000087300000, 0x0000000087300000|100%| O|  |TAMS 0x0000000087200000, 0x0000000087200000| Untracked 
| 115|0x0000000087300000, 0x00000000873fae00, 0x0000000087400000| 97%| O|  |TAMS 0x0000000087300000, 0x0000000087300000| Untracked 
| 116|0x0000000087400000, 0x0000000087400000, 0x0000000087500000|  0%| F|  |TAMS 0x0000000087400000, 0x0000000087400000| Untracked 
| 117|0x0000000087500000, 0x0000000087500000, 0x0000000087600000|  0%| F|  |TAMS 0x0000000087500000, 0x0000000087500000| Untracked 
| 118|0x0000000087600000, 0x0000000087600000, 0x0000000087700000|  0%| F|  |TAMS 0x0000000087600000, 0x0000000087600000| Untracked 
| 119|0x0000000087700000, 0x0000000087700000, 0x0000000087800000|  0%| F|  |TAMS 0x0000000087700000, 0x0000000087700000| Untracked 
| 120|0x0000000087800000, 0x0000000087800000, 0x0000000087900000|  0%| F|  |TAMS 0x0000000087800000, 0x0000000087800000| Untracked 
| 121|0x0000000087900000, 0x0000000087900000, 0x0000000087a00000|  0%| F|  |TAMS 0x0000000087900000, 0x0000000087900000| Untracked 
| 122|0x0000000087a00000, 0x0000000087a00000, 0x0000000087b00000|  0%| F|  |TAMS 0x0000000087a00000, 0x0000000087a00000| Untracked 
| 123|0x0000000087b00000, 0x0000000087b00000, 0x0000000087c00000|  0%| F|  |TAMS 0x0000000087b00000, 0x0000000087b00000| Untracked 
| 124|0x0000000087c00000, 0x0000000087c00000, 0x0000000087d00000|  0%| F|  |TAMS 0x0000000087c00000, 0x0000000087c00000| Untracked 
| 125|0x0000000087d00000, 0x0000000087d00000, 0x0000000087e00000|  0%| F|  |TAMS 0x0000000087d00000, 0x0000000087d00000| Untracked 
| 126|0x0000000087e00000, 0x0000000087e00000, 0x0000000087f00000|  0%| F|  |TAMS 0x0000000087e00000, 0x0000000087e00000| Untracked 
| 127|0x0000000087f00000, 0x0000000087f00000, 0x0000000088000000|  0%| F|  |TAMS 0x0000000087f00000, 0x0000000087f00000| Untracked 
| 128|0x0000000088000000, 0x0000000088000000, 0x0000000088100000|  0%| F|  |TAMS 0x0000000088000000, 0x0000000088000000| Untracked 
| 129|0x0000000088100000, 0x0000000088100000, 0x0000000088200000|  0%| F|  |TAMS 0x0000000088100000, 0x0000000088100000| Untracked 
| 130|0x0000000088200000, 0x0000000088200000, 0x0000000088300000|  0%| F|  |TAMS 0x0000000088200000, 0x0000000088200000| Untracked 
| 131|0x0000000088300000, 0x0000000088300000, 0x0000000088400000|  0%| F|  |TAMS 0x0000000088300000, 0x0000000088300000| Untracked 
| 132|0x0000000088400000, 0x0000000088400000, 0x0000000088500000|  0%| F|  |TAMS 0x0000000088400000, 0x0000000088400000| Untracked 
| 133|0x0000000088500000, 0x0000000088500000, 0x0000000088600000|  0%| F|  |TAMS 0x0000000088500000, 0x0000000088500000| Untracked 
| 134|0x0000000088600000, 0x0000000088600000, 0x0000000088700000|  0%| F|  |TAMS 0x0000000088600000, 0x0000000088600000| Untracked 
| 135|0x0000000088700000, 0x0000000088700000, 0x0000000088800000|  0%| F|  |TAMS 0x0000000088700000, 0x0000000088700000| Untracked 
| 136|0x0000000088800000, 0x0000000088800000, 0x0000000088900000|  0%| F|  |TAMS 0x0000000088800000, 0x0000000088800000| Untracked 
| 137|0x0000000088900000, 0x0000000088900000, 0x0000000088a00000|  0%| F|  |TAMS 0x0000000088900000, 0x0000000088900000| Untracked 
| 138|0x0000000088a00000, 0x0000000088a00000, 0x0000000088b00000|  0%| F|  |TAMS 0x0000000088a00000, 0x0000000088a00000| Untracked 
| 139|0x0000000088b00000, 0x0000000088b00000, 0x0000000088c00000|  0%| F|  |TAMS 0x0000000088b00000, 0x0000000088b00000| Untracked 
| 140|0x0000000088c00000, 0x0000000088c00000, 0x0000000088d00000|  0%| F|  |TAMS 0x0000000088c00000, 0x0000000088c00000| Untracked 
| 141|0x0000000088d00000, 0x0000000088d00000, 0x0000000088e00000|  0%| F|  |TAMS 0x0000000088d00000, 0x0000000088d00000| Untracked 
| 142|0x0000000088e00000, 0x0000000088e00000, 0x0000000088f00000|  0%| F|  |TAMS 0x0000000088e00000, 0x0000000088e00000| Untracked 
| 143|0x0000000088f00000, 0x0000000088f00000, 0x0000000089000000|  0%| F|  |TAMS 0x0000000088f00000, 0x0000000088f00000| Untracked 
| 144|0x0000000089000000, 0x0000000089000000, 0x0000000089100000|  0%| F|  |TAMS 0x0000000089000000, 0x0000000089000000| Untracked 
| 145|0x0000000089100000, 0x0000000089100000, 0x0000000089200000|  0%| F|  |TAMS 0x0000000089100000, 0x0000000089100000| Untracked 
| 146|0x0000000089200000, 0x0000000089200000, 0x0000000089300000|  0%| F|  |TAMS 0x0000000089200000, 0x0000000089200000| Untracked 
| 147|0x0000000089300000, 0x0000000089300000, 0x0000000089400000|  0%| F|  |TAMS 0x0000000089300000, 0x0000000089300000| Untracked 
| 148|0x0000000089400000, 0x0000000089400000, 0x0000000089500000|  0%| F|  |TAMS 0x0000000089400000, 0x0000000089400000| Untracked 
| 149|0x0000000089500000, 0x0000000089500000, 0x0000000089600000|  0%| F|  |TAMS 0x0000000089500000, 0x0000000089500000| Untracked 
| 150|0x0000000089600000, 0x0000000089600000, 0x0000000089700000|  0%| F|  |TAMS 0x0000000089600000, 0x0000000089600000| Untracked 
| 151|0x0000000089700000, 0x0000000089700000, 0x0000000089800000|  0%| F|  |TAMS 0x0000000089700000, 0x0000000089700000| Untracked 
| 152|0x0000000089800000, 0x0000000089800000, 0x0000000089900000|  0%| F|  |TAMS 0x0000000089800000, 0x0000000089800000| Untracked 
| 153|0x0000000089900000, 0x0000000089900000, 0x0000000089a00000|  0%| F|  |TAMS 0x0000000089900000, 0x0000000089900000| Untracked 
| 154|0x0000000089a00000, 0x0000000089a00000, 0x0000000089b00000|  0%| F|  |TAMS 0x0000000089a00000, 0x0000000089a00000| Untracked 
| 155|0x0000000089b00000, 0x0000000089b00000, 0x0000000089c00000|  0%| F|  |TAMS 0x0000000089b00000, 0x0000000089b00000| Untracked 
| 156|0x0000000089c00000, 0x0000000089c00000, 0x0000000089d00000|  0%| F|  |TAMS 0x0000000089c00000, 0x0000000089c00000| Untracked 
| 157|0x0000000089d00000, 0x0000000089d00000, 0x0000000089e00000|  0%| F|  |TAMS 0x0000000089d00000, 0x0000000089d00000| Untracked 
| 158|0x0000000089e00000, 0x0000000089e00000, 0x0000000089f00000|  0%| F|  |TAMS 0x0000000089e00000, 0x0000000089e00000| Untracked 
| 159|0x0000000089f00000, 0x0000000089f00000, 0x000000008a000000|  0%| F|  |TAMS 0x0000000089f00000, 0x0000000089f00000| Untracked 
| 160|0x000000008a000000, 0x000000008a000000, 0x000000008a100000|  0%| F|  |TAMS 0x000000008a000000, 0x000000008a000000| Untracked 
| 161|0x000000008a100000, 0x000000008a100000, 0x000000008a200000|  0%| F|  |TAMS 0x000000008a100000, 0x000000008a100000| Untracked 
| 162|0x000000008a200000, 0x000000008a200000, 0x000000008a300000|  0%| F|  |TAMS 0x000000008a200000, 0x000000008a200000| Untracked 
| 163|0x000000008a300000, 0x000000008a300000, 0x000000008a400000|  0%| F|  |TAMS 0x000000008a300000, 0x000000008a300000| Untracked 
| 164|0x000000008a400000, 0x000000008a400000, 0x000000008a500000|  0%| F|  |TAMS 0x000000008a400000, 0x000000008a400000| Untracked 
| 165|0x000000008a500000, 0x000000008a500000, 0x000000008a600000|  0%| F|  |TAMS 0x000000008a500000, 0x000000008a500000| Untracked 
| 166|0x000000008a600000, 0x000000008a600000, 0x000000008a700000|  0%| F|  |TAMS 0x000000008a600000, 0x000000008a600000| Untracked 
| 167|0x000000008a700000, 0x000000008a700000, 0x000000008a800000|  0%| F|  |TAMS 0x000000008a700000, 0x000000008a700000| Untracked 
| 168|0x000000008a800000, 0x000000008a800000, 0x000000008a900000|  0%| F|  |TAMS 0x000000008a800000, 0x000000008a800000| Untracked 
| 169|0x000000008a900000, 0x000000008a900000, 0x000000008aa00000|  0%| F|  |TAMS 0x000000008a900000, 0x000000008a900000| Untracked 
| 170|0x000000008aa00000, 0x000000008aa00000, 0x000000008ab00000|  0%| F|  |TAMS 0x000000008aa00000, 0x000000008aa00000| Untracked 
| 171|0x000000008ab00000, 0x000000008ab00000, 0x000000008ac00000|  0%| F|  |TAMS 0x000000008ab00000, 0x000000008ab00000| Untracked 
| 172|0x000000008ac00000, 0x000000008ac00000, 0x000000008ad00000|  0%| F|  |TAMS 0x000000008ac00000, 0x000000008ac00000| Untracked 
| 173|0x000000008ad00000, 0x000000008ad00000, 0x000000008ae00000|  0%| F|  |TAMS 0x000000008ad00000, 0x000000008ad00000| Untracked 
| 174|0x000000008ae00000, 0x000000008ae00000, 0x000000008af00000|  0%| F|  |TAMS 0x000000008ae00000, 0x000000008ae00000| Untracked 
| 175|0x000000008af00000, 0x000000008af00000, 0x000000008b000000|  0%| F|  |TAMS 0x000000008af00000, 0x000000008af00000| Untracked 
| 176|0x000000008b000000, 0x000000008b000000, 0x000000008b100000|  0%| F|  |TAMS 0x000000008b000000, 0x000000008b000000| Untracked 
| 177|0x000000008b100000, 0x000000008b100000, 0x000000008b200000|  0%| F|  |TAMS 0x000000008b100000, 0x000000008b100000| Untracked 
| 178|0x000000008b200000, 0x000000008b200000, 0x000000008b300000|  0%| F|  |TAMS 0x000000008b200000, 0x000000008b200000| Untracked 
| 179|0x000000008b300000, 0x000000008b300000, 0x000000008b400000|  0%| F|  |TAMS 0x000000008b300000, 0x000000008b300000| Untracked 
| 180|0x000000008b400000, 0x000000008b400000, 0x000000008b500000|  0%| F|  |TAMS 0x000000008b400000, 0x000000008b400000| Untracked 
| 181|0x000000008b500000, 0x000000008b500000, 0x000000008b600000|  0%| F|  |TAMS 0x000000008b500000, 0x000000008b500000| Untracked 
| 182|0x000000008b600000, 0x000000008b600000, 0x000000008b700000|  0%| F|  |TAMS 0x000000008b600000, 0x000000008b600000| Untracked 
| 183|0x000000008b700000, 0x000000008b700000, 0x000000008b800000|  0%| F|  |TAMS 0x000000008b700000, 0x000000008b700000| Untracked 
| 184|0x000000008b800000, 0x000000008b800000, 0x000000008b900000|  0%| F|  |TAMS 0x000000008b800000, 0x000000008b800000| Untracked 
| 185|0x000000008b900000, 0x000000008b900000, 0x000000008ba00000|  0%| F|  |TAMS 0x000000008b900000, 0x000000008b900000| Untracked 
| 186|0x000000008ba00000, 0x000000008ba00000, 0x000000008bb00000|  0%| F|  |TAMS 0x000000008ba00000, 0x000000008ba00000| Untracked 
| 187|0x000000008bb00000, 0x000000008bb00000, 0x000000008bc00000|  0%| F|  |TAMS 0x000000008bb00000, 0x000000008bb00000| Untracked 
| 188|0x000000008bc00000, 0x000000008bc00000, 0x000000008bd00000|  0%| F|  |TAMS 0x000000008bc00000, 0x000000008bc00000| Untracked 
| 189|0x000000008bd00000, 0x000000008bd2d000, 0x000000008be00000| 17%| S|CS|TAMS 0x000000008bd00000, 0x000000008bd00000| Complete 
| 190|0x000000008be00000, 0x000000008bf00000, 0x000000008bf00000|100%| S|CS|TAMS 0x000000008be00000, 0x000000008be00000| Complete 
| 191|0x000000008bf00000, 0x000000008bf00000, 0x000000008c000000|  0%| F|  |TAMS 0x000000008bf00000, 0x000000008bf00000| Untracked 
| 192|0x000000008c000000, 0x000000008c000000, 0x000000008c100000|  0%| F|  |TAMS 0x000000008c000000, 0x000000008c000000| Untracked 
| 193|0x000000008c100000, 0x000000008c100000, 0x000000008c200000|  0%| F|  |TAMS 0x000000008c100000, 0x000000008c100000| Untracked 
| 194|0x000000008c200000, 0x000000008c200000, 0x000000008c300000|  0%| F|  |TAMS 0x000000008c200000, 0x000000008c200000| Untracked 
| 195|0x000000008c300000, 0x000000008c300000, 0x000000008c400000|  0%| F|  |TAMS 0x000000008c300000, 0x000000008c300000| Untracked 
| 196|0x000000008c400000, 0x000000008c400000, 0x000000008c500000|  0%| F|  |TAMS 0x000000008c400000, 0x000000008c400000| Untracked 
| 197|0x000000008c500000, 0x000000008c500000, 0x000000008c600000|  0%| F|  |TAMS 0x000000008c500000, 0x000000008c500000| Untracked 
| 198|0x000000008c600000, 0x000000008c600000, 0x000000008c700000|  0%| F|  |TAMS 0x000000008c600000, 0x000000008c600000| Untracked 
| 199|0x000000008c700000, 0x000000008c700000, 0x000000008c800000|  0%| F|  |TAMS 0x000000008c700000, 0x000000008c700000| Untracked 
| 200|0x000000008c800000, 0x000000008c800000, 0x000000008c900000|  0%| F|  |TAMS 0x000000008c800000, 0x000000008c800000| Untracked 
| 201|0x000000008c900000, 0x000000008c900000, 0x000000008ca00000|  0%| F|  |TAMS 0x000000008c900000, 0x000000008c900000| Untracked 
| 202|0x000000008ca00000, 0x000000008ca00000, 0x000000008cb00000|  0%| F|  |TAMS 0x000000008ca00000, 0x000000008ca00000| Untracked 
| 203|0x000000008cb00000, 0x000000008cb00000, 0x000000008cc00000|  0%| F|  |TAMS 0x000000008cb00000, 0x000000008cb00000| Untracked 
| 204|0x000000008cc00000, 0x000000008cc00000, 0x000000008cd00000|  0%| F|  |TAMS 0x000000008cc00000, 0x000000008cc00000| Untracked 
| 205|0x000000008cd00000, 0x000000008cd00000, 0x000000008ce00000|  0%| F|  |TAMS 0x000000008cd00000, 0x000000008cd00000| Untracked 
| 206|0x000000008ce00000, 0x000000008ce00000, 0x000000008cf00000|  0%| F|  |TAMS 0x000000008ce00000, 0x000000008ce00000| Untracked 
| 207|0x000000008cf00000, 0x000000008cf00000, 0x000000008d000000|  0%| F|  |TAMS 0x000000008cf00000, 0x000000008cf00000| Untracked 
| 208|0x000000008d000000, 0x000000008d000000, 0x000000008d100000|  0%| F|  |TAMS 0x000000008d000000, 0x000000008d000000| Untracked 
| 209|0x000000008d100000, 0x000000008d100000, 0x000000008d200000|  0%| F|  |TAMS 0x000000008d100000, 0x000000008d100000| Untracked 
| 210|0x000000008d200000, 0x000000008d200000, 0x000000008d300000|  0%| F|  |TAMS 0x000000008d200000, 0x000000008d200000| Untracked 
| 211|0x000000008d300000, 0x000000008d300000, 0x000000008d400000|  0%| F|  |TAMS 0x000000008d300000, 0x000000008d300000| Untracked 
| 212|0x000000008d400000, 0x000000008d400000, 0x000000008d500000|  0%| F|  |TAMS 0x000000008d400000, 0x000000008d400000| Untracked 
| 213|0x000000008d500000, 0x000000008d500000, 0x000000008d600000|  0%| F|  |TAMS 0x000000008d500000, 0x000000008d500000| Untracked 
| 214|0x000000008d600000, 0x000000008d600000, 0x000000008d700000|  0%| F|  |TAMS 0x000000008d600000, 0x000000008d600000| Untracked 
| 215|0x000000008d700000, 0x000000008d700000, 0x000000008d800000|  0%| F|  |TAMS 0x000000008d700000, 0x000000008d700000| Untracked 
| 216|0x000000008d800000, 0x000000008d800000, 0x000000008d900000|  0%| F|  |TAMS 0x000000008d800000, 0x000000008d800000| Untracked 
| 217|0x000000008d900000, 0x000000008d900000, 0x000000008da00000|  0%| F|  |TAMS 0x000000008d900000, 0x000000008d900000| Untracked 
| 218|0x000000008da00000, 0x000000008da00000, 0x000000008db00000|  0%| F|  |TAMS 0x000000008da00000, 0x000000008da00000| Untracked 
| 219|0x000000008db00000, 0x000000008db67bd8, 0x000000008dc00000| 40%| E|  |TAMS 0x000000008db00000, 0x000000008db00000| Complete 
| 220|0x000000008dc00000, 0x000000008dd00000, 0x000000008dd00000|100%| E|CS|TAMS 0x000000008dc00000, 0x000000008dc00000| Complete 
| 221|0x000000008dd00000, 0x000000008de00000, 0x000000008de00000|100%| E|CS|TAMS 0x000000008dd00000, 0x000000008dd00000| Complete 
| 222|0x000000008de00000, 0x000000008df00000, 0x000000008df00000|100%| E|CS|TAMS 0x000000008de00000, 0x000000008de00000| Complete 
| 223|0x000000008df00000, 0x000000008e000000, 0x000000008e000000|100%| E|CS|TAMS 0x000000008df00000, 0x000000008df00000| Complete 
| 224|0x000000008e000000, 0x000000008e0ffff8, 0x000000008e100000| 99%| E|  |TAMS 0x000000008e000000, 0x000000008e000000| Complete 
| 225|0x000000008e100000, 0x000000008e200000, 0x000000008e200000|100%| E|CS|TAMS 0x000000008e100000, 0x000000008e100000| Complete 
| 226|0x000000008e200000, 0x000000008e300000, 0x000000008e300000|100%| E|CS|TAMS 0x000000008e200000, 0x000000008e200000| Complete 
| 227|0x000000008e300000, 0x000000008e400000, 0x000000008e400000|100%| E|CS|TAMS 0x000000008e300000, 0x000000008e300000| Complete 
| 228|0x000000008e400000, 0x000000008e500000, 0x000000008e500000|100%| E|CS|TAMS 0x000000008e400000, 0x000000008e400000| Complete 
| 229|0x000000008e500000, 0x000000008e600000, 0x000000008e600000|100%| E|CS|TAMS 0x000000008e500000, 0x000000008e500000| Complete 
| 230|0x000000008e600000, 0x000000008e700000, 0x000000008e700000|100%| E|CS|TAMS 0x000000008e600000, 0x000000008e600000| Complete 
| 231|0x000000008e700000, 0x000000008e800000, 0x000000008e800000|100%| E|CS|TAMS 0x000000008e700000, 0x000000008e700000| Complete 
| 232|0x000000008e800000, 0x000000008e900000, 0x000000008e900000|100%| E|CS|TAMS 0x000000008e800000, 0x000000008e800000| Complete 

Card table byte_map: [0x00000242766b0000,0x0000024276ab0000] _byte_map_base: 0x00000242762b0000

Marking Bits (Prev, Next): (CMBitMap*) 0x000002426e6a31f0, (CMBitMap*) 0x000002426e6a31b0
 Prev Bits: [0x0000024278eb0000, 0x000002427aeb0000)
 Next Bits: [0x0000024276eb0000, 0x0000024278eb0000)

Polling page: 0x000002426de10000

Metaspace:

Usage:
  Non-class:     72.23 MB used.
      Class:     11.18 MB used.
       Both:     83.41 MB used.

Virtual space:
  Non-class space:      128.00 MB reserved,      73.19 MB ( 57%) committed,  2 nodes.
      Class space:        1.00 GB reserved,      12.19 MB (  1%) committed,  1 nodes.
             Both:        1.12 GB reserved,      85.38 MB (  7%) committed. 

Chunk freelists:
   Non-Class:  2.39 MB
       Class:  3.85 MB
        Both:  6.24 MB

MaxMetaspaceSize: unlimited
CompressedClassSpaceSize: 1.00 GB
Initial GC threshold: 21.00 MB
Current GC threshold: 141.38 MB
CDS: on
MetaspaceReclaimPolicy: balanced
 - commit_granule_bytes: 65536.
 - commit_granule_words: 8192.
 - virtual_space_node_default_size: 8388608.
 - enlarge_chunks_in_place: 1.
 - new_chunks_are_fully_committed: 0.
 - uncommit_free_chunks: 1.
 - use_allocation_guard: 0.


Internal statistics:

num_allocs_failed_limit: 8.
num_arena_births: 3326.
num_arena_deaths: 0.
num_vsnodes_births: 3.
num_vsnodes_deaths: 0.
num_space_committed: 1366.
num_space_uncommitted: 0.
num_chunks_returned_to_freelist: 8.
num_chunks_taken_from_freelist: 7150.
num_chunk_merges: 8.
num_chunk_splits: 4700.
num_chunks_enlarged: 2973.
num_inconsistent_stats: 0.

CodeHeap 'non-profiled nmethods': size=120000Kb used=5088Kb max_used=5088Kb free=114911Kb
 bounds [0x0000024207ad0000, 0x0000024207fd0000, 0x000002420f000000]
CodeHeap 'profiled nmethods': size=120000Kb used=16813Kb max_used=16813Kb free=103186Kb
 bounds [0x00000242005a0000, 0x0000024201610000, 0x0000024207ad0000]
CodeHeap 'non-nmethods': size=5760Kb used=2426Kb max_used=2468Kb free=3334Kb
 bounds [0x0000024200000000, 0x0000024200270000, 0x00000242005a0000]
 total_blobs=9792 nmethods=8859 adapters=845
 compilation: enabled
              stopped_count=0, restarted_count=0
 full_count=0

Compilation events (20 events):
Event: 10.646 Thread 0x000002427d8c2f50 10379       3       sun.nio.cs.UTF_8::newDecoder (9 bytes)
Event: 10.646 Thread 0x000002427d8c2f50 nmethod 10379 0x0000024201606490 code [0x0000024201606660, 0x0000024201606888]
Event: 10.646 Thread 0x000002427d8c2f50 10380       3       sun.nio.cs.UTF_8$Decoder::<init> (8 bytes)
Event: 10.647 Thread 0x000002427d8c2f50 nmethod 10380 0x0000024201606990 code [0x0000024201606b60, 0x0000024201606ca8]
Event: 10.647 Thread 0x000002427e2f3830 nmethod 10373 0x0000024207fc6810 code [0x0000024207fc69e0, 0x0000024207fc6ea8]
Event: 10.647 Thread 0x000002427d8c2f50 10371       3       com.google.common.collect.ImmutableList::equals (6 bytes)
Event: 10.647 Thread 0x000002427e2f3830 10340       4       org.gradle.internal.hash.Hashing$MessageDigestHasher::update (28 bytes)
Event: 10.647 Thread 0x000002427d8c2f50 nmethod 10371 0x0000024201606d90 code [0x0000024201606f20, 0x0000024201607048]
Event: 10.647 Thread 0x000002427d8c2f50 10369       1       org.gradle.internal.MutableReference::get (5 bytes)
Event: 10.647 Thread 0x000002427d8c2f50 nmethod 10369 0x0000024207fc7390 code [0x0000024207fc7520, 0x0000024207fc75f8]
Event: 10.647 Thread 0x000002427d8c2f50 10376       1       org.gradle.internal.snapshot.MerkleDirectorySnapshotBuilder::getResult (5 bytes)
Event: 10.647 Thread 0x000002427d8c2f50 nmethod 10376 0x0000024207fc7690 code [0x0000024207fc7820, 0x0000024207fc78f8]
Event: 10.647 Thread 0x000002427d8c2f50 10381   !   3       java.nio.file.Files::walkFileTree (297 bytes)
Event: 10.649 Thread 0x000002427e2f3830 nmethod 10340 0x0000024207fc7990 code [0x0000024207fc7b20, 0x0000024207fc7cf8]
Event: 10.649 Thread 0x000002427e2f3830 10307       4       org.gradle.cache.internal.btree.BTreePersistentIndexedCache$IndexBlock::find (140 bytes)
Event: 10.649 Thread 0x000002427d8c2f50 nmethod 10381 0x0000024201607110 code [0x0000024201607500, 0x0000024201609148]
Event: 10.652 Thread 0x000002427d8c2f50 10382       3       org.gradle.internal.fingerprint.impl.DefaultFileCollectionSnapshotter$SnapshottingVisitor$$Lambda$473/0x000000080117fb88::<init> (10 bytes)
Event: 10.652 Thread 0x000002427d8c2f50 nmethod 10382 0x0000024201609f10 code [0x000002420160a0a0, 0x000002420160a258]
Event: 10.653 Thread 0x000002427d8c2f50 10384       1       java.nio.ByteBuffer::base (5 bytes)
Event: 10.653 Thread 0x000002427d8c2f50 nmethod 10384 0x0000024207fc7f10 code [0x0000024207fc80a0, 0x0000024207fc8178]

GC Heap History (20 events):
Event: 7.307 GC heap before
{Heap before GC invocations=22 (full 0):
 garbage-first heap   total 150528K, used 114939K [0x0000000080000000, 0x0000000100000000)
  region size 1024K, 35 young (35840K), 2 survivors (2048K)
 Metaspace       used 59961K, committed 61632K, reserved 1114112K
  class space    used 8081K, committed 8960K, reserved 1048576K
}
Event: 7.311 GC heap after
{Heap after GC invocations=23 (full 0):
 garbage-first heap   total 150528K, used 82235K [0x0000000080000000, 0x0000000100000000)
  region size 1024K, 4 young (4096K), 4 survivors (4096K)
 Metaspace       used 59961K, committed 61632K, reserved 1114112K
  class space    used 8081K, committed 8960K, reserved 1048576K
}
Event: 7.643 GC heap before
{Heap before GC invocations=23 (full 0):
 garbage-first heap   total 150528K, used 116027K [0x0000000080000000, 0x0000000100000000)
  region size 1024K, 37 young (37888K), 4 survivors (4096K)
 Metaspace       used 63119K, committed 64896K, reserved 1114112K
  class space    used 8572K, committed 9472K, reserved 1048576K
}
Event: 7.651 GC heap after
{Heap after GC invocations=24 (full 0):
 garbage-first heap   total 150528K, used 84505K [0x0000000080000000, 0x0000000100000000)
  region size 1024K, 3 young (3072K), 3 survivors (3072K)
 Metaspace       used 63119K, committed 64896K, reserved 1114112K
  class space    used 8572K, committed 9472K, reserved 1048576K
}
Event: 7.996 GC heap before
{Heap before GC invocations=25 (full 0):
 garbage-first heap   total 150528K, used 118297K [0x0000000080000000, 0x0000000100000000)
  region size 1024K, 36 young (36864K), 3 survivors (3072K)
 Metaspace       used 65831K, committed 67584K, reserved 1114112K
  class space    used 9035K, committed 9920K, reserved 1048576K
}
Event: 8.002 GC heap after
{Heap after GC invocations=26 (full 0):
 garbage-first heap   total 150528K, used 87337K [0x0000000080000000, 0x0000000100000000)
  region size 1024K, 5 young (5120K), 5 survivors (5120K)
 Metaspace       used 65831K, committed 67584K, reserved 1114112K
  class space    used 9035K, committed 9920K, reserved 1048576K
}
Event: 8.293 GC heap before
{Heap before GC invocations=26 (full 0):
 garbage-first heap   total 150528K, used 113961K [0x0000000080000000, 0x0000000100000000)
  region size 1024K, 33 young (33792K), 5 survivors (5120K)
 Metaspace       used 68526K, committed 70272K, reserved 1114112K
  class space    used 9307K, committed 10240K, reserved 1048576K
}
Event: 8.302 GC heap after
{Heap after GC invocations=27 (full 0):
 garbage-first heap   total 150528K, used 91670K [0x0000000080000000, 0x0000000100000000)
  region size 1024K, 5 young (5120K), 5 survivors (5120K)
 Metaspace       used 68526K, committed 70272K, reserved 1114112K
  class space    used 9307K, committed 10240K, reserved 1048576K
}
Event: 8.766 GC heap before
{Heap before GC invocations=28 (full 0):
 garbage-first heap   total 179200K, used 129558K [0x0000000080000000, 0x0000000100000000)
  region size 1024K, 32 young (32768K), 5 survivors (5120K)
 Metaspace       used 70401K, committed 72192K, reserved 1114112K
  class space    used 9598K, committed 10496K, reserved 1048576K
}
Event: 8.774 GC heap after
{Heap after GC invocations=29 (full 0):
 garbage-first heap   total 179200K, used 106664K [0x0000000080000000, 0x0000000100000000)
  region size 1024K, 4 young (4096K), 4 survivors (4096K)
 Metaspace       used 70401K, committed 72192K, reserved 1114112K
  class space    used 9598K, committed 10496K, reserved 1048576K
}
Event: 9.134 GC heap before
{Heap before GC invocations=29 (full 0):
 garbage-first heap   total 179200K, used 136360K [0x0000000080000000, 0x0000000100000000)
  region size 1024K, 35 young (35840K), 4 survivors (4096K)
 Metaspace       used 74565K, committed 76416K, reserved 1179648K
  class space    used 10120K, committed 11072K, reserved 1048576K
}
Event: 9.139 GC heap after
{Heap after GC invocations=30 (full 0):
 garbage-first heap   total 179200K, used 109960K [0x0000000080000000, 0x0000000100000000)
  region size 1024K, 3 young (3072K), 3 survivors (3072K)
 Metaspace       used 74565K, committed 76416K, reserved 1179648K
  class space    used 10120K, committed 11072K, reserved 1048576K
}
Event: 9.677 GC heap before
{Heap before GC invocations=31 (full 0):
 garbage-first heap   total 193536K, used 142728K [0x0000000080000000, 0x0000000100000000)
  region size 1024K, 34 young (34816K), 3 survivors (3072K)
 Metaspace       used 80398K, committed 82304K, reserved 1179648K
  class space    used 10828K, committed 11776K, reserved 1048576K
}
Event: 9.682 GC heap after
{Heap after GC invocations=32 (full 0):
 garbage-first heap   total 193536K, used 111404K [0x0000000080000000, 0x0000000100000000)
  region size 1024K, 4 young (4096K), 4 survivors (4096K)
 Metaspace       used 80398K, committed 82304K, reserved 1179648K
  class space    used 10828K, committed 11776K, reserved 1048576K
}
Event: 10.170 GC heap before
{Heap before GC invocations=32 (full 0):
 garbage-first heap   total 193536K, used 151340K [0x0000000080000000, 0x0000000100000000)
  region size 1024K, 43 young (44032K), 4 survivors (4096K)
 Metaspace       used 84663K, committed 86656K, reserved 1179648K
  class space    used 11401K, committed 12416K, reserved 1048576K
}
Event: 10.176 GC heap after
{Heap after GC invocations=33 (full 0):
 garbage-first heap   total 193536K, used 114237K [0x0000000080000000, 0x0000000100000000)
  region size 1024K, 5 young (5120K), 5 survivors (5120K)
 Metaspace       used 84663K, committed 86656K, reserved 1179648K
  class space    used 11401K, committed 12416K, reserved 1048576K
}
Event: 10.571 GC heap before
{Heap before GC invocations=34 (full 0):
 garbage-first heap   total 198656K, used 153149K [0x0000000080000000, 0x0000000100000000)
  region size 1024K, 44 young (45056K), 5 survivors (5120K)
 Metaspace       used 85336K, committed 87296K, reserved 1179648K
  class space    used 11449K, committed 12480K, reserved 1048576K
}
Event: 10.576 GC heap after
{Heap after GC invocations=35 (full 0):
 garbage-first heap   total 198656K, used 117772K [0x0000000080000000, 0x0000000100000000)
  region size 1024K, 6 young (6144K), 6 survivors (6144K)
 Metaspace       used 85336K, committed 87296K, reserved 1179648K
  class space    used 11449K, committed 12480K, reserved 1048576K
}
Event: 10.585 GC heap before
{Heap before GC invocations=35 (full 0):
 garbage-first heap   total 198656K, used 120844K [0x0000000080000000, 0x0000000100000000)
  region size 1024K, 9 young (9216K), 6 survivors (6144K)
 Metaspace       used 85340K, committed 87296K, reserved 1179648K
  class space    used 11449K, committed 12480K, reserved 1048576K
}
Event: 10.590 GC heap after
{Heap after GC invocations=36 (full 0):
 garbage-first heap   total 238592K, used 118943K [0x0000000080000000, 0x0000000100000000)
  region size 1024K, 2 young (2048K), 2 survivors (2048K)
 Metaspace       used 85340K, committed 87296K, reserved 1179648K
  class space    used 11449K, committed 12480K, reserved 1048576K
}

Deoptimization events (20 events):
Event: 10.515 Thread 0x0000024213c489f0 DEOPT PACKING pc=0x0000024200deb0a7 sp=0x000000fe092fb990
Event: 10.515 Thread 0x0000024213c489f0 DEOPT UNPACKING pc=0x0000024200056763 sp=0x000000fe092fae58 mode 0
Event: 10.551 Thread 0x000002427e8247b0 DEOPT PACKING pc=0x0000024201550206 sp=0x000000fe0a7fce70
Event: 10.551 Thread 0x000002427e8247b0 DEOPT UNPACKING pc=0x0000024200056763 sp=0x000000fe0a7fc3d0 mode 0
Event: 10.579 Thread 0x0000024215338fd0 Uncommon trap: trap_request=0xffffff45 fr.pc=0x0000024207c942a8 relative=0x0000000000000688
Event: 10.579 Thread 0x0000024215338fd0 Uncommon trap: reason=unstable_if action=reinterpret pc=0x0000024207c942a8 method=org.gradle.internal.snapshot.PathUtil.equalChars(CCLorg/gradle/internal/snapshot/CaseSensitivity;)Z @ 11 c2
Event: 10.579 Thread 0x0000024215338fd0 DEOPT PACKING pc=0x0000024207c942a8 sp=0x000000fe0c2fc000
Event: 10.580 Thread 0x0000024215338fd0 DEOPT UNPACKING pc=0x0000024200055c23 sp=0x000000fe0c2fbf20 mode 2
Event: 10.581 Thread 0x0000024213c49d30 DEOPT PACKING pc=0x0000024200deb0a7 sp=0x000000fe091fb600
Event: 10.581 Thread 0x0000024213c49d30 DEOPT UNPACKING pc=0x0000024200056763 sp=0x000000fe091faac8 mode 0
Event: 10.584 Thread 0x0000024215337c90 DEOPT PACKING pc=0x0000024201550206 sp=0x000000fe0cffd1f0
Event: 10.584 Thread 0x0000024215337c90 DEOPT UNPACKING pc=0x0000024200056763 sp=0x000000fe0cffc750 mode 0
Event: 10.615 Thread 0x0000024213c4ba10 Uncommon trap: trap_request=0xffffff45 fr.pc=0x0000024207e9d5e4 relative=0x0000000000000164
Event: 10.615 Thread 0x0000024213c4ba10 Uncommon trap: reason=unstable_if action=reinterpret pc=0x0000024207e9d5e4 method=java.util.concurrent.locks.ReentrantLock$Sync.tryLock()Z @ 34 c2
Event: 10.615 Thread 0x0000024213c4ba10 DEOPT PACKING pc=0x0000024207e9d5e4 sp=0x000000fe0a0fe290
Event: 10.615 Thread 0x0000024213c4ba10 DEOPT UNPACKING pc=0x0000024200055c23 sp=0x000000fe0a0fe240 mode 2
Event: 10.620 Thread 0x0000024213c44b60 DEOPT PACKING pc=0x0000024201550206 sp=0x000000fe09afbbf0
Event: 10.620 Thread 0x0000024213c44b60 DEOPT UNPACKING pc=0x0000024200056763 sp=0x000000fe09afb150 mode 0
Event: 10.653 Thread 0x000002427e827ca0 DEOPT PACKING pc=0x0000024201550206 sp=0x000000fe0adfd280
Event: 10.653 Thread 0x000002427e827ca0 DEOPT UNPACKING pc=0x0000024200056763 sp=0x000000fe0adfc7e0 mode 0

Classes loaded (20 events):
Event: 10.032 Loading class javax/xml/stream/events/StartElement done
Event: 10.032 Loading class com/sun/xml/internal/stream/events/StartElementEvent done
Event: 10.032 Loading class com/sun/xml/internal/stream/events/AttributeImpl
Event: 10.032 Loading class javax/xml/stream/events/Attribute
Event: 10.032 Loading class javax/xml/stream/events/Attribute done
Event: 10.032 Loading class com/sun/xml/internal/stream/events/AttributeImpl done
Event: 10.032 Loading class com/sun/xml/internal/stream/events/NamespaceImpl
Event: 10.032 Loading class javax/xml/stream/events/Namespace
Event: 10.032 Loading class javax/xml/stream/events/Namespace done
Event: 10.032 Loading class com/sun/xml/internal/stream/events/NamespaceImpl done
Event: 10.032 Loading class com/sun/org/apache/xerces/internal/util/NamespaceSupport$Prefixes
Event: 10.032 Loading class com/sun/org/apache/xerces/internal/util/NamespaceSupport$Prefixes done
Event: 10.032 Loading class com/sun/xml/internal/stream/events/CharacterEvent
Event: 10.033 Loading class javax/xml/stream/events/Characters
Event: 10.033 Loading class javax/xml/stream/events/Characters done
Event: 10.033 Loading class com/sun/xml/internal/stream/events/CharacterEvent done
Event: 10.033 Loading class com/sun/xml/internal/stream/events/EndElementEvent
Event: 10.033 Loading class javax/xml/stream/events/EndElement
Event: 10.033 Loading class javax/xml/stream/events/EndElement done
Event: 10.033 Loading class com/sun/xml/internal/stream/events/EndElementEvent done

Classes unloaded (0 events):
No events

Classes redefined (0 events):
No events

Internal exceptions (20 events):
Event: 9.740 Thread 0x000002427f4e3d60 Exception <a 'java/lang/ClassNotFoundException'{0x000000008b8d9620}: org/gradle/api/internal/file/DefaultFilePropertyFactory$AbstractFileVarBeanInfo> (0x000000008b8d9620) 
thrown [s\open\src\hotspot\share\classfile\systemDictionary.cpp, line 255]
Event: 9.740 Thread 0x000002427f4e3d60 Exception <a 'java/lang/ClassNotFoundException'{0x000000008b8e38a8}: org/gradle/api/internal/file/DefaultFilePropertyFactory$AbstractFileVarCustomizer> (0x000000008b8e38a8) 
thrown [s\open\src\hotspot\share\classfile\systemDictionary.cpp, line 255]
Event: 9.741 Thread 0x000002427f4e3d60 Exception <a 'java/lang/ClassNotFoundException'{0x000000008b7155b0}: org/gradle/api/internal/file/DefaultFilePropertyFactory$DefaultDirectoryVarCustomizer> (0x000000008b7155b0) 
thrown [s\open\src\hotspot\share\classfile\systemDictionary.cpp, line 255]
Event: 9.745 Thread 0x000002427f4e3d60 Exception <a 'java/lang/ClassNotFoundException'{0x000000008b7799b8}: com/android/build/gradle/internal/api/ReadOnlyBuildTypeBeanInfo> (0x000000008b7799b8) 
thrown [s\open\src\hotspot\share\classfile\systemDictionary.cpp, line 255]
Event: 9.746 Thread 0x000002427f4e3d60 Exception <a 'java/lang/ClassNotFoundException'{0x000000008b7853f8}: com/android/build/gradle/internal/api/ReadOnlyBaseConfigBeanInfo> (0x000000008b7853f8) 
thrown [s\open\src\hotspot\share\classfile\systemDictionary.cpp, line 255]
Event: 9.746 Thread 0x000002427f4e3d60 Exception <a 'java/lang/ClassNotFoundException'{0x000000008b790b40}: com/android/build/gradle/internal/api/ReadOnlyBaseConfigCustomizer> (0x000000008b790b40) 
thrown [s\open\src\hotspot\share\classfile\systemDictionary.cpp, line 255]
Event: 9.746 Thread 0x000002427f4e3d60 Exception <a 'java/lang/ClassNotFoundException'{0x000000008b7ace28}: com/android/build/gradle/internal/api/ReadOnlyBuildTypeCustomizer> (0x000000008b7ace28) 
thrown [s\open\src\hotspot\share\classfile\systemDictionary.cpp, line 255]
Event: 9.751 Thread 0x000002427f4e3d60 Exception <a 'java/lang/ClassNotFoundException'{0x000000008b6f2268}: com/android/build/gradle/internal/api/ImmutableFlavorListBeanInfo> (0x000000008b6f2268) 
thrown [s\open\src\hotspot\share\classfile\systemDictionary.cpp, line 255]
Event: 9.751 Thread 0x000002427f4e3d60 Exception <a 'java/lang/ClassNotFoundException'{0x000000008b6fd9c8}: com/android/build/gradle/internal/api/ImmutableFlavorListCustomizer> (0x000000008b6fd9c8) 
thrown [s\open\src\hotspot\share\classfile\systemDictionary.cpp, line 255]
Event: 9.759 Thread 0x000002427f4e3d60 Exception <a 'java/lang/NoSuchMethodError'{0x000000008b56fd08}: 'int java.lang.invoke.DirectMethodHandle$Holder.invokeSpecialIFC(java.lang.Object, java.lang.Object, java.lang.Object)'> (0x000000008b56fd08) 
thrown [s\open\src\hotspot\share\interpreter\linkResolver.cpp, line 766]
Event: 9.832 Thread 0x000002427f4e3d60 Exception <a 'java/lang/NoSuchMethodError'{0x000000008ae5b060}: 'java.lang.Object java.lang.invoke.DirectMethodHandle$Holder.newInvokeSpecial(java.lang.Object, java.lang.Object, java.lang.Object, java.lang.Object, java.lang.Object, java.lang.Object, java.lang.Object, java.lang.Object, java.lang.Object, java.lang.Object, java.lang.Object, java.lang.Object, java.lang.Object, java.lang.Object)'> (0x000000008ae5b060) 
thrown [s\open\src\hotspot\share\interpreter\linkResolver.cpp, line 766]
Event: 9.952 Thread 0x000002427f4e3d60 Exception <a 'java/lang/NoSuchMethodError'{0x000000008a5dd250}: 'void java.lang.invoke.DirectMethodHandle$Holder.invokeStatic(java.lang.Object, java.lang.Object, java.lang.Object, java.lang.Object, int, java.lang.Object, java.lang.Object)'> (0x000000008a5dd250) 
thrown [s\open\src\hotspot\share\interpreter\linkResolver.cpp, line 766]
Event: 9.967 Thread 0x000002427f4e3d60 Exception <a 'java/lang/IncompatibleClassChangeError'{0x000000008a4aee78}: Found class java.lang.Object, but interface was expected> (0x000000008a4aee78) 
thrown [s\open\src\hotspot\share\interpreter\linkResolver.cpp, line 833]
Event: 9.995 Thread 0x00000242151a98e0 Exception <a 'java/lang/IncompatibleClassChangeError'{0x000000008a255240}: Found class java.lang.Object, but interface was expected> (0x000000008a255240) 
thrown [s\open\src\hotspot\share\interpreter\linkResolver.cpp, line 833]
Event: 10.009 Thread 0x00000242151a98e0 Exception <a 'java/lang/NoSuchMethodError'{0x000000008a130a10}: 'int java.lang.invoke.DirectMethodHandle$Holder.invokeStaticInit(java.lang.Object, java.lang.Object, java.lang.Object, java.lang.Object, java.lang.Object)'> (0x000000008a130a10) 
thrown [s\open\src\hotspot\share\interpreter\linkResolver.cpp, line 766]
Event: 10.051 Thread 0x000002427f4e3d60 Implicit null exception at 0x0000024207b696db to 0x0000024207b69770
Event: 10.425 Thread 0x0000024213c49d30 Exception <a 'java/lang/NoSuchMethodError'{0x000000008b6cc760}: 'java.lang.Object java.lang.invoke.DirectMethodHandle$Holder.invokeSpecialIFC(java.lang.Object, java.lang.Object, java.lang.Object)'> (0x000000008b6cc760) 
thrown [s\open\src\hotspot\share\interpreter\linkResolver.cpp, line 766]
Event: 10.426 Thread 0x000002427e8242e0 Exception <a 'java/lang/NoSuchMethodError'{0x000000008b646378}: 'java.lang.Object java.lang.invoke.DirectMethodHandle$Holder.invokeSpecialIFC(java.lang.Object, java.lang.Object, java.lang.Object)'> (0x000000008b646378) 
thrown [s\open\src\hotspot\share\interpreter\linkResolver.cpp, line 766]
Event: 10.426 Thread 0x0000024213c48520 Exception <a 'java/lang/NoSuchMethodError'{0x000000008b606828}: 'java.lang.Object java.lang.invoke.DirectMethodHandle$Holder.invokeSpecialIFC(java.lang.Object, java.lang.Object, java.lang.Object)'> (0x000000008b606828) 
thrown [s\open\src\hotspot\share\interpreter\linkResolver.cpp, line 766]
Event: 10.616 Thread 0x0000024213c4ba10 Exception <a 'java/lang/NoSuchMethodError'{0x000000008e852cc8}: 'void java.lang.invoke.DirectMethodHandle$Holder.invokeVirtual(java.lang.Object, java.lang.Object)'> (0x000000008e852cc8) 
thrown [s\open\src\hotspot\share\interpreter\linkResolver.cpp, line 766]

VM Operations (20 events):
Event: 9.998 Executing VM operation: HandshakeAllThreads
Event: 9.998 Executing VM operation: HandshakeAllThreads done
Event: 10.029 Executing VM operation: HandshakeAllThreads
Event: 10.029 Executing VM operation: HandshakeAllThreads done
Event: 10.170 Executing VM operation: G1CollectForAllocation
Event: 10.176 Executing VM operation: G1CollectForAllocation done
Event: 10.193 Executing VM operation: HandshakeAllThreads
Event: 10.193 Executing VM operation: HandshakeAllThreads done
Event: 10.237 Executing VM operation: G1Concurrent
Event: 10.241 Executing VM operation: G1Concurrent done
Event: 10.278 Executing VM operation: G1Concurrent
Event: 10.278 Executing VM operation: G1Concurrent done
Event: 10.394 Executing VM operation: ICBufferFull
Event: 10.394 Executing VM operation: ICBufferFull done
Event: 10.569 Executing VM operation: ICBufferFull
Event: 10.570 Executing VM operation: ICBufferFull done
Event: 10.571 Executing VM operation: G1CollectForAllocation
Event: 10.577 Executing VM operation: G1CollectForAllocation done
Event: 10.585 Executing VM operation: G1CollectForAllocation
Event: 10.590 Executing VM operation: G1CollectForAllocation done

Events (20 events):
Event: 9.720 Thread 0x000002427d8e10f0 flushing nmethod 0x0000024201262710
Event: 9.720 Thread 0x000002427d8e10f0 flushing nmethod 0x000002420127d210
Event: 9.720 Thread 0x000002427d8e10f0 flushing nmethod 0x000002420127fd10
Event: 9.720 Thread 0x000002427d8e10f0 flushing nmethod 0x00000242012c4690
Event: 9.720 Thread 0x000002427d8e10f0 flushing nmethod 0x00000242012c8710
Event: 9.720 Thread 0x000002427d8e10f0 flushing nmethod 0x0000024201312910
Event: 9.721 Thread 0x000002427d8e10f0 flushing nmethod 0x0000024201352890
Event: 9.721 Thread 0x000002427d8e10f0 flushing nmethod 0x0000024201353490
Event: 9.721 Thread 0x000002427d8e10f0 flushing nmethod 0x0000024201353e10
Event: 9.721 Thread 0x000002427d8e10f0 flushing nmethod 0x0000024201356590
Event: 9.721 Thread 0x000002427d8e10f0 flushing nmethod 0x000002420135c790
Event: 9.721 Thread 0x000002427d8e10f0 flushing nmethod 0x000002420135cf90
Event: 9.721 Thread 0x000002427d8e10f0 flushing nmethod 0x0000024201368f10
Event: 9.721 Thread 0x000002427d8e10f0 flushing nmethod 0x000002420139b390
Event: 9.721 Thread 0x000002427d8e10f0 flushing nmethod 0x00000242013a3d10
Event: 9.721 Thread 0x000002427d8e10f0 flushing nmethod 0x00000242013ad490
Event: 9.721 Thread 0x000002427d8e10f0 flushing nmethod 0x00000242013b0390
Event: 9.721 Thread 0x000002427d8e10f0 flushing nmethod 0x00000242013e2510
Event: 9.721 Thread 0x000002427d8e10f0 flushing nmethod 0x000002420146a910
Event: 9.721 Thread 0x000002427d8e10f0 flushing nmethod 0x0000024201478610


Dynamic libraries:
0x00007ff746660000 - 0x00007ff746670000 	C:\Program Files\Java\jdk-18.0.1.1\bin\java.exe
0x00007ffb21b70000 - 0x00007ffb21d67000 	C:\Windows\SYSTEM32\ntdll.dll
0x00007ffb21a70000 - 0x00007ffb21b2d000 	C:\Windows\System32\KERNEL32.DLL
0x00007ffb1f730000 - 0x00007ffb1f9fd000 	C:\Windows\System32\KERNELBASE.dll
0x00007ffb1f5b0000 - 0x00007ffb1f6b0000 	C:\Windows\System32\ucrtbase.dll
0x00007ffb09b80000 - 0x00007ffb09b98000 	C:\Program Files\Java\jdk-18.0.1.1\bin\jli.dll
0x00007ffb09b20000 - 0x00007ffb09b3a000 	C:\Program Files\Java\jdk-18.0.1.1\bin\VCRUNTIME140.dll
0x00007ffb212d0000 - 0x00007ffb2137e000 	C:\Windows\System32\ADVAPI32.dll
0x00007ffb20010000 - 0x00007ffb200ae000 	C:\Windows\System32\msvcrt.dll
0x00007ffb20cb0000 - 0x00007ffb20d4c000 	C:\Windows\System32\sechost.dll
0x00007ffb215e0000 - 0x00007ffb21705000 	C:\Windows\System32\RPCRT4.dll
0x00007ffb20ab0000 - 0x00007ffb20c50000 	C:\Windows\System32\USER32.dll
0x00007ffb1fba0000 - 0x00007ffb1fbc2000 	C:\Windows\System32\win32u.dll
0x00007ffb09d30000 - 0x00007ffb09fca000 	C:\Windows\WinSxS\amd64_microsoft.windows.common-controls_6595b64144ccf1df_6.0.19041.1110_none_60b5254171f9507e\COMCTL32.dll
0x00007ffb21710000 - 0x00007ffb2173a000 	C:\Windows\System32\GDI32.dll
0x00007ffb1fa00000 - 0x00007ffb1fb0b000 	C:\Windows\System32\gdi32full.dll
0x00007ffb1f510000 - 0x00007ffb1f5ad000 	C:\Windows\System32\msvcp_win.dll
0x00007ffb12e40000 - 0x00007ffb12e4a000 	C:\Windows\SYSTEM32\VERSION.dll
0x00007ffb20110000 - 0x00007ffb20140000 	C:\Windows\System32\IMM32.DLL
0x00007ffb14450000 - 0x00007ffb1445c000 	C:\Program Files\Java\jdk-18.0.1.1\bin\vcruntime140_1.dll
0x00007ffaff4e0000 - 0x00007ffaff56d000 	C:\Program Files\Java\jdk-18.0.1.1\bin\msvcp140.dll
0x00007ffad8840000 - 0x00007ffad9450000 	C:\Program Files\Java\jdk-18.0.1.1\bin\server\jvm.dll
0x00007ffb208b0000 - 0x00007ffb208b8000 	C:\Windows\System32\PSAPI.DLL
0x00007ffb1a620000 - 0x00007ffb1a629000 	C:\Windows\SYSTEM32\WSOCK32.dll
0x00007ffb219e0000 - 0x00007ffb21a4b000 	C:\Windows\System32\WS2_32.dll
0x00007ffb08180000 - 0x00007ffb081a7000 	C:\Windows\SYSTEM32\WINMM.dll
0x00007ffb1dae0000 - 0x00007ffb1daf2000 	C:\Windows\SYSTEM32\kernel.appcore.dll
0x00007ffb0e820000 - 0x00007ffb0e82a000 	C:\Program Files\Java\jdk-18.0.1.1\bin\jimage.dll
0x00007ffb1cd20000 - 0x00007ffb1cf04000 	C:\Windows\SYSTEM32\DBGHELP.DLL
0x00007ffb020e0000 - 0x00007ffb0210c000 	C:\Windows\SYSTEM32\dbgcore.DLL
0x00007ffb1fb10000 - 0x00007ffb1fb92000 	C:\Windows\System32\bcryptPrimitives.dll
0x00007ffb09930000 - 0x00007ffb09955000 	C:\Program Files\Java\jdk-18.0.1.1\bin\java.dll
0x00007ffaf9cc0000 - 0x00007ffaf9d96000 	C:\Program Files\Java\jdk-18.0.1.1\bin\jsvml.dll
0x00007ffb20150000 - 0x00007ffb20894000 	C:\Windows\System32\SHELL32.dll
0x00007ffb1d330000 - 0x00007ffb1dac4000 	C:\Windows\SYSTEM32\windows.storage.dll
0x00007ffb1fcb0000 - 0x00007ffb20004000 	C:\Windows\System32\combase.dll
0x00007ffb1ecf0000 - 0x00007ffb1ed1c000 	C:\Windows\SYSTEM32\Wldp.dll
0x00007ffb20d50000 - 0x00007ffb20dfd000 	C:\Windows\System32\SHCORE.dll
0x00007ffb21980000 - 0x00007ffb219d5000 	C:\Windows\System32\shlwapi.dll
0x00007ffb1f1d0000 - 0x00007ffb1f1ef000 	C:\Windows\SYSTEM32\profapi.dll
0x00007ffb09b00000 - 0x00007ffb09b13000 	C:\Program Files\Java\jdk-18.0.1.1\bin\net.dll
0x00007ffb1a290000 - 0x00007ffb1a39a000 	C:\Windows\SYSTEM32\WINHTTP.dll
0x00007ffb1ea50000 - 0x00007ffb1eaba000 	C:\Windows\system32\mswsock.dll
0x00007ffb09910000 - 0x00007ffb09926000 	C:\Program Files\Java\jdk-18.0.1.1\bin\nio.dll
0x00007ffb07190000 - 0x00007ffb071a8000 	C:\Program Files\Java\jdk-18.0.1.1\bin\zip.dll
0x00007ffb09b70000 - 0x00007ffb09b80000 	C:\Program Files\Java\jdk-18.0.1.1\bin\verify.dll
0x00007ffb1a5f0000 - 0x00007ffb1a617000 	C:\Program Files\Android\gradle-7.3.3\native\e1d6ef7f7dcc3fd88c89a11ec53ec762bb8ba0a96d01ffa2cd45eb1d1d8dd5c5\windows-amd64\native-platform.dll
0x00007ffaf8690000 - 0x00007ffaf87d4000 	C:\Program Files\Android\gradle-7.3.3\native\5664cfc778a61ccfe75a443a1ab52a65af34e5dc3c78e0209fed803814484fcb\windows-amd64\native-platform-file-events.dll
0x00007ffb09850000 - 0x00007ffb09859000 	C:\Program Files\Java\jdk-18.0.1.1\bin\management.dll
0x00007ffb09690000 - 0x00007ffb0969b000 	C:\Program Files\Java\jdk-18.0.1.1\bin\management_ext.dll
0x00007ffb1ec50000 - 0x00007ffb1ec68000 	C:\Windows\SYSTEM32\CRYPTSP.dll
0x00007ffb1e330000 - 0x00007ffb1e364000 	C:\Windows\system32\rsaenh.dll
0x00007ffb1f6b0000 - 0x00007ffb1f6d7000 	C:\Windows\System32\bcrypt.dll
0x00007ffb1f150000 - 0x00007ffb1f17e000 	C:\Windows\SYSTEM32\USERENV.dll
0x00007ffb1ec40000 - 0x00007ffb1ec4c000 	C:\Windows\SYSTEM32\CRYPTBASE.dll
0x00007ffb1e6f0000 - 0x00007ffb1e72b000 	C:\Windows\SYSTEM32\IPHLPAPI.DLL
0x00007ffb20140000 - 0x00007ffb20148000 	C:\Windows\System32\NSI.dll
0x00007ffb11560000 - 0x00007ffb11577000 	C:\Windows\SYSTEM32\dhcpcsvc6.DLL
0x00007ffb117b0000 - 0x00007ffb117cd000 	C:\Windows\SYSTEM32\dhcpcsvc.DLL
0x00007ffb1e740000 - 0x00007ffb1e80b000 	C:\Windows\SYSTEM32\DNSAPI.dll

dbghelp: loaded successfully - version: 4.0.5 - missing functions: none
symbol engine: initialized successfully - sym options: 0x614 - pdb path: .;C:\Program Files\Java\jdk-18.0.1.1\bin;C:\Windows\SYSTEM32;C:\Windows\WinSxS\amd64_microsoft.windows.common-controls_6595b64144ccf1df_6.0.19041.1110_none_60b5254171f9507e;C:\Program Files\Java\jdk-18.0.1.1\bin\server;C:\Program Files\Android\gradle-7.3.3\native\e1d6ef7f7dcc3fd88c89a11ec53ec762bb8ba0a96d01ffa2cd45eb1d1d8dd5c5\windows-amd64;C:\Program Files\Android\gradle-7.3.3\native\5664cfc778a61ccfe75a443a1ab52a65af34e5dc3c78e0209fed803814484fcb\windows-amd64

VM Arguments:
jvm_args: --add-opens=java.base/java.util=ALL-UNNAMED --add-opens=java.base/java.lang=ALL-UNNAMED --add-opens=java.base/java.lang.invoke=ALL-UNNAMED --add-opens=java.base/java.util=ALL-UNNAMED --add-opens=java.prefs/java.util.prefs=ALL-UNNAMED --add-opens=java.prefs/java.util.prefs=ALL-UNNAMED --add-opens=java.base/java.nio.charset=ALL-UNNAMED --add-opens=java.base/java.net=ALL-UNNAMED --add-opens=java.base/java.util.concurrent.atomic=ALL-UNNAMED -Xmx2048m -Dfile.encoding=UTF-8 -Duser.country=IN -Duser.language=en -Duser.variant 
java_command: org.gradle.launcher.daemon.bootstrap.GradleDaemon 7.3.3
java_class_path (initial): C:\Program Files\Android\gradle-7.3.3\lib\gradle-launcher-7.3.3.jar
Launcher Type: SUN_STANDARD

[Global flags]
     intx CICompilerCount                          = 4                                         {product} {ergonomic}
     uint ConcGCThreads                            = 2                                         {product} {ergonomic}
     uint G1ConcRefinementThreads                  = 8                                         {product} {ergonomic}
   size_t G1HeapRegionSize                         = 1048576                                   {product} {ergonomic}
    uintx GCDrainStackTargetSize                   = 64                                        {product} {ergonomic}
   size_t InitialHeapSize                          = 132120576                                 {product} {ergonomic}
   size_t MarkStackSize                            = 4194304                                   {product} {ergonomic}
   size_t MaxHeapSize                              = 2147483648                                {product} {command line}
   size_t MaxNewSize                               = 1287651328                                {product} {ergonomic}
   size_t MinHeapDeltaBytes                        = 1048576                                   {product} {ergonomic}
   size_t MinHeapSize                              = 8388608                                   {product} {ergonomic}
    uintx NonNMethodCodeHeapSize                   = 5839372                                {pd product} {ergonomic}
    uintx NonProfiledCodeHeapSize                  = 122909434                              {pd product} {ergonomic}
    uintx ProfiledCodeHeapSize                     = 122909434                              {pd product} {ergonomic}
    uintx ReservedCodeCacheSize                    = 251658240                              {pd product} {ergonomic}
     bool SegmentedCodeCache                       = true                                      {product} {ergonomic}
   size_t SoftMaxHeapSize                          = 2147483648                             {manageable} {ergonomic}
     bool UseCompressedClassPointers               = true                           {product lp64_product} {ergonomic}
     bool UseCompressedOops                        = true                           {product lp64_product} {ergonomic}
     bool UseG1GC                                  = true                                      {product} {ergonomic}
     bool UseLargePagesIndividualAllocation        = false                                  {pd product} {ergonomic}

Logging:
Log output configuration:
 #0: stdout all=warning uptime,level,tags foldmultilines=false
 #1: stderr all=off uptime,level,tags foldmultilines=false

Environment Variables:
JAVA_HOME=C:\Program Files\Java\jdk-18.0.1.1
PATH=C:\Program Files\Common Files\Oracle\Java\javapath;C:\Windows\system32;C:\Windows;C:\Windows\System32\Wbem;C:\Windows\System32\WindowsPowerShell\v1.0\;C:\Windows\System32\OpenSSH\;C:\Program Files\Git\cmd;C:\Users\suraj\AppData\Local\Microsoft\WindowsApps
USERNAME=suraj
OS=Windows_NT
PROCESSOR_IDENTIFIER=Intel64 Family 6 Model 140 Stepping 1, GenuineIntel



---------------  S Y S T E M  ---------------

OS:
 Windows 10 , 64 bit Build 19041 (10.0.19041.1741)
OS uptime: 0 days 1:58 hours
Hyper-V role detected

CPU: total 8 (initial active 8) (4 cores per cpu, 2 threads per core) family 6 model 140 stepping 1 microcode 0x86, cx8, cmov, fxsr, ht, mmx, 3dnowpref, sse, sse2, sse3, ssse3, sse4.1, sse4.2, popcnt, lzcnt, tsc, tscinvbit, avx, avx2, aes, erms, clmul, bmi1, bmi2, adx, avx512f, avx512dq, avx512cd, avx512bw, avx512vl, sha, fma, vzeroupper, avx512_vpopcntdq, avx512_vpclmulqdq, avx512_vaes, avx512_vnni, clflush, clflushopt, clwb, avx512_vbmi2, avx512_vbmi, hv

Memory: 4k page, system-wide physical 7987M (427M free)
TotalPageFile size 7987M (AvailPageFile size 5M)
current process WorkingSet (physical memory assigned to process): 461M, peak: 461M
current process commit charge ("private bytes"): 533M, peak: 534M

vm_info: Java HotSpot(TM) 64-Bit Server VM (18.0.1.1+2-6) for windows-amd64 JRE (18.0.1.1+2-6), built on Apr 25 2022 21:53:15 by "mach5one" with MS VC++ 16.8 / 16.9 (VS2019)

END.
