#
# There is insufficient memory for the Java Runtime Environment to continue.
# Native memory allocation (mmap) failed to map 157286400 bytes for G1 virtual space
# Possible reasons:
#   The system is out of physical RAM or swap space
#   The process is running with CompressedOops enabled, and the Java Heap may be blocking the growth of the native heap
# Possible solutions:
#   Reduce memory load on the system
#   Increase physical memory or swap space
#   Check if swap backing store is full
#   Decrease Java heap size (-Xmx/-Xms)
#   Decrease number of Java threads
#   Decrease Java thread stack sizes (-Xss)
#   Set larger code cache with -XX:ReservedCodeCacheSize=
#   JVM is running with Unscaled Compressed Oops mode in which the Java heap is
#     placed in the first 4GB address space. The Java Heap base address is the
#     maximum limit for the native heap growth. Please use -XX:HeapBaseMinAddress
#     to set the Java Heap base and to place the Java Heap above 4GB virtual address.
# This output file may be truncated or incomplete.
#
#  Out of Memory Error (os_windows.cpp:3530), pid=4704, tid=8340
#
# JRE version: Java(TM) SE Runtime Environment (18.0.1.1+2) (build 18.0.1.1+2-6)
# Java VM: Java HotSpot(TM) 64-Bit Server VM (18.0.1.1+2-6, mixed mode, sharing, tiered, compressed oops, compressed class ptrs, g1 gc, windows-amd64)
# No core dump will be written. Minidumps are not enabled by default on client versions of Windows
#

---------------  S U M M A R Y ------------

Command Line: --add-opens=java.base/java.util=ALL-UNNAMED --add-opens=java.base/java.lang=ALL-UNNAMED --add-opens=java.base/java.lang.invoke=ALL-UNNAMED --add-opens=java.base/java.util=ALL-UNNAMED --add-opens=java.prefs/java.util.prefs=ALL-UNNAMED --add-opens=java.prefs/java.util.prefs=ALL-UNNAMED --add-opens=java.base/java.nio.charset=ALL-UNNAMED --add-opens=java.base/java.net=ALL-UNNAMED --add-opens=java.base/java.util.concurrent.atomic=ALL-UNNAMED -Xmx2048m -Dfile.encoding=UTF-8 -Duser.country=IN -Duser.language=en -Duser.variant org.gradle.launcher.daemon.bootstrap.GradleDaemon 7.3.3

Host: 11th Gen Intel(R) Core(TM) i5-1135G7 @ 2.40GHz, 8 cores, 7G,  Windows 10 , 64 bit Build 19041 (10.0.19041.1741)
Time: Wed Jun 29 23:57:50 2022 India Standard Time elapsed time: 10.728884 seconds (0d 0h 0m 10s)

---------------  T H R E A D  ---------------

Current thread (0x000001affeb59b10):  VMThread "VM Thread" [stack: 0x000000080cb00000,0x000000080cc00000] [id=8340]

Stack: [0x000000080cb00000,0x000000080cc00000]
Native frames: (J=compiled Java code, j=interpreted, Vv=VM code, C=native code)
V  [jvm.dll+0x69887a]
V  [jvm.dll+0x7f38bd]
V  [jvm.dll+0x7f51ce]
V  [jvm.dll+0x7f5883]
V  [jvm.dll+0x25ca3f]
V  [jvm.dll+0x6957c9]
V  [jvm.dll+0x68a2fa]
V  [jvm.dll+0x321efb]
V  [jvm.dll+0x3298d6]
V  [jvm.dll+0x37e47e]
V  [jvm.dll+0x37e6af]
V  [jvm.dll+0x2f9c7a]
V  [jvm.dll+0x2f9d27]
V  [jvm.dll+0x33e262]
V  [jvm.dll+0x33c804]
V  [jvm.dll+0x2f9450]
V  [jvm.dll+0x33bddb]
V  [jvm.dll+0x7fa66b]
V  [jvm.dll+0x7fb404]
V  [jvm.dll+0x7fb93c]
V  [jvm.dll+0x7fbd94]
V  [jvm.dll+0x7fbe57]
V  [jvm.dll+0x7a03ea]
V  [jvm.dll+0x697725]
C  [ucrtbase.dll+0x21bb2]
C  [KERNEL32.DLL+0x17034]
C  [ntdll.dll+0x52651]

VM_Operation (0x00000008162fbb20): G1CollectForAllocation, mode: safepoint, requested by thread 0x000001afdb380060


---------------  P R O C E S S  ---------------

Threads class SMR info:
_java_thread_list=0x000001afd7745b80, length=140, elements={
0x000001aff1931200, 0x000001affeb5de80, 0x000001affeb5e730, 0x000001affeb7b560,
0x000001affeb7be10, 0x000001affeb7c6c0, 0x000001affeb81b40, 0x000001affeb878f0,
0x000001affeb88980, 0x000001affeb8ba20, 0x000001affedbacd0, 0x000001affedbf7c0,
0x000001affee1ad40, 0x000001afff6288d0, 0x000001afff628da0, 0x000001afff627f30,
0x000001afff626720, 0x000001afff626bf0, 0x000001afff628400, 0x000001afff6253e0,
0x000001afff6270c0, 0x000001afff6258b0, 0x000001afff627590, 0x000001afff625d80,
0x000001afff626250, 0x000001afd6cc45f0, 0x000001afd6cc1100, 0x000001afd82a4630,
0x000001afd6cc2440, 0x000001afd6cc5930, 0x000001afd6cc5460, 0x000001afd6cc4ac0,
0x000001afd6cc3780, 0x000001afd6cc5e00, 0x000001afd6cbef50, 0x000001afd6cc2910,
0x000001afd6cbf420, 0x000001afd6cc0c30, 0x000001afd6cc0760, 0x000001afd6cc1aa0,
0x000001afd6cc2de0, 0x000001afd6cc3c50, 0x000001afdb0e9d30, 0x000001afdb0e71e0,
0x000001afdb0e24e0, 0x000001afdb0e4b60, 0x000001afdb0e59d0, 0x000001afdb0e41c0,
0x000001afdb0e7b80, 0x000001afdb0e3cf0, 0x000001afdb0e8050, 0x000001afdb0e29b0,
0x000001afdb0e8520, 0x000001afdb0e9860, 0x000001afdb0e2e80, 0x000001afdb0e8ec0,
0x000001afdb0e9390, 0x000001afdb0e6370, 0x000001afdb0e6d10, 0x000001afdb0e5030,
0x000001afdb0e76b0, 0x000001afdb0e89f0, 0x000001afdb0e5ea0, 0x000001afdb0e3350,
0x000001afdb0e3820, 0x000001afdb0e4690, 0x000001afdb0e6840, 0x000001afdb0e5500,
0x000001afdab55c90, 0x000001afdab53fb0, 0x000001afdab57970, 0x000001afdab54950,
0x000001afdab50f90, 0x000001afdab51e00, 0x000001afdab522d0, 0x000001afdab56160,
0x000001afdab54e20, 0x000001afdab527a0, 0x000001afdab54480, 0x000001afdab56630,
0x000001afdab552f0, 0x000001afdab557c0, 0x000001afdab56b00, 0x000001afdab50ac0,
0x000001afdab50120, 0x000001afdab56fd0, 0x000001afdab51460, 0x000001afdab51930,
0x000001afdab52c70, 0x000001afdab53140, 0x000001afdab574a0, 0x000001afdab53610,
0x000001afdab53ae0, 0x000001afdab505f0, 0x000001afdaf71b60, 0x000001afdaf6fe80,
0x000001afdaf72500, 0x000001afdaf71690, 0x000001afdaf6f9b0, 0x000001afdaf70820,
0x000001afdaf70350, 0x000001afdaf72ea0, 0x000001afdaf70cf0, 0x000001afdaf72030,
0x000001afdaf73370, 0x000001afdaf711c0, 0x000001afdaf729d0, 0x000001afd9d0ae00,
0x000001afd9d0bc70, 0x000001afd9d0b2d0, 0x000001afd9d0d950, 0x000001afd9d0cae0,
0x000001afd9d0cfb0, 0x000001afd9d0c140, 0x000001afd9d0c610, 0x000001afd9d0de20,
0x000001afd9d0d480, 0x000001afd9d0a930, 0x000001afd9d0b7a0, 0x000001afd9d0e2f0,
0x000001afd7555870, 0x000001afd7554060, 0x000001afd75566e0, 0x000001afd7554530,
0x000001afd7554a00, 0x000001afd7557550, 0x000001afd6f2f270, 0x000001afd6f2eda0,
0x000001afd6f30a80, 0x000001afd6f2df30, 0x000001afd6f2fc10, 0x000001afd6f2cbf0,
0x000001afd6f2e8d0, 0x000001afd6f2d0c0, 0x000001afd6f2d590, 0x000001afd6f2da60,
0x000001afd6f305b0, 0x000001afdb380060, 0x000001afdb3813a0, 0x000001afda8ae670
}

Java Threads: ( => current thread )
  0x000001aff1931200 JavaThread "main" [_thread_blocked, id=2308, stack(0x000000080c500000,0x000000080c600000)]
  0x000001affeb5de80 JavaThread "Reference Handler" daemon [_thread_blocked, id=14280, stack(0x000000080cc00000,0x000000080cd00000)]
  0x000001affeb5e730 JavaThread "Finalizer" daemon [_thread_blocked, id=6984, stack(0x000000080cd00000,0x000000080ce00000)]
  0x000001affeb7b560 JavaThread "Signal Dispatcher" daemon [_thread_blocked, id=3212, stack(0x000000080ce00000,0x000000080cf00000)]
  0x000001affeb7be10 JavaThread "Attach Listener" daemon [_thread_blocked, id=12064, stack(0x000000080cf00000,0x000000080d000000)]
  0x000001affeb7c6c0 JavaThread "Service Thread" daemon [_thread_blocked, id=14244, stack(0x000000080d000000,0x000000080d100000)]
  0x000001affeb81b40 JavaThread "Monitor Deflation Thread" daemon [_thread_blocked, id=13476, stack(0x000000080d100000,0x000000080d200000)]
  0x000001affeb878f0 JavaThread "C2 CompilerThread0" daemon [_thread_blocked, id=8376, stack(0x000000080d200000,0x000000080d300000)]
  0x000001affeb88980 JavaThread "C1 CompilerThread0" daemon [_thread_blocked, id=9840, stack(0x000000080d300000,0x000000080d400000)]
  0x000001affeb8ba20 JavaThread "Sweeper thread" daemon [_thread_blocked, id=14952, stack(0x000000080d400000,0x000000080d500000)]
  0x000001affedbacd0 JavaThread "Common-Cleaner" daemon [_thread_blocked, id=1524, stack(0x000000080d500000,0x000000080d600000)]
  0x000001affedbf7c0 JavaThread "Notification Thread" daemon [_thread_blocked, id=2640, stack(0x000000080d600000,0x000000080d700000)]
  0x000001affee1ad40 JavaThread "C2 CompilerThread1" daemon [_thread_in_native, id=12376, stack(0x000000080d800000,0x000000080d900000)]
  0x000001afff6288d0 JavaThread "Daemon health stats" [_thread_blocked, id=6300, stack(0x000000080df00000,0x000000080e000000)]
  0x000001afff628da0 JavaThread "Incoming local TCP Connector on port 51258" [_thread_in_native, id=9584, stack(0x000000080e000000,0x000000080e100000)]
  0x000001afff627f30 JavaThread "Daemon periodic checks" [_thread_blocked, id=11832, stack(0x000000080e100000,0x000000080e200000)]
  0x000001afff626720 JavaThread "Daemon" [_thread_blocked, id=5412, stack(0x000000080e200000,0x000000080e300000)]
  0x000001afff626bf0 JavaThread "Handler for socket connection from /127.0.0.1:51258 to /127.0.0.1:51259" [_thread_in_native, id=1096, stack(0x000000080e300000,0x000000080e400000)]
  0x000001afff628400 JavaThread "Cancel handler" [_thread_blocked, id=14604, stack(0x000000080e400000,0x000000080e500000)]
  0x000001afff6253e0 JavaThread "Daemon worker" [_thread_blocked, id=14328, stack(0x000000080e500000,0x000000080e600000)]
  0x000001afff6270c0 JavaThread "Asynchronous log dispatcher for DefaultDaemonConnection: socket connection from /127.0.0.1:51258 to /127.0.0.1:51259" [_thread_blocked, id=14748, stack(0x000000080e600000,0x000000080e700000)]
  0x000001afff6258b0 JavaThread "Stdin handler" [_thread_blocked, id=8692, stack(0x000000080e700000,0x000000080e800000)]
  0x000001afff627590 JavaThread "Daemon client event forwarder" [_thread_blocked, id=13808, stack(0x000000080e800000,0x000000080e900000)]
  0x000001afff625d80 JavaThread "Cache worker for journal cache (C:\Program Files\Android\gradle-7.3.3\caches\journal-1)" [_thread_blocked, id=5404, stack(0x000000080e900000,0x000000080ea00000)]
  0x000001afff626250 JavaThread "File lock request listener" [_thread_in_native, id=6260, stack(0x000000080ea00000,0x000000080eb00000)]
  0x000001afd6cc45f0 JavaThread "Cache worker for file hash cache (C:\Program Files\Android\gradle-7.3.3\caches\7.3.3\fileHashes)" [_thread_blocked, id=14496, stack(0x000000080eb00000,0x000000080ec00000)]
  0x000001afd6cc1100 JavaThread "Cache worker for file hash cache (D:\EmailLogin\.gradle\7.3.3\fileHashes)" [_thread_blocked, id=11244, stack(0x000000080ec00000,0x000000080ed00000)]
  0x000001afd82a4630 JavaThread "C2 CompilerThread2" daemon [_thread_in_native, id=13840, stack(0x000000080ed00000,0x000000080ee00000)]
  0x000001afd6cc2440 JavaThread "File watcher server" daemon [_thread_blocked, id=11228, stack(0x000000080ee00000,0x000000080ef00000)]
  0x000001afd6cc5930 JavaThread "File watcher consumer" daemon [_thread_blocked, id=10152, stack(0x000000080ef00000,0x000000080f000000)]
  0x000001afd6cc5460 JavaThread "Cache worker for checksums cache (D:\EmailLogin\.gradle\7.3.3\checksums)" [_thread_blocked, id=3412, stack(0x000000080f100000,0x000000080f200000)]
  0x000001afd6cc4ac0 JavaThread "Cache worker for cache directory md-supplier (C:\Program Files\Android\gradle-7.3.3\caches\7.3.3\md-supplier)" [_thread_blocked, id=11348, stack(0x000000080f200000,0x000000080f300000)]
  0x000001afd6cc3780 JavaThread "Cache worker for cache directory md-rule (C:\Program Files\Android\gradle-7.3.3\caches\7.3.3\md-rule)" [_thread_blocked, id=6308, stack(0x000000080f400000,0x000000080f500000)]
  0x000001afd6cc5e00 JavaThread "Cache worker for execution history cache (C:\Program Files\Android\gradle-7.3.3\caches\7.3.3\executionHistory)" [_thread_blocked, id=15004, stack(0x000000080f500000,0x000000080f600000)]
  0x000001afd6cbef50 JavaThread "jar transforms" [_thread_blocked, id=6160, stack(0x000000080f600000,0x000000080f700000)]
  0x000001afd6cc2910 JavaThread "Cache worker for file content cache (C:\Program Files\Android\gradle-7.3.3\caches\7.3.3\fileContent)" [_thread_blocked, id=11184, stack(0x000000080f700000,0x000000080f800000)]
  0x000001afd6cbf420 JavaThread "jar transforms Thread 2" [_thread_blocked, id=11792, stack(0x000000080f800000,0x000000080f900000)]
  0x000001afd6cc0c30 JavaThread "Cache worker for dependencies-accessors (D:\EmailLogin\.gradle\7.3.3\dependencies-accessors)" [_thread_blocked, id=10916, stack(0x000000080f900000,0x000000080fa00000)]
  0x000001afd6cc0760 JavaThread "jar transforms Thread 3" [_thread_blocked, id=14932, stack(0x000000080fa00000,0x000000080fb00000)]
  0x000001afd6cc1aa0 JavaThread "Cache worker for Build Output Cleanup Cache (D:\EmailLogin\.gradle\buildOutputCleanup)" [_thread_blocked, id=4284, stack(0x000000080fb00000,0x000000080fc00000)]
  0x000001afd6cc2de0 JavaThread "Unconstrained build operations" [_thread_blocked, id=15292, stack(0x000000080fc00000,0x000000080fd00000)]
  0x000001afd6cc3c50 JavaThread "Unconstrained build operations Thread 2" [_thread_blocked, id=1620, stack(0x000000080fd00000,0x000000080fe00000)]
  0x000001afdb0e9d30 JavaThread "Unconstrained build operations Thread 3" [_thread_blocked, id=10600, stack(0x000000080fe00000,0x000000080ff00000)]
  0x000001afdb0e71e0 JavaThread "Unconstrained build operations Thread 4" [_thread_blocked, id=9876, stack(0x000000080ff00000,0x0000000810000000)]
  0x000001afdb0e24e0 JavaThread "Unconstrained build operations Thread 5" [_thread_blocked, id=5380, stack(0x0000000810000000,0x0000000810100000)]
  0x000001afdb0e4b60 JavaThread "Unconstrained build operations Thread 6" [_thread_blocked, id=496, stack(0x0000000810100000,0x0000000810200000)]
  0x000001afdb0e59d0 JavaThread "Unconstrained build operations Thread 7" [_thread_blocked, id=7280, stack(0x0000000810200000,0x0000000810300000)]
  0x000001afdb0e41c0 JavaThread "Unconstrained build operations Thread 8" [_thread_blocked, id=7812, stack(0x0000000810300000,0x0000000810400000)]
  0x000001afdb0e7b80 JavaThread "Unconstrained build operations Thread 9" [_thread_blocked, id=2792, stack(0x0000000810400000,0x0000000810500000)]
  0x000001afdb0e3cf0 JavaThread "Unconstrained build operations Thread 10" [_thread_blocked, id=10992, stack(0x0000000810500000,0x0000000810600000)]
  0x000001afdb0e8050 JavaThread "Unconstrained build operations Thread 11" [_thread_blocked, id=1768, stack(0x0000000810600000,0x0000000810700000)]
  0x000001afdb0e29b0 JavaThread "Unconstrained build operations Thread 12" [_thread_blocked, id=3424, stack(0x0000000810700000,0x0000000810800000)]
  0x000001afdb0e8520 JavaThread "Unconstrained build operations Thread 13" [_thread_blocked, id=13604, stack(0x0000000810800000,0x0000000810900000)]
  0x000001afdb0e9860 JavaThread "Unconstrained build operations Thread 14" [_thread_blocked, id=1396, stack(0x0000000810900000,0x0000000810a00000)]
  0x000001afdb0e2e80 JavaThread "Unconstrained build operations Thread 15" [_thread_blocked, id=13912, stack(0x0000000810a00000,0x0000000810b00000)]
  0x000001afdb0e8ec0 JavaThread "Unconstrained build operations Thread 16" [_thread_blocked, id=15136, stack(0x0000000810b00000,0x0000000810c00000)]
  0x000001afdb0e9390 JavaThread "Unconstrained build operations Thread 17" [_thread_blocked, id=11488, stack(0x0000000810c00000,0x0000000810d00000)]
  0x000001afdb0e6370 JavaThread "Unconstrained build operations Thread 18" [_thread_blocked, id=8988, stack(0x0000000810d00000,0x0000000810e00000)]
  0x000001afdb0e6d10 JavaThread "Unconstrained build operations Thread 19" [_thread_blocked, id=96, stack(0x0000000810e00000,0x0000000810f00000)]
  0x000001afdb0e5030 JavaThread "Unconstrained build operations Thread 20" [_thread_blocked, id=2836, stack(0x0000000810f00000,0x0000000811000000)]
  0x000001afdb0e76b0 JavaThread "Unconstrained build operations Thread 21" [_thread_blocked, id=9380, stack(0x0000000811000000,0x0000000811100000)]
  0x000001afdb0e89f0 JavaThread "Unconstrained build operations Thread 22" [_thread_blocked, id=3608, stack(0x0000000811100000,0x0000000811200000)]
  0x000001afdb0e5ea0 JavaThread "Unconstrained build operations Thread 23" [_thread_blocked, id=492, stack(0x0000000811200000,0x0000000811300000)]
  0x000001afdb0e3350 JavaThread "Unconstrained build operations Thread 24" [_thread_blocked, id=2980, stack(0x0000000811300000,0x0000000811400000)]
  0x000001afdb0e3820 JavaThread "Unconstrained build operations Thread 25" [_thread_blocked, id=14824, stack(0x0000000811400000,0x0000000811500000)]
  0x000001afdb0e4690 JavaThread "Unconstrained build operations Thread 26" [_thread_blocked, id=2132, stack(0x0000000811500000,0x0000000811600000)]
  0x000001afdb0e6840 JavaThread "Unconstrained build operations Thread 27" [_thread_blocked, id=5808, stack(0x0000000811600000,0x0000000811700000)]
  0x000001afdb0e5500 JavaThread "Unconstrained build operations Thread 28" [_thread_blocked, id=7396, stack(0x0000000811700000,0x0000000811800000)]
  0x000001afdab55c90 JavaThread "Unconstrained build operations Thread 29" [_thread_blocked, id=3104, stack(0x0000000811800000,0x0000000811900000)]
  0x000001afdab53fb0 JavaThread "Unconstrained build operations Thread 30" [_thread_blocked, id=12136, stack(0x0000000811900000,0x0000000811a00000)]
  0x000001afdab57970 JavaThread "Unconstrained build operations Thread 31" [_thread_blocked, id=11556, stack(0x0000000811a00000,0x0000000811b00000)]
  0x000001afdab54950 JavaThread "Unconstrained build operations Thread 32" [_thread_blocked, id=4424, stack(0x0000000811b00000,0x0000000811c00000)]
  0x000001afdab50f90 JavaThread "Unconstrained build operations Thread 33" [_thread_blocked, id=15032, stack(0x0000000811c00000,0x0000000811d00000)]
  0x000001afdab51e00 JavaThread "Unconstrained build operations Thread 34" [_thread_blocked, id=3468, stack(0x0000000811d00000,0x0000000811e00000)]
  0x000001afdab522d0 JavaThread "Unconstrained build operations Thread 35" [_thread_blocked, id=15220, stack(0x0000000811e00000,0x0000000811f00000)]
  0x000001afdab56160 JavaThread "Unconstrained build operations Thread 36" [_thread_blocked, id=8016, stack(0x0000000811f00000,0x0000000812000000)]
  0x000001afdab54e20 JavaThread "Unconstrained build operations Thread 37" [_thread_blocked, id=4880, stack(0x0000000812000000,0x0000000812100000)]
  0x000001afdab527a0 JavaThread "Unconstrained build operations Thread 38" [_thread_blocked, id=2684, stack(0x0000000812100000,0x0000000812200000)]
  0x000001afdab54480 JavaThread "Unconstrained build operations Thread 39" [_thread_blocked, id=11000, stack(0x0000000812200000,0x0000000812300000)]
  0x000001afdab56630 JavaThread "Unconstrained build operations Thread 40" [_thread_blocked, id=10816, stack(0x0000000812300000,0x0000000812400000)]
  0x000001afdab552f0 JavaThread "Unconstrained build operations Thread 41" [_thread_blocked, id=12944, stack(0x0000000812400000,0x0000000812500000)]
  0x000001afdab557c0 JavaThread "Unconstrained build operations Thread 42" [_thread_blocked, id=6928, stack(0x0000000812500000,0x0000000812600000)]
  0x000001afdab56b00 JavaThread "Unconstrained build operations Thread 43" [_thread_blocked, id=3696, stack(0x0000000812600000,0x0000000812700000)]
  0x000001afdab50ac0 JavaThread "Unconstrained build operations Thread 44" [_thread_blocked, id=11992, stack(0x0000000812700000,0x0000000812800000)]
  0x000001afdab50120 JavaThread "Unconstrained build operations Thread 45" [_thread_blocked, id=1500, stack(0x0000000812800000,0x0000000812900000)]
  0x000001afdab56fd0 JavaThread "Unconstrained build operations Thread 46" [_thread_blocked, id=11776, stack(0x0000000812900000,0x0000000812a00000)]
  0x000001afdab51460 JavaThread "Unconstrained build operations Thread 47" [_thread_blocked, id=1388, stack(0x0000000812a00000,0x0000000812b00000)]
  0x000001afdab51930 JavaThread "Unconstrained build operations Thread 48" [_thread_blocked, id=14324, stack(0x0000000812b00000,0x0000000812c00000)]
  0x000001afdab52c70 JavaThread "Unconstrained build operations Thread 49" [_thread_blocked, id=852, stack(0x0000000812c00000,0x0000000812d00000)]
  0x000001afdab53140 JavaThread "Unconstrained build operations Thread 50" [_thread_blocked, id=14396, stack(0x0000000812d00000,0x0000000812e00000)]
  0x000001afdab574a0 JavaThread "Unconstrained build operations Thread 51" [_thread_blocked, id=8964, stack(0x0000000812e00000,0x0000000812f00000)]
  0x000001afdab53610 JavaThread "Unconstrained build operations Thread 52" [_thread_blocked, id=11124, stack(0x0000000812f00000,0x0000000813000000)]
  0x000001afdab53ae0 JavaThread "Unconstrained build operations Thread 53" [_thread_blocked, id=6368, stack(0x0000000813000000,0x0000000813100000)]
  0x000001afdab505f0 JavaThread "Unconstrained build operations Thread 54" [_thread_blocked, id=11768, stack(0x0000000813100000,0x0000000813200000)]
  0x000001afdaf71b60 JavaThread "Unconstrained build operations Thread 55" [_thread_blocked, id=14636, stack(0x0000000813200000,0x0000000813300000)]
  0x000001afdaf6fe80 JavaThread "Unconstrained build operations Thread 56" [_thread_blocked, id=8380, stack(0x0000000813300000,0x0000000813400000)]
  0x000001afdaf72500 JavaThread "Unconstrained build operations Thread 57" [_thread_blocked, id=736, stack(0x0000000813400000,0x0000000813500000)]
  0x000001afdaf71690 JavaThread "Unconstrained build operations Thread 58" [_thread_blocked, id=3856, stack(0x0000000813500000,0x0000000813600000)]
  0x000001afdaf6f9b0 JavaThread "Unconstrained build operations Thread 59" [_thread_blocked, id=5732, stack(0x0000000813600000,0x0000000813700000)]
  0x000001afdaf70820 JavaThread "Unconstrained build operations Thread 60" [_thread_blocked, id=5348, stack(0x0000000813700000,0x0000000813800000)]
  0x000001afdaf70350 JavaThread "Unconstrained build operations Thread 61" [_thread_blocked, id=1932, stack(0x0000000813800000,0x0000000813900000)]
  0x000001afdaf72ea0 JavaThread "Unconstrained build operations Thread 62" [_thread_blocked, id=5036, stack(0x0000000813900000,0x0000000813a00000)]
  0x000001afdaf70cf0 JavaThread "Unconstrained build operations Thread 63" [_thread_blocked, id=6684, stack(0x0000000813a00000,0x0000000813b00000)]
  0x000001afdaf72030 JavaThread "Unconstrained build operations Thread 64" [_thread_blocked, id=8436, stack(0x0000000813b00000,0x0000000813c00000)]
  0x000001afdaf73370 JavaThread "Unconstrained build operations Thread 65" [_thread_blocked, id=8180, stack(0x0000000813c00000,0x0000000813d00000)]
  0x000001afdaf711c0 JavaThread "Unconstrained build operations Thread 66" [_thread_blocked, id=6064, stack(0x0000000813d00000,0x0000000813e00000)]
  0x000001afdaf729d0 JavaThread "Unconstrained build operations Thread 67" [_thread_blocked, id=11172, stack(0x0000000813e00000,0x0000000813f00000)]
  0x000001afd9d0ae00 JavaThread "Unconstrained build operations Thread 68" [_thread_blocked, id=10212, stack(0x0000000813f00000,0x0000000814000000)]
  0x000001afd9d0bc70 JavaThread "Unconstrained build operations Thread 69" [_thread_blocked, id=9992, stack(0x0000000814000000,0x0000000814100000)]
  0x000001afd9d0b2d0 JavaThread "Unconstrained build operations Thread 70" [_thread_blocked, id=10800, stack(0x0000000814100000,0x0000000814200000)]
  0x000001afd9d0d950 JavaThread "Unconstrained build operations Thread 71" [_thread_blocked, id=2600, stack(0x0000000814200000,0x0000000814300000)]
  0x000001afd9d0cae0 JavaThread "Unconstrained build operations Thread 72" [_thread_blocked, id=5416, stack(0x0000000814300000,0x0000000814400000)]
  0x000001afd9d0cfb0 JavaThread "Unconstrained build operations Thread 73" [_thread_blocked, id=1392, stack(0x0000000814400000,0x0000000814500000)]
  0x000001afd9d0c140 JavaThread "Unconstrained build operations Thread 74" [_thread_blocked, id=15240, stack(0x0000000814500000,0x0000000814600000)]
  0x000001afd9d0c610 JavaThread "Unconstrained build operations Thread 75" [_thread_blocked, id=11632, stack(0x0000000814600000,0x0000000814700000)]
  0x000001afd9d0de20 JavaThread "Unconstrained build operations Thread 76" [_thread_blocked, id=4580, stack(0x0000000814700000,0x0000000814800000)]
  0x000001afd9d0d480 JavaThread "Unconstrained build operations Thread 77" [_thread_blocked, id=2536, stack(0x0000000814800000,0x0000000814900000)]
  0x000001afd9d0a930 JavaThread "Unconstrained build operations Thread 78" [_thread_blocked, id=9856, stack(0x0000000814900000,0x0000000814a00000)]
  0x000001afd9d0b7a0 JavaThread "Unconstrained build operations Thread 79" [_thread_blocked, id=6312, stack(0x0000000814a00000,0x0000000814b00000)]
  0x000001afd9d0e2f0 JavaThread "Unconstrained build operations Thread 80" [_thread_blocked, id=10036, stack(0x0000000814b00000,0x0000000814c00000)]
  0x000001afd7555870 JavaThread "jar transforms Thread 4" [_thread_blocked, id=7876, stack(0x0000000814c00000,0x0000000814d00000)]
  0x000001afd7554060 JavaThread "jar transforms Thread 5" [_thread_blocked, id=5068, stack(0x0000000814d00000,0x0000000814e00000)]
  0x000001afd75566e0 JavaThread "jar transforms Thread 6" [_thread_blocked, id=14632, stack(0x0000000814e00000,0x0000000814f00000)]
  0x000001afd7554530 JavaThread "jar transforms Thread 7" [_thread_blocked, id=11132, stack(0x0000000814f00000,0x0000000815000000)]
  0x000001afd7554a00 JavaThread "jar transforms Thread 8" [_thread_blocked, id=1048, stack(0x0000000815000000,0x0000000815100000)]
  0x000001afd7557550 JavaThread "Memory manager" [_thread_blocked, id=13400, stack(0x0000000815100000,0x0000000815200000)]
  0x000001afd6f2f270 JavaThread "build event listener" [_thread_blocked, id=3352, stack(0x0000000815200000,0x0000000815300000)]
  0x000001afd6f2eda0 JavaThread "pool-3-thread-1" [_thread_blocked, id=14816, stack(0x0000000815300000,0x0000000815400000)]
  0x000001afd6f30a80 JavaThread "build event listener" [_thread_blocked, id=9868, stack(0x0000000815400000,0x0000000815500000)]
  0x000001afd6f2df30 JavaThread "Execution worker for ':'" [_thread_blocked, id=14800, stack(0x0000000815500000,0x0000000815600000)]
  0x000001afd6f2fc10 JavaThread "Execution worker for ':' Thread 2" [_thread_blocked, id=12392, stack(0x0000000815600000,0x0000000815700000)]
  0x000001afd6f2cbf0 JavaThread "Execution worker for ':' Thread 3" [_thread_blocked, id=3180, stack(0x0000000815700000,0x0000000815800000)]
  0x000001afd6f2e8d0 JavaThread "Execution worker for ':' Thread 4" [_thread_blocked, id=508, stack(0x0000000815800000,0x0000000815900000)]
  0x000001afd6f2d0c0 JavaThread "Execution worker for ':' Thread 5" [_thread_blocked, id=14544, stack(0x0000000815900000,0x0000000815a00000)]
  0x000001afd6f2d590 JavaThread "Execution worker for ':' Thread 6" [_thread_blocked, id=14456, stack(0x0000000815a00000,0x0000000815b00000)]
  0x000001afd6f2da60 JavaThread "Execution worker for ':' Thread 7" [_thread_blocked, id=15300, stack(0x0000000815b00000,0x0000000815c00000)]
  0x000001afd6f305b0 JavaThread "Cache worker for execution history cache (D:\EmailLogin\.gradle\7.3.3\executionHistory)" [_thread_blocked, id=11692, stack(0x0000000815c00000,0x0000000815d00000)]
  0x000001afdb380060 JavaThread "WorkerExecutor Queue" [_thread_blocked, id=7848, stack(0x0000000816200000,0x0000000816300000)]
  0x000001afdb3813a0 JavaThread "WorkerExecutor Queue Thread 2" [_thread_blocked, id=3000, stack(0x0000000816300000,0x0000000816400000)]
  0x000001afda8ae670 JavaThread "WorkerExecutor Queue Thread 3" [_thread_blocked, id=11824, stack(0x0000000816400000,0x0000000816500000)]

Other Threads:
=>0x000001affeb59b10 VMThread "VM Thread" [stack: 0x000000080cb00000,0x000000080cc00000] [id=8340]
  0x000001affedc9b30 WatcherThread "VM Periodic Task Thread" [stack: 0x000000080d700000,0x000000080d800000] [id=12140]
  0x000001aff1992480 WorkerThread "GC Thread#0" [stack: 0x000000080c600000,0x000000080c700000] [id=7116]
  0x000001affefe9fc0 WorkerThread "GC Thread#1" [stack: 0x000000080d900000,0x000000080da00000] [id=10360]
  0x000001afff676100 WorkerThread "GC Thread#2" [stack: 0x000000080da00000,0x000000080db00000] [id=10452]
  0x000001afd5ca9a70 WorkerThread "GC Thread#3" [stack: 0x000000080db00000,0x000000080dc00000] [id=1232]
  0x000001afff70aa90 WorkerThread "GC Thread#4" [stack: 0x000000080dc00000,0x000000080dd00000] [id=5548]
  0x000001afd60a0fd0 WorkerThread "GC Thread#5" [stack: 0x000000080dd00000,0x000000080de00000] [id=14976]
  0x000001afd6009370 WorkerThread "GC Thread#6" [stack: 0x000000080de00000,0x000000080df00000] [id=11216]
  0x000001afd98c5220 WorkerThread "GC Thread#7" [stack: 0x000000080f000000,0x000000080f100000] [id=9404]
  0x000001aff19a32c0 ConcurrentGCThread "G1 Main Marker" [stack: 0x000000080c700000,0x000000080c800000] [id=8040]
  0x000001aff19a4360 WorkerThread "G1 Conc#0" [stack: 0x000000080c800000,0x000000080c900000] [id=1184]
  0x000001afd98c47a0 WorkerThread "G1 Conc#1" [stack: 0x000000080f300000,0x000000080f400000] [id=13272]
  0x000001aff19f4570 ConcurrentGCThread "G1 Refine#0" [stack: 0x000000080c900000,0x000000080ca00000] [id=11900]
  0x000001afd7bcae70 ConcurrentGCThread "G1 Refine#1" [stack: 0x0000000815d00000,0x0000000815e00000] [id=5624]
  0x000001afd7bcca90 ConcurrentGCThread "G1 Refine#2" [stack: 0x0000000815e00000,0x0000000815f00000] [id=5040]
  0x000001afd7bca8d0 ConcurrentGCThread "G1 Refine#3" [stack: 0x0000000815f00000,0x0000000816000000] [id=13056]
  0x000001afd7bccd60 ConcurrentGCThread "G1 Refine#4" [stack: 0x0000000816000000,0x0000000816100000] [id=10812]
  0x000001afd7bcbc80 ConcurrentGCThread "G1 Refine#5" [stack: 0x0000000816100000,0x0000000816200000] [id=14540]
  0x000001aff19f4d90 ConcurrentGCThread "G1 Service" [stack: 0x000000080ca00000,0x000000080cb00000] [id=10304]

Threads with active compile tasks:
C2 CompilerThread0    10749 11961       4       java.lang.reflect.Method::invoke (108 bytes)
C1 CompilerThread0    10749 12169       3       kotlin.reflect.jvm.internal.impl.protobuf.FieldSet::isInitialized (133 bytes)
C2 CompilerThread1    10749 11980       4       java.util.regex.Pattern::split (288 bytes)
C2 CompilerThread2    10749 11586       4       org.gradle.internal.instantiation.generator.AbstractClassGenerator::inspectType (560 bytes)

VM state: at safepoint (normal execution)

VM Mutex/Monitor currently owned by a thread:  ([mutex/lock_event])
[0x000001aff192c500] Threads_lock - owner thread: 0x000001affeb59b10
[0x000001aff192a850] Heap_lock - owner thread: 0x000001afdb380060

Heap address: 0x0000000080000000, size: 2048 MB, Compressed Oops mode: 32-bit

CDS archive(s) mapped at: [0x000001af91000000-0x000001af91ba0000-0x000001af91ba0000), size 12189696, SharedBaseAddress: 0x000001af91000000, ArchiveRelocationMode: 0.
Compressed class space mapped at: 0x000001af91c00000-0x000001afd1c00000, reserved size: 1073741824
Narrow klass base: 0x000001af91000000, Narrow klass shift: 0, Narrow klass range: 0x100000000

GC Precious Log:
 CardTable entry size: 512
 Card Set container configuration: InlinePtr #cards 5 size 8 Array Of Cards #cards 12 size 40 Howl #buckets 4 coarsen threshold 1843 Howl Bitmap #cards 512 size 80 coarsen threshold 460 Card regions per heap region 1 cards per card region 2048
 CPUs: 8 total, 8 available
 Memory: 7987M
 Large Page Support: Disabled
 NUMA Support: Disabled
 Compressed Oops: Enabled (32-bit)
 Heap Region Size: 1M
 Heap Min Capacity: 8M
 Heap Initial Capacity: 126M
 Heap Max Capacity: 2G
 Pre-touch: Disabled
 Parallel Workers: 8
 Concurrent Workers: 2
 Concurrent Refinement Workers: 8
 Periodic GC: Disabled

Heap:
 garbage-first heap   total 205824K, used 97377K [0x0000000080000000, 0x0000000100000000)
  region size 1024K, 2 young (2048K), 2 survivors (2048K)
 Metaspace       used 84980K, committed 86784K, reserved 1179648K
  class space    used 11452K, committed 12416K, reserved 1048576K

Heap Regions: E=young(eden), S=young(survivor), O=old, HS=humongous(starts), HC=humongous(continues), CS=collection set, F=free, OA=open archive, CA=closed archive, TAMS=top-at-mark-start (previous, next)
|   0|0x0000000080000000, 0x0000000080100000, 0x0000000080100000|100%| O|  |TAMS 0x0000000080100000, 0x0000000080000000| Untracked 
|   1|0x0000000080100000, 0x0000000080200000, 0x0000000080200000|100%| O|  |TAMS 0x0000000080200000, 0x0000000080100000| Untracked 
|   2|0x0000000080200000, 0x0000000080300000, 0x0000000080300000|100%| O|  |TAMS 0x0000000080300000, 0x0000000080200000| Untracked 
|   3|0x0000000080300000, 0x0000000080400000, 0x0000000080400000|100%|HS|  |TAMS 0x0000000080400000, 0x0000000080300000| Complete 
|   4|0x0000000080400000, 0x0000000080500000, 0x0000000080500000|100%|HC|  |TAMS 0x0000000080500000, 0x0000000080400000| Complete 
|   5|0x0000000080500000, 0x0000000080600000, 0x0000000080600000|100%|HC|  |TAMS 0x0000000080600000, 0x0000000080500000| Complete 
|   6|0x0000000080600000, 0x0000000080700000, 0x0000000080700000|100%| O|  |TAMS 0x0000000080700000, 0x0000000080600000| Untracked 
|   7|0x0000000080700000, 0x0000000080800000, 0x0000000080800000|100%| O|  |TAMS 0x0000000080700000, 0x0000000080700000| Untracked 
|   8|0x0000000080800000, 0x0000000080900000, 0x0000000080900000|100%| O|  |TAMS 0x0000000080900000, 0x0000000080800000| Untracked 
|   9|0x0000000080900000, 0x0000000080a00000, 0x0000000080a00000|100%| O|  |TAMS 0x0000000080a00000, 0x0000000080900000| Untracked 
|  10|0x0000000080a00000, 0x0000000080b00000, 0x0000000080b00000|100%| O|  |TAMS 0x0000000080b00000, 0x0000000080a00000| Untracked 
|  11|0x0000000080b00000, 0x0000000080c00000, 0x0000000080c00000|100%| O|  |TAMS 0x0000000080c00000, 0x0000000080b00000| Untracked 
|  12|0x0000000080c00000, 0x0000000080d00000, 0x0000000080d00000|100%| O|  |TAMS 0x0000000080d00000, 0x0000000080c00000| Untracked 
|  13|0x0000000080d00000, 0x0000000080e00000, 0x0000000080e00000|100%| O|  |TAMS 0x0000000080e00000, 0x0000000080d00000| Untracked 
|  14|0x0000000080e00000, 0x0000000080f00000, 0x0000000080f00000|100%| O|  |TAMS 0x0000000080f00000, 0x0000000080e00000| Untracked 
|  15|0x0000000080f00000, 0x0000000081000000, 0x0000000081000000|100%| O|  |TAMS 0x0000000081000000, 0x0000000080f00000| Untracked 
|  16|0x0000000081000000, 0x0000000081100000, 0x0000000081100000|100%| O|  |TAMS 0x0000000081100000, 0x0000000081000000| Untracked 
|  17|0x0000000081100000, 0x0000000081200000, 0x0000000081200000|100%| O|  |TAMS 0x0000000081200000, 0x0000000081100000| Untracked 
|  18|0x0000000081200000, 0x0000000081300000, 0x0000000081300000|100%| O|  |TAMS 0x0000000081300000, 0x0000000081200000| Untracked 
|  19|0x0000000081300000, 0x0000000081400000, 0x0000000081400000|100%| O|  |TAMS 0x0000000081400000, 0x0000000081300000| Untracked 
|  20|0x0000000081400000, 0x0000000081500000, 0x0000000081500000|100%| O|  |TAMS 0x0000000081500000, 0x0000000081400000| Untracked 
|  21|0x0000000081500000, 0x0000000081600000, 0x0000000081600000|100%| O|  |TAMS 0x0000000081600000, 0x0000000081500000| Untracked 
|  22|0x0000000081600000, 0x0000000081700000, 0x0000000081700000|100%| O|  |TAMS 0x0000000081700000, 0x0000000081600000| Untracked 
|  23|0x0000000081700000, 0x0000000081800000, 0x0000000081800000|100%| O|  |TAMS 0x0000000081800000, 0x0000000081700000| Untracked 
|  24|0x0000000081800000, 0x0000000081900000, 0x0000000081900000|100%| O|  |TAMS 0x0000000081900000, 0x0000000081800000| Untracked 
|  25|0x0000000081900000, 0x0000000081a00000, 0x0000000081a00000|100%| O|  |TAMS 0x0000000081a00000, 0x0000000081900000| Untracked 
|  26|0x0000000081a00000, 0x0000000081b00000, 0x0000000081b00000|100%| O|  |TAMS 0x0000000081b00000, 0x0000000081a00000| Untracked 
|  27|0x0000000081b00000, 0x0000000081c00000, 0x0000000081c00000|100%| O|  |TAMS 0x0000000081c00000, 0x0000000081b00000| Untracked 
|  28|0x0000000081c00000, 0x0000000081d00000, 0x0000000081d00000|100%|HS|  |TAMS 0x0000000081d00000, 0x0000000081c00000| Complete 
|  29|0x0000000081d00000, 0x0000000081e00000, 0x0000000081e00000|100%|HS|  |TAMS 0x0000000081e00000, 0x0000000081d00000| Complete 
|  30|0x0000000081e00000, 0x0000000081f00000, 0x0000000081f00000|100%|HS|  |TAMS 0x0000000081f00000, 0x0000000081e00000| Complete 
|  31|0x0000000081f00000, 0x0000000082000000, 0x0000000082000000|100%|HC|  |TAMS 0x0000000082000000, 0x0000000081f00000| Complete 
|  32|0x0000000082000000, 0x0000000082100000, 0x0000000082100000|100%| O|  |TAMS 0x0000000082100000, 0x0000000082000000| Untracked 
|  33|0x0000000082100000, 0x0000000082200000, 0x0000000082200000|100%| O|  |TAMS 0x0000000082200000, 0x0000000082100000| Untracked 
|  34|0x0000000082200000, 0x0000000082300000, 0x0000000082300000|100%| O|  |TAMS 0x0000000082300000, 0x0000000082200000| Untracked 
|  35|0x0000000082300000, 0x0000000082400000, 0x0000000082400000|100%| O|  |TAMS 0x0000000082400000, 0x0000000082300000| Untracked 
|  36|0x0000000082400000, 0x0000000082500000, 0x0000000082500000|100%| O|  |TAMS 0x0000000082500000, 0x0000000082400000| Untracked 
|  37|0x0000000082500000, 0x0000000082600000, 0x0000000082600000|100%| O|  |TAMS 0x0000000082600000, 0x0000000082500000| Untracked 
|  38|0x0000000082600000, 0x0000000082700000, 0x0000000082700000|100%| O|  |TAMS 0x0000000082700000, 0x0000000082600000| Untracked 
|  39|0x0000000082700000, 0x0000000082800000, 0x0000000082800000|100%| O|  |TAMS 0x0000000082800000, 0x0000000082700000| Untracked 
|  40|0x0000000082800000, 0x0000000082900000, 0x0000000082900000|100%| O|  |TAMS 0x0000000082900000, 0x0000000082800000| Untracked 
|  41|0x0000000082900000, 0x0000000082a00000, 0x0000000082a00000|100%| O|  |TAMS 0x0000000082a00000, 0x0000000082900000| Untracked 
|  42|0x0000000082a00000, 0x0000000082b00000, 0x0000000082b00000|100%| O|  |TAMS 0x0000000082b00000, 0x0000000082a00000| Untracked 
|  43|0x0000000082b00000, 0x0000000082c00000, 0x0000000082c00000|100%| O|  |TAMS 0x0000000082c00000, 0x0000000082b00000| Untracked 
|  44|0x0000000082c00000, 0x0000000082d00000, 0x0000000082d00000|100%| O|  |TAMS 0x0000000082d00000, 0x0000000082c00000| Untracked 
|  45|0x0000000082d00000, 0x0000000082e00000, 0x0000000082e00000|100%| O|  |TAMS 0x0000000082e00000, 0x0000000082d00000| Untracked 
|  46|0x0000000082e00000, 0x0000000082f00000, 0x0000000082f00000|100%| O|  |TAMS 0x0000000082f00000, 0x0000000082e00000| Untracked 
|  47|0x0000000082f00000, 0x0000000083000000, 0x0000000083000000|100%| O|  |TAMS 0x0000000083000000, 0x0000000082f00000| Untracked 
|  48|0x0000000083000000, 0x0000000083100000, 0x0000000083100000|100%| O|  |TAMS 0x0000000083100000, 0x0000000083000000| Untracked 
|  49|0x0000000083100000, 0x0000000083200000, 0x0000000083200000|100%| O|  |TAMS 0x0000000083200000, 0x0000000083100000| Untracked 
|  50|0x0000000083200000, 0x0000000083300000, 0x0000000083300000|100%| O|  |TAMS 0x0000000083300000, 0x0000000083200000| Untracked 
|  51|0x0000000083300000, 0x0000000083400000, 0x0000000083400000|100%| O|  |TAMS 0x0000000083400000, 0x0000000083300000| Untracked 
|  52|0x0000000083400000, 0x0000000083500000, 0x0000000083500000|100%| O|  |TAMS 0x0000000083500000, 0x0000000083400000| Untracked 
|  53|0x0000000083500000, 0x0000000083600000, 0x0000000083600000|100%| O|  |TAMS 0x0000000083600000, 0x0000000083500000| Untracked 
|  54|0x0000000083600000, 0x0000000083700000, 0x0000000083700000|100%| O|  |TAMS 0x0000000083700000, 0x0000000083600000| Untracked 
|  55|0x0000000083700000, 0x0000000083800000, 0x0000000083800000|100%| O|  |TAMS 0x0000000083800000, 0x0000000083700000| Untracked 
|  56|0x0000000083800000, 0x0000000083900000, 0x0000000083900000|100%| O|  |TAMS 0x0000000083900000, 0x0000000083800000| Untracked 
|  57|0x0000000083900000, 0x0000000083a00000, 0x0000000083a00000|100%| O|  |TAMS 0x0000000083a00000, 0x0000000083900000| Untracked 
|  58|0x0000000083a00000, 0x0000000083b00000, 0x0000000083b00000|100%| O|  |TAMS 0x0000000083b00000, 0x0000000083a00000| Untracked 
|  59|0x0000000083b00000, 0x0000000083c00000, 0x0000000083c00000|100%| O|  |TAMS 0x0000000083c00000, 0x0000000083b00000| Untracked 
|  60|0x0000000083c00000, 0x0000000083d00000, 0x0000000083d00000|100%| O|  |TAMS 0x0000000083d00000, 0x0000000083c00000| Untracked 
|  61|0x0000000083d00000, 0x0000000083e00000, 0x0000000083e00000|100%| O|  |TAMS 0x0000000083e00000, 0x0000000083d00000| Untracked 
|  62|0x0000000083e00000, 0x0000000083f00000, 0x0000000083f00000|100%| O|  |TAMS 0x0000000083f00000, 0x0000000083e00000| Untracked 
|  63|0x0000000083f00000, 0x0000000084000000, 0x0000000084000000|100%| O|  |TAMS 0x0000000084000000, 0x0000000083f00000| Untracked 
|  64|0x0000000084000000, 0x0000000084100000, 0x0000000084100000|100%| O|  |TAMS 0x0000000084100000, 0x0000000084000000| Untracked 
|  65|0x0000000084100000, 0x0000000084200000, 0x0000000084200000|100%| O|  |TAMS 0x0000000084200000, 0x0000000084100000| Untracked 
|  66|0x0000000084200000, 0x0000000084300000, 0x0000000084300000|100%| O|  |TAMS 0x0000000084300000, 0x0000000084200000| Untracked 
|  67|0x0000000084300000, 0x0000000084400000, 0x0000000084400000|100%| O|  |TAMS 0x0000000084400000, 0x0000000084300000| Untracked 
|  68|0x0000000084400000, 0x0000000084500000, 0x0000000084500000|100%| O|  |TAMS 0x0000000084500000, 0x0000000084400000| Untracked 
|  69|0x0000000084500000, 0x0000000084600000, 0x0000000084600000|100%| O|  |TAMS 0x0000000084600000, 0x0000000084500000| Untracked 
|  70|0x0000000084600000, 0x0000000084700000, 0x0000000084700000|100%| O|  |TAMS 0x0000000084700000, 0x0000000084600000| Untracked 
|  71|0x0000000084700000, 0x0000000084800000, 0x0000000084800000|100%| O|  |TAMS 0x0000000084800000, 0x0000000084700000| Untracked 
|  72|0x0000000084800000, 0x0000000084900000, 0x0000000084900000|100%| O|  |TAMS 0x0000000084900000, 0x0000000084800000| Untracked 
|  73|0x0000000084900000, 0x0000000084a00000, 0x0000000084a00000|100%| O|  |TAMS 0x0000000084a00000, 0x0000000084900000| Untracked 
|  74|0x0000000084a00000, 0x0000000084b00000, 0x0000000084b00000|100%| O|  |TAMS 0x0000000084b00000, 0x0000000084a00000| Untracked 
|  75|0x0000000084b00000, 0x0000000084c00000, 0x0000000084c00000|100%| O|  |TAMS 0x0000000084c00000, 0x0000000084b00000| Untracked 
|  76|0x0000000084c00000, 0x0000000084d00000, 0x0000000084d00000|100%| O|  |TAMS 0x0000000084d00000, 0x0000000084c00000| Untracked 
|  77|0x0000000084d00000, 0x0000000084e00000, 0x0000000084e00000|100%| O|  |TAMS 0x0000000084e00000, 0x0000000084d00000| Untracked 
|  78|0x0000000084e00000, 0x0000000084f00000, 0x0000000084f00000|100%| O|  |TAMS 0x0000000084f00000, 0x0000000084e00000| Untracked 
|  79|0x0000000084f00000, 0x0000000085000000, 0x0000000085000000|100%| O|  |TAMS 0x0000000085000000, 0x0000000084f00000| Untracked 
|  80|0x0000000085000000, 0x0000000085100000, 0x0000000085100000|100%| O|  |TAMS 0x0000000085100000, 0x0000000085000000| Untracked 
|  81|0x0000000085100000, 0x0000000085200000, 0x0000000085200000|100%| O|  |TAMS 0x0000000085200000, 0x0000000085100000| Untracked 
|  82|0x0000000085200000, 0x0000000085300000, 0x0000000085300000|100%| O|  |TAMS 0x0000000085300000, 0x0000000085200000| Untracked 
|  83|0x0000000085300000, 0x0000000085400000, 0x0000000085400000|100%| O|  |TAMS 0x000000008533ee00, 0x0000000085300000| Untracked 
|  84|0x0000000085400000, 0x0000000085500000, 0x0000000085500000|100%| O|  |TAMS 0x0000000085400000, 0x0000000085400000| Untracked 
|  85|0x0000000085500000, 0x0000000085600000, 0x0000000085600000|100%| O|  |TAMS 0x0000000085500000, 0x0000000085500000| Untracked 
|  86|0x0000000085600000, 0x0000000085700000, 0x0000000085700000|100%| O|  |TAMS 0x0000000085600000, 0x0000000085600000| Untracked 
|  87|0x0000000085700000, 0x0000000085800000, 0x0000000085800000|100%| O|  |TAMS 0x0000000085800000, 0x0000000085700000| Untracked 
|  88|0x0000000085800000, 0x0000000085900000, 0x0000000085900000|100%| O|  |TAMS 0x0000000085800000, 0x0000000085800000| Untracked 
|  89|0x0000000085900000, 0x00000000859af600, 0x0000000085a00000| 68%| O|  |TAMS 0x0000000085900000, 0x0000000085900000| Untracked 
|  90|0x0000000085a00000, 0x0000000085a00000, 0x0000000085b00000|  0%| F|  |TAMS 0x0000000085a00000, 0x0000000085a00000| Untracked 
|  91|0x0000000085b00000, 0x0000000085b00000, 0x0000000085c00000|  0%| F|  |TAMS 0x0000000085b00000, 0x0000000085b00000| Untracked 
|  92|0x0000000085c00000, 0x0000000085c00000, 0x0000000085d00000|  0%| F|  |TAMS 0x0000000085c00000, 0x0000000085c00000| Untracked 
|  93|0x0000000085d00000, 0x0000000085d00000, 0x0000000085e00000|  0%| F|  |TAMS 0x0000000085d00000, 0x0000000085d00000| Untracked 
|  94|0x0000000085e00000, 0x0000000085e00000, 0x0000000085f00000|  0%| F|  |TAMS 0x0000000085e00000, 0x0000000085e00000| Untracked 
|  95|0x0000000085f00000, 0x0000000085f00000, 0x0000000086000000|  0%| F|  |TAMS 0x0000000085f00000, 0x0000000085f00000| Untracked 
|  96|0x0000000086000000, 0x0000000086000000, 0x0000000086100000|  0%| F|  |TAMS 0x0000000086000000, 0x0000000086000000| Untracked 
|  97|0x0000000086100000, 0x0000000086100000, 0x0000000086200000|  0%| F|  |TAMS 0x0000000086100000, 0x0000000086100000| Untracked 
|  98|0x0000000086200000, 0x0000000086200000, 0x0000000086300000|  0%| F|  |TAMS 0x0000000086200000, 0x0000000086200000| Untracked 
|  99|0x0000000086300000, 0x0000000086400000, 0x0000000086400000|100%| O|  |TAMS 0x0000000086400000, 0x0000000086300000| Untracked 
| 100|0x0000000086400000, 0x0000000086400000, 0x0000000086500000|  0%| F|  |TAMS 0x0000000086400000, 0x0000000086400000| Untracked 
| 101|0x0000000086500000, 0x0000000086500000, 0x0000000086600000|  0%| F|  |TAMS 0x0000000086500000, 0x0000000086500000| Untracked 
| 102|0x0000000086600000, 0x0000000086600000, 0x0000000086700000|  0%| F|  |TAMS 0x0000000086600000, 0x0000000086600000| Untracked 
| 103|0x0000000086700000, 0x0000000086700000, 0x0000000086800000|  0%| F|  |TAMS 0x0000000086700000, 0x0000000086700000| Untracked 
| 104|0x0000000086800000, 0x0000000086800000, 0x0000000086900000|  0%| F|  |TAMS 0x0000000086800000, 0x0000000086800000| Untracked 
| 105|0x0000000086900000, 0x0000000086900000, 0x0000000086a00000|  0%| F|  |TAMS 0x0000000086900000, 0x0000000086900000| Untracked 
| 106|0x0000000086a00000, 0x0000000086a00000, 0x0000000086b00000|  0%| F|  |TAMS 0x0000000086a00000, 0x0000000086a00000| Untracked 
| 107|0x0000000086b00000, 0x0000000086c00000, 0x0000000086c00000|100%| O|  |TAMS 0x0000000086c00000, 0x0000000086b00000| Untracked 
| 108|0x0000000086c00000, 0x0000000086d00000, 0x0000000086d00000|100%| O|  |TAMS 0x0000000086d00000, 0x0000000086c00000| Untracked 
| 109|0x0000000086d00000, 0x0000000086d00000, 0x0000000086e00000|  0%| F|  |TAMS 0x0000000086d00000, 0x0000000086d00000| Untracked 
| 110|0x0000000086e00000, 0x0000000086e00000, 0x0000000086f00000|  0%| F|  |TAMS 0x0000000086e00000, 0x0000000086e00000| Untracked 
| 111|0x0000000086f00000, 0x0000000087000000, 0x0000000087000000|100%| O|  |TAMS 0x0000000087000000, 0x0000000086f00000| Untracked 
| 112|0x0000000087000000, 0x0000000087000000, 0x0000000087100000|  0%| F|  |TAMS 0x0000000087000000, 0x0000000087000000| Untracked 
| 113|0x0000000087100000, 0x0000000087100000, 0x0000000087200000|  0%| F|  |TAMS 0x0000000087100000, 0x0000000087100000| Untracked 
| 114|0x0000000087200000, 0x0000000087200000, 0x0000000087300000|  0%| F|  |TAMS 0x0000000087200000, 0x0000000087200000| Untracked 
| 115|0x0000000087300000, 0x0000000087300000, 0x0000000087400000|  0%| F|  |TAMS 0x0000000087300000, 0x0000000087300000| Untracked 
| 116|0x0000000087400000, 0x0000000087400000, 0x0000000087500000|  0%| F|  |TAMS 0x0000000087400000, 0x0000000087400000| Untracked 
| 117|0x0000000087500000, 0x0000000087500000, 0x0000000087600000|  0%| F|  |TAMS 0x0000000087500000, 0x0000000087500000| Untracked 
| 118|0x0000000087600000, 0x0000000087600000, 0x0000000087700000|  0%| F|  |TAMS 0x0000000087600000, 0x0000000087600000| Untracked 
| 119|0x0000000087700000, 0x0000000087700000, 0x0000000087800000|  0%| F|  |TAMS 0x0000000087700000, 0x0000000087700000| Untracked 
| 120|0x0000000087800000, 0x0000000087800000, 0x0000000087900000|  0%| F|  |TAMS 0x0000000087800000, 0x0000000087800000| Untracked 
| 121|0x0000000087900000, 0x0000000087900000, 0x0000000087a00000|  0%| F|  |TAMS 0x0000000087900000, 0x0000000087900000| Untracked 
| 122|0x0000000087a00000, 0x0000000087a00000, 0x0000000087b00000|  0%| F|  |TAMS 0x0000000087a00000, 0x0000000087a00000| Untracked 
| 123|0x0000000087b00000, 0x0000000087b00000, 0x0000000087c00000|  0%| F|  |TAMS 0x0000000087b00000, 0x0000000087b00000| Untracked 
| 124|0x0000000087c00000, 0x0000000087c00000, 0x0000000087d00000|  0%| F|  |TAMS 0x0000000087c00000, 0x0000000087c00000| Untracked 
| 125|0x0000000087d00000, 0x0000000087d00000, 0x0000000087e00000|  0%| F|  |TAMS 0x0000000087d00000, 0x0000000087d00000| Untracked 
| 126|0x0000000087e00000, 0x0000000087e00000, 0x0000000087f00000|  0%| F|  |TAMS 0x0000000087e00000, 0x0000000087e00000| Untracked 
| 127|0x0000000087f00000, 0x0000000087f00000, 0x0000000088000000|  0%| F|  |TAMS 0x0000000087f00000, 0x0000000087f00000| Untracked 
| 128|0x0000000088000000, 0x0000000088000000, 0x0000000088100000|  0%| F|  |TAMS 0x0000000088000000, 0x0000000088000000| Untracked 
| 129|0x0000000088100000, 0x0000000088100000, 0x0000000088200000|  0%| F|  |TAMS 0x0000000088100000, 0x0000000088100000| Untracked 
| 130|0x0000000088200000, 0x0000000088200000, 0x0000000088300000|  0%| F|  |TAMS 0x0000000088200000, 0x0000000088200000| Untracked 
| 131|0x0000000088300000, 0x0000000088300000, 0x0000000088400000|  0%| F|  |TAMS 0x0000000088300000, 0x0000000088300000| Untracked 
| 132|0x0000000088400000, 0x0000000088400000, 0x0000000088500000|  0%| F|  |TAMS 0x0000000088400000, 0x0000000088400000| Untracked 
| 133|0x0000000088500000, 0x0000000088500000, 0x0000000088600000|  0%| F|  |TAMS 0x0000000088500000, 0x0000000088500000| Untracked 
| 134|0x0000000088600000, 0x0000000088600000, 0x0000000088700000|  0%| F|  |TAMS 0x0000000088600000, 0x0000000088600000| Untracked 
| 135|0x0000000088700000, 0x0000000088700000, 0x0000000088800000|  0%| F|  |TAMS 0x0000000088700000, 0x0000000088700000| Untracked 
| 136|0x0000000088800000, 0x0000000088800000, 0x0000000088900000|  0%| F|  |TAMS 0x0000000088800000, 0x0000000088800000| Untracked 
| 137|0x0000000088900000, 0x0000000088900000, 0x0000000088a00000|  0%| F|  |TAMS 0x0000000088900000, 0x0000000088900000| Untracked 
| 138|0x0000000088a00000, 0x0000000088a00000, 0x0000000088b00000|  0%| F|  |TAMS 0x0000000088a00000, 0x0000000088a00000| Untracked 
| 139|0x0000000088b00000, 0x0000000088b00000, 0x0000000088c00000|  0%| F|  |TAMS 0x0000000088b00000, 0x0000000088b00000| Untracked 
| 140|0x0000000088c00000, 0x0000000088c00000, 0x0000000088d00000|  0%| F|  |TAMS 0x0000000088c00000, 0x0000000088c00000| Untracked 
| 141|0x0000000088d00000, 0x0000000088d00000, 0x0000000088e00000|  0%| F|  |TAMS 0x0000000088d00000, 0x0000000088d00000| Untracked 
| 142|0x0000000088e00000, 0x0000000088e00000, 0x0000000088f00000|  0%| F|  |TAMS 0x0000000088e00000, 0x0000000088e00000| Untracked 
| 143|0x0000000088f00000, 0x0000000088f00000, 0x0000000089000000|  0%| F|  |TAMS 0x0000000088f00000, 0x0000000088f00000| Untracked 
| 144|0x0000000089000000, 0x0000000089000000, 0x0000000089100000|  0%| F|  |TAMS 0x0000000089000000, 0x0000000089000000| Untracked 
| 145|0x0000000089100000, 0x0000000089100000, 0x0000000089200000|  0%| F|  |TAMS 0x0000000089100000, 0x0000000089100000| Untracked 
| 146|0x0000000089200000, 0x0000000089200000, 0x0000000089300000|  0%| F|  |TAMS 0x0000000089200000, 0x0000000089200000| Untracked 
| 147|0x0000000089300000, 0x0000000089300000, 0x0000000089400000|  0%| F|  |TAMS 0x0000000089300000, 0x0000000089300000| Untracked 
| 148|0x0000000089400000, 0x0000000089400000, 0x0000000089500000|  0%| F|  |TAMS 0x0000000089400000, 0x0000000089400000| Untracked 
| 149|0x0000000089500000, 0x0000000089500000, 0x0000000089600000|  0%| F|  |TAMS 0x0000000089500000, 0x0000000089500000| Untracked 
| 150|0x0000000089600000, 0x0000000089600000, 0x0000000089700000|  0%| F|  |TAMS 0x0000000089600000, 0x0000000089600000| Untracked 
| 151|0x0000000089700000, 0x0000000089700000, 0x0000000089800000|  0%| F|  |TAMS 0x0000000089700000, 0x0000000089700000| Untracked 
| 152|0x0000000089800000, 0x0000000089800000, 0x0000000089900000|  0%| F|  |TAMS 0x0000000089800000, 0x0000000089800000| Untracked 
| 153|0x0000000089900000, 0x0000000089900000, 0x0000000089a00000|  0%| F|  |TAMS 0x0000000089900000, 0x0000000089900000| Untracked 
| 154|0x0000000089a00000, 0x0000000089a00000, 0x0000000089b00000|  0%| F|  |TAMS 0x0000000089a00000, 0x0000000089a00000| Untracked 
| 155|0x0000000089b00000, 0x0000000089b00000, 0x0000000089c00000|  0%| F|  |TAMS 0x0000000089b00000, 0x0000000089b00000| Untracked 
| 156|0x0000000089c00000, 0x0000000089c00000, 0x0000000089d00000|  0%| F|  |TAMS 0x0000000089c00000, 0x0000000089c00000| Untracked 
| 157|0x0000000089d00000, 0x0000000089d00000, 0x0000000089e00000|  0%| F|  |TAMS 0x0000000089d00000, 0x0000000089d00000| Untracked 
| 158|0x0000000089e00000, 0x0000000089e00000, 0x0000000089f00000|  0%| F|  |TAMS 0x0000000089e00000, 0x0000000089e00000| Untracked 
| 159|0x0000000089f00000, 0x0000000089f00000, 0x000000008a000000|  0%| F|  |TAMS 0x0000000089f00000, 0x0000000089f00000| Untracked 
| 160|0x000000008a000000, 0x000000008a000000, 0x000000008a100000|  0%| F|  |TAMS 0x000000008a000000, 0x000000008a000000| Untracked 
| 161|0x000000008a100000, 0x000000008a100000, 0x000000008a200000|  0%| F|  |TAMS 0x000000008a100000, 0x000000008a100000| Untracked 
| 162|0x000000008a200000, 0x000000008a200000, 0x000000008a300000|  0%| F|  |TAMS 0x000000008a200000, 0x000000008a200000| Untracked 
| 163|0x000000008a300000, 0x000000008a300000, 0x000000008a400000|  0%| F|  |TAMS 0x000000008a300000, 0x000000008a300000| Untracked 
| 164|0x000000008a400000, 0x000000008a400000, 0x000000008a500000|  0%| F|  |TAMS 0x000000008a400000, 0x000000008a400000| Untracked 
| 165|0x000000008a500000, 0x000000008a500000, 0x000000008a600000|  0%| F|  |TAMS 0x000000008a500000, 0x000000008a500000| Untracked 
| 166|0x000000008a600000, 0x000000008a600000, 0x000000008a700000|  0%| F|  |TAMS 0x000000008a600000, 0x000000008a600000| Untracked 
| 167|0x000000008a700000, 0x000000008a700000, 0x000000008a800000|  0%| F|  |TAMS 0x000000008a700000, 0x000000008a700000| Untracked 
| 168|0x000000008a800000, 0x000000008a800000, 0x000000008a900000|  0%| F|  |TAMS 0x000000008a800000, 0x000000008a800000| Untracked 
| 169|0x000000008a900000, 0x000000008a900000, 0x000000008aa00000|  0%| F|  |TAMS 0x000000008a900000, 0x000000008a900000| Untracked 
| 170|0x000000008aa00000, 0x000000008aa00000, 0x000000008ab00000|  0%| F|  |TAMS 0x000000008aa00000, 0x000000008aa00000| Untracked 
| 171|0x000000008ab00000, 0x000000008ab00000, 0x000000008ac00000|  0%| F|  |TAMS 0x000000008ab00000, 0x000000008ab00000| Untracked 
| 172|0x000000008ac00000, 0x000000008ac00000, 0x000000008ad00000|  0%| F|  |TAMS 0x000000008ac00000, 0x000000008ac00000| Untracked 
| 173|0x000000008ad00000, 0x000000008ad00000, 0x000000008ae00000|  0%| F|  |TAMS 0x000000008ad00000, 0x000000008ad00000| Untracked 
| 174|0x000000008ae00000, 0x000000008ae00000, 0x000000008af00000|  0%| F|  |TAMS 0x000000008ae00000, 0x000000008ae00000| Untracked 
| 175|0x000000008af00000, 0x000000008af00000, 0x000000008b000000|  0%| F|  |TAMS 0x000000008af00000, 0x000000008af00000| Untracked 
| 176|0x000000008b000000, 0x000000008b000000, 0x000000008b100000|  0%| F|  |TAMS 0x000000008b000000, 0x000000008b000000| Untracked 
| 177|0x000000008b100000, 0x000000008b100000, 0x000000008b200000|  0%| F|  |TAMS 0x000000008b100000, 0x000000008b100000| Untracked 
| 178|0x000000008b200000, 0x000000008b200000, 0x000000008b300000|  0%| F|  |TAMS 0x000000008b200000, 0x000000008b200000| Untracked 
| 179|0x000000008b300000, 0x000000008b300000, 0x000000008b400000|  0%| F|  |TAMS 0x000000008b300000, 0x000000008b300000| Untracked 
| 180|0x000000008b400000, 0x000000008b400000, 0x000000008b500000|  0%| F|  |TAMS 0x000000008b400000, 0x000000008b400000| Untracked 
| 181|0x000000008b500000, 0x000000008b500000, 0x000000008b600000|  0%| F|  |TAMS 0x000000008b500000, 0x000000008b500000| Untracked 
| 182|0x000000008b600000, 0x000000008b600000, 0x000000008b700000|  0%| F|  |TAMS 0x000000008b600000, 0x000000008b600000| Untracked 
| 183|0x000000008b700000, 0x000000008b700000, 0x000000008b800000|  0%| F|  |TAMS 0x000000008b700000, 0x000000008b700000| Untracked 
| 184|0x000000008b800000, 0x000000008b800000, 0x000000008b900000|  0%| F|  |TAMS 0x000000008b800000, 0x000000008b800000| Untracked 
| 185|0x000000008b900000, 0x000000008b900000, 0x000000008ba00000|  0%| F|  |TAMS 0x000000008b900000, 0x000000008b900000| Untracked 
| 186|0x000000008ba00000, 0x000000008ba00000, 0x000000008bb00000|  0%| F|  |TAMS 0x000000008ba00000, 0x000000008ba00000| Untracked 
| 187|0x000000008bb00000, 0x000000008bb00000, 0x000000008bc00000|  0%| F|  |TAMS 0x000000008bb00000, 0x000000008bb00000| Untracked 
| 188|0x000000008bc00000, 0x000000008bc00000, 0x000000008bd00000|  0%| F|  |TAMS 0x000000008bc00000, 0x000000008bc00000| Untracked 
| 189|0x000000008bd00000, 0x000000008bd00000, 0x000000008be00000|  0%| F|  |TAMS 0x000000008bd00000, 0x000000008bd00000| Untracked 
| 190|0x000000008be00000, 0x000000008be00000, 0x000000008bf00000|  0%| F|  |TAMS 0x000000008be00000, 0x000000008be00000| Untracked 
| 191|0x000000008bf00000, 0x000000008bf00000, 0x000000008c000000|  0%| F|  |TAMS 0x000000008bf00000, 0x000000008bf00000| Untracked 
| 192|0x000000008c000000, 0x000000008c000000, 0x000000008c100000|  0%| F|  |TAMS 0x000000008c000000, 0x000000008c000000| Untracked 
| 193|0x000000008c100000, 0x000000008c100000, 0x000000008c200000|  0%| F|  |TAMS 0x000000008c100000, 0x000000008c100000| Untracked 
| 194|0x000000008c200000, 0x000000008c200000, 0x000000008c300000|  0%| F|  |TAMS 0x000000008c200000, 0x000000008c200000| Untracked 
| 195|0x000000008c300000, 0x000000008c300000, 0x000000008c400000|  0%| F|  |TAMS 0x000000008c300000, 0x000000008c300000| Untracked 
| 196|0x000000008c400000, 0x000000008c4690a8, 0x000000008c500000| 41%| S|CS|TAMS 0x000000008c400000, 0x000000008c400000| Complete 
| 197|0x000000008c500000, 0x000000008c600000, 0x000000008c600000|100%| S|CS|TAMS 0x000000008c500000, 0x000000008c500000| Complete 
| 198|0x000000008c600000, 0x000000008c600000, 0x000000008c700000|  0%| F|  |TAMS 0x000000008c600000, 0x000000008c600000| Untracked 
| 199|0x000000008c700000, 0x000000008c700000, 0x000000008c800000|  0%| F|  |TAMS 0x000000008c700000, 0x000000008c700000| Untracked 
| 200|0x000000008c800000, 0x000000008c800000, 0x000000008c900000|  0%| F|  |TAMS 0x000000008c800000, 0x000000008c800000| Untracked 

Card table byte_map: [0x000001aff99a0000,0x000001aff9da0000] _byte_map_base: 0x000001aff95a0000

Marking Bits (Prev, Next): (CMBitMap*) 0x000001aff1992990, (CMBitMap*) 0x000001aff19929d0
 Prev Bits: [0x000001affa1a0000, 0x000001affc1a0000)
 Next Bits: [0x000001affc1a0000, 0x000001affe1a0000)

Polling page: 0x000001aff1100000

Metaspace:

Usage:
  Non-class:     71.81 MB used.
      Class:     11.18 MB used.
       Both:     82.99 MB used.

Virtual space:
  Non-class space:      128.00 MB reserved,      72.62 MB ( 57%) committed,  2 nodes.
      Class space:        1.00 GB reserved,      12.12 MB (  1%) committed,  1 nodes.
             Both:        1.12 GB reserved,      84.75 MB (  7%) committed. 

Chunk freelists:
   Non-Class:  2.44 MB
       Class:  3.88 MB
        Both:  6.31 MB

MaxMetaspaceSize: unlimited
CompressedClassSpaceSize: 1.00 GB
Initial GC threshold: 21.00 MB
Current GC threshold: 137.12 MB
CDS: on
MetaspaceReclaimPolicy: balanced
 - commit_granule_bytes: 65536.
 - commit_granule_words: 8192.
 - virtual_space_node_default_size: 8388608.
 - enlarge_chunks_in_place: 1.
 - new_chunks_are_fully_committed: 0.
 - uncommit_free_chunks: 1.
 - use_allocation_guard: 0.


Internal statistics:

num_allocs_failed_limit: 6.
num_arena_births: 3314.
num_arena_deaths: 14.
num_vsnodes_births: 3.
num_vsnodes_deaths: 0.
num_space_committed: 1356.
num_space_uncommitted: 0.
num_chunks_returned_to_freelist: 25.
num_chunks_taken_from_freelist: 7099.
num_chunk_merges: 11.
num_chunk_splits: 4669.
num_chunks_enlarged: 2971.
num_inconsistent_stats: 0.

CodeHeap 'non-profiled nmethods': size=120000Kb used=6281Kb max_used=6281Kb free=113718Kb
 bounds [0x000001af87ad0000, 0x000001af88100000, 0x000001af8f000000]
CodeHeap 'profiled nmethods': size=120000Kb used=20889Kb max_used=20889Kb free=99110Kb
 bounds [0x000001af805a0000, 0x000001af81a10000, 0x000001af87ad0000]
CodeHeap 'non-nmethods': size=5760Kb used=2422Kb max_used=2484Kb free=3337Kb
 bounds [0x000001af80000000, 0x000001af80280000, 0x000001af805a0000]
 total_blobs=11440 nmethods=10512 adapters=839
 compilation: enabled
              stopped_count=0, restarted_count=0
 full_count=0

Compilation events (20 events):
Event: 10.714 Thread 0x000001affeb88980 nmethod 12159 0x000001af819fef90 code [0x000001af819ff160, 0x000001af819ff5d8]
Event: 10.715 Thread 0x000001affeb88980 12160       3       kotlin.reflect.jvm.internal.impl.name.ClassId::asSingleFqName (67 bytes)
Event: 10.715 Thread 0x000001affeb88980 nmethod 12160 0x000001af819ff710 code [0x000001af819ff9e0, 0x000001af81a00678]
Event: 10.716 Thread 0x000001affeb88980 12161       3       kotlin.reflect.jvm.internal.impl.storage.DefaultSimpleLock::lock (10 bytes)
Event: 10.716 Thread 0x000001affeb88980 nmethod 12161 0x000001af81a00b90 code [0x000001af81a00d40, 0x000001af81a00f08]
Event: 10.716 Thread 0x000001affeb88980 12162       3       kotlin.reflect.jvm.internal.impl.storage.DefaultSimpleLock::unlock (10 bytes)
Event: 10.716 Thread 0x000001affeb88980 nmethod 12162 0x000001af81a01010 code [0x000001af81a011c0, 0x000001af81a01388]
Event: 10.718 Thread 0x000001affeb88980 12163       3       kotlin.reflect.jvm.internal.impl.protobuf.GeneratedMessageLite$ExtendableMessage::parseUnknownField (17 bytes)
Event: 10.718 Thread 0x000001affeb88980 nmethod 12163 0x000001af81a01490 code [0x000001af81a01640, 0x000001af81a01878]
Event: 10.718 Thread 0x000001affeb88980 12165       3       kotlin.reflect.jvm.internal.impl.metadata.jvm.deserialization.JvmNameResolver::<init> (235 bytes)
Event: 10.719 Thread 0x000001affeb88980 nmethod 12165 0x000001af81a01990 code [0x000001af81a01d80, 0x000001af81a03b18]
Event: 10.719 Thread 0x000001affeb88980 12166       3       kotlin.reflect.jvm.internal.impl.name.FqName::child (26 bytes)
Event: 10.719 Thread 0x000001affeb88980 nmethod 12166 0x000001af81a04610 code [0x000001af81a047e0, 0x000001af81a04c08]
Event: 10.719 Thread 0x000001affeb88980 12167       3       kotlin.reflect.jvm.internal.impl.name.FqNameUnsafe::child (65 bytes)
Event: 10.720 Thread 0x000001affeb88980 nmethod 12167 0x000001af81a04d90 code [0x000001af81a05040, 0x000001af81a05cb8]
Event: 10.720 Thread 0x000001affeb88980 12168       3       kotlin.reflect.jvm.internal.impl.name.FqName::<init> (23 bytes)
Event: 10.720 Thread 0x000001affeb88980 nmethod 12168 0x000001af81a06110 code [0x000001af81a062c0, 0x000001af81a06568]
Event: 10.720 Thread 0x000001affeb88980 12164       3       kotlin.reflect.jvm.internal.impl.name.Name::equals (52 bytes)
Event: 10.720 Thread 0x000001affeb88980 nmethod 12164 0x000001af81a06690 code [0x000001af81a06860, 0x000001af81a06d48]
Event: 10.720 Thread 0x000001affeb88980 12169       3       kotlin.reflect.jvm.internal.impl.protobuf.FieldSet::isInitialized (133 bytes)

GC Heap History (20 events):
Event: 8.476 GC heap after
{Heap after GC invocations=28 (full 0):
 garbage-first heap   total 132096K, used 75059K [0x0000000080000000, 0x0000000100000000)
  region size 1024K, 5 young (5120K), 5 survivors (5120K)
 Metaspace       used 75055K, committed 76864K, reserved 1179648K
  class space    used 10264K, committed 11200K, reserved 1048576K
}
Event: 8.652 GC heap before
{Heap before GC invocations=28 (full 0):
 garbage-first heap   total 132096K, used 105779K [0x0000000080000000, 0x0000000100000000)
  region size 1024K, 36 young (36864K), 5 survivors (5120K)
 Metaspace       used 75614K, committed 77440K, reserved 1179648K
  class space    used 10379K, committed 11328K, reserved 1048576K
}
Event: 8.657 GC heap after
{Heap after GC invocations=29 (full 0):
 garbage-first heap   total 132096K, used 77803K [0x0000000080000000, 0x0000000100000000)
  region size 1024K, 3 young (3072K), 3 survivors (3072K)
 Metaspace       used 75614K, committed 77440K, reserved 1179648K
  class space    used 10379K, committed 11328K, reserved 1048576K
}
Event: 8.892 GC heap before
{Heap before GC invocations=30 (full 0):
 garbage-first heap   total 150528K, used 106475K [0x0000000080000000, 0x0000000100000000)
  region size 1024K, 32 young (32768K), 3 survivors (3072K)
 Metaspace       used 75834K, committed 77696K, reserved 1179648K
  class space    used 10387K, committed 11328K, reserved 1048576K
}
Event: 8.896 GC heap after
{Heap after GC invocations=31 (full 0):
 garbage-first heap   total 150528K, used 79754K [0x0000000080000000, 0x0000000100000000)
  region size 1024K, 3 young (3072K), 3 survivors (3072K)
 Metaspace       used 75834K, committed 77696K, reserved 1179648K
  class space    used 10387K, committed 11328K, reserved 1048576K
}
Event: 8.914 GC heap before
{Heap before GC invocations=31 (full 0):
 garbage-first heap   total 150528K, used 83850K [0x0000000080000000, 0x0000000100000000)
  region size 1024K, 7 young (7168K), 3 survivors (3072K)
 Metaspace       used 75867K, committed 77696K, reserved 1179648K
  class space    used 10387K, committed 11328K, reserved 1048576K
}
Event: 8.916 GC heap after
{Heap after GC invocations=32 (full 0):
 garbage-first heap   total 150528K, used 80220K [0x0000000080000000, 0x0000000100000000)
  region size 1024K, 1 young (1024K), 1 survivors (1024K)
 Metaspace       used 75867K, committed 77696K, reserved 1179648K
  class space    used 10387K, committed 11328K, reserved 1048576K
}
Event: 8.962 GC heap before
{Heap before GC invocations=32 (full 0):
 garbage-first heap   total 150528K, used 83292K [0x0000000080000000, 0x0000000100000000)
  region size 1024K, 6 young (6144K), 1 survivors (1024K)
 Metaspace       used 76283K, committed 78080K, reserved 1179648K
  class space    used 10459K, committed 11392K, reserved 1048576K
}
Event: 8.964 GC heap after
{Heap after GC invocations=33 (full 0):
 garbage-first heap   total 205824K, used 80235K [0x0000000080000000, 0x0000000100000000)
  region size 1024K, 1 young (1024K), 1 survivors (1024K)
 Metaspace       used 76283K, committed 78080K, reserved 1179648K
  class space    used 10459K, committed 11392K, reserved 1048576K
}
Event: 9.438 GC heap before
{Heap before GC invocations=33 (full 0):
 garbage-first heap   total 205824K, used 139627K [0x0000000080000000, 0x0000000100000000)
  region size 1024K, 50 young (51200K), 1 survivors (1024K)
 Metaspace       used 77525K, committed 79360K, reserved 1179648K
  class space    used 10586K, committed 11520K, reserved 1048576K
}
Event: 9.448 GC heap after
{Heap after GC invocations=34 (full 0):
 garbage-first heap   total 205824K, used 105794K [0x0000000080000000, 0x0000000100000000)
  region size 1024K, 11 young (11264K), 11 survivors (11264K)
 Metaspace       used 77525K, committed 79360K, reserved 1179648K
  class space    used 10586K, committed 11520K, reserved 1048576K
}
Event: 9.932 GC heap before
{Heap before GC invocations=35 (full 0):
 garbage-first heap   total 205824K, used 161090K [0x0000000080000000, 0x0000000100000000)
  region size 1024K, 58 young (59392K), 11 survivors (11264K)
 Metaspace       used 80815K, committed 82688K, reserved 1179648K
  class space    used 10939K, committed 11904K, reserved 1048576K
}
Event: 9.941 GC heap after
{Heap after GC invocations=36 (full 0):
 garbage-first heap   total 205824K, used 105875K [0x0000000080000000, 0x0000000100000000)
  region size 1024K, 4 young (4096K), 4 survivors (4096K)
 Metaspace       used 80815K, committed 82688K, reserved 1179648K
  class space    used 10939K, committed 11904K, reserved 1048576K
}
Event: 9.959 GC heap before
{Heap before GC invocations=36 (full 0):
 garbage-first heap   total 205824K, used 112019K [0x0000000080000000, 0x0000000100000000)
  region size 1024K, 10 young (10240K), 4 survivors (4096K)
 Metaspace       used 80823K, committed 82688K, reserved 1179648K
  class space    used 10939K, committed 11904K, reserved 1048576K
}
Event: 9.964 GC heap after
{Heap after GC invocations=37 (full 0):
 garbage-first heap   total 205824K, used 106582K [0x0000000080000000, 0x0000000100000000)
  region size 1024K, 1 young (1024K), 1 survivors (1024K)
 Metaspace       used 80823K, committed 82688K, reserved 1179648K
  class space    used 10939K, committed 11904K, reserved 1048576K
}
Event: 10.258 GC heap before
{Heap before GC invocations=37 (full 0):
 garbage-first heap   total 205824K, used 155734K [0x0000000080000000, 0x0000000100000000)
  region size 1024K, 50 young (51200K), 1 survivors (1024K)
 Metaspace       used 81940K, committed 83776K, reserved 1179648K
  class space    used 11067K, committed 12032K, reserved 1048576K
}
Event: 10.261 GC heap after
{Heap after GC invocations=38 (full 0):
 garbage-first heap   total 205824K, used 109342K [0x0000000080000000, 0x0000000100000000)
  region size 1024K, 4 young (4096K), 4 survivors (4096K)
 Metaspace       used 81940K, committed 83776K, reserved 1179648K
  class space    used 11067K, committed 12032K, reserved 1048576K
}
Event: 10.683 GC heap before
{Heap before GC invocations=39 (full 0):
 garbage-first heap   total 205824K, used 147230K [0x0000000080000000, 0x0000000100000000)
  region size 1024K, 54 young (55296K), 4 survivors (4096K)
 Metaspace       used 84900K, committed 86784K, reserved 1179648K
  class space    used 11439K, committed 12416K, reserved 1048576K
}
Event: 10.689 GC heap after
{Heap after GC invocations=40 (full 0):
 garbage-first heap   total 205824K, used 100383K [0x0000000080000000, 0x0000000100000000)
  region size 1024K, 7 young (7168K), 7 survivors (7168K)
 Metaspace       used 84900K, committed 86784K, reserved 1179648K
  class space    used 11439K, committed 12416K, reserved 1048576K
}
Event: 10.720 GC heap before
{Heap before GC invocations=40 (full 0):
 garbage-first heap   total 205824K, used 103455K [0x0000000080000000, 0x0000000100000000)
  region size 1024K, 10 young (10240K), 7 survivors (7168K)
 Metaspace       used 84980K, committed 86784K, reserved 1179648K
  class space    used 11452K, committed 12416K, reserved 1048576K
}

Deoptimization events (20 events):
Event: 10.204 Thread 0x000001afff6253e0 DEOPT PACKING pc=0x000001af818e0647 sp=0x000000080e5f68c0
Event: 10.204 Thread 0x000001afff6253e0 DEOPT UNPACKING pc=0x000001af80056763 sp=0x000000080e5f5db8 mode 0
Event: 10.206 Thread 0x000001afff6253e0 DEOPT PACKING pc=0x000001af818e0647 sp=0x000000080e5f68c0
Event: 10.206 Thread 0x000001afff6253e0 DEOPT UNPACKING pc=0x000001af80056763 sp=0x000000080e5f5db8 mode 0
Event: 10.335 Thread 0x000001afff6253e0 DEOPT PACKING pc=0x000001af81844f49 sp=0x000000080e5f6f60
Event: 10.337 Thread 0x000001afff6253e0 DEOPT UNPACKING pc=0x000001af80056763 sp=0x000000080e5f6470 mode 0
Event: 10.368 Thread 0x000001afff6253e0 Uncommon trap: trap_request=0xffffffd6 fr.pc=0x000001af880a41b8 relative=0x0000000000000a18
Event: 10.368 Thread 0x000001afff6253e0 Uncommon trap: reason=array_check action=maybe_recompile pc=0x000001af880a41b8 method=com.google.common.collect.RegularImmutableMap.fromEntryArray(I[Ljava/util/Map$Entry;)Lcom/google/common/collect/ImmutableMap; @ 157 c2
Event: 10.368 Thread 0x000001afff6253e0 DEOPT PACKING pc=0x000001af880a41b8 sp=0x000000080e5f6630
Event: 10.368 Thread 0x000001afff6253e0 DEOPT UNPACKING pc=0x000001af80055c23 sp=0x000000080e5f65d0 mode 2
Event: 10.481 Thread 0x000001afff6253e0 Uncommon trap: trap_request=0xffffffd6 fr.pc=0x000001af880a41b8 relative=0x0000000000000a18
Event: 10.481 Thread 0x000001afff6253e0 Uncommon trap: reason=array_check action=maybe_recompile pc=0x000001af880a41b8 method=com.google.common.collect.RegularImmutableMap.fromEntryArray(I[Ljava/util/Map$Entry;)Lcom/google/common/collect/ImmutableMap; @ 157 c2
Event: 10.481 Thread 0x000001afff6253e0 DEOPT PACKING pc=0x000001af880a41b8 sp=0x000000080e5f7d90
Event: 10.481 Thread 0x000001afff6253e0 DEOPT UNPACKING pc=0x000001af80055c23 sp=0x000000080e5f7d30 mode 2
Event: 10.497 Thread 0x000001afd6cc5e00 DEOPT PACKING pc=0x000001af81698a80 sp=0x000000080f5fe6a0
Event: 10.497 Thread 0x000001afd6cc5e00 DEOPT UNPACKING pc=0x000001af80056763 sp=0x000000080f5fdb68 mode 0
Event: 10.560 Thread 0x000001afff6253e0 Uncommon trap: trap_request=0xffffffd6 fr.pc=0x000001af880a41b8 relative=0x0000000000000a18
Event: 10.560 Thread 0x000001afff6253e0 Uncommon trap: reason=array_check action=maybe_recompile pc=0x000001af880a41b8 method=com.google.common.collect.RegularImmutableMap.fromEntryArray(I[Ljava/util/Map$Entry;)Lcom/google/common/collect/ImmutableMap; @ 157 c2
Event: 10.560 Thread 0x000001afff6253e0 DEOPT PACKING pc=0x000001af880a41b8 sp=0x000000080e5f81a0
Event: 10.560 Thread 0x000001afff6253e0 DEOPT UNPACKING pc=0x000001af80055c23 sp=0x000000080e5f8140 mode 2

Classes loaded (20 events):
Event: 9.623 Loading class javax/xml/stream/XMLStreamWriter
Event: 9.623 Loading class javax/xml/stream/XMLStreamWriter done
Event: 9.623 Loading class javax/xml/stream/events/Attribute
Event: 9.623 Loading class javax/xml/stream/events/Attribute done
Event: 9.644 Loading class javax/xml/stream/events/Namespace
Event: 9.644 Loading class javax/xml/stream/events/Namespace done
Event: 9.655 Loading class javax/xml/stream/events/Characters
Event: 9.655 Loading class javax/xml/stream/events/Characters done
Event: 9.656 Loading class java/util/zip/ZipInputStream
Event: 9.656 Loading class java/util/zip/ZipInputStream done
Event: 9.667 Loading class javax/xml/stream/events/EndElement
Event: 9.667 Loading class javax/xml/stream/events/EndElement done
Event: 9.680 Loading class java/nio/file/FileChannelLinesSpliterator
Event: 9.681 Loading class java/nio/file/FileChannelLinesSpliterator done
Event: 9.683 Loading class java/util/stream/Streams$1
Event: 9.683 Loading class java/util/stream/Streams$1 done
Event: 9.691 Loading class java/nio/file/FileChannelLinesSpliterator$1
Event: 9.691 Loading class java/nio/file/FileChannelLinesSpliterator$1 done
Event: 9.762 Loading class java/nio/file/FileTreeWalker$1
Event: 9.762 Loading class java/nio/file/FileTreeWalker$1 done

Classes unloaded (7 events):
Event: 9.526 Thread 0x000001affeb59b10 Unloading class 0x000001af92709c00 'java/lang/invoke/LambdaForm$DMH+0x000001af92709c00'
Event: 9.526 Thread 0x000001affeb59b10 Unloading class 0x000001af92709800 'java/lang/invoke/LambdaForm$DMH+0x000001af92709800'
Event: 9.526 Thread 0x000001affeb59b10 Unloading class 0x000001af92709000 'java/lang/invoke/LambdaForm$DMH+0x000001af92709000'
Event: 9.526 Thread 0x000001affeb59b10 Unloading class 0x000001af92709400 'java/lang/invoke/LambdaForm$DMH+0x000001af92709400'
Event: 9.526 Thread 0x000001affeb59b10 Unloading class 0x000001af92708c00 'java/lang/invoke/LambdaForm$DMH+0x000001af92708c00'
Event: 9.526 Thread 0x000001affeb59b10 Unloading class 0x000001af92708800 'java/lang/invoke/LambdaForm$DMH+0x000001af92708800'
Event: 9.526 Thread 0x000001affeb59b10 Unloading class 0x000001af92708400 'java/lang/invoke/LambdaForm$DMH+0x000001af92708400'

Classes redefined (0 events):
No events

Internal exceptions (20 events):
Event: 8.491 Thread 0x000001afdaf71690 Exception <a 'java/lang/NoSuchMethodError'{0x0000000087ec9d90}: 'java.lang.Object java.lang.invoke.DirectMethodHandle$Holder.invokeSpecialIFC(java.lang.Object, java.lang.Object, java.lang.Object)'> (0x0000000087ec9d90) 
thrown [s\open\src\hotspot\share\interpreter\linkResolver.cpp, line 766]
Event: 8.491 Thread 0x000001afdab53140 Exception <a 'java/lang/NoSuchMethodError'{0x0000000087eb2338}: 'java.lang.Object java.lang.invoke.DirectMethodHandle$Holder.invokeSpecialIFC(java.lang.Object, java.lang.Object, java.lang.Object)'> (0x0000000087eb2338) 
thrown [s\open\src\hotspot\share\interpreter\linkResolver.cpp, line 766]
Event: 8.491 Thread 0x000001afdab574a0 Exception <a 'java/lang/NoSuchMethodError'{0x0000000087ec2b18}: 'java.lang.Object java.lang.invoke.DirectMethodHandle$Holder.invokeSpecialIFC(java.lang.Object, java.lang.Object, java.lang.Object)'> (0x0000000087ec2b18) 
thrown [s\open\src\hotspot\share\interpreter\linkResolver.cpp, line 766]
Event: 8.885 Thread 0x000001afdb0e8ec0 Implicit null exception at 0x000001af87c8efdb to 0x000001af87c8f070
Event: 9.047 Thread 0x000001afd6f2d0c0 Implicit null exception at 0x000001af87b8ae64 to 0x000001af87b8b030
Event: 9.506 Thread 0x000001afd6f2d0c0 Exception <a 'java/lang/NoSuchMethodError'{0x000000008c77fac0}: static Lcom/android/ide/common/resources/CompileResourceRequest;.<clinit>()V> (0x000000008c77fac0) 
thrown [s\open\src\hotspot\share\prims\jni.cpp, line 1104]
Event: 9.511 Thread 0x000001afd6f2d0c0 Exception <a 'java/lang/NoSuchMethodError'{0x000000008c7dfb18}: static [Ljava/lang/Object;.<clinit>()V> (0x000000008c7dfb18) 
thrown [s\open\src\hotspot\share\prims\jni.cpp, line 1104]
Event: 9.513 Thread 0x000001afd6f2d0c0 Exception <a 'java/lang/NoSuchMethodError'{0x000000008c7fe4c0}: static Lkotlin/InitializedLazyImpl;.<clinit>()V> (0x000000008c7fe4c0) 
thrown [s\open\src\hotspot\share\prims\jni.cpp, line 1104]
Event: 9.896 Thread 0x000001afd6f2da60 Exception <a 'java/lang/NoSuchMethodError'{0x0000000089eaf288}: static Lcom/android/build/gradle/internal/scope/InternalArtifactType;.<clinit>()V> (0x0000000089eaf288) 
thrown [s\open\src\hotspot\share\prims\jni.cpp, line 1104]
Event: 9.896 Thread 0x000001afd6f2da60 Exception <a 'java/lang/NoSuchMethodError'{0x0000000089eb06c8}: static Lcom/android/build/gradle/internal/scope/InternalArtifactType;.<clinit>()V> (0x0000000089eb06c8) 
thrown [s\open\src\hotspot\share\prims\jni.cpp, line 1104]
Event: 9.896 Thread 0x000001afd6f2da60 Exception <a 'java/lang/NoSuchMethodError'{0x0000000089eb30f0}: static Lcom/android/build/api/artifact/Artifact$Single;.<clinit>()V> (0x0000000089eb30f0) 
thrown [s\open\src\hotspot\share\prims\jni.cpp, line 1104]
Event: 9.896 Thread 0x000001afd6f2da60 Exception <a 'java/lang/NoSuchMethodError'{0x0000000089eb54f8}: static Ljava/lang/Object;.<clinit>()V> (0x0000000089eb54f8) 
thrown [s\open\src\hotspot\share\prims\jni.cpp, line 1104]
Event: 9.897 Thread 0x000001afd6f2da60 Exception <a 'java/lang/NoSuchMethodError'{0x0000000089ecaa78}: static Lcom/android/build/api/artifact/ArtifactKind;.<clinit>()V> (0x0000000089ecaa78) 
thrown [s\open\src\hotspot\share\prims\jni.cpp, line 1104]
Event: 9.897 Thread 0x000001afd6f2da60 Exception <a 'java/lang/NoSuchMethodError'{0x0000000089ecbae8}: static Lcom/android/build/api/artifact/ArtifactKind;.<clinit>()V> (0x0000000089ecbae8) 
thrown [s\open\src\hotspot\share\prims\jni.cpp, line 1104]
Event: 9.987 Thread 0x000001afdb0e6d10 Implicit null exception at 0x000001af8806d43e to 0x000001af8806d754
Event: 10.110 Thread 0x000001afd6f2da60 Exception <a 'java/lang/NoSuchMethodError'{0x000000008b272a20}: static Lcom/android/builder/internal/aapt/AaptOptions;.<clinit>()V> (0x000000008b272a20) 
thrown [s\open\src\hotspot\share\prims\jni.cpp, line 1104]
Event: 10.112 Thread 0x000001afd6f2da60 Exception <a 'java/lang/NoSuchMethodError'{0x000000008b294be8}: static Ljava/lang/Object;.<clinit>()V> (0x000000008b294be8) 
thrown [s\open\src\hotspot\share\prims\jni.cpp, line 1104]
Event: 10.113 Thread 0x000001afd6f2da60 Exception <a 'java/lang/NoSuchMethodError'{0x000000008b2b92c8}: static Lcom/android/build/api/variant/impl/VariantOutputImpl$SerializedForm;.<clinit>()V> (0x000000008b2b92c8) 
thrown [s\open\src\hotspot\share\prims\jni.cpp, line 1104]
Event: 10.113 Thread 0x000001afd6f2da60 Exception <a 'java/lang/NoSuchMethodError'{0x000000008b2cc3f8}: static Lcom/android/build/api/variant/impl/VariantOutputConfigurationImpl;.<clinit>()V> (0x000000008b2cc3f8) 
thrown [s\open\src\hotspot\share\prims\jni.cpp, line 1104]
Event: 10.186 Thread 0x000001afff6253e0 Exception <a 'java/lang/NoSuchMethodError'{0x000000008a4fee38}: 'int java.lang.invoke.DirectMethodHandle$Holder.invokeSpecial(java.lang.Object, java.lang.Object, java.lang.Object, java.lang.Object, java.lang.Object)'> (0x000000008a4fee38) 
thrown [s\open\src\hotspot\share\interpreter\linkResolver.cpp, line 766]

VM Operations (20 events):
Event: 9.852 Executing VM operation: ICBufferFull done
Event: 9.910 Executing VM operation: HandshakeAllThreads
Event: 9.910 Executing VM operation: HandshakeAllThreads done
Event: 9.932 Executing VM operation: G1CollectForAllocation
Event: 9.942 Executing VM operation: G1CollectForAllocation done
Event: 9.959 Executing VM operation: G1CollectForAllocation
Event: 9.965 Executing VM operation: G1CollectForAllocation done
Event: 10.090 Executing VM operation: ICBufferFull
Event: 10.090 Executing VM operation: ICBufferFull done
Event: 10.184 Executing VM operation: HandshakeAllThreads
Event: 10.184 Executing VM operation: HandshakeAllThreads done
Event: 10.257 Executing VM operation: G1CollectForAllocation
Event: 10.262 Executing VM operation: G1CollectForAllocation done
Event: 10.346 Executing VM operation: G1Concurrent
Event: 10.352 Executing VM operation: G1Concurrent done
Event: 10.390 Executing VM operation: G1Concurrent
Event: 10.391 Executing VM operation: G1Concurrent done
Event: 10.683 Executing VM operation: G1CollectForAllocation
Event: 10.689 Executing VM operation: G1CollectForAllocation done
Event: 10.720 Executing VM operation: G1CollectForAllocation

Events (20 events):
Event: 9.621 Thread 0x000001affeb8ba20 flushing nmethod 0x000001af80c89590
Event: 9.622 Thread 0x000001affeb8ba20 flushing nmethod 0x000001af80dcb910
Event: 9.622 Thread 0x000001affeb8ba20 flushing nmethod 0x000001af80e78a90
Event: 9.622 Thread 0x000001affeb8ba20 flushing nmethod 0x000001af80ea0190
Event: 9.622 Thread 0x000001affeb8ba20 flushing nmethod 0x000001af80ea5910
Event: 9.622 Thread 0x000001affeb8ba20 flushing nmethod 0x000001af80ea8490
Event: 9.622 Thread 0x000001affeb8ba20 flushing nmethod 0x000001af80eedc10
Event: 9.623 Thread 0x000001affeb8ba20 flushing nmethod 0x000001af80fa0890
Event: 9.623 Thread 0x000001affeb8ba20 flushing nmethod 0x000001af8100f590
Event: 9.624 Thread 0x000001affeb8ba20 flushing nmethod 0x000001af8115f810
Event: 9.626 Thread 0x000001affeb8ba20 flushing nmethod 0x000001af814fd590
Event: 9.627 Thread 0x000001affeb8ba20 flushing nmethod 0x000001af815af590
Event: 9.627 Thread 0x000001affeb8ba20 flushing nmethod 0x000001af815b1f90
Event: 9.627 Thread 0x000001affeb8ba20 flushing nmethod 0x000001af815b2410
Event: 9.627 Thread 0x000001affeb8ba20 flushing nmethod 0x000001af815c4590
Event: 9.627 Thread 0x000001affeb8ba20 flushing nmethod 0x000001af815cc010
Event: 9.627 Thread 0x000001affeb8ba20 flushing nmethod 0x000001af81616010
Event: 9.627 Thread 0x000001affeb8ba20 flushing nmethod 0x000001af8163ee10
Event: 9.645 Thread 0x000001afdb3813a0 Thread added: 0x000001afdb3813a0
Event: 10.115 Thread 0x000001afda8ae670 Thread added: 0x000001afda8ae670


Dynamic libraries:
0x00007ff789880000 - 0x00007ff789890000 	C:\Program Files\Java\jdk-18.0.1.1\bin\java.exe
0x00007fff42a90000 - 0x00007fff42c87000 	C:\Windows\SYSTEM32\ntdll.dll
0x00007fff41590000 - 0x00007fff4164d000 	C:\Windows\System32\KERNEL32.DLL
0x00007fff40380000 - 0x00007fff4064d000 	C:\Windows\System32\KERNELBASE.dll
0x00007fff40250000 - 0x00007fff40350000 	C:\Windows\System32\ucrtbase.dll
0x00007fff36500000 - 0x00007fff36518000 	C:\Program Files\Java\jdk-18.0.1.1\bin\jli.dll
0x00007fff35550000 - 0x00007fff3556a000 	C:\Program Files\Java\jdk-18.0.1.1\bin\VCRUNTIME140.dll
0x00007fff42080000 - 0x00007fff4212e000 	C:\Windows\System32\ADVAPI32.dll
0x00007fff41780000 - 0x00007fff4181e000 	C:\Windows\System32\msvcrt.dll
0x00007fff416b0000 - 0x00007fff4174c000 	C:\Windows\System32\sechost.dll
0x00007fff41e70000 - 0x00007fff41f95000 	C:\Windows\System32\RPCRT4.dll
0x00007fff413f0000 - 0x00007fff41590000 	C:\Windows\System32\USER32.dll
0x00007fff40220000 - 0x00007fff40242000 	C:\Windows\System32\win32u.dll
0x00007fff261b0000 - 0x00007fff2644a000 	C:\Windows\WinSxS\amd64_microsoft.windows.common-controls_6595b64144ccf1df_6.0.19041.1110_none_60b5254171f9507e\COMCTL32.dll
0x00007fff42130000 - 0x00007fff4215a000 	C:\Windows\System32\GDI32.dll
0x00007fff40930000 - 0x00007fff40a3b000 	C:\Windows\System32\gdi32full.dll
0x00007fff40890000 - 0x00007fff4092d000 	C:\Windows\System32\msvcp_win.dll
0x00007fff2e5c0000 - 0x00007fff2e5ca000 	C:\Windows\SYSTEM32\VERSION.dll
0x00007fff41750000 - 0x00007fff41780000 	C:\Windows\System32\IMM32.DLL
0x00007fff37e80000 - 0x00007fff37e8c000 	C:\Program Files\Java\jdk-18.0.1.1\bin\vcruntime140_1.dll
0x00007fff23f30000 - 0x00007fff23fbd000 	C:\Program Files\Java\jdk-18.0.1.1\bin\msvcp140.dll
0x00007ffee8db0000 - 0x00007ffee99c0000 	C:\Program Files\Java\jdk-18.0.1.1\bin\server\jvm.dll
0x00007fff427a0000 - 0x00007fff427a8000 	C:\Windows\System32\PSAPI.DLL
0x00007fff13c30000 - 0x00007fff13c39000 	C:\Windows\SYSTEM32\WSOCK32.dll
0x00007fff254f0000 - 0x00007fff25517000 	C:\Windows\SYSTEM32\WINMM.dll
0x00007fff42810000 - 0x00007fff4287b000 	C:\Windows\System32\WS2_32.dll
0x00007fff3e9f0000 - 0x00007fff3ea02000 	C:\Windows\SYSTEM32\kernel.appcore.dll
0x00007fff33560000 - 0x00007fff3356a000 	C:\Program Files\Java\jdk-18.0.1.1\bin\jimage.dll
0x00007fff3e550000 - 0x00007fff3e734000 	C:\Windows\SYSTEM32\DBGHELP.DLL
0x00007fff2ed80000 - 0x00007fff2edac000 	C:\Windows\SYSTEM32\dbgcore.DLL
0x00007fff40650000 - 0x00007fff406d2000 	C:\Windows\System32\bcryptPrimitives.dll
0x00007fff331f0000 - 0x00007fff33215000 	C:\Program Files\Java\jdk-18.0.1.1\bin\java.dll
0x00007fff23e50000 - 0x00007fff23f26000 	C:\Program Files\Java\jdk-18.0.1.1\bin\jsvml.dll
0x00007fff40ca0000 - 0x00007fff413e4000 	C:\Windows\System32\SHELL32.dll
0x00007fff3dcf0000 - 0x00007fff3e484000 	C:\Windows\SYSTEM32\windows.storage.dll
0x00007fff42310000 - 0x00007fff42664000 	C:\Windows\System32\combase.dll
0x00007fff3fc10000 - 0x00007fff3fc3c000 	C:\Windows\SYSTEM32\Wldp.dll
0x00007fff42200000 - 0x00007fff422ad000 	C:\Windows\System32\SHCORE.dll
0x00007fff422b0000 - 0x00007fff42305000 	C:\Windows\System32\shlwapi.dll
0x00007fff400f0000 - 0x00007fff4010f000 	C:\Windows\SYSTEM32\profapi.dll
0x00007fff33540000 - 0x00007fff33553000 	C:\Program Files\Java\jdk-18.0.1.1\bin\net.dll
0x00007fff36860000 - 0x00007fff3696a000 	C:\Windows\SYSTEM32\WINHTTP.dll
0x00007fff3f950000 - 0x00007fff3f9ba000 	C:\Windows\system32\mswsock.dll
0x00007fff331d0000 - 0x00007fff331e6000 	C:\Program Files\Java\jdk-18.0.1.1\bin\nio.dll
0x00007fff331b0000 - 0x00007fff331c8000 	C:\Program Files\Java\jdk-18.0.1.1\bin\zip.dll
0x00007fff331a0000 - 0x00007fff331b0000 	C:\Program Files\Java\jdk-18.0.1.1\bin\verify.dll
0x00007fff23b40000 - 0x00007fff23b67000 	C:\Program Files\Android\gradle-7.3.3\native\e1d6ef7f7dcc3fd88c89a11ec53ec762bb8ba0a96d01ffa2cd45eb1d1d8dd5c5\windows-amd64\native-platform.dll
0x00007fff0c500000 - 0x00007fff0c644000 	C:\Program Files\Android\gradle-7.3.3\native\5664cfc778a61ccfe75a443a1ab52a65af34e5dc3c78e0209fed803814484fcb\windows-amd64\native-platform-file-events.dll
0x00007fff2f750000 - 0x00007fff2f759000 	C:\Program Files\Java\jdk-18.0.1.1\bin\management.dll
0x00007fff2f740000 - 0x00007fff2f74b000 	C:\Program Files\Java\jdk-18.0.1.1\bin\management_ext.dll
0x00007fff3fb60000 - 0x00007fff3fb78000 	C:\Windows\SYSTEM32\CRYPTSP.dll
0x00007fff3f240000 - 0x00007fff3f274000 	C:\Windows\system32\rsaenh.dll
0x00007fff40350000 - 0x00007fff40377000 	C:\Windows\System32\bcrypt.dll
0x00007fff40070000 - 0x00007fff4009e000 	C:\Windows\SYSTEM32\USERENV.dll
0x00007fff3fb80000 - 0x00007fff3fb8c000 	C:\Windows\SYSTEM32\CRYPTBASE.dll
0x00007fff3f5e0000 - 0x00007fff3f61b000 	C:\Windows\SYSTEM32\IPHLPAPI.DLL
0x00007fff41970000 - 0x00007fff41978000 	C:\Windows\System32\NSI.dll
0x00007fff317a0000 - 0x00007fff317b7000 	C:\Windows\SYSTEM32\dhcpcsvc6.DLL
0x00007fff338a0000 - 0x00007fff338bd000 	C:\Windows\SYSTEM32\dhcpcsvc.DLL
0x00007fff3f640000 - 0x00007fff3f70b000 	C:\Windows\SYSTEM32\DNSAPI.dll
0x00007fff3eef0000 - 0x00007fff3ef23000 	C:\Windows\SYSTEM32\ntmarta.dll

dbghelp: loaded successfully - version: 4.0.5 - missing functions: none
symbol engine: initialized successfully - sym options: 0x614 - pdb path: .;C:\Program Files\Java\jdk-18.0.1.1\bin;C:\Windows\SYSTEM32;C:\Windows\WinSxS\amd64_microsoft.windows.common-controls_6595b64144ccf1df_6.0.19041.1110_none_60b5254171f9507e;C:\Program Files\Java\jdk-18.0.1.1\bin\server;C:\Program Files\Android\gradle-7.3.3\native\e1d6ef7f7dcc3fd88c89a11ec53ec762bb8ba0a96d01ffa2cd45eb1d1d8dd5c5\windows-amd64;C:\Program Files\Android\gradle-7.3.3\native\5664cfc778a61ccfe75a443a1ab52a65af34e5dc3c78e0209fed803814484fcb\windows-amd64

VM Arguments:
jvm_args: --add-opens=java.base/java.util=ALL-UNNAMED --add-opens=java.base/java.lang=ALL-UNNAMED --add-opens=java.base/java.lang.invoke=ALL-UNNAMED --add-opens=java.base/java.util=ALL-UNNAMED --add-opens=java.prefs/java.util.prefs=ALL-UNNAMED --add-opens=java.prefs/java.util.prefs=ALL-UNNAMED --add-opens=java.base/java.nio.charset=ALL-UNNAMED --add-opens=java.base/java.net=ALL-UNNAMED --add-opens=java.base/java.util.concurrent.atomic=ALL-UNNAMED -Xmx2048m -Dfile.encoding=UTF-8 -Duser.country=IN -Duser.language=en -Duser.variant 
java_command: org.gradle.launcher.daemon.bootstrap.GradleDaemon 7.3.3
java_class_path (initial): C:\Program Files\Android\gradle-7.3.3\lib\gradle-launcher-7.3.3.jar
Launcher Type: SUN_STANDARD

[Global flags]
     intx CICompilerCount                          = 4                                         {product} {ergonomic}
     uint ConcGCThreads                            = 2                                         {product} {ergonomic}
     uint G1ConcRefinementThreads                  = 8                                         {product} {ergonomic}
   size_t G1HeapRegionSize                         = 1048576                                   {product} {ergonomic}
    uintx GCDrainStackTargetSize                   = 64                                        {product} {ergonomic}
   size_t InitialHeapSize                          = 132120576                                 {product} {ergonomic}
   size_t MarkStackSize                            = 4194304                                   {product} {ergonomic}
   size_t MaxHeapSize                              = 2147483648                                {product} {command line}
   size_t MaxNewSize                               = 1287651328                                {product} {ergonomic}
   size_t MinHeapDeltaBytes                        = 1048576                                   {product} {ergonomic}
   size_t MinHeapSize                              = 8388608                                   {product} {ergonomic}
    uintx NonNMethodCodeHeapSize                   = 5839372                                {pd product} {ergonomic}
    uintx NonProfiledCodeHeapSize                  = 122909434                              {pd product} {ergonomic}
    uintx ProfiledCodeHeapSize                     = 122909434                              {pd product} {ergonomic}
    uintx ReservedCodeCacheSize                    = 251658240                              {pd product} {ergonomic}
     bool SegmentedCodeCache                       = true                                      {product} {ergonomic}
   size_t SoftMaxHeapSize                          = 2147483648                             {manageable} {ergonomic}
     bool UseCompressedClassPointers               = true                           {product lp64_product} {ergonomic}
     bool UseCompressedOops                        = true                           {product lp64_product} {ergonomic}
     bool UseG1GC                                  = true                                      {product} {ergonomic}
     bool UseLargePagesIndividualAllocation        = false                                  {pd product} {ergonomic}

Logging:
Log output configuration:
 #0: stdout all=warning uptime,level,tags foldmultilines=false
 #1: stderr all=off uptime,level,tags foldmultilines=false

Environment Variables:
JAVA_HOME=C:\Program Files\Java\jdk-18.0.1.1
PATH=C:\Program Files\Common Files\Oracle\Java\javapath;C:\Windows\system32;C:\Windows;C:\Windows\System32\Wbem;C:\Windows\System32\WindowsPowerShell\v1.0\;C:\Windows\System32\OpenSSH\;C:\Program Files\Git\cmd;C:\Users\suraj\AppData\Local\Microsoft\WindowsApps
USERNAME=suraj
OS=Windows_NT
PROCESSOR_IDENTIFIER=Intel64 Family 6 Model 140 Stepping 1, GenuineIntel



---------------  S Y S T E M  ---------------

OS:
 Windows 10 , 64 bit Build 19041 (10.0.19041.1741)
OS uptime: 0 days 2:51 hours
Hyper-V role detected

CPU: total 8 (initial active 8) (4 cores per cpu, 2 threads per core) family 6 model 140 stepping 1 microcode 0x86, cx8, cmov, fxsr, ht, mmx, 3dnowpref, sse, sse2, sse3, ssse3, sse4.1, sse4.2, popcnt, lzcnt, tsc, tscinvbit, avx, avx2, aes, erms, clmul, bmi1, bmi2, adx, avx512f, avx512dq, avx512cd, avx512bw, avx512vl, sha, fma, vzeroupper, avx512_vpopcntdq, avx512_vpclmulqdq, avx512_vaes, avx512_vnni, clflush, clflushopt, clwb, avx512_vbmi2, avx512_vbmi, hv

Memory: 4k page, system-wide physical 7987M (531M free)
TotalPageFile size 7987M (AvailPageFile size 113M)
current process WorkingSet (physical memory assigned to process): 468M, peak: 468M
current process commit charge ("private bytes"): 512M, peak: 662M

vm_info: Java HotSpot(TM) 64-Bit Server VM (18.0.1.1+2-6) for windows-amd64 JRE (18.0.1.1+2-6), built on Apr 25 2022 21:53:15 by "mach5one" with MS VC++ 16.8 / 16.9 (VS2019)

END.
